#
# There is insufficient memory for the Java Runtime Environment to continue.
# Native memory allocation (mmap) failed to map 270008320 bytes for committing reserved memory.
# Possible reasons:
#   The system is out of physical RAM or swap space
#   The process is running with CompressedOops enabled, and the Java Heap may be blocking the growth of the native heap
# Possible solutions:
#   Reduce memory load on the system
#   Increase physical memory or swap space
#   Check if swap backing store is full
#   Decrease Java heap size (-Xmx/-Xms)
#   Decrease number of Java threads
#   Decrease Java thread stack sizes (-Xss)
#   Set larger code cache with -XX:ReservedCodeCacheSize=
#   JVM is running with Zero Based Compressed Oops mode in which the Java heap is
#     placed in the first 32GB address space. The Java Heap base address is the
#     maximum limit for the native heap growth. Please use -XX:HeapBaseMinAddress
#     to set the Java Heap base and to place the Java Heap above 32GB virtual address.
# This output file may be truncated or incomplete.
#
#  Out of Memory Error (os_linux.cpp:2753), pid=14955, tid=0x00007f3c8a71e700
#
# JRE version: OpenJDK Runtime Environment (8.0_202) (build 1.8.0_202-release-1483-b49-5587405)
# Java VM: OpenJDK 64-Bit Server VM (25.202-b49-5587405 mixed mode linux-amd64 compressed oops)
# Failed to write core dump. Core dumps have been disabled. To enable core dumping, try "ulimit -c unlimited" before starting Java again
#

---------------  T H R E A D  ---------------

Current thread (0x00007f3ca007c800):  VMThread [stack: 0x00007f3c8a61f000,0x00007f3c8a71f000] [id=14965]

Stack: [0x00007f3c8a61f000,0x00007f3c8a71f000],  sp=0x00007f3c8a71d530,  free space=1017k
Native frames: (J=compiled Java code, j=interpreted, Vv=VM code, C=native code)
V  [libjvm.so+0xa08b78]  VMError::report_and_die()+0x148
V  [libjvm.so+0x4d412a]  report_vm_out_of_memory(char const*, int, unsigned long, VMErrorType, char const*)+0x8a
V  [libjvm.so+0x870478]  os::pd_commit_memory(char*, unsigned long, unsigned long, bool)+0xd8
V  [libjvm.so+0x867f9f]  os::commit_memory(char*, unsigned long, unsigned long, bool)+0x1f
V  [libjvm.so+0x8e14eb]  PSVirtualSpace::expand_by(unsigned long)+0x5b
V  [libjvm.so+0x8d234b]  PSOldGen::expand_by(unsigned long) [clone .part.109]+0x1b
V  [libjvm.so+0x8d250b]  PSOldGen::expand(unsigned long) [clone .part.111]+0xdb
V  [libjvm.so+0x8d2de8]  PSOldGen::resize(unsigned long)+0x188
V  [libjvm.so+0x8d83cc]  PSParallelCompact::invoke_no_policy(bool)+0x94c
V  [libjvm.so+0x8df48d]  PSScavenge::invoke()+0x17d
V  [libjvm.so+0x893763]  ParallelScavengeHeap::failed_mem_allocate(unsigned long)+0x63
V  [libjvm.so+0xa0a644]  VM_ParallelGCFailedAllocation::doit()+0x84
V  [libjvm.so+0xa0ea17]  VM_Operation::evaluate()+0x47
V  [libjvm.so+0xa0d498]  VMThread::evaluate_operation(VM_Operation*)+0x218
V  [libjvm.so+0xa0d8d1]  VMThread::loop()+0x1f1
V  [libjvm.so+0xa0dd02]  VMThread::run()+0x72
V  [libjvm.so+0x86d652]  java_start(Thread*)+0xf2

VM_Operation (0x00007f3c89040c90): ParallelGCFailedAllocation, mode: safepoint, requested by thread 0x00007f3ca01a1000


---------------  P R O C E S S  ---------------

Java Threads: ( => current thread )
  0x00007f3ca01a1000 JavaThread "pool-2-thread-4" [_thread_blocked, id=14978, stack(0x00007f3c88f42000,0x00007f3c89043000)]
  0x00007f3ca019f800 JavaThread "pool-2-thread-3" [_thread_blocked, id=14977, stack(0x00007f3c89043000,0x00007f3c89144000)]
  0x00007f3ca019d800 JavaThread "pool-2-thread-2" [_thread_blocked, id=14976, stack(0x00007f3c89144000,0x00007f3c89245000)]
  0x00007f3ca019b800 JavaThread "pool-3-thread-1" [_thread_blocked, id=14975, stack(0x00007f3c89245000,0x00007f3c89346000)]
  0x00007f3ca019a000 JavaThread "pool-2-thread-1" [_thread_blocked, id=14974, stack(0x00007f3c89346000,0x00007f3c89447000)]
  0x00007f3ca00cc800 JavaThread "Service Thread" daemon [_thread_blocked, id=14972, stack(0x00007f3c89548000,0x00007f3c89649000)]
  0x00007f3ca00c1800 JavaThread "C1 CompilerThread2" daemon [_thread_blocked, id=14971, stack(0x00007f3c8964a000,0x00007f3c8974a000)]
  0x00007f3ca00bf800 JavaThread "C2 CompilerThread1" daemon [_thread_blocked, id=14970, stack(0x00007f3c8974b000,0x00007f3c8984b000)]
  0x00007f3ca00bc800 JavaThread "C2 CompilerThread0" daemon [_thread_blocked, id=14969, stack(0x00007f3c8984c000,0x00007f3c8994c000)]
  0x00007f3ca00b8800 JavaThread "Signal Dispatcher" daemon [_thread_blocked, id=14968, stack(0x00007f3c8994c000,0x00007f3c89a4d000)]
  0x00007f3ca0088800 JavaThread "Finalizer" daemon [_thread_blocked, id=14967, stack(0x00007f3c8a41c000,0x00007f3c8a51d000)]
  0x00007f3ca0086000 JavaThread "Reference Handler" daemon [_thread_blocked, id=14966, stack(0x00007f3c8a51d000,0x00007f3c8a61e000)]
  0x00007f3ca000e800 JavaThread "main" [_thread_blocked, id=14960, stack(0x00007f3ca7330000,0x00007f3ca7430000)]

Other Threads:
=>0x00007f3ca007c800 VMThread [stack: 0x00007f3c8a61f000,0x00007f3c8a71f000] [id=14965]
  0x00007f3ca00cf000 WatcherThread [stack: 0x00007f3c89448000,0x00007f3c89548000] [id=14973]

VM state:at safepoint (normal execution)

VM Mutex/Monitor currently owned by a thread:  ([mutex/lock_event])
[0x00007f3ca000a9e0] ExpandHeap_lock - owner thread: 0x00007f3ca007c800
[0x00007f3ca000b060] Threads_lock - owner thread: 0x00007f3ca007c800
[0x00007f3ca000b560] Heap_lock - owner thread: 0x00007f3ca01a1000

heap address: 0x00000006c0000000, size: 4096 MB, Compressed Oops mode: Zero based, Oop shift amount: 3
Narrow klass base: 0x0000000000000000, Narrow klass shift: 3
Compressed class space size: 1073741824 Address: 0x00000007c0000000

Heap:
 PSYoungGen      total 807424K, used 137622K [0x000000076ab00000, 0x00000007b4800000, 0x00000007c0000000)
  eden space 524288K, 0% used [0x000000076ab00000,0x000000076ab00000,0x000000078ab00000)
  from space 283136K, 48% used [0x000000078ab00000,0x0000000793165bc8,0x000000079bf80000)
  to   space 299520K, 0% used [0x00000007a2380000,0x00000007a2380000,0x00000007b4800000)
 ParOldGen       total 580096K, used 578535K [0x00000006c0000000, 0x00000006e3680000, 0x000000076ab00000)
  object space 580096K, 99% used [0x00000006c0000000,0x00000006e34f9f78,0x00000006e3680000)
 Metaspace       used 6653K, capacity 7344K, committed 7552K, reserved 1056768K
  class space    used 599K, capacity 616K, committed 640K, reserved 1048576K

Card table byte_map: [0x00007f3ca434a000,0x00007f3ca4b4b000] byte_map_base: 0x00007f3ca0d4a000

Marking Bits: (ParMarkBitMap*) 0x00007f3ca69fe920
 Begin Bits: [0x00007f3c6c000000, 0x00007f3c70000000)
 End Bits:   [0x00007f3c70000000, 0x00007f3c74000000)

Polling page: 0x00007f3ca7458000

CodeCache: size=245760Kb used=12867Kb max_used=12881Kb free=232892Kb
 bounds [0x00007f3c91000000, 0x00007f3c91ce0000, 0x00007f3ca0000000]
 total_blobs=2704 nmethods=2431 adapters=187
 compilation: enabled

Compilation events (10 events):
Event: 28.356 Thread 0x00007f3ca00bc800 nmethod 823% 0x00007f3c91417a90 code [0x00007f3c91417c20, 0x00007f3c914182c8]
Event: 28.356 Thread 0x00007f3ca00bc800 2936       4       com.android.dx.ssa.SsaMethod::forEachInsn (36 bytes)
Event: 28.375 Thread 0x00007f3ca00c1800 2938 %     3       com.android.dx.rop.code.RegisterSpecList::indexOfRegister @ 7 (38 bytes)
Event: 28.376 Thread 0x00007f3ca00c1800 nmethod 2938% 0x00007f3c9144e210 code [0x00007f3c9144e3c0, 0x00007f3c9144ea88]
Event: 28.428 Thread 0x00007f3ca00bf800 nmethod 2928 0x00007f3c912375d0 code [0x00007f3c91237880, 0x00007f3c912394d8]
Event: 28.428 Thread 0x00007f3ca00bf800 2925       4       com.android.dx.ssa.SsaMethod::getUseListCopy (56 bytes)
Event: 28.441 Thread 0x00007f3ca00bf800 nmethod 2925 0x00007f3c91197810 code [0x00007f3c911979a0, 0x00007f3c91197f68]
Event: 28.441 Thread 0x00007f3ca00bf800 2924       4       com.android.dx.cf.code.Ropper::labelToResultIndex (47 bytes)
Event: 28.456 Thread 0x00007f3ca00bf800 nmethod 2924 0x00007f3c911bdcd0 code [0x00007f3c911bde40, 0x00007f3c911be0d8]
Event: 28.456 Thread 0x00007f3ca00bf800 2939       4       com.android.dx.ssa.back.IdenticalBlockCombiner::process (323 bytes)

GC Heap History (10 events):
Event: 20.075 GC heap after
Heap after GC invocations=19 (full 3):
 PSYoungGen      total 697344K, used 129580K [0x000000076ab00000, 0x00000007a3400000, 0x00000007c0000000)
  eden space 509952K, 0% used [0x000000076ab00000,0x000000076ab00000,0x0000000789d00000)
  from space 187392K, 69% used [0x0000000795e80000,0x000000079dd0b3e8,0x00000007a1580000)
  to   space 198144K, 0% used [0x0000000789d00000,0x0000000789d00000,0x0000000795e80000)
 ParOldGen       total 376320K, used 376238K [0x00000006c0000000, 0x00000006d6f80000, 0x000000076ab00000)
  object space 376320K, 99% used [0x00000006c0000000,0x00000006d6f6ba60,0x00000006d6f80000)
 Metaspace       used 6642K, capacity 7344K, committed 7552K, reserved 1056768K
  class space    used 598K, capacity 616K, committed 640K, reserved 1048576K
}
Event: 20.075 GC heap before
{Heap before GC invocations=20 (full 4):
 PSYoungGen      total 697344K, used 129580K [0x000000076ab00000, 0x00000007a3400000, 0x00000007c0000000)
  eden space 509952K, 0% used [0x000000076ab00000,0x000000076ab00000,0x0000000789d00000)
  from space 187392K, 69% used [0x0000000795e80000,0x000000079dd0b3e8,0x00000007a1580000)
  to   space 198144K, 0% used [0x0000000789d00000,0x0000000789d00000,0x0000000795e80000)
 ParOldGen       total 376320K, used 376238K [0x00000006c0000000, 0x00000006d6f80000, 0x000000076ab00000)
  object space 376320K, 99% used [0x00000006c0000000,0x00000006d6f6ba60,0x00000006d6f80000)
 Metaspace       used 6642K, capacity 7344K, committed 7552K, reserved 1056768K
  class space    used 598K, capacity 616K, committed 640K, reserved 1048576K
Event: 23.171 GC heap after
Heap after GC invocations=20 (full 4):
 PSYoungGen      total 697344K, used 120171K [0x000000076ab00000, 0x00000007a3400000, 0x00000007c0000000)
  eden space 509952K, 0% used [0x000000076ab00000,0x000000076ab00000,0x0000000789d00000)
  from space 187392K, 64% used [0x0000000795e80000,0x000000079d3dae30,0x00000007a1580000)
  to   space 198144K, 0% used [0x0000000789d00000,0x0000000789d00000,0x0000000795e80000)
 ParOldGen       total 580096K, used 376120K [0x00000006c0000000, 0x00000006e3680000, 0x000000076ab00000)
  object space 580096K, 64% used [0x00000006c0000000,0x00000006d6f4e1c8,0x00000006e3680000)
 Metaspace       used 6642K, capacity 7344K, committed 7552K, reserved 1056768K
  class space    used 598K, capacity 616K, committed 640K, reserved 1048576K
}
Event: 24.624 GC heap before
{Heap before GC invocations=21 (full 4):
 PSYoungGen      total 697344K, used 630123K [0x000000076ab00000, 0x00000007a3400000, 0x00000007c0000000)
  eden space 509952K, 100% used [0x000000076ab00000,0x0000000789d00000,0x0000000789d00000)
  from space 187392K, 64% used [0x0000000795e80000,0x000000079d3dae30,0x00000007a1580000)
  to   space 198144K, 0% used [0x0000000789d00000,0x0000000789d00000,0x0000000795e80000)
 ParOldGen       total 580096K, used 376120K [0x00000006c0000000, 0x00000006e3680000, 0x000000076ab00000)
  object space 580096K, 64% used [0x00000006c0000000,0x00000006d6f4e1c8,0x00000006e3680000)
 Metaspace       used 6645K, capacity 7344K, committed 7552K, reserved 1056768K
  class space    used 598K, capacity 616K, committed 640K, reserved 1048576K
Event: 24.926 GC heap after
Heap after GC invocations=21 (full 4):
 PSYoungGen      total 708096K, used 192016K [0x000000076ab00000, 0x00000007a9f80000, 0x00000007c0000000)
  eden space 509952K, 0% used [0x000000076ab00000,0x000000076ab00000,0x0000000789d00000)
  from space 198144K, 96% used [0x0000000789d00000,0x00000007958840b0,0x0000000795e80000)
  to   space 229376K, 0% used [0x000000079bf80000,0x000000079bf80000,0x00000007a9f80000)
 ParOldGen       total 580096K, used 376120K [0x00000006c0000000, 0x00000006e3680000, 0x000000076ab00000)
  object space 580096K, 64% used [0x00000006c0000000,0x00000006d6f4e1c8,0x00000006e3680000)
 Metaspace       used 6645K, capacity 7344K, committed 7552K, reserved 1056768K
  class space    used 598K, capacity 616K, committed 640K, reserved 1048576K
}
Event: 26.400 GC heap before
{Heap before GC invocations=22 (full 4):
 PSYoungGen      total 708096K, used 701968K [0x000000076ab00000, 0x00000007a9f80000, 0x00000007c0000000)
  eden space 509952K, 100% used [0x000000076ab00000,0x0000000789d00000,0x0000000789d00000)
  from space 198144K, 96% used [0x0000000789d00000,0x00000007958840b0,0x0000000795e80000)
  to   space 229376K, 0% used [0x000000079bf80000,0x000000079bf80000,0x00000007a9f80000)
 ParOldGen       total 580096K, used 376120K [0x00000006c0000000, 0x00000006e3680000, 0x000000076ab00000)
  object space 580096K, 64% used [0x00000006c0000000,0x00000006d6f4e1c8,0x00000006e3680000)
 Metaspace       used 6652K, capacity 7344K, committed 7552K, reserved 1056768K
  class space    used 599K, capacity 616K, committed 640K, reserved 1048576K
Event: 26.838 GC heap after
Heap after GC invocations=22 (full 4):
 PSYoungGen      total 753664K, used 229350K [0x000000076ab00000, 0x00000007b1400000, 0x00000007c0000000)
  eden space 524288K, 0% used [0x000000076ab00000,0x000000076ab00000,0x000000078ab00000)
  from space 229376K, 99% used [0x000000079bf80000,0x00000007a9f79b20,0x00000007a9f80000)
  to   space 283136K, 0% used [0x000000078ab00000,0x000000078ab00000,0x000000079bf80000)
 ParOldGen       total 580096K, used 416184K [0x00000006c0000000, 0x00000006e3680000, 0x000000076ab00000)
  object space 580096K, 71% used [0x00000006c0000000,0x00000006d966e1d8,0x00000006e3680000)
 Metaspace       used 6652K, capacity 7344K, committed 7552K, reserved 1056768K
  class space    used 599K, capacity 616K, committed 640K, reserved 1048576K
}
Event: 28.513 GC heap before
{Heap before GC invocations=23 (full 4):
 PSYoungGen      total 753664K, used 753638K [0x000000076ab00000, 0x00000007b1400000, 0x00000007c0000000)
  eden space 524288K, 100% used [0x000000076ab00000,0x000000078ab00000,0x000000078ab00000)
  from space 229376K, 99% used [0x000000079bf80000,0x00000007a9f79b20,0x00000007a9f80000)
  to   space 283136K, 0% used [0x000000078ab00000,0x000000078ab00000,0x000000079bf80000)
 ParOldGen       total 580096K, used 416184K [0x00000006c0000000, 0x00000006e3680000, 0x000000076ab00000)
  object space 580096K, 71% used [0x00000006c0000000,0x00000006d966e1d8,0x00000006e3680000)
 Metaspace       used 6653K, capacity 7344K, committed 7552K, reserved 1056768K
  class space    used 599K, capacity 616K, committed 640K, reserved 1048576K
Event: 28.885 GC heap after
Heap after GC invocations=23 (full 4):
 PSYoungGen      total 807424K, used 197704K [0x000000076ab00000, 0x00000007b4800000, 0x00000007c0000000)
  eden space 524288K, 0% used [0x000000076ab00000,0x000000076ab00000,0x000000078ab00000)
  from space 283136K, 69% used [0x000000078ab00000,0x0000000796c12198,0x000000079bf80000)
  to   space 299520K, 0% used [0x00000007a2380000,0x00000007a2380000,0x00000007b4800000)
 ParOldGen       total 580096K, used 526236K [0x00000006c0000000, 0x00000006e3680000, 0x000000076ab00000)
  object space 580096K, 90% used [0x00000006c0000000,0x00000006e01e7228,0x00000006e3680000)
 Metaspace       used 6653K, capacity 7344K, committed 7552K, reserved 1056768K
  class space    used 599K, capacity 616K, committed 640K, reserved 1048576K
}
Event: 28.885 GC heap before
{Heap before GC invocations=24 (full 5):
 PSYoungGen      total 807424K, used 197704K [0x000000076ab00000, 0x00000007b4800000, 0x00000007c0000000)
  eden space 524288K, 0% used [0x000000076ab00000,0x000000076ab00000,0x000000078ab00000)
  from space 283136K, 69% used [0x000000078ab00000,0x0000000796c12198,0x000000079bf80000)
  to   space 299520K, 0% used [0x00000007a2380000,0x00000007a2380000,0x00000007b4800000)
 ParOldGen       total 580096K, used 526236K [0x00000006c0000000, 0x00000006e3680000, 0x000000076ab00000)
  object space 580096K, 90% used [0x00000006c0000000,0x00000006e01e7228,0x00000006e3680000)
 Metaspace       used 6653K, capacity 7344K, committed 7552K, reserved 1056768K
  class space    used 599K, capacity 616K, committed 640K, reserved 1048576K

Deoptimization events (10 events):
Event: 24.091 Thread 0x00007f3ca019f800 Uncommon trap: reason=class_check action=maybe_recompile pc=0x00007f3c9164c0f4 method=com.android.dx.ssa.SCCP.simulateBranch(Lcom/android/dx/ssa/SsaInsn;)V @ 339
Event: 24.098 Thread 0x00007f3ca019f800 Uncommon trap: reason=class_check action=maybe_recompile pc=0x00007f3c9164c0f4 method=com.android.dx.ssa.SCCP.simulateBranch(Lcom/android/dx/ssa/SsaInsn;)V @ 339
Event: 24.137 Thread 0x00007f3ca01a1000 Uncommon trap: reason=unstable_if action=reinterpret pc=0x00007f3c91b1ae40 method=java.util.ArrayList.<init>(I)V @ 5
Event: 25.601 Thread 0x00007f3ca019d800 Uncommon trap: reason=unstable_if action=reinterpret pc=0x00007f3c916a1e18 method=java.util.TreeMap.values()Ljava/util/Collection; @ 6
Event: 25.943 Thread 0x00007f3ca01a1000 Uncommon trap: reason=unstable_if action=reinterpret pc=0x00007f3c91c3e0c4 method=java.util.HashMap$TreeNode.find(ILjava/lang/Object;Ljava/lang/Class;)Ljava/util/HashMap$TreeNode; @ 102
Event: 26.096 Thread 0x00007f3ca019a000 Uncommon trap: reason=unstable_if action=reinterpret pc=0x00007f3c91a32d54 method=com.android.dx.cf.code.Merger.isPossiblyAssignableFrom(Lcom/android/dx/rop/type/TypeBearer;Lcom/android/dx/rop/type/TypeBearer;)Z @ 131
Event: 26.335 Thread 0x00007f3ca000e800 Uncommon trap: reason=unstable_if action=reinterpret pc=0x00007f3c91bdd1f0 method=com.android.dx.ssa.back.IdenticalBlockCombiner.replaceSucc(Lcom/android/dx/rop/code/BasicBlock;II)V @ 30
Event: 26.367 Thread 0x00007f3ca01a1000 Uncommon trap: reason=unstable_if action=reinterpret pc=0x00007f3c9126c43c method=com.android.dx.ssa.back.SsaToRop.convertBasicBlock(Lcom/android/dx/ssa/SsaBasicBlock;)Lcom/android/dx/rop/code/BasicBlock; @ 21
Event: 27.725 Thread 0x00007f3ca019a000 Uncommon trap: reason=class_check action=maybe_recompile pc=0x00007f3c91c5edb8 method=com.android.dx.ssa.SsaConverter.placePhiFunctions(Lcom/android/dx/ssa/SsaMethod;Lcom/android/dx/ssa/LocalVariableInfo;I)V @ 257
Event: 28.247 Thread 0x00007f3ca019a000 Uncommon trap: reason=unstable_if action=reinterpret pc=0x00007f3c91b70580 method=com.android.dx.ssa.back.IdenticalBlockCombiner.replaceSucc(Lcom/android/dx/rop/code/BasicBlock;II)V @ 30

Classes redefined (0 events):
No events

Internal exceptions (9 events):
Event: 0.126 Thread 0x00007f3ca000e800 Exception <a 'java/lang/NoSuchMethodError': Method sun.misc.Unsafe.defineClass(Ljava/lang/String;[BII)Ljava/lang/Class; name or signature does not match> (0x000000076ab07cb0) thrown at [/usr/local/google/buildbot/src/googleplex-android/openjdk/out/hotspot
Event: 0.127 Thread 0x00007f3ca000e800 Exception <a 'java/lang/NoSuchMethodError': Method sun.misc.Unsafe.prefetchRead(Ljava/lang/Object;J)V name or signature does not match> (0x000000076ab07f98) thrown at [/usr/local/google/buildbot/src/googleplex-android/openjdk/out/hotspot/src/share/vm/prim
Event: 1.041 Thread 0x00007f3ca019a000 Implicit null exception at 0x00007f3c912cc5b3 to 0x00007f3c912cf0bd
Event: 1.375 Thread 0x00007f3ca019a000 Implicit null exception at 0x00007f3c912f1f9c to 0x00007f3c912f47c5
Event: 1.432 Thread 0x00007f3ca000e800 Exception <a 'java/lang/ArrayIndexOutOfBoundsException': 18> (0x000000076b5b2438) thrown at [/usr/local/google/buildbot/src/googleplex-android/openjdk/out/hotspot/src/share/vm/interpreter/interpreterRuntime.cpp, line 368]
Event: 1.432 Thread 0x00007f3ca000e800 Exception <a 'java/lang/ArrayIndexOutOfBoundsException': 145> (0x000000076b5b3fb8) thrown at [/usr/local/google/buildbot/src/googleplex-android/openjdk/out/hotspot/src/share/vm/interpreter/interpreterRuntime.cpp, line 368]
Event: 1.434 Thread 0x00007f3ca000e800 Exception <a 'java/lang/ArrayIndexOutOfBoundsException': 40> (0x000000076b5b52a0) thrown at [/usr/local/google/buildbot/src/googleplex-android/openjdk/out/hotspot/src/share/vm/interpreter/interpreterRuntime.cpp, line 368]
Event: 19.244 Thread 0x00007f3ca019a000 Implicit null exception at 0x00007f3c9188d727 to 0x00007f3c91894f69
Event: 19.250 Thread 0x00007f3ca019a000 Implicit null exception at 0x00007f3c919b26b6 to 0x00007f3c919ba091

Events (10 events):
Event: 28.478 Thread 0x00007f3ca019f800 DEOPT UNPACKING pc=0x00007f3c910474c4 sp=0x00007f3c89141d38 mode 0
Event: 28.478 Thread 0x00007f3ca019f800 DEOPT PACKING pc=0x00007f3c91288feb sp=0x00007f3c89142080
Event: 28.478 Thread 0x00007f3ca019f800 DEOPT UNPACKING pc=0x00007f3c910474c4 sp=0x00007f3c89141de8 mode 0
Event: 28.487 Thread 0x00007f3ca019d800 DEOPT PACKING pc=0x00007f3c9137fd67 sp=0x00007f3c89243050
Event: 28.487 Thread 0x00007f3ca019d800 DEOPT UNPACKING pc=0x00007f3c910474c4 sp=0x00007f3c89242e70 mode 0
Event: 28.498 Thread 0x00007f3ca019a000 DEOPT PACKING pc=0x00007f3c91288feb sp=0x00007f3c89444f50
Event: 28.498 Thread 0x00007f3ca019a000 DEOPT UNPACKING pc=0x00007f3c910474c4 sp=0x00007f3c89444cb8 mode 0
Event: 28.505 Thread 0x00007f3ca000e800 DEOPT PACKING pc=0x00007f3c9137fd67 sp=0x00007f3ca742d720
Event: 28.505 Thread 0x00007f3ca000e800 DEOPT UNPACKING pc=0x00007f3c910474c4 sp=0x00007f3ca742d540 mode 0
Event: 28.512 Executing VM operation: ParallelGCFailedAllocation


Dynamic libraries:
00400000-00401000 r-xp 00000000 08:01 7352713                            /home/niroop/Documents/android-studio/jre/bin/java
00401000-00402000 rw-p 00000000 08:01 7352713                            /home/niroop/Documents/android-studio/jre/bin/java
00d23000-00d44000 rw-p 00000000 00:00 0                                  [heap]
6c0000000-6e3680000 rw-p 00000000 00:00 0 
6f3800000-76ab00000 ---p 00000000 00:00 0 
76ab00000-7b4800000 rw-p 00000000 00:00 0 
7b4800000-7c0000000 ---p 00000000 00:00 0 
7c0000000-7c00a0000 rw-p 00000000 00:00 0 
7c00a0000-800000000 ---p 00000000 00:00 0 
7f3c34000000-7f3c3403f000 rw-p 00000000 00:00 0 
7f3c3403f000-7f3c38000000 ---p 00000000 00:00 0 
7f3c3c000000-7f3c3c045000 rw-p 00000000 00:00 0 
7f3c3c045000-7f3c40000000 ---p 00000000 00:00 0 
7f3c40000000-7f3c40029000 rw-p 00000000 00:00 0 
7f3c40029000-7f3c44000000 ---p 00000000 00:00 0 
7f3c44000000-7f3c44044000 rw-p 00000000 00:00 0 
7f3c44044000-7f3c48000000 ---p 00000000 00:00 0 
7f3c48000000-7f3c48021000 rw-p 00000000 00:00 0 
7f3c48021000-7f3c4c000000 ---p 00000000 00:00 0 
7f3c4c000000-7f3c4c021000 rw-p 00000000 00:00 0 
7f3c4c021000-7f3c50000000 ---p 00000000 00:00 0 
7f3c50000000-7f3c50021000 rw-p 00000000 00:00 0 
7f3c50021000-7f3c54000000 ---p 00000000 00:00 0 
7f3c54000000-7f3c55a28000 rw-p 00000000 00:00 0 
7f3c55a28000-7f3c58000000 ---p 00000000 00:00 0 
7f3c58000000-7f3c58d7a000 rw-p 00000000 00:00 0 
7f3c58d7a000-7f3c5c000000 ---p 00000000 00:00 0 
7f3c5c000000-7f3c5c021000 rw-p 00000000 00:00 0 
7f3c5c021000-7f3c60000000 ---p 00000000 00:00 0 
7f3c60000000-7f3c61817000 rw-p 00000000 00:00 0 
7f3c61817000-7f3c64000000 ---p 00000000 00:00 0 
7f3c64000000-7f3c64021000 rw-p 00000000 00:00 0 
7f3c64021000-7f3c68000000 ---p 00000000 00:00 0 
7f3c68000000-7f3c68021000 rw-p 00000000 00:00 0 
7f3c68021000-7f3c6c000000 ---p 00000000 00:00 0 
7f3c6c000000-7f3c74000000 rw-p 00000000 00:00 0 
7f3c74000000-7f3c74021000 rw-p 00000000 00:00 0 
7f3c74021000-7f3c78000000 ---p 00000000 00:00 0 
7f3c78000000-7f3c782ce000 rw-p 00000000 00:00 0 
7f3c782ce000-7f3c7c000000 ---p 00000000 00:00 0 
7f3c7c000000-7f3c7c021000 rw-p 00000000 00:00 0 
7f3c7c021000-7f3c80000000 ---p 00000000 00:00 0 
7f3c84000000-7f3c84021000 rw-p 00000000 00:00 0 
7f3c84021000-7f3c88000000 ---p 00000000 00:00 0 
7f3c88f42000-7f3c88f45000 ---p 00000000 00:00 0 
7f3c88f45000-7f3c89043000 rw-p 00000000 00:00 0 
7f3c89043000-7f3c89046000 ---p 00000000 00:00 0 
7f3c89046000-7f3c89144000 rw-p 00000000 00:00 0 
7f3c89144000-7f3c89147000 ---p 00000000 00:00 0 
7f3c89147000-7f3c89245000 rw-p 00000000 00:00 0 
7f3c89245000-7f3c89248000 ---p 00000000 00:00 0 
7f3c89248000-7f3c89346000 rw-p 00000000 00:00 0 
7f3c89346000-7f3c89349000 ---p 00000000 00:00 0 
7f3c89349000-7f3c89447000 rw-p 00000000 00:00 0 
7f3c89447000-7f3c89448000 ---p 00000000 00:00 0 
7f3c89448000-7f3c89548000 rw-p 00000000 00:00 0 
7f3c89548000-7f3c8954b000 ---p 00000000 00:00 0 
7f3c8954b000-7f3c89649000 rw-p 00000000 00:00 0 
7f3c89649000-7f3c8964a000 ---p 00000000 00:00 0 
7f3c8964a000-7f3c8964d000 ---p 00000000 00:00 0 
7f3c8964d000-7f3c8974a000 rw-p 00000000 00:00 0 
7f3c8974a000-7f3c8974b000 ---p 00000000 00:00 0 
7f3c8974b000-7f3c8974e000 ---p 00000000 00:00 0 
7f3c8974e000-7f3c8984b000 rw-p 00000000 00:00 0 
7f3c8984b000-7f3c8984c000 ---p 00000000 00:00 0 
7f3c8984c000-7f3c8984f000 ---p 00000000 00:00 0 
7f3c8984f000-7f3c8994c000 rw-p 00000000 00:00 0 
7f3c8994c000-7f3c8994f000 ---p 00000000 00:00 0 
7f3c8994f000-7f3c89a4d000 rw-p 00000000 00:00 0 
7f3c89a4d000-7f3c8a41c000 r--p 00000000 08:01 6036074                    /usr/lib/locale/locale-archive
7f3c8a41c000-7f3c8a41f000 ---p 00000000 00:00 0 
7f3c8a41f000-7f3c8a51d000 rw-p 00000000 00:00 0 
7f3c8a51d000-7f3c8a520000 ---p 00000000 00:00 0 
7f3c8a520000-7f3c8a61e000 rw-p 00000000 00:00 0 
7f3c8a61e000-7f3c8a61f000 ---p 00000000 00:00 0 
7f3c8a61f000-7f3c8b62e000 rw-p 00000000 00:00 0 
7f3c8b62e000-7f3c8b800000 r--s 03cad000 08:01 7352843                    /home/niroop/Documents/android-studio/jre/jre/lib/rt.jar
7f3c8b800000-7f3c8bec0000 rw-p 00000000 00:00 0 
7f3c8bec0000-7f3c8c000000 ---p 00000000 00:00 0 
7f3c8c000000-7f3c8c021000 rw-p 00000000 00:00 0 
7f3c8c021000-7f3c90000000 ---p 00000000 00:00 0 
7f3c90001000-7f3c90018000 r--s 00104000 08:01 12611209                   /home/niroop/.gradle/caches/modules-2/files-2.1/cz.msebera.android/httpclient/4.4.1.1/c8d96f6fd2bcc179c312da33ee670a71188cc60d/httpclient-4.4.1.1.jar
7f3c90018000-7f3c90027000 r--s 000e4000 08:01 11851761                   /home/niroop/Android/Sdk/build-tools/26.0.0/lib/dx.jar
7f3c90027000-7f3c909a9000 rw-p 00000000 00:00 0 
7f3c909a9000-7f3c909aa000 ---p 00000000 00:00 0 
7f3c909aa000-7f3c90bc6000 rw-p 00000000 00:00 0 
7f3c90bc6000-7f3c91000000 ---p 00000000 00:00 0 
7f3c91000000-7f3c91ce0000 rwxp 00000000 00:00 0 
7f3c91ce0000-7f3ca0000000 ---p 00000000 00:00 0 
7f3ca0000000-7f3ca042a000 rw-p 00000000 00:00 0 
7f3ca042a000-7f3ca4000000 ---p 00000000 00:00 0 
7f3ca4005000-7f3ca4047000 rw-p 00000000 00:00 0 
7f3ca4047000-7f3ca4048000 ---p 00000000 00:00 0 
7f3ca4048000-7f3ca4148000 rw-p 00000000 00:00 0 
7f3ca4148000-7f3ca4149000 ---p 00000000 00:00 0 
7f3ca4149000-7f3ca4249000 rw-p 00000000 00:00 0 
7f3ca4249000-7f3ca424a000 ---p 00000000 00:00 0 
7f3ca424a000-7f3ca4466000 rw-p 00000000 00:00 0 
7f3ca4466000-7f3ca489f000 ---p 00000000 00:00 0 
7f3ca489f000-7f3ca4aee000 rw-p 00000000 00:00 0 
7f3ca4aee000-7f3ca4b4a000 ---p 00000000 00:00 0 
7f3ca4b4a000-7f3ca4b7f000 rw-p 00000000 00:00 0 
7f3ca4b7f000-7f3ca4f0b000 ---p 00000000 00:00 0 
7f3ca4f0b000-7f3ca4f16000 r-xp 00000000 08:01 1840165                    /lib/x86_64-linux-gnu/libnss_files-2.27.so
7f3ca4f16000-7f3ca5115000 ---p 0000b000 08:01 1840165                    /lib/x86_64-linux-gnu/libnss_files-2.27.so
7f3ca5115000-7f3ca5116000 r--p 0000a000 08:01 1840165                    /lib/x86_64-linux-gnu/libnss_files-2.27.so
7f3ca5116000-7f3ca5117000 rw-p 0000b000 08:01 1840165                    /lib/x86_64-linux-gnu/libnss_files-2.27.so
7f3ca5117000-7f3ca511d000 rw-p 00000000 00:00 0 
7f3ca511d000-7f3ca5134000 r-xp 00000000 08:01 1840159                    /lib/x86_64-linux-gnu/libnsl-2.27.so
7f3ca5134000-7f3ca5333000 ---p 00017000 08:01 1840159                    /lib/x86_64-linux-gnu/libnsl-2.27.so
7f3ca5333000-7f3ca5334000 r--p 00016000 08:01 1840159                    /lib/x86_64-linux-gnu/libnsl-2.27.so
7f3ca5334000-7f3ca5335000 rw-p 00017000 08:01 1840159                    /lib/x86_64-linux-gnu/libnsl-2.27.so
7f3ca5335000-7f3ca5337000 rw-p 00000000 00:00 0 
7f3ca5337000-7f3ca5342000 r-xp 00000000 08:01 1840176                    /lib/x86_64-linux-gnu/libnss_nis-2.27.so
7f3ca5342000-7f3ca5541000 ---p 0000b000 08:01 1840176                    /lib/x86_64-linux-gnu/libnss_nis-2.27.so
7f3ca5541000-7f3ca5542000 r--p 0000a000 08:01 1840176                    /lib/x86_64-linux-gnu/libnss_nis-2.27.so
7f3ca5542000-7f3ca5543000 rw-p 0000b000 08:01 1840176                    /lib/x86_64-linux-gnu/libnss_nis-2.27.so
7f3ca5543000-7f3ca554b000 r-xp 00000000 08:01 1840161                    /lib/x86_64-linux-gnu/libnss_compat-2.27.so
7f3ca554b000-7f3ca574b000 ---p 00008000 08:01 1840161                    /lib/x86_64-linux-gnu/libnss_compat-2.27.so
7f3ca574b000-7f3ca574c000 r--p 00008000 08:01 1840161                    /lib/x86_64-linux-gnu/libnss_compat-2.27.so
7f3ca574c000-7f3ca574d000 rw-p 00009000 08:01 1840161                    /lib/x86_64-linux-gnu/libnss_compat-2.27.so
7f3ca574d000-7f3ca5754000 r-xp 00000000 08:01 1840216                    /lib/x86_64-linux-gnu/librt-2.27.so
7f3ca5754000-7f3ca5953000 ---p 00007000 08:01 1840216                    /lib/x86_64-linux-gnu/librt-2.27.so
7f3ca5953000-7f3ca5954000 r--p 00006000 08:01 1840216                    /lib/x86_64-linux-gnu/librt-2.27.so
7f3ca5954000-7f3ca5955000 rw-p 00007000 08:01 1840216                    /lib/x86_64-linux-gnu/librt-2.27.so
7f3ca5955000-7f3ca5af2000 r-xp 00000000 08:01 1840138                    /lib/x86_64-linux-gnu/libm-2.27.so
7f3ca5af2000-7f3ca5cf1000 ---p 0019d000 08:01 1840138                    /lib/x86_64-linux-gnu/libm-2.27.so
7f3ca5cf1000-7f3ca5cf2000 r--p 0019c000 08:01 1840138                    /lib/x86_64-linux-gnu/libm-2.27.so
7f3ca5cf2000-7f3ca5cf3000 rw-p 0019d000 08:01 1840138                    /lib/x86_64-linux-gnu/libm-2.27.so
7f3ca5cf3000-7f3ca6919000 r-xp 00000000 08:01 7352820                    /home/niroop/Documents/android-studio/jre/jre/lib/amd64/server/libjvm.so
7f3ca6919000-7f3ca69e9000 rw-p 00c26000 08:01 7352820                    /home/niroop/Documents/android-studio/jre/jre/lib/amd64/server/libjvm.so
7f3ca69e9000-7f3ca6a2d000 rw-p 00000000 00:00 0 
7f3ca6a2d000-7f3ca6c14000 r-xp 00000000 08:01 1840075                    /lib/x86_64-linux-gnu/libc-2.27.so
7f3ca6c14000-7f3ca6e14000 ---p 001e7000 08:01 1840075                    /lib/x86_64-linux-gnu/libc-2.27.so
7f3ca6e14000-7f3ca6e18000 r--p 001e7000 08:01 1840075                    /lib/x86_64-linux-gnu/libc-2.27.so
7f3ca6e18000-7f3ca6e1a000 rw-p 001eb000 08:01 1840075                    /lib/x86_64-linux-gnu/libc-2.27.so
7f3ca6e1a000-7f3ca6e1e000 rw-p 00000000 00:00 0 
7f3ca6e1e000-7f3ca6e21000 r-xp 00000000 08:01 1840098                    /lib/x86_64-linux-gnu/libdl-2.27.so
7f3ca6e21000-7f3ca7020000 ---p 00003000 08:01 1840098                    /lib/x86_64-linux-gnu/libdl-2.27.so
7f3ca7020000-7f3ca7021000 r--p 00002000 08:01 1840098                    /lib/x86_64-linux-gnu/libdl-2.27.so
7f3ca7021000-7f3ca7022000 rw-p 00003000 08:01 1840098                    /lib/x86_64-linux-gnu/libdl-2.27.so
7f3ca7022000-7f3ca703c000 r-xp 00000000 08:01 1840208                    /lib/x86_64-linux-gnu/libpthread-2.27.so
7f3ca703c000-7f3ca723b000 ---p 0001a000 08:01 1840208                    /lib/x86_64-linux-gnu/libpthread-2.27.so
7f3ca723b000-7f3ca723c000 r--p 00019000 08:01 1840208                    /lib/x86_64-linux-gnu/libpthread-2.27.so
7f3ca723c000-7f3ca723d000 rw-p 0001a000 08:01 1840208                    /lib/x86_64-linux-gnu/libpthread-2.27.so
7f3ca723d000-7f3ca7241000 rw-p 00000000 00:00 0 
7f3ca7241000-7f3ca7268000 r-xp 00000000 08:01 1840047                    /lib/x86_64-linux-gnu/ld-2.27.so
7f3ca726f000-7f3ca72e7000 rw-p 00000000 00:00 0 
7f3ca72e7000-7f3ca7302000 r-xp 00000000 08:01 7352802                    /home/niroop/Documents/android-studio/jre/jre/lib/amd64/libzip.so
7f3ca7302000-7f3ca7303000 rw-p 0001a000 08:01 7352802                    /home/niroop/Documents/android-studio/jre/jre/lib/amd64/libzip.so
7f3ca7303000-7f3ca732d000 r-xp 00000000 08:01 7352810                    /home/niroop/Documents/android-studio/jre/jre/lib/amd64/libjava.so
7f3ca732d000-7f3ca732f000 rw-p 0002a000 08:01 7352810                    /home/niroop/Documents/android-studio/jre/jre/lib/amd64/libjava.so
7f3ca732f000-7f3ca7330000 ---p 00000000 00:00 0 
7f3ca7330000-7f3ca7333000 ---p 00000000 00:00 0 
7f3ca7333000-7f3ca7432000 rw-p 00000000 00:00 0 
7f3ca7432000-7f3ca7448000 r-xp 00000000 08:01 7352701                    /home/niroop/Documents/android-studio/jre/lib/amd64/jli/libjli.so
7f3ca7448000-7f3ca7449000 rw-p 00015000 08:01 7352701                    /home/niroop/Documents/android-studio/jre/lib/amd64/jli/libjli.so
7f3ca7449000-7f3ca744b000 rw-p 00000000 00:00 0 
7f3ca744f000-7f3ca7457000 rw-s 00000000 08:01 12583644                   /tmp/hsperfdata_niroop/14955
7f3ca7457000-7f3ca7458000 rw-p 00000000 00:00 0 
7f3ca7458000-7f3ca7459000 ---p 00000000 00:00 0 
7f3ca7459000-7f3ca7466000 r-xp 00000000 08:01 7352798                    /home/niroop/Documents/android-studio/jre/jre/lib/amd64/libverify.so
7f3ca7466000-7f3ca7468000 rw-p 0000c000 08:01 7352798                    /home/niroop/Documents/android-studio/jre/jre/lib/amd64/libverify.so
7f3ca7468000-7f3ca7469000 r--p 00027000 08:01 1840047                    /lib/x86_64-linux-gnu/ld-2.27.so
7f3ca7469000-7f3ca746a000 rw-p 00028000 08:01 1840047                    /lib/x86_64-linux-gnu/ld-2.27.so
7f3ca746a000-7f3ca746b000 rw-p 00000000 00:00 0 
7fffc1048000-7fffc106a000 rw-p 00000000 00:00 0                          [stack]
7fffc111b000-7fffc111e000 r--p 00000000 00:00 0                          [vvar]
7fffc111e000-7fffc111f000 r-xp 00000000 00:00 0                          [vdso]
ffffffffff600000-ffffffffff601000 r-xp 00000000 00:00 0                  [vsyscall]

VM Arguments:
jvm_args: -Djava.awt.headless=true -Xmx4g -Dfile.encoding=UTF-8 -Duser.country=IN -Duser.language=en -Duser.variant 
java_command: com.android.dx.command.Main --dex --num-threads=4 --multi-dex --output /media/niroop/External HDD/AndroidStudioProjects/User App/app/build/intermediates/transforms/dex/debug/folders/1000/1f/main /home/niroop/.gradle/caches/modules-2/files-2.1/com.twitter/twitter-text/1.13.0/78415b95ae3184c5926d593feab64bfc0b73b2dd/twitter-text-1.13.0.jar /home/niroop/.android/build-cache/344e0ae5b96a066c340cbb65de62b9926cdefc58/output/jars/classes.jar /home/niroop/.android/build-cache/708519143cb1ca08075ced6ae13de74ca64bf15f/output/jars/classes.jar /home/niroop/.gradle/caches/modules-2/files-2.1/com.squareup.okhttp3/okhttp-ws/3.0.1/bd9b51a0188fc8f14bf840a0d326755545206116/okhttp-ws-3.0.1.jar /home/niroop/.android/build-cache/9b622f381cb7bb5838d987a04cc0137936991cc2/output/jars/classes.jar /home/niroop/.android/build-cache/5b51a3324933b67d5359e9286d32d4d1e7e614f2/output/jars/classes.jar /home/niroop/.android/build-cache/12d56c18a42d1f05b9ac1647b156441e2a4dbff5/output/jars/classes.jar /home/niroop/.android/build-cache/0add6791efe6dec7f33222700afd520c9a82813b/output/jars/classes.jar /media/niroop/External HDD/AndroidStudioProjects/User App/stripe/build/intermediates/bundles/default/classes.jar /home/niroop/.android/build-cache/26d5ae123ee9172a01bd32d1a79379bec37b7d2d/output/jars/classes.jar /home/niroop/.gradle/caches/modules-2/files-2.1/com.google.code.gson/gson/2.3/5fc52c41ef0239d1093a1eb7c3697036183677ce/gson-2.3.jar /home/niroop/.gradle/caches/modules-2/files-2.1/cz.msebera.android/httpclient/4.4.1.1/c8d96f6fd2bcc179c312da33ee670a71188cc60d/httpclient-4.4.1.1.jar /home/niroop/.android/build-cache/66327af80aa184671fc17553104e2db35ef7a9b3/output/jars/classes.jar /home/niroop/.android/build-cache/b257c5c0db47bbccb6143d3aada52dde313d9b0e/output/jars/classes.jar /home/niroop/.android/build-cache/3bccaacd42e5be60ac7fed01bcd491f7523ce2f1/output/jars/classes.jar /home/niroop/.android/build-cache/64700c7b9fdf25534d3d17e45870aa364dcf0d2b/output/jars/classes.jar /home/niroop/.
java_class_path (initial): /home/niroop/Android/Sdk/build-tools/26.0.0/lib/dx.jar
Launcher Type: SUN_STANDARD

Environment Variables:
PATH=/usr/local/sbin:/usr/local/bin:/usr/sbin:/usr/bin:/sbin:/bin:/usr/games:/usr/local/games:/snap/bin:/usr/lib/dart/bin
USERNAME=niroop
SHELL=/bin/bash
DISPLAY=:0

Signal Handlers:
SIGSEGV: [libjvm.so+0xa09650], sa_mask[0]=11111111011111111101111111111110, sa_flags=SA_RESTART|SA_SIGINFO
SIGBUS: [libjvm.so+0xa09650], sa_mask[0]=11111111011111111101111111111110, sa_flags=SA_RESTART|SA_SIGINFO
SIGFPE: [libjvm.so+0x86bc60], sa_mask[0]=11111111011111111101111111111110, sa_flags=SA_RESTART|SA_SIGINFO
SIGPIPE: [libjvm.so+0x86bc60], sa_mask[0]=11111111011111111101111111111110, sa_flags=SA_RESTART|SA_SIGINFO
SIGXFSZ: [libjvm.so+0x86bc60], sa_mask[0]=11111111011111111101111111111110, sa_flags=SA_RESTART|SA_SIGINFO
SIGILL: [libjvm.so+0x86bc60], sa_mask[0]=11111111011111111101111111111110, sa_flags=SA_RESTART|SA_SIGINFO
SIGUSR1: SIG_DFL, sa_mask[0]=00000000000000000000000000000000, sa_flags=none
SIGUSR2: [libjvm.so+0x86bb30], sa_mask[0]=00100000000000000000000000000000, sa_flags=SA_RESTART|SA_SIGINFO
SIGHUP: [libjvm.so+0x86bd20], sa_mask[0]=11111111011111111101111111111110, sa_flags=SA_RESTART|SA_SIGINFO
SIGINT: [libjvm.so+0x86bd20], sa_mask[0]=11111111011111111101111111111110, sa_flags=SA_RESTART|SA_SIGINFO
SIGTERM: [libjvm.so+0x86bd20], sa_mask[0]=11111111011111111101111111111110, sa_flags=SA_RESTART|SA_SIGINFO
SIGQUIT: [libjvm.so+0x86bd20], sa_mask[0]=11111111011111111101111111111110, sa_flags=SA_RESTART|SA_SIGINFO


---------------  S Y S T E M  ---------------

OS:DISTRIB_ID=Ubuntu
DISTRIB_RELEASE=18.04
DISTRIB_CODENAME=bionic
DISTRIB_DESCRIPTION="Ubuntu 18.04.3 LTS"

uname:Linux 5.0.0-37-generic #40~18.04.1-Ubuntu SMP Thu Nov 14 12:06:39 UTC 2019 x86_64
libc:glibc 2.27 NPTL 2.27 
rlimit: STACK 8192k, CORE 0k, NPROC 23162, NOFILE 1048576, AS infinity
load average:5.15 5.12 3.47

/proc/meminfo:
MemTotal:        5979864 kB
MemFree:          114704 kB
MemAvailable:      73708 kB
Buffers:            7328 kB
Cached:           175824 kB
SwapCached:        13392 kB
Active:          4729800 kB
Inactive:         779328 kB
Active(anon):    4681628 kB
Inactive(anon):   725968 kB
Active(file):      48172 kB
Inactive(file):    53360 kB
Unevictable:         236 kB
Mlocked:              48 kB
SwapTotal:       2097148 kB
SwapFree:          24900 kB
Dirty:               312 kB
Writeback:             0 kB
AnonPages:       5314688 kB
Mapped:            86244 kB
Shmem:             81408 kB
KReclaimable:      78004 kB
Slab:             147836 kB
SReclaimable:      78004 kB
SUnreclaim:        69832 kB
KernelStack:       19040 kB
PageTables:        85980 kB
NFS_Unstable:          0 kB
Bounce:                0 kB
WritebackTmp:          0 kB
CommitLimit:     5087080 kB
Committed_AS:   16167196 kB
VmallocTotal:   34359738367 kB
VmallocUsed:           0 kB
VmallocChunk:          0 kB
Percpu:             2528 kB
HardwareCorrupted:     0 kB
AnonHugePages:         0 kB
ShmemHugePages:        0 kB
ShmemPmdMapped:        0 kB
CmaTotal:              0 kB
CmaFree:               0 kB
HugePages_Total:       0
HugePages_Free:        0
HugePages_Rsvd:        0
HugePages_Surp:        0
Hugepagesize:       2048 kB
Hugetlb:               0 kB
DirectMap4k:      266520 kB
DirectMap2M:     5904384 kB

container (cgroup) information:
container_type: cgroupv1
cpu_cpuset_cpus: 0-3
cpu_memory_nodes: 0
active_processor_count: 4
cpu_quota: -1
cpu_period: 100000
cpu_shares: -1
memory_limit_in_bytes: -1
memory_and_swap_limit_in_bytes: -2
memory_soft_limit_in_bytes: -1
memory_usage_in_bytes: 5640900608
memory_max_usage_in_bytes: 50053120


CPU:total 4 (initial active 4) (2 cores per cpu, 2 threads per core) family 6 model 58 stepping 9, cmov, cx8, fxsr, mmx, sse, sse2, sse3, ssse3, sse4.1, sse4.2, popcnt, avx, aes, clmul, erms, ht, tsc, tscinvbit, tscinv

/proc/cpuinfo:
processor	: 0
vendor_id	: GenuineIntel
cpu family	: 6
model		: 58
model name	: Intel(R) Core(TM) i5-3337U CPU @ 1.80GHz
stepping	: 9
microcode	: 0x21
cpu MHz		: 2381.037
cache size	: 3072 KB
physical id	: 0
siblings	: 4
core id		: 0
cpu cores	: 2
apicid		: 0
initial apicid	: 0
fpu		: yes
fpu_exception	: yes
cpuid level	: 13
wp		: yes
flags		: fpu vme de pse tsc msr pae mce cx8 apic sep mtrr pge mca cmov pat pse36 clflush dts acpi mmx fxsr sse sse2 ss ht tm pbe syscall nx rdtscp lm constant_tsc arch_perfmon pebs bts rep_good nopl xtopology nonstop_tsc cpuid aperfmperf pni pclmulqdq dtes64 monitor ds_cpl vmx est tm2 ssse3 cx16 xtpr pdcm pcid sse4_1 sse4_2 x2apic popcnt tsc_deadline_timer aes xsave avx f16c rdrand lahf_lm cpuid_fault epb pti ssbd ibrs ibpb stibp tpr_shadow vnmi flexpriority ept vpid fsgsbase smep erms xsaveopt dtherm ida arat pln pts md_clear flush_l1d
bugs		: cpu_meltdown spectre_v1 spectre_v2 spec_store_bypass l1tf mds swapgs itlb_multihit
bogomips	: 3591.77
clflush size	: 64
cache_alignment	: 64
address sizes	: 36 bits physical, 48 bits virtual
power management:

processor	: 1
vendor_id	: GenuineIntel
cpu family	: 6
model		: 58
model name	: Intel(R) Core(TM) i5-3337U CPU @ 1.80GHz
stepping	: 9
microcode	: 0x21
cpu MHz		: 2317.052
cache size	: 3072 KB
physical id	: 0
siblings	: 4
core id		: 0
cpu cores	: 2
apicid		: 1
initial apicid	: 1
fpu		: yes
fpu_exception	: yes
cpuid level	: 13
wp		: yes
flags		: fpu vme de pse tsc msr pae mce cx8 apic sep mtrr pge mca cmov pat pse36 clflush dts acpi mmx fxsr sse sse2 ss ht tm pbe syscall nx rdtscp lm constant_tsc arch_perfmon pebs bts rep_good nopl xtopology nonstop_tsc cpuid aperfmperf pni pclmulqdq dtes64 monitor ds_cpl vmx est tm2 ssse3 cx16 xtpr pdcm pcid sse4_1 sse4_2 x2apic popcnt tsc_deadline_timer aes xsave avx f16c rdrand lahf_lm cpuid_fault epb pti ssbd ibrs ibpb stibp tpr_shadow vnmi flexpriority ept vpid fsgsbase smep erms xsaveopt dtherm ida arat pln pts md_clear flush_l1d
bugs		: cpu_meltdown spectre_v1 spectre_v2 spec_store_bypass l1tf mds swapgs itlb_multihit
bogomips	: 3591.77
clflush size	: 64
cache_alignment	: 64
address sizes	: 36 bits physical, 48 bits virtual
power management:

processor	: 2
vendor_id	: GenuineIntel
cpu family	: 6
model		: 58
model name	: Intel(R) Core(TM) i5-3337U CPU @ 1.80GHz
stepping	: 9
microcode	: 0x21
cpu MHz		: 2365.595
cache size	: 3072 KB
physical id	: 0
siblings	: 4
core id		: 1
cpu cores	: 2
apicid		: 2
initial apicid	: 2
fpu		: yes
fpu_exception	: yes
cpuid level	: 13
wp		: yes
flags		: fpu vme de pse tsc msr pae mce cx8 apic sep mtrr pge mca cmov pat pse36 clflush dts acpi mmx fxsr sse sse2 ss ht tm pbe syscall nx rdtscp lm constant_tsc arch_perfmon pebs bts rep_good nopl xtopology nonstop_tsc cpuid aperfmperf pni pclmulqdq dtes64 monitor ds_cpl vmx est tm2 ssse3 cx16 xtpr pdcm pcid sse4_1 sse4_2 x2apic popcnt tsc_deadline_timer aes xsave avx f16c rdrand lahf_lm cpuid_fault epb pti ssbd ibrs ibpb stibp tpr_shadow vnmi flexpriority ept vpid fsgsbase smep erms xsaveopt dtherm ida arat pln pts md_clear flush_l1d
bugs		: cpu_meltdown spectre_v1 spectre_v2 spec_store_bypass l1tf mds swapgs itlb_multihit
bogomips	: 3591.77
clflush size	: 64
cache_alignment	: 64
address sizes	: 36 bits physical, 48 bits virtual
power management:

processor	: 3
vendor_id	: GenuineIntel
cpu family	: 6
model		: 58
model name	: Intel(R) Core(TM) i5-3337U CPU @ 1.80GHz
stepping	: 9
microcode	: 0x21
cpu MHz		: 2418.754
cache size	: 3072 KB
physical id	: 0
siblings	: 4
core id		: 1
cpu cores	: 2
apicid		: 3
initial apicid	: 3
fpu		: yes
fpu_exception	: yes
cpuid level	: 13
wp		: yes
flags		: fpu vme de pse tsc msr pae mce cx8 apic sep mtrr pge mca cmov pat pse36 clflush dts acpi mmx fxsr sse sse2 ss ht tm pbe syscall nx rdtscp lm constant_tsc arch_perfmon pebs bts rep_good nopl xtopology nonstop_tsc cpuid aperfmperf pni pclmulqdq dtes64 monitor ds_cpl vmx est tm2 ssse3 cx16 xtpr pdcm pcid sse4_1 sse4_2 x2apic popcnt tsc_deadline_timer aes xsave avx f16c rdrand lahf_lm cpuid_fault epb pti ssbd ibrs ibpb stibp tpr_shadow vnmi flexpriority ept vpid fsgsbase smep erms xsaveopt dtherm ida arat pln pts md_clear flush_l1d
bugs		: cpu_meltdown spectre_v1 spectre_v2 spec_store_bypass l1tf mds swapgs itlb_multihit
bogomips	: 3591.77
clflush size	: 64
cache_alignment	: 64
address sizes	: 36 bits physical, 48 bits virtual
power management:



Memory: 4k page, physical 5979864k(117224k free), swap 2097148k(24540k free)

vm_info: OpenJDK 64-Bit Server VM (25.202-b49-5587405) for linux-amd64 JRE (1.8.0_202-release-1483-b49-5587405), built by "android-build" with gcc 4.8

time: Fri Mar 13 17:41:30 2020
timezone: IST
elapsed time: 33 seconds (0d 0h 0m 33s)

