#
# There is insufficient memory for the Java Runtime Environment to continue.
# Native memory allocation (mmap) failed to map 202375168 bytes for committing reserved memory.
# Possible reasons:
#   The system is out of physical RAM or swap space
#   The process is running with CompressedOops enabled, and the Java Heap may be blocking the growth of the native heap
# Possible solutions:
#   Reduce memory load on the system
#   Increase physical memory or swap space
#   Check if swap backing store is full
#   Decrease Java heap size (-Xmx/-Xms)
#   Decrease number of Java threads
#   Decrease Java thread stack sizes (-Xss)
#   Set larger code cache with -XX:ReservedCodeCacheSize=
#   JVM is running with Zero Based Compressed Oops mode in which the Java heap is
#     placed in the first 32GB address space. The Java Heap base address is the
#     maximum limit for the native heap growth. Please use -XX:HeapBaseMinAddress
#     to set the Java Heap base and to place the Java Heap above 32GB virtual address.
# This output file may be truncated or incomplete.
#
#  Out of Memory Error (os_linux.cpp:2753), pid=14456, tid=0x00007fe1518bb700
#
# JRE version: OpenJDK Runtime Environment (8.0_202) (build 1.8.0_202-release-1483-b49-5587405)
# Java VM: OpenJDK 64-Bit Server VM (25.202-b49-5587405 mixed mode linux-amd64 compressed oops)
# Failed to write core dump. Core dumps have been disabled. To enable core dumping, try "ulimit -c unlimited" before starting Java again
#

---------------  T H R E A D  ---------------

Current thread (0x00007fe16407c800):  VMThread [stack: 0x00007fe1517bc000,0x00007fe1518bc000] [id=14467]

Stack: [0x00007fe1517bc000,0x00007fe1518bc000],  sp=0x00007fe1518ba510,  free space=1017k
Native frames: (J=compiled Java code, j=interpreted, Vv=VM code, C=native code)
V  [libjvm.so+0xa08b78]  VMError::report_and_die()+0x148
V  [libjvm.so+0x4d412a]  report_vm_out_of_memory(char const*, int, unsigned long, VMErrorType, char const*)+0x8a
V  [libjvm.so+0x870478]  os::pd_commit_memory(char*, unsigned long, unsigned long, bool)+0xd8
V  [libjvm.so+0x867f9f]  os::commit_memory(char*, unsigned long, unsigned long, bool)+0x1f
V  [libjvm.so+0x8e14eb]  PSVirtualSpace::expand_by(unsigned long)+0x5b
V  [libjvm.so+0x8e2140]  PSYoungGen::resize_generation(unsigned long, unsigned long)+0xb0
V  [libjvm.so+0x8e245b]  PSYoungGen::resize(unsigned long, unsigned long)+0x1b
V  [libjvm.so+0x8deb8e]  PSScavenge::invoke_no_policy()+0xdce
V  [libjvm.so+0x8df348]  PSScavenge::invoke()+0x38
V  [libjvm.so+0x893763]  ParallelScavengeHeap::failed_mem_allocate(unsigned long)+0x63
V  [libjvm.so+0xa0a644]  VM_ParallelGCFailedAllocation::doit()+0x84
V  [libjvm.so+0xa0ea17]  VM_Operation::evaluate()+0x47
V  [libjvm.so+0xa0d498]  VMThread::evaluate_operation(VM_Operation*)+0x218
V  [libjvm.so+0xa0d8d1]  VMThread::loop()+0x1f1
V  [libjvm.so+0xa0dd02]  VMThread::run()+0x72
V  [libjvm.so+0x86d652]  java_start(Thread*)+0xf2

VM_Operation (0x00007fe1505e20d0): ParallelGCFailedAllocation, mode: safepoint, requested by thread 0x00007fe1641a2000


---------------  P R O C E S S  ---------------

Java Threads: ( => current thread )
  0x00007fe1641b2800 JavaThread "pool-2-thread-4" [_thread_blocked, id=14480, stack(0x00007fe1500df000,0x00007fe1501e0000)]
  0x00007fe1641b1800 JavaThread "pool-2-thread-3" [_thread_blocked, id=14479, stack(0x00007fe1501e0000,0x00007fe1502e1000)]
  0x00007fe1641af800 JavaThread "pool-2-thread-2" [_thread_blocked, id=14478, stack(0x00007fe1502e1000,0x00007fe1503e2000)]
  0x00007fe1641a3800 JavaThread "pool-3-thread-1" [_thread_blocked, id=14477, stack(0x00007fe1503e2000,0x00007fe1504e3000)]
  0x00007fe1641a2000 JavaThread "pool-2-thread-1" [_thread_blocked, id=14476, stack(0x00007fe1504e3000,0x00007fe1505e4000)]
  0x00007fe1640d6800 JavaThread "Service Thread" daemon [_thread_blocked, id=14474, stack(0x00007fe1506e5000,0x00007fe1507e6000)]
  0x00007fe1640c1800 JavaThread "C1 CompilerThread2" daemon [_thread_blocked, id=14473, stack(0x00007fe1507e7000,0x00007fe1508e7000)]
  0x00007fe1640bf800 JavaThread "C2 CompilerThread1" daemon [_thread_blocked, id=14472, stack(0x00007fe1508e8000,0x00007fe1509e8000)]
  0x00007fe1640bc800 JavaThread "C2 CompilerThread0" daemon [_thread_blocked, id=14471, stack(0x00007fe1509e9000,0x00007fe150ae9000)]
  0x00007fe1640b8800 JavaThread "Signal Dispatcher" daemon [_thread_blocked, id=14470, stack(0x00007fe150ae9000,0x00007fe150bea000)]
  0x00007fe164088800 JavaThread "Finalizer" daemon [_thread_blocked, id=14469, stack(0x00007fe1515b9000,0x00007fe1516ba000)]
  0x00007fe164086000 JavaThread "Reference Handler" daemon [_thread_blocked, id=14468, stack(0x00007fe1516ba000,0x00007fe1517bb000)]
  0x00007fe16400e800 JavaThread "main" [_thread_blocked, id=14462, stack(0x00007fe16a4b0000,0x00007fe16a5b0000)]

Other Threads:
=>0x00007fe16407c800 VMThread [stack: 0x00007fe1517bc000,0x00007fe1518bc000] [id=14467]
  0x00007fe1640d9000 WatcherThread [stack: 0x00007fe1505e5000,0x00007fe1506e5000] [id=14475]

VM state:at safepoint (normal execution)

VM Mutex/Monitor currently owned by a thread:  ([mutex/lock_event])
[0x00007fe16400b060] Threads_lock - owner thread: 0x00007fe16407c800
[0x00007fe16400b560] Heap_lock - owner thread: 0x00007fe1641a2000

heap address: 0x00000006c0000000, size: 4096 MB, Compressed Oops mode: Zero based, Oop shift amount: 3
Narrow klass base: 0x0000000000000000, Narrow klass shift: 3
Compressed class space size: 1073741824 Address: 0x00000007c0000000

Heap:
 PSYoungGen      total 873472K, used 155116K [0x000000076ab00000, 0x00000007a9780000, 0x00000007c0000000)
  eden space 718336K, 0% used [0x000000076ab00000,0x000000076ab00000,0x0000000796880000)
  from space 155136K, 99% used [0x0000000796880000,0x000000079fffb2d0,0x00000007a0000000)
  to   space 137216K, 0% used [0x00000007a1180000,0x00000007a1180000,0x00000007a9780000)
 ParOldGen       total 819712K, used 646395K [0x00000006c0000000, 0x00000006f2080000, 0x000000076ab00000)
  object space 819712K, 78% used [0x00000006c0000000,0x00000006e773ef00,0x00000006f2080000)
 Metaspace       used 6701K, capacity 7344K, committed 7552K, reserved 1056768K
  class space    used 600K, capacity 616K, committed 640K, reserved 1048576K

Card table byte_map: [0x00007fe15443f000,0x00007fe154c40000] byte_map_base: 0x00007fe150e3f000

Marking Bits: (ParMarkBitMap*) 0x00007fe169b7e920
 Begin Bits: [0x00007fe12c000000, 0x00007fe130000000)
 End Bits:   [0x00007fe130000000, 0x00007fe134000000)

Polling page: 0x00007fe16a5d8000

CodeCache: size=245760Kb used=11982Kb max_used=12926Kb free=233777Kb
 bounds [0x00007fe155000000, 0x00007fe155cb0000, 0x00007fe164000000]
 total_blobs=2806 nmethods=2533 adapters=187
 compilation: enabled

Compilation events (10 events):
Event: 54.368 Thread 0x00007fe1640bf800 nmethod 3251 0x00007fe15521c190 code [0x00007fe15521c2e0, 0x00007fe15521c3c8]
Event: 54.372 Thread 0x00007fe1640bf800 3253       4       com.android.dx.dex.code.RopTranslator$TranslationVisitor::visitThrowingCstInsn (246 bytes)
Event: 54.379 Thread 0x00007fe1640bc800 nmethod 3202 0x00007fe155b0bd10 code [0x00007fe155b0bee0, 0x00007fe155b0c888]
Event: 54.379 Thread 0x00007fe1640bc800 3252       4       com.android.dx.dex.code.RopTranslator$LocalVariableAwareTranslationVisitor::visitThrowingCstInsn (11 bytes)
Event: 54.382 Thread 0x00007fe1640c1800 3255       2       com.android.dx.rop.code.Rop::<init> (15 bytes)
Event: 54.389 Thread 0x00007fe1640c1800 nmethod 3255 0x00007fe155b0b910 code [0x00007fe155b0ba80, 0x00007fe155b0bc28]
Event: 54.389 Thread 0x00007fe1640c1800 3256       3       com.android.dx.cf.code.Ropper$CatchInfo::<init> (6 bytes)
Event: 54.390 Thread 0x00007fe1640c1800 nmethod 3256 0x00007fe1557768d0 code [0x00007fe155776a60, 0x00007fe155776e30]
Event: 54.391 Thread 0x00007fe1640c1800 3257       3       com.android.dx.cf.code.Ropper$CatchInfo::<init> (21 bytes)
Event: 54.391 Thread 0x00007fe1640c1800 nmethod 3257 0x00007fe15537f2d0 code [0x00007fe15537f460, 0x00007fe15537f7d0]

GC Heap History (10 events):
Event: 20.688 GC heap after
Heap after GC invocations=19 (full 4):
 PSYoungGen      total 615936K, used 66170K [0x000000076ab00000, 0x00000007a0400000, 0x00000007c0000000)
  eden space 493568K, 0% used [0x000000076ab00000,0x000000076ab00000,0x0000000788d00000)
  from space 122368K, 54% used [0x0000000788d00000,0x000000078cd9e9e0,0x0000000790480000)
  to   space 124416K, 0% used [0x0000000798a80000,0x0000000798a80000,0x00000007a0400000)
 ParOldGen       total 576000K, used 384310K [0x00000006c0000000, 0x00000006e3280000, 0x000000076ab00000)
  object space 576000K, 66% used [0x00000006c0000000,0x00000006d774d858,0x00000006e3280000)
 Metaspace       used 6628K, capacity 7344K, committed 7552K, reserved 1056768K
  class space    used 597K, capacity 616K, committed 640K, reserved 1048576K
}
Event: 22.162 GC heap before
{Heap before GC invocations=20 (full 4):
 PSYoungGen      total 615936K, used 559738K [0x000000076ab00000, 0x00000007a0400000, 0x00000007c0000000)
  eden space 493568K, 100% used [0x000000076ab00000,0x0000000788d00000,0x0000000788d00000)
  from space 122368K, 54% used [0x0000000788d00000,0x000000078cd9e9e0,0x0000000790480000)
  to   space 124416K, 0% used [0x0000000798a80000,0x0000000798a80000,0x00000007a0400000)
 ParOldGen       total 576000K, used 384310K [0x00000006c0000000, 0x00000006e3280000, 0x000000076ab00000)
  object space 576000K, 66% used [0x00000006c0000000,0x00000006d774d858,0x00000006e3280000)
 Metaspace       used 6638K, capacity 7344K, committed 7552K, reserved 1056768K
  class space    used 598K, capacity 616K, committed 640K, reserved 1048576K
Event: 22.455 GC heap after
Heap after GC invocations=20 (full 4):
 PSYoungGen      total 727552K, used 124400K [0x000000076ab00000, 0x00000007a1d00000, 0x00000007c0000000)
  eden space 603136K, 0% used [0x000000076ab00000,0x000000076ab00000,0x000000078f800000)
  from space 124416K, 99% used [0x0000000798a80000,0x00000007a03fc338,0x00000007a0400000)
  to   space 150016K, 0% used [0x000000078f800000,0x000000078f800000,0x0000000798a80000)
 ParOldGen       total 576000K, used 398409K [0x00000006c0000000, 0x00000006e3280000, 0x000000076ab00000)
  object space 576000K, 69% used [0x00000006c0000000,0x00000006d85124b8,0x00000006e3280000)
 Metaspace       used 6638K, capacity 7344K, committed 7552K, reserved 1056768K
  class space    used 598K, capacity 616K, committed 640K, reserved 1048576K
}
Event: 24.229 GC heap before
{Heap before GC invocations=21 (full 4):
 PSYoungGen      total 727552K, used 727536K [0x000000076ab00000, 0x00000007a1d00000, 0x00000007c0000000)
  eden space 603136K, 100% used [0x000000076ab00000,0x000000078f800000,0x000000078f800000)
  from space 124416K, 99% used [0x0000000798a80000,0x00000007a03fc338,0x00000007a0400000)
  to   space 150016K, 0% used [0x000000078f800000,0x000000078f800000,0x0000000798a80000)
 ParOldGen       total 576000K, used 398409K [0x00000006c0000000, 0x00000006e3280000, 0x000000076ab00000)
  object space 576000K, 69% used [0x00000006c0000000,0x00000006d85124b8,0x00000006e3280000)
 Metaspace       used 6642K, capacity 7344K, committed 7552K, reserved 1056768K
  class space    used 599K, capacity 616K, committed 640K, reserved 1048576K
Event: 30.809 GC heap after
Heap after GC invocations=21 (full 4):
 PSYoungGen      total 753152K, used 90816K [0x000000076ab00000, 0x00000007aa680000, 0x00000007c0000000)
  eden space 603136K, 0% used [0x000000076ab00000,0x000000076ab00000,0x000000078f800000)
  from space 150016K, 60% used [0x000000078f800000,0x00000007950b01f8,0x0000000798a80000)
  to   space 152576K, 0% used [0x00000007a1180000,0x00000007a1180000,0x00000007aa680000)
 ParOldGen       total 576000K, used 523239K [0x00000006c0000000, 0x00000006e3280000, 0x000000076ab00000)
  object space 576000K, 90% used [0x00000006c0000000,0x00000006dfef9de0,0x00000006e3280000)
 Metaspace       used 6642K, capacity 7344K, committed 7552K, reserved 1056768K
  class space    used 599K, capacity 616K, committed 640K, reserved 1048576K
}
Event: 30.858 GC heap before
{Heap before GC invocations=22 (full 5):
 PSYoungGen      total 753152K, used 90816K [0x000000076ab00000, 0x00000007aa680000, 0x00000007c0000000)
  eden space 603136K, 0% used [0x000000076ab00000,0x000000076ab00000,0x000000078f800000)
  from space 150016K, 60% used [0x000000078f800000,0x00000007950b01f8,0x0000000798a80000)
  to   space 152576K, 0% used [0x00000007a1180000,0x00000007a1180000,0x00000007aa680000)
 ParOldGen       total 576000K, used 523239K [0x00000006c0000000, 0x00000006e3280000, 0x000000076ab00000)
  object space 576000K, 90% used [0x00000006c0000000,0x00000006dfef9de0,0x00000006e3280000)
 Metaspace       used 6642K, capacity 7344K, committed 7552K, reserved 1056768K
  class space    used 599K, capacity 616K, committed 640K, reserved 1048576K
Event: 36.125 GC heap after
Heap after GC invocations=22 (full 5):
 PSYoungGen      total 753152K, used 33634K [0x000000076ab00000, 0x00000007aa680000, 0x00000007c0000000)
  eden space 603136K, 0% used [0x000000076ab00000,0x000000076ab00000,0x000000078f800000)
  from space 150016K, 22% used [0x000000078f800000,0x00000007918d8b38,0x0000000798a80000)
  to   space 152576K, 0% used [0x00000007a1180000,0x00000007a1180000,0x00000007aa680000)
 ParOldGen       total 819712K, used 575685K [0x00000006c0000000, 0x00000006f2080000, 0x000000076ab00000)
  object space 819712K, 70% used [0x00000006c0000000,0x00000006e3231520,0x00000006f2080000)
 Metaspace       used 6642K, capacity 7344K, committed 7552K, reserved 1056768K
  class space    used 599K, capacity 616K, committed 640K, reserved 1048576K
}
Event: 38.582 GC heap before
{Heap before GC invocations=23 (full 5):
 PSYoungGen      total 753152K, used 636770K [0x000000076ab00000, 0x00000007aa680000, 0x00000007c0000000)
  eden space 603136K, 100% used [0x000000076ab00000,0x000000078f800000,0x000000078f800000)
  from space 150016K, 22% used [0x000000078f800000,0x00000007918d8b38,0x0000000798a80000)
  to   space 152576K, 0% used [0x00000007a1180000,0x00000007a1180000,0x00000007aa680000)
 ParOldGen       total 819712K, used 575685K [0x00000006c0000000, 0x00000006f2080000, 0x000000076ab00000)
  object space 819712K, 70% used [0x00000006c0000000,0x00000006e3231520,0x00000006f2080000)
 Metaspace       used 6649K, capacity 7344K, committed 7552K, reserved 1056768K
  class space    used 599K, capacity 616K, committed 640K, reserved 1048576K
Event: 39.025 GC heap after
Heap after GC invocations=23 (full 5):
 PSYoungGen      total 855552K, used 93598K [0x000000076ab00000, 0x00000007a9780000, 0x00000007c0000000)
  eden space 718336K, 0% used [0x000000076ab00000,0x000000076ab00000,0x0000000796880000)
  from space 137216K, 68% used [0x00000007a1180000,0x00000007a6ce7958,0x00000007a9780000)
  to   space 155136K, 0% used [0x0000000796880000,0x0000000796880000,0x00000007a0000000)
 ParOldGen       total 819712K, used 606390K [0x00000006c0000000, 0x00000006f2080000, 0x000000076ab00000)
  object space 819712K, 73% used [0x00000006c0000000,0x00000006e502d9f8,0x00000006f2080000)
 Metaspace       used 6649K, capacity 7344K, committed 7552K, reserved 1056768K
  class space    used 599K, capacity 616K, committed 640K, reserved 1048576K
}
Event: 54.450 GC heap before
{Heap before GC invocations=24 (full 5):
 PSYoungGen      total 855552K, used 811934K [0x000000076ab00000, 0x00000007a9780000, 0x00000007c0000000)
  eden space 718336K, 100% used [0x000000076ab00000,0x0000000796880000,0x0000000796880000)
  from space 137216K, 68% used [0x00000007a1180000,0x00000007a6ce7958,0x00000007a9780000)
  to   space 155136K, 0% used [0x0000000796880000,0x0000000796880000,0x00000007a0000000)
 ParOldGen       total 819712K, used 606390K [0x00000006c0000000, 0x00000006f2080000, 0x000000076ab00000)
  object space 819712K, 73% used [0x00000006c0000000,0x00000006e502d9f8,0x00000006f2080000)
 Metaspace       used 6701K, capacity 7344K, committed 7552K, reserved 1056768K
  class space    used 600K, capacity 616K, committed 640K, reserved 1048576K

Deoptimization events (10 events):
Event: 36.159 Thread 0x00007fe1641af800 Uncommon trap: reason=unstable_if action=reinterpret pc=0x00007fe1551f34b0 method=java.util.HashMap.resize()[Ljava/util/HashMap$Node; @ 206
Event: 36.351 Thread 0x00007fe1641af800 Uncommon trap: reason=unstable_if action=reinterpret pc=0x00007fe155b5ac50 method=java.util.HashMap$TreeNode.find(ILjava/lang/Object;Ljava/lang/Class;)Ljava/util/HashMap$TreeNode; @ 102
Event: 36.655 Thread 0x00007fe1641b1800 Uncommon trap: reason=unstable_if action=reinterpret pc=0x00007fe155900d74 method=com.android.dx.cf.code.Merger.isPossiblyAssignableFrom(Lcom/android/dx/rop/type/TypeBearer;Lcom/android/dx/rop/type/TypeBearer;)Z @ 131
Event: 37.057 Thread 0x00007fe16400e800 Uncommon trap: reason=unstable_if action=reinterpret pc=0x00007fe15523dcf4 method=com.android.dx.ssa.back.SsaToRop.convertBasicBlock(Lcom/android/dx/ssa/SsaBasicBlock;)Lcom/android/dx/rop/code/BasicBlock; @ 21
Event: 38.420 Thread 0x00007fe1641b1800 Uncommon trap: reason=unstable_if action=reinterpret pc=0x00007fe15565a5f0 method=com.android.dx.cf.code.Ropper.processBlock(Lcom/android/dx/cf/code/ByteBlock;Lcom/android/dx/cf/code/Frame;[I)V @ 429
Event: 49.929 Thread 0x00007fe16400e800 Uncommon trap: reason=unstable_if action=reinterpret pc=0x00007fe1554c6dec method=java.lang.String.lastIndexOf([CII[CIII)I @ 135
Event: 53.508 Thread 0x00007fe1641a2000 Uncommon trap: reason=class_check action=maybe_recompile pc=0x00007fe15563c6b0 method=com.android.dx.dex.cf.CfTranslator.coerceConstant(Lcom/android/dx/rop/cst/TypedConstant;Lcom/android/dx/rop/type/Type;)Lcom/android/dx/rop/cst/TypedConstant; @ 1
Event: 53.523 Thread 0x00007fe1641a2000 Uncommon trap: reason=class_check action=maybe_recompile pc=0x00007fe15563c6b0 method=com.android.dx.dex.cf.CfTranslator.coerceConstant(Lcom/android/dx/rop/cst/TypedConstant;Lcom/android/dx/rop/type/Type;)Lcom/android/dx/rop/cst/TypedConstant; @ 1
Event: 53.524 Thread 0x00007fe1641a2000 Uncommon trap: reason=class_check action=maybe_recompile pc=0x00007fe15563c6b0 method=com.android.dx.dex.cf.CfTranslator.coerceConstant(Lcom/android/dx/rop/cst/TypedConstant;Lcom/android/dx/rop/type/Type;)Lcom/android/dx/rop/cst/TypedConstant; @ 1
Event: 53.524 Thread 0x00007fe1641a2000 Uncommon trap: reason=class_check action=maybe_recompile pc=0x00007fe15563c6b0 method=com.android.dx.dex.cf.CfTranslator.coerceConstant(Lcom/android/dx/rop/cst/TypedConstant;Lcom/android/dx/rop/type/Type;)Lcom/android/dx/rop/cst/TypedConstant; @ 1

Classes redefined (0 events):
No events

Internal exceptions (10 events):
Event: 0.132 Thread 0x00007fe16400e800 Exception <a 'java/lang/NoSuchMethodError': Method sun.misc.Unsafe.prefetchRead(Ljava/lang/Object;J)V name or signature does not match> (0x000000076ab07f98) thrown at [/usr/local/google/buildbot/src/googleplex-android/openjdk/out/hotspot/src/share/vm/prim
Event: 1.115 Thread 0x00007fe1641af800 Implicit null exception at 0x00007fe155290077 to 0x00007fe155292675
Event: 1.129 Thread 0x00007fe1641a2000 Implicit null exception at 0x00007fe1552b2809 to 0x00007fe1552b4da5
Event: 1.541 Thread 0x00007fe16400e800 Exception <a 'java/lang/ArrayIndexOutOfBoundsException': 18> (0x000000076b7ba7a8) thrown at [/usr/local/google/buildbot/src/googleplex-android/openjdk/out/hotspot/src/share/vm/interpreter/interpreterRuntime.cpp, line 368]
Event: 1.541 Thread 0x00007fe16400e800 Exception <a 'java/lang/ArrayIndexOutOfBoundsException': 145> (0x000000076b7bc328) thrown at [/usr/local/google/buildbot/src/googleplex-android/openjdk/out/hotspot/src/share/vm/interpreter/interpreterRuntime.cpp, line 368]
Event: 1.542 Thread 0x00007fe16400e800 Exception <a 'java/lang/ArrayIndexOutOfBoundsException': 40> (0x000000076b7bd610) thrown at [/usr/local/google/buildbot/src/googleplex-android/openjdk/out/hotspot/src/share/vm/interpreter/interpreterRuntime.cpp, line 368]
Event: 10.903 Thread 0x00007fe1641a2000 Implicit null exception at 0x00007fe1555c7a94 to 0x00007fe1555c8a09
Event: 17.570 Thread 0x00007fe1641b1800 Implicit null exception at 0x00007fe155b54419 to 0x00007fe155b54cd9
Event: 21.129 Thread 0x00007fe1641b1800 Implicit null exception at 0x00007fe155959407 to 0x00007fe15595eb1d
Event: 21.129 Thread 0x00007fe1641b1800 Implicit null exception at 0x00007fe1558ceac6 to 0x00007fe1558d307d

Events (10 events):
Event: 54.367 Thread 0x00007fe1640bf800 flushing nmethod 0x00007fe155692390
Event: 54.367 Thread 0x00007fe1640bf800 flushing nmethod 0x00007fe1556b1250
Event: 54.367 Thread 0x00007fe1640bf800 flushing nmethod 0x00007fe1556d25d0
Event: 54.368 Thread 0x00007fe1640bf800 flushing nmethod 0x00007fe15573c850
Event: 54.369 Thread 0x00007fe1640bf800 flushing nmethod 0x00007fe15575d810
Event: 54.389 Thread 0x00007fe1640c1800 flushing nmethod 0x00007fe1559ab710
Event: 54.389 Thread 0x00007fe1640c1800 flushing nmethod 0x00007fe1559b0d10
Event: 54.390 Thread 0x00007fe1640c1800 flushing nmethod 0x00007fe155b24650
Event: 54.390 Thread 0x00007fe1640c1800 flushing nmethod 0x00007fe155c16e10
Event: 54.449 Executing VM operation: ParallelGCFailedAllocation


Dynamic libraries:
00400000-00401000 r-xp 00000000 08:01 7352713                            /home/niroop/Documents/android-studio/jre/bin/java
00401000-00402000 rw-p 00000000 08:01 7352713                            /home/niroop/Documents/android-studio/jre/bin/java
01998000-019b9000 rw-p 00000000 00:00 0                                  [heap]
6c0000000-6f2080000 rw-p 00000000 00:00 0 
6f2080000-76ab00000 ---p 00000000 00:00 0 
76ab00000-7a9780000 rw-p 00000000 00:00 0 
7b5880000-7c0000000 ---p 00000000 00:00 0 
7c0000000-7c00a0000 rw-p 00000000 00:00 0 
7c00a0000-800000000 ---p 00000000 00:00 0 
7fe0f4000000-7fe0f4040000 rw-p 00000000 00:00 0 
7fe0f4040000-7fe0f8000000 ---p 00000000 00:00 0 
7fe0fc000000-7fe0fc042000 rw-p 00000000 00:00 0 
7fe0fc042000-7fe100000000 ---p 00000000 00:00 0 
7fe100000000-7fe100069000 rw-p 00000000 00:00 0 
7fe100069000-7fe104000000 ---p 00000000 00:00 0 
7fe104000000-7fe104050000 rw-p 00000000 00:00 0 
7fe104050000-7fe108000000 ---p 00000000 00:00 0 
7fe108000000-7fe108021000 rw-p 00000000 00:00 0 
7fe108021000-7fe10c000000 ---p 00000000 00:00 0 
7fe10c000000-7fe10c021000 rw-p 00000000 00:00 0 
7fe10c021000-7fe110000000 ---p 00000000 00:00 0 
7fe110000000-7fe110021000 rw-p 00000000 00:00 0 
7fe110021000-7fe114000000 ---p 00000000 00:00 0 
7fe114000000-7fe115840000 rw-p 00000000 00:00 0 
7fe115840000-7fe118000000 ---p 00000000 00:00 0 
7fe118000000-7fe118a63000 rw-p 00000000 00:00 0 
7fe118a63000-7fe11c000000 ---p 00000000 00:00 0 
7fe11c000000-7fe11c021000 rw-p 00000000 00:00 0 
7fe11c021000-7fe120000000 ---p 00000000 00:00 0 
7fe120000000-7fe121318000 rw-p 00000000 00:00 0 
7fe121318000-7fe124000000 ---p 00000000 00:00 0 
7fe124000000-7fe124021000 rw-p 00000000 00:00 0 
7fe124021000-7fe128000000 ---p 00000000 00:00 0 
7fe128000000-7fe128021000 rw-p 00000000 00:00 0 
7fe128021000-7fe12c000000 ---p 00000000 00:00 0 
7fe12c000000-7fe134000000 rw-p 00000000 00:00 0 
7fe134000000-7fe134021000 rw-p 00000000 00:00 0 
7fe134021000-7fe138000000 ---p 00000000 00:00 0 
7fe138000000-7fe1382c4000 rw-p 00000000 00:00 0 
7fe1382c4000-7fe13c000000 ---p 00000000 00:00 0 
7fe13c000000-7fe13c021000 rw-p 00000000 00:00 0 
7fe13c021000-7fe140000000 ---p 00000000 00:00 0 
7fe144000000-7fe144021000 rw-p 00000000 00:00 0 
7fe144021000-7fe148000000 ---p 00000000 00:00 0 
7fe14c000000-7fe14c021000 rw-p 00000000 00:00 0 
7fe14c021000-7fe150000000 ---p 00000000 00:00 0 
7fe1500df000-7fe1500e2000 ---p 00000000 00:00 0 
7fe1500e2000-7fe1501e0000 rw-p 00000000 00:00 0 
7fe1501e0000-7fe1501e3000 ---p 00000000 00:00 0 
7fe1501e3000-7fe1502e1000 rw-p 00000000 00:00 0 
7fe1502e1000-7fe1502e4000 ---p 00000000 00:00 0 
7fe1502e4000-7fe1503e2000 rw-p 00000000 00:00 0 
7fe1503e2000-7fe1503e5000 ---p 00000000 00:00 0 
7fe1503e5000-7fe1504e3000 rw-p 00000000 00:00 0 
7fe1504e3000-7fe1504e6000 ---p 00000000 00:00 0 
7fe1504e6000-7fe1505e4000 rw-p 00000000 00:00 0 
7fe1505e4000-7fe1505e5000 ---p 00000000 00:00 0 
7fe1505e5000-7fe1506e5000 rw-p 00000000 00:00 0 
7fe1506e5000-7fe1506e8000 ---p 00000000 00:00 0 
7fe1506e8000-7fe1507e6000 rw-p 00000000 00:00 0 
7fe1507e6000-7fe1507e7000 ---p 00000000 00:00 0 
7fe1507e7000-7fe1507ea000 ---p 00000000 00:00 0 
7fe1507ea000-7fe1508e7000 rw-p 00000000 00:00 0 
7fe1508e7000-7fe1508e8000 ---p 00000000 00:00 0 
7fe1508e8000-7fe1508eb000 ---p 00000000 00:00 0 
7fe1508eb000-7fe1509e8000 rw-p 00000000 00:00 0 
7fe1509e8000-7fe1509e9000 ---p 00000000 00:00 0 
7fe1509e9000-7fe1509ec000 ---p 00000000 00:00 0 
7fe1509ec000-7fe150ae9000 rw-p 00000000 00:00 0 
7fe150ae9000-7fe150aec000 ---p 00000000 00:00 0 
7fe150aec000-7fe150bea000 rw-p 00000000 00:00 0 
7fe150bea000-7fe1515b9000 r--p 00000000 08:01 6036074                    /usr/lib/locale/locale-archive
7fe1515b9000-7fe1515bc000 ---p 00000000 00:00 0 
7fe1515bc000-7fe1516ba000 rw-p 00000000 00:00 0 
7fe1516ba000-7fe1516bd000 ---p 00000000 00:00 0 
7fe1516bd000-7fe1517bb000 rw-p 00000000 00:00 0 
7fe1517bb000-7fe1517bc000 ---p 00000000 00:00 0 
7fe1517bc000-7fe15289d000 rw-p 00000000 00:00 0 
7fe15289d000-7fe152a6f000 r--s 03cad000 08:01 7352843                    /home/niroop/Documents/android-studio/jre/jre/lib/rt.jar
7fe152a6f000-7fe1531a5000 rw-p 00000000 00:00 0 
7fe1531a5000-7fe1532e5000 ---p 00000000 00:00 0 
7fe1532e5000-7fe153ae5000 rw-p 00000000 00:00 0 
7fe153ae5000-7fe153ae6000 ---p 00000000 00:00 0 
7fe153ae6000-7fe153be6000 rw-p 00000000 00:00 0 
7fe153be6000-7fe153be7000 ---p 00000000 00:00 0 
7fe153be7000-7fe153ce7000 rw-p 00000000 00:00 0 
7fe153ce7000-7fe153ce8000 ---p 00000000 00:00 0 
7fe153ce8000-7fe153de8000 rw-p 00000000 00:00 0 
7fe153de8000-7fe153de9000 ---p 00000000 00:00 0 
7fe153de9000-7fe15407a000 rw-p 00000000 00:00 0 
7fe15407a000-7fe15443f000 ---p 00000000 00:00 0 
7fe15443f000-7fe1545d0000 rw-p 00000000 00:00 0 
7fe1545d0000-7fe154994000 ---p 00000000 00:00 0 
7fe154994000-7fe154b8b000 rw-p 00000000 00:00 0 
7fe154b8b000-7fe154c3f000 ---p 00000000 00:00 0 
7fe154c3f000-7fe154c73000 rw-p 00000000 00:00 0 
7fe154c73000-7fe155000000 ---p 00000000 00:00 0 
7fe155000000-7fe155cb0000 rwxp 00000000 00:00 0 
7fe155cb0000-7fe164000000 ---p 00000000 00:00 0 
7fe164000000-7fe164432000 rw-p 00000000 00:00 0 
7fe164432000-7fe168000000 ---p 00000000 00:00 0 
7fe168000000-7fe16800f000 r--s 000e4000 08:01 11851761                   /home/niroop/Android/Sdk/build-tools/26.0.0/lib/dx.jar
7fe16800f000-7fe16808b000 rw-p 00000000 00:00 0 
7fe16808b000-7fe168096000 r-xp 00000000 08:01 1840165                    /lib/x86_64-linux-gnu/libnss_files-2.27.so
7fe168096000-7fe168295000 ---p 0000b000 08:01 1840165                    /lib/x86_64-linux-gnu/libnss_files-2.27.so
7fe168295000-7fe168296000 r--p 0000a000 08:01 1840165                    /lib/x86_64-linux-gnu/libnss_files-2.27.so
7fe168296000-7fe168297000 rw-p 0000b000 08:01 1840165                    /lib/x86_64-linux-gnu/libnss_files-2.27.so
7fe168297000-7fe16829d000 rw-p 00000000 00:00 0 
7fe16829d000-7fe1682b4000 r-xp 00000000 08:01 1840159                    /lib/x86_64-linux-gnu/libnsl-2.27.so
7fe1682b4000-7fe1684b3000 ---p 00017000 08:01 1840159                    /lib/x86_64-linux-gnu/libnsl-2.27.so
7fe1684b3000-7fe1684b4000 r--p 00016000 08:01 1840159                    /lib/x86_64-linux-gnu/libnsl-2.27.so
7fe1684b4000-7fe1684b5000 rw-p 00017000 08:01 1840159                    /lib/x86_64-linux-gnu/libnsl-2.27.so
7fe1684b5000-7fe1684b7000 rw-p 00000000 00:00 0 
7fe1684b7000-7fe1684c2000 r-xp 00000000 08:01 1840176                    /lib/x86_64-linux-gnu/libnss_nis-2.27.so
7fe1684c2000-7fe1686c1000 ---p 0000b000 08:01 1840176                    /lib/x86_64-linux-gnu/libnss_nis-2.27.so
7fe1686c1000-7fe1686c2000 r--p 0000a000 08:01 1840176                    /lib/x86_64-linux-gnu/libnss_nis-2.27.so
7fe1686c2000-7fe1686c3000 rw-p 0000b000 08:01 1840176                    /lib/x86_64-linux-gnu/libnss_nis-2.27.so
7fe1686c3000-7fe1686cb000 r-xp 00000000 08:01 1840161                    /lib/x86_64-linux-gnu/libnss_compat-2.27.so
7fe1686cb000-7fe1688cb000 ---p 00008000 08:01 1840161                    /lib/x86_64-linux-gnu/libnss_compat-2.27.so
7fe1688cb000-7fe1688cc000 r--p 00008000 08:01 1840161                    /lib/x86_64-linux-gnu/libnss_compat-2.27.so
7fe1688cc000-7fe1688cd000 rw-p 00009000 08:01 1840161                    /lib/x86_64-linux-gnu/libnss_compat-2.27.so
7fe1688cd000-7fe1688d4000 r-xp 00000000 08:01 1840216                    /lib/x86_64-linux-gnu/librt-2.27.so
7fe1688d4000-7fe168ad3000 ---p 00007000 08:01 1840216                    /lib/x86_64-linux-gnu/librt-2.27.so
7fe168ad3000-7fe168ad4000 r--p 00006000 08:01 1840216                    /lib/x86_64-linux-gnu/librt-2.27.so
7fe168ad4000-7fe168ad5000 rw-p 00007000 08:01 1840216                    /lib/x86_64-linux-gnu/librt-2.27.so
7fe168ad5000-7fe168c72000 r-xp 00000000 08:01 1840138                    /lib/x86_64-linux-gnu/libm-2.27.so
7fe168c72000-7fe168e71000 ---p 0019d000 08:01 1840138                    /lib/x86_64-linux-gnu/libm-2.27.so
7fe168e71000-7fe168e72000 r--p 0019c000 08:01 1840138                    /lib/x86_64-linux-gnu/libm-2.27.so
7fe168e72000-7fe168e73000 rw-p 0019d000 08:01 1840138                    /lib/x86_64-linux-gnu/libm-2.27.so
7fe168e73000-7fe169a99000 r-xp 00000000 08:01 7352820                    /home/niroop/Documents/android-studio/jre/jre/lib/amd64/server/libjvm.so
7fe169a99000-7fe169b69000 rw-p 00c26000 08:01 7352820                    /home/niroop/Documents/android-studio/jre/jre/lib/amd64/server/libjvm.so
7fe169b69000-7fe169bad000 rw-p 00000000 00:00 0 
7fe169bad000-7fe169d94000 r-xp 00000000 08:01 1840075                    /lib/x86_64-linux-gnu/libc-2.27.so
7fe169d94000-7fe169f94000 ---p 001e7000 08:01 1840075                    /lib/x86_64-linux-gnu/libc-2.27.so
7fe169f94000-7fe169f98000 r--p 001e7000 08:01 1840075                    /lib/x86_64-linux-gnu/libc-2.27.so
7fe169f98000-7fe169f9a000 rw-p 001eb000 08:01 1840075                    /lib/x86_64-linux-gnu/libc-2.27.so
7fe169f9a000-7fe169f9e000 rw-p 00000000 00:00 0 
7fe169f9e000-7fe169fa1000 r-xp 00000000 08:01 1840098                    /lib/x86_64-linux-gnu/libdl-2.27.so
7fe169fa1000-7fe16a1a0000 ---p 00003000 08:01 1840098                    /lib/x86_64-linux-gnu/libdl-2.27.so
7fe16a1a0000-7fe16a1a1000 r--p 00002000 08:01 1840098                    /lib/x86_64-linux-gnu/libdl-2.27.so
7fe16a1a1000-7fe16a1a2000 rw-p 00003000 08:01 1840098                    /lib/x86_64-linux-gnu/libdl-2.27.so
7fe16a1a2000-7fe16a1bc000 r-xp 00000000 08:01 1840208                    /lib/x86_64-linux-gnu/libpthread-2.27.so
7fe16a1bc000-7fe16a3bb000 ---p 0001a000 08:01 1840208                    /lib/x86_64-linux-gnu/libpthread-2.27.so
7fe16a3bb000-7fe16a3bc000 r--p 00019000 08:01 1840208                    /lib/x86_64-linux-gnu/libpthread-2.27.so
7fe16a3bc000-7fe16a3bd000 rw-p 0001a000 08:01 1840208                    /lib/x86_64-linux-gnu/libpthread-2.27.so
7fe16a3bd000-7fe16a3c1000 rw-p 00000000 00:00 0 
7fe16a3c1000-7fe16a3e8000 r-xp 00000000 08:01 1840047                    /lib/x86_64-linux-gnu/ld-2.27.so
7fe16a3ef000-7fe16a467000 rw-p 00000000 00:00 0 
7fe16a467000-7fe16a482000 r-xp 00000000 08:01 7352802                    /home/niroop/Documents/android-studio/jre/jre/lib/amd64/libzip.so
7fe16a482000-7fe16a483000 rw-p 0001a000 08:01 7352802                    /home/niroop/Documents/android-studio/jre/jre/lib/amd64/libzip.so
7fe16a483000-7fe16a4ad000 r-xp 00000000 08:01 7352810                    /home/niroop/Documents/android-studio/jre/jre/lib/amd64/libjava.so
7fe16a4ad000-7fe16a4af000 rw-p 0002a000 08:01 7352810                    /home/niroop/Documents/android-studio/jre/jre/lib/amd64/libjava.so
7fe16a4af000-7fe16a4b0000 ---p 00000000 00:00 0 
7fe16a4b0000-7fe16a4b3000 ---p 00000000 00:00 0 
7fe16a4b3000-7fe16a5b2000 rw-p 00000000 00:00 0 
7fe16a5b2000-7fe16a5c8000 r-xp 00000000 08:01 7352701                    /home/niroop/Documents/android-studio/jre/lib/amd64/jli/libjli.so
7fe16a5c8000-7fe16a5c9000 rw-p 00015000 08:01 7352701                    /home/niroop/Documents/android-studio/jre/lib/amd64/jli/libjli.so
7fe16a5c9000-7fe16a5cb000 rw-p 00000000 00:00 0 
7fe16a5cf000-7fe16a5d7000 rw-s 00000000 08:01 12583644                   /tmp/hsperfdata_niroop/14456
7fe16a5d7000-7fe16a5d8000 rw-p 00000000 00:00 0 
7fe16a5d8000-7fe16a5d9000 ---p 00000000 00:00 0 
7fe16a5d9000-7fe16a5e6000 r-xp 00000000 08:01 7352798                    /home/niroop/Documents/android-studio/jre/jre/lib/amd64/libverify.so
7fe16a5e6000-7fe16a5e8000 rw-p 0000c000 08:01 7352798                    /home/niroop/Documents/android-studio/jre/jre/lib/amd64/libverify.so
7fe16a5e8000-7fe16a5e9000 r--p 00027000 08:01 1840047                    /lib/x86_64-linux-gnu/ld-2.27.so
7fe16a5e9000-7fe16a5ea000 rw-p 00028000 08:01 1840047                    /lib/x86_64-linux-gnu/ld-2.27.so
7fe16a5ea000-7fe16a5eb000 rw-p 00000000 00:00 0 
7ffcab82c000-7ffcab84e000 rw-p 00000000 00:00 0                          [stack]
7ffcab98d000-7ffcab990000 r--p 00000000 00:00 0                          [vvar]
7ffcab990000-7ffcab991000 r-xp 00000000 00:00 0                          [vdso]
ffffffffff600000-ffffffffff601000 r-xp 00000000 00:00 0                  [vsyscall]

VM Arguments:
jvm_args: -Djava.awt.headless=true -Xmx4g -Dfile.encoding=UTF-8 -Duser.country=IN -Duser.language=en -Duser.variant 
java_command: com.android.dx.command.Main --dex --num-threads=4 --multi-dex --output /media/niroop/External HDD/AndroidStudioProjects/User App/app/build/intermediates/transforms/dex/debug/folders/1000/1f/main /home/niroop/.gradle/caches/modules-2/files-2.1/com.twitter/twitter-text/1.13.0/78415b95ae3184c5926d593feab64bfc0b73b2dd/twitter-text-1.13.0.jar /home/niroop/.android/build-cache/344e0ae5b96a066c340cbb65de62b9926cdefc58/output/jars/classes.jar /home/niroop/.android/build-cache/708519143cb1ca08075ced6ae13de74ca64bf15f/output/jars/classes.jar /home/niroop/.gradle/caches/modules-2/files-2.1/com.squareup.okhttp3/okhttp-ws/3.0.1/bd9b51a0188fc8f14bf840a0d326755545206116/okhttp-ws-3.0.1.jar /home/niroop/.android/build-cache/9b622f381cb7bb5838d987a04cc0137936991cc2/output/jars/classes.jar /home/niroop/.android/build-cache/5b51a3324933b67d5359e9286d32d4d1e7e614f2/output/jars/classes.jar /home/niroop/.android/build-cache/12d56c18a42d1f05b9ac1647b156441e2a4dbff5/output/jars/classes.jar /home/niroop/.android/build-cache/0add6791efe6dec7f33222700afd520c9a82813b/output/jars/classes.jar /media/niroop/External HDD/AndroidStudioProjects/User App/stripe/build/intermediates/bundles/default/classes.jar /home/niroop/.android/build-cache/26d5ae123ee9172a01bd32d1a79379bec37b7d2d/output/jars/classes.jar /home/niroop/.gradle/caches/modules-2/files-2.1/com.google.code.gson/gson/2.3/5fc52c41ef0239d1093a1eb7c3697036183677ce/gson-2.3.jar /home/niroop/.gradle/caches/modules-2/files-2.1/cz.msebera.android/httpclient/4.4.1.1/c8d96f6fd2bcc179c312da33ee670a71188cc60d/httpclient-4.4.1.1.jar /home/niroop/.android/build-cache/66327af80aa184671fc17553104e2db35ef7a9b3/output/jars/classes.jar /home/niroop/.android/build-cache/b257c5c0db47bbccb6143d3aada52dde313d9b0e/output/jars/classes.jar /home/niroop/.android/build-cache/3bccaacd42e5be60ac7fed01bcd491f7523ce2f1/output/jars/classes.jar /home/niroop/.android/build-cache/64700c7b9fdf25534d3d17e45870aa364dcf0d2b/output/jars/classes.jar /home/niroop/.
java_class_path (initial): /home/niroop/Android/Sdk/build-tools/26.0.0/lib/dx.jar
Launcher Type: SUN_STANDARD

Environment Variables:
PATH=/usr/local/sbin:/usr/local/bin:/usr/sbin:/usr/bin:/sbin:/bin:/usr/games:/usr/local/games:/snap/bin:/usr/lib/dart/bin
USERNAME=niroop
SHELL=/bin/bash
DISPLAY=:0

Signal Handlers:
SIGSEGV: [libjvm.so+0xa09650], sa_mask[0]=11111111011111111101111111111110, sa_flags=SA_RESTART|SA_SIGINFO
SIGBUS: [libjvm.so+0xa09650], sa_mask[0]=11111111011111111101111111111110, sa_flags=SA_RESTART|SA_SIGINFO
SIGFPE: [libjvm.so+0x86bc60], sa_mask[0]=11111111011111111101111111111110, sa_flags=SA_RESTART|SA_SIGINFO
SIGPIPE: [libjvm.so+0x86bc60], sa_mask[0]=11111111011111111101111111111110, sa_flags=SA_RESTART|SA_SIGINFO
SIGXFSZ: [libjvm.so+0x86bc60], sa_mask[0]=11111111011111111101111111111110, sa_flags=SA_RESTART|SA_SIGINFO
SIGILL: [libjvm.so+0x86bc60], sa_mask[0]=11111111011111111101111111111110, sa_flags=SA_RESTART|SA_SIGINFO
SIGUSR1: SIG_DFL, sa_mask[0]=00000000000000000000000000000000, sa_flags=none
SIGUSR2: [libjvm.so+0x86bb30], sa_mask[0]=00100000000000000000000000000000, sa_flags=SA_RESTART|SA_SIGINFO
SIGHUP: [libjvm.so+0x86bd20], sa_mask[0]=11111111011111111101111111111110, sa_flags=SA_RESTART|SA_SIGINFO
SIGINT: [libjvm.so+0x86bd20], sa_mask[0]=11111111011111111101111111111110, sa_flags=SA_RESTART|SA_SIGINFO
SIGTERM: [libjvm.so+0x86bd20], sa_mask[0]=11111111011111111101111111111110, sa_flags=SA_RESTART|SA_SIGINFO
SIGQUIT: [libjvm.so+0x86bd20], sa_mask[0]=11111111011111111101111111111110, sa_flags=SA_RESTART|SA_SIGINFO


---------------  S Y S T E M  ---------------

OS:DISTRIB_ID=Ubuntu
DISTRIB_RELEASE=18.04
DISTRIB_CODENAME=bionic
DISTRIB_DESCRIPTION="Ubuntu 18.04.3 LTS"

uname:Linux 5.0.0-37-generic #40~18.04.1-Ubuntu SMP Thu Nov 14 12:06:39 UTC 2019 x86_64
libc:glibc 2.27 NPTL 2.27 
rlimit: STACK 8192k, CORE 0k, NPROC 23162, NOFILE 1048576, AS infinity
load average:10.72 4.65 2.79

/proc/meminfo:
MemTotal:        5979864 kB
MemFree:          124480 kB
MemAvailable:      43252 kB
Buffers:            2208 kB
Cached:            99484 kB
SwapCached:         4876 kB
Active:          4797748 kB
Inactive:         698788 kB
Active(anon):    4790148 kB
Inactive(anon):   684404 kB
Active(file):       7600 kB
Inactive(file):    14384 kB
Unevictable:         128 kB
Mlocked:              48 kB
SwapTotal:       2097148 kB
SwapFree:              0 kB
Dirty:               132 kB
Writeback:            64 kB
AnonPages:       5391768 kB
Mapped:            32632 kB
Shmem:             79332 kB
KReclaimable:      77096 kB
Slab:             147044 kB
SReclaimable:      77096 kB
SUnreclaim:        69948 kB
KernelStack:       19328 kB
PageTables:        87780 kB
NFS_Unstable:          0 kB
Bounce:                0 kB
WritebackTmp:          0 kB
CommitLimit:     5087080 kB
Committed_AS:   16708008 kB
VmallocTotal:   34359738367 kB
VmallocUsed:           0 kB
VmallocChunk:          0 kB
Percpu:             2528 kB
HardwareCorrupted:     0 kB
AnonHugePages:         0 kB
ShmemHugePages:        0 kB
ShmemPmdMapped:        0 kB
CmaTotal:              0 kB
CmaFree:               0 kB
HugePages_Total:       0
HugePages_Free:        0
HugePages_Rsvd:        0
HugePages_Surp:        0
Hugepagesize:       2048 kB
Hugetlb:               0 kB
DirectMap4k:      262424 kB
DirectMap2M:     5908480 kB

container (cgroup) information:
container_type: cgroupv1
cpu_cpuset_cpus: 0-3
cpu_memory_nodes: 0
active_processor_count: 4
cpu_quota: -1
cpu_period: 100000
cpu_shares: -1
memory_limit_in_bytes: -1
memory_and_swap_limit_in_bytes: -2
memory_soft_limit_in_bytes: -1
memory_usage_in_bytes: 5628661760
memory_max_usage_in_bytes: 31481856


CPU:total 4 (initial active 4) (2 cores per cpu, 2 threads per core) family 6 model 58 stepping 9, cmov, cx8, fxsr, mmx, sse, sse2, sse3, ssse3, sse4.1, sse4.2, popcnt, avx, aes, clmul, erms, ht, tsc, tscinvbit, tscinv

/proc/cpuinfo:
processor	: 0
vendor_id	: GenuineIntel
cpu family	: 6
model		: 58
model name	: Intel(R) Core(TM) i5-3337U CPU @ 1.80GHz
stepping	: 9
microcode	: 0x21
cpu MHz		: 2132.498
cache size	: 3072 KB
physical id	: 0
siblings	: 4
core id		: 0
cpu cores	: 2
apicid		: 0
initial apicid	: 0
fpu		: yes
fpu_exception	: yes
cpuid level	: 13
wp		: yes
flags		: fpu vme de pse tsc msr pae mce cx8 apic sep mtrr pge mca cmov pat pse36 clflush dts acpi mmx fxsr sse sse2 ss ht tm pbe syscall nx rdtscp lm constant_tsc arch_perfmon pebs bts rep_good nopl xtopology nonstop_tsc cpuid aperfmperf pni pclmulqdq dtes64 monitor ds_cpl vmx est tm2 ssse3 cx16 xtpr pdcm pcid sse4_1 sse4_2 x2apic popcnt tsc_deadline_timer aes xsave avx f16c rdrand lahf_lm cpuid_fault epb pti ssbd ibrs ibpb stibp tpr_shadow vnmi flexpriority ept vpid fsgsbase smep erms xsaveopt dtherm ida arat pln pts md_clear flush_l1d
bugs		: cpu_meltdown spectre_v1 spectre_v2 spec_store_bypass l1tf mds swapgs itlb_multihit
bogomips	: 3591.77
clflush size	: 64
cache_alignment	: 64
address sizes	: 36 bits physical, 48 bits virtual
power management:

processor	: 1
vendor_id	: GenuineIntel
cpu family	: 6
model		: 58
model name	: Intel(R) Core(TM) i5-3337U CPU @ 1.80GHz
stepping	: 9
microcode	: 0x21
cpu MHz		: 2368.416
cache size	: 3072 KB
physical id	: 0
siblings	: 4
core id		: 0
cpu cores	: 2
apicid		: 1
initial apicid	: 1
fpu		: yes
fpu_exception	: yes
cpuid level	: 13
wp		: yes
flags		: fpu vme de pse tsc msr pae mce cx8 apic sep mtrr pge mca cmov pat pse36 clflush dts acpi mmx fxsr sse sse2 ss ht tm pbe syscall nx rdtscp lm constant_tsc arch_perfmon pebs bts rep_good nopl xtopology nonstop_tsc cpuid aperfmperf pni pclmulqdq dtes64 monitor ds_cpl vmx est tm2 ssse3 cx16 xtpr pdcm pcid sse4_1 sse4_2 x2apic popcnt tsc_deadline_timer aes xsave avx f16c rdrand lahf_lm cpuid_fault epb pti ssbd ibrs ibpb stibp tpr_shadow vnmi flexpriority ept vpid fsgsbase smep erms xsaveopt dtherm ida arat pln pts md_clear flush_l1d
bugs		: cpu_meltdown spectre_v1 spectre_v2 spec_store_bypass l1tf mds swapgs itlb_multihit
bogomips	: 3591.77
clflush size	: 64
cache_alignment	: 64
address sizes	: 36 bits physical, 48 bits virtual
power management:

processor	: 2
vendor_id	: GenuineIntel
cpu family	: 6
model		: 58
model name	: Intel(R) Core(TM) i5-3337U CPU @ 1.80GHz
stepping	: 9
microcode	: 0x21
cpu MHz		: 2214.240
cache size	: 3072 KB
physical id	: 0
siblings	: 4
core id		: 1
cpu cores	: 2
apicid		: 2
initial apicid	: 2
fpu		: yes
fpu_exception	: yes
cpuid level	: 13
wp		: yes
flags		: fpu vme de pse tsc msr pae mce cx8 apic sep mtrr pge mca cmov pat pse36 clflush dts acpi mmx fxsr sse sse2 ss ht tm pbe syscall nx rdtscp lm constant_tsc arch_perfmon pebs bts rep_good nopl xtopology nonstop_tsc cpuid aperfmperf pni pclmulqdq dtes64 monitor ds_cpl vmx est tm2 ssse3 cx16 xtpr pdcm pcid sse4_1 sse4_2 x2apic popcnt tsc_deadline_timer aes xsave avx f16c rdrand lahf_lm cpuid_fault epb pti ssbd ibrs ibpb stibp tpr_shadow vnmi flexpriority ept vpid fsgsbase smep erms xsaveopt dtherm ida arat pln pts md_clear flush_l1d
bugs		: cpu_meltdown spectre_v1 spectre_v2 spec_store_bypass l1tf mds swapgs itlb_multihit
bogomips	: 3591.77
clflush size	: 64
cache_alignment	: 64
address sizes	: 36 bits physical, 48 bits virtual
power management:

processor	: 3
vendor_id	: GenuineIntel
cpu family	: 6
model		: 58
model name	: Intel(R) Core(TM) i5-3337U CPU @ 1.80GHz
stepping	: 9
microcode	: 0x21
cpu MHz		: 2302.798
cache size	: 3072 KB
physical id	: 0
siblings	: 4
core id		: 1
cpu cores	: 2
apicid		: 3
initial apicid	: 3
fpu		: yes
fpu_exception	: yes
cpuid level	: 13
wp		: yes
flags		: fpu vme de pse tsc msr pae mce cx8 apic sep mtrr pge mca cmov pat pse36 clflush dts acpi mmx fxsr sse sse2 ss ht tm pbe syscall nx rdtscp lm constant_tsc arch_perfmon pebs bts rep_good nopl xtopology nonstop_tsc cpuid aperfmperf pni pclmulqdq dtes64 monitor ds_cpl vmx est tm2 ssse3 cx16 xtpr pdcm pcid sse4_1 sse4_2 x2apic popcnt tsc_deadline_timer aes xsave avx f16c rdrand lahf_lm cpuid_fault epb pti ssbd ibrs ibpb stibp tpr_shadow vnmi flexpriority ept vpid fsgsbase smep erms xsaveopt dtherm ida arat pln pts md_clear flush_l1d
bugs		: cpu_meltdown spectre_v1 spectre_v2 spec_store_bypass l1tf mds swapgs itlb_multihit
bogomips	: 3591.77
clflush size	: 64
cache_alignment	: 64
address sizes	: 36 bits physical, 48 bits virtual
power management:



Memory: 4k page, physical 5979864k(122724k free), swap 2097148k(0k free)

vm_info: OpenJDK 64-Bit Server VM (25.202-b49-5587405) for linux-amd64 JRE (1.8.0_202-release-1483-b49-5587405), built by "android-build" with gcc 4.8

time: Fri Mar 13 17:37:12 2020
timezone: IST
elapsed time: 55 seconds (0d 0h 0m 55s)

