#
# There is insufficient memory for the Java Runtime Environment to continue.
# Native memory allocation (mmap) failed to map 247463936 bytes for committing reserved memory.
# Possible reasons:
#   The system is out of physical RAM or swap space
#   The process is running with CompressedOops enabled, and the Java Heap may be blocking the growth of the native heap
# Possible solutions:
#   Reduce memory load on the system
#   Increase physical memory or swap space
#   Check if swap backing store is full
#   Decrease Java heap size (-Xmx/-Xms)
#   Decrease number of Java threads
#   Decrease Java thread stack sizes (-Xss)
#   Set larger code cache with -XX:ReservedCodeCacheSize=
#   JVM is running with Zero Based Compressed Oops mode in which the Java heap is
#     placed in the first 32GB address space. The Java Heap base address is the
#     maximum limit for the native heap growth. Please use -XX:HeapBaseMinAddress
#     to set the Java Heap base and to place the Java Heap above 32GB virtual address.
# This output file may be truncated or incomplete.
#
#  Out of Memory Error (os_linux.cpp:2753), pid=17927, tid=0x00007ff1b3bfb700
#
# JRE version: OpenJDK Runtime Environment (8.0_202) (build 1.8.0_202-release-1483-b49-5587405)
# Java VM: OpenJDK 64-Bit Server VM (25.202-b49-5587405 mixed mode linux-amd64 compressed oops)
# Failed to write core dump. Core dumps have been disabled. To enable core dumping, try "ulimit -c unlimited" before starting Java again
#

---------------  T H R E A D  ---------------

Current thread (0x00007ff1c807c800):  VMThread [stack: 0x00007ff1b3afc000,0x00007ff1b3bfc000] [id=17937]

Stack: [0x00007ff1b3afc000,0x00007ff1b3bfc000],  sp=0x00007ff1b3bfa530,  free space=1017k
Native frames: (J=compiled Java code, j=interpreted, Vv=VM code, C=native code)
V  [libjvm.so+0xa08b78]  VMError::report_and_die()+0x148
V  [libjvm.so+0x4d412a]  report_vm_out_of_memory(char const*, int, unsigned long, VMErrorType, char const*)+0x8a
V  [libjvm.so+0x870478]  os::pd_commit_memory(char*, unsigned long, unsigned long, bool)+0xd8
V  [libjvm.so+0x867f9f]  os::commit_memory(char*, unsigned long, unsigned long, bool)+0x1f
V  [libjvm.so+0x8e14eb]  PSVirtualSpace::expand_by(unsigned long)+0x5b
V  [libjvm.so+0x8d234b]  PSOldGen::expand_by(unsigned long) [clone .part.109]+0x1b
V  [libjvm.so+0x8d250b]  PSOldGen::expand(unsigned long) [clone .part.111]+0xdb
V  [libjvm.so+0x8d2de8]  PSOldGen::resize(unsigned long)+0x188
V  [libjvm.so+0x8d83cc]  PSParallelCompact::invoke_no_policy(bool)+0x94c
V  [libjvm.so+0x8df48d]  PSScavenge::invoke()+0x17d
V  [libjvm.so+0x893763]  ParallelScavengeHeap::failed_mem_allocate(unsigned long)+0x63
V  [libjvm.so+0xa0a644]  VM_ParallelGCFailedAllocation::doit()+0x84
V  [libjvm.so+0xa0ea17]  VM_Operation::evaluate()+0x47
V  [libjvm.so+0xa0d498]  VMThread::evaluate_operation(VM_Operation*)+0x218
V  [libjvm.so+0xa0d8d1]  VMThread::loop()+0x1f1
V  [libjvm.so+0xa0dd02]  VMThread::run()+0x72
V  [libjvm.so+0x86d652]  java_start(Thread*)+0xf2

VM_Operation (0x00007ff1d09c3740): ParallelGCFailedAllocation, mode: safepoint, requested by thread 0x00007ff1c800e800


---------------  P R O C E S S  ---------------

Java Threads: ( => current thread )
  0x00007ff1c8169000 JavaThread "pool-2-thread-4" [_thread_blocked, id=17955, stack(0x00007ff1b241f000,0x00007ff1b2520000)]
  0x00007ff1c8168000 JavaThread "pool-2-thread-3" [_thread_blocked, id=17954, stack(0x00007ff1b2520000,0x00007ff1b2621000)]
  0x00007ff1c8166000 JavaThread "pool-2-thread-2" [_thread_blocked, id=17953, stack(0x00007ff1b2621000,0x00007ff1b2722000)]
  0x00007ff1c8163800 JavaThread "pool-3-thread-1" [_thread_blocked, id=17952, stack(0x00007ff1b2722000,0x00007ff1b2823000)]
  0x00007ff1c8162800 JavaThread "pool-2-thread-1" [_thread_blocked, id=17951, stack(0x00007ff1b2823000,0x00007ff1b2924000)]
  0x00007ff1c80cc800 JavaThread "Service Thread" daemon [_thread_blocked, id=17949, stack(0x00007ff1b2a25000,0x00007ff1b2b26000)]
  0x00007ff1c80c1800 JavaThread "C1 CompilerThread2" daemon [_thread_blocked, id=17948, stack(0x00007ff1b2b27000,0x00007ff1b2c27000)]
  0x00007ff1c80bf800 JavaThread "C2 CompilerThread1" daemon [_thread_blocked, id=17947, stack(0x00007ff1b2c28000,0x00007ff1b2d28000)]
  0x00007ff1c80bc800 JavaThread "C2 CompilerThread0" daemon [_thread_blocked, id=17946, stack(0x00007ff1b2d29000,0x00007ff1b2e29000)]
  0x00007ff1c80b8800 JavaThread "Signal Dispatcher" daemon [_thread_blocked, id=17945, stack(0x00007ff1b2e29000,0x00007ff1b2f2a000)]
  0x00007ff1c8088800 JavaThread "Finalizer" daemon [_thread_blocked, id=17939, stack(0x00007ff1b38f9000,0x00007ff1b39fa000)]
  0x00007ff1c8086000 JavaThread "Reference Handler" daemon [_thread_blocked, id=17938, stack(0x00007ff1b39fa000,0x00007ff1b3afb000)]
  0x00007ff1c800e800 JavaThread "main" [_thread_blocked, id=17930, stack(0x00007ff1d08c6000,0x00007ff1d09c6000)]

Other Threads:
=>0x00007ff1c807c800 VMThread [stack: 0x00007ff1b3afc000,0x00007ff1b3bfc000] [id=17937]
  0x00007ff1c80cf000 WatcherThread [stack: 0x00007ff1b2925000,0x00007ff1b2a25000] [id=17950]

VM state:at safepoint (normal execution)

VM Mutex/Monitor currently owned by a thread:  ([mutex/lock_event])
[0x00007ff1c800a9e0] ExpandHeap_lock - owner thread: 0x00007ff1c807c800
[0x00007ff1c800b060] Threads_lock - owner thread: 0x00007ff1c807c800
[0x00007ff1c800b560] Heap_lock - owner thread: 0x00007ff1c800e800

heap address: 0x00000006c0000000, size: 4096 MB, Compressed Oops mode: Zero based, Oop shift amount: 3
Narrow klass base: 0x0000000000000000, Narrow klass shift: 3
Compressed class space size: 1073741824 Address: 0x00000007c0000000

Heap:
 PSYoungGen      total 870400K, used 153461K [0x000000076ab00000, 0x00000007b2f00000, 0x00000007c0000000)
  eden space 634368K, 0% used [0x000000076ab00000,0x000000076ab00000,0x0000000791680000)
  from space 236032K, 65% used [0x00000007a0a80000,0x00000007aa05d618,0x00000007af100000)
  to   space 249856K, 0% used [0x0000000791680000,0x0000000791680000,0x00000007a0a80000)
 ParOldGen       total 536064K, used 535967K [0x00000006c0000000, 0x00000006e0b80000, 0x000000076ab00000)
  object space 536064K, 99% used [0x00000006c0000000,0x00000006e0b67f40,0x00000006e0b80000)
 Metaspace       used 6619K, capacity 7344K, committed 7552K, reserved 1056768K
  class space    used 598K, capacity 616K, committed 640K, reserved 1048576K

Card table byte_map: [0x00007ff1cd8e0000,0x00007ff1ce0e1000] byte_map_base: 0x00007ff1ca2e0000

Marking Bits: (ParMarkBitMap*) 0x00007ff1cff94920
 Begin Bits: [0x00007ff19c000000, 0x00007ff1a0000000)
 End Bits:   [0x00007ff1a0000000, 0x00007ff1a4000000)

Polling page: 0x00007ff1d09ee000

CodeCache: size=245760Kb used=12958Kb max_used=12971Kb free=232801Kb
 bounds [0x00007ff1b9000000, 0x00007ff1b9cc0000, 0x00007ff1c8000000]
 total_blobs=2758 nmethods=2485 adapters=187
 compilation: enabled

Compilation events (10 events):
Event: 44.880 Thread 0x00007ff1c80bc800 nmethod 3086 0x00007ff1b92598d0 code [0x00007ff1b9259a80, 0x00007ff1b925a278]
Event: 44.880 Thread 0x00007ff1c80bc800 3077       4       com.android.dx.rop.type.Type::compareTo (9 bytes)
Event: 44.881 Thread 0x00007ff1c80bc800 nmethod 3077 0x00007ff1b9660090 code [0x00007ff1b96601e0, 0x00007ff1b9660378]
Event: 44.881 Thread 0x00007ff1c80bc800 3087       4       com.android.dx.rop.code.Rops::ropFor (829 bytes)
Event: 44.898 Thread 0x00007ff1c80bf800 nmethod 3121% 0x00007ff1b966e390 code [0x00007ff1b966e520, 0x00007ff1b966f3f8]
Event: 44.898 Thread 0x00007ff1c80bf800 3092       4       com.android.dx.dex.code.RopTranslator$TranslationVisitor::visitPlainInsn (161 bytes)
Event: 44.979 Thread 0x00007ff1c80bf800 nmethod 3092 0x00007ff1b9c7b9d0 code [0x00007ff1b9c7bca0, 0x00007ff1b9c7d5a8]
Event: 44.979 Thread 0x00007ff1c80bf800 3093       4       com.android.dx.dex.code.RopTranslator$LocalVariableAwareTranslationVisitor::visitPlainInsn (11 bytes)
Event: 45.001 Thread 0x00007ff1c80bf800 nmethod 3093 0x00007ff1b92d81d0 code [0x00007ff1b92d83e0, 0x00007ff1b92d8c70]
Event: 45.001 Thread 0x00007ff1c80bf800 3140       4       com.android.dx.ssa.SsaMethod::deleteInsns (239 bytes)

GC Heap History (10 events):
Event: 29.026 GC heap after
Heap after GC invocations=18 (full 3):
 PSYoungGen      total 630272K, used 152557K [0x000000076ab00000, 0x00000007a5f80000, 0x00000007c0000000)
  eden space 477696K, 0% used [0x000000076ab00000,0x000000076ab00000,0x0000000787d80000)
  from space 152576K, 99% used [0x0000000787d80000,0x000000079127b4f0,0x0000000791280000)
  to   space 192000K, 0% used [0x000000079a400000,0x000000079a400000,0x00000007a5f80000)
 ParOldGen       total 337408K, used 312782K [0x00000006c0000000, 0x00000006d4980000, 0x000000076ab00000)
  object space 337408K, 92% used [0x00000006c0000000,0x00000006d3173a10,0x00000006d4980000)
 Metaspace       used 6594K, capacity 7280K, committed 7552K, reserved 1056768K
  class space    used 596K, capacity 616K, committed 640K, reserved 1048576K
}
Event: 29.026 GC heap before
{Heap before GC invocations=19 (full 4):
 PSYoungGen      total 630272K, used 152557K [0x000000076ab00000, 0x00000007a5f80000, 0x00000007c0000000)
  eden space 477696K, 0% used [0x000000076ab00000,0x000000076ab00000,0x0000000787d80000)
  from space 152576K, 99% used [0x0000000787d80000,0x000000079127b4f0,0x0000000791280000)
  to   space 192000K, 0% used [0x000000079a400000,0x000000079a400000,0x00000007a5f80000)
 ParOldGen       total 337408K, used 312782K [0x00000006c0000000, 0x00000006d4980000, 0x000000076ab00000)
  object space 337408K, 92% used [0x00000006c0000000,0x00000006d3173a10,0x00000006d4980000)
 Metaspace       used 6594K, capacity 7280K, committed 7552K, reserved 1056768K
  class space    used 596K, capacity 616K, committed 640K, reserved 1048576K
Event: 32.771 GC heap after
Heap after GC invocations=19 (full 4):
 PSYoungGen      total 630272K, used 121501K [0x000000076ab00000, 0x00000007a5f80000, 0x00000007c0000000)
  eden space 477696K, 0% used [0x000000076ab00000,0x000000076ab00000,0x0000000787d80000)
  from space 152576K, 79% used [0x0000000787d80000,0x000000078f427730,0x0000000791280000)
  to   space 192000K, 0% used [0x000000079a400000,0x000000079a400000,0x00000007a5f80000)
 ParOldGen       total 508928K, used 337173K [0x00000006c0000000, 0x00000006df100000, 0x000000076ab00000)
  object space 508928K, 66% used [0x00000006c0000000,0x00000006d49456f0,0x00000006df100000)
 Metaspace       used 6594K, capacity 7280K, committed 7552K, reserved 1056768K
  class space    used 596K, capacity 616K, committed 640K, reserved 1048576K
}
Event: 35.306 GC heap before
{Heap before GC invocations=20 (full 4):
 PSYoungGen      total 630272K, used 599197K [0x000000076ab00000, 0x00000007a5f80000, 0x00000007c0000000)
  eden space 477696K, 100% used [0x000000076ab00000,0x0000000787d80000,0x0000000787d80000)
  from space 152576K, 79% used [0x0000000787d80000,0x000000078f427730,0x0000000791280000)
  to   space 192000K, 0% used [0x000000079a400000,0x000000079a400000,0x00000007a5f80000)
 ParOldGen       total 508928K, used 337173K [0x00000006c0000000, 0x00000006df100000, 0x000000076ab00000)
  object space 508928K, 66% used [0x00000006c0000000,0x00000006d49456f0,0x00000006df100000)
 Metaspace       used 6604K, capacity 7344K, committed 7552K, reserved 1056768K
  class space    used 597K, capacity 616K, committed 640K, reserved 1048576K
Event: 35.877 GC heap after
Heap after GC invocations=20 (full 4):
 PSYoungGen      total 763904K, used 124953K [0x000000076ab00000, 0x00000007a6080000, 0x00000007c0000000)
  eden space 571904K, 0% used [0x000000076ab00000,0x000000076ab00000,0x000000078d980000)
  from space 192000K, 65% used [0x000000079a400000,0x00000007a1e06720,0x00000007a5f80000)
  to   space 200192K, 0% used [0x000000078d980000,0x000000078d980000,0x0000000799d00000)
 ParOldGen       total 508928K, used 406412K [0x00000006c0000000, 0x00000006df100000, 0x000000076ab00000)
  object space 508928K, 79% used [0x00000006c0000000,0x00000006d8ce3050,0x00000006df100000)
 Metaspace       used 6604K, capacity 7344K, committed 7552K, reserved 1056768K
  class space    used 597K, capacity 616K, committed 640K, reserved 1048576K
}
Event: 38.597 GC heap before
{Heap before GC invocations=21 (full 4):
 PSYoungGen      total 763904K, used 696857K [0x000000076ab00000, 0x00000007a6080000, 0x00000007c0000000)
  eden space 571904K, 100% used [0x000000076ab00000,0x000000078d980000,0x000000078d980000)
  from space 192000K, 65% used [0x000000079a400000,0x00000007a1e06720,0x00000007a5f80000)
  to   space 200192K, 0% used [0x000000078d980000,0x000000078d980000,0x0000000799d00000)
 ParOldGen       total 508928K, used 406412K [0x00000006c0000000, 0x00000006df100000, 0x000000076ab00000)
  object space 508928K, 79% used [0x00000006c0000000,0x00000006d8ce3050,0x00000006df100000)
 Metaspace       used 6608K, capacity 7344K, committed 7552K, reserved 1056768K
  class space    used 598K, capacity 616K, committed 640K, reserved 1048576K
Event: 38.968 GC heap after
Heap after GC invocations=21 (full 4):
 PSYoungGen      total 772096K, used 200189K [0x000000076ab00000, 0x00000007af100000, 0x00000007c0000000)
  eden space 571904K, 0% used [0x000000076ab00000,0x000000076ab00000,0x000000078d980000)
  from space 200192K, 99% used [0x000000078d980000,0x0000000799cff668,0x0000000799d00000)
  to   space 236032K, 0% used [0x00000007a0a80000,0x00000007a0a80000,0x00000007af100000)
 ParOldGen       total 508928K, used 413073K [0x00000006c0000000, 0x00000006df100000, 0x000000076ab00000)
  object space 508928K, 81% used [0x00000006c0000000,0x00000006d93647a0,0x00000006df100000)
 Metaspace       used 6608K, capacity 7344K, committed 7552K, reserved 1056768K
  class space    used 598K, capacity 616K, committed 640K, reserved 1048576K
}
Event: 45.016 GC heap before
{Heap before GC invocations=22 (full 4):
 PSYoungGen      total 772096K, used 772093K [0x000000076ab00000, 0x00000007af100000, 0x00000007c0000000)
  eden space 571904K, 100% used [0x000000076ab00000,0x000000078d980000,0x000000078d980000)
  from space 200192K, 99% used [0x000000078d980000,0x0000000799cff668,0x0000000799d00000)
  to   space 236032K, 0% used [0x00000007a0a80000,0x00000007a0a80000,0x00000007af100000)
 ParOldGen       total 508928K, used 413073K [0x00000006c0000000, 0x00000006df100000, 0x000000076ab00000)
  object space 508928K, 81% used [0x00000006c0000000,0x00000006d93647a0,0x00000006df100000)
 Metaspace       used 6619K, capacity 7344K, committed 7552K, reserved 1056768K
  class space    used 598K, capacity 616K, committed 640K, reserved 1048576K
Event: 52.106 GC heap after
Heap after GC invocations=22 (full 4):
 PSYoungGen      total 870400K, used 165486K [0x000000076ab00000, 0x00000007b2f00000, 0x00000007c0000000)
  eden space 634368K, 0% used [0x000000076ab00000,0x000000076ab00000,0x0000000791680000)
  from space 236032K, 70% used [0x00000007a0a80000,0x00000007aac1b998,0x00000007af100000)
  to   space 249856K, 0% used [0x0000000791680000,0x0000000791680000,0x00000007a0a80000)
 ParOldGen       total 536064K, used 535822K [0x00000006c0000000, 0x00000006e0b80000, 0x000000076ab00000)
  object space 536064K, 99% used [0x00000006c0000000,0x00000006e0b43950,0x00000006e0b80000)
 Metaspace       used 6619K, capacity 7344K, committed 7552K, reserved 1056768K
  class space    used 598K, capacity 616K, committed 640K, reserved 1048576K
}
Event: 52.119 GC heap before
{Heap before GC invocations=23 (full 5):
 PSYoungGen      total 870400K, used 165486K [0x000000076ab00000, 0x00000007b2f00000, 0x00000007c0000000)
  eden space 634368K, 0% used [0x000000076ab00000,0x000000076ab00000,0x0000000791680000)
  from space 236032K, 70% used [0x00000007a0a80000,0x00000007aac1b998,0x00000007af100000)
  to   space 249856K, 0% used [0x0000000791680000,0x0000000791680000,0x00000007a0a80000)
 ParOldGen       total 536064K, used 535822K [0x00000006c0000000, 0x00000006e0b80000, 0x000000076ab00000)
  object space 536064K, 99% used [0x00000006c0000000,0x00000006e0b43950,0x00000006e0b80000)
 Metaspace       used 6619K, capacity 7344K, committed 7552K, reserved 1056768K
  class space    used 598K, capacity 616K, committed 640K, reserved 1048576K

Deoptimization events (10 events):
Event: 38.144 Thread 0x00007ff1c8168000 Uncommon trap: reason=unstable_if action=reinterpret pc=0x00007ff1b95498d4 method=java.util.BitSet.nextClearBit(I)I @ 70
Event: 38.460 Thread 0x00007ff1c8166000 Uncommon trap: reason=unstable_if action=reinterpret pc=0x00007ff1b93313cc method=java.util.TreeMap.values()Ljava/util/Collection; @ 6
Event: 42.096 Thread 0x00007ff1c8168000 Uncommon trap: reason=null_check action=make_not_entrant pc=0x00007ff1b9c2e68c method=com.android.dx.dex.cf.AttributeTranslator.getSignature(Lcom/android/dx/cf/iface/AttributeList;)Lcom/android/dx/rop/annotation/Annotation; @ 8
Event: 43.472 Thread 0x00007ff1c8169000 Uncommon trap: reason=null_check action=make_not_entrant pc=0x00007ff1b9c5538c method=com.android.dx.dex.file.FieldIdsSection.intern(Lcom/android/dx/rop/cst/CstFieldRef;)Lcom/android/dx/dex/file/FieldIdItem; @ 26
Event: 43.478 Thread 0x00007ff1c8168000 Uncommon trap: reason=null_check action=make_not_entrant pc=0x00007ff1b925fd4c method=com.android.dx.dex.file.StringIdsSection.intern(Lcom/android/dx/dex/file/StringIdItem;)Lcom/android/dx/dex/file/StringIdItem; @ 31
Event: 43.479 Thread 0x00007ff1c8168000 Uncommon trap: reason=unstable_if action=reinterpret pc=0x00007ff1b9bcb100 method=com.android.dx.ssa.back.SsaToRop.convertBasicBlock(Lcom/android/dx/ssa/SsaBasicBlock;)Lcom/android/dx/rop/code/BasicBlock; @ 21
Event: 43.576 Thread 0x00007ff1c8168000 Uncommon trap: reason=bimorphic action=maybe_recompile pc=0x00007ff1b9c6a380 method=com.android.dx.cf.code.BytecodeArray.parseInstruction(ILcom/android/dx/cf/code/BytecodeArray$Visitor;)I @ 1612
Event: 43.576 Thread 0x00007ff1c8168000 Uncommon trap: reason=bimorphic action=maybe_recompile pc=0x00007ff1b9c6a380 method=com.android.dx.cf.code.BytecodeArray.parseInstruction(ILcom/android/dx/cf/code/BytecodeArray$Visitor;)I @ 1612
Event: 43.593 Thread 0x00007ff1c8162800 Uncommon trap: reason=null_check action=make_not_entrant pc=0x00007ff1b923b518 method=com.android.dx.dex.file.MethodIdsSection.intern(Lcom/android/dx/rop/cst/CstBaseMethodRef;)Lcom/android/dx/dex/file/MethodIdItem; @ 26
Event: 44.183 Thread 0x00007ff1c8166000 Uncommon trap: reason=class_check action=maybe_recompile pc=0x00007ff1b94fce84 method=com.android.dx.ssa.LiteralOpUpgrader.isConstIntZeroOrKnownNull(Lcom/android/dx/rop/code/RegisterSpec;)Z @ 13

Classes redefined (0 events):
No events

Internal exceptions (10 events):
Event: 1.794 Thread 0x00007ff1c8166000 Implicit null exception at 0x00007ff1b92bcfd3 to 0x00007ff1b92bfb3d
Event: 1.837 Thread 0x00007ff1c8169000 Implicit null exception at 0x00007ff1b92eb064 to 0x00007ff1b92ed6f1
Event: 2.427 Thread 0x00007ff1c8166000 Exception <a 'java/lang/ArrayIndexOutOfBoundsException': 18> (0x000000076b10f228) thrown at [/usr/local/google/buildbot/src/googleplex-android/openjdk/out/hotspot/src/share/vm/interpreter/interpreterRuntime.cpp, line 368]
Event: 2.427 Thread 0x00007ff1c8166000 Exception <a 'java/lang/ArrayIndexOutOfBoundsException': 145> (0x000000076b110da8) thrown at [/usr/local/google/buildbot/src/googleplex-android/openjdk/out/hotspot/src/share/vm/interpreter/interpreterRuntime.cpp, line 368]
Event: 2.428 Thread 0x00007ff1c8166000 Exception <a 'java/lang/ArrayIndexOutOfBoundsException': 40> (0x000000076b112090) thrown at [/usr/local/google/buildbot/src/googleplex-android/openjdk/out/hotspot/src/share/vm/interpreter/interpreterRuntime.cpp, line 368]
Event: 3.324 Thread 0x00007ff1c8166000 Implicit null exception at 0x00007ff1b946cb6b to 0x00007ff1b946d535
Event: 32.959 Thread 0x00007ff1c8168000 Implicit null exception at 0x00007ff1b97a8ff3 to 0x00007ff1b97af599
Event: 32.960 Thread 0x00007ff1c8168000 Implicit null exception at 0x00007ff1b98b43ae to 0x00007ff1b98b66ad
Event: 38.115 Thread 0x00007ff1c8166000 Implicit null exception at 0x00007ff1b9399942 to 0x00007ff1b939a33d
Event: 42.096 Thread 0x00007ff1c8168000 Implicit null exception at 0x00007ff1b9c29f00 to 0x00007ff1b9c2e60d

Events (10 events):
Event: 44.821 Thread 0x00007ff1c8162800 DEOPT UNPACKING pc=0x00007ff1b90474c4 sp=0x00007ff1b2921e28 mode 0
Event: 44.931 Thread 0x00007ff1c8166000 DEOPT PACKING pc=0x00007ff1b93202a7 sp=0x00007ff1b2720020
Event: 44.931 Thread 0x00007ff1c8166000 DEOPT UNPACKING pc=0x00007ff1b90474c4 sp=0x00007ff1b271fe28 mode 0
Event: 44.945 Thread 0x00007ff1c8162800 DEOPT PACKING pc=0x00007ff1b93a1ce6 sp=0x00007ff1b2922020
Event: 44.945 Thread 0x00007ff1c8162800 DEOPT UNPACKING pc=0x00007ff1b90474c4 sp=0x00007ff1b2921e40 mode 0
Event: 44.992 Thread 0x00007ff1c8169000 DEOPT PACKING pc=0x00007ff1b93a1ee7 sp=0x00007ff1b251e020
Event: 44.992 Thread 0x00007ff1c8169000 DEOPT UNPACKING pc=0x00007ff1b90474c4 sp=0x00007ff1b251de40 mode 0
Event: 45.011 Thread 0x00007ff1c800e800 DEOPT PACKING pc=0x00007ff1b978be0f sp=0x00007ff1d09c37c0
Event: 45.011 Thread 0x00007ff1c800e800 DEOPT UNPACKING pc=0x00007ff1b90474c4 sp=0x00007ff1d09c3620 mode 0
Event: 45.016 Executing VM operation: ParallelGCFailedAllocation


Dynamic libraries:
00400000-00401000 r-xp 00000000 08:01 7352713                            /home/niroop/Documents/android-studio/jre/bin/java
00401000-00402000 rw-p 00000000 08:01 7352713                            /home/niroop/Documents/android-studio/jre/bin/java
00859000-0087a000 rw-p 00000000 00:00 0                                  [heap]
6c0000000-6e0b80000 rw-p 00000000 00:00 0 
6ef780000-76ab00000 ---p 00000000 00:00 0 
76ab00000-7b2f00000 rw-p 00000000 00:00 0 
7b2f00000-7c0000000 ---p 00000000 00:00 0 
7c0000000-7c00a0000 rw-p 00000000 00:00 0 
7c00a0000-800000000 ---p 00000000 00:00 0 
7ff164000000-7ff164045000 rw-p 00000000 00:00 0 
7ff164045000-7ff168000000 ---p 00000000 00:00 0 
7ff168000000-7ff168031000 rw-p 00000000 00:00 0 
7ff168031000-7ff16c000000 ---p 00000000 00:00 0 
7ff16c000000-7ff16c021000 rw-p 00000000 00:00 0 
7ff16c021000-7ff170000000 ---p 00000000 00:00 0 
7ff170000000-7ff170036000 rw-p 00000000 00:00 0 
7ff170036000-7ff174000000 ---p 00000000 00:00 0 
7ff174000000-7ff174021000 rw-p 00000000 00:00 0 
7ff174021000-7ff178000000 ---p 00000000 00:00 0 
7ff178000000-7ff178043000 rw-p 00000000 00:00 0 
7ff178043000-7ff17c000000 ---p 00000000 00:00 0 
7ff17c000000-7ff17cd75000 rw-p 00000000 00:00 0 
7ff17cd75000-7ff180000000 ---p 00000000 00:00 0 
7ff180000000-7ff180021000 rw-p 00000000 00:00 0 
7ff180021000-7ff184000000 ---p 00000000 00:00 0 
7ff184000000-7ff1858e6000 rw-p 00000000 00:00 0 
7ff1858e6000-7ff188000000 ---p 00000000 00:00 0 
7ff188000000-7ff1897df000 rw-p 00000000 00:00 0 
7ff1897df000-7ff18c000000 ---p 00000000 00:00 0 
7ff18c000000-7ff18c021000 rw-p 00000000 00:00 0 
7ff18c021000-7ff190000000 ---p 00000000 00:00 0 
7ff190000000-7ff190021000 rw-p 00000000 00:00 0 
7ff190021000-7ff194000000 ---p 00000000 00:00 0 
7ff194000000-7ff1942dc000 rw-p 00000000 00:00 0 
7ff1942dc000-7ff198000000 ---p 00000000 00:00 0 
7ff198000000-7ff198021000 rw-p 00000000 00:00 0 
7ff198021000-7ff19c000000 ---p 00000000 00:00 0 
7ff19c000000-7ff1a4000000 rw-p 00000000 00:00 0 
7ff1a4000000-7ff1a4021000 rw-p 00000000 00:00 0 
7ff1a4021000-7ff1a8000000 ---p 00000000 00:00 0 
7ff1a8000000-7ff1a8021000 rw-p 00000000 00:00 0 
7ff1a8021000-7ff1ac000000 ---p 00000000 00:00 0 
7ff1ac000000-7ff1ac021000 rw-p 00000000 00:00 0 
7ff1ac021000-7ff1b0000000 ---p 00000000 00:00 0 
7ff1b241f000-7ff1b2422000 ---p 00000000 00:00 0 
7ff1b2422000-7ff1b2520000 rw-p 00000000 00:00 0 
7ff1b2520000-7ff1b2523000 ---p 00000000 00:00 0 
7ff1b2523000-7ff1b2621000 rw-p 00000000 00:00 0 
7ff1b2621000-7ff1b2624000 ---p 00000000 00:00 0 
7ff1b2624000-7ff1b2722000 rw-p 00000000 00:00 0 
7ff1b2722000-7ff1b2725000 ---p 00000000 00:00 0 
7ff1b2725000-7ff1b2823000 rw-p 00000000 00:00 0 
7ff1b2823000-7ff1b2826000 ---p 00000000 00:00 0 
7ff1b2826000-7ff1b2924000 rw-p 00000000 00:00 0 
7ff1b2924000-7ff1b2925000 ---p 00000000 00:00 0 
7ff1b2925000-7ff1b2a25000 rw-p 00000000 00:00 0 
7ff1b2a25000-7ff1b2a28000 ---p 00000000 00:00 0 
7ff1b2a28000-7ff1b2b26000 rw-p 00000000 00:00 0 
7ff1b2b26000-7ff1b2b27000 ---p 00000000 00:00 0 
7ff1b2b27000-7ff1b2b2a000 ---p 00000000 00:00 0 
7ff1b2b2a000-7ff1b2c27000 rw-p 00000000 00:00 0 
7ff1b2c27000-7ff1b2c28000 ---p 00000000 00:00 0 
7ff1b2c28000-7ff1b2c2b000 ---p 00000000 00:00 0 
7ff1b2c2b000-7ff1b2d28000 rw-p 00000000 00:00 0 
7ff1b2d28000-7ff1b2d29000 ---p 00000000 00:00 0 
7ff1b2d29000-7ff1b2d2c000 ---p 00000000 00:00 0 
7ff1b2d2c000-7ff1b2e29000 rw-p 00000000 00:00 0 
7ff1b2e29000-7ff1b2e2c000 ---p 00000000 00:00 0 
7ff1b2e2c000-7ff1b2f2a000 rw-p 00000000 00:00 0 
7ff1b2f2a000-7ff1b38f9000 r--p 00000000 08:01 6036074                    /usr/lib/locale/locale-archive
7ff1b38f9000-7ff1b38fc000 ---p 00000000 00:00 0 
7ff1b38fc000-7ff1b39fa000 rw-p 00000000 00:00 0 
7ff1b39fa000-7ff1b39fd000 ---p 00000000 00:00 0 
7ff1b39fd000-7ff1b3afb000 rw-p 00000000 00:00 0 
7ff1b3afb000-7ff1b3afc000 ---p 00000000 00:00 0 
7ff1b3afc000-7ff1b4000000 rw-p 00000000 00:00 0 
7ff1b4000000-7ff1b4021000 rw-p 00000000 00:00 0 
7ff1b4021000-7ff1b8000000 ---p 00000000 00:00 0 
7ff1b80b2000-7ff1b80c9000 r--s 00104000 08:01 12611209                   /home/niroop/.gradle/caches/modules-2/files-2.1/cz.msebera.android/httpclient/4.4.1.1/c8d96f6fd2bcc179c312da33ee670a71188cc60d/httpclient-4.4.1.1.jar
7ff1b80c9000-7ff1b80d8000 r--s 000e4000 08:01 11851761                   /home/niroop/Android/Sdk/build-tools/26.0.0/lib/dx.jar
7ff1b80d8000-7ff1b8ec0000 rw-p 00000000 00:00 0 
7ff1b8ec0000-7ff1b9000000 ---p 00000000 00:00 0 
7ff1b9000000-7ff1b9cc0000 rwxp 00000000 00:00 0 
7ff1b9cc0000-7ff1c8000000 ---p 00000000 00:00 0 
7ff1c8000000-7ff1c83f4000 rw-p 00000000 00:00 0 
7ff1c83f4000-7ff1cc000000 ---p 00000000 00:00 0 
7ff1cc00d000-7ff1cc4e3000 rw-p 00000000 00:00 0 
7ff1cc4e3000-7ff1cc6b5000 r--s 03cad000 08:01 7352843                    /home/niroop/Documents/android-studio/jre/jre/lib/rt.jar
7ff1cc6b5000-7ff1ccf86000 rw-p 00000000 00:00 0 
7ff1ccf86000-7ff1ccf87000 ---p 00000000 00:00 0 
7ff1ccf87000-7ff1cd087000 rw-p 00000000 00:00 0 
7ff1cd087000-7ff1cd088000 ---p 00000000 00:00 0 
7ff1cd088000-7ff1cd188000 rw-p 00000000 00:00 0 
7ff1cd188000-7ff1cd189000 ---p 00000000 00:00 0 
7ff1cd189000-7ff1cd289000 rw-p 00000000 00:00 0 
7ff1cd289000-7ff1cd28a000 ---p 00000000 00:00 0 
7ff1cd28a000-7ff1cd490000 rw-p 00000000 00:00 0 
7ff1cd490000-7ff1cd8e0000 ---p 00000000 00:00 0 
7ff1cd8e0000-7ff1cd9e6000 rw-p 00000000 00:00 0 
7ff1cd9e6000-7ff1cde35000 ---p 00000000 00:00 0 
7ff1cde35000-7ff1ce078000 rw-p 00000000 00:00 0 
7ff1ce078000-7ff1ce0e0000 ---p 00000000 00:00 0 
7ff1ce0e0000-7ff1ce114000 rw-p 00000000 00:00 0 
7ff1ce114000-7ff1ce4a1000 ---p 00000000 00:00 0 
7ff1ce4a1000-7ff1ce4ac000 r-xp 00000000 08:01 1840165                    /lib/x86_64-linux-gnu/libnss_files-2.27.so
7ff1ce4ac000-7ff1ce6ab000 ---p 0000b000 08:01 1840165                    /lib/x86_64-linux-gnu/libnss_files-2.27.so
7ff1ce6ab000-7ff1ce6ac000 r--p 0000a000 08:01 1840165                    /lib/x86_64-linux-gnu/libnss_files-2.27.so
7ff1ce6ac000-7ff1ce6ad000 rw-p 0000b000 08:01 1840165                    /lib/x86_64-linux-gnu/libnss_files-2.27.so
7ff1ce6ad000-7ff1ce6b3000 rw-p 00000000 00:00 0 
7ff1ce6b3000-7ff1ce6ca000 r-xp 00000000 08:01 1840159                    /lib/x86_64-linux-gnu/libnsl-2.27.so
7ff1ce6ca000-7ff1ce8c9000 ---p 00017000 08:01 1840159                    /lib/x86_64-linux-gnu/libnsl-2.27.so
7ff1ce8c9000-7ff1ce8ca000 r--p 00016000 08:01 1840159                    /lib/x86_64-linux-gnu/libnsl-2.27.so
7ff1ce8ca000-7ff1ce8cb000 rw-p 00017000 08:01 1840159                    /lib/x86_64-linux-gnu/libnsl-2.27.so
7ff1ce8cb000-7ff1ce8cd000 rw-p 00000000 00:00 0 
7ff1ce8cd000-7ff1ce8d8000 r-xp 00000000 08:01 1840176                    /lib/x86_64-linux-gnu/libnss_nis-2.27.so
7ff1ce8d8000-7ff1cead7000 ---p 0000b000 08:01 1840176                    /lib/x86_64-linux-gnu/libnss_nis-2.27.so
7ff1cead7000-7ff1cead8000 r--p 0000a000 08:01 1840176                    /lib/x86_64-linux-gnu/libnss_nis-2.27.so
7ff1cead8000-7ff1cead9000 rw-p 0000b000 08:01 1840176                    /lib/x86_64-linux-gnu/libnss_nis-2.27.so
7ff1cead9000-7ff1ceae1000 r-xp 00000000 08:01 1840161                    /lib/x86_64-linux-gnu/libnss_compat-2.27.so
7ff1ceae1000-7ff1cece1000 ---p 00008000 08:01 1840161                    /lib/x86_64-linux-gnu/libnss_compat-2.27.so
7ff1cece1000-7ff1cece2000 r--p 00008000 08:01 1840161                    /lib/x86_64-linux-gnu/libnss_compat-2.27.so
7ff1cece2000-7ff1cece3000 rw-p 00009000 08:01 1840161                    /lib/x86_64-linux-gnu/libnss_compat-2.27.so
7ff1cece3000-7ff1cecea000 r-xp 00000000 08:01 1840216                    /lib/x86_64-linux-gnu/librt-2.27.so
7ff1cecea000-7ff1ceee9000 ---p 00007000 08:01 1840216                    /lib/x86_64-linux-gnu/librt-2.27.so
7ff1ceee9000-7ff1ceeea000 r--p 00006000 08:01 1840216                    /lib/x86_64-linux-gnu/librt-2.27.so
7ff1ceeea000-7ff1ceeeb000 rw-p 00007000 08:01 1840216                    /lib/x86_64-linux-gnu/librt-2.27.so
7ff1ceeeb000-7ff1cf088000 r-xp 00000000 08:01 1840138                    /lib/x86_64-linux-gnu/libm-2.27.so
7ff1cf088000-7ff1cf287000 ---p 0019d000 08:01 1840138                    /lib/x86_64-linux-gnu/libm-2.27.so
7ff1cf287000-7ff1cf288000 r--p 0019c000 08:01 1840138                    /lib/x86_64-linux-gnu/libm-2.27.so
7ff1cf288000-7ff1cf289000 rw-p 0019d000 08:01 1840138                    /lib/x86_64-linux-gnu/libm-2.27.so
7ff1cf289000-7ff1cfeaf000 r-xp 00000000 08:01 7352820                    /home/niroop/Documents/android-studio/jre/jre/lib/amd64/server/libjvm.so
7ff1cfeaf000-7ff1cff7f000 rw-p 00c26000 08:01 7352820                    /home/niroop/Documents/android-studio/jre/jre/lib/amd64/server/libjvm.so
7ff1cff7f000-7ff1cffc3000 rw-p 00000000 00:00 0 
7ff1cffc3000-7ff1d01aa000 r-xp 00000000 08:01 1840075                    /lib/x86_64-linux-gnu/libc-2.27.so
7ff1d01aa000-7ff1d03aa000 ---p 001e7000 08:01 1840075                    /lib/x86_64-linux-gnu/libc-2.27.so
7ff1d03aa000-7ff1d03ae000 r--p 001e7000 08:01 1840075                    /lib/x86_64-linux-gnu/libc-2.27.so
7ff1d03ae000-7ff1d03b0000 rw-p 001eb000 08:01 1840075                    /lib/x86_64-linux-gnu/libc-2.27.so
7ff1d03b0000-7ff1d03b4000 rw-p 00000000 00:00 0 
7ff1d03b4000-7ff1d03b7000 r-xp 00000000 08:01 1840098                    /lib/x86_64-linux-gnu/libdl-2.27.so
7ff1d03b7000-7ff1d05b6000 ---p 00003000 08:01 1840098                    /lib/x86_64-linux-gnu/libdl-2.27.so
7ff1d05b6000-7ff1d05b7000 r--p 00002000 08:01 1840098                    /lib/x86_64-linux-gnu/libdl-2.27.so
7ff1d05b7000-7ff1d05b8000 rw-p 00003000 08:01 1840098                    /lib/x86_64-linux-gnu/libdl-2.27.so
7ff1d05b8000-7ff1d05d2000 r-xp 00000000 08:01 1840208                    /lib/x86_64-linux-gnu/libpthread-2.27.so
7ff1d05d2000-7ff1d07d1000 ---p 0001a000 08:01 1840208                    /lib/x86_64-linux-gnu/libpthread-2.27.so
7ff1d07d1000-7ff1d07d2000 r--p 00019000 08:01 1840208                    /lib/x86_64-linux-gnu/libpthread-2.27.so
7ff1d07d2000-7ff1d07d3000 rw-p 0001a000 08:01 1840208                    /lib/x86_64-linux-gnu/libpthread-2.27.so
7ff1d07d3000-7ff1d07d7000 rw-p 00000000 00:00 0 
7ff1d07d7000-7ff1d07fe000 r-xp 00000000 08:01 1840047                    /lib/x86_64-linux-gnu/ld-2.27.so
7ff1d0805000-7ff1d087d000 rw-p 00000000 00:00 0 
7ff1d087d000-7ff1d0898000 r-xp 00000000 08:01 7352802                    /home/niroop/Documents/android-studio/jre/jre/lib/amd64/libzip.so
7ff1d0898000-7ff1d0899000 rw-p 0001a000 08:01 7352802                    /home/niroop/Documents/android-studio/jre/jre/lib/amd64/libzip.so
7ff1d0899000-7ff1d08c3000 r-xp 00000000 08:01 7352810                    /home/niroop/Documents/android-studio/jre/jre/lib/amd64/libjava.so
7ff1d08c3000-7ff1d08c5000 rw-p 0002a000 08:01 7352810                    /home/niroop/Documents/android-studio/jre/jre/lib/amd64/libjava.so
7ff1d08c5000-7ff1d08c6000 ---p 00000000 00:00 0 
7ff1d08c6000-7ff1d08c9000 ---p 00000000 00:00 0 
7ff1d08c9000-7ff1d09c8000 rw-p 00000000 00:00 0 
7ff1d09c8000-7ff1d09de000 r-xp 00000000 08:01 7352701                    /home/niroop/Documents/android-studio/jre/lib/amd64/jli/libjli.so
7ff1d09de000-7ff1d09df000 rw-p 00015000 08:01 7352701                    /home/niroop/Documents/android-studio/jre/lib/amd64/jli/libjli.so
7ff1d09df000-7ff1d09e1000 rw-p 00000000 00:00 0 
7ff1d09e5000-7ff1d09ed000 rw-s 00000000 08:01 12591123                   /tmp/hsperfdata_niroop/17927
7ff1d09ed000-7ff1d09ee000 rw-p 00000000 00:00 0 
7ff1d09ee000-7ff1d09ef000 ---p 00000000 00:00 0 
7ff1d09ef000-7ff1d09fc000 r-xp 00000000 08:01 7352798                    /home/niroop/Documents/android-studio/jre/jre/lib/amd64/libverify.so
7ff1d09fc000-7ff1d09fe000 rw-p 0000c000 08:01 7352798                    /home/niroop/Documents/android-studio/jre/jre/lib/amd64/libverify.so
7ff1d09fe000-7ff1d09ff000 r--p 00027000 08:01 1840047                    /lib/x86_64-linux-gnu/ld-2.27.so
7ff1d09ff000-7ff1d0a00000 rw-p 00028000 08:01 1840047                    /lib/x86_64-linux-gnu/ld-2.27.so
7ff1d0a00000-7ff1d0a01000 rw-p 00000000 00:00 0 
7ffe71e80000-7ffe71ea2000 rw-p 00000000 00:00 0                          [stack]
7ffe71f2f000-7ffe71f32000 r--p 00000000 00:00 0                          [vvar]
7ffe71f32000-7ffe71f33000 r-xp 00000000 00:00 0                          [vdso]
ffffffffff600000-ffffffffff601000 r-xp 00000000 00:00 0                  [vsyscall]

VM Arguments:
jvm_args: -Djava.awt.headless=true -Xmx4g -Dfile.encoding=UTF-8 -Duser.country=IN -Duser.language=en -Duser.variant 
java_command: com.android.dx.command.Main --dex --num-threads=4 --multi-dex --output /media/niroop/External HDD/AndroidStudioProjects/User App/app/build/intermediates/transforms/dex/debug/folders/1000/1f/main /home/niroop/.gradle/caches/modules-2/files-2.1/com.twitter/twitter-text/1.13.0/78415b95ae3184c5926d593feab64bfc0b73b2dd/twitter-text-1.13.0.jar /home/niroop/.android/build-cache/344e0ae5b96a066c340cbb65de62b9926cdefc58/output/jars/classes.jar /home/niroop/.android/build-cache/708519143cb1ca08075ced6ae13de74ca64bf15f/output/jars/classes.jar /home/niroop/.android/build-cache/a66cbf770edb2943cf7e878e8d81f83337be595c/output/jars/classes.jar /home/niroop/.gradle/caches/modules-2/files-2.1/com.squareup.okhttp3/okhttp-ws/3.0.1/bd9b51a0188fc8f14bf840a0d326755545206116/okhttp-ws-3.0.1.jar /home/niroop/.android/build-cache/9b622f381cb7bb5838d987a04cc0137936991cc2/output/jars/classes.jar /home/niroop/.android/build-cache/12d56c18a42d1f05b9ac1647b156441e2a4dbff5/output/jars/classes.jar /home/niroop/.android/build-cache/0add6791efe6dec7f33222700afd520c9a82813b/output/jars/classes.jar /media/niroop/External HDD/AndroidStudioProjects/User App/stripe/build/intermediates/bundles/default/classes.jar /home/niroop/.android/build-cache/26d5ae123ee9172a01bd32d1a79379bec37b7d2d/output/jars/classes.jar /home/niroop/.gradle/caches/modules-2/files-2.1/com.google.code.gson/gson/2.3/5fc52c41ef0239d1093a1eb7c3697036183677ce/gson-2.3.jar /home/niroop/.gradle/caches/modules-2/files-2.1/cz.msebera.android/httpclient/4.4.1.1/c8d96f6fd2bcc179c312da33ee670a71188cc60d/httpclient-4.4.1.1.jar /home/niroop/.android/build-cache/66327af80aa184671fc17553104e2db35ef7a9b3/output/jars/classes.jar /home/niroop/.android/build-cache/b257c5c0db47bbccb6143d3aada52dde313d9b0e/output/jars/classes.jar /home/niroop/.android/build-cache/3bccaacd42e5be60ac7fed01bcd491f7523ce2f1/output/jars/classes.jar /home/niroop/.android/build-cache/64700c7b9fdf25534d3d17e45870aa364dcf0d2b/output/jars/classes.jar /home/niroop/.
java_class_path (initial): /home/niroop/Android/Sdk/build-tools/26.0.0/lib/dx.jar
Launcher Type: SUN_STANDARD

Environment Variables:
PATH=/usr/local/sbin:/usr/local/bin:/usr/sbin:/usr/bin:/sbin:/bin:/usr/games:/usr/local/games:/snap/bin:/usr/lib/dart/bin
USERNAME=niroop
SHELL=/bin/bash
DISPLAY=:0

Signal Handlers:
SIGSEGV: [libjvm.so+0xa09650], sa_mask[0]=11111111011111111101111111111110, sa_flags=SA_RESTART|SA_SIGINFO
SIGBUS: [libjvm.so+0xa09650], sa_mask[0]=11111111011111111101111111111110, sa_flags=SA_RESTART|SA_SIGINFO
SIGFPE: [libjvm.so+0x86bc60], sa_mask[0]=11111111011111111101111111111110, sa_flags=SA_RESTART|SA_SIGINFO
SIGPIPE: [libjvm.so+0x86bc60], sa_mask[0]=11111111011111111101111111111110, sa_flags=SA_RESTART|SA_SIGINFO
SIGXFSZ: [libjvm.so+0x86bc60], sa_mask[0]=11111111011111111101111111111110, sa_flags=SA_RESTART|SA_SIGINFO
SIGILL: [libjvm.so+0x86bc60], sa_mask[0]=11111111011111111101111111111110, sa_flags=SA_RESTART|SA_SIGINFO
SIGUSR1: SIG_DFL, sa_mask[0]=00000000000000000000000000000000, sa_flags=none
SIGUSR2: [libjvm.so+0x86bb30], sa_mask[0]=00100000000000000000000000000000, sa_flags=SA_RESTART|SA_SIGINFO
SIGHUP: SIG_IGN, sa_mask[0]=00000000000000000000000000000000, sa_flags=none
SIGINT: [libjvm.so+0x86bd20], sa_mask[0]=11111111011111111101111111111110, sa_flags=SA_RESTART|SA_SIGINFO
SIGTERM: [libjvm.so+0x86bd20], sa_mask[0]=11111111011111111101111111111110, sa_flags=SA_RESTART|SA_SIGINFO
SIGQUIT: [libjvm.so+0x86bd20], sa_mask[0]=11111111011111111101111111111110, sa_flags=SA_RESTART|SA_SIGINFO


---------------  S Y S T E M  ---------------

OS:DISTRIB_ID=Ubuntu
DISTRIB_RELEASE=18.04
DISTRIB_CODENAME=bionic
DISTRIB_DESCRIPTION="Ubuntu 18.04.3 LTS"

uname:Linux 5.0.0-37-generic #40~18.04.1-Ubuntu SMP Thu Nov 14 12:06:39 UTC 2019 x86_64
libc:glibc 2.27 NPTL 2.27 
rlimit: STACK 8192k, CORE 0k, NPROC 23162, NOFILE 1048576, AS infinity
load average:11.55 7.69 6.14

/proc/meminfo:
MemTotal:        5979864 kB
MemFree:          113804 kB
MemAvailable:      38156 kB
Buffers:            1752 kB
Cached:           227920 kB
SwapCached:        18576 kB
Active:          4760276 kB
Inactive:         694852 kB
Active(anon):    4739456 kB
Inactive(anon):   676992 kB
Active(file):      20820 kB
Inactive(file):    17860 kB
Unevictable:         288 kB
Mlocked:              48 kB
SwapTotal:       2097148 kB
SwapFree:              0 kB
Dirty:                96 kB
Writeback:             0 kB
AnonPages:       5208172 kB
Mapped:            39828 kB
Shmem:            190056 kB
KReclaimable:      71816 kB
Slab:             153152 kB
SReclaimable:      71816 kB
SUnreclaim:        81336 kB
KernelStack:       21504 kB
PageTables:       111776 kB
NFS_Unstable:          0 kB
Bounce:                0 kB
WritebackTmp:          0 kB
CommitLimit:     5087080 kB
Committed_AS:   19203140 kB
VmallocTotal:   34359738367 kB
VmallocUsed:           0 kB
VmallocChunk:          0 kB
Percpu:             2528 kB
HardwareCorrupted:     0 kB
AnonHugePages:         0 kB
ShmemHugePages:        0 kB
ShmemPmdMapped:        0 kB
CmaTotal:              0 kB
CmaFree:               0 kB
HugePages_Total:       0
HugePages_Free:        0
HugePages_Rsvd:        0
HugePages_Surp:        0
Hugepagesize:       2048 kB
Hugetlb:               0 kB
DirectMap4k:      340248 kB
DirectMap2M:     5830656 kB

container (cgroup) information:
container_type: cgroupv1
cpu_cpuset_cpus: 0-3
cpu_memory_nodes: 0
active_processor_count: 4
cpu_quota: -1
cpu_period: 100000
cpu_shares: -1
memory_limit_in_bytes: -1
memory_and_swap_limit_in_bytes: -2
memory_soft_limit_in_bytes: -1
memory_usage_in_bytes: 5571358720
memory_max_usage_in_bytes: 184070144


CPU:total 4 (initial active 4) (2 cores per cpu, 2 threads per core) family 6 model 58 stepping 9, cmov, cx8, fxsr, mmx, sse, sse2, sse3, ssse3, sse4.1, sse4.2, popcnt, avx, aes, clmul, erms, ht, tsc, tscinvbit, tscinv

/proc/cpuinfo:
processor	: 0
vendor_id	: GenuineIntel
cpu family	: 6
model		: 58
model name	: Intel(R) Core(TM) i5-3337U CPU @ 1.80GHz
stepping	: 9
microcode	: 0x21
cpu MHz		: 2469.391
cache size	: 3072 KB
physical id	: 0
siblings	: 4
core id		: 0
cpu cores	: 2
apicid		: 0
initial apicid	: 0
fpu		: yes
fpu_exception	: yes
cpuid level	: 13
wp		: yes
flags		: fpu vme de pse tsc msr pae mce cx8 apic sep mtrr pge mca cmov pat pse36 clflush dts acpi mmx fxsr sse sse2 ss ht tm pbe syscall nx rdtscp lm constant_tsc arch_perfmon pebs bts rep_good nopl xtopology nonstop_tsc cpuid aperfmperf pni pclmulqdq dtes64 monitor ds_cpl vmx est tm2 ssse3 cx16 xtpr pdcm pcid sse4_1 sse4_2 x2apic popcnt tsc_deadline_timer aes xsave avx f16c rdrand lahf_lm cpuid_fault epb pti ssbd ibrs ibpb stibp tpr_shadow vnmi flexpriority ept vpid fsgsbase smep erms xsaveopt dtherm ida arat pln pts md_clear flush_l1d
bugs		: cpu_meltdown spectre_v1 spectre_v2 spec_store_bypass l1tf mds swapgs itlb_multihit
bogomips	: 3591.92
clflush size	: 64
cache_alignment	: 64
address sizes	: 36 bits physical, 48 bits virtual
power management:

processor	: 1
vendor_id	: GenuineIntel
cpu family	: 6
model		: 58
model name	: Intel(R) Core(TM) i5-3337U CPU @ 1.80GHz
stepping	: 9
microcode	: 0x21
cpu MHz		: 2460.382
cache size	: 3072 KB
physical id	: 0
siblings	: 4
core id		: 0
cpu cores	: 2
apicid		: 1
initial apicid	: 1
fpu		: yes
fpu_exception	: yes
cpuid level	: 13
wp		: yes
flags		: fpu vme de pse tsc msr pae mce cx8 apic sep mtrr pge mca cmov pat pse36 clflush dts acpi mmx fxsr sse sse2 ss ht tm pbe syscall nx rdtscp lm constant_tsc arch_perfmon pebs bts rep_good nopl xtopology nonstop_tsc cpuid aperfmperf pni pclmulqdq dtes64 monitor ds_cpl vmx est tm2 ssse3 cx16 xtpr pdcm pcid sse4_1 sse4_2 x2apic popcnt tsc_deadline_timer aes xsave avx f16c rdrand lahf_lm cpuid_fault epb pti ssbd ibrs ibpb stibp tpr_shadow vnmi flexpriority ept vpid fsgsbase smep erms xsaveopt dtherm ida arat pln pts md_clear flush_l1d
bugs		: cpu_meltdown spectre_v1 spectre_v2 spec_store_bypass l1tf mds swapgs itlb_multihit
bogomips	: 3591.92
clflush size	: 64
cache_alignment	: 64
address sizes	: 36 bits physical, 48 bits virtual
power management:

processor	: 2
vendor_id	: GenuineIntel
cpu family	: 6
model		: 58
model name	: Intel(R) Core(TM) i5-3337U CPU @ 1.80GHz
stepping	: 9
microcode	: 0x21
cpu MHz		: 2493.322
cache size	: 3072 KB
physical id	: 0
siblings	: 4
core id		: 1
cpu cores	: 2
apicid		: 2
initial apicid	: 2
fpu		: yes
fpu_exception	: yes
cpuid level	: 13
wp		: yes
flags		: fpu vme de pse tsc msr pae mce cx8 apic sep mtrr pge mca cmov pat pse36 clflush dts acpi mmx fxsr sse sse2 ss ht tm pbe syscall nx rdtscp lm constant_tsc arch_perfmon pebs bts rep_good nopl xtopology nonstop_tsc cpuid aperfmperf pni pclmulqdq dtes64 monitor ds_cpl vmx est tm2 ssse3 cx16 xtpr pdcm pcid sse4_1 sse4_2 x2apic popcnt tsc_deadline_timer aes xsave avx f16c rdrand lahf_lm cpuid_fault epb pti ssbd ibrs ibpb stibp tpr_shadow vnmi flexpriority ept vpid fsgsbase smep erms xsaveopt dtherm ida arat pln pts md_clear flush_l1d
bugs		: cpu_meltdown spectre_v1 spectre_v2 spec_store_bypass l1tf mds swapgs itlb_multihit
bogomips	: 3591.92
clflush size	: 64
cache_alignment	: 64
address sizes	: 36 bits physical, 48 bits virtual
power management:

processor	: 3
vendor_id	: GenuineIntel
cpu family	: 6
model		: 58
model name	: Intel(R) Core(TM) i5-3337U CPU @ 1.80GHz
stepping	: 9
microcode	: 0x21
cpu MHz		: 2494.416
cache size	: 3072 KB
physical id	: 0
siblings	: 4
core id		: 1
cpu cores	: 2
apicid		: 3
initial apicid	: 3
fpu		: yes
fpu_exception	: yes
cpuid level	: 13
wp		: yes
flags		: fpu vme de pse tsc msr pae mce cx8 apic sep mtrr pge mca cmov pat pse36 clflush dts acpi mmx fxsr sse sse2 ss ht tm pbe syscall nx rdtscp lm constant_tsc arch_perfmon pebs bts rep_good nopl xtopology nonstop_tsc cpuid aperfmperf pni pclmulqdq dtes64 monitor ds_cpl vmx est tm2 ssse3 cx16 xtpr pdcm pcid sse4_1 sse4_2 x2apic popcnt tsc_deadline_timer aes xsave avx f16c rdrand lahf_lm cpuid_fault epb pti ssbd ibrs ibpb stibp tpr_shadow vnmi flexpriority ept vpid fsgsbase smep erms xsaveopt dtherm ida arat pln pts md_clear flush_l1d
bugs		: cpu_meltdown spectre_v1 spectre_v2 spec_store_bypass l1tf mds swapgs itlb_multihit
bogomips	: 3591.92
clflush size	: 64
cache_alignment	: 64
address sizes	: 36 bits physical, 48 bits virtual
power management:



Memory: 4k page, physical 5979864k(128412k free), swap 2097148k(112k free)

vm_info: OpenJDK 64-Bit Server VM (25.202-b49-5587405) for linux-amd64 JRE (1.8.0_202-release-1483-b49-5587405), built by "android-build" with gcc 4.8

time: Wed Feb 26 19:13:12 2020
timezone: IST
elapsed time: 58 seconds (0d 0h 0m 58s)

