#
# There is insufficient memory for the Java Runtime Environment to continue.
# Native memory allocation (mmap) failed to map 265289728 bytes for committing reserved memory.
# Possible reasons:
#   The system is out of physical RAM or swap space
#   The process is running with CompressedOops enabled, and the Java Heap may be blocking the growth of the native heap
# Possible solutions:
#   Reduce memory load on the system
#   Increase physical memory or swap space
#   Check if swap backing store is full
#   Decrease Java heap size (-Xmx/-Xms)
#   Decrease number of Java threads
#   Decrease Java thread stack sizes (-Xss)
#   Set larger code cache with -XX:ReservedCodeCacheSize=
#   JVM is running with Zero Based Compressed Oops mode in which the Java heap is
#     placed in the first 32GB address space. The Java Heap base address is the
#     maximum limit for the native heap growth. Please use -XX:HeapBaseMinAddress
#     to set the Java Heap base and to place the Java Heap above 32GB virtual address.
# This output file may be truncated or incomplete.
#
#  Out of Memory Error (os_linux.cpp:2753), pid=2984, tid=0x00007f55df7f7700
#
# JRE version: OpenJDK Runtime Environment (8.0_202) (build 1.8.0_202-release-1483-b49-5587405)
# Java VM: OpenJDK 64-Bit Server VM (25.202-b49-5587405 mixed mode linux-amd64 compressed oops)
# Failed to write core dump. Core dumps have been disabled. To enable core dumping, try "ulimit -c unlimited" before starting Java again
#

---------------  T H R E A D  ---------------

Current thread (0x00007f55fc07c800):  VMThread [stack: 0x00007f55df6f8000,0x00007f55df7f8000] [id=3005]

Stack: [0x00007f55df6f8000,0x00007f55df7f8000],  sp=0x00007f55df7f6530,  free space=1017k
Native frames: (J=compiled Java code, j=interpreted, Vv=VM code, C=native code)
V  [libjvm.so+0xa08b78]  VMError::report_and_die()+0x148
V  [libjvm.so+0x4d412a]  report_vm_out_of_memory(char const*, int, unsigned long, VMErrorType, char const*)+0x8a
V  [libjvm.so+0x870478]  os::pd_commit_memory(char*, unsigned long, unsigned long, bool)+0xd8
V  [libjvm.so+0x867f9f]  os::commit_memory(char*, unsigned long, unsigned long, bool)+0x1f
V  [libjvm.so+0x8e14eb]  PSVirtualSpace::expand_by(unsigned long)+0x5b
V  [libjvm.so+0x8d234b]  PSOldGen::expand_by(unsigned long) [clone .part.109]+0x1b
V  [libjvm.so+0x8d250b]  PSOldGen::expand(unsigned long) [clone .part.111]+0xdb
V  [libjvm.so+0x8d2de8]  PSOldGen::resize(unsigned long)+0x188
V  [libjvm.so+0x8d83cc]  PSParallelCompact::invoke_no_policy(bool)+0x94c
V  [libjvm.so+0x8df48d]  PSScavenge::invoke()+0x17d
V  [libjvm.so+0x893763]  ParallelScavengeHeap::failed_mem_allocate(unsigned long)+0x63
V  [libjvm.so+0xa0a644]  VM_ParallelGCFailedAllocation::doit()+0x84
V  [libjvm.so+0xa0ea17]  VM_Operation::evaluate()+0x47
V  [libjvm.so+0xa0d498]  VMThread::evaluate_operation(VM_Operation*)+0x218
V  [libjvm.so+0xa0d8d1]  VMThread::loop()+0x1f1
V  [libjvm.so+0xa0dd02]  VMThread::run()+0x72
V  [libjvm.so+0x86d652]  java_start(Thread*)+0xf2

VM_Operation (0x00007f55de119f40): ParallelGCFailedAllocation, mode: safepoint, requested by thread 0x00007f55fc199000


---------------  P R O C E S S  ---------------

Java Threads: ( => current thread )
  0x00007f55fc199000 JavaThread "pool-2-thread-4" [_thread_blocked, id=3025, stack(0x00007f55de01b000,0x00007f55de11c000)]
  0x00007f55fc198000 JavaThread "pool-2-thread-3" [_thread_blocked, id=3023, stack(0x00007f55de11c000,0x00007f55de21d000)]
  0x00007f55fc195800 JavaThread "pool-2-thread-2" [_thread_blocked, id=3022, stack(0x00007f55de21d000,0x00007f55de31e000)]
  0x00007f55fc193800 JavaThread "pool-3-thread-1" [_thread_blocked, id=3020, stack(0x00007f55de31e000,0x00007f55de41f000)]
  0x00007f55fc192000 JavaThread "pool-2-thread-1" [_thread_blocked, id=3019, stack(0x00007f55de41f000,0x00007f55de520000)]
  0x00007f55fc0d6800 JavaThread "Service Thread" daemon [_thread_blocked, id=3016, stack(0x00007f55de621000,0x00007f55de722000)]
  0x00007f55fc0c1800 JavaThread "C1 CompilerThread2" daemon [_thread_blocked, id=3014, stack(0x00007f55de723000,0x00007f55de823000)]
  0x00007f55fc0bf800 JavaThread "C2 CompilerThread1" daemon [_thread_blocked, id=3012, stack(0x00007f55de824000,0x00007f55de924000)]
  0x00007f55fc0bc800 JavaThread "C2 CompilerThread0" daemon [_thread_blocked, id=3009, stack(0x00007f55de925000,0x00007f55dea25000)]
  0x00007f55fc0b8800 JavaThread "Signal Dispatcher" daemon [_thread_blocked, id=3008, stack(0x00007f55dea25000,0x00007f55deb26000)]
  0x00007f55fc088800 JavaThread "Finalizer" daemon [_thread_blocked, id=3007, stack(0x00007f55df4f5000,0x00007f55df5f6000)]
  0x00007f55fc086000 JavaThread "Reference Handler" daemon [_thread_blocked, id=3006, stack(0x00007f55df5f6000,0x00007f55df6f7000)]
  0x00007f55fc00e800 JavaThread "main" [_thread_blocked, id=2995, stack(0x00007f5604429000,0x00007f5604529000)]

Other Threads:
=>0x00007f55fc07c800 VMThread [stack: 0x00007f55df6f8000,0x00007f55df7f8000] [id=3005]
  0x00007f55fc0d9000 WatcherThread [stack: 0x00007f55de521000,0x00007f55de621000] [id=3017]

VM state:at safepoint (normal execution)

VM Mutex/Monitor currently owned by a thread:  ([mutex/lock_event])
[0x00007f55fc00a9e0] ExpandHeap_lock - owner thread: 0x00007f55fc07c800
[0x00007f55fc00b060] Threads_lock - owner thread: 0x00007f55fc07c800
[0x00007f55fc00b560] Heap_lock - owner thread: 0x00007f55fc199000

heap address: 0x00000006c0000000, size: 4096 MB, Compressed Oops mode: Zero based, Oop shift amount: 3
Narrow klass base: 0x0000000000000000, Narrow klass shift: 3
Compressed class space size: 1073741824 Address: 0x00000007c0000000

Heap:
 PSYoungGen      total 781824K, used 186059K [0x000000076ab00000, 0x00000007b3480000, 0x00000007c0000000)
  eden space 486400K, 0% used [0x000000076ab00000,0x000000076ab00000,0x0000000788600000)
  from space 295424K, 62% used [0x0000000788600000,0x0000000793bb2c00,0x000000079a680000)
  to   space 308736K, 0% used [0x00000007a0700000,0x00000007a0700000,0x00000007b3480000)
 ParOldGen       total 587264K, used 586818K [0x00000006c0000000, 0x00000006e3d80000, 0x000000076ab00000)
  object space 587264K, 99% used [0x00000006c0000000,0x00000006e3d10b20,0x00000006e3d80000)
 Metaspace       used 6704K, capacity 7344K, committed 7552K, reserved 1056768K
  class space    used 600K, capacity 616K, committed 640K, reserved 1048576K

Card table byte_map: [0x00007f5601443000,0x00007f5601c44000] byte_map_base: 0x00007f55fde43000

Marking Bits: (ParMarkBitMap*) 0x00007f5603af7920
 Begin Bits: [0x00007f55d0000000, 0x00007f55d4000000)
 End Bits:   [0x00007f55d4000000, 0x00007f55d8000000)

Polling page: 0x00007f5604551000

CodeCache: size=245760Kb used=12377Kb max_used=12784Kb free=233382Kb
 bounds [0x00007f55ed000000, 0x00007f55edcd0000, 0x00007f55fc000000]
 total_blobs=2847 nmethods=2574 adapters=187
 compilation: enabled

Compilation events (10 events):
Event: 26.302 Thread 0x00007f55fc0bc800 nmethod 3186 0x00007f55edb59550 code [0x00007f55edb596c0, 0x00007f55edb59918]
Event: 26.303 Thread 0x00007f55fc0bc800 3187       4       com.android.dx.rop.code.Rop::hashCode (54 bytes)
Event: 26.306 Thread 0x00007f55fc0c1800 3190       3       com.android.dx.rop.code.PlainCstInsn::<init> (50 bytes)
Event: 26.307 Thread 0x00007f55fc0c1800 nmethod 3190 0x00007f55ed585510 code [0x00007f55ed585720, 0x00007f55ed586278]
Event: 26.315 Thread 0x00007f55fc0bc800 nmethod 3187 0x00007f55ed757510 code [0x00007f55ed7576c0, 0x00007f55ed757e58]
Event: 26.315 Thread 0x00007f55fc0bc800 3193   !   4       com.android.dx.rop.code.RegisterSpec::intern (70 bytes)
Event: 26.315 Thread 0x00007f55fc0c1800 3194       3       com.android.dx.dex.code.RopTranslator$TranslationVisitor::visitPlainCstInsn (161 bytes)
Event: 26.319 Thread 0x00007f55fc0c1800 nmethod 3194 0x00007f55ed605490 code [0x00007f55ed605840, 0x00007f55ed607cf8]
Event: 26.320 Thread 0x00007f55fc0c1800 3196       3       com.android.dx.dex.code.RopTranslator$LocalVariableAwareTranslationVisitor::visitPlainCstInsn (11 bytes)
Event: 26.322 Thread 0x00007f55fc0c1800 nmethod 3196 0x00007f55ed5840d0 code [0x00007f55ed5842e0, 0x00007f55ed584e58]

GC Heap History (10 events):
Event: 19.994 GC heap after
Heap after GC invocations=23 (full 4):
 PSYoungGen      total 593408K, used 150728K [0x000000076ab00000, 0x000000079f300000, 0x00000007c0000000)
  eden space 436224K, 0% used [0x000000076ab00000,0x000000076ab00000,0x0000000785500000)
  from space 157184K, 95% used [0x0000000785500000,0x000000078e8322a0,0x000000078ee80000)
  to   space 180736K, 0% used [0x0000000794280000,0x0000000794280000,0x000000079f300000)
 ParOldGen       total 553472K, used 361871K [0x00000006c0000000, 0x00000006e1c80000, 0x000000076ab00000)
  object space 553472K, 65% used [0x00000006c0000000,0x00000006d6163d20,0x00000006e1c80000)
 Metaspace       used 6646K, capacity 7344K, committed 7552K, reserved 1056768K
  class space    used 598K, capacity 616K, committed 640K, reserved 1048576K
}
Event: 21.139 GC heap before
{Heap before GC invocations=24 (full 4):
 PSYoungGen      total 593408K, used 586952K [0x000000076ab00000, 0x000000079f300000, 0x00000007c0000000)
  eden space 436224K, 100% used [0x000000076ab00000,0x0000000785500000,0x0000000785500000)
  from space 157184K, 95% used [0x0000000785500000,0x000000078e8322a0,0x000000078ee80000)
  to   space 180736K, 0% used [0x0000000794280000,0x0000000794280000,0x000000079f300000)
 ParOldGen       total 553472K, used 361871K [0x00000006c0000000, 0x00000006e1c80000, 0x000000076ab00000)
  object space 553472K, 65% used [0x00000006c0000000,0x00000006d6163d20,0x00000006e1c80000)
 Metaspace       used 6646K, capacity 7344K, committed 7552K, reserved 1056768K
  class space    used 598K, capacity 616K, committed 640K, reserved 1048576K
Event: 21.487 GC heap after
Heap after GC invocations=24 (full 4):
 PSYoungGen      total 636928K, used 180724K [0x000000076ab00000, 0x00000007a4d00000, 0x00000007c0000000)
  eden space 456192K, 0% used [0x000000076ab00000,0x000000076ab00000,0x0000000786880000)
  from space 180736K, 99% used [0x0000000794280000,0x000000079f2fd3b8,0x000000079f300000)
  to   space 223232K, 0% used [0x0000000786880000,0x0000000786880000,0x0000000794280000)
 ParOldGen       total 553472K, used 395566K [0x00000006c0000000, 0x00000006e1c80000, 0x000000076ab00000)
  object space 553472K, 71% used [0x00000006c0000000,0x00000006d824b828,0x00000006e1c80000)
 Metaspace       used 6646K, capacity 7344K, committed 7552K, reserved 1056768K
  class space    used 598K, capacity 616K, committed 640K, reserved 1048576K
}
Event: 22.643 GC heap before
{Heap before GC invocations=25 (full 4):
 PSYoungGen      total 636928K, used 636916K [0x000000076ab00000, 0x00000007a4d00000, 0x00000007c0000000)
  eden space 456192K, 100% used [0x000000076ab00000,0x0000000786880000,0x0000000786880000)
  from space 180736K, 99% used [0x0000000794280000,0x000000079f2fd3b8,0x000000079f300000)
  to   space 223232K, 0% used [0x0000000786880000,0x0000000786880000,0x0000000794280000)
 ParOldGen       total 553472K, used 395566K [0x00000006c0000000, 0x00000006e1c80000, 0x000000076ab00000)
  object space 553472K, 71% used [0x00000006c0000000,0x00000006d824b828,0x00000006e1c80000)
 Metaspace       used 6652K, capacity 7344K, committed 7552K, reserved 1056768K
  class space    used 599K, capacity 616K, committed 640K, reserved 1048576K
Event: 22.927 GC heap after
Heap after GC invocations=25 (full 4):
 PSYoungGen      total 679424K, used 194668K [0x000000076ab00000, 0x00000007a9a80000, 0x00000007c0000000)
  eden space 456192K, 0% used [0x000000076ab00000,0x000000076ab00000,0x0000000786880000)
  from space 223232K, 87% used [0x0000000786880000,0x000000079269b1f8,0x0000000794280000)
  to   space 249856K, 0% used [0x000000079a680000,0x000000079a680000,0x00000007a9a80000)
 ParOldGen       total 553472K, used 452973K [0x00000006c0000000, 0x00000006e1c80000, 0x000000076ab00000)
  object space 553472K, 81% used [0x00000006c0000000,0x00000006dba5b5f8,0x00000006e1c80000)
 Metaspace       used 6652K, capacity 7344K, committed 7552K, reserved 1056768K
  class space    used 599K, capacity 616K, committed 640K, reserved 1048576K
}
Event: 24.239 GC heap before
{Heap before GC invocations=26 (full 4):
 PSYoungGen      total 679424K, used 650860K [0x000000076ab00000, 0x00000007a9a80000, 0x00000007c0000000)
  eden space 456192K, 100% used [0x000000076ab00000,0x0000000786880000,0x0000000786880000)
  from space 223232K, 87% used [0x0000000786880000,0x000000079269b1f8,0x0000000794280000)
  to   space 249856K, 0% used [0x000000079a680000,0x000000079a680000,0x00000007a9a80000)
 ParOldGen       total 553472K, used 452973K [0x00000006c0000000, 0x00000006e1c80000, 0x000000076ab00000)
  object space 553472K, 81% used [0x00000006c0000000,0x00000006dba5b5f8,0x00000006e1c80000)
 Metaspace       used 6653K, capacity 7344K, committed 7552K, reserved 1056768K
  class space    used 599K, capacity 616K, committed 640K, reserved 1048576K
Event: 24.624 GC heap after
Heap after GC invocations=26 (full 4):
 PSYoungGen      total 736256K, used 249855K [0x000000076ab00000, 0x00000007af700000, 0x00000007c0000000)
  eden space 486400K, 0% used [0x000000076ab00000,0x000000076ab00000,0x0000000788600000)
  from space 249856K, 99% used [0x000000079a680000,0x00000007a9a7fef0,0x00000007a9a80000)
  to   space 295424K, 0% used [0x0000000788600000,0x0000000788600000,0x000000079a680000)
 ParOldGen       total 553472K, used 462850K [0x00000006c0000000, 0x00000006e1c80000, 0x000000076ab00000)
  object space 553472K, 83% used [0x00000006c0000000,0x00000006dc400980,0x00000006e1c80000)
 Metaspace       used 6653K, capacity 7344K, committed 7552K, reserved 1056768K
  class space    used 599K, capacity 616K, committed 640K, reserved 1048576K
}
Event: 26.336 GC heap before
{Heap before GC invocations=27 (full 4):
 PSYoungGen      total 736256K, used 736255K [0x000000076ab00000, 0x00000007af700000, 0x00000007c0000000)
  eden space 486400K, 100% used [0x000000076ab00000,0x0000000788600000,0x0000000788600000)
  from space 249856K, 99% used [0x000000079a680000,0x00000007a9a7fef0,0x00000007a9a80000)
  to   space 295424K, 0% used [0x0000000788600000,0x0000000788600000,0x000000079a680000)
 ParOldGen       total 553472K, used 462850K [0x00000006c0000000, 0x00000006e1c80000, 0x000000076ab00000)
  object space 553472K, 83% used [0x00000006c0000000,0x00000006dc400980,0x00000006e1c80000)
 Metaspace       used 6704K, capacity 7344K, committed 7552K, reserved 1056768K
  class space    used 600K, capacity 616K, committed 640K, reserved 1048576K
Event: 26.748 GC heap after
Heap after GC invocations=27 (full 4):
 PSYoungGen      total 781824K, used 197273K [0x000000076ab00000, 0x00000007b3480000, 0x00000007c0000000)
  eden space 486400K, 0% used [0x000000076ab00000,0x000000076ab00000,0x0000000788600000)
  from space 295424K, 66% used [0x0000000788600000,0x00000007946a65a0,0x000000079a680000)
  to   space 308736K, 0% used [0x00000007a0700000,0x00000007a0700000,0x00000007b3480000)
 ParOldGen       total 587264K, used 586910K [0x00000006c0000000, 0x00000006e3d80000, 0x000000076ab00000)
  object space 587264K, 99% used [0x00000006c0000000,0x00000006e3d27ba8,0x00000006e3d80000)
 Metaspace       used 6704K, capacity 7344K, committed 7552K, reserved 1056768K
  class space    used 600K, capacity 616K, committed 640K, reserved 1048576K
}
Event: 26.748 GC heap before
{Heap before GC invocations=28 (full 5):
 PSYoungGen      total 781824K, used 197273K [0x000000076ab00000, 0x00000007b3480000, 0x00000007c0000000)
  eden space 486400K, 0% used [0x000000076ab00000,0x000000076ab00000,0x0000000788600000)
  from space 295424K, 66% used [0x0000000788600000,0x00000007946a65a0,0x000000079a680000)
  to   space 308736K, 0% used [0x00000007a0700000,0x00000007a0700000,0x00000007b3480000)
 ParOldGen       total 587264K, used 586910K [0x00000006c0000000, 0x00000006e3d80000, 0x000000076ab00000)
  object space 587264K, 99% used [0x00000006c0000000,0x00000006e3d27ba8,0x00000006e3d80000)
 Metaspace       used 6704K, capacity 7344K, committed 7552K, reserved 1056768K
  class space    used 600K, capacity 616K, committed 640K, reserved 1048576K

Deoptimization events (10 events):
Event: 23.178 Thread 0x00007f55fc192000 Uncommon trap: reason=null_check action=make_not_entrant pc=0x00007f55edafb4cc method=com.android.dx.dex.file.MethodIdsSection.intern(Lcom/android/dx/rop/cst/CstBaseMethodRef;)Lcom/android/dx/dex/file/MethodIdItem; @ 26
Event: 23.182 Thread 0x00007f55fc195800 Uncommon trap: reason=null_check action=make_not_entrant pc=0x00007f55edafb4cc method=com.android.dx.dex.file.MethodIdsSection.intern(Lcom/android/dx/rop/cst/CstBaseMethodRef;)Lcom/android/dx/dex/file/MethodIdItem; @ 26
Event: 23.185 Thread 0x00007f55fc00e800 Uncommon trap: reason=null_check action=make_not_entrant pc=0x00007f55edafb4cc method=com.android.dx.dex.file.MethodIdsSection.intern(Lcom/android/dx/rop/cst/CstBaseMethodRef;)Lcom/android/dx/dex/file/MethodIdItem; @ 26
Event: 23.207 Thread 0x00007f55fc198000 Uncommon trap: reason=null_check action=make_not_entrant pc=0x00007f55ed4c9948 method=com.android.dx.dex.file.MethodIdsSection.intern(Lcom/android/dx/rop/cst/CstBaseMethodRef;)Lcom/android/dx/dex/file/MethodIdItem; @ 26
Event: 25.658 Thread 0x00007f55fc00e800 Uncommon trap: reason=unstable_if action=reinterpret pc=0x00007f55ed95f36c method=java.lang.String.lastIndexOf([CII[CIII)I @ 135
Event: 26.194 Thread 0x00007f55fc199000 Uncommon trap: reason=unstable_if action=reinterpret pc=0x00007f55eda6b1b4 method=com.android.dx.dex.cf.AttributeTranslator.getSignature(Lcom/android/dx/cf/iface/AttributeList;)Lcom/android/dx/rop/annotation/Annotation; @ 13
Event: 26.325 Thread 0x00007f55fc195800 Uncommon trap: reason=class_check action=maybe_recompile pc=0x00007f55ed5ede30 method=com.android.dx.dex.cf.CfTranslator.coerceConstant(Lcom/android/dx/rop/cst/TypedConstant;Lcom/android/dx/rop/type/Type;)Lcom/android/dx/rop/cst/TypedConstant; @ 1
Event: 26.325 Thread 0x00007f55fc195800 Uncommon trap: reason=class_check action=maybe_recompile pc=0x00007f55ed5ede30 method=com.android.dx.dex.cf.CfTranslator.coerceConstant(Lcom/android/dx/rop/cst/TypedConstant;Lcom/android/dx/rop/type/Type;)Lcom/android/dx/rop/cst/TypedConstant; @ 1
Event: 26.325 Thread 0x00007f55fc195800 Uncommon trap: reason=class_check action=maybe_recompile pc=0x00007f55ed5ede30 method=com.android.dx.dex.cf.CfTranslator.coerceConstant(Lcom/android/dx/rop/cst/TypedConstant;Lcom/android/dx/rop/type/Type;)Lcom/android/dx/rop/cst/TypedConstant; @ 1
Event: 26.325 Thread 0x00007f55fc195800 Uncommon trap: reason=class_check action=maybe_recompile pc=0x00007f55ed5ede30 method=com.android.dx.dex.cf.CfTranslator.coerceConstant(Lcom/android/dx/rop/cst/TypedConstant;Lcom/android/dx/rop/type/Type;)Lcom/android/dx/rop/cst/TypedConstant; @ 1

Classes redefined (0 events):
No events

Internal exceptions (9 events):
Event: 0.087 Thread 0x00007f55fc00e800 Exception <a 'java/lang/NoSuchMethodError': Method sun.misc.Unsafe.defineClass(Ljava/lang/String;[BII)Ljava/lang/Class; name or signature does not match> (0x000000076ab07cb0) thrown at [/usr/local/google/buildbot/src/googleplex-android/openjdk/out/hotspot
Event: 0.087 Thread 0x00007f55fc00e800 Exception <a 'java/lang/NoSuchMethodError': Method sun.misc.Unsafe.prefetchRead(Ljava/lang/Object;J)V name or signature does not match> (0x000000076ab07f98) thrown at [/usr/local/google/buildbot/src/googleplex-android/openjdk/out/hotspot/src/share/vm/prim
Event: 0.912 Thread 0x00007f55fc199000 Implicit null exception at 0x00007f55ed2d37b3 to 0x00007f55ed2d62c1
Event: 1.173 Thread 0x00007f55fc192000 Implicit null exception at 0x00007f55ed342b5c to 0x00007f55ed34536d
Event: 1.208 Thread 0x00007f55fc198000 Exception <a 'java/lang/ArrayIndexOutOfBoundsException': 18> (0x000000076b326d98) thrown at [/usr/local/google/buildbot/src/googleplex-android/openjdk/out/hotspot/src/share/vm/interpreter/interpreterRuntime.cpp, line 368]
Event: 1.208 Thread 0x00007f55fc198000 Exception <a 'java/lang/ArrayIndexOutOfBoundsException': 145> (0x000000076b328918) thrown at [/usr/local/google/buildbot/src/googleplex-android/openjdk/out/hotspot/src/share/vm/interpreter/interpreterRuntime.cpp, line 368]
Event: 1.209 Thread 0x00007f55fc198000 Exception <a 'java/lang/ArrayIndexOutOfBoundsException': 40> (0x000000076b329c00) thrown at [/usr/local/google/buildbot/src/googleplex-android/openjdk/out/hotspot/src/share/vm/interpreter/interpreterRuntime.cpp, line 368]
Event: 18.988 Thread 0x00007f55fc195800 Implicit null exception at 0x00007f55ed9d3cd9 to 0x00007f55ed9d7e55
Event: 18.989 Thread 0x00007f55fc195800 Implicit null exception at 0x00007f55ed8ece21 to 0x00007f55ed8f0b69

Events (10 events):
Event: 26.325 Thread 0x00007f55fc195800 Uncommon trap: trap_request=0xffffffde fr.pc=0x00007f55ed5ede30
Event: 26.325 Thread 0x00007f55fc195800 DEOPT PACKING pc=0x00007f55ed5ede30 sp=0x00007f55de31c620
Event: 26.325 Thread 0x00007f55fc195800 DEOPT UNPACKING pc=0x00007f55ed04547a sp=0x00007f55de31c5d0 mode 2
Event: 26.325 Thread 0x00007f55fc195800 Uncommon trap: trap_request=0xffffffde fr.pc=0x00007f55ed5ede30
Event: 26.325 Thread 0x00007f55fc195800 DEOPT PACKING pc=0x00007f55ed5ede30 sp=0x00007f55de31c620
Event: 26.325 Thread 0x00007f55fc195800 DEOPT UNPACKING pc=0x00007f55ed04547a sp=0x00007f55de31c5d0 mode 2
Event: 26.325 Thread 0x00007f55fc195800 Uncommon trap: trap_request=0xffffffde fr.pc=0x00007f55ed5ede30
Event: 26.325 Thread 0x00007f55fc195800 DEOPT PACKING pc=0x00007f55ed5ede30 sp=0x00007f55de31c620
Event: 26.326 Thread 0x00007f55fc195800 DEOPT UNPACKING pc=0x00007f55ed04547a sp=0x00007f55de31c5d0 mode 2
Event: 26.336 Executing VM operation: ParallelGCFailedAllocation


Dynamic libraries:
00400000-00401000 r-xp 00000000 08:01 7352713                            /home/niroop/Documents/android-studio/jre/bin/java
00401000-00402000 rw-p 00000000 08:01 7352713                            /home/niroop/Documents/android-studio/jre/bin/java
00a4d000-00a6e000 rw-p 00000000 00:00 0                                  [heap]
6c0000000-6e3d80000 rw-p 00000000 00:00 0 
6f3a80000-76ab00000 ---p 00000000 00:00 0 
76ab00000-7b3480000 rw-p 00000000 00:00 0 
7b3480000-7c0000000 ---p 00000000 00:00 0 
7c0000000-7c00a0000 rw-p 00000000 00:00 0 
7c00a0000-800000000 ---p 00000000 00:00 0 
7f5598000000-7f5598047000 rw-p 00000000 00:00 0 
7f5598047000-7f559c000000 ---p 00000000 00:00 0 
7f559c000000-7f559c045000 rw-p 00000000 00:00 0 
7f559c045000-7f55a0000000 ---p 00000000 00:00 0 
7f55a0000000-7f55a0021000 rw-p 00000000 00:00 0 
7f55a0021000-7f55a4000000 ---p 00000000 00:00 0 
7f55a4000000-7f55a402f000 rw-p 00000000 00:00 0 
7f55a402f000-7f55a8000000 ---p 00000000 00:00 0 
7f55a8000000-7f55a8021000 rw-p 00000000 00:00 0 
7f55a8021000-7f55ac000000 ---p 00000000 00:00 0 
7f55ac000000-7f55ac03a000 rw-p 00000000 00:00 0 
7f55ac03a000-7f55b0000000 ---p 00000000 00:00 0 
7f55b0000000-7f55b0d25000 rw-p 00000000 00:00 0 
7f55b0d25000-7f55b4000000 ---p 00000000 00:00 0 
7f55b4000000-7f55b4021000 rw-p 00000000 00:00 0 
7f55b4021000-7f55b8000000 ---p 00000000 00:00 0 
7f55b8000000-7f55b9237000 rw-p 00000000 00:00 0 
7f55b9237000-7f55bc000000 ---p 00000000 00:00 0 
7f55bc000000-7f55bd425000 rw-p 00000000 00:00 0 
7f55bd425000-7f55c0000000 ---p 00000000 00:00 0 
7f55c0000000-7f55c0021000 rw-p 00000000 00:00 0 
7f55c0021000-7f55c4000000 ---p 00000000 00:00 0 
7f55c4000000-7f55c4021000 rw-p 00000000 00:00 0 
7f55c4021000-7f55c8000000 ---p 00000000 00:00 0 
7f55c8000000-7f55c82c4000 rw-p 00000000 00:00 0 
7f55c82c4000-7f55cc000000 ---p 00000000 00:00 0 
7f55cc000000-7f55cc021000 rw-p 00000000 00:00 0 
7f55cc021000-7f55d0000000 ---p 00000000 00:00 0 
7f55d0000000-7f55d8000000 rw-p 00000000 00:00 0 
7f55d8000000-7f55d8021000 rw-p 00000000 00:00 0 
7f55d8021000-7f55dc000000 ---p 00000000 00:00 0 
7f55de01b000-7f55de01e000 ---p 00000000 00:00 0 
7f55de01e000-7f55de11c000 rw-p 00000000 00:00 0 
7f55de11c000-7f55de11f000 ---p 00000000 00:00 0 
7f55de11f000-7f55de21d000 rw-p 00000000 00:00 0 
7f55de21d000-7f55de220000 ---p 00000000 00:00 0 
7f55de220000-7f55de31e000 rw-p 00000000 00:00 0 
7f55de31e000-7f55de321000 ---p 00000000 00:00 0 
7f55de321000-7f55de41f000 rw-p 00000000 00:00 0 
7f55de41f000-7f55de422000 ---p 00000000 00:00 0 
7f55de422000-7f55de520000 rw-p 00000000 00:00 0 
7f55de520000-7f55de521000 ---p 00000000 00:00 0 
7f55de521000-7f55de621000 rw-p 00000000 00:00 0 
7f55de621000-7f55de624000 ---p 00000000 00:00 0 
7f55de624000-7f55de722000 rw-p 00000000 00:00 0 
7f55de722000-7f55de723000 ---p 00000000 00:00 0 
7f55de723000-7f55de726000 ---p 00000000 00:00 0 
7f55de726000-7f55de823000 rw-p 00000000 00:00 0 
7f55de823000-7f55de824000 ---p 00000000 00:00 0 
7f55de824000-7f55de827000 ---p 00000000 00:00 0 
7f55de827000-7f55de924000 rw-p 00000000 00:00 0 
7f55de924000-7f55de925000 ---p 00000000 00:00 0 
7f55de925000-7f55de928000 ---p 00000000 00:00 0 
7f55de928000-7f55dea25000 rw-p 00000000 00:00 0 
7f55dea25000-7f55dea28000 ---p 00000000 00:00 0 
7f55dea28000-7f55deb26000 rw-p 00000000 00:00 0 
7f55deb26000-7f55df4f5000 r--p 00000000 08:01 6036074                    /usr/lib/locale/locale-archive
7f55df4f5000-7f55df4f8000 ---p 00000000 00:00 0 
7f55df4f8000-7f55df5f6000 rw-p 00000000 00:00 0 
7f55df5f6000-7f55df5f9000 ---p 00000000 00:00 0 
7f55df5f9000-7f55df6f7000 rw-p 00000000 00:00 0 
7f55df6f7000-7f55df6f8000 ---p 00000000 00:00 0 
7f55df6f8000-7f55e0000000 rw-p 00000000 00:00 0 
7f55e0000000-7f55e0021000 rw-p 00000000 00:00 0 
7f55e0021000-7f55e4000000 ---p 00000000 00:00 0 
7f55e4000000-7f55e4021000 rw-p 00000000 00:00 0 
7f55e4021000-7f55e8000000 ---p 00000000 00:00 0 
7f55e8000000-7f55e8021000 rw-p 00000000 00:00 0 
7f55e8021000-7f55ec000000 ---p 00000000 00:00 0 
7f55ec039000-7f55ec048000 r--s 000e4000 08:01 11851761                   /home/niroop/Android/Sdk/build-tools/26.0.0/lib/dx.jar
7f55ec048000-7f55ecec0000 rw-p 00000000 00:00 0 
7f55ecec0000-7f55ed000000 ---p 00000000 00:00 0 
7f55ed000000-7f55edcd0000 rwxp 00000000 00:00 0 
7f55edcd0000-7f55fc000000 ---p 00000000 00:00 0 
7f55fc000000-7f55fc41a000 rw-p 00000000 00:00 0 
7f55fc41a000-7f5600000000 ---p 00000000 00:00 0 
7f5600004000-7f5600046000 rw-p 00000000 00:00 0 
7f5600046000-7f5600218000 r--s 03cad000 08:01 7352843                    /home/niroop/Documents/android-studio/jre/jre/lib/rt.jar
7f5600218000-7f5600ae9000 rw-p 00000000 00:00 0 
7f5600ae9000-7f5600aea000 ---p 00000000 00:00 0 
7f5600aea000-7f5600bea000 rw-p 00000000 00:00 0 
7f5600bea000-7f5600beb000 ---p 00000000 00:00 0 
7f5600beb000-7f5600ceb000 rw-p 00000000 00:00 0 
7f5600ceb000-7f5600cec000 ---p 00000000 00:00 0 
7f5600cec000-7f5600dec000 rw-p 00000000 00:00 0 
7f5600dec000-7f5600ded000 ---p 00000000 00:00 0 
7f5600ded000-7f560100c000 rw-p 00000000 00:00 0 
7f560100c000-7f5601443000 ---p 00000000 00:00 0 
7f5601443000-7f5601562000 rw-p 00000000 00:00 0 
7f5601562000-7f5601998000 ---p 00000000 00:00 0 
7f5601998000-7f5601bde000 rw-p 00000000 00:00 0 
7f5601bde000-7f5601c43000 ---p 00000000 00:00 0 
7f5601c43000-7f5601c78000 rw-p 00000000 00:00 0 
7f5601c78000-7f5602004000 ---p 00000000 00:00 0 
7f5602004000-7f560200f000 r-xp 00000000 08:01 1840165                    /lib/x86_64-linux-gnu/libnss_files-2.27.so
7f560200f000-7f560220e000 ---p 0000b000 08:01 1840165                    /lib/x86_64-linux-gnu/libnss_files-2.27.so
7f560220e000-7f560220f000 r--p 0000a000 08:01 1840165                    /lib/x86_64-linux-gnu/libnss_files-2.27.so
7f560220f000-7f5602210000 rw-p 0000b000 08:01 1840165                    /lib/x86_64-linux-gnu/libnss_files-2.27.so
7f5602210000-7f5602216000 rw-p 00000000 00:00 0 
7f5602216000-7f560222d000 r-xp 00000000 08:01 1840159                    /lib/x86_64-linux-gnu/libnsl-2.27.so
7f560222d000-7f560242c000 ---p 00017000 08:01 1840159                    /lib/x86_64-linux-gnu/libnsl-2.27.so
7f560242c000-7f560242d000 r--p 00016000 08:01 1840159                    /lib/x86_64-linux-gnu/libnsl-2.27.so
7f560242d000-7f560242e000 rw-p 00017000 08:01 1840159                    /lib/x86_64-linux-gnu/libnsl-2.27.so
7f560242e000-7f5602430000 rw-p 00000000 00:00 0 
7f5602430000-7f560243b000 r-xp 00000000 08:01 1840176                    /lib/x86_64-linux-gnu/libnss_nis-2.27.so
7f560243b000-7f560263a000 ---p 0000b000 08:01 1840176                    /lib/x86_64-linux-gnu/libnss_nis-2.27.so
7f560263a000-7f560263b000 r--p 0000a000 08:01 1840176                    /lib/x86_64-linux-gnu/libnss_nis-2.27.so
7f560263b000-7f560263c000 rw-p 0000b000 08:01 1840176                    /lib/x86_64-linux-gnu/libnss_nis-2.27.so
7f560263c000-7f5602644000 r-xp 00000000 08:01 1840161                    /lib/x86_64-linux-gnu/libnss_compat-2.27.so
7f5602644000-7f5602844000 ---p 00008000 08:01 1840161                    /lib/x86_64-linux-gnu/libnss_compat-2.27.so
7f5602844000-7f5602845000 r--p 00008000 08:01 1840161                    /lib/x86_64-linux-gnu/libnss_compat-2.27.so
7f5602845000-7f5602846000 rw-p 00009000 08:01 1840161                    /lib/x86_64-linux-gnu/libnss_compat-2.27.so
7f5602846000-7f560284d000 r-xp 00000000 08:01 1840216                    /lib/x86_64-linux-gnu/librt-2.27.so
7f560284d000-7f5602a4c000 ---p 00007000 08:01 1840216                    /lib/x86_64-linux-gnu/librt-2.27.so
7f5602a4c000-7f5602a4d000 r--p 00006000 08:01 1840216                    /lib/x86_64-linux-gnu/librt-2.27.so
7f5602a4d000-7f5602a4e000 rw-p 00007000 08:01 1840216                    /lib/x86_64-linux-gnu/librt-2.27.so
7f5602a4e000-7f5602beb000 r-xp 00000000 08:01 1840138                    /lib/x86_64-linux-gnu/libm-2.27.so
7f5602beb000-7f5602dea000 ---p 0019d000 08:01 1840138                    /lib/x86_64-linux-gnu/libm-2.27.so
7f5602dea000-7f5602deb000 r--p 0019c000 08:01 1840138                    /lib/x86_64-linux-gnu/libm-2.27.so
7f5602deb000-7f5602dec000 rw-p 0019d000 08:01 1840138                    /lib/x86_64-linux-gnu/libm-2.27.so
7f5602dec000-7f5603a12000 r-xp 00000000 08:01 7352820                    /home/niroop/Documents/android-studio/jre/jre/lib/amd64/server/libjvm.so
7f5603a12000-7f5603ae2000 rw-p 00c26000 08:01 7352820                    /home/niroop/Documents/android-studio/jre/jre/lib/amd64/server/libjvm.so
7f5603ae2000-7f5603b26000 rw-p 00000000 00:00 0 
7f5603b26000-7f5603d0d000 r-xp 00000000 08:01 1840075                    /lib/x86_64-linux-gnu/libc-2.27.so
7f5603d0d000-7f5603f0d000 ---p 001e7000 08:01 1840075                    /lib/x86_64-linux-gnu/libc-2.27.so
7f5603f0d000-7f5603f11000 r--p 001e7000 08:01 1840075                    /lib/x86_64-linux-gnu/libc-2.27.so
7f5603f11000-7f5603f13000 rw-p 001eb000 08:01 1840075                    /lib/x86_64-linux-gnu/libc-2.27.so
7f5603f13000-7f5603f17000 rw-p 00000000 00:00 0 
7f5603f17000-7f5603f1a000 r-xp 00000000 08:01 1840098                    /lib/x86_64-linux-gnu/libdl-2.27.so
7f5603f1a000-7f5604119000 ---p 00003000 08:01 1840098                    /lib/x86_64-linux-gnu/libdl-2.27.so
7f5604119000-7f560411a000 r--p 00002000 08:01 1840098                    /lib/x86_64-linux-gnu/libdl-2.27.so
7f560411a000-7f560411b000 rw-p 00003000 08:01 1840098                    /lib/x86_64-linux-gnu/libdl-2.27.so
7f560411b000-7f5604135000 r-xp 00000000 08:01 1840208                    /lib/x86_64-linux-gnu/libpthread-2.27.so
7f5604135000-7f5604334000 ---p 0001a000 08:01 1840208                    /lib/x86_64-linux-gnu/libpthread-2.27.so
7f5604334000-7f5604335000 r--p 00019000 08:01 1840208                    /lib/x86_64-linux-gnu/libpthread-2.27.so
7f5604335000-7f5604336000 rw-p 0001a000 08:01 1840208                    /lib/x86_64-linux-gnu/libpthread-2.27.so
7f5604336000-7f560433a000 rw-p 00000000 00:00 0 
7f560433a000-7f5604361000 r-xp 00000000 08:01 1840047                    /lib/x86_64-linux-gnu/ld-2.27.so
7f5604368000-7f56043e0000 rw-p 00000000 00:00 0 
7f56043e0000-7f56043fb000 r-xp 00000000 08:01 7352802                    /home/niroop/Documents/android-studio/jre/jre/lib/amd64/libzip.so
7f56043fb000-7f56043fc000 rw-p 0001a000 08:01 7352802                    /home/niroop/Documents/android-studio/jre/jre/lib/amd64/libzip.so
7f56043fc000-7f5604426000 r-xp 00000000 08:01 7352810                    /home/niroop/Documents/android-studio/jre/jre/lib/amd64/libjava.so
7f5604426000-7f5604428000 rw-p 0002a000 08:01 7352810                    /home/niroop/Documents/android-studio/jre/jre/lib/amd64/libjava.so
7f5604428000-7f5604429000 ---p 00000000 00:00 0 
7f5604429000-7f560442c000 ---p 00000000 00:00 0 
7f560442c000-7f560452b000 rw-p 00000000 00:00 0 
7f560452b000-7f5604541000 r-xp 00000000 08:01 7352701                    /home/niroop/Documents/android-studio/jre/lib/amd64/jli/libjli.so
7f5604541000-7f5604542000 rw-p 00015000 08:01 7352701                    /home/niroop/Documents/android-studio/jre/lib/amd64/jli/libjli.so
7f5604542000-7f5604544000 rw-p 00000000 00:00 0 
7f5604548000-7f5604550000 rw-s 00000000 08:01 12583442                   /tmp/hsperfdata_niroop/2984
7f5604550000-7f5604551000 rw-p 00000000 00:00 0 
7f5604551000-7f5604552000 ---p 00000000 00:00 0 
7f5604552000-7f560455f000 r-xp 00000000 08:01 7352798                    /home/niroop/Documents/android-studio/jre/jre/lib/amd64/libverify.so
7f560455f000-7f5604561000 rw-p 0000c000 08:01 7352798                    /home/niroop/Documents/android-studio/jre/jre/lib/amd64/libverify.so
7f5604561000-7f5604562000 r--p 00027000 08:01 1840047                    /lib/x86_64-linux-gnu/ld-2.27.so
7f5604562000-7f5604563000 rw-p 00028000 08:01 1840047                    /lib/x86_64-linux-gnu/ld-2.27.so
7f5604563000-7f5604564000 rw-p 00000000 00:00 0 
7ffeeb1f3000-7ffeeb215000 rw-p 00000000 00:00 0                          [stack]
7ffeeb30e000-7ffeeb311000 r--p 00000000 00:00 0                          [vvar]
7ffeeb311000-7ffeeb312000 r-xp 00000000 00:00 0                          [vdso]
ffffffffff600000-ffffffffff601000 r-xp 00000000 00:00 0                  [vsyscall]

VM Arguments:
jvm_args: -Djava.awt.headless=true -Xmx4g -Dfile.encoding=UTF-8 -Duser.country=IN -Duser.language=en -Duser.variant 
java_command: com.android.dx.command.Main --dex --num-threads=4 --multi-dex --output /media/niroop/External HDD/AndroidStudioProjects/User App/app/build/intermediates/transforms/dex/debug/folders/1000/1f/main /home/niroop/.gradle/caches/modules-2/files-2.1/com.twitter/twitter-text/1.13.0/78415b95ae3184c5926d593feab64bfc0b73b2dd/twitter-text-1.13.0.jar /home/niroop/.android/build-cache/344e0ae5b96a066c340cbb65de62b9926cdefc58/output/jars/classes.jar /home/niroop/.android/build-cache/708519143cb1ca08075ced6ae13de74ca64bf15f/output/jars/classes.jar /home/niroop/.gradle/caches/modules-2/files-2.1/com.squareup.okhttp3/okhttp-ws/3.0.1/bd9b51a0188fc8f14bf840a0d326755545206116/okhttp-ws-3.0.1.jar /home/niroop/.android/build-cache/9b622f381cb7bb5838d987a04cc0137936991cc2/output/jars/classes.jar /home/niroop/.android/build-cache/5b51a3324933b67d5359e9286d32d4d1e7e614f2/output/jars/classes.jar /home/niroop/.android/build-cache/12d56c18a42d1f05b9ac1647b156441e2a4dbff5/output/jars/classes.jar /home/niroop/.android/build-cache/0add6791efe6dec7f33222700afd520c9a82813b/output/jars/classes.jar /media/niroop/External HDD/AndroidStudioProjects/User App/stripe/build/intermediates/bundles/default/classes.jar /home/niroop/.android/build-cache/26d5ae123ee9172a01bd32d1a79379bec37b7d2d/output/jars/classes.jar /home/niroop/.gradle/caches/modules-2/files-2.1/com.google.code.gson/gson/2.3/5fc52c41ef0239d1093a1eb7c3697036183677ce/gson-2.3.jar /home/niroop/.gradle/caches/modules-2/files-2.1/cz.msebera.android/httpclient/4.4.1.1/c8d96f6fd2bcc179c312da33ee670a71188cc60d/httpclient-4.4.1.1.jar /home/niroop/.android/build-cache/66327af80aa184671fc17553104e2db35ef7a9b3/output/jars/classes.jar /home/niroop/.android/build-cache/b257c5c0db47bbccb6143d3aada52dde313d9b0e/output/jars/classes.jar /home/niroop/.android/build-cache/3bccaacd42e5be60ac7fed01bcd491f7523ce2f1/output/jars/classes.jar /home/niroop/.android/build-cache/64700c7b9fdf25534d3d17e45870aa364dcf0d2b/output/jars/classes.jar /home/niroop/.
java_class_path (initial): /home/niroop/Android/Sdk/build-tools/26.0.0/lib/dx.jar
Launcher Type: SUN_STANDARD

Environment Variables:
PATH=/usr/local/sbin:/usr/local/bin:/usr/sbin:/usr/bin:/sbin:/bin:/usr/games:/usr/local/games:/snap/bin:/usr/lib/dart/bin
USERNAME=niroop
SHELL=/bin/bash
DISPLAY=:0

Signal Handlers:
SIGSEGV: [libjvm.so+0xa09650], sa_mask[0]=11111111011111111101111111111110, sa_flags=SA_RESTART|SA_SIGINFO
SIGBUS: [libjvm.so+0xa09650], sa_mask[0]=11111111011111111101111111111110, sa_flags=SA_RESTART|SA_SIGINFO
SIGFPE: [libjvm.so+0x86bc60], sa_mask[0]=11111111011111111101111111111110, sa_flags=SA_RESTART|SA_SIGINFO
SIGPIPE: [libjvm.so+0x86bc60], sa_mask[0]=11111111011111111101111111111110, sa_flags=SA_RESTART|SA_SIGINFO
SIGXFSZ: [libjvm.so+0x86bc60], sa_mask[0]=11111111011111111101111111111110, sa_flags=SA_RESTART|SA_SIGINFO
SIGILL: [libjvm.so+0x86bc60], sa_mask[0]=11111111011111111101111111111110, sa_flags=SA_RESTART|SA_SIGINFO
SIGUSR1: SIG_DFL, sa_mask[0]=00000000000000000000000000000000, sa_flags=none
SIGUSR2: [libjvm.so+0x86bb30], sa_mask[0]=00100000000000000000000000000000, sa_flags=SA_RESTART|SA_SIGINFO
SIGHUP: [libjvm.so+0x86bd20], sa_mask[0]=11111111011111111101111111111110, sa_flags=SA_RESTART|SA_SIGINFO
SIGINT: [libjvm.so+0x86bd20], sa_mask[0]=11111111011111111101111111111110, sa_flags=SA_RESTART|SA_SIGINFO
SIGTERM: [libjvm.so+0x86bd20], sa_mask[0]=11111111011111111101111111111110, sa_flags=SA_RESTART|SA_SIGINFO
SIGQUIT: [libjvm.so+0x86bd20], sa_mask[0]=11111111011111111101111111111110, sa_flags=SA_RESTART|SA_SIGINFO


---------------  S Y S T E M  ---------------

OS:DISTRIB_ID=Ubuntu
DISTRIB_RELEASE=18.04
DISTRIB_CODENAME=bionic
DISTRIB_DESCRIPTION="Ubuntu 18.04.3 LTS"

uname:Linux 5.0.0-37-generic #40~18.04.1-Ubuntu SMP Thu Nov 14 12:06:39 UTC 2019 x86_64
libc:glibc 2.27 NPTL 2.27 
rlimit: STACK 8192k, CORE 0k, NPROC 23162, NOFILE 1048576, AS infinity
load average:2.82 2.05 2.84

/proc/meminfo:
MemTotal:        5979864 kB
MemFree:          132208 kB
MemAvailable:      89368 kB
Buffers:           12104 kB
Cached:           187300 kB
SwapCached:        69624 kB
Active:          4754204 kB
Inactive:         731488 kB
Active(anon):    4712576 kB
Inactive(anon):   672892 kB
Active(file):      41628 kB
Inactive(file):    58596 kB
Unevictable:         228 kB
Mlocked:              48 kB
SwapTotal:       2097148 kB
SwapFree:              0 kB
Dirty:               276 kB
Writeback:             0 kB
AnonPages:       5218616 kB
Mapped:            65496 kB
Shmem:             98988 kB
KReclaimable:      75628 kB
Slab:             157108 kB
SReclaimable:      75628 kB
SUnreclaim:        81480 kB
KernelStack:       18032 kB
PageTables:        82116 kB
NFS_Unstable:          0 kB
Bounce:                0 kB
WritebackTmp:          0 kB
CommitLimit:     5087080 kB
Committed_AS:   15144148 kB
VmallocTotal:   34359738367 kB
VmallocUsed:           0 kB
VmallocChunk:          0 kB
Percpu:             2528 kB
HardwareCorrupted:     0 kB
AnonHugePages:         0 kB
ShmemHugePages:        0 kB
ShmemPmdMapped:        0 kB
CmaTotal:              0 kB
CmaFree:               0 kB
HugePages_Total:       0
HugePages_Free:        0
HugePages_Rsvd:        0
HugePages_Surp:        0
Hugepagesize:       2048 kB
Hugetlb:               0 kB
DirectMap4k:      336152 kB
DirectMap2M:     5834752 kB

container (cgroup) information:
container_type: cgroupv1
cpu_cpuset_cpus: 0-3
cpu_memory_nodes: 0
active_processor_count: 4
cpu_quota: -1
cpu_period: 100000
cpu_shares: -1
memory_limit_in_bytes: -1
memory_and_swap_limit_in_bytes: -2
memory_soft_limit_in_bytes: -1
memory_usage_in_bytes: 5617860608
memory_max_usage_in_bytes: 308645888


CPU:total 4 (initial active 4) (2 cores per cpu, 2 threads per core) family 6 model 58 stepping 9, cmov, cx8, fxsr, mmx, sse, sse2, sse3, ssse3, sse4.1, sse4.2, popcnt, avx, aes, clmul, erms, ht, tsc, tscinvbit, tscinv

/proc/cpuinfo:
processor	: 0
vendor_id	: GenuineIntel
cpu family	: 6
model		: 58
model name	: Intel(R) Core(TM) i5-3337U CPU @ 1.80GHz
stepping	: 9
microcode	: 0x21
cpu MHz		: 2271.523
cache size	: 3072 KB
physical id	: 0
siblings	: 4
core id		: 0
cpu cores	: 2
apicid		: 0
initial apicid	: 0
fpu		: yes
fpu_exception	: yes
cpuid level	: 13
wp		: yes
flags		: fpu vme de pse tsc msr pae mce cx8 apic sep mtrr pge mca cmov pat pse36 clflush dts acpi mmx fxsr sse sse2 ss ht tm pbe syscall nx rdtscp lm constant_tsc arch_perfmon pebs bts rep_good nopl xtopology nonstop_tsc cpuid aperfmperf pni pclmulqdq dtes64 monitor ds_cpl vmx est tm2 ssse3 cx16 xtpr pdcm pcid sse4_1 sse4_2 x2apic popcnt tsc_deadline_timer aes xsave avx f16c rdrand lahf_lm cpuid_fault epb pti ssbd ibrs ibpb stibp tpr_shadow vnmi flexpriority ept vpid fsgsbase smep erms xsaveopt dtherm ida arat pln pts md_clear flush_l1d
bugs		: cpu_meltdown spectre_v1 spectre_v2 spec_store_bypass l1tf mds swapgs itlb_multihit
bogomips	: 3591.47
clflush size	: 64
cache_alignment	: 64
address sizes	: 36 bits physical, 48 bits virtual
power management:

processor	: 1
vendor_id	: GenuineIntel
cpu family	: 6
model		: 58
model name	: Intel(R) Core(TM) i5-3337U CPU @ 1.80GHz
stepping	: 9
microcode	: 0x21
cpu MHz		: 2216.942
cache size	: 3072 KB
physical id	: 0
siblings	: 4
core id		: 0
cpu cores	: 2
apicid		: 1
initial apicid	: 1
fpu		: yes
fpu_exception	: yes
cpuid level	: 13
wp		: yes
flags		: fpu vme de pse tsc msr pae mce cx8 apic sep mtrr pge mca cmov pat pse36 clflush dts acpi mmx fxsr sse sse2 ss ht tm pbe syscall nx rdtscp lm constant_tsc arch_perfmon pebs bts rep_good nopl xtopology nonstop_tsc cpuid aperfmperf pni pclmulqdq dtes64 monitor ds_cpl vmx est tm2 ssse3 cx16 xtpr pdcm pcid sse4_1 sse4_2 x2apic popcnt tsc_deadline_timer aes xsave avx f16c rdrand lahf_lm cpuid_fault epb pti ssbd ibrs ibpb stibp tpr_shadow vnmi flexpriority ept vpid fsgsbase smep erms xsaveopt dtherm ida arat pln pts md_clear flush_l1d
bugs		: cpu_meltdown spectre_v1 spectre_v2 spec_store_bypass l1tf mds swapgs itlb_multihit
bogomips	: 3591.47
clflush size	: 64
cache_alignment	: 64
address sizes	: 36 bits physical, 48 bits virtual
power management:

processor	: 2
vendor_id	: GenuineIntel
cpu family	: 6
model		: 58
model name	: Intel(R) Core(TM) i5-3337U CPU @ 1.80GHz
stepping	: 9
microcode	: 0x21
cpu MHz		: 2218.641
cache size	: 3072 KB
physical id	: 0
siblings	: 4
core id		: 1
cpu cores	: 2
apicid		: 2
initial apicid	: 2
fpu		: yes
fpu_exception	: yes
cpuid level	: 13
wp		: yes
flags		: fpu vme de pse tsc msr pae mce cx8 apic sep mtrr pge mca cmov pat pse36 clflush dts acpi mmx fxsr sse sse2 ss ht tm pbe syscall nx rdtscp lm constant_tsc arch_perfmon pebs bts rep_good nopl xtopology nonstop_tsc cpuid aperfmperf pni pclmulqdq dtes64 monitor ds_cpl vmx est tm2 ssse3 cx16 xtpr pdcm pcid sse4_1 sse4_2 x2apic popcnt tsc_deadline_timer aes xsave avx f16c rdrand lahf_lm cpuid_fault epb pti ssbd ibrs ibpb stibp tpr_shadow vnmi flexpriority ept vpid fsgsbase smep erms xsaveopt dtherm ida arat pln pts md_clear flush_l1d
bugs		: cpu_meltdown spectre_v1 spectre_v2 spec_store_bypass l1tf mds swapgs itlb_multihit
bogomips	: 3591.47
clflush size	: 64
cache_alignment	: 64
address sizes	: 36 bits physical, 48 bits virtual
power management:

processor	: 3
vendor_id	: GenuineIntel
cpu family	: 6
model		: 58
model name	: Intel(R) Core(TM) i5-3337U CPU @ 1.80GHz
stepping	: 9
microcode	: 0x21
cpu MHz		: 2575.979
cache size	: 3072 KB
physical id	: 0
siblings	: 4
core id		: 1
cpu cores	: 2
apicid		: 3
initial apicid	: 3
fpu		: yes
fpu_exception	: yes
cpuid level	: 13
wp		: yes
flags		: fpu vme de pse tsc msr pae mce cx8 apic sep mtrr pge mca cmov pat pse36 clflush dts acpi mmx fxsr sse sse2 ss ht tm pbe syscall nx rdtscp lm constant_tsc arch_perfmon pebs bts rep_good nopl xtopology nonstop_tsc cpuid aperfmperf pni pclmulqdq dtes64 monitor ds_cpl vmx est tm2 ssse3 cx16 xtpr pdcm pcid sse4_1 sse4_2 x2apic popcnt tsc_deadline_timer aes xsave avx f16c rdrand lahf_lm cpuid_fault epb pti ssbd ibrs ibpb stibp tpr_shadow vnmi flexpriority ept vpid fsgsbase smep erms xsaveopt dtherm ida arat pln pts md_clear flush_l1d
bugs		: cpu_meltdown spectre_v1 spectre_v2 spec_store_bypass l1tf mds swapgs itlb_multihit
bogomips	: 3591.47
clflush size	: 64
cache_alignment	: 64
address sizes	: 36 bits physical, 48 bits virtual
power management:



Memory: 4k page, physical 5979864k(130948k free), swap 2097148k(0k free)

vm_info: OpenJDK 64-Bit Server VM (25.202-b49-5587405) for linux-amd64 JRE (1.8.0_202-release-1483-b49-5587405), built by "android-build" with gcc 4.8

time: Thu Mar  5 18:37:13 2020
timezone: IST
elapsed time: 31 seconds (0d 0h 0m 31s)

