#
# There is insufficient memory for the Java Runtime Environment to continue.
# Native memory allocation (mmap) failed to map 305659904 bytes for committing reserved memory.
# Possible reasons:
#   The system is out of physical RAM or swap space
#   The process is running with CompressedOops enabled, and the Java Heap may be blocking the growth of the native heap
# Possible solutions:
#   Reduce memory load on the system
#   Increase physical memory or swap space
#   Check if swap backing store is full
#   Decrease Java heap size (-Xmx/-Xms)
#   Decrease number of Java threads
#   Decrease Java thread stack sizes (-Xss)
#   Set larger code cache with -XX:ReservedCodeCacheSize=
#   JVM is running with Zero Based Compressed Oops mode in which the Java heap is
#     placed in the first 32GB address space. The Java Heap base address is the
#     maximum limit for the native heap growth. Please use -XX:HeapBaseMinAddress
#     to set the Java Heap base and to place the Java Heap above 32GB virtual address.
# This output file may be truncated or incomplete.
#
#  Out of Memory Error (os_linux.cpp:2753), pid=10135, tid=0x00007f1a743f3700
#
# JRE version: OpenJDK Runtime Environment (8.0_202) (build 1.8.0_202-release-1483-b49-5587405)
# Java VM: OpenJDK 64-Bit Server VM (25.202-b49-5587405 mixed mode linux-amd64 compressed oops)
# Failed to write core dump. Core dumps have been disabled. To enable core dumping, try "ulimit -c unlimited" before starting Java again
#

---------------  T H R E A D  ---------------

Current thread (0x00007f1a8407c800):  VMThread [stack: 0x00007f1a742f4000,0x00007f1a743f4000] [id=10145]

Stack: [0x00007f1a742f4000,0x00007f1a743f4000],  sp=0x00007f1a743f2530,  free space=1017k
Native frames: (J=compiled Java code, j=interpreted, Vv=VM code, C=native code)
V  [libjvm.so+0xa08b78]  VMError::report_and_die()+0x148
V  [libjvm.so+0x4d412a]  report_vm_out_of_memory(char const*, int, unsigned long, VMErrorType, char const*)+0x8a
V  [libjvm.so+0x870478]  os::pd_commit_memory(char*, unsigned long, unsigned long, bool)+0xd8
V  [libjvm.so+0x867f9f]  os::commit_memory(char*, unsigned long, unsigned long, bool)+0x1f
V  [libjvm.so+0x8e14eb]  PSVirtualSpace::expand_by(unsigned long)+0x5b
V  [libjvm.so+0x8d234b]  PSOldGen::expand_by(unsigned long) [clone .part.109]+0x1b
V  [libjvm.so+0x8d250b]  PSOldGen::expand(unsigned long) [clone .part.111]+0xdb
V  [libjvm.so+0x8d2de8]  PSOldGen::resize(unsigned long)+0x188
V  [libjvm.so+0x8d83cc]  PSParallelCompact::invoke_no_policy(bool)+0x94c
V  [libjvm.so+0x8df48d]  PSScavenge::invoke()+0x17d
V  [libjvm.so+0x893763]  ParallelScavengeHeap::failed_mem_allocate(unsigned long)+0x63
V  [libjvm.so+0xa0a644]  VM_ParallelGCFailedAllocation::doit()+0x84
V  [libjvm.so+0xa0ea17]  VM_Operation::evaluate()+0x47
V  [libjvm.so+0xa0d498]  VMThread::evaluate_operation(VM_Operation*)+0x218
V  [libjvm.so+0xa0d8d1]  VMThread::loop()+0x1f1
V  [libjvm.so+0xa0dd02]  VMThread::run()+0x72
V  [libjvm.so+0x86d652]  java_start(Thread*)+0xf2

VM_Operation (0x00007f1a66f27f60): ParallelGCFailedAllocation, mode: safepoint, requested by thread 0x00007f1a84165800


---------------  P R O C E S S  ---------------

Java Threads: ( => current thread )
  0x00007f1a84165800 JavaThread "pool-1-thread-1" [_thread_blocked, id=10163, stack(0x00007f1a66e29000,0x00007f1a66f2a000)]
  0x00007f1a840cc800 JavaThread "Service Thread" daemon [_thread_blocked, id=10152, stack(0x00007f1a6712c000,0x00007f1a6722d000)]
  0x00007f1a840c1800 JavaThread "C1 CompilerThread2" daemon [_thread_blocked, id=10151, stack(0x00007f1a6722e000,0x00007f1a6732e000)]
  0x00007f1a840bf800 JavaThread "C2 CompilerThread1" daemon [_thread_blocked, id=10150, stack(0x00007f1a6732f000,0x00007f1a6742f000)]
  0x00007f1a840bc800 JavaThread "C2 CompilerThread0" daemon [_thread_blocked, id=10149, stack(0x00007f1a67430000,0x00007f1a67530000)]
  0x00007f1a840b8800 JavaThread "Signal Dispatcher" daemon [_thread_blocked, id=10148, stack(0x00007f1a67530000,0x00007f1a67631000)]
  0x00007f1a84088800 JavaThread "Finalizer" daemon [_thread_blocked, id=10147, stack(0x00007f1a740f1000,0x00007f1a741f2000)]
  0x00007f1a84086000 JavaThread "Reference Handler" daemon [_thread_blocked, id=10146, stack(0x00007f1a741f2000,0x00007f1a742f3000)]
  0x00007f1a8400e800 JavaThread "main" [_thread_blocked, id=10140, stack(0x00007f1a8cffb000,0x00007f1a8d0fb000)]

Other Threads:
=>0x00007f1a8407c800 VMThread [stack: 0x00007f1a742f4000,0x00007f1a743f4000] [id=10145]
  0x00007f1a840cf000 WatcherThread [stack: 0x00007f1a6702c000,0x00007f1a6712c000] [id=10153]

VM state:at safepoint (normal execution)

VM Mutex/Monitor currently owned by a thread:  ([mutex/lock_event])
[0x00007f1a8400a9e0] ExpandHeap_lock - owner thread: 0x00007f1a8407c800
[0x00007f1a8400b060] Threads_lock - owner thread: 0x00007f1a8407c800
[0x00007f1a8400b560] Heap_lock - owner thread: 0x00007f1a84165800

heap address: 0x00000006c0000000, size: 4096 MB, Compressed Oops mode: Zero based, Oop shift amount: 3
Narrow klass base: 0x0000000000000000, Narrow klass shift: 3
Compressed class space size: 1073741824 Address: 0x00000007c0000000

Heap:
 PSYoungGen      total 782336K, used 0K [0x000000076ab00000, 0x00000007aa680000, 0x00000007c0000000)
  eden space 595968K, 0% used [0x000000076ab00000,0x000000076ab00000,0x000000078f100000)
  from space 186368K, 0% used [0x000000078f100000,0x000000078f100000,0x000000079a700000)
  to   space 177152K, 0% used [0x000000079f980000,0x000000079f980000,0x00000007aa680000)
 ParOldGen       total 811008K, used 804327K [0x00000006c0000000, 0x00000006f1800000, 0x000000076ab00000)
  object space 811008K, 99% used [0x00000006c0000000,0x00000006f1179f18,0x00000006f1800000)
 Metaspace       used 6773K, capacity 7410K, committed 7552K, reserved 1056768K
  class space    used 605K, capacity 618K, committed 640K, reserved 1048576K

Card table byte_map: [0x00007f1a8a015000,0x00007f1a8a816000] byte_map_base: 0x00007f1a86a15000

Marking Bits: (ParMarkBitMap*) 0x00007f1a8c6c9920
 Begin Bits: [0x00007f1a58000000, 0x00007f1a5c000000)
 End Bits:   [0x00007f1a5c000000, 0x00007f1a60000000)

Polling page: 0x00007f1a8d123000

CodeCache: size=245760Kb used=13230Kb max_used=13230Kb free=232529Kb
 bounds [0x00007f1a75000000, 0x00007f1a75d00000, 0x00007f1a84000000]
 total_blobs=2911 nmethods=2638 adapters=187
 compilation: enabled

Compilation events (10 events):
Event: 43.789 Thread 0x00007f1a840c1800 3309       2       com.android.dx.dex.file.AnnotationsDirectoryItem::addContents (160 bytes)
Event: 43.791 Thread 0x00007f1a840c1800 nmethod 3309 0x00007f1a75cf2190 code [0x00007f1a75cf23c0, 0x00007f1a75cf2c98]
Event: 43.791 Thread 0x00007f1a840c1800 3311       1       com.android.dx.dex.file.AnnotationSetItem::itemType (4 bytes)
Event: 43.791 Thread 0x00007f1a840c1800 nmethod 3311 0x00007f1a75cc8e90 code [0x00007f1a75cc8fe0, 0x00007f1a75cc90f0]
Event: 43.791 Thread 0x00007f1a840c1800 3310       2       com.android.dx.dex.file.ParameterAnnotationStruct::addContents (28 bytes)
Event: 43.791 Thread 0x00007f1a840c1800 nmethod 3310 0x00007f1a75cf3510 code [0x00007f1a75cf3680, 0x00007f1a75cf3858]
Event: 43.793 Thread 0x00007f1a840c1800 3312       1       com.android.dx.dex.file.AnnotationsDirectoryItem::itemType (4 bytes)
Event: 43.793 Thread 0x00007f1a840c1800 nmethod 3312 0x00007f1a75cf3990 code [0x00007f1a75cf3ae0, 0x00007f1a75cf3bf0]
Event: 43.810 Thread 0x00007f1a840c1800 3314 %     3       java.util.HashMap::resize @ 154 (359 bytes)
Event: 43.811 Thread 0x00007f1a840c1800 nmethod 3314% 0x00007f1a75cf3c50 code [0x00007f1a75cf3ec0, 0x00007f1a75cf51e8]

GC Heap History (10 events):
Event: 28.954 GC heap after
Heap after GC invocations=26 (full 4):
 PSYoungGen      total 682496K, used 55570K [0x000000076ab00000, 0x00000007a1b80000, 0x00000007c0000000)
  eden space 488960K, 0% used [0x000000076ab00000,0x000000076ab00000,0x0000000788880000)
  from space 193536K, 28% used [0x0000000795e80000,0x00000007994c49b8,0x00000007a1b80000)
  to   space 206336K, 0% used [0x0000000788880000,0x0000000788880000,0x0000000795200000)
 ParOldGen       total 547328K, used 541799K [0x00000006c0000000, 0x00000006e1680000, 0x000000076ab00000)
  object space 547328K, 98% used [0x00000006c0000000,0x00000006e1119e78,0x00000006e1680000)
 Metaspace       used 6628K, capacity 7344K, committed 7552K, reserved 1056768K
  class space    used 598K, capacity 616K, committed 640K, reserved 1048576K
}
Event: 28.956 GC heap before
{Heap before GC invocations=27 (full 5):
 PSYoungGen      total 682496K, used 55570K [0x000000076ab00000, 0x00000007a1b80000, 0x00000007c0000000)
  eden space 488960K, 0% used [0x000000076ab00000,0x000000076ab00000,0x0000000788880000)
  from space 193536K, 28% used [0x0000000795e80000,0x00000007994c49b8,0x00000007a1b80000)
  to   space 206336K, 0% used [0x0000000788880000,0x0000000788880000,0x0000000795200000)
 ParOldGen       total 547328K, used 541799K [0x00000006c0000000, 0x00000006e1680000, 0x000000076ab00000)
  object space 547328K, 98% used [0x00000006c0000000,0x00000006e1119e78,0x00000006e1680000)
 Metaspace       used 6628K, capacity 7344K, committed 7552K, reserved 1056768K
  class space    used 598K, capacity 616K, committed 640K, reserved 1048576K
Event: 32.144 GC heap after
Heap after GC invocations=27 (full 5):
 PSYoungGen      total 682496K, used 45503K [0x000000076ab00000, 0x00000007a1b80000, 0x00000007c0000000)
  eden space 488960K, 0% used [0x000000076ab00000,0x000000076ab00000,0x0000000788880000)
  from space 193536K, 23% used [0x0000000795e80000,0x0000000798aeffb8,0x00000007a1b80000)
  to   space 206336K, 0% used [0x0000000788880000,0x0000000788880000,0x0000000795200000)
 ParOldGen       total 811008K, used 546926K [0x00000006c0000000, 0x00000006f1800000, 0x000000076ab00000)
  object space 811008K, 67% used [0x00000006c0000000,0x00000006e161b9f0,0x00000006f1800000)
 Metaspace       used 6628K, capacity 7344K, committed 7552K, reserved 1056768K
  class space    used 598K, capacity 616K, committed 640K, reserved 1048576K
}
Event: 34.317 GC heap before
{Heap before GC invocations=28 (full 5):
 PSYoungGen      total 682496K, used 534463K [0x000000076ab00000, 0x00000007a1b80000, 0x00000007c0000000)
  eden space 488960K, 100% used [0x000000076ab00000,0x0000000788880000,0x0000000788880000)
  from space 193536K, 23% used [0x0000000795e80000,0x0000000798aeffb8,0x00000007a1b80000)
  to   space 206336K, 0% used [0x0000000788880000,0x0000000788880000,0x0000000795200000)
 ParOldGen       total 811008K, used 546926K [0x00000006c0000000, 0x00000006f1800000, 0x000000076ab00000)
  object space 811008K, 67% used [0x00000006c0000000,0x00000006e161b9f0,0x00000006f1800000)
 Metaspace       used 6633K, capacity 7344K, committed 7552K, reserved 1056768K
  class space    used 598K, capacity 616K, committed 640K, reserved 1048576K
Event: 34.728 GC heap after
Heap after GC invocations=28 (full 5):
 PSYoungGen      total 695296K, used 76965K [0x000000076ab00000, 0x00000007a6580000, 0x00000007c0000000)
  eden space 488960K, 0% used [0x000000076ab00000,0x000000076ab00000,0x0000000788880000)
  from space 206336K, 37% used [0x0000000788880000,0x000000078d3a94e0,0x0000000795200000)
  to   space 195072K, 0% used [0x000000079a700000,0x000000079a700000,0x00000007a6580000)
 ParOldGen       total 811008K, used 590094K [0x00000006c0000000, 0x00000006f1800000, 0x000000076ab00000)
  object space 811008K, 72% used [0x00000006c0000000,0x00000006e4043858,0x00000006f1800000)
 Metaspace       used 6633K, capacity 7344K, committed 7552K, reserved 1056768K
  class space    used 598K, capacity 616K, committed 640K, reserved 1048576K
}
Event: 36.316 GC heap before
{Heap before GC invocations=29 (full 5):
 PSYoungGen      total 695296K, used 565925K [0x000000076ab00000, 0x00000007a6580000, 0x00000007c0000000)
  eden space 488960K, 100% used [0x000000076ab00000,0x0000000788880000,0x0000000788880000)
  from space 206336K, 37% used [0x0000000788880000,0x000000078d3a94e0,0x0000000795200000)
  to   space 195072K, 0% used [0x000000079a700000,0x000000079a700000,0x00000007a6580000)
 ParOldGen       total 811008K, used 590094K [0x00000006c0000000, 0x00000006f1800000, 0x000000076ab00000)
  object space 811008K, 72% used [0x00000006c0000000,0x00000006e4043858,0x00000006f1800000)
 Metaspace       used 6633K, capacity 7344K, committed 7552K, reserved 1056768K
  class space    used 598K, capacity 616K, committed 640K, reserved 1048576K
Event: 40.411 GC heap after
Heap after GC invocations=29 (full 5):
 PSYoungGen      total 788992K, used 68410K [0x000000076ab00000, 0x00000007a6380000, 0x00000007c0000000)
  eden space 595968K, 0% used [0x000000076ab00000,0x000000076ab00000,0x000000078f100000)
  from space 193024K, 35% used [0x000000079a700000,0x000000079e9ce8b0,0x00000007a6380000)
  to   space 186368K, 0% used [0x000000078f100000,0x000000078f100000,0x000000079a700000)
 ParOldGen       total 811008K, used 664687K [0x00000006c0000000, 0x00000006f1800000, 0x000000076ab00000)
  object space 811008K, 81% used [0x00000006c0000000,0x00000006e891bda0,0x00000006f1800000)
 Metaspace       used 6633K, capacity 7344K, committed 7552K, reserved 1056768K
  class space    used 598K, capacity 616K, committed 640K, reserved 1048576K
}
Event: 43.823 GC heap before
{Heap before GC invocations=30 (full 5):
 PSYoungGen      total 788992K, used 664378K [0x000000076ab00000, 0x00000007a6380000, 0x00000007c0000000)
  eden space 595968K, 100% used [0x000000076ab00000,0x000000078f100000,0x000000078f100000)
  from space 193024K, 35% used [0x000000079a700000,0x000000079e9ce8b0,0x00000007a6380000)
  to   space 186368K, 0% used [0x000000078f100000,0x000000078f100000,0x000000079a700000)
 ParOldGen       total 811008K, used 664687K [0x00000006c0000000, 0x00000006f1800000, 0x000000076ab00000)
  object space 811008K, 81% used [0x00000006c0000000,0x00000006e891bda0,0x00000006f1800000)
 Metaspace       used 6773K, capacity 7410K, committed 7552K, reserved 1056768K
  class space    used 605K, capacity 618K, committed 640K, reserved 1048576K
Event: 44.058 GC heap after
Heap after GC invocations=30 (full 5):
 PSYoungGen      total 782336K, used 84572K [0x000000076ab00000, 0x00000007aa680000, 0x00000007c0000000)
  eden space 595968K, 0% used [0x000000076ab00000,0x000000076ab00000,0x000000078f100000)
  from space 186368K, 45% used [0x000000078f100000,0x0000000794397080,0x000000079a700000)
  to   space 177152K, 0% used [0x000000079f980000,0x000000079f980000,0x00000007aa680000)
 ParOldGen       total 811008K, used 730101K [0x00000006c0000000, 0x00000006f1800000, 0x000000076ab00000)
  object space 811008K, 90% used [0x00000006c0000000,0x00000006ec8fd718,0x00000006f1800000)
 Metaspace       used 6773K, capacity 7410K, committed 7552K, reserved 1056768K
  class space    used 605K, capacity 618K, committed 640K, reserved 1048576K
}
Event: 44.058 GC heap before
{Heap before GC invocations=31 (full 6):
 PSYoungGen      total 782336K, used 84572K [0x000000076ab00000, 0x00000007aa680000, 0x00000007c0000000)
  eden space 595968K, 0% used [0x000000076ab00000,0x000000076ab00000,0x000000078f100000)
  from space 186368K, 45% used [0x000000078f100000,0x0000000794397080,0x000000079a700000)
  to   space 177152K, 0% used [0x000000079f980000,0x000000079f980000,0x00000007aa680000)
 ParOldGen       total 811008K, used 730101K [0x00000006c0000000, 0x00000006f1800000, 0x000000076ab00000)
  object space 811008K, 90% used [0x00000006c0000000,0x00000006ec8fd718,0x00000006f1800000)
 Metaspace       used 6773K, capacity 7410K, committed 7552K, reserved 1056768K
  class space    used 605K, capacity 618K, committed 640K, reserved 1048576K

Deoptimization events (10 events):
Event: 42.876 Thread 0x00007f1a84172800 Uncommon trap: reason=unstable_if action=reinterpret pc=0x00007f1a7549897c method=com.android.dx.ssa.LiteralOpUpgrader$1.visitNonMoveInsn(Lcom/android/dx/ssa/NormalSsaInsn;)V @ 151
Event: 43.435 Thread 0x00007f1a84172800 Uncommon trap: reason=unstable_if action=reinterpret pc=0x00007f1a75b3d66c method=com.android.dx.ssa.SCCP.simulateStmt(Lcom/android/dx/ssa/SsaInsn;)V @ 435
Event: 43.435 Thread 0x00007f1a84172800 Uncommon trap: reason=unstable_if action=reinterpret pc=0x00007f1a75befdd8 method=com.android.dx.ssa.SCCP.replaceBranches()V @ 14
Event: 43.513 Thread 0x00007f1a84165800 Uncommon trap: reason=class_check action=maybe_recompile pc=0x00007f1a75509a60 method=java.util.Arrays.hashCode([Ljava/lang/Object;)I @ 43
Event: 43.513 Thread 0x00007f1a84165800 Uncommon trap: reason=class_check action=maybe_recompile pc=0x00007f1a75509a60 method=java.util.Arrays.hashCode([Ljava/lang/Object;)I @ 43
Event: 43.513 Thread 0x00007f1a84165800 Uncommon trap: reason=class_check action=maybe_recompile pc=0x00007f1a75509a60 method=java.util.Arrays.hashCode([Ljava/lang/Object;)I @ 43
Event: 43.513 Thread 0x00007f1a84165800 Uncommon trap: reason=class_check action=maybe_recompile pc=0x00007f1a75509a60 method=java.util.Arrays.hashCode([Ljava/lang/Object;)I @ 43
Event: 43.513 Thread 0x00007f1a84165800 Uncommon trap: reason=class_check action=maybe_recompile pc=0x00007f1a7549cef4 method=java.util.Arrays.hashCode([Ljava/lang/Object;)I @ 43
Event: 43.807 Thread 0x00007f1a84165800 Uncommon trap: reason=bimorphic action=maybe_recompile pc=0x00007f1a752d59c8 method=java.util.HashMap$TreeNode.find(ILjava/lang/Object;Ljava/lang/Class;)Ljava/util/HashMap$TreeNode; @ 68
Event: 43.809 Thread 0x00007f1a84165800 Uncommon trap: reason=unstable_if action=reinterpret pc=0x00007f1a75207468 method=java.util.HashMap.resize()[Ljava/util/HashMap$Node; @ 206

Classes redefined (0 events):
No events

Internal exceptions (9 events):
Event: 0.149 Thread 0x00007f1a8400e800 Exception <a 'java/lang/NoSuchMethodError': Method sun.misc.Unsafe.defineClass(Ljava/lang/String;[BII)Ljava/lang/Class; name or signature does not match> (0x000000076ab07cb0) thrown at [/usr/local/google/buildbot/src/googleplex-android/openjdk/out/hotspot
Event: 0.149 Thread 0x00007f1a8400e800 Exception <a 'java/lang/NoSuchMethodError': Method sun.misc.Unsafe.prefetchRead(Ljava/lang/Object;J)V name or signature does not match> (0x000000076ab07f98) thrown at [/usr/local/google/buildbot/src/googleplex-android/openjdk/out/hotspot/src/share/vm/prim
Event: 1.447 Thread 0x00007f1a8400e800 Implicit null exception at 0x00007f1a75262dc9 to 0x00007f1a752653dd
Event: 1.447 Thread 0x00007f1a8400e800 Implicit null exception at 0x00007f1a75288c38 to 0x00007f1a7528b161
Event: 1.706 Thread 0x00007f1a84172800 Exception <a 'java/lang/ArrayIndexOutOfBoundsException': 18> (0x000000076bdda000) thrown at [/usr/local/google/buildbot/src/googleplex-android/openjdk/out/hotspot/src/share/vm/interpreter/interpreterRuntime.cpp, line 368]
Event: 1.707 Thread 0x00007f1a84172800 Exception <a 'java/lang/ArrayIndexOutOfBoundsException': 145> (0x000000076bddbb80) thrown at [/usr/local/google/buildbot/src/googleplex-android/openjdk/out/hotspot/src/share/vm/interpreter/interpreterRuntime.cpp, line 368]
Event: 1.709 Thread 0x00007f1a84172800 Exception <a 'java/lang/ArrayIndexOutOfBoundsException': 40> (0x000000076bddce68) thrown at [/usr/local/google/buildbot/src/googleplex-android/openjdk/out/hotspot/src/share/vm/interpreter/interpreterRuntime.cpp, line 368]
Event: 22.219 Thread 0x00007f1a84162000 Implicit null exception at 0x00007f1a75a704cc to 0x00007f1a75a73e79
Event: 22.220 Thread 0x00007f1a84162000 Implicit null exception at 0x00007f1a75a247b0 to 0x00007f1a75a27e9d

Events (10 events):
Event: 43.517 loading class com/android/dx/rop/cst/Zeroes done
Event: 43.627 Thread 0x00007f1a84165800 DEOPT PACKING pc=0x00007f1a75cb7972 sp=0x00007f1a66f28280
Event: 43.627 Thread 0x00007f1a84165800 DEOPT UNPACKING pc=0x00007f1a750474c4 sp=0x00007f1a66f27fc0 mode 0
Event: 43.807 Thread 0x00007f1a84165800 Uncommon trap: trap_request=0xffffffc6 fr.pc=0x00007f1a752d59c8
Event: 43.807 Thread 0x00007f1a84165800 DEOPT PACKING pc=0x00007f1a752d59c8 sp=0x00007f1a66f282e0
Event: 43.807 Thread 0x00007f1a84165800 DEOPT UNPACKING pc=0x00007f1a7504547a sp=0x00007f1a66f282c8 mode 2
Event: 43.809 Thread 0x00007f1a84165800 Uncommon trap: trap_request=0xffffff65 fr.pc=0x00007f1a75207468
Event: 43.809 Thread 0x00007f1a84165800 DEOPT PACKING pc=0x00007f1a75207468 sp=0x00007f1a66f282f0
Event: 43.809 Thread 0x00007f1a84165800 DEOPT UNPACKING pc=0x00007f1a7504547a sp=0x00007f1a66f28278 mode 2
Event: 43.821 Executing VM operation: ParallelGCFailedAllocation


Dynamic libraries:
00400000-00401000 r-xp 00000000 08:01 7352713                            /home/niroop/Documents/android-studio/jre/bin/java
00401000-00402000 rw-p 00000000 08:01 7352713                            /home/niroop/Documents/android-studio/jre/bin/java
013ba000-013db000 rw-p 00000000 00:00 0                                  [heap]
6c0000000-6f1800000 rw-p 00000000 00:00 0 
703b80000-76ab00000 ---p 00000000 00:00 0 
76ab00000-7aa680000 rw-p 00000000 00:00 0 
7aa680000-7c0000000 ---p 00000000 00:00 0 
7c0000000-7c00a0000 rw-p 00000000 00:00 0 
7c00a0000-800000000 ---p 00000000 00:00 0 
7f1a20000000-7f1a2004d000 rw-p 00000000 00:00 0 
7f1a2004d000-7f1a24000000 ---p 00000000 00:00 0 
7f1a24000000-7f1a2403f000 rw-p 00000000 00:00 0 
7f1a2403f000-7f1a28000000 ---p 00000000 00:00 0 
7f1a28000000-7f1a28021000 rw-p 00000000 00:00 0 
7f1a28021000-7f1a2c000000 ---p 00000000 00:00 0 
7f1a2c000000-7f1a2c040000 rw-p 00000000 00:00 0 
7f1a2c040000-7f1a30000000 ---p 00000000 00:00 0 
7f1a30000000-7f1a30021000 rw-p 00000000 00:00 0 
7f1a30021000-7f1a34000000 ---p 00000000 00:00 0 
7f1a34000000-7f1a34045000 rw-p 00000000 00:00 0 
7f1a34045000-7f1a38000000 ---p 00000000 00:00 0 
7f1a38000000-7f1a38ba9000 rw-p 00000000 00:00 0 
7f1a38ba9000-7f1a3c000000 ---p 00000000 00:00 0 
7f1a3c000000-7f1a3c021000 rw-p 00000000 00:00 0 
7f1a3c021000-7f1a40000000 ---p 00000000 00:00 0 
7f1a40000000-7f1a41cda000 rw-p 00000000 00:00 0 
7f1a41cda000-7f1a44000000 ---p 00000000 00:00 0 
7f1a44000000-7f1a45a0c000 rw-p 00000000 00:00 0 
7f1a45a0c000-7f1a48000000 ---p 00000000 00:00 0 
7f1a48000000-7f1a48021000 rw-p 00000000 00:00 0 
7f1a48021000-7f1a4c000000 ---p 00000000 00:00 0 
7f1a4c000000-7f1a4c021000 rw-p 00000000 00:00 0 
7f1a4c021000-7f1a50000000 ---p 00000000 00:00 0 
7f1a50000000-7f1a502cd000 rw-p 00000000 00:00 0 
7f1a502cd000-7f1a54000000 ---p 00000000 00:00 0 
7f1a54000000-7f1a54021000 rw-p 00000000 00:00 0 
7f1a54021000-7f1a58000000 ---p 00000000 00:00 0 
7f1a58000000-7f1a60000000 rw-p 00000000 00:00 0 
7f1a60000000-7f1a60021000 rw-p 00000000 00:00 0 
7f1a60021000-7f1a64000000 ---p 00000000 00:00 0 
7f1a66b26000-7f1a66b29000 ---p 00000000 00:00 0 
7f1a66b29000-7f1a66c27000 rw-p 00000000 00:00 0 
7f1a66c27000-7f1a66c2a000 ---p 00000000 00:00 0 
7f1a66c2a000-7f1a66d28000 rw-p 00000000 00:00 0 
7f1a66d28000-7f1a66d2b000 ---p 00000000 00:00 0 
7f1a66d2b000-7f1a66e29000 rw-p 00000000 00:00 0 
7f1a66e29000-7f1a66e2c000 ---p 00000000 00:00 0 
7f1a66e2c000-7f1a66f2a000 rw-p 00000000 00:00 0 
7f1a66f2a000-7f1a66f2d000 ---p 00000000 00:00 0 
7f1a66f2d000-7f1a6702b000 rw-p 00000000 00:00 0 
7f1a6702b000-7f1a6702c000 ---p 00000000 00:00 0 
7f1a6702c000-7f1a6712c000 rw-p 00000000 00:00 0 
7f1a6712c000-7f1a6712f000 ---p 00000000 00:00 0 
7f1a6712f000-7f1a6722d000 rw-p 00000000 00:00 0 
7f1a6722d000-7f1a6722e000 ---p 00000000 00:00 0 
7f1a6722e000-7f1a67231000 ---p 00000000 00:00 0 
7f1a67231000-7f1a6732e000 rw-p 00000000 00:00 0 
7f1a6732e000-7f1a6732f000 ---p 00000000 00:00 0 
7f1a6732f000-7f1a67332000 ---p 00000000 00:00 0 
7f1a67332000-7f1a6742f000 rw-p 00000000 00:00 0 
7f1a6742f000-7f1a67430000 ---p 00000000 00:00 0 
7f1a67430000-7f1a67433000 ---p 00000000 00:00 0 
7f1a67433000-7f1a67530000 rw-p 00000000 00:00 0 
7f1a67530000-7f1a67533000 ---p 00000000 00:00 0 
7f1a67533000-7f1a67631000 rw-p 00000000 00:00 0 
7f1a67631000-7f1a68000000 r--p 00000000 08:01 6036074                    /usr/lib/locale/locale-archive
7f1a68000000-7f1a68021000 rw-p 00000000 00:00 0 
7f1a68021000-7f1a6c000000 ---p 00000000 00:00 0 
7f1a6c000000-7f1a6c021000 rw-p 00000000 00:00 0 
7f1a6c021000-7f1a70000000 ---p 00000000 00:00 0 
7f1a70000000-7f1a70021000 rw-p 00000000 00:00 0 
7f1a70021000-7f1a74000000 ---p 00000000 00:00 0 
7f1a740f1000-7f1a740f4000 ---p 00000000 00:00 0 
7f1a740f4000-7f1a741f2000 rw-p 00000000 00:00 0 
7f1a741f2000-7f1a741f5000 ---p 00000000 00:00 0 
7f1a741f5000-7f1a742f3000 rw-p 00000000 00:00 0 
7f1a742f3000-7f1a742f4000 ---p 00000000 00:00 0 
7f1a742f4000-7f1a75000000 rw-p 00000000 00:00 0 
7f1a75000000-7f1a75d00000 rwxp 00000000 00:00 0 
7f1a75d00000-7f1a84000000 ---p 00000000 00:00 0 
7f1a84000000-7f1a843ea000 rw-p 00000000 00:00 0 
7f1a843ea000-7f1a88000000 ---p 00000000 00:00 0 
7f1a88013000-7f1a88022000 r--s 000e4000 08:01 11851761                   /home/niroop/Android/Sdk/build-tools/26.0.0/lib/dx.jar
7f1a88022000-7f1a88418000 rw-p 00000000 00:00 0 
7f1a88418000-7f1a885ea000 r--s 03cad000 08:01 7352843                    /home/niroop/Documents/android-studio/jre/jre/lib/rt.jar
7f1a885ea000-7f1a88d7b000 rw-p 00000000 00:00 0 
7f1a88d7b000-7f1a88ebb000 ---p 00000000 00:00 0 
7f1a88ebb000-7f1a896bb000 rw-p 00000000 00:00 0 
7f1a896bb000-7f1a896bc000 ---p 00000000 00:00 0 
7f1a896bc000-7f1a897bc000 rw-p 00000000 00:00 0 
7f1a897bc000-7f1a897bd000 ---p 00000000 00:00 0 
7f1a897bd000-7f1a898bd000 rw-p 00000000 00:00 0 
7f1a898bd000-7f1a898be000 ---p 00000000 00:00 0 
7f1a898be000-7f1a899be000 rw-p 00000000 00:00 0 
7f1a899be000-7f1a899bf000 ---p 00000000 00:00 0 
7f1a899bf000-7f1a89c4b000 rw-p 00000000 00:00 0 
7f1a89c4b000-7f1a8a015000 ---p 00000000 00:00 0 
7f1a8a015000-7f1a8a1a1000 rw-p 00000000 00:00 0 
7f1a8a1a1000-7f1a8a56a000 ---p 00000000 00:00 0 
7f1a8a56a000-7f1a8a769000 rw-p 00000000 00:00 0 
7f1a8a769000-7f1a8a815000 ---p 00000000 00:00 0 
7f1a8a815000-7f1a8a84a000 rw-p 00000000 00:00 0 
7f1a8a84a000-7f1a8abd6000 ---p 00000000 00:00 0 
7f1a8abd6000-7f1a8abe1000 r-xp 00000000 08:01 1840165                    /lib/x86_64-linux-gnu/libnss_files-2.27.so
7f1a8abe1000-7f1a8ade0000 ---p 0000b000 08:01 1840165                    /lib/x86_64-linux-gnu/libnss_files-2.27.so
7f1a8ade0000-7f1a8ade1000 r--p 0000a000 08:01 1840165                    /lib/x86_64-linux-gnu/libnss_files-2.27.so
7f1a8ade1000-7f1a8ade2000 rw-p 0000b000 08:01 1840165                    /lib/x86_64-linux-gnu/libnss_files-2.27.so
7f1a8ade2000-7f1a8ade8000 rw-p 00000000 00:00 0 
7f1a8ade8000-7f1a8adff000 r-xp 00000000 08:01 1840159                    /lib/x86_64-linux-gnu/libnsl-2.27.so
7f1a8adff000-7f1a8affe000 ---p 00017000 08:01 1840159                    /lib/x86_64-linux-gnu/libnsl-2.27.so
7f1a8affe000-7f1a8afff000 r--p 00016000 08:01 1840159                    /lib/x86_64-linux-gnu/libnsl-2.27.so
7f1a8afff000-7f1a8b000000 rw-p 00017000 08:01 1840159                    /lib/x86_64-linux-gnu/libnsl-2.27.so
7f1a8b000000-7f1a8b002000 rw-p 00000000 00:00 0 
7f1a8b002000-7f1a8b00d000 r-xp 00000000 08:01 1840176                    /lib/x86_64-linux-gnu/libnss_nis-2.27.so
7f1a8b00d000-7f1a8b20c000 ---p 0000b000 08:01 1840176                    /lib/x86_64-linux-gnu/libnss_nis-2.27.so
7f1a8b20c000-7f1a8b20d000 r--p 0000a000 08:01 1840176                    /lib/x86_64-linux-gnu/libnss_nis-2.27.so
7f1a8b20d000-7f1a8b20e000 rw-p 0000b000 08:01 1840176                    /lib/x86_64-linux-gnu/libnss_nis-2.27.so
7f1a8b20e000-7f1a8b216000 r-xp 00000000 08:01 1840161                    /lib/x86_64-linux-gnu/libnss_compat-2.27.so
7f1a8b216000-7f1a8b416000 ---p 00008000 08:01 1840161                    /lib/x86_64-linux-gnu/libnss_compat-2.27.so
7f1a8b416000-7f1a8b417000 r--p 00008000 08:01 1840161                    /lib/x86_64-linux-gnu/libnss_compat-2.27.so
7f1a8b417000-7f1a8b418000 rw-p 00009000 08:01 1840161                    /lib/x86_64-linux-gnu/libnss_compat-2.27.so
7f1a8b418000-7f1a8b41f000 r-xp 00000000 08:01 1840216                    /lib/x86_64-linux-gnu/librt-2.27.so
7f1a8b41f000-7f1a8b61e000 ---p 00007000 08:01 1840216                    /lib/x86_64-linux-gnu/librt-2.27.so
7f1a8b61e000-7f1a8b61f000 r--p 00006000 08:01 1840216                    /lib/x86_64-linux-gnu/librt-2.27.so
7f1a8b61f000-7f1a8b620000 rw-p 00007000 08:01 1840216                    /lib/x86_64-linux-gnu/librt-2.27.so
7f1a8b620000-7f1a8b7bd000 r-xp 00000000 08:01 1840138                    /lib/x86_64-linux-gnu/libm-2.27.so
7f1a8b7bd000-7f1a8b9bc000 ---p 0019d000 08:01 1840138                    /lib/x86_64-linux-gnu/libm-2.27.so
7f1a8b9bc000-7f1a8b9bd000 r--p 0019c000 08:01 1840138                    /lib/x86_64-linux-gnu/libm-2.27.so
7f1a8b9bd000-7f1a8b9be000 rw-p 0019d000 08:01 1840138                    /lib/x86_64-linux-gnu/libm-2.27.so
7f1a8b9be000-7f1a8c5e4000 r-xp 00000000 08:01 7352820                    /home/niroop/Documents/android-studio/jre/jre/lib/amd64/server/libjvm.so
7f1a8c5e4000-7f1a8c6b4000 rw-p 00c26000 08:01 7352820                    /home/niroop/Documents/android-studio/jre/jre/lib/amd64/server/libjvm.so
7f1a8c6b4000-7f1a8c6f8000 rw-p 00000000 00:00 0 
7f1a8c6f8000-7f1a8c8df000 r-xp 00000000 08:01 1840075                    /lib/x86_64-linux-gnu/libc-2.27.so
7f1a8c8df000-7f1a8cadf000 ---p 001e7000 08:01 1840075                    /lib/x86_64-linux-gnu/libc-2.27.so
7f1a8cadf000-7f1a8cae3000 r--p 001e7000 08:01 1840075                    /lib/x86_64-linux-gnu/libc-2.27.so
7f1a8cae3000-7f1a8cae5000 rw-p 001eb000 08:01 1840075                    /lib/x86_64-linux-gnu/libc-2.27.so
7f1a8cae5000-7f1a8cae9000 rw-p 00000000 00:00 0 
7f1a8cae9000-7f1a8caec000 r-xp 00000000 08:01 1840098                    /lib/x86_64-linux-gnu/libdl-2.27.so
7f1a8caec000-7f1a8cceb000 ---p 00003000 08:01 1840098                    /lib/x86_64-linux-gnu/libdl-2.27.so
7f1a8cceb000-7f1a8ccec000 r--p 00002000 08:01 1840098                    /lib/x86_64-linux-gnu/libdl-2.27.so
7f1a8ccec000-7f1a8cced000 rw-p 00003000 08:01 1840098                    /lib/x86_64-linux-gnu/libdl-2.27.so
7f1a8cced000-7f1a8cd07000 r-xp 00000000 08:01 1840208                    /lib/x86_64-linux-gnu/libpthread-2.27.so
7f1a8cd07000-7f1a8cf06000 ---p 0001a000 08:01 1840208                    /lib/x86_64-linux-gnu/libpthread-2.27.so
7f1a8cf06000-7f1a8cf07000 r--p 00019000 08:01 1840208                    /lib/x86_64-linux-gnu/libpthread-2.27.so
7f1a8cf07000-7f1a8cf08000 rw-p 0001a000 08:01 1840208                    /lib/x86_64-linux-gnu/libpthread-2.27.so
7f1a8cf08000-7f1a8cf0c000 rw-p 00000000 00:00 0 
7f1a8cf0c000-7f1a8cf33000 r-xp 00000000 08:01 1840047                    /lib/x86_64-linux-gnu/ld-2.27.so
7f1a8cf3a000-7f1a8cfb2000 rw-p 00000000 00:00 0 
7f1a8cfb2000-7f1a8cfcd000 r-xp 00000000 08:01 7352802                    /home/niroop/Documents/android-studio/jre/jre/lib/amd64/libzip.so
7f1a8cfcd000-7f1a8cfce000 rw-p 0001a000 08:01 7352802                    /home/niroop/Documents/android-studio/jre/jre/lib/amd64/libzip.so
7f1a8cfce000-7f1a8cff8000 r-xp 00000000 08:01 7352810                    /home/niroop/Documents/android-studio/jre/jre/lib/amd64/libjava.so
7f1a8cff8000-7f1a8cffa000 rw-p 0002a000 08:01 7352810                    /home/niroop/Documents/android-studio/jre/jre/lib/amd64/libjava.so
7f1a8cffa000-7f1a8cffb000 ---p 00000000 00:00 0 
7f1a8cffb000-7f1a8cffe000 ---p 00000000 00:00 0 
7f1a8cffe000-7f1a8d0fd000 rw-p 00000000 00:00 0 
7f1a8d0fd000-7f1a8d113000 r-xp 00000000 08:01 7352701                    /home/niroop/Documents/android-studio/jre/lib/amd64/jli/libjli.so
7f1a8d113000-7f1a8d114000 rw-p 00015000 08:01 7352701                    /home/niroop/Documents/android-studio/jre/lib/amd64/jli/libjli.so
7f1a8d114000-7f1a8d116000 rw-p 00000000 00:00 0 
7f1a8d11a000-7f1a8d122000 rw-s 00000000 08:01 12591269                   /tmp/hsperfdata_niroop/10135
7f1a8d122000-7f1a8d123000 rw-p 00000000 00:00 0 
7f1a8d123000-7f1a8d124000 ---p 00000000 00:00 0 
7f1a8d124000-7f1a8d131000 r-xp 00000000 08:01 7352798                    /home/niroop/Documents/android-studio/jre/jre/lib/amd64/libverify.so
7f1a8d131000-7f1a8d133000 rw-p 0000c000 08:01 7352798                    /home/niroop/Documents/android-studio/jre/jre/lib/amd64/libverify.so
7f1a8d133000-7f1a8d134000 r--p 00027000 08:01 1840047                    /lib/x86_64-linux-gnu/ld-2.27.so
7f1a8d134000-7f1a8d135000 rw-p 00028000 08:01 1840047                    /lib/x86_64-linux-gnu/ld-2.27.so
7f1a8d135000-7f1a8d136000 rw-p 00000000 00:00 0 
7ffe8b7d0000-7ffe8b7f2000 rw-p 00000000 00:00 0                          [stack]
7ffe8b7fb000-7ffe8b7fe000 r--p 00000000 00:00 0                          [vvar]
7ffe8b7fe000-7ffe8b7ff000 r-xp 00000000 00:00 0                          [vdso]
ffffffffff600000-ffffffffff601000 r-xp 00000000 00:00 0                  [vsyscall]

VM Arguments:
jvm_args: -Djava.awt.headless=true -Xmx4g -Dfile.encoding=UTF-8 -Duser.country=IN -Duser.language=en -Duser.variant 
java_command: com.android.dx.command.Main --dex --num-threads=4 --multi-dex --output /media/niroop/External HDD/AndroidStudioProjects/User App/app/build/intermediates/transforms/dex/debug/folders/1000/1f/main /home/niroop/.gradle/caches/modules-2/files-2.1/com.twitter/twitter-text/1.13.0/78415b95ae3184c5926d593feab64bfc0b73b2dd/twitter-text-1.13.0.jar /home/niroop/.android/build-cache/344e0ae5b96a066c340cbb65de62b9926cdefc58/output/jars/classes.jar /home/niroop/.android/build-cache/dc13d5a5de1e07ec747318ffc6a060e4422e4869/output/jars/classes.jar /home/niroop/.gradle/caches/modules-2/files-2.1/com.squareup.okhttp3/okhttp-ws/3.0.1/bd9b51a0188fc8f14bf840a0d326755545206116/okhttp-ws-3.0.1.jar /home/niroop/.android/build-cache/d2cc22b54e5613f9407e6d88b393c66298eafe84/output/jars/classes.jar /home/niroop/.android/build-cache/9b622f381cb7bb5838d987a04cc0137936991cc2/output/jars/classes.jar /home/niroop/.android/build-cache/5b51a3324933b67d5359e9286d32d4d1e7e614f2/output/jars/classes.jar /home/niroop/.android/build-cache/12d56c18a42d1f05b9ac1647b156441e2a4dbff5/output/jars/classes.jar /home/niroop/.android/build-cache/0add6791efe6dec7f33222700afd520c9a82813b/output/jars/classes.jar /home/niroop/.android/build-cache/40c086ec806208b23cb49ea03fbe2aebfebc7658/output/jars/classes.jar /media/niroop/External HDD/AndroidStudioProjects/User App/stripe/build/intermediates/bundles/default/classes.jar /home/niroop/.android/build-cache/26d5ae123ee9172a01bd32d1a79379bec37b7d2d/output/jars/classes.jar /home/niroop/.android/build-cache/d1b0d4e2043a20a4269b309717cfdc69e7207743/output/jars/classes.jar /home/niroop/.gradle/caches/modules-2/files-2.1/com.google.code.gson/gson/2.3/5fc52c41ef0239d1093a1eb7c3697036183677ce/gson-2.3.jar /home/niroop/.gradle/caches/modules-2/files-2.1/cz.msebera.android/httpclient/4.4.1.1/c8d96f6fd2bcc179c312da33ee670a71188cc60d/httpclient-4.4.1.1.jar /home/niroop/.android/build-cache/b257c5c0db47bbccb6143d3aada52dde313d9b0e/output/jars/classes.jar /home/niroop/.
java_class_path (initial): /home/niroop/Android/Sdk/build-tools/26.0.0/lib/dx.jar
Launcher Type: SUN_STANDARD

Environment Variables:
PATH=/usr/local/sbin:/usr/local/bin:/usr/sbin:/usr/bin:/sbin:/bin:/usr/games:/usr/local/games:/snap/bin:/usr/lib/dart/bin
USERNAME=niroop
SHELL=/bin/bash
DISPLAY=:0

Signal Handlers:
SIGSEGV: [libjvm.so+0xa09650], sa_mask[0]=11111111011111111101111111111110, sa_flags=SA_RESTART|SA_SIGINFO
SIGBUS: [libjvm.so+0xa09650], sa_mask[0]=11111111011111111101111111111110, sa_flags=SA_RESTART|SA_SIGINFO
SIGFPE: [libjvm.so+0x86bc60], sa_mask[0]=11111111011111111101111111111110, sa_flags=SA_RESTART|SA_SIGINFO
SIGPIPE: [libjvm.so+0x86bc60], sa_mask[0]=11111111011111111101111111111110, sa_flags=SA_RESTART|SA_SIGINFO
SIGXFSZ: [libjvm.so+0x86bc60], sa_mask[0]=11111111011111111101111111111110, sa_flags=SA_RESTART|SA_SIGINFO
SIGILL: [libjvm.so+0x86bc60], sa_mask[0]=11111111011111111101111111111110, sa_flags=SA_RESTART|SA_SIGINFO
SIGUSR1: SIG_DFL, sa_mask[0]=00000000000000000000000000000000, sa_flags=none
SIGUSR2: [libjvm.so+0x86bb30], sa_mask[0]=00100000000000000000000000000000, sa_flags=SA_RESTART|SA_SIGINFO
SIGHUP: [libjvm.so+0x86bd20], sa_mask[0]=11111111011111111101111111111110, sa_flags=SA_RESTART|SA_SIGINFO
SIGINT: [libjvm.so+0x86bd20], sa_mask[0]=11111111011111111101111111111110, sa_flags=SA_RESTART|SA_SIGINFO
SIGTERM: [libjvm.so+0x86bd20], sa_mask[0]=11111111011111111101111111111110, sa_flags=SA_RESTART|SA_SIGINFO
SIGQUIT: [libjvm.so+0x86bd20], sa_mask[0]=11111111011111111101111111111110, sa_flags=SA_RESTART|SA_SIGINFO


---------------  S Y S T E M  ---------------

OS:DISTRIB_ID=Ubuntu
DISTRIB_RELEASE=18.04
DISTRIB_CODENAME=bionic
DISTRIB_DESCRIPTION="Ubuntu 18.04.3 LTS"

uname:Linux 5.0.0-37-generic #40~18.04.1-Ubuntu SMP Thu Nov 14 12:06:39 UTC 2019 x86_64
libc:glibc 2.27 NPTL 2.27 
rlimit: STACK 8192k, CORE 0k, NPROC 23162, NOFILE 1048576, AS infinity
load average:10.66 5.30 2.36

/proc/meminfo:
MemTotal:        5979864 kB
MemFree:          120088 kB
MemAvailable:      32428 kB
Buffers:             920 kB
Cached:           150468 kB
SwapCached:          244 kB
Active:          4820444 kB
Inactive:         699144 kB
Active(anon):    4813384 kB
Inactive(anon):   687640 kB
Active(file):       7060 kB
Inactive(file):    11504 kB
Unevictable:         108 kB
Mlocked:              48 kB
SwapTotal:       2097148 kB
SwapFree:              0 kB
Dirty:                60 kB
Writeback:             0 kB
AnonPages:       5368484 kB
Mapped:            19500 kB
Shmem:            132452 kB
KReclaimable:      67648 kB
Slab:             142600 kB
SReclaimable:      67648 kB
SUnreclaim:        74952 kB
KernelStack:       17280 kB
PageTables:        80976 kB
NFS_Unstable:          0 kB
Bounce:                0 kB
WritebackTmp:          0 kB
CommitLimit:     5087080 kB
Committed_AS:   15022188 kB
VmallocTotal:   34359738367 kB
VmallocUsed:           0 kB
VmallocChunk:          0 kB
Percpu:             2528 kB
HardwareCorrupted:     0 kB
AnonHugePages:         0 kB
ShmemHugePages:        0 kB
ShmemPmdMapped:        0 kB
CmaTotal:              0 kB
CmaFree:               0 kB
HugePages_Total:       0
HugePages_Free:        0
HugePages_Rsvd:        0
HugePages_Surp:        0
Hugepagesize:       2048 kB
Hugetlb:               0 kB
DirectMap4k:      270616 kB
DirectMap2M:     5900288 kB

container (cgroup) information:
container_type: cgroupv1
cpu_cpuset_cpus: 0-3
cpu_memory_nodes: 0
active_processor_count: 4
cpu_quota: -1
cpu_period: 100000
cpu_shares: -1
memory_limit_in_bytes: -1
memory_and_swap_limit_in_bytes: -2
memory_soft_limit_in_bytes: -1
memory_usage_in_bytes: 5654220800
memory_max_usage_in_bytes: 51310592


CPU:total 4 (initial active 4) (2 cores per cpu, 2 threads per core) family 6 model 58 stepping 9, cmov, cx8, fxsr, mmx, sse, sse2, sse3, ssse3, sse4.1, sse4.2, popcnt, avx, aes, clmul, erms, ht, tsc, tscinvbit, tscinv

/proc/cpuinfo:
processor	: 0
vendor_id	: GenuineIntel
cpu family	: 6
model		: 58
model name	: Intel(R) Core(TM) i5-3337U CPU @ 1.80GHz
stepping	: 9
microcode	: 0x21
cpu MHz		: 1341.150
cache size	: 3072 KB
physical id	: 0
siblings	: 4
core id		: 0
cpu cores	: 2
apicid		: 0
initial apicid	: 0
fpu		: yes
fpu_exception	: yes
cpuid level	: 13
wp		: yes
flags		: fpu vme de pse tsc msr pae mce cx8 apic sep mtrr pge mca cmov pat pse36 clflush dts acpi mmx fxsr sse sse2 ss ht tm pbe syscall nx rdtscp lm constant_tsc arch_perfmon pebs bts rep_good nopl xtopology nonstop_tsc cpuid aperfmperf pni pclmulqdq dtes64 monitor ds_cpl vmx est tm2 ssse3 cx16 xtpr pdcm pcid sse4_1 sse4_2 x2apic popcnt tsc_deadline_timer aes xsave avx f16c rdrand lahf_lm cpuid_fault epb pti ssbd ibrs ibpb stibp tpr_shadow vnmi flexpriority ept vpid fsgsbase smep erms xsaveopt dtherm ida arat pln pts md_clear flush_l1d
bugs		: cpu_meltdown spectre_v1 spectre_v2 spec_store_bypass l1tf mds swapgs itlb_multihit
bogomips	: 3591.93
clflush size	: 64
cache_alignment	: 64
address sizes	: 36 bits physical, 48 bits virtual
power management:

processor	: 1
vendor_id	: GenuineIntel
cpu family	: 6
model		: 58
model name	: Intel(R) Core(TM) i5-3337U CPU @ 1.80GHz
stepping	: 9
microcode	: 0x21
cpu MHz		: 1151.877
cache size	: 3072 KB
physical id	: 0
siblings	: 4
core id		: 0
cpu cores	: 2
apicid		: 1
initial apicid	: 1
fpu		: yes
fpu_exception	: yes
cpuid level	: 13
wp		: yes
flags		: fpu vme de pse tsc msr pae mce cx8 apic sep mtrr pge mca cmov pat pse36 clflush dts acpi mmx fxsr sse sse2 ss ht tm pbe syscall nx rdtscp lm constant_tsc arch_perfmon pebs bts rep_good nopl xtopology nonstop_tsc cpuid aperfmperf pni pclmulqdq dtes64 monitor ds_cpl vmx est tm2 ssse3 cx16 xtpr pdcm pcid sse4_1 sse4_2 x2apic popcnt tsc_deadline_timer aes xsave avx f16c rdrand lahf_lm cpuid_fault epb pti ssbd ibrs ibpb stibp tpr_shadow vnmi flexpriority ept vpid fsgsbase smep erms xsaveopt dtherm ida arat pln pts md_clear flush_l1d
bugs		: cpu_meltdown spectre_v1 spectre_v2 spec_store_bypass l1tf mds swapgs itlb_multihit
bogomips	: 3591.93
clflush size	: 64
cache_alignment	: 64
address sizes	: 36 bits physical, 48 bits virtual
power management:

processor	: 2
vendor_id	: GenuineIntel
cpu family	: 6
model		: 58
model name	: Intel(R) Core(TM) i5-3337U CPU @ 1.80GHz
stepping	: 9
microcode	: 0x21
cpu MHz		: 1044.182
cache size	: 3072 KB
physical id	: 0
siblings	: 4
core id		: 1
cpu cores	: 2
apicid		: 2
initial apicid	: 2
fpu		: yes
fpu_exception	: yes
cpuid level	: 13
wp		: yes
flags		: fpu vme de pse tsc msr pae mce cx8 apic sep mtrr pge mca cmov pat pse36 clflush dts acpi mmx fxsr sse sse2 ss ht tm pbe syscall nx rdtscp lm constant_tsc arch_perfmon pebs bts rep_good nopl xtopology nonstop_tsc cpuid aperfmperf pni pclmulqdq dtes64 monitor ds_cpl vmx est tm2 ssse3 cx16 xtpr pdcm pcid sse4_1 sse4_2 x2apic popcnt tsc_deadline_timer aes xsave avx f16c rdrand lahf_lm cpuid_fault epb pti ssbd ibrs ibpb stibp tpr_shadow vnmi flexpriority ept vpid fsgsbase smep erms xsaveopt dtherm ida arat pln pts md_clear flush_l1d
bugs		: cpu_meltdown spectre_v1 spectre_v2 spec_store_bypass l1tf mds swapgs itlb_multihit
bogomips	: 3591.93
clflush size	: 64
cache_alignment	: 64
address sizes	: 36 bits physical, 48 bits virtual
power management:

processor	: 3
vendor_id	: GenuineIntel
cpu family	: 6
model		: 58
model name	: Intel(R) Core(TM) i5-3337U CPU @ 1.80GHz
stepping	: 9
microcode	: 0x21
cpu MHz		: 1199.137
cache size	: 3072 KB
physical id	: 0
siblings	: 4
core id		: 1
cpu cores	: 2
apicid		: 3
initial apicid	: 3
fpu		: yes
fpu_exception	: yes
cpuid level	: 13
wp		: yes
flags		: fpu vme de pse tsc msr pae mce cx8 apic sep mtrr pge mca cmov pat pse36 clflush dts acpi mmx fxsr sse sse2 ss ht tm pbe syscall nx rdtscp lm constant_tsc arch_perfmon pebs bts rep_good nopl xtopology nonstop_tsc cpuid aperfmperf pni pclmulqdq dtes64 monitor ds_cpl vmx est tm2 ssse3 cx16 xtpr pdcm pcid sse4_1 sse4_2 x2apic popcnt tsc_deadline_timer aes xsave avx f16c rdrand lahf_lm cpuid_fault epb pti ssbd ibrs ibpb stibp tpr_shadow vnmi flexpriority ept vpid fsgsbase smep erms xsaveopt dtherm ida arat pln pts md_clear flush_l1d
bugs		: cpu_meltdown spectre_v1 spectre_v2 spec_store_bypass l1tf mds swapgs itlb_multihit
bogomips	: 3591.93
clflush size	: 64
cache_alignment	: 64
address sizes	: 36 bits physical, 48 bits virtual
power management:



Memory: 4k page, physical 5979864k(116056k free), swap 2097148k(0k free)

vm_info: OpenJDK 64-Bit Server VM (25.202-b49-5587405) for linux-amd64 JRE (1.8.0_202-release-1483-b49-5587405), built by "android-build" with gcc 4.8

time: Wed Mar 18 19:34:01 2020
timezone: IST
elapsed time: 50 seconds (0d 0h 0m 50s)

