#
# There is insufficient memory for the Java Runtime Environment to continue.
# Native memory allocation (mmap) failed to map 181403648 bytes for committing reserved memory.
# Possible reasons:
#   The system is out of physical RAM or swap space
#   The process is running with CompressedOops enabled, and the Java Heap may be blocking the growth of the native heap
# Possible solutions:
#   Reduce memory load on the system
#   Increase physical memory or swap space
#   Check if swap backing store is full
#   Decrease Java heap size (-Xmx/-Xms)
#   Decrease number of Java threads
#   Decrease Java thread stack sizes (-Xss)
#   Set larger code cache with -XX:ReservedCodeCacheSize=
#   JVM is running with Zero Based Compressed Oops mode in which the Java heap is
#     placed in the first 32GB address space. The Java Heap base address is the
#     maximum limit for the native heap growth. Please use -XX:HeapBaseMinAddress
#     to set the Java Heap base and to place the Java Heap above 32GB virtual address.
# This output file may be truncated or incomplete.
#
#  Out of Memory Error (os_linux.cpp:2753), pid=10210, tid=0x00007f8b343b1700
#
# JRE version: OpenJDK Runtime Environment (8.0_202) (build 1.8.0_202-release-1483-b49-5587405)
# Java VM: OpenJDK 64-Bit Server VM (25.202-b49-5587405 mixed mode linux-amd64 compressed oops)
# Failed to write core dump. Core dumps have been disabled. To enable core dumping, try "ulimit -c unlimited" before starting Java again
#

---------------  T H R E A D  ---------------

Current thread (0x00007f8b4407c800):  VMThread [stack: 0x00007f8b342b2000,0x00007f8b343b2000] [id=10220]

Stack: [0x00007f8b342b2000,0x00007f8b343b2000],  sp=0x00007f8b343b0530,  free space=1017k
Native frames: (J=compiled Java code, j=interpreted, Vv=VM code, C=native code)
V  [libjvm.so+0xa08b78]  VMError::report_and_die()+0x148
V  [libjvm.so+0x4d412a]  report_vm_out_of_memory(char const*, int, unsigned long, VMErrorType, char const*)+0x8a
V  [libjvm.so+0x870478]  os::pd_commit_memory(char*, unsigned long, unsigned long, bool)+0xd8
V  [libjvm.so+0x867f9f]  os::commit_memory(char*, unsigned long, unsigned long, bool)+0x1f
V  [libjvm.so+0x8e14eb]  PSVirtualSpace::expand_by(unsigned long)+0x5b
V  [libjvm.so+0x8d234b]  PSOldGen::expand_by(unsigned long) [clone .part.109]+0x1b
V  [libjvm.so+0x8d250b]  PSOldGen::expand(unsigned long) [clone .part.111]+0xdb
V  [libjvm.so+0x8d2de8]  PSOldGen::resize(unsigned long)+0x188
V  [libjvm.so+0x8d83cc]  PSParallelCompact::invoke_no_policy(bool)+0x94c
V  [libjvm.so+0x8df48d]  PSScavenge::invoke()+0x17d
V  [libjvm.so+0x893763]  ParallelScavengeHeap::failed_mem_allocate(unsigned long)+0x63
V  [libjvm.so+0xa0a644]  VM_ParallelGCFailedAllocation::doit()+0x84
V  [libjvm.so+0xa0ea17]  VM_Operation::evaluate()+0x47
V  [libjvm.so+0xa0d498]  VMThread::evaluate_operation(VM_Operation*)+0x218
V  [libjvm.so+0xa0d8d1]  VMThread::loop()+0x1f1
V  [libjvm.so+0xa0dd02]  VMThread::run()+0x72
V  [libjvm.so+0x86d652]  java_start(Thread*)+0xf2

VM_Operation (0x00007f8b4d0a1ae0): ParallelGCFailedAllocation, mode: safepoint, requested by thread 0x00007f8b4400e800


---------------  P R O C E S S  ---------------

Java Threads: ( => current thread )
  0x00007f8b44198800 JavaThread "pool-2-thread-4" [_thread_blocked, id=10233, stack(0x00007f8b2eb26000,0x00007f8b2ec27000)]
  0x00007f8b44197800 JavaThread "pool-2-thread-3" [_thread_blocked, id=10232, stack(0x00007f8b2ec27000,0x00007f8b2ed28000)]
  0x00007f8b44195800 JavaThread "pool-2-thread-2" [_thread_blocked, id=10231, stack(0x00007f8b2ed28000,0x00007f8b2ee29000)]
  0x00007f8b44193000 JavaThread "pool-3-thread-1" [_thread_blocked, id=10230, stack(0x00007f8b2ee29000,0x00007f8b2ef2a000)]
  0x00007f8b44192000 JavaThread "pool-2-thread-1" [_thread_blocked, id=10229, stack(0x00007f8b2ef2a000,0x00007f8b2f02b000)]
  0x00007f8b440cc800 JavaThread "Service Thread" daemon [_thread_blocked, id=10227, stack(0x00007f8b2f12c000,0x00007f8b2f22d000)]
  0x00007f8b440c1800 JavaThread "C1 CompilerThread2" daemon [_thread_blocked, id=10226, stack(0x00007f8b2f22e000,0x00007f8b2f32e000)]
  0x00007f8b440bf800 JavaThread "C2 CompilerThread1" daemon [_thread_blocked, id=10225, stack(0x00007f8b2f32f000,0x00007f8b2f42f000)]
  0x00007f8b440bc800 JavaThread "C2 CompilerThread0" daemon [_thread_blocked, id=10224, stack(0x00007f8b2f430000,0x00007f8b2f530000)]
  0x00007f8b440b8800 JavaThread "Signal Dispatcher" daemon [_thread_blocked, id=10223, stack(0x00007f8b2f530000,0x00007f8b2f631000)]
  0x00007f8b44088800 JavaThread "Finalizer" daemon [_thread_blocked, id=10222, stack(0x00007f8b340af000,0x00007f8b341b0000)]
  0x00007f8b44086000 JavaThread "Reference Handler" daemon [_thread_blocked, id=10221, stack(0x00007f8b341b0000,0x00007f8b342b1000)]
  0x00007f8b4400e800 JavaThread "main" [_thread_blocked, id=10215, stack(0x00007f8b4cfa5000,0x00007f8b4d0a5000)]

Other Threads:
=>0x00007f8b4407c800 VMThread [stack: 0x00007f8b342b2000,0x00007f8b343b2000] [id=10220]
  0x00007f8b440cf000 WatcherThread [stack: 0x00007f8b2f02c000,0x00007f8b2f12c000] [id=10228]

VM state:at safepoint (normal execution)

VM Mutex/Monitor currently owned by a thread:  ([mutex/lock_event])
[0x00007f8b4400a920] ExpandHeap_lock - owner thread: 0x00007f8b4407c800
[0x00007f8b4400afa0] Threads_lock - owner thread: 0x00007f8b4407c800
[0x00007f8b4400b4a0] Heap_lock - owner thread: 0x00007f8b4400e800

heap address: 0x00000006c0000000, size: 4096 MB, Compressed Oops mode: Zero based, Oop shift amount: 3
Narrow klass base: 0x0000000000000000, Narrow klass shift: 3
Compressed class space size: 1073741824 Address: 0x00000007c0000000

Heap:
 PSYoungGen      total 605696K, used 92749K [0x000000076ab00000, 0x000000079c380000, 0x00000007c0000000)
  eden space 442880K, 0% used [0x000000076ab00000,0x000000076ab00000,0x0000000785b80000)
  from space 162816K, 56% used [0x000000078fe80000,0x00000007959134e8,0x0000000799d80000)
  to   space 166912K, 0% used [0x0000000785b80000,0x0000000785b80000,0x000000078fe80000)
 ParOldGen       total 355840K, used 355365K [0x00000006c0000000, 0x00000006d5b80000, 0x000000076ab00000)
  object space 355840K, 99% used [0x00000006c0000000,0x00000006d5b094b0,0x00000006d5b80000)
 Metaspace       used 6609K, capacity 7344K, committed 7552K, reserved 1056768K
  class space    used 595K, capacity 616K, committed 640K, reserved 1048576K

Card table byte_map: [0x00007f8b49fbf000,0x00007f8b4a7c0000] byte_map_base: 0x00007f8b469bf000

Marking Bits: (ParMarkBitMap*) 0x00007f8b4c673920
 Begin Bits: [0x00007f8b14000000, 0x00007f8b18000000)
 End Bits:   [0x00007f8b18000000, 0x00007f8b1c000000)

Polling page: 0x00007f8b4d0cd000

CodeCache: size=245760Kb used=12343Kb max_used=12362Kb free=233416Kb
 bounds [0x00007f8b35000000, 0x00007f8b35c30000, 0x00007f8b44000000]
 total_blobs=2768 nmethods=2495 adapters=187
 compilation: enabled

Compilation events (10 events):
Event: 19.231 Thread 0x00007f8b440c1800 nmethod 2811 0x00007f8b35b7c790 code [0x00007f8b35b7c900, 0x00007f8b35b7cae8]
Event: 19.231 Thread 0x00007f8b440c1800 2812       2       java.lang.ThreadLocal::get (38 bytes)
Event: 19.231 Thread 0x00007f8b440c1800 nmethod 2812 0x00007f8b35b7c2d0 code [0x00007f8b35b7c440, 0x00007f8b35b7c618]
Event: 19.231 Thread 0x00007f8b440c1800 2813       2       java.lang.StringCoding::access$000 (6 bytes)
Event: 19.231 Thread 0x00007f8b440c1800 nmethod 2813 0x00007f8b351e9b90 code [0x00007f8b351e9d00, 0x00007f8b351e9e50]
Event: 19.277 Thread 0x00007f8b440c1800 2814       2       com.android.dx.cf.code.Ropper::getNormalRegCount (13 bytes)
Event: 19.278 Thread 0x00007f8b440c1800 nmethod 2814 0x00007f8b351fc1d0 code [0x00007f8b351fc340, 0x00007f8b351fc4b0]
Event: 19.320 Thread 0x00007f8b440c1800 2815       2       java.util.TimSort::gallopLeft (335 bytes)
Event: 19.321 Thread 0x00007f8b440c1800 nmethod 2815 0x00007f8b351e5d50 code [0x00007f8b351e5f20, 0x00007f8b351e64f8]
Event: 19.321 Thread 0x00007f8b440c1800 2816   !   3       com.android.dx.dex.cf.CfTranslator::processMethods (597 bytes)

GC Heap History (10 events):
Event: 13.752 GC heap after
Heap after GC invocations=17 (full 3):
 PSYoungGen      total 418816K, used 32128K [0x000000076ab00000, 0x000000078ae80000, 0x00000007c0000000)
  eden space 334848K, 0% used [0x000000076ab00000,0x000000076ab00000,0x000000077f200000)
  from space 83968K, 38% used [0x0000000784a80000,0x00000007869e00b0,0x0000000789c80000)
  to   space 90624K, 0% used [0x000000077f200000,0x000000077f200000,0x0000000784a80000)
 ParOldGen       total 332288K, used 207551K [0x00000006c0000000, 0x00000006d4480000, 0x000000076ab00000)
  object space 332288K, 62% used [0x00000006c0000000,0x00000006ccaafdd0,0x00000006d4480000)
 Metaspace       used 6583K, capacity 7280K, committed 7552K, reserved 1056768K
  class space    used 595K, capacity 616K, committed 640K, reserved 1048576K
}
Event: 14.924 GC heap before
{Heap before GC invocations=18 (full 3):
 PSYoungGen      total 418816K, used 366597K [0x000000076ab00000, 0x000000078ae80000, 0x00000007c0000000)
  eden space 334848K, 99% used [0x000000076ab00000,0x000000077f1a1400,0x000000077f200000)
  from space 83968K, 38% used [0x0000000784a80000,0x00000007869e00b0,0x0000000789c80000)
  to   space 90624K, 0% used [0x000000077f200000,0x000000077f200000,0x0000000784a80000)
 ParOldGen       total 332288K, used 207551K [0x00000006c0000000, 0x00000006d4480000, 0x000000076ab00000)
  object space 332288K, 62% used [0x00000006c0000000,0x00000006ccaafdd0,0x00000006d4480000)
 Metaspace       used 6588K, capacity 7280K, committed 7552K, reserved 1056768K
  class space    used 595K, capacity 616K, committed 640K, reserved 1048576K
Event: 15.188 GC heap after
Heap after GC invocations=18 (full 3):
 PSYoungGen      total 425472K, used 82606K [0x000000076ab00000, 0x0000000790480000, 0x00000007c0000000)
  eden space 334848K, 0% used [0x000000076ab00000,0x000000076ab00000,0x000000077f200000)
  from space 90624K, 91% used [0x000000077f200000,0x00000007842aba60,0x0000000784a80000)
  to   space 102912K, 0% used [0x000000078a000000,0x000000078a000000,0x0000000790480000)
 ParOldGen       total 332288K, used 207551K [0x00000006c0000000, 0x00000006d4480000, 0x000000076ab00000)
  object space 332288K, 62% used [0x00000006c0000000,0x00000006ccaafdd0,0x00000006d4480000)
 Metaspace       used 6588K, capacity 7280K, committed 7552K, reserved 1056768K
  class space    used 595K, capacity 616K, committed 640K, reserved 1048576K
}
Event: 16.370 GC heap before
{Heap before GC invocations=19 (full 3):
 PSYoungGen      total 425472K, used 417454K [0x000000076ab00000, 0x0000000790480000, 0x00000007c0000000)
  eden space 334848K, 100% used [0x000000076ab00000,0x000000077f200000,0x000000077f200000)
  from space 90624K, 91% used [0x000000077f200000,0x00000007842aba60,0x0000000784a80000)
  to   space 102912K, 0% used [0x000000078a000000,0x000000078a000000,0x0000000790480000)
 ParOldGen       total 332288K, used 207551K [0x00000006c0000000, 0x00000006d4480000, 0x000000076ab00000)
  object space 332288K, 62% used [0x00000006c0000000,0x00000006ccaafdd0,0x00000006d4480000)
 Metaspace       used 6598K, capacity 7280K, committed 7552K, reserved 1056768K
  class space    used 595K, capacity 616K, committed 640K, reserved 1048576K
Event: 16.622 GC heap after
Heap after GC invocations=19 (full 3):
 PSYoungGen      total 485376K, used 102893K [0x000000076ab00000, 0x0000000794000000, 0x00000007c0000000)
  eden space 382464K, 0% used [0x000000076ab00000,0x000000076ab00000,0x0000000782080000)
  from space 102912K, 99% used [0x000000078a000000,0x000000079047b608,0x0000000790480000)
  to   space 130560K, 0% used [0x0000000782080000,0x0000000782080000,0x000000078a000000)
 ParOldGen       total 332288K, used 236700K [0x00000006c0000000, 0x00000006d4480000, 0x000000076ab00000)
  object space 332288K, 71% used [0x00000006c0000000,0x00000006ce7270d0,0x00000006d4480000)
 Metaspace       used 6598K, capacity 7280K, committed 7552K, reserved 1056768K
  class space    used 595K, capacity 616K, committed 640K, reserved 1048576K
}
Event: 17.780 GC heap before
{Heap before GC invocations=20 (full 3):
 PSYoungGen      total 485376K, used 485357K [0x000000076ab00000, 0x0000000794000000, 0x00000007c0000000)
  eden space 382464K, 100% used [0x000000076ab00000,0x0000000782080000,0x0000000782080000)
  from space 102912K, 99% used [0x000000078a000000,0x000000079047b608,0x0000000790480000)
  to   space 130560K, 0% used [0x0000000782080000,0x0000000782080000,0x000000078a000000)
 ParOldGen       total 332288K, used 236700K [0x00000006c0000000, 0x00000006d4480000, 0x000000076ab00000)
  object space 332288K, 71% used [0x00000006c0000000,0x00000006ce7270d0,0x00000006d4480000)
 Metaspace       used 6603K, capacity 7280K, committed 7552K, reserved 1056768K
  class space    used 595K, capacity 616K, committed 640K, reserved 1048576K
Event: 18.030 GC heap after
Heap after GC invocations=20 (full 3):
 PSYoungGen      total 513024K, used 130537K [0x000000076ab00000, 0x0000000799d80000, 0x00000007c0000000)
  eden space 382464K, 0% used [0x000000076ab00000,0x000000076ab00000,0x0000000782080000)
  from space 130560K, 99% used [0x0000000782080000,0x0000000789ffa400,0x000000078a000000)
  to   space 162816K, 0% used [0x000000078fe80000,0x000000078fe80000,0x0000000799d80000)
 ParOldGen       total 332288K, used 264197K [0x00000006c0000000, 0x00000006d4480000, 0x000000076ab00000)
  object space 332288K, 79% used [0x00000006c0000000,0x00000006d0201450,0x00000006d4480000)
 Metaspace       used 6603K, capacity 7280K, committed 7552K, reserved 1056768K
  class space    used 595K, capacity 616K, committed 640K, reserved 1048576K
}
Event: 19.340 GC heap before
{Heap before GC invocations=21 (full 3):
 PSYoungGen      total 513024K, used 513001K [0x000000076ab00000, 0x0000000799d80000, 0x00000007c0000000)
  eden space 382464K, 100% used [0x000000076ab00000,0x0000000782080000,0x0000000782080000)
  from space 130560K, 99% used [0x0000000782080000,0x0000000789ffa400,0x000000078a000000)
  to   space 162816K, 0% used [0x000000078fe80000,0x000000078fe80000,0x0000000799d80000)
 ParOldGen       total 332288K, used 264197K [0x00000006c0000000, 0x00000006d4480000, 0x000000076ab00000)
  object space 332288K, 79% used [0x00000006c0000000,0x00000006d0201450,0x00000006d4480000)
 Metaspace       used 6609K, capacity 7344K, committed 7552K, reserved 1056768K
  class space    used 595K, capacity 616K, committed 640K, reserved 1048576K
Event: 28.430 GC heap after
Heap after GC invocations=21 (full 3):
 PSYoungGen      total 605696K, used 98859K [0x000000076ab00000, 0x000000079c380000, 0x00000007c0000000)
  eden space 442880K, 0% used [0x000000076ab00000,0x000000076ab00000,0x0000000785b80000)
  from space 162816K, 60% used [0x000000078fe80000,0x0000000795f0acf8,0x0000000799d80000)
  to   space 166912K, 0% used [0x0000000785b80000,0x0000000785b80000,0x000000078fe80000)
 ParOldGen       total 355840K, used 355342K [0x00000006c0000000, 0x00000006d5b80000, 0x000000076ab00000)
  object space 355840K, 99% used [0x00000006c0000000,0x00000006d5b03ab0,0x00000006d5b80000)
 Metaspace       used 6609K, capacity 7344K, committed 7552K, reserved 1056768K
  class space    used 595K, capacity 616K, committed 640K, reserved 1048576K
}
Event: 28.442 GC heap before
{Heap before GC invocations=22 (full 4):
 PSYoungGen      total 605696K, used 98859K [0x000000076ab00000, 0x000000079c380000, 0x00000007c0000000)
  eden space 442880K, 0% used [0x000000076ab00000,0x000000076ab00000,0x0000000785b80000)
  from space 162816K, 60% used [0x000000078fe80000,0x0000000795f0acf8,0x0000000799d80000)
  to   space 166912K, 0% used [0x0000000785b80000,0x0000000785b80000,0x000000078fe80000)
 ParOldGen       total 355840K, used 355342K [0x00000006c0000000, 0x00000006d5b80000, 0x000000076ab00000)
  object space 355840K, 99% used [0x00000006c0000000,0x00000006d5b03ab0,0x00000006d5b80000)
 Metaspace       used 6609K, capacity 7344K, committed 7552K, reserved 1056768K
  class space    used 595K, capacity 616K, committed 640K, reserved 1048576K

Deoptimization events (10 events):
Event: 12.535 Thread 0x00007f8b44195800 Uncommon trap: reason=unstable_if action=reinterpret pc=0x00007f8b35994db8 method=com.android.dx.ssa.SsaBasicBlock.scheduleMovesFromPhis()V @ 63
Event: 14.758 Thread 0x00007f8b44195800 Uncommon trap: reason=unstable_if action=reinterpret pc=0x00007f8b35adb080 method=com.android.dx.rop.type.Type.isReference()Z @ 6
Event: 15.501 Thread 0x00007f8b44198800 Uncommon trap: reason=unstable_if action=reinterpret pc=0x00007f8b35a4b8a8 method=com.android.dx.ssa.SsaMethod.makeExitBlock()V @ 103
Event: 15.501 Thread 0x00007f8b44198800 Uncommon trap: reason=unstable_if action=reinterpret pc=0x00007f8b353f1adc method=com.android.dx.ssa.SsaMethod.getExitBlock()Lcom/android/dx/ssa/SsaBasicBlock; @ 4
Event: 15.501 Thread 0x00007f8b44198800 Uncommon trap: reason=unstable_if action=reinterpret pc=0x00007f8b35296620 method=com.android.dx.ssa.SsaMethod.getExitBlock()Lcom/android/dx/ssa/SsaBasicBlock; @ 4
Event: 15.502 Thread 0x00007f8b44198800 Uncommon trap: reason=unstable_if action=reinterpret pc=0x00007f8b35a8d1b8 method=com.android.dx.ssa.SsaMethod.getExitBlock()Lcom/android/dx/ssa/SsaBasicBlock; @ 4
Event: 15.584 Thread 0x00007f8b44198800 Uncommon trap: reason=unstable_if action=reinterpret pc=0x00007f8b35b38a24 method=com.android.dx.dex.code.RopTranslator.outputBlock(Lcom/android/dx/rop/code/BasicBlock;I)V @ 140
Event: 15.880 Thread 0x00007f8b4400e800 Uncommon trap: reason=unstable_if action=reinterpret pc=0x00007f8b35329704 method=com.android.dx.rop.code.RegisterSpec.equals(ILcom/android/dx/rop/type/TypeBearer;Lcom/android/dx/rop/code/LocalItem;)Z @ 42
Event: 18.764 Thread 0x00007f8b44195800 Uncommon trap: reason=unstable_if action=reinterpret pc=0x00007f8b35b401f8 method=com.android.dx.cf.code.Merger.isPossiblyAssignableFrom(Lcom/android/dx/rop/type/TypeBearer;Lcom/android/dx/rop/type/TypeBearer;)Z @ 131
Event: 19.052 Thread 0x00007f8b4400e800 Uncommon trap: reason=unstable_if action=reinterpret pc=0x00007f8b351a1784 method=java.util.concurrent.ConcurrentHashMap.putVal(Ljava/lang/Object;Ljava/lang/Object;Z)Ljava/lang/Object; @ 195

Classes redefined (0 events):
No events

Internal exceptions (5 events):
Event: 0.146 Thread 0x00007f8b4400e800 Exception <a 'java/lang/NoSuchMethodError': Method sun.misc.Unsafe.defineClass(Ljava/lang/String;[BII)Ljava/lang/Class; name or signature does not match> (0x000000076ab07cb0) thrown at [/usr/local/google/buildbot/src/googleplex-android/openjdk/out/hotspot
Event: 0.146 Thread 0x00007f8b4400e800 Exception <a 'java/lang/NoSuchMethodError': Method sun.misc.Unsafe.prefetchRead(Ljava/lang/Object;J)V name or signature does not match> (0x000000076ab07f98) thrown at [/usr/local/google/buildbot/src/googleplex-android/openjdk/out/hotspot/src/share/vm/prim
Event: 1.772 Thread 0x00007f8b44195800 Exception <a 'java/lang/ArrayIndexOutOfBoundsException': 18> (0x000000076ab03250) thrown at [/usr/local/google/buildbot/src/googleplex-android/openjdk/out/hotspot/src/share/vm/interpreter/interpreterRuntime.cpp, line 368]
Event: 1.772 Thread 0x00007f8b44195800 Exception <a 'java/lang/ArrayIndexOutOfBoundsException': 145> (0x000000076ab04dd0) thrown at [/usr/local/google/buildbot/src/googleplex-android/openjdk/out/hotspot/src/share/vm/interpreter/interpreterRuntime.cpp, line 368]
Event: 1.773 Thread 0x00007f8b44195800 Exception <a 'java/lang/ArrayIndexOutOfBoundsException': 40> (0x000000076ab060b8) thrown at [/usr/local/google/buildbot/src/googleplex-android/openjdk/out/hotspot/src/share/vm/interpreter/interpreterRuntime.cpp, line 368]

Events (10 events):
Event: 19.277 Thread 0x00007f8b4400e800 DEOPT UNPACKING pc=0x00007f8b350474c4 sp=0x00007f8b4d0a23b8 mode 0
Event: 19.280 Thread 0x00007f8b44195800 DEOPT PACKING pc=0x00007f8b3530db0a sp=0x00007f8b2ee26fd0
Event: 19.280 Thread 0x00007f8b44195800 DEOPT UNPACKING pc=0x00007f8b350474c4 sp=0x00007f8b2ee26dd8 mode 0
Event: 19.281 Thread 0x00007f8b4400e800 DEOPT PACKING pc=0x00007f8b353933f4 sp=0x00007f8b4d0a2930
Event: 19.281 Thread 0x00007f8b4400e800 DEOPT UNPACKING pc=0x00007f8b350474c4 sp=0x00007f8b4d0a2630 mode 0
Event: 19.283 Thread 0x00007f8b44192000 DEOPT PACKING pc=0x00007f8b352b563d sp=0x00007f8b2f028f60
Event: 19.283 Thread 0x00007f8b44192000 DEOPT UNPACKING pc=0x00007f8b350474c4 sp=0x00007f8b2f028ce8 mode 0
Event: 19.326 Thread 0x00007f8b44192000 DEOPT PACKING pc=0x00007f8b352b563d sp=0x00007f8b2f028f60
Event: 19.326 Thread 0x00007f8b44192000 DEOPT UNPACKING pc=0x00007f8b350474c4 sp=0x00007f8b2f028ce8 mode 0
Event: 19.339 Executing VM operation: ParallelGCFailedAllocation


Dynamic libraries:
00400000-00401000 r-xp 00000000 08:01 7352713                            /home/niroop/Documents/android-studio/jre/bin/java
00401000-00402000 rw-p 00000000 08:01 7352713                            /home/niroop/Documents/android-studio/jre/bin/java
006ea000-0070b000 rw-p 00000000 00:00 0                                  [heap]
6c0000000-6d5b80000 rw-p 00000000 00:00 0 
6e0880000-76ab00000 ---p 00000000 00:00 0 
76ab00000-79c380000 rw-p 00000000 00:00 0 
79c380000-7c0000000 ---p 00000000 00:00 0 
7c0000000-7c00a0000 rw-p 00000000 00:00 0 
7c00a0000-800000000 ---p 00000000 00:00 0 
7f8adc000000-7f8adc126000 rw-p 00000000 00:00 0 
7f8adc126000-7f8ae0000000 ---p 00000000 00:00 0 
7f8ae4000000-7f8ae4161000 rw-p 00000000 00:00 0 
7f8ae4161000-7f8ae8000000 ---p 00000000 00:00 0 
7f8ae8000000-7f8ae8219000 rw-p 00000000 00:00 0 
7f8ae8219000-7f8aec000000 ---p 00000000 00:00 0 
7f8aec000000-7f8aec19e000 rw-p 00000000 00:00 0 
7f8aec19e000-7f8af0000000 ---p 00000000 00:00 0 
7f8af0000000-7f8af0021000 rw-p 00000000 00:00 0 
7f8af0021000-7f8af4000000 ---p 00000000 00:00 0 
7f8af4000000-7f8af4021000 rw-p 00000000 00:00 0 
7f8af4021000-7f8af8000000 ---p 00000000 00:00 0 
7f8af8000000-7f8af8021000 rw-p 00000000 00:00 0 
7f8af8021000-7f8afc000000 ---p 00000000 00:00 0 
7f8afc000000-7f8afd736000 rw-p 00000000 00:00 0 
7f8afd736000-7f8b00000000 ---p 00000000 00:00 0 
7f8b00000000-7f8b00980000 rw-p 00000000 00:00 0 
7f8b00980000-7f8b04000000 ---p 00000000 00:00 0 
7f8b04000000-7f8b04021000 rw-p 00000000 00:00 0 
7f8b04021000-7f8b08000000 ---p 00000000 00:00 0 
7f8b08000000-7f8b096f5000 rw-p 00000000 00:00 0 
7f8b096f5000-7f8b0c000000 ---p 00000000 00:00 0 
7f8b0c000000-7f8b0c021000 rw-p 00000000 00:00 0 
7f8b0c021000-7f8b10000000 ---p 00000000 00:00 0 
7f8b10000000-7f8b10021000 rw-p 00000000 00:00 0 
7f8b10021000-7f8b14000000 ---p 00000000 00:00 0 
7f8b14000000-7f8b1c000000 rw-p 00000000 00:00 0 
7f8b1c000000-7f8b1c021000 rw-p 00000000 00:00 0 
7f8b1c021000-7f8b20000000 ---p 00000000 00:00 0 
7f8b20000000-7f8b202d4000 rw-p 00000000 00:00 0 
7f8b202d4000-7f8b24000000 ---p 00000000 00:00 0 
7f8b24000000-7f8b24021000 rw-p 00000000 00:00 0 
7f8b24021000-7f8b28000000 ---p 00000000 00:00 0 
7f8b28000000-7f8b28021000 rw-p 00000000 00:00 0 
7f8b28021000-7f8b2c000000 ---p 00000000 00:00 0 
7f8b2eb26000-7f8b2eb29000 ---p 00000000 00:00 0 
7f8b2eb29000-7f8b2ec27000 rw-p 00000000 00:00 0 
7f8b2ec27000-7f8b2ec2a000 ---p 00000000 00:00 0 
7f8b2ec2a000-7f8b2ed28000 rw-p 00000000 00:00 0 
7f8b2ed28000-7f8b2ed2b000 ---p 00000000 00:00 0 
7f8b2ed2b000-7f8b2ee29000 rw-p 00000000 00:00 0 
7f8b2ee29000-7f8b2ee2c000 ---p 00000000 00:00 0 
7f8b2ee2c000-7f8b2ef2a000 rw-p 00000000 00:00 0 
7f8b2ef2a000-7f8b2ef2d000 ---p 00000000 00:00 0 
7f8b2ef2d000-7f8b2f02b000 rw-p 00000000 00:00 0 
7f8b2f02b000-7f8b2f02c000 ---p 00000000 00:00 0 
7f8b2f02c000-7f8b2f12c000 rw-p 00000000 00:00 0 
7f8b2f12c000-7f8b2f12f000 ---p 00000000 00:00 0 
7f8b2f12f000-7f8b2f22d000 rw-p 00000000 00:00 0 
7f8b2f22d000-7f8b2f22e000 ---p 00000000 00:00 0 
7f8b2f22e000-7f8b2f231000 ---p 00000000 00:00 0 
7f8b2f231000-7f8b2f32e000 rw-p 00000000 00:00 0 
7f8b2f32e000-7f8b2f32f000 ---p 00000000 00:00 0 
7f8b2f32f000-7f8b2f332000 ---p 00000000 00:00 0 
7f8b2f332000-7f8b2f42f000 rw-p 00000000 00:00 0 
7f8b2f42f000-7f8b2f430000 ---p 00000000 00:00 0 
7f8b2f430000-7f8b2f433000 ---p 00000000 00:00 0 
7f8b2f433000-7f8b2f530000 rw-p 00000000 00:00 0 
7f8b2f530000-7f8b2f533000 ---p 00000000 00:00 0 
7f8b2f533000-7f8b2f631000 rw-p 00000000 00:00 0 
7f8b2f631000-7f8b30000000 r--p 00000000 08:01 6036074                    /usr/lib/locale/locale-archive
7f8b30000000-7f8b30021000 rw-p 00000000 00:00 0 
7f8b30021000-7f8b34000000 ---p 00000000 00:00 0 
7f8b340a0000-7f8b340af000 r--s 000e4000 08:01 11851761                   /home/niroop/Android/Sdk/build-tools/26.0.0/lib/dx.jar
7f8b340af000-7f8b340b2000 ---p 00000000 00:00 0 
7f8b340b2000-7f8b341b0000 rw-p 00000000 00:00 0 
7f8b341b0000-7f8b341b3000 ---p 00000000 00:00 0 
7f8b341b3000-7f8b342b1000 rw-p 00000000 00:00 0 
7f8b342b1000-7f8b342b2000 ---p 00000000 00:00 0 
7f8b342b2000-7f8b35000000 rw-p 00000000 00:00 0 
7f8b35000000-7f8b35c30000 rwxp 00000000 00:00 0 
7f8b35c30000-7f8b44000000 ---p 00000000 00:00 0 
7f8b44000000-7f8b4441a000 rw-p 00000000 00:00 0 
7f8b4441a000-7f8b48000000 ---p 00000000 00:00 0 
7f8b4800e000-7f8b483c2000 rw-p 00000000 00:00 0 
7f8b483c2000-7f8b48594000 r--s 03cad000 08:01 7352843                    /home/niroop/Documents/android-studio/jre/jre/lib/rt.jar
7f8b48594000-7f8b48d25000 rw-p 00000000 00:00 0 
7f8b48d25000-7f8b48e65000 ---p 00000000 00:00 0 
7f8b48e65000-7f8b49665000 rw-p 00000000 00:00 0 
7f8b49665000-7f8b49666000 ---p 00000000 00:00 0 
7f8b49666000-7f8b49766000 rw-p 00000000 00:00 0 
7f8b49766000-7f8b49767000 ---p 00000000 00:00 0 
7f8b49767000-7f8b49867000 rw-p 00000000 00:00 0 
7f8b49867000-7f8b49868000 ---p 00000000 00:00 0 
7f8b49868000-7f8b49968000 rw-p 00000000 00:00 0 
7f8b49968000-7f8b49969000 ---p 00000000 00:00 0 
7f8b49969000-7f8b49b17000 rw-p 00000000 00:00 0 
7f8b49b17000-7f8b49fbf000 ---p 00000000 00:00 0 
7f8b49fbf000-7f8b4a06d000 rw-p 00000000 00:00 0 
7f8b4a06d000-7f8b4a514000 ---p 00000000 00:00 0 
7f8b4a514000-7f8b4a6a1000 rw-p 00000000 00:00 0 
7f8b4a6a1000-7f8b4a7bf000 ---p 00000000 00:00 0 
7f8b4a7bf000-7f8b4a7f1000 rw-p 00000000 00:00 0 
7f8b4a7f1000-7f8b4ab80000 ---p 00000000 00:00 0 
7f8b4ab80000-7f8b4ab8b000 r-xp 00000000 08:01 1840165                    /lib/x86_64-linux-gnu/libnss_files-2.27.so
7f8b4ab8b000-7f8b4ad8a000 ---p 0000b000 08:01 1840165                    /lib/x86_64-linux-gnu/libnss_files-2.27.so
7f8b4ad8a000-7f8b4ad8b000 r--p 0000a000 08:01 1840165                    /lib/x86_64-linux-gnu/libnss_files-2.27.so
7f8b4ad8b000-7f8b4ad8c000 rw-p 0000b000 08:01 1840165                    /lib/x86_64-linux-gnu/libnss_files-2.27.so
7f8b4ad8c000-7f8b4ad92000 rw-p 00000000 00:00 0 
7f8b4ad92000-7f8b4ada9000 r-xp 00000000 08:01 1840159                    /lib/x86_64-linux-gnu/libnsl-2.27.so
7f8b4ada9000-7f8b4afa8000 ---p 00017000 08:01 1840159                    /lib/x86_64-linux-gnu/libnsl-2.27.so
7f8b4afa8000-7f8b4afa9000 r--p 00016000 08:01 1840159                    /lib/x86_64-linux-gnu/libnsl-2.27.so
7f8b4afa9000-7f8b4afaa000 rw-p 00017000 08:01 1840159                    /lib/x86_64-linux-gnu/libnsl-2.27.so
7f8b4afaa000-7f8b4afac000 rw-p 00000000 00:00 0 
7f8b4afac000-7f8b4afb7000 r-xp 00000000 08:01 1840176                    /lib/x86_64-linux-gnu/libnss_nis-2.27.so
7f8b4afb7000-7f8b4b1b6000 ---p 0000b000 08:01 1840176                    /lib/x86_64-linux-gnu/libnss_nis-2.27.so
7f8b4b1b6000-7f8b4b1b7000 r--p 0000a000 08:01 1840176                    /lib/x86_64-linux-gnu/libnss_nis-2.27.so
7f8b4b1b7000-7f8b4b1b8000 rw-p 0000b000 08:01 1840176                    /lib/x86_64-linux-gnu/libnss_nis-2.27.so
7f8b4b1b8000-7f8b4b1c0000 r-xp 00000000 08:01 1840161                    /lib/x86_64-linux-gnu/libnss_compat-2.27.so
7f8b4b1c0000-7f8b4b3c0000 ---p 00008000 08:01 1840161                    /lib/x86_64-linux-gnu/libnss_compat-2.27.so
7f8b4b3c0000-7f8b4b3c1000 r--p 00008000 08:01 1840161                    /lib/x86_64-linux-gnu/libnss_compat-2.27.so
7f8b4b3c1000-7f8b4b3c2000 rw-p 00009000 08:01 1840161                    /lib/x86_64-linux-gnu/libnss_compat-2.27.so
7f8b4b3c2000-7f8b4b3c9000 r-xp 00000000 08:01 1840216                    /lib/x86_64-linux-gnu/librt-2.27.so
7f8b4b3c9000-7f8b4b5c8000 ---p 00007000 08:01 1840216                    /lib/x86_64-linux-gnu/librt-2.27.so
7f8b4b5c8000-7f8b4b5c9000 r--p 00006000 08:01 1840216                    /lib/x86_64-linux-gnu/librt-2.27.so
7f8b4b5c9000-7f8b4b5ca000 rw-p 00007000 08:01 1840216                    /lib/x86_64-linux-gnu/librt-2.27.so
7f8b4b5ca000-7f8b4b767000 r-xp 00000000 08:01 1840138                    /lib/x86_64-linux-gnu/libm-2.27.so
7f8b4b767000-7f8b4b966000 ---p 0019d000 08:01 1840138                    /lib/x86_64-linux-gnu/libm-2.27.so
7f8b4b966000-7f8b4b967000 r--p 0019c000 08:01 1840138                    /lib/x86_64-linux-gnu/libm-2.27.so
7f8b4b967000-7f8b4b968000 rw-p 0019d000 08:01 1840138                    /lib/x86_64-linux-gnu/libm-2.27.so
7f8b4b968000-7f8b4c58e000 r-xp 00000000 08:01 7352820                    /home/niroop/Documents/android-studio/jre/jre/lib/amd64/server/libjvm.so
7f8b4c58e000-7f8b4c65e000 rw-p 00c26000 08:01 7352820                    /home/niroop/Documents/android-studio/jre/jre/lib/amd64/server/libjvm.so
7f8b4c65e000-7f8b4c6a2000 rw-p 00000000 00:00 0 
7f8b4c6a2000-7f8b4c889000 r-xp 00000000 08:01 1840075                    /lib/x86_64-linux-gnu/libc-2.27.so
7f8b4c889000-7f8b4ca89000 ---p 001e7000 08:01 1840075                    /lib/x86_64-linux-gnu/libc-2.27.so
7f8b4ca89000-7f8b4ca8d000 r--p 001e7000 08:01 1840075                    /lib/x86_64-linux-gnu/libc-2.27.so
7f8b4ca8d000-7f8b4ca8f000 rw-p 001eb000 08:01 1840075                    /lib/x86_64-linux-gnu/libc-2.27.so
7f8b4ca8f000-7f8b4ca93000 rw-p 00000000 00:00 0 
7f8b4ca93000-7f8b4ca96000 r-xp 00000000 08:01 1840098                    /lib/x86_64-linux-gnu/libdl-2.27.so
7f8b4ca96000-7f8b4cc95000 ---p 00003000 08:01 1840098                    /lib/x86_64-linux-gnu/libdl-2.27.so
7f8b4cc95000-7f8b4cc96000 r--p 00002000 08:01 1840098                    /lib/x86_64-linux-gnu/libdl-2.27.so
7f8b4cc96000-7f8b4cc97000 rw-p 00003000 08:01 1840098                    /lib/x86_64-linux-gnu/libdl-2.27.so
7f8b4cc97000-7f8b4ccb1000 r-xp 00000000 08:01 1840208                    /lib/x86_64-linux-gnu/libpthread-2.27.so
7f8b4ccb1000-7f8b4ceb0000 ---p 0001a000 08:01 1840208                    /lib/x86_64-linux-gnu/libpthread-2.27.so
7f8b4ceb0000-7f8b4ceb1000 r--p 00019000 08:01 1840208                    /lib/x86_64-linux-gnu/libpthread-2.27.so
7f8b4ceb1000-7f8b4ceb2000 rw-p 0001a000 08:01 1840208                    /lib/x86_64-linux-gnu/libpthread-2.27.so
7f8b4ceb2000-7f8b4ceb6000 rw-p 00000000 00:00 0 
7f8b4ceb6000-7f8b4cedd000 r-xp 00000000 08:01 1840047                    /lib/x86_64-linux-gnu/ld-2.27.so
7f8b4cedd000-7f8b4cee4000 r--s 0004c000 08:01 11808171                   /home/niroop/.android/build-cache/9b622f381cb7bb5838d987a04cc0137936991cc2/output/jars/classes.jar
7f8b4cee4000-7f8b4cf5c000 rw-p 00000000 00:00 0 
7f8b4cf5c000-7f8b4cf77000 r-xp 00000000 08:01 7352802                    /home/niroop/Documents/android-studio/jre/jre/lib/amd64/libzip.so
7f8b4cf77000-7f8b4cf78000 rw-p 0001a000 08:01 7352802                    /home/niroop/Documents/android-studio/jre/jre/lib/amd64/libzip.so
7f8b4cf78000-7f8b4cfa2000 r-xp 00000000 08:01 7352810                    /home/niroop/Documents/android-studio/jre/jre/lib/amd64/libjava.so
7f8b4cfa2000-7f8b4cfa4000 rw-p 0002a000 08:01 7352810                    /home/niroop/Documents/android-studio/jre/jre/lib/amd64/libjava.so
7f8b4cfa4000-7f8b4cfa5000 ---p 00000000 00:00 0 
7f8b4cfa5000-7f8b4cfa8000 ---p 00000000 00:00 0 
7f8b4cfa8000-7f8b4d0a7000 rw-p 00000000 00:00 0 
7f8b4d0a7000-7f8b4d0bd000 r-xp 00000000 08:01 7352701                    /home/niroop/Documents/android-studio/jre/lib/amd64/jli/libjli.so
7f8b4d0bd000-7f8b4d0be000 rw-p 00015000 08:01 7352701                    /home/niroop/Documents/android-studio/jre/lib/amd64/jli/libjli.so
7f8b4d0be000-7f8b4d0c0000 rw-p 00000000 00:00 0 
7f8b4d0c4000-7f8b4d0cc000 rw-s 00000000 08:01 12591343                   /tmp/hsperfdata_niroop/10210
7f8b4d0cc000-7f8b4d0cd000 rw-p 00000000 00:00 0 
7f8b4d0cd000-7f8b4d0ce000 ---p 00000000 00:00 0 
7f8b4d0ce000-7f8b4d0db000 r-xp 00000000 08:01 7352798                    /home/niroop/Documents/android-studio/jre/jre/lib/amd64/libverify.so
7f8b4d0db000-7f8b4d0dd000 rw-p 0000c000 08:01 7352798                    /home/niroop/Documents/android-studio/jre/jre/lib/amd64/libverify.so
7f8b4d0dd000-7f8b4d0de000 r--p 00027000 08:01 1840047                    /lib/x86_64-linux-gnu/ld-2.27.so
7f8b4d0de000-7f8b4d0df000 rw-p 00028000 08:01 1840047                    /lib/x86_64-linux-gnu/ld-2.27.so
7f8b4d0df000-7f8b4d0e0000 rw-p 00000000 00:00 0 
7ffdbfbc6000-7ffdbfbe8000 rw-p 00000000 00:00 0                          [stack]
7ffdbfbe8000-7ffdbfbeb000 r--p 00000000 00:00 0                          [vvar]
7ffdbfbeb000-7ffdbfbec000 r-xp 00000000 00:00 0                          [vdso]
ffffffffff600000-ffffffffff601000 r-xp 00000000 00:00 0                  [vsyscall]

VM Arguments:
jvm_args: -Djava.awt.headless=true -Xmx4g -Dfile.encoding=UTF-8 -Duser.country=IN -Duser.language=en -Duser.variant 
java_command: com.android.dx.command.Main --dex --num-threads=4 --multi-dex --output /media/niroop/External HDD/AndroidStudioProjects/User App/app/build/intermediates/transforms/dex/debug/folders/1000/1f/main /home/niroop/.gradle/caches/modules-2/files-2.1/com.twitter/twitter-text/1.13.0/78415b95ae3184c5926d593feab64bfc0b73b2dd/twitter-text-1.13.0.jar /home/niroop/.android/build-cache/344e0ae5b96a066c340cbb65de62b9926cdefc58/output/jars/classes.jar /home/niroop/.android/build-cache/708519143cb1ca08075ced6ae13de74ca64bf15f/output/jars/classes.jar /home/niroop/.android/build-cache/a66cbf770edb2943cf7e878e8d81f83337be595c/output/jars/classes.jar /home/niroop/.gradle/caches/modules-2/files-2.1/com.squareup.okhttp3/okhttp-ws/3.0.1/bd9b51a0188fc8f14bf840a0d326755545206116/okhttp-ws-3.0.1.jar /home/niroop/.android/build-cache/9b622f381cb7bb5838d987a04cc0137936991cc2/output/jars/classes.jar /home/niroop/.android/build-cache/12d56c18a42d1f05b9ac1647b156441e2a4dbff5/output/jars/classes.jar /home/niroop/.android/build-cache/0add6791efe6dec7f33222700afd520c9a82813b/output/jars/classes.jar /media/niroop/External HDD/AndroidStudioProjects/User App/stripe/build/intermediates/bundles/default/classes.jar /home/niroop/.android/build-cache/26d5ae123ee9172a01bd32d1a79379bec37b7d2d/output/jars/classes.jar /home/niroop/.gradle/caches/modules-2/files-2.1/com.google.code.gson/gson/2.3/5fc52c41ef0239d1093a1eb7c3697036183677ce/gson-2.3.jar /home/niroop/.gradle/caches/modules-2/files-2.1/cz.msebera.android/httpclient/4.4.1.1/c8d96f6fd2bcc179c312da33ee670a71188cc60d/httpclient-4.4.1.1.jar /home/niroop/.android/build-cache/66327af80aa184671fc17553104e2db35ef7a9b3/output/jars/classes.jar /home/niroop/.android/build-cache/b257c5c0db47bbccb6143d3aada52dde313d9b0e/output/jars/classes.jar /home/niroop/.android/build-cache/3bccaacd42e5be60ac7fed01bcd491f7523ce2f1/output/jars/classes.jar /home/niroop/.android/build-cache/64700c7b9fdf25534d3d17e45870aa364dcf0d2b/output/jars/classes.jar /home/niroop/.
java_class_path (initial): /home/niroop/Android/Sdk/build-tools/26.0.0/lib/dx.jar
Launcher Type: SUN_STANDARD

Environment Variables:
PATH=/usr/local/sbin:/usr/local/bin:/usr/sbin:/usr/bin:/sbin:/bin:/usr/games:/usr/local/games:/snap/bin:/usr/lib/dart/bin
USERNAME=niroop
SHELL=/bin/bash
DISPLAY=:0

Signal Handlers:
SIGSEGV: [libjvm.so+0xa09650], sa_mask[0]=11111111011111111101111111111110, sa_flags=SA_RESTART|SA_SIGINFO
SIGBUS: [libjvm.so+0xa09650], sa_mask[0]=11111111011111111101111111111110, sa_flags=SA_RESTART|SA_SIGINFO
SIGFPE: [libjvm.so+0x86bc60], sa_mask[0]=11111111011111111101111111111110, sa_flags=SA_RESTART|SA_SIGINFO
SIGPIPE: [libjvm.so+0x86bc60], sa_mask[0]=11111111011111111101111111111110, sa_flags=SA_RESTART|SA_SIGINFO
SIGXFSZ: [libjvm.so+0x86bc60], sa_mask[0]=11111111011111111101111111111110, sa_flags=SA_RESTART|SA_SIGINFO
SIGILL: [libjvm.so+0x86bc60], sa_mask[0]=11111111011111111101111111111110, sa_flags=SA_RESTART|SA_SIGINFO
SIGUSR1: SIG_DFL, sa_mask[0]=00000000000000000000000000000000, sa_flags=none
SIGUSR2: [libjvm.so+0x86bb30], sa_mask[0]=00100000000000000000000000000000, sa_flags=SA_RESTART|SA_SIGINFO
SIGHUP: [libjvm.so+0x86bd20], sa_mask[0]=11111111011111111101111111111110, sa_flags=SA_RESTART|SA_SIGINFO
SIGINT: [libjvm.so+0x86bd20], sa_mask[0]=11111111011111111101111111111110, sa_flags=SA_RESTART|SA_SIGINFO
SIGTERM: [libjvm.so+0x86bd20], sa_mask[0]=11111111011111111101111111111110, sa_flags=SA_RESTART|SA_SIGINFO
SIGQUIT: [libjvm.so+0x86bd20], sa_mask[0]=11111111011111111101111111111110, sa_flags=SA_RESTART|SA_SIGINFO


---------------  S Y S T E M  ---------------

OS:DISTRIB_ID=Ubuntu
DISTRIB_RELEASE=18.04
DISTRIB_CODENAME=bionic
DISTRIB_DESCRIPTION="Ubuntu 18.04.3 LTS"

uname:Linux 5.0.0-37-generic #40~18.04.1-Ubuntu SMP Thu Nov 14 12:06:39 UTC 2019 x86_64
libc:glibc 2.27 NPTL 2.27 
rlimit: STACK 8192k, CORE 0k, NPROC 23162, NOFILE 1048576, AS infinity
load average:10.05 5.68 3.47

/proc/meminfo:
MemTotal:        5979864 kB
MemFree:          122212 kB
MemAvailable:      66772 kB
Buffers:            2980 kB
Cached:           182356 kB
SwapCached:         2028 kB
Active:          4792712 kB
Inactive:         729684 kB
Active(anon):    4760560 kB
Inactive(anon):   688984 kB
Active(file):      32152 kB
Inactive(file):    40700 kB
Unevictable:         588 kB
Mlocked:              80 kB
SwapTotal:       2097148 kB
SwapFree:             16 kB
Dirty:              2364 kB
Writeback:             0 kB
AnonPages:       5335784 kB
Mapped:            61092 kB
Shmem:            112232 kB
KReclaimable:      78056 kB
Slab:             145604 kB
SReclaimable:      78056 kB
SUnreclaim:        67548 kB
KernelStack:       16352 kB
PageTables:        74424 kB
NFS_Unstable:          0 kB
Bounce:                0 kB
WritebackTmp:          0 kB
CommitLimit:     5087080 kB
Committed_AS:   13953972 kB
VmallocTotal:   34359738367 kB
VmallocUsed:           0 kB
VmallocChunk:          0 kB
Percpu:             2624 kB
HardwareCorrupted:     0 kB
AnonHugePages:         0 kB
ShmemHugePages:        0 kB
ShmemPmdMapped:        0 kB
CmaTotal:              0 kB
CmaFree:               0 kB
HugePages_Total:       0
HugePages_Free:        0
HugePages_Rsvd:        0
HugePages_Surp:        0
Hugepagesize:       2048 kB
Hugetlb:               0 kB
DirectMap4k:      293144 kB
DirectMap2M:     5877760 kB

container (cgroup) information:
container_type: cgroupv1
cpu_cpuset_cpus: 0-3
cpu_memory_nodes: 0
active_processor_count: 4
cpu_quota: -1
cpu_period: 100000
cpu_shares: -1
memory_limit_in_bytes: -1
memory_and_swap_limit_in_bytes: -2
memory_soft_limit_in_bytes: -1
memory_usage_in_bytes: 5655212032
memory_max_usage_in_bytes: 44597248


CPU:total 4 (initial active 4) (2 cores per cpu, 2 threads per core) family 6 model 58 stepping 9, cmov, cx8, fxsr, mmx, sse, sse2, sse3, ssse3, sse4.1, sse4.2, popcnt, avx, aes, clmul, erms, ht, tsc, tscinvbit, tscinv

/proc/cpuinfo:
processor	: 0
vendor_id	: GenuineIntel
cpu family	: 6
model		: 58
model name	: Intel(R) Core(TM) i5-3337U CPU @ 1.80GHz
stepping	: 9
microcode	: 0x21
cpu MHz		: 1100.180
cache size	: 3072 KB
physical id	: 0
siblings	: 4
core id		: 0
cpu cores	: 2
apicid		: 0
initial apicid	: 0
fpu		: yes
fpu_exception	: yes
cpuid level	: 13
wp		: yes
flags		: fpu vme de pse tsc msr pae mce cx8 apic sep mtrr pge mca cmov pat pse36 clflush dts acpi mmx fxsr sse sse2 ss ht tm pbe syscall nx rdtscp lm constant_tsc arch_perfmon pebs bts rep_good nopl xtopology nonstop_tsc cpuid aperfmperf pni pclmulqdq dtes64 monitor ds_cpl vmx est tm2 ssse3 cx16 xtpr pdcm pcid sse4_1 sse4_2 x2apic popcnt tsc_deadline_timer aes xsave avx f16c rdrand lahf_lm cpuid_fault epb pti ssbd ibrs ibpb stibp tpr_shadow vnmi flexpriority ept vpid fsgsbase smep erms xsaveopt dtherm ida arat pln pts md_clear flush_l1d
bugs		: cpu_meltdown spectre_v1 spectre_v2 spec_store_bypass l1tf mds swapgs itlb_multihit
bogomips	: 3591.53
clflush size	: 64
cache_alignment	: 64
address sizes	: 36 bits physical, 48 bits virtual
power management:

processor	: 1
vendor_id	: GenuineIntel
cpu family	: 6
model		: 58
model name	: Intel(R) Core(TM) i5-3337U CPU @ 1.80GHz
stepping	: 9
microcode	: 0x21
cpu MHz		: 1105.534
cache size	: 3072 KB
physical id	: 0
siblings	: 4
core id		: 0
cpu cores	: 2
apicid		: 1
initial apicid	: 1
fpu		: yes
fpu_exception	: yes
cpuid level	: 13
wp		: yes
flags		: fpu vme de pse tsc msr pae mce cx8 apic sep mtrr pge mca cmov pat pse36 clflush dts acpi mmx fxsr sse sse2 ss ht tm pbe syscall nx rdtscp lm constant_tsc arch_perfmon pebs bts rep_good nopl xtopology nonstop_tsc cpuid aperfmperf pni pclmulqdq dtes64 monitor ds_cpl vmx est tm2 ssse3 cx16 xtpr pdcm pcid sse4_1 sse4_2 x2apic popcnt tsc_deadline_timer aes xsave avx f16c rdrand lahf_lm cpuid_fault epb pti ssbd ibrs ibpb stibp tpr_shadow vnmi flexpriority ept vpid fsgsbase smep erms xsaveopt dtherm ida arat pln pts md_clear flush_l1d
bugs		: cpu_meltdown spectre_v1 spectre_v2 spec_store_bypass l1tf mds swapgs itlb_multihit
bogomips	: 3591.53
clflush size	: 64
cache_alignment	: 64
address sizes	: 36 bits physical, 48 bits virtual
power management:

processor	: 2
vendor_id	: GenuineIntel
cpu family	: 6
model		: 58
model name	: Intel(R) Core(TM) i5-3337U CPU @ 1.80GHz
stepping	: 9
microcode	: 0x21
cpu MHz		: 1087.563
cache size	: 3072 KB
physical id	: 0
siblings	: 4
core id		: 1
cpu cores	: 2
apicid		: 2
initial apicid	: 2
fpu		: yes
fpu_exception	: yes
cpuid level	: 13
wp		: yes
flags		: fpu vme de pse tsc msr pae mce cx8 apic sep mtrr pge mca cmov pat pse36 clflush dts acpi mmx fxsr sse sse2 ss ht tm pbe syscall nx rdtscp lm constant_tsc arch_perfmon pebs bts rep_good nopl xtopology nonstop_tsc cpuid aperfmperf pni pclmulqdq dtes64 monitor ds_cpl vmx est tm2 ssse3 cx16 xtpr pdcm pcid sse4_1 sse4_2 x2apic popcnt tsc_deadline_timer aes xsave avx f16c rdrand lahf_lm cpuid_fault epb pti ssbd ibrs ibpb stibp tpr_shadow vnmi flexpriority ept vpid fsgsbase smep erms xsaveopt dtherm ida arat pln pts md_clear flush_l1d
bugs		: cpu_meltdown spectre_v1 spectre_v2 spec_store_bypass l1tf mds swapgs itlb_multihit
bogomips	: 3591.53
clflush size	: 64
cache_alignment	: 64
address sizes	: 36 bits physical, 48 bits virtual
power management:

processor	: 3
vendor_id	: GenuineIntel
cpu family	: 6
model		: 58
model name	: Intel(R) Core(TM) i5-3337U CPU @ 1.80GHz
stepping	: 9
microcode	: 0x21
cpu MHz		: 1145.384
cache size	: 3072 KB
physical id	: 0
siblings	: 4
core id		: 1
cpu cores	: 2
apicid		: 3
initial apicid	: 3
fpu		: yes
fpu_exception	: yes
cpuid level	: 13
wp		: yes
flags		: fpu vme de pse tsc msr pae mce cx8 apic sep mtrr pge mca cmov pat pse36 clflush dts acpi mmx fxsr sse sse2 ss ht tm pbe syscall nx rdtscp lm constant_tsc arch_perfmon pebs bts rep_good nopl xtopology nonstop_tsc cpuid aperfmperf pni pclmulqdq dtes64 monitor ds_cpl vmx est tm2 ssse3 cx16 xtpr pdcm pcid sse4_1 sse4_2 x2apic popcnt tsc_deadline_timer aes xsave avx f16c rdrand lahf_lm cpuid_fault epb pti ssbd ibrs ibpb stibp tpr_shadow vnmi flexpriority ept vpid fsgsbase smep erms xsaveopt dtherm ida arat pln pts md_clear flush_l1d
bugs		: cpu_meltdown spectre_v1 spectre_v2 spec_store_bypass l1tf mds swapgs itlb_multihit
bogomips	: 3591.53
clflush size	: 64
cache_alignment	: 64
address sizes	: 36 bits physical, 48 bits virtual
power management:



Memory: 4k page, physical 5979864k(122212k free), swap 2097148k(16k free)

vm_info: OpenJDK 64-Bit Server VM (25.202-b49-5587405) for linux-amd64 JRE (1.8.0_202-release-1483-b49-5587405), built by "android-build" with gcc 4.8

time: Sat Feb 22 12:46:25 2020
timezone: IST
elapsed time: 31 seconds (0d 0h 0m 31s)

