#
# There is insufficient memory for the Java Runtime Environment to continue.
# Native memory allocation (mmap) failed to map 235405312 bytes for committing reserved memory.
# Possible reasons:
#   The system is out of physical RAM or swap space
#   The process is running with CompressedOops enabled, and the Java Heap may be blocking the growth of the native heap
# Possible solutions:
#   Reduce memory load on the system
#   Increase physical memory or swap space
#   Check if swap backing store is full
#   Decrease Java heap size (-Xmx/-Xms)
#   Decrease number of Java threads
#   Decrease Java thread stack sizes (-Xss)
#   Set larger code cache with -XX:ReservedCodeCacheSize=
#   JVM is running with Zero Based Compressed Oops mode in which the Java heap is
#     placed in the first 32GB address space. The Java Heap base address is the
#     maximum limit for the native heap growth. Please use -XX:HeapBaseMinAddress
#     to set the Java Heap base and to place the Java Heap above 32GB virtual address.
# This output file may be truncated or incomplete.
#
#  Out of Memory Error (os_linux.cpp:2753), pid=16549, tid=0x00007f7ab43b1700
#
# JRE version: OpenJDK Runtime Environment (8.0_202) (build 1.8.0_202-release-1483-b49-5587405)
# Java VM: OpenJDK 64-Bit Server VM (25.202-b49-5587405 mixed mode linux-amd64 compressed oops)
# Failed to write core dump. Core dumps have been disabled. To enable core dumping, try "ulimit -c unlimited" before starting Java again
#

---------------  T H R E A D  ---------------

Current thread (0x00007f7acc079800):  VMThread [stack: 0x00007f7ab42b2000,0x00007f7ab43b2000] [id=16560]

Stack: [0x00007f7ab42b2000,0x00007f7ab43b2000],  sp=0x00007f7ab43b0530,  free space=1017k
Native frames: (J=compiled Java code, j=interpreted, Vv=VM code, C=native code)
V  [libjvm.so+0xa08b78]  VMError::report_and_die()+0x148
V  [libjvm.so+0x4d412a]  report_vm_out_of_memory(char const*, int, unsigned long, VMErrorType, char const*)+0x8a
V  [libjvm.so+0x870478]  os::pd_commit_memory(char*, unsigned long, unsigned long, bool)+0xd8
V  [libjvm.so+0x867f9f]  os::commit_memory(char*, unsigned long, unsigned long, bool)+0x1f
V  [libjvm.so+0x8e14eb]  PSVirtualSpace::expand_by(unsigned long)+0x5b
V  [libjvm.so+0x8d234b]  PSOldGen::expand_by(unsigned long) [clone .part.109]+0x1b
V  [libjvm.so+0x8d250b]  PSOldGen::expand(unsigned long) [clone .part.111]+0xdb
V  [libjvm.so+0x8d2de8]  PSOldGen::resize(unsigned long)+0x188
V  [libjvm.so+0x8d83cc]  PSParallelCompact::invoke_no_policy(bool)+0x94c
V  [libjvm.so+0x8df48d]  PSScavenge::invoke()+0x17d
V  [libjvm.so+0x893763]  ParallelScavengeHeap::failed_mem_allocate(unsigned long)+0x63
V  [libjvm.so+0xa0a644]  VM_ParallelGCFailedAllocation::doit()+0x84
V  [libjvm.so+0xa0ea17]  VM_Operation::evaluate()+0x47
V  [libjvm.so+0xa0d498]  VMThread::evaluate_operation(VM_Operation*)+0x218
V  [libjvm.so+0xa0d8d1]  VMThread::loop()+0x1f1
V  [libjvm.so+0xa0dd02]  VMThread::run()+0x72
V  [libjvm.so+0x86d652]  java_start(Thread*)+0xf2

VM_Operation (0x00007f7a96b4a030): ParallelGCFailedAllocation, mode: safepoint, requested by thread 0x00007f7acc1cc800


---------------  P R O C E S S  ---------------

Java Threads: ( => current thread )
  0x00007f7acc1cc800 JavaThread "pool-2-thread-4" [_thread_blocked, id=16573, stack(0x00007f7a96a4b000,0x00007f7a96b4c000)]
  0x00007f7acc1cb000 JavaThread "pool-2-thread-3" [_thread_blocked, id=16572, stack(0x00007f7a96b4c000,0x00007f7a96c4d000)]
  0x00007f7acc1c9800 JavaThread "pool-2-thread-2" [_thread_blocked, id=16571, stack(0x00007f7a96c4d000,0x00007f7a96d4e000)]
  0x00007f7acc1c5800 JavaThread "pool-3-thread-1" [_thread_blocked, id=16570, stack(0x00007f7a96d4e000,0x00007f7a96e4f000)]
  0x00007f7acc1c4800 JavaThread "pool-2-thread-1" [_thread_blocked, id=16569, stack(0x00007f7a96e4f000,0x00007f7a96f50000)]
  0x00007f7acc0d1800 JavaThread "Service Thread" daemon [_thread_blocked, id=16567, stack(0x00007f7a9712c000,0x00007f7a9722d000)]
  0x00007f7acc0be800 JavaThread "C1 CompilerThread2" daemon [_thread_blocked, id=16566, stack(0x00007f7a9722e000,0x00007f7a9732e000)]
  0x00007f7acc0bc800 JavaThread "C2 CompilerThread1" daemon [_thread_blocked, id=16565, stack(0x00007f7a9732f000,0x00007f7a9742f000)]
  0x00007f7acc0ba000 JavaThread "C2 CompilerThread0" daemon [_thread_blocked, id=16564, stack(0x00007f7a97430000,0x00007f7a97530000)]
  0x00007f7acc0b5800 JavaThread "Signal Dispatcher" daemon [_thread_blocked, id=16563, stack(0x00007f7a97530000,0x00007f7a97631000)]
  0x00007f7acc085800 JavaThread "Finalizer" daemon [_thread_blocked, id=16562, stack(0x00007f7ab40af000,0x00007f7ab41b0000)]
  0x00007f7acc083000 JavaThread "Reference Handler" daemon [_thread_blocked, id=16561, stack(0x00007f7ab41b0000,0x00007f7ab42b1000)]
  0x00007f7acc00b800 JavaThread "main" [_thread_blocked, id=16550, stack(0x00007f7ad4fa2000,0x00007f7ad50a2000)]

Other Threads:
=>0x00007f7acc079800 VMThread [stack: 0x00007f7ab42b2000,0x00007f7ab43b2000] [id=16560]
  0x00007f7acc0d4000 WatcherThread [stack: 0x00007f7a9702c000,0x00007f7a9712c000] [id=16568]

VM state:at safepoint (normal execution)

VM Mutex/Monitor currently owned by a thread:  ([mutex/lock_event])
[0x00007f7acc007c60] ExpandHeap_lock - owner thread: 0x00007f7acc079800
[0x00007f7acc0082e0] Threads_lock - owner thread: 0x00007f7acc079800
[0x00007f7acc0087e0] Heap_lock - owner thread: 0x00007f7acc1cc800

heap address: 0x00000006c0000000, size: 4096 MB, Compressed Oops mode: Zero based, Oop shift amount: 3
Narrow klass base: 0x0000000000000000, Narrow klass shift: 3
Compressed class space size: 1073741824 Address: 0x00000007c0000000

Heap:
 PSYoungGen      total 851968K, used 125538K [0x000000076ab00000, 0x00000007aeb80000, 0x00000007c0000000)
  eden space 600576K, 0% used [0x000000076ab00000,0x000000076ab00000,0x000000078f580000)
  from space 251392K, 49% used [0x000000079ea80000,0x00000007a65189f0,0x00000007ae000000)
  to   space 250880K, 0% used [0x000000078f580000,0x000000078f580000,0x000000079ea80000)
 ParOldGen       total 520192K, used 516980K [0x00000006c0000000, 0x00000006dfc00000, 0x000000076ab00000)
  object space 520192K, 99% used [0x00000006c0000000,0x00000006df8dd368,0x00000006dfc00000)
 Metaspace       used 6440K, capacity 7344K, committed 7552K, reserved 1056768K
  class space    used 584K, capacity 616K, committed 640K, reserved 1048576K

Card table byte_map: [0x00007f7ad1fbc000,0x00007f7ad27bd000] byte_map_base: 0x00007f7ace9bc000

Marking Bits: (ParMarkBitMap*) 0x00007f7ad4670920
 Begin Bits: [0x00007f7ab5000000, 0x00007f7ab9000000)
 End Bits:   [0x00007f7ab9000000, 0x00007f7abd000000)

Polling page: 0x00007f7ad50ca000

CodeCache: size=245760Kb used=12970Kb max_used=12981Kb free=232789Kb
 bounds [0x00007f7abd000000, 0x00007f7abdd20000, 0x00007f7acc000000]
 total_blobs=2572 nmethods=2306 adapters=180
 compilation: enabled

Compilation events (10 events):
Event: 32.526 Thread 0x00007f7acc0ba000 nmethod 2449 0x00007f7abd3e83d0 code [0x00007f7abd3e8560, 0x00007f7abd3e8d18]
Event: 32.526 Thread 0x00007f7acc0ba000 2835       4       java.util.ArrayList::removeRange (75 bytes)
Event: 32.529 Thread 0x00007f7acc0ba000 nmethod 2835 0x00007f7abd1ce550 code [0x00007f7abd1ce6a0, 0x00007f7abd1ce838]
Event: 32.530 Thread 0x00007f7acc0ba000 2814   !   4       com.android.dx.cf.direct.AttributeListParser::parse (323 bytes)
Event: 32.558 Thread 0x00007f7acc0ba000 nmethod 2814 0x00007f7abd4f2610 code [0x00007f7abd4f2820, 0x00007f7abd4f3658]
Event: 32.558 Thread 0x00007f7acc0ba000 2786       4       com.android.dx.rop.code.DexTranslationAdvice::totalRopWidth (36 bytes)
Event: 32.562 Thread 0x00007f7acc0ba000 nmethod 2786 0x00007f7abd5a2750 code [0x00007f7abd5a28c0, 0x00007f7abd5a2ab8]
Event: 32.562 Thread 0x00007f7acc0ba000 2660       4       com.android.dx.ssa.back.FirstFitLocalCombiningAllocator::tryMapRegs (110 bytes)
Event: 32.666 Thread 0x00007f7acc0ba000 nmethod 2660 0x00007f7abdd12250 code [0x00007f7abdd125a0, 0x00007f7abdd143f0]
Event: 32.666 Thread 0x00007f7acc0ba000 2787       4       java.util.HashMap$TreeNode::find (172 bytes)

GC Heap History (10 events):
Event: 23.228 GC heap after
Heap after GC invocations=18 (full 4):
 PSYoungGen      total 623616K, used 37794K [0x000000076ab00000, 0x000000079b100000, 0x00000007c0000000)
  eden space 483328K, 0% used [0x000000076ab00000,0x000000076ab00000,0x0000000788300000)
  from space 140288K, 26% used [0x0000000792800000,0x0000000794ce8aa8,0x000000079b100000)
  to   space 154624K, 0% used [0x0000000788300000,0x0000000788300000,0x0000000791a00000)
 ParOldGen       total 489472K, used 324117K [0x00000006c0000000, 0x00000006dde00000, 0x000000076ab00000)
  object space 489472K, 66% used [0x00000006c0000000,0x00000006d3c85618,0x00000006dde00000)
 Metaspace       used 6430K, capacity 7280K, committed 7552K, reserved 1056768K
  class space    used 584K, capacity 616K, committed 640K, reserved 1048576K
}
Event: 25.485 GC heap before
{Heap before GC invocations=19 (full 4):
 PSYoungGen      total 623616K, used 521122K [0x000000076ab00000, 0x000000079b100000, 0x00000007c0000000)
  eden space 483328K, 100% used [0x000000076ab00000,0x0000000788300000,0x0000000788300000)
  from space 140288K, 26% used [0x0000000792800000,0x0000000794ce8aa8,0x000000079b100000)
  to   space 154624K, 0% used [0x0000000788300000,0x0000000788300000,0x0000000791a00000)
 ParOldGen       total 489472K, used 324117K [0x00000006c0000000, 0x00000006dde00000, 0x000000076ab00000)
  object space 489472K, 66% used [0x00000006c0000000,0x00000006d3c85618,0x00000006dde00000)
 Metaspace       used 6434K, capacity 7280K, committed 7552K, reserved 1056768K
  class space    used 584K, capacity 616K, committed 640K, reserved 1048576K
Event: 25.852 GC heap after
Heap after GC invocations=19 (full 4):
 PSYoungGen      total 637952K, used 108956K [0x000000076ab00000, 0x00000007a1380000, 0x00000007c0000000)
  eden space 483328K, 0% used [0x000000076ab00000,0x000000076ab00000,0x0000000788300000)
  from space 154624K, 70% used [0x0000000788300000,0x000000078ed670c8,0x0000000791a00000)
  to   space 164864K, 0% used [0x0000000797280000,0x0000000797280000,0x00000007a1380000)
 ParOldGen       total 489472K, used 324117K [0x00000006c0000000, 0x00000006dde00000, 0x000000076ab00000)
  object space 489472K, 66% used [0x00000006c0000000,0x00000006d3c85618,0x00000006dde00000)
 Metaspace       used 6434K, capacity 7280K, committed 7552K, reserved 1056768K
  class space    used 584K, capacity 616K, committed 640K, reserved 1048576K
}
Event: 28.064 GC heap before
{Heap before GC invocations=20 (full 4):
 PSYoungGen      total 637952K, used 592284K [0x000000076ab00000, 0x00000007a1380000, 0x00000007c0000000)
  eden space 483328K, 100% used [0x000000076ab00000,0x0000000788300000,0x0000000788300000)
  from space 154624K, 70% used [0x0000000788300000,0x000000078ed670c8,0x0000000791a00000)
  to   space 164864K, 0% used [0x0000000797280000,0x0000000797280000,0x00000007a1380000)
 ParOldGen       total 489472K, used 324117K [0x00000006c0000000, 0x00000006dde00000, 0x000000076ab00000)
  object space 489472K, 66% used [0x00000006c0000000,0x00000006d3c85618,0x00000006dde00000)
 Metaspace       used 6436K, capacity 7344K, committed 7552K, reserved 1056768K
  class space    used 584K, capacity 616K, committed 640K, reserved 1048576K
Event: 28.413 GC heap after
Heap after GC invocations=20 (full 4):
 PSYoungGen      total 694784K, used 164834K [0x000000076ab00000, 0x00000007a5980000, 0x00000007c0000000)
  eden space 529920K, 0% used [0x000000076ab00000,0x000000076ab00000,0x000000078b080000)
  from space 164864K, 99% used [0x0000000797280000,0x00000007a13789e0,0x00000007a1380000)
  to   space 198656K, 0% used [0x000000078b080000,0x000000078b080000,0x0000000797280000)
 ParOldGen       total 489472K, used 340247K [0x00000006c0000000, 0x00000006dde00000, 0x000000076ab00000)
  object space 489472K, 69% used [0x00000006c0000000,0x00000006d4c45e20,0x00000006dde00000)
 Metaspace       used 6436K, capacity 7344K, committed 7552K, reserved 1056768K
  class space    used 584K, capacity 616K, committed 640K, reserved 1048576K
}
Event: 30.455 GC heap before
{Heap before GC invocations=21 (full 4):
 PSYoungGen      total 694784K, used 694754K [0x000000076ab00000, 0x00000007a5980000, 0x00000007c0000000)
  eden space 529920K, 100% used [0x000000076ab00000,0x000000078b080000,0x000000078b080000)
  from space 164864K, 99% used [0x0000000797280000,0x00000007a13789e0,0x00000007a1380000)
  to   space 198656K, 0% used [0x000000078b080000,0x000000078b080000,0x0000000797280000)
 ParOldGen       total 489472K, used 340247K [0x00000006c0000000, 0x00000006dde00000, 0x000000076ab00000)
  object space 489472K, 69% used [0x00000006c0000000,0x00000006d4c45e20,0x00000006dde00000)
 Metaspace       used 6437K, capacity 7344K, committed 7552K, reserved 1056768K
  class space    used 584K, capacity 616K, committed 640K, reserved 1048576K
Event: 30.980 GC heap after
Heap after GC invocations=21 (full 4):
 PSYoungGen      total 728576K, used 198643K [0x000000076ab00000, 0x00000007ae000000, 0x00000007c0000000)
  eden space 529920K, 0% used [0x000000076ab00000,0x000000076ab00000,0x000000078b080000)
  from space 198656K, 99% used [0x000000078b080000,0x000000079727cc70,0x0000000797280000)
  to   space 251392K, 0% used [0x000000079ea80000,0x000000079ea80000,0x00000007ae000000)
 ParOldGen       total 489472K, used 390506K [0x00000006c0000000, 0x00000006dde00000, 0x000000076ab00000)
  object space 489472K, 79% used [0x00000006c0000000,0x00000006d7d5aad8,0x00000006dde00000)
 Metaspace       used 6437K, capacity 7344K, committed 7552K, reserved 1056768K
  class space    used 584K, capacity 616K, committed 640K, reserved 1048576K
}
Event: 32.724 GC heap before
{Heap before GC invocations=22 (full 4):
 PSYoungGen      total 728576K, used 728563K [0x000000076ab00000, 0x00000007ae000000, 0x00000007c0000000)
  eden space 529920K, 100% used [0x000000076ab00000,0x000000078b080000,0x000000078b080000)
  from space 198656K, 99% used [0x000000078b080000,0x000000079727cc70,0x0000000797280000)
  to   space 251392K, 0% used [0x000000079ea80000,0x000000079ea80000,0x00000007ae000000)
 ParOldGen       total 489472K, used 390506K [0x00000006c0000000, 0x00000006dde00000, 0x000000076ab00000)
  object space 489472K, 79% used [0x00000006c0000000,0x00000006d7d5aad8,0x00000006dde00000)
 Metaspace       used 6440K, capacity 7344K, committed 7552K, reserved 1056768K
  class space    used 584K, capacity 616K, committed 640K, reserved 1048576K
Event: 33.447 GC heap after
Heap after GC invocations=22 (full 4):
 PSYoungGen      total 851968K, used 133762K [0x000000076ab00000, 0x00000007aeb80000, 0x00000007c0000000)
  eden space 600576K, 0% used [0x000000076ab00000,0x000000076ab00000,0x000000078f580000)
  from space 251392K, 53% used [0x000000079ea80000,0x00000007a6d20be8,0x00000007ae000000)
  to   space 250880K, 0% used [0x000000078f580000,0x000000078f580000,0x000000079ea80000)
 ParOldGen       total 520192K, used 519687K [0x00000006c0000000, 0x00000006dfc00000, 0x000000076ab00000)
  object space 520192K, 99% used [0x00000006c0000000,0x00000006dfb81cc0,0x00000006dfc00000)
 Metaspace       used 6440K, capacity 7344K, committed 7552K, reserved 1056768K
  class space    used 584K, capacity 616K, committed 640K, reserved 1048576K
}
Event: 33.447 GC heap before
{Heap before GC invocations=23 (full 5):
 PSYoungGen      total 851968K, used 133762K [0x000000076ab00000, 0x00000007aeb80000, 0x00000007c0000000)
  eden space 600576K, 0% used [0x000000076ab00000,0x000000076ab00000,0x000000078f580000)
  from space 251392K, 53% used [0x000000079ea80000,0x00000007a6d20be8,0x00000007ae000000)
  to   space 250880K, 0% used [0x000000078f580000,0x000000078f580000,0x000000079ea80000)
 ParOldGen       total 520192K, used 519687K [0x00000006c0000000, 0x00000006dfc00000, 0x000000076ab00000)
  object space 520192K, 99% used [0x00000006c0000000,0x00000006dfb81cc0,0x00000006dfc00000)
 Metaspace       used 6440K, capacity 7344K, committed 7552K, reserved 1056768K
  class space    used 584K, capacity 616K, committed 640K, reserved 1048576K

Deoptimization events (10 events):
Event: 19.652 Thread 0x00007f7acc1cb000 Uncommon trap: reason=unstable_if action=reinterpret pc=0x00007f7abdbef9d8 method=com.android.dx.cf.code.Merger.isPossiblyAssignableFrom(Lcom/android/dx/rop/type/TypeBearer;Lcom/android/dx/rop/type/TypeBearer;)Z @ 131
Event: 23.692 Thread 0x00007f7acc00b800 Uncommon trap: reason=class_check action=maybe_recompile pc=0x00007f7abdbcb8dc method=com.android.dx.ssa.SCCP.replaceConstants()V @ 182
Event: 23.912 Thread 0x00007f7acc1c4800 Uncommon trap: reason=unstable_if action=reinterpret pc=0x00007f7abd58bb58 method=com.android.dx.ssa.InterferenceRegisterMapper.interferes(III)Z @ 69
Event: 24.233 Thread 0x00007f7acc1c9800 Uncommon trap: reason=class_check action=maybe_recompile pc=0x00007f7abdbc0078 method=com.android.dx.ssa.SCCP.simulateBranch(Lcom/android/dx/ssa/SsaInsn;)V @ 339
Event: 24.274 Thread 0x00007f7acc1c9800 Uncommon trap: reason=class_check action=maybe_recompile pc=0x00007f7abdbc0078 method=com.android.dx.ssa.SCCP.simulateBranch(Lcom/android/dx/ssa/SsaInsn;)V @ 339
Event: 24.288 Thread 0x00007f7acc1c4800 Uncommon trap: reason=unstable_if action=reinterpret pc=0x00007f7abd3404a8 method=com.android.dx.ssa.SCCP.replaceBranches()V @ 14
Event: 26.361 Thread 0x00007f7acc1c9800 Uncommon trap: reason=unstable_if action=reinterpret pc=0x00007f7abdc4eab0 method=com.android.dx.cf.code.RopperMachine.updateReturnOp(Lcom/android/dx/rop/code/Rop;Lcom/android/dx/rop/code/SourcePosition;)V @ 106
Event: 28.046 Thread 0x00007f7acc1cb000 Uncommon trap: reason=bimorphic action=maybe_recompile pc=0x00007f7abdc3966c method=com.android.dx.cf.code.BytecodeArray.parseInstruction(ILcom/android/dx/cf/code/BytecodeArray$Visitor;)I @ 891
Event: 28.046 Thread 0x00007f7acc1cb000 Uncommon trap: reason=bimorphic action=maybe_recompile pc=0x00007f7abdc3966c method=com.android.dx.cf.code.BytecodeArray.parseInstruction(ILcom/android/dx/cf/code/BytecodeArray$Visitor;)I @ 891
Event: 31.136 Thread 0x00007f7acc00b800 Uncommon trap: reason=unstable_if action=reinterpret pc=0x00007f7abd1386f0 method=java.util.concurrent.ConcurrentHashMap.get(Ljava/lang/Object;)Ljava/lang/Object; @ 76

Classes redefined (0 events):
No events

Internal exceptions (7 events):
Event: 0.031 Thread 0x00007f7acc00b800 Exception <a 'java/lang/NoSuchMethodError': Method sun.misc.Unsafe.defineClass(Ljava/lang/String;[BII)Ljava/lang/Class; name or signature does not match> (0x000000076ab07cb0) thrown at [/usr/local/google/buildbot/src/googleplex-android/openjdk/out/hotspot
Event: 0.031 Thread 0x00007f7acc00b800 Exception <a 'java/lang/NoSuchMethodError': Method sun.misc.Unsafe.prefetchRead(Ljava/lang/Object;J)V name or signature does not match> (0x000000076ab07f98) thrown at [/usr/local/google/buildbot/src/googleplex-android/openjdk/out/hotspot/src/share/vm/prim
Event: 1.654 Thread 0x00007f7acc00b800 Implicit null exception at 0x00007f7abd37b72f to 0x00007f7abd37dd89
Event: 1.873 Thread 0x00007f7acc00b800 Implicit null exception at 0x00007f7abd3c433c to 0x00007f7abd3c6961
Event: 2.472 Thread 0x00007f7acc1c4800 Exception <a 'java/lang/ArrayIndexOutOfBoundsException': 18> (0x000000076fa44810) thrown at [/usr/local/google/buildbot/src/googleplex-android/openjdk/out/hotspot/src/share/vm/interpreter/interpreterRuntime.cpp, line 368]
Event: 2.472 Thread 0x00007f7acc1c4800 Exception <a 'java/lang/ArrayIndexOutOfBoundsException': 145> (0x000000076fa46390) thrown at [/usr/local/google/buildbot/src/googleplex-android/openjdk/out/hotspot/src/share/vm/interpreter/interpreterRuntime.cpp, line 368]
Event: 2.481 Thread 0x00007f7acc1c4800 Exception <a 'java/lang/ArrayIndexOutOfBoundsException': 40> (0x000000076fa47678) thrown at [/usr/local/google/buildbot/src/googleplex-android/openjdk/out/hotspot/src/share/vm/interpreter/interpreterRuntime.cpp, line 368]

Events (10 events):
Event: 32.576 Thread 0x00007f7acc1c9800 DEOPT UNPACKING pc=0x00007f7abd0474c4 sp=0x00007f7a96d4bbe8 mode 0
Event: 32.668 Thread 0x00007f7acc1c9800 DEOPT PACKING pc=0x00007f7abd679914 sp=0x00007f7a96d4bef0
Event: 32.668 Thread 0x00007f7acc1c9800 DEOPT UNPACKING pc=0x00007f7abd0474c4 sp=0x00007f7a96d4bd70 mode 0
Event: 32.676 Thread 0x00007f7acc1cc800 DEOPT PACKING pc=0x00007f7abd33e20b sp=0x00007f7a96b4a0f0
Event: 32.676 Thread 0x00007f7acc1cc800 DEOPT UNPACKING pc=0x00007f7abd0474c4 sp=0x00007f7a96b49e60 mode 0
Event: 32.709 Thread 0x00007f7acc1cc800 DEOPT PACKING pc=0x00007f7abd363db8 sp=0x00007f7a96b49fd0
Event: 32.709 Thread 0x00007f7acc1cc800 DEOPT UNPACKING pc=0x00007f7abd0474c4 sp=0x00007f7a96b49df0 mode 0
Event: 32.712 Thread 0x00007f7acc1cc800 DEOPT PACKING pc=0x00007f7abd679701 sp=0x00007f7a96b49ef0
Event: 32.712 Thread 0x00007f7acc1cc800 DEOPT UNPACKING pc=0x00007f7abd0474c4 sp=0x00007f7a96b49d70 mode 0
Event: 32.724 Executing VM operation: ParallelGCFailedAllocation


Dynamic libraries:
00400000-00401000 r-xp 00000000 08:01 7352713                            /home/niroop/Documents/android-studio/jre/bin/java
00401000-00402000 rw-p 00000000 08:01 7352713                            /home/niroop/Documents/android-studio/jre/bin/java
0077b000-0079c000 rw-p 00000000 00:00 0                                  [heap]
6c0000000-6dfc00000 rw-p 00000000 00:00 0 
6edc80000-76ab00000 ---p 00000000 00:00 0 
76ab00000-7aeb80000 rw-p 00000000 00:00 0 
7aeb80000-7c0000000 ---p 00000000 00:00 0 
7c0000000-7c00a0000 rw-p 00000000 00:00 0 
7c00a0000-800000000 ---p 00000000 00:00 0 
7f7a68000000-7f7a6803d000 rw-p 00000000 00:00 0 
7f7a6803d000-7f7a6c000000 ---p 00000000 00:00 0 
7f7a6c000000-7f7a6c064000 rw-p 00000000 00:00 0 
7f7a6c064000-7f7a70000000 ---p 00000000 00:00 0 
7f7a70000000-7f7a70021000 rw-p 00000000 00:00 0 
7f7a70021000-7f7a74000000 ---p 00000000 00:00 0 
7f7a74000000-7f7a74024000 rw-p 00000000 00:00 0 
7f7a74024000-7f7a78000000 ---p 00000000 00:00 0 
7f7a78000000-7f7a78021000 rw-p 00000000 00:00 0 
7f7a78021000-7f7a7c000000 ---p 00000000 00:00 0 
7f7a7c000000-7f7a7c061000 rw-p 00000000 00:00 0 
7f7a7c061000-7f7a80000000 ---p 00000000 00:00 0 
7f7a80000000-7f7a8082b000 rw-p 00000000 00:00 0 
7f7a8082b000-7f7a84000000 ---p 00000000 00:00 0 
7f7a84000000-7f7a84021000 rw-p 00000000 00:00 0 
7f7a84021000-7f7a88000000 ---p 00000000 00:00 0 
7f7a88000000-7f7a898d3000 rw-p 00000000 00:00 0 
7f7a898d3000-7f7a8c000000 ---p 00000000 00:00 0 
7f7a8c000000-7f7a8d0e8000 rw-p 00000000 00:00 0 
7f7a8d0e8000-7f7a90000000 ---p 00000000 00:00 0 
7f7a90000000-7f7a90021000 rw-p 00000000 00:00 0 
7f7a90021000-7f7a94000000 ---p 00000000 00:00 0 
7f7a96a4b000-7f7a96a4e000 ---p 00000000 00:00 0 
7f7a96a4e000-7f7a96b4c000 rw-p 00000000 00:00 0 
7f7a96b4c000-7f7a96b4f000 ---p 00000000 00:00 0 
7f7a96b4f000-7f7a96c4d000 rw-p 00000000 00:00 0 
7f7a96c4d000-7f7a96c50000 ---p 00000000 00:00 0 
7f7a96c50000-7f7a96d4e000 rw-p 00000000 00:00 0 
7f7a96d4e000-7f7a96d51000 ---p 00000000 00:00 0 
7f7a96d51000-7f7a96e4f000 rw-p 00000000 00:00 0 
7f7a96e4f000-7f7a96e52000 ---p 00000000 00:00 0 
7f7a96e52000-7f7a96f50000 rw-p 00000000 00:00 0 
7f7a96f50000-7f7a9702b000 r--s 00a77000 08:11 4064227                    /media/niroop/External HDD/AndroidStudioProjects/User App/app/build/intermediates/transforms/jarMerging/debug/jars/1/1f/combined.jar
7f7a9702b000-7f7a9702c000 ---p 00000000 00:00 0 
7f7a9702c000-7f7a9712c000 rw-p 00000000 00:00 0 
7f7a9712c000-7f7a9712f000 ---p 00000000 00:00 0 
7f7a9712f000-7f7a9722d000 rw-p 00000000 00:00 0 
7f7a9722d000-7f7a9722e000 ---p 00000000 00:00 0 
7f7a9722e000-7f7a97231000 ---p 00000000 00:00 0 
7f7a97231000-7f7a9732e000 rw-p 00000000 00:00 0 
7f7a9732e000-7f7a9732f000 ---p 00000000 00:00 0 
7f7a9732f000-7f7a97332000 ---p 00000000 00:00 0 
7f7a97332000-7f7a9742f000 rw-p 00000000 00:00 0 
7f7a9742f000-7f7a97430000 ---p 00000000 00:00 0 
7f7a97430000-7f7a97433000 ---p 00000000 00:00 0 
7f7a97433000-7f7a97530000 rw-p 00000000 00:00 0 
7f7a97530000-7f7a97533000 ---p 00000000 00:00 0 
7f7a97533000-7f7a97631000 rw-p 00000000 00:00 0 
7f7a97631000-7f7a98000000 r--p 00000000 08:01 6036074                    /usr/lib/locale/locale-archive
7f7a98000000-7f7a98021000 rw-p 00000000 00:00 0 
7f7a98021000-7f7a9c000000 ---p 00000000 00:00 0 
7f7a9c000000-7f7a9c021000 rw-p 00000000 00:00 0 
7f7a9c021000-7f7aa0000000 ---p 00000000 00:00 0 
7f7aa0000000-7f7aa0021000 rw-p 00000000 00:00 0 
7f7aa0021000-7f7aa4000000 ---p 00000000 00:00 0 
7f7aa4000000-7f7aa42c6000 rw-p 00000000 00:00 0 
7f7aa42c6000-7f7aa8000000 ---p 00000000 00:00 0 
7f7aa8000000-7f7aa8021000 rw-p 00000000 00:00 0 
7f7aa8021000-7f7aac000000 ---p 00000000 00:00 0 
7f7aac000000-7f7aac021000 rw-p 00000000 00:00 0 
7f7aac021000-7f7ab0000000 ---p 00000000 00:00 0 
7f7ab0000000-7f7ab0021000 rw-p 00000000 00:00 0 
7f7ab0021000-7f7ab4000000 ---p 00000000 00:00 0 
7f7ab40a0000-7f7ab40af000 r--s 000e4000 08:01 11851761                   /home/niroop/Android/Sdk/build-tools/26.0.0/lib/dx.jar
7f7ab40af000-7f7ab40b2000 ---p 00000000 00:00 0 
7f7ab40b2000-7f7ab41b0000 rw-p 00000000 00:00 0 
7f7ab41b0000-7f7ab41b3000 ---p 00000000 00:00 0 
7f7ab41b3000-7f7ab42b1000 rw-p 00000000 00:00 0 
7f7ab42b1000-7f7ab42b2000 ---p 00000000 00:00 0 
7f7ab42b2000-7f7abd000000 rw-p 00000000 00:00 0 
7f7abd000000-7f7abdd20000 rwxp 00000000 00:00 0 
7f7abdd20000-7f7acc000000 ---p 00000000 00:00 0 
7f7acc000000-7f7acc44a000 rw-p 00000000 00:00 0 
7f7acc44a000-7f7ad0000000 ---p 00000000 00:00 0 
7f7ad000b000-7f7ad03bf000 rw-p 00000000 00:00 0 
7f7ad03bf000-7f7ad0591000 r--s 03cad000 08:01 7352843                    /home/niroop/Documents/android-studio/jre/jre/lib/rt.jar
7f7ad0591000-7f7ad0d22000 rw-p 00000000 00:00 0 
7f7ad0d22000-7f7ad0e62000 ---p 00000000 00:00 0 
7f7ad0e62000-7f7ad1662000 rw-p 00000000 00:00 0 
7f7ad1662000-7f7ad1663000 ---p 00000000 00:00 0 
7f7ad1663000-7f7ad1763000 rw-p 00000000 00:00 0 
7f7ad1763000-7f7ad1764000 ---p 00000000 00:00 0 
7f7ad1764000-7f7ad1864000 rw-p 00000000 00:00 0 
7f7ad1864000-7f7ad1865000 ---p 00000000 00:00 0 
7f7ad1865000-7f7ad1965000 rw-p 00000000 00:00 0 
7f7ad1965000-7f7ad1966000 ---p 00000000 00:00 0 
7f7ad1966000-7f7ad1b64000 rw-p 00000000 00:00 0 
7f7ad1b64000-7f7ad1fbc000 ---p 00000000 00:00 0 
7f7ad1fbc000-7f7ad20ba000 rw-p 00000000 00:00 0 
7f7ad20ba000-7f7ad2511000 ---p 00000000 00:00 0 
7f7ad2511000-7f7ad2732000 rw-p 00000000 00:00 0 
7f7ad2732000-7f7ad27bc000 ---p 00000000 00:00 0 
7f7ad27bc000-7f7ad27f2000 rw-p 00000000 00:00 0 
7f7ad27f2000-7f7ad2b7d000 ---p 00000000 00:00 0 
7f7ad2b7d000-7f7ad2b88000 r-xp 00000000 08:01 1840165                    /lib/x86_64-linux-gnu/libnss_files-2.27.so
7f7ad2b88000-7f7ad2d87000 ---p 0000b000 08:01 1840165                    /lib/x86_64-linux-gnu/libnss_files-2.27.so
7f7ad2d87000-7f7ad2d88000 r--p 0000a000 08:01 1840165                    /lib/x86_64-linux-gnu/libnss_files-2.27.so
7f7ad2d88000-7f7ad2d89000 rw-p 0000b000 08:01 1840165                    /lib/x86_64-linux-gnu/libnss_files-2.27.so
7f7ad2d89000-7f7ad2d8f000 rw-p 00000000 00:00 0 
7f7ad2d8f000-7f7ad2da6000 r-xp 00000000 08:01 1840159                    /lib/x86_64-linux-gnu/libnsl-2.27.so
7f7ad2da6000-7f7ad2fa5000 ---p 00017000 08:01 1840159                    /lib/x86_64-linux-gnu/libnsl-2.27.so
7f7ad2fa5000-7f7ad2fa6000 r--p 00016000 08:01 1840159                    /lib/x86_64-linux-gnu/libnsl-2.27.so
7f7ad2fa6000-7f7ad2fa7000 rw-p 00017000 08:01 1840159                    /lib/x86_64-linux-gnu/libnsl-2.27.so
7f7ad2fa7000-7f7ad2fa9000 rw-p 00000000 00:00 0 
7f7ad2fa9000-7f7ad2fb4000 r-xp 00000000 08:01 1840176                    /lib/x86_64-linux-gnu/libnss_nis-2.27.so
7f7ad2fb4000-7f7ad31b3000 ---p 0000b000 08:01 1840176                    /lib/x86_64-linux-gnu/libnss_nis-2.27.so
7f7ad31b3000-7f7ad31b4000 r--p 0000a000 08:01 1840176                    /lib/x86_64-linux-gnu/libnss_nis-2.27.so
7f7ad31b4000-7f7ad31b5000 rw-p 0000b000 08:01 1840176                    /lib/x86_64-linux-gnu/libnss_nis-2.27.so
7f7ad31b5000-7f7ad31bd000 r-xp 00000000 08:01 1840161                    /lib/x86_64-linux-gnu/libnss_compat-2.27.so
7f7ad31bd000-7f7ad33bd000 ---p 00008000 08:01 1840161                    /lib/x86_64-linux-gnu/libnss_compat-2.27.so
7f7ad33bd000-7f7ad33be000 r--p 00008000 08:01 1840161                    /lib/x86_64-linux-gnu/libnss_compat-2.27.so
7f7ad33be000-7f7ad33bf000 rw-p 00009000 08:01 1840161                    /lib/x86_64-linux-gnu/libnss_compat-2.27.so
7f7ad33bf000-7f7ad33c6000 r-xp 00000000 08:01 1840216                    /lib/x86_64-linux-gnu/librt-2.27.so
7f7ad33c6000-7f7ad35c5000 ---p 00007000 08:01 1840216                    /lib/x86_64-linux-gnu/librt-2.27.so
7f7ad35c5000-7f7ad35c6000 r--p 00006000 08:01 1840216                    /lib/x86_64-linux-gnu/librt-2.27.so
7f7ad35c6000-7f7ad35c7000 rw-p 00007000 08:01 1840216                    /lib/x86_64-linux-gnu/librt-2.27.so
7f7ad35c7000-7f7ad3764000 r-xp 00000000 08:01 1840138                    /lib/x86_64-linux-gnu/libm-2.27.so
7f7ad3764000-7f7ad3963000 ---p 0019d000 08:01 1840138                    /lib/x86_64-linux-gnu/libm-2.27.so
7f7ad3963000-7f7ad3964000 r--p 0019c000 08:01 1840138                    /lib/x86_64-linux-gnu/libm-2.27.so
7f7ad3964000-7f7ad3965000 rw-p 0019d000 08:01 1840138                    /lib/x86_64-linux-gnu/libm-2.27.so
7f7ad3965000-7f7ad458b000 r-xp 00000000 08:01 7352820                    /home/niroop/Documents/android-studio/jre/jre/lib/amd64/server/libjvm.so
7f7ad458b000-7f7ad465b000 rw-p 00c26000 08:01 7352820                    /home/niroop/Documents/android-studio/jre/jre/lib/amd64/server/libjvm.so
7f7ad465b000-7f7ad469f000 rw-p 00000000 00:00 0 
7f7ad469f000-7f7ad4886000 r-xp 00000000 08:01 1840075                    /lib/x86_64-linux-gnu/libc-2.27.so
7f7ad4886000-7f7ad4a86000 ---p 001e7000 08:01 1840075                    /lib/x86_64-linux-gnu/libc-2.27.so
7f7ad4a86000-7f7ad4a8a000 r--p 001e7000 08:01 1840075                    /lib/x86_64-linux-gnu/libc-2.27.so
7f7ad4a8a000-7f7ad4a8c000 rw-p 001eb000 08:01 1840075                    /lib/x86_64-linux-gnu/libc-2.27.so
7f7ad4a8c000-7f7ad4a90000 rw-p 00000000 00:00 0 
7f7ad4a90000-7f7ad4a93000 r-xp 00000000 08:01 1840098                    /lib/x86_64-linux-gnu/libdl-2.27.so
7f7ad4a93000-7f7ad4c92000 ---p 00003000 08:01 1840098                    /lib/x86_64-linux-gnu/libdl-2.27.so
7f7ad4c92000-7f7ad4c93000 r--p 00002000 08:01 1840098                    /lib/x86_64-linux-gnu/libdl-2.27.so
7f7ad4c93000-7f7ad4c94000 rw-p 00003000 08:01 1840098                    /lib/x86_64-linux-gnu/libdl-2.27.so
7f7ad4c94000-7f7ad4cae000 r-xp 00000000 08:01 1840208                    /lib/x86_64-linux-gnu/libpthread-2.27.so
7f7ad4cae000-7f7ad4ead000 ---p 0001a000 08:01 1840208                    /lib/x86_64-linux-gnu/libpthread-2.27.so
7f7ad4ead000-7f7ad4eae000 r--p 00019000 08:01 1840208                    /lib/x86_64-linux-gnu/libpthread-2.27.so
7f7ad4eae000-7f7ad4eaf000 rw-p 0001a000 08:01 1840208                    /lib/x86_64-linux-gnu/libpthread-2.27.so
7f7ad4eaf000-7f7ad4eb3000 rw-p 00000000 00:00 0 
7f7ad4eb3000-7f7ad4eda000 r-xp 00000000 08:01 1840047                    /lib/x86_64-linux-gnu/ld-2.27.so
7f7ad4ee1000-7f7ad4f59000 rw-p 00000000 00:00 0 
7f7ad4f59000-7f7ad4f74000 r-xp 00000000 08:01 7352802                    /home/niroop/Documents/android-studio/jre/jre/lib/amd64/libzip.so
7f7ad4f74000-7f7ad4f75000 rw-p 0001a000 08:01 7352802                    /home/niroop/Documents/android-studio/jre/jre/lib/amd64/libzip.so
7f7ad4f75000-7f7ad4f9f000 r-xp 00000000 08:01 7352810                    /home/niroop/Documents/android-studio/jre/jre/lib/amd64/libjava.so
7f7ad4f9f000-7f7ad4fa1000 rw-p 0002a000 08:01 7352810                    /home/niroop/Documents/android-studio/jre/jre/lib/amd64/libjava.so
7f7ad4fa1000-7f7ad4fa2000 ---p 00000000 00:00 0 
7f7ad4fa2000-7f7ad4fa5000 ---p 00000000 00:00 0 
7f7ad4fa5000-7f7ad50a4000 rw-p 00000000 00:00 0 
7f7ad50a4000-7f7ad50ba000 r-xp 00000000 08:01 7352701                    /home/niroop/Documents/android-studio/jre/lib/amd64/jli/libjli.so
7f7ad50ba000-7f7ad50bb000 rw-p 00015000 08:01 7352701                    /home/niroop/Documents/android-studio/jre/lib/amd64/jli/libjli.so
7f7ad50bb000-7f7ad50bd000 rw-p 00000000 00:00 0 
7f7ad50c1000-7f7ad50c9000 rw-s 00000000 08:01 12591495                   /tmp/hsperfdata_niroop/16549
7f7ad50c9000-7f7ad50ca000 rw-p 00000000 00:00 0 
7f7ad50ca000-7f7ad50cb000 ---p 00000000 00:00 0 
7f7ad50cb000-7f7ad50d8000 r-xp 00000000 08:01 7352798                    /home/niroop/Documents/android-studio/jre/jre/lib/amd64/libverify.so
7f7ad50d8000-7f7ad50da000 rw-p 0000c000 08:01 7352798                    /home/niroop/Documents/android-studio/jre/jre/lib/amd64/libverify.so
7f7ad50da000-7f7ad50db000 r--p 00027000 08:01 1840047                    /lib/x86_64-linux-gnu/ld-2.27.so
7f7ad50db000-7f7ad50dc000 rw-p 00028000 08:01 1840047                    /lib/x86_64-linux-gnu/ld-2.27.so
7f7ad50dc000-7f7ad50dd000 rw-p 00000000 00:00 0 
7fffbcf5c000-7fffbcf7d000 rw-p 00000000 00:00 0                          [stack]
7fffbcfcf000-7fffbcfd2000 r--p 00000000 00:00 0                          [vvar]
7fffbcfd2000-7fffbcfd3000 r-xp 00000000 00:00 0                          [vdso]
ffffffffff600000-ffffffffff601000 r-xp 00000000 00:00 0                  [vsyscall]

VM Arguments:
jvm_args: -Djava.awt.headless=true -Xmx4g -Dfile.encoding=UTF-8 -Duser.country=IN -Duser.language=en -Duser.variant 
java_command: com.android.dx.command.Main --dex --num-threads=4 --multi-dex --main-dex-list /media/niroop/External HDD/AndroidStudioProjects/User App/app/build/intermediates/multi-dex/debug/maindexlist.txt --output /media/niroop/External HDD/AndroidStudioProjects/User App/app/build/intermediates/transforms/dex/debug/folders/1000/1f/main /media/niroop/External HDD/AndroidStudioProjects/User App/app/build/intermediates/transforms/jarMerging/debug/jars/1/1f/combined.jar
java_class_path (initial): /home/niroop/Android/Sdk/build-tools/26.0.0/lib/dx.jar
Launcher Type: SUN_STANDARD

Environment Variables:
PATH=/usr/local/sbin:/usr/local/bin:/usr/sbin:/usr/bin:/sbin:/bin:/usr/games:/usr/local/games:/snap/bin:/usr/lib/dart/bin
USERNAME=niroop
SHELL=/bin/bash
DISPLAY=:0

Signal Handlers:
SIGSEGV: [libjvm.so+0xa09650], sa_mask[0]=11111111011111111101111111111110, sa_flags=SA_RESTART|SA_SIGINFO
SIGBUS: [libjvm.so+0xa09650], sa_mask[0]=11111111011111111101111111111110, sa_flags=SA_RESTART|SA_SIGINFO
SIGFPE: [libjvm.so+0x86bc60], sa_mask[0]=11111111011111111101111111111110, sa_flags=SA_RESTART|SA_SIGINFO
SIGPIPE: [libjvm.so+0x86bc60], sa_mask[0]=11111111011111111101111111111110, sa_flags=SA_RESTART|SA_SIGINFO
SIGXFSZ: [libjvm.so+0x86bc60], sa_mask[0]=11111111011111111101111111111110, sa_flags=SA_RESTART|SA_SIGINFO
SIGILL: [libjvm.so+0x86bc60], sa_mask[0]=11111111011111111101111111111110, sa_flags=SA_RESTART|SA_SIGINFO
SIGUSR1: SIG_DFL, sa_mask[0]=00000000000000000000000000000000, sa_flags=none
SIGUSR2: [libjvm.so+0x86bb30], sa_mask[0]=00100000000000000000000000000000, sa_flags=SA_RESTART|SA_SIGINFO
SIGHUP: SIG_IGN, sa_mask[0]=00000000000000000000000000000000, sa_flags=none
SIGINT: [libjvm.so+0x86bd20], sa_mask[0]=11111111011111111101111111111110, sa_flags=SA_RESTART|SA_SIGINFO
SIGTERM: [libjvm.so+0x86bd20], sa_mask[0]=11111111011111111101111111111110, sa_flags=SA_RESTART|SA_SIGINFO
SIGQUIT: [libjvm.so+0x86bd20], sa_mask[0]=11111111011111111101111111111110, sa_flags=SA_RESTART|SA_SIGINFO


---------------  S Y S T E M  ---------------

OS:DISTRIB_ID=Ubuntu
DISTRIB_RELEASE=18.04
DISTRIB_CODENAME=bionic
DISTRIB_DESCRIPTION="Ubuntu 18.04.3 LTS"

uname:Linux 5.0.0-37-generic #40~18.04.1-Ubuntu SMP Thu Nov 14 12:06:39 UTC 2019 x86_64
libc:glibc 2.27 NPTL 2.27 
rlimit: STACK 8192k, CORE 0k, NPROC 23162, NOFILE 1048576, AS infinity
load average:7.60 7.25 5.52

/proc/meminfo:
MemTotal:        5979864 kB
MemFree:          129356 kB
MemAvailable:      66012 kB
Buffers:            3204 kB
Cached:           247572 kB
SwapCached:        64656 kB
Active:          4725120 kB
Inactive:         704196 kB
Active(anon):    4698212 kB
Inactive(anon):   671012 kB
Active(file):      26908 kB
Inactive(file):    33184 kB
Unevictable:        1764 kB
Mlocked:              48 kB
SwapTotal:       2097148 kB
SwapFree:          18424 kB
Dirty:               544 kB
Writeback:             0 kB
AnonPages:       5116376 kB
Mapped:            83144 kB
Shmem:            190540 kB
KReclaimable:      75008 kB
Slab:             156288 kB
SReclaimable:      75008 kB
SUnreclaim:        81280 kB
KernelStack:       21904 kB
PageTables:       114696 kB
NFS_Unstable:          0 kB
Bounce:                0 kB
WritebackTmp:          0 kB
CommitLimit:     5087080 kB
Committed_AS:   19755424 kB
VmallocTotal:   34359738367 kB
VmallocUsed:           0 kB
VmallocChunk:          0 kB
Percpu:             2528 kB
HardwareCorrupted:     0 kB
AnonHugePages:         0 kB
ShmemHugePages:        0 kB
ShmemPmdMapped:        0 kB
CmaTotal:              0 kB
CmaFree:               0 kB
HugePages_Total:       0
HugePages_Free:        0
HugePages_Rsvd:        0
HugePages_Surp:        0
Hugepagesize:       2048 kB
Hugetlb:               0 kB
DirectMap4k:      340248 kB
DirectMap2M:     5830656 kB

container (cgroup) information:
container_type: cgroupv1
cpu_cpuset_cpus: 0-3
cpu_memory_nodes: 0
active_processor_count: 4
cpu_quota: -1
cpu_period: 100000
cpu_shares: -1
memory_limit_in_bytes: -1
memory_and_swap_limit_in_bytes: -2
memory_soft_limit_in_bytes: -1
memory_usage_in_bytes: 5561655296
memory_max_usage_in_bytes: 184070144


CPU:total 4 (initial active 4) (2 cores per cpu, 2 threads per core) family 6 model 58 stepping 9, cmov, cx8, fxsr, mmx, sse, sse2, sse3, ssse3, sse4.1, sse4.2, popcnt, avx, aes, clmul, erms, ht, tsc, tscinvbit, tscinv

/proc/cpuinfo:
processor	: 0
vendor_id	: GenuineIntel
cpu family	: 6
model		: 58
model name	: Intel(R) Core(TM) i5-3337U CPU @ 1.80GHz
stepping	: 9
microcode	: 0x21
cpu MHz		: 1026.717
cache size	: 3072 KB
physical id	: 0
siblings	: 4
core id		: 0
cpu cores	: 2
apicid		: 0
initial apicid	: 0
fpu		: yes
fpu_exception	: yes
cpuid level	: 13
wp		: yes
flags		: fpu vme de pse tsc msr pae mce cx8 apic sep mtrr pge mca cmov pat pse36 clflush dts acpi mmx fxsr sse sse2 ss ht tm pbe syscall nx rdtscp lm constant_tsc arch_perfmon pebs bts rep_good nopl xtopology nonstop_tsc cpuid aperfmperf pni pclmulqdq dtes64 monitor ds_cpl vmx est tm2 ssse3 cx16 xtpr pdcm pcid sse4_1 sse4_2 x2apic popcnt tsc_deadline_timer aes xsave avx f16c rdrand lahf_lm cpuid_fault epb pti ssbd ibrs ibpb stibp tpr_shadow vnmi flexpriority ept vpid fsgsbase smep erms xsaveopt dtherm ida arat pln pts md_clear flush_l1d
bugs		: cpu_meltdown spectre_v1 spectre_v2 spec_store_bypass l1tf mds swapgs itlb_multihit
bogomips	: 3591.92
clflush size	: 64
cache_alignment	: 64
address sizes	: 36 bits physical, 48 bits virtual
power management:

processor	: 1
vendor_id	: GenuineIntel
cpu family	: 6
model		: 58
model name	: Intel(R) Core(TM) i5-3337U CPU @ 1.80GHz
stepping	: 9
microcode	: 0x21
cpu MHz		: 1136.666
cache size	: 3072 KB
physical id	: 0
siblings	: 4
core id		: 0
cpu cores	: 2
apicid		: 1
initial apicid	: 1
fpu		: yes
fpu_exception	: yes
cpuid level	: 13
wp		: yes
flags		: fpu vme de pse tsc msr pae mce cx8 apic sep mtrr pge mca cmov pat pse36 clflush dts acpi mmx fxsr sse sse2 ss ht tm pbe syscall nx rdtscp lm constant_tsc arch_perfmon pebs bts rep_good nopl xtopology nonstop_tsc cpuid aperfmperf pni pclmulqdq dtes64 monitor ds_cpl vmx est tm2 ssse3 cx16 xtpr pdcm pcid sse4_1 sse4_2 x2apic popcnt tsc_deadline_timer aes xsave avx f16c rdrand lahf_lm cpuid_fault epb pti ssbd ibrs ibpb stibp tpr_shadow vnmi flexpriority ept vpid fsgsbase smep erms xsaveopt dtherm ida arat pln pts md_clear flush_l1d
bugs		: cpu_meltdown spectre_v1 spectre_v2 spec_store_bypass l1tf mds swapgs itlb_multihit
bogomips	: 3591.92
clflush size	: 64
cache_alignment	: 64
address sizes	: 36 bits physical, 48 bits virtual
power management:

processor	: 2
vendor_id	: GenuineIntel
cpu family	: 6
model		: 58
model name	: Intel(R) Core(TM) i5-3337U CPU @ 1.80GHz
stepping	: 9
microcode	: 0x21
cpu MHz		: 1221.411
cache size	: 3072 KB
physical id	: 0
siblings	: 4
core id		: 1
cpu cores	: 2
apicid		: 2
initial apicid	: 2
fpu		: yes
fpu_exception	: yes
cpuid level	: 13
wp		: yes
flags		: fpu vme de pse tsc msr pae mce cx8 apic sep mtrr pge mca cmov pat pse36 clflush dts acpi mmx fxsr sse sse2 ss ht tm pbe syscall nx rdtscp lm constant_tsc arch_perfmon pebs bts rep_good nopl xtopology nonstop_tsc cpuid aperfmperf pni pclmulqdq dtes64 monitor ds_cpl vmx est tm2 ssse3 cx16 xtpr pdcm pcid sse4_1 sse4_2 x2apic popcnt tsc_deadline_timer aes xsave avx f16c rdrand lahf_lm cpuid_fault epb pti ssbd ibrs ibpb stibp tpr_shadow vnmi flexpriority ept vpid fsgsbase smep erms xsaveopt dtherm ida arat pln pts md_clear flush_l1d
bugs		: cpu_meltdown spectre_v1 spectre_v2 spec_store_bypass l1tf mds swapgs itlb_multihit
bogomips	: 3591.92
clflush size	: 64
cache_alignment	: 64
address sizes	: 36 bits physical, 48 bits virtual
power management:

processor	: 3
vendor_id	: GenuineIntel
cpu family	: 6
model		: 58
model name	: Intel(R) Core(TM) i5-3337U CPU @ 1.80GHz
stepping	: 9
microcode	: 0x21
cpu MHz		: 1246.842
cache size	: 3072 KB
physical id	: 0
siblings	: 4
core id		: 1
cpu cores	: 2
apicid		: 3
initial apicid	: 3
fpu		: yes
fpu_exception	: yes
cpuid level	: 13
wp		: yes
flags		: fpu vme de pse tsc msr pae mce cx8 apic sep mtrr pge mca cmov pat pse36 clflush dts acpi mmx fxsr sse sse2 ss ht tm pbe syscall nx rdtscp lm constant_tsc arch_perfmon pebs bts rep_good nopl xtopology nonstop_tsc cpuid aperfmperf pni pclmulqdq dtes64 monitor ds_cpl vmx est tm2 ssse3 cx16 xtpr pdcm pcid sse4_1 sse4_2 x2apic popcnt tsc_deadline_timer aes xsave avx f16c rdrand lahf_lm cpuid_fault epb pti ssbd ibrs ibpb stibp tpr_shadow vnmi flexpriority ept vpid fsgsbase smep erms xsaveopt dtherm ida arat pln pts md_clear flush_l1d
bugs		: cpu_meltdown spectre_v1 spectre_v2 spec_store_bypass l1tf mds swapgs itlb_multihit
bogomips	: 3591.92
clflush size	: 64
cache_alignment	: 64
address sizes	: 36 bits physical, 48 bits virtual
power management:



Memory: 4k page, physical 5979864k(129292k free), swap 2097148k(18424k free)

vm_info: OpenJDK 64-Bit Server VM (25.202-b49-5587405) for linux-amd64 JRE (1.8.0_202-release-1483-b49-5587405), built by "android-build" with gcc 4.8

time: Wed Feb 26 19:06:02 2020
timezone: IST
elapsed time: 37 seconds (0d 0h 0m 37s)

