#
# There is insufficient memory for the Java Runtime Environment to continue.
# Native memory allocation (mmap) failed to map 217055232 bytes for committing reserved memory.
# Possible reasons:
#   The system is out of physical RAM or swap space
#   The process is running with CompressedOops enabled, and the Java Heap may be blocking the growth of the native heap
# Possible solutions:
#   Reduce memory load on the system
#   Increase physical memory or swap space
#   Check if swap backing store is full
#   Decrease Java heap size (-Xmx/-Xms)
#   Decrease number of Java threads
#   Decrease Java thread stack sizes (-Xss)
#   Set larger code cache with -XX:ReservedCodeCacheSize=
#   JVM is running with Zero Based Compressed Oops mode in which the Java heap is
#     placed in the first 32GB address space. The Java Heap base address is the
#     maximum limit for the native heap growth. Please use -XX:HeapBaseMinAddress
#     to set the Java Heap base and to place the Java Heap above 32GB virtual address.
# This output file may be truncated or incomplete.
#
#  Out of Memory Error (os_linux.cpp:2753), pid=21585, tid=0x00007fab77470700
#
# JRE version: OpenJDK Runtime Environment (8.0_202) (build 1.8.0_202-release-1483-b49-5587405)
# Java VM: OpenJDK 64-Bit Server VM (25.202-b49-5587405 mixed mode linux-amd64 compressed oops)
# Failed to write core dump. Core dumps have been disabled. To enable core dumping, try "ulimit -c unlimited" before starting Java again
#

---------------  T H R E A D  ---------------

Current thread (0x00007fab8c079800):  VMThread [stack: 0x00007fab77371000,0x00007fab77471000] [id=21595]

Stack: [0x00007fab77371000,0x00007fab77471000],  sp=0x00007fab7746f510,  free space=1017k
Native frames: (J=compiled Java code, j=interpreted, Vv=VM code, C=native code)
V  [libjvm.so+0xa08b78]  VMError::report_and_die()+0x148
V  [libjvm.so+0x4d412a]  report_vm_out_of_memory(char const*, int, unsigned long, VMErrorType, char const*)+0x8a
V  [libjvm.so+0x870478]  os::pd_commit_memory(char*, unsigned long, unsigned long, bool)+0xd8
V  [libjvm.so+0x867f9f]  os::commit_memory(char*, unsigned long, unsigned long, bool)+0x1f
V  [libjvm.so+0x8e14eb]  PSVirtualSpace::expand_by(unsigned long)+0x5b
V  [libjvm.so+0x8e2140]  PSYoungGen::resize_generation(unsigned long, unsigned long)+0xb0
V  [libjvm.so+0x8e245b]  PSYoungGen::resize(unsigned long, unsigned long)+0x1b
V  [libjvm.so+0x8deb8e]  PSScavenge::invoke_no_policy()+0xdce
V  [libjvm.so+0x8df348]  PSScavenge::invoke()+0x38
V  [libjvm.so+0x893763]  ParallelScavengeHeap::failed_mem_allocate(unsigned long)+0x63
V  [libjvm.so+0xa0a644]  VM_ParallelGCFailedAllocation::doit()+0x84
V  [libjvm.so+0xa0ea17]  VM_Operation::evaluate()+0x47
V  [libjvm.so+0xa0d498]  VMThread::evaluate_operation(VM_Operation*)+0x218
V  [libjvm.so+0xa0d8d1]  VMThread::loop()+0x1f1
V  [libjvm.so+0xa0dd02]  VMThread::run()+0x72
V  [libjvm.so+0x86d652]  java_start(Thread*)+0xf2

VM_Operation (0x00007fab9415a690): ParallelGCFailedAllocation, mode: safepoint, requested by thread 0x00007fab8c00b800


---------------  P R O C E S S  ---------------

Java Threads: ( => current thread )
  0x00007fab8c1c4000 JavaThread "pool-2-thread-4" [_thread_blocked, id=21609, stack(0x00007fab75baa000,0x00007fab75cab000)]
  0x00007fab8c1c2800 JavaThread "pool-2-thread-3" [_thread_blocked, id=21608, stack(0x00007fab75cab000,0x00007fab75dac000)]
  0x00007fab8c1c0800 JavaThread "pool-2-thread-2" [_thread_blocked, id=21607, stack(0x00007fab75dac000,0x00007fab75ead000)]
  0x00007fab8c1bf000 JavaThread "pool-3-thread-1" [_thread_blocked, id=21606, stack(0x00007fab75ead000,0x00007fab75fae000)]
  0x00007fab8c1bd800 JavaThread "pool-2-thread-1" [_thread_blocked, id=21605, stack(0x00007fab75fae000,0x00007fab760af000)]
  0x00007fab8c0c9800 JavaThread "Service Thread" daemon [_thread_blocked, id=21602, stack(0x00007fab7629a000,0x00007fab7639b000)]
  0x00007fab8c0be800 JavaThread "C1 CompilerThread2" daemon [_thread_blocked, id=21601, stack(0x00007fab7639c000,0x00007fab7649c000)]
  0x00007fab8c0bc800 JavaThread "C2 CompilerThread1" daemon [_thread_blocked, id=21600, stack(0x00007fab7649d000,0x00007fab7659d000)]
  0x00007fab8c0ba000 JavaThread "C2 CompilerThread0" daemon [_thread_blocked, id=21599, stack(0x00007fab7659e000,0x00007fab7669e000)]
  0x00007fab8c0b5800 JavaThread "Signal Dispatcher" daemon [_thread_blocked, id=21598, stack(0x00007fab7669e000,0x00007fab7679f000)]
  0x00007fab8c085800 JavaThread "Finalizer" daemon [_thread_blocked, id=21597, stack(0x00007fab7716e000,0x00007fab7726f000)]
  0x00007fab8c083000 JavaThread "Reference Handler" daemon [_thread_blocked, id=21596, stack(0x00007fab7726f000,0x00007fab77370000)]
  0x00007fab8c00b800 JavaThread "main" [_thread_blocked, id=21590, stack(0x00007fab9405d000,0x00007fab9415d000)]

Other Threads:
=>0x00007fab8c079800 VMThread [stack: 0x00007fab77371000,0x00007fab77471000] [id=21595]
  0x00007fab8c0cc000 WatcherThread [stack: 0x00007fab7619a000,0x00007fab7629a000] [id=21603]

VM state:at safepoint (normal execution)

VM Mutex/Monitor currently owned by a thread:  ([mutex/lock_event])
[0x00007fab8c0082e0] Threads_lock - owner thread: 0x00007fab8c079800
[0x00007fab8c0087e0] Heap_lock - owner thread: 0x00007fab8c00b800

heap address: 0x00000006c0000000, size: 4096 MB, Compressed Oops mode: Zero based, Oop shift amount: 3
Narrow klass base: 0x0000000000000000, Narrow klass shift: 3
Compressed class space size: 1073741824 Address: 0x00000007c0000000

Heap:
 PSYoungGen      total 521728K, used 76268K [0x000000076ab00000, 0x000000078fa00000, 0x00000007c0000000)
  eden space 445440K, 0% used [0x000000076ab00000,0x000000076ab00000,0x0000000785e00000)
  from space 76288K, 99% used [0x0000000785e00000,0x000000078a87b078,0x000000078a880000)
  to   space 71168K, 0% used [0x000000078a880000,0x000000078a880000,0x000000078ee00000)
 ParOldGen       total 327168K, used 250661K [0x00000006c0000000, 0x00000006d3f80000, 0x000000076ab00000)
  object space 327168K, 76% used [0x00000006c0000000,0x00000006cf4c9740,0x00000006d3f80000)
 Metaspace       used 6457K, capacity 7344K, committed 7552K, reserved 1056768K
  class space    used 585K, capacity 616K, committed 640K, reserved 1048576K

Card table byte_map: [0x00007fab91077000,0x00007fab91878000] byte_map_base: 0x00007fab8da77000

Marking Bits: (ParMarkBitMap*) 0x00007fab9372b920
 Begin Bits: [0x00007fab58000000, 0x00007fab5c000000)
 End Bits:   [0x00007fab5c000000, 0x00007fab60000000)

Polling page: 0x00007fab94185000

CodeCache: size=245760Kb used=11537Kb max_used=11537Kb free=234222Kb
 bounds [0x00007fab7d000000, 0x00007fab7db60000, 0x00007fab8c000000]
 total_blobs=2749 nmethods=2483 adapters=180
 compilation: enabled

Compilation events (10 events):
Event: 22.487 Thread 0x00007fab8c0be800 2705       2       com.android.dx.ssa.InterferenceRegisterMapper::interferes (78 bytes)
Event: 22.496 Thread 0x00007fab8c0be800 nmethod 2705 0x00007fab7db0f010 code [0x00007fab7db0f1c0, 0x00007fab7db0f588]
Event: 22.499 Thread 0x00007fab8c0be800 2708       2       com.android.dx.ssa.Dominators::make (17 bytes)
Event: 22.500 Thread 0x00007fab8c0be800 nmethod 2708 0x00007fab7daceb10 code [0x00007fab7dacec80, 0x00007fab7dacee58]
Event: 22.501 Thread 0x00007fab8c0be800 2710       2       com.android.dx.util.ListIntSet::<init> (23 bytes)
Event: 22.502 Thread 0x00007fab8c0be800 nmethod 2710 0x00007fab7db0e890 code [0x00007fab7db0ea40, 0x00007fab7db0edb8]
Event: 22.513 Thread 0x00007fab8c0be800 2712       2       com.android.dx.util.ListIntSet::iterator (9 bytes)
Event: 22.513 Thread 0x00007fab8c0be800 nmethod 2712 0x00007fab7dacf490 code [0x00007fab7dacf600, 0x00007fab7dacf7b0]
Event: 22.513 Thread 0x00007fab8c0be800 2713       2       com.android.dx.util.ListIntSet$1::hasNext (23 bytes)
Event: 22.513 Thread 0x00007fab8c0be800 nmethod 2713 0x00007fab7da85190 code [0x00007fab7da85300, 0x00007fab7da85470]

GC Heap History (10 events):
Event: 10.859 GC heap after
Heap after GC invocations=13 (full 2):
 PSYoungGen      total 326656K, used 19342K [0x000000076ab00000, 0x0000000788580000, 0x00000007c0000000)
  eden space 278016K, 0% used [0x000000076ab00000,0x000000076ab00000,0x000000077ba80000)
  from space 48640K, 39% used [0x000000077ba80000,0x000000077cd63a50,0x000000077ea00000)
  to   space 55808K, 0% used [0x0000000784f00000,0x0000000784f00000,0x0000000788580000)
 ParOldGen       total 199168K, used 114867K [0x00000006c0000000, 0x00000006cc280000, 0x000000076ab00000)
  object space 199168K, 57% used [0x00000006c0000000,0x00000006c702cc20,0x00000006cc280000)
 Metaspace       used 6405K, capacity 7280K, committed 7552K, reserved 1056768K
  class space    used 583K, capacity 616K, committed 640K, reserved 1048576K
}
Event: 11.616 GC heap before
{Heap before GC invocations=14 (full 2):
 PSYoungGen      total 326656K, used 297358K [0x000000076ab00000, 0x0000000788580000, 0x00000007c0000000)
  eden space 278016K, 100% used [0x000000076ab00000,0x000000077ba80000,0x000000077ba80000)
  from space 48640K, 39% used [0x000000077ba80000,0x000000077cd63a50,0x000000077ea00000)
  to   space 55808K, 0% used [0x0000000784f00000,0x0000000784f00000,0x0000000788580000)
 ParOldGen       total 199168K, used 114867K [0x00000006c0000000, 0x00000006cc280000, 0x000000076ab00000)
  object space 199168K, 57% used [0x00000006c0000000,0x00000006c702cc20,0x00000006cc280000)
 Metaspace       used 6423K, capacity 7280K, committed 7552K, reserved 1056768K
  class space    used 583K, capacity 616K, committed 640K, reserved 1048576K
Event: 12.242 GC heap after
Heap after GC invocations=14 (full 2):
 PSYoungGen      total 368640K, used 27941K [0x000000076ab00000, 0x0000000786a80000, 0x00000007c0000000)
  eden space 340480K, 0% used [0x000000076ab00000,0x000000076ab00000,0x000000077f780000)
  from space 28160K, 99% used [0x0000000784f00000,0x0000000786a495c0,0x0000000786a80000)
  to   space 54784K, 0% used [0x000000077ff80000,0x000000077ff80000,0x0000000783500000)
 ParOldGen       total 199168K, used 132926K [0x00000006c0000000, 0x00000006cc280000, 0x000000076ab00000)
  object space 199168K, 66% used [0x00000006c0000000,0x00000006c81cfbe0,0x00000006cc280000)
 Metaspace       used 6423K, capacity 7280K, committed 7552K, reserved 1056768K
  class space    used 583K, capacity 616K, committed 640K, reserved 1048576K
}
Event: 13.372 GC heap before
{Heap before GC invocations=15 (full 2):
 PSYoungGen      total 368640K, used 368421K [0x000000076ab00000, 0x0000000786a80000, 0x00000007c0000000)
  eden space 340480K, 100% used [0x000000076ab00000,0x000000077f780000,0x000000077f780000)
  from space 28160K, 99% used [0x0000000784f00000,0x0000000786a495c0,0x0000000786a80000)
  to   space 54784K, 0% used [0x000000077ff80000,0x000000077ff80000,0x0000000783500000)
 ParOldGen       total 199168K, used 132926K [0x00000006c0000000, 0x00000006cc280000, 0x000000076ab00000)
  object space 199168K, 66% used [0x00000006c0000000,0x00000006c81cfbe0,0x00000006cc280000)
 Metaspace       used 6433K, capacity 7280K, committed 7552K, reserved 1056768K
  class space    used 583K, capacity 616K, committed 640K, reserved 1048576K
Event: 17.322 GC heap after
Heap after GC invocations=15 (full 2):
 PSYoungGen      total 403456K, used 54768K [0x000000076ab00000, 0x000000078ee00000, 0x00000007c0000000)
  eden space 348672K, 0% used [0x000000076ab00000,0x000000076ab00000,0x000000077ff80000)
  from space 54784K, 99% used [0x000000077ff80000,0x00000007834fc1a0,0x0000000783500000)
  to   space 71168K, 0% used [0x000000078a880000,0x000000078a880000,0x000000078ee00000)
 ParOldGen       total 199168K, used 151595K [0x00000006c0000000, 0x00000006cc280000, 0x000000076ab00000)
  object space 199168K, 76% used [0x00000006c0000000,0x00000006c940af68,0x00000006cc280000)
 Metaspace       used 6433K, capacity 7280K, committed 7552K, reserved 1056768K
  class space    used 583K, capacity 616K, committed 640K, reserved 1048576K
}
Event: 18.888 GC heap before
{Heap before GC invocations=16 (full 2):
 PSYoungGen      total 403456K, used 403440K [0x000000076ab00000, 0x000000078ee00000, 0x00000007c0000000)
  eden space 348672K, 100% used [0x000000076ab00000,0x000000077ff80000,0x000000077ff80000)
  from space 54784K, 99% used [0x000000077ff80000,0x00000007834fc1a0,0x0000000783500000)
  to   space 71168K, 0% used [0x000000078a880000,0x000000078a880000,0x000000078ee00000)
 ParOldGen       total 199168K, used 151595K [0x00000006c0000000, 0x00000006cc280000, 0x000000076ab00000)
  object space 199168K, 76% used [0x00000006c0000000,0x00000006c940af68,0x00000006cc280000)
 Metaspace       used 6442K, capacity 7344K, committed 7552K, reserved 1056768K
  class space    used 583K, capacity 616K, committed 640K, reserved 1048576K
Event: 19.117 GC heap after
Heap after GC invocations=16 (full 2):
 PSYoungGen      total 516608K, used 52814K [0x000000076ab00000, 0x000000078fa00000, 0x00000007c0000000)
  eden space 445440K, 0% used [0x000000076ab00000,0x000000076ab00000,0x0000000785e00000)
  from space 71168K, 74% used [0x000000078a880000,0x000000078dc13900,0x000000078ee00000)
  to   space 76288K, 0% used [0x0000000785e00000,0x0000000785e00000,0x000000078a880000)
 ParOldGen       total 207872K, used 206389K [0x00000006c0000000, 0x00000006ccb00000, 0x000000076ab00000)
  object space 207872K, 99% used [0x00000006c0000000,0x00000006cc98d6e8,0x00000006ccb00000)
 Metaspace       used 6442K, capacity 7344K, committed 7552K, reserved 1056768K
  class space    used 583K, capacity 616K, committed 640K, reserved 1048576K
}
Event: 19.135 GC heap before
{Heap before GC invocations=17 (full 3):
 PSYoungGen      total 516608K, used 52814K [0x000000076ab00000, 0x000000078fa00000, 0x00000007c0000000)
  eden space 445440K, 0% used [0x000000076ab00000,0x000000076ab00000,0x0000000785e00000)
  from space 71168K, 74% used [0x000000078a880000,0x000000078dc13900,0x000000078ee00000)
  to   space 76288K, 0% used [0x0000000785e00000,0x0000000785e00000,0x000000078a880000)
 ParOldGen       total 207872K, used 206389K [0x00000006c0000000, 0x00000006ccb00000, 0x000000076ab00000)
  object space 207872K, 99% used [0x00000006c0000000,0x00000006cc98d6e8,0x00000006ccb00000)
 Metaspace       used 6442K, capacity 7344K, committed 7552K, reserved 1056768K
  class space    used 583K, capacity 616K, committed 640K, reserved 1048576K
Event: 20.842 GC heap after
Heap after GC invocations=17 (full 3):
 PSYoungGen      total 516608K, used 43829K [0x000000076ab00000, 0x000000078fa00000, 0x00000007c0000000)
  eden space 445440K, 0% used [0x000000076ab00000,0x000000076ab00000,0x0000000785e00000)
  from space 71168K, 61% used [0x000000078a880000,0x000000078d34d720,0x000000078ee00000)
  to   space 76288K, 0% used [0x0000000785e00000,0x0000000785e00000,0x000000078a880000)
 ParOldGen       total 327168K, used 207572K [0x00000006c0000000, 0x00000006d3f80000, 0x000000076ab00000)
  object space 327168K, 63% used [0x00000006c0000000,0x00000006ccab5038,0x00000006d3f80000)
 Metaspace       used 6442K, capacity 7344K, committed 7552K, reserved 1056768K
  class space    used 583K, capacity 616K, committed 640K, reserved 1048576K
}
Event: 22.677 GC heap before
{Heap before GC invocations=18 (full 3):
 PSYoungGen      total 516608K, used 489269K [0x000000076ab00000, 0x000000078fa00000, 0x00000007c0000000)
  eden space 445440K, 100% used [0x000000076ab00000,0x0000000785e00000,0x0000000785e00000)
  from space 71168K, 61% used [0x000000078a880000,0x000000078d34d720,0x000000078ee00000)
  to   space 76288K, 0% used [0x0000000785e00000,0x0000000785e00000,0x000000078a880000)
 ParOldGen       total 327168K, used 207572K [0x00000006c0000000, 0x00000006d3f80000, 0x000000076ab00000)
  object space 327168K, 63% used [0x00000006c0000000,0x00000006ccab5038,0x00000006d3f80000)
 Metaspace       used 6457K, capacity 7344K, committed 7552K, reserved 1056768K
  class space    used 585K, capacity 616K, committed 640K, reserved 1048576K

Deoptimization events (10 events):
Event: 18.481 Thread 0x00007fab8c1c0800 Uncommon trap: reason=unstable_if action=reinterpret pc=0x00007fab7d473760 method=com.android.dx.ssa.SsaMethod.getExitBlock()Lcom/android/dx/ssa/SsaBasicBlock; @ 4
Event: 18.481 Thread 0x00007fab8c1c0800 Uncommon trap: reason=unstable_if action=reinterpret pc=0x00007fab7d9eeae4 method=com.android.dx.ssa.SsaMethod.getExitBlock()Lcom/android/dx/ssa/SsaBasicBlock; @ 4
Event: 18.514 Thread 0x00007fab8c1c2800 Uncommon trap: reason=unstable_if action=reinterpret pc=0x00007fab7da9fff4 method=com.android.dx.cf.code.ByteCatchList.toRopCatchList()Lcom/android/dx/rop/type/TypeList; @ 6
Event: 21.099 Thread 0x00007fab8c1c0800 Uncommon trap: reason=unstable_if action=reinterpret pc=0x00007fab7da91068 method=com.android.dx.ssa.SsaMethod.blockIndexToRopLabel(I)I @ 1
Event: 21.311 Thread 0x00007fab8c1c2800 Uncommon trap: reason=class_check action=maybe_recompile pc=0x00007fab7dacba24 method=com.android.dx.ssa.SCCP.replaceConstants()V @ 182
Event: 21.358 Thread 0x00007fab8c1c2800 Uncommon trap: reason=class_check action=maybe_recompile pc=0x00007fab7dacba24 method=com.android.dx.ssa.SCCP.replaceConstants()V @ 182
Event: 21.511 Thread 0x00007fab8c1bd800 Uncommon trap: reason=unstable_if action=reinterpret pc=0x00007fab7dafc940 method=java.util.HashMap.putVal(ILjava/lang/Object;Ljava/lang/Object;ZZ)Ljava/lang/Object; @ 206
Event: 22.085 Thread 0x00007fab8c1c4000 Uncommon trap: reason=class_check action=maybe_recompile pc=0x00007fab7dacba24 method=com.android.dx.ssa.SCCP.replaceConstants()V @ 182
Event: 22.223 Thread 0x00007fab8c1c4000 Uncommon trap: reason=unstable_if action=reinterpret pc=0x00007fab7db29408 method=com.android.dx.dex.code.RopTranslator.outputBlock(Lcom/android/dx/rop/code/BasicBlock;I)V @ 140
Event: 22.477 Thread 0x00007fab8c1bd800 Uncommon trap: reason=predicate action=maybe_recompile pc=0x00007fab7da7b180 method=com.android.dx.ssa.DomFront.run()[Lcom/android/dx/ssa/DomFront$DomInfo; @ 32

Classes redefined (0 events):
No events

Internal exceptions (7 events):
Event: 0.140 Thread 0x00007fab8c00b800 Exception <a 'java/lang/NoSuchMethodError': Method sun.misc.Unsafe.defineClass(Ljava/lang/String;[BII)Ljava/lang/Class; name or signature does not match> (0x000000076ab07cb0) thrown at [/usr/local/google/buildbot/src/googleplex-android/openjdk/out/hotspot
Event: 0.140 Thread 0x00007fab8c00b800 Exception <a 'java/lang/NoSuchMethodError': Method sun.misc.Unsafe.prefetchRead(Ljava/lang/Object;J)V name or signature does not match> (0x000000076ab07f98) thrown at [/usr/local/google/buildbot/src/googleplex-android/openjdk/out/hotspot/src/share/vm/prim
Event: 3.592 Thread 0x00007fab8c1bd800 Implicit null exception at 0x00007fab7d3b94bd to 0x00007fab7d3bc4a5
Event: 3.746 Thread 0x00007fab8c1c2800 Implicit null exception at 0x00007fab7d38c537 to 0x00007fab7d38ee71
Event: 4.357 Thread 0x00007fab8c1c2800 Exception <a 'java/lang/ArrayIndexOutOfBoundsException': 18> (0x000000076ba70bf8) thrown at [/usr/local/google/buildbot/src/googleplex-android/openjdk/out/hotspot/src/share/vm/interpreter/interpreterRuntime.cpp, line 368]
Event: 4.358 Thread 0x00007fab8c1c2800 Exception <a 'java/lang/ArrayIndexOutOfBoundsException': 145> (0x000000076ba72778) thrown at [/usr/local/google/buildbot/src/googleplex-android/openjdk/out/hotspot/src/share/vm/interpreter/interpreterRuntime.cpp, line 368]
Event: 4.444 Thread 0x00007fab8c1c2800 Exception <a 'java/lang/ArrayIndexOutOfBoundsException'> (0x000000076ba73a60) thrown at [/usr/local/google/buildbot/src/googleplex-android/openjdk/out/hotspot/src/share/vm/runtime/sharedRuntime.cpp, line 605]

Events (10 events):
Event: 22.667 Thread 0x00007fab8c1c0800 DEOPT UNPACKING pc=0x00007fab7d0474c4 sp=0x00007fab75eaab28 mode 0
Event: 22.667 Thread 0x00007fab8c1c0800 DEOPT PACKING pc=0x00007fab7d32493d sp=0x00007fab75eaada0
Event: 22.667 Thread 0x00007fab8c1c0800 DEOPT UNPACKING pc=0x00007fab7d0474c4 sp=0x00007fab75eaab28 mode 0
Event: 22.668 Thread 0x00007fab8c1c0800 DEOPT PACKING pc=0x00007fab7d32493d sp=0x00007fab75eaada0
Event: 22.668 Thread 0x00007fab8c1c0800 DEOPT UNPACKING pc=0x00007fab7d0474c4 sp=0x00007fab75eaab28 mode 0
Event: 22.670 Thread 0x00007fab8c1c4000 DEOPT PACKING pc=0x00007fab7d32493d sp=0x00007fab75ca8da0
Event: 22.670 Thread 0x00007fab8c1c4000 DEOPT UNPACKING pc=0x00007fab7d0474c4 sp=0x00007fab75ca8b28 mode 0
Event: 22.671 Thread 0x00007fab8c1c4000 DEOPT PACKING pc=0x00007fab7d32493d sp=0x00007fab75ca8da0
Event: 22.671 Thread 0x00007fab8c1c4000 DEOPT UNPACKING pc=0x00007fab7d0474c4 sp=0x00007fab75ca8b28 mode 0
Event: 22.673 Executing VM operation: ParallelGCFailedAllocation


Dynamic libraries:
00400000-00401000 r-xp 00000000 08:01 7352713                            /home/niroop/Documents/android-studio/jre/bin/java
00401000-00402000 rw-p 00000000 08:01 7352713                            /home/niroop/Documents/android-studio/jre/bin/java
01047000-01068000 rw-p 00000000 00:00 0                                  [heap]
6c0000000-6d3f80000 rw-p 00000000 00:00 0 
6d3f80000-76ab00000 ---p 00000000 00:00 0 
76ab00000-78fa00000 rw-p 00000000 00:00 0 
79c900000-7c0000000 ---p 00000000 00:00 0 
7c0000000-7c00a0000 rw-p 00000000 00:00 0 
7c00a0000-800000000 ---p 00000000 00:00 0 
7fab20000000-7fab2003d000 rw-p 00000000 00:00 0 
7fab2003d000-7fab24000000 ---p 00000000 00:00 0 
7fab24000000-7fab2403f000 rw-p 00000000 00:00 0 
7fab2403f000-7fab28000000 ---p 00000000 00:00 0 
7fab28000000-7fab28021000 rw-p 00000000 00:00 0 
7fab28021000-7fab2c000000 ---p 00000000 00:00 0 
7fab2c000000-7fab2c03e000 rw-p 00000000 00:00 0 
7fab2c03e000-7fab30000000 ---p 00000000 00:00 0 
7fab30000000-7fab30021000 rw-p 00000000 00:00 0 
7fab30021000-7fab34000000 ---p 00000000 00:00 0 
7fab34000000-7fab34058000 rw-p 00000000 00:00 0 
7fab34058000-7fab38000000 ---p 00000000 00:00 0 
7fab38000000-7fab38a62000 rw-p 00000000 00:00 0 
7fab38a62000-7fab3c000000 ---p 00000000 00:00 0 
7fab3c000000-7fab3c021000 rw-p 00000000 00:00 0 
7fab3c021000-7fab40000000 ---p 00000000 00:00 0 
7fab40000000-7fab41021000 rw-p 00000000 00:00 0 
7fab41021000-7fab44000000 ---p 00000000 00:00 0 
7fab44000000-7fab45042000 rw-p 00000000 00:00 0 
7fab45042000-7fab48000000 ---p 00000000 00:00 0 
7fab48000000-7fab48021000 rw-p 00000000 00:00 0 
7fab48021000-7fab4c000000 ---p 00000000 00:00 0 
7fab4c000000-7fab4c021000 rw-p 00000000 00:00 0 
7fab4c021000-7fab50000000 ---p 00000000 00:00 0 
7fab50000000-7fab502c5000 rw-p 00000000 00:00 0 
7fab502c5000-7fab54000000 ---p 00000000 00:00 0 
7fab54000000-7fab54021000 rw-p 00000000 00:00 0 
7fab54021000-7fab58000000 ---p 00000000 00:00 0 
7fab58000000-7fab60000000 rw-p 00000000 00:00 0 
7fab60000000-7fab60021000 rw-p 00000000 00:00 0 
7fab60021000-7fab64000000 ---p 00000000 00:00 0 
7fab68000000-7fab68021000 rw-p 00000000 00:00 0 
7fab68021000-7fab6c000000 ---p 00000000 00:00 0 
7fab70000000-7fab70021000 rw-p 00000000 00:00 0 
7fab70021000-7fab74000000 ---p 00000000 00:00 0 
7fab75baa000-7fab75bad000 ---p 00000000 00:00 0 
7fab75bad000-7fab75cab000 rw-p 00000000 00:00 0 
7fab75cab000-7fab75cae000 ---p 00000000 00:00 0 
7fab75cae000-7fab75dac000 rw-p 00000000 00:00 0 
7fab75dac000-7fab75daf000 ---p 00000000 00:00 0 
7fab75daf000-7fab75ead000 rw-p 00000000 00:00 0 
7fab75ead000-7fab75eb0000 ---p 00000000 00:00 0 
7fab75eb0000-7fab75fae000 rw-p 00000000 00:00 0 
7fab75fae000-7fab75fb1000 ---p 00000000 00:00 0 
7fab75fb1000-7fab760af000 rw-p 00000000 00:00 0 
7fab760af000-7fab7618a000 r--s 00a77000 08:11 4064227                    /media/niroop/External HDD/AndroidStudioProjects/User App/app/build/intermediates/transforms/jarMerging/debug/jars/1/1f/combined.jar
7fab7618a000-7fab76199000 r--s 000e4000 08:01 11851761                   /home/niroop/Android/Sdk/build-tools/26.0.0/lib/dx.jar
7fab76199000-7fab7619a000 ---p 00000000 00:00 0 
7fab7619a000-7fab7629a000 rw-p 00000000 00:00 0 
7fab7629a000-7fab7629d000 ---p 00000000 00:00 0 
7fab7629d000-7fab7639b000 rw-p 00000000 00:00 0 
7fab7639b000-7fab7639c000 ---p 00000000 00:00 0 
7fab7639c000-7fab7639f000 ---p 00000000 00:00 0 
7fab7639f000-7fab7649c000 rw-p 00000000 00:00 0 
7fab7649c000-7fab7649d000 ---p 00000000 00:00 0 
7fab7649d000-7fab764a0000 ---p 00000000 00:00 0 
7fab764a0000-7fab7659d000 rw-p 00000000 00:00 0 
7fab7659d000-7fab7659e000 ---p 00000000 00:00 0 
7fab7659e000-7fab765a1000 ---p 00000000 00:00 0 
7fab765a1000-7fab7669e000 rw-p 00000000 00:00 0 
7fab7669e000-7fab766a1000 ---p 00000000 00:00 0 
7fab766a1000-7fab7679f000 rw-p 00000000 00:00 0 
7fab7679f000-7fab7716e000 r--p 00000000 08:01 6036074                    /usr/lib/locale/locale-archive
7fab7716e000-7fab77171000 ---p 00000000 00:00 0 
7fab77171000-7fab7726f000 rw-p 00000000 00:00 0 
7fab7726f000-7fab77272000 ---p 00000000 00:00 0 
7fab77272000-7fab77370000 rw-p 00000000 00:00 0 
7fab77370000-7fab77371000 ---p 00000000 00:00 0 
7fab77371000-7fab78000000 rw-p 00000000 00:00 0 
7fab78000000-7fab78021000 rw-p 00000000 00:00 0 
7fab78021000-7fab7c000000 ---p 00000000 00:00 0 
7fab7c000000-7fab7c6c0000 rw-p 00000000 00:00 0 
7fab7c6c0000-7fab7c800000 ---p 00000000 00:00 0 
7fab7c800000-7fab7d000000 rw-p 00000000 00:00 0 
7fab7d000000-7fab7db60000 rwxp 00000000 00:00 0 
7fab7db60000-7fab8c000000 ---p 00000000 00:00 0 
7fab8c000000-7fab8c42a000 rw-p 00000000 00:00 0 
7fab8c42a000-7fab90000000 ---p 00000000 00:00 0 
7fab90007000-7fab9047a000 rw-p 00000000 00:00 0 
7fab9047a000-7fab9064c000 r--s 03cad000 08:01 7352843                    /home/niroop/Documents/android-studio/jre/jre/lib/rt.jar
7fab9064c000-7fab9071d000 rw-p 00000000 00:00 0 
7fab9071d000-7fab9071e000 ---p 00000000 00:00 0 
7fab9071e000-7fab9081e000 rw-p 00000000 00:00 0 
7fab9081e000-7fab9081f000 ---p 00000000 00:00 0 
7fab9081f000-7fab9091f000 rw-p 00000000 00:00 0 
7fab9091f000-7fab90920000 ---p 00000000 00:00 0 
7fab90920000-7fab90a20000 rw-p 00000000 00:00 0 
7fab90a20000-7fab90a21000 ---p 00000000 00:00 0 
7fab90a21000-7fab90bc1000 rw-p 00000000 00:00 0 
7fab90bc1000-7fab91077000 ---p 00000000 00:00 0 
7fab91077000-7fab91117000 rw-p 00000000 00:00 0 
7fab91117000-7fab915cc000 ---p 00000000 00:00 0 
7fab915cc000-7fab916f4000 rw-p 00000000 00:00 0 
7fab916f4000-7fab91877000 ---p 00000000 00:00 0 
7fab91877000-7fab918a6000 rw-p 00000000 00:00 0 
7fab918a6000-7fab91c38000 ---p 00000000 00:00 0 
7fab91c38000-7fab91c43000 r-xp 00000000 08:01 1840165                    /lib/x86_64-linux-gnu/libnss_files-2.27.so
7fab91c43000-7fab91e42000 ---p 0000b000 08:01 1840165                    /lib/x86_64-linux-gnu/libnss_files-2.27.so
7fab91e42000-7fab91e43000 r--p 0000a000 08:01 1840165                    /lib/x86_64-linux-gnu/libnss_files-2.27.so
7fab91e43000-7fab91e44000 rw-p 0000b000 08:01 1840165                    /lib/x86_64-linux-gnu/libnss_files-2.27.so
7fab91e44000-7fab91e4a000 rw-p 00000000 00:00 0 
7fab91e4a000-7fab91e61000 r-xp 00000000 08:01 1840159                    /lib/x86_64-linux-gnu/libnsl-2.27.so
7fab91e61000-7fab92060000 ---p 00017000 08:01 1840159                    /lib/x86_64-linux-gnu/libnsl-2.27.so
7fab92060000-7fab92061000 r--p 00016000 08:01 1840159                    /lib/x86_64-linux-gnu/libnsl-2.27.so
7fab92061000-7fab92062000 rw-p 00017000 08:01 1840159                    /lib/x86_64-linux-gnu/libnsl-2.27.so
7fab92062000-7fab92064000 rw-p 00000000 00:00 0 
7fab92064000-7fab9206f000 r-xp 00000000 08:01 1840176                    /lib/x86_64-linux-gnu/libnss_nis-2.27.so
7fab9206f000-7fab9226e000 ---p 0000b000 08:01 1840176                    /lib/x86_64-linux-gnu/libnss_nis-2.27.so
7fab9226e000-7fab9226f000 r--p 0000a000 08:01 1840176                    /lib/x86_64-linux-gnu/libnss_nis-2.27.so
7fab9226f000-7fab92270000 rw-p 0000b000 08:01 1840176                    /lib/x86_64-linux-gnu/libnss_nis-2.27.so
7fab92270000-7fab92278000 r-xp 00000000 08:01 1840161                    /lib/x86_64-linux-gnu/libnss_compat-2.27.so
7fab92278000-7fab92478000 ---p 00008000 08:01 1840161                    /lib/x86_64-linux-gnu/libnss_compat-2.27.so
7fab92478000-7fab92479000 r--p 00008000 08:01 1840161                    /lib/x86_64-linux-gnu/libnss_compat-2.27.so
7fab92479000-7fab9247a000 rw-p 00009000 08:01 1840161                    /lib/x86_64-linux-gnu/libnss_compat-2.27.so
7fab9247a000-7fab92481000 r-xp 00000000 08:01 1840216                    /lib/x86_64-linux-gnu/librt-2.27.so
7fab92481000-7fab92680000 ---p 00007000 08:01 1840216                    /lib/x86_64-linux-gnu/librt-2.27.so
7fab92680000-7fab92681000 r--p 00006000 08:01 1840216                    /lib/x86_64-linux-gnu/librt-2.27.so
7fab92681000-7fab92682000 rw-p 00007000 08:01 1840216                    /lib/x86_64-linux-gnu/librt-2.27.so
7fab92682000-7fab9281f000 r-xp 00000000 08:01 1840138                    /lib/x86_64-linux-gnu/libm-2.27.so
7fab9281f000-7fab92a1e000 ---p 0019d000 08:01 1840138                    /lib/x86_64-linux-gnu/libm-2.27.so
7fab92a1e000-7fab92a1f000 r--p 0019c000 08:01 1840138                    /lib/x86_64-linux-gnu/libm-2.27.so
7fab92a1f000-7fab92a20000 rw-p 0019d000 08:01 1840138                    /lib/x86_64-linux-gnu/libm-2.27.so
7fab92a20000-7fab93646000 r-xp 00000000 08:01 7352820                    /home/niroop/Documents/android-studio/jre/jre/lib/amd64/server/libjvm.so
7fab93646000-7fab93716000 rw-p 00c26000 08:01 7352820                    /home/niroop/Documents/android-studio/jre/jre/lib/amd64/server/libjvm.so
7fab93716000-7fab9375a000 rw-p 00000000 00:00 0 
7fab9375a000-7fab93941000 r-xp 00000000 08:01 1840075                    /lib/x86_64-linux-gnu/libc-2.27.so
7fab93941000-7fab93b41000 ---p 001e7000 08:01 1840075                    /lib/x86_64-linux-gnu/libc-2.27.so
7fab93b41000-7fab93b45000 r--p 001e7000 08:01 1840075                    /lib/x86_64-linux-gnu/libc-2.27.so
7fab93b45000-7fab93b47000 rw-p 001eb000 08:01 1840075                    /lib/x86_64-linux-gnu/libc-2.27.so
7fab93b47000-7fab93b4b000 rw-p 00000000 00:00 0 
7fab93b4b000-7fab93b4e000 r-xp 00000000 08:01 1840098                    /lib/x86_64-linux-gnu/libdl-2.27.so
7fab93b4e000-7fab93d4d000 ---p 00003000 08:01 1840098                    /lib/x86_64-linux-gnu/libdl-2.27.so
7fab93d4d000-7fab93d4e000 r--p 00002000 08:01 1840098                    /lib/x86_64-linux-gnu/libdl-2.27.so
7fab93d4e000-7fab93d4f000 rw-p 00003000 08:01 1840098                    /lib/x86_64-linux-gnu/libdl-2.27.so
7fab93d4f000-7fab93d69000 r-xp 00000000 08:01 1840208                    /lib/x86_64-linux-gnu/libpthread-2.27.so
7fab93d69000-7fab93f68000 ---p 0001a000 08:01 1840208                    /lib/x86_64-linux-gnu/libpthread-2.27.so
7fab93f68000-7fab93f69000 r--p 00019000 08:01 1840208                    /lib/x86_64-linux-gnu/libpthread-2.27.so
7fab93f69000-7fab93f6a000 rw-p 0001a000 08:01 1840208                    /lib/x86_64-linux-gnu/libpthread-2.27.so
7fab93f6a000-7fab93f6e000 rw-p 00000000 00:00 0 
7fab93f6e000-7fab93f95000 r-xp 00000000 08:01 1840047                    /lib/x86_64-linux-gnu/ld-2.27.so
7fab93f9c000-7fab94014000 rw-p 00000000 00:00 0 
7fab94014000-7fab9402f000 r-xp 00000000 08:01 7352802                    /home/niroop/Documents/android-studio/jre/jre/lib/amd64/libzip.so
7fab9402f000-7fab94030000 rw-p 0001a000 08:01 7352802                    /home/niroop/Documents/android-studio/jre/jre/lib/amd64/libzip.so
7fab94030000-7fab9405a000 r-xp 00000000 08:01 7352810                    /home/niroop/Documents/android-studio/jre/jre/lib/amd64/libjava.so
7fab9405a000-7fab9405c000 rw-p 0002a000 08:01 7352810                    /home/niroop/Documents/android-studio/jre/jre/lib/amd64/libjava.so
7fab9405c000-7fab9405d000 ---p 00000000 00:00 0 
7fab9405d000-7fab94060000 ---p 00000000 00:00 0 
7fab94060000-7fab9415f000 rw-p 00000000 00:00 0 
7fab9415f000-7fab94175000 r-xp 00000000 08:01 7352701                    /home/niroop/Documents/android-studio/jre/lib/amd64/jli/libjli.so
7fab94175000-7fab94176000 rw-p 00015000 08:01 7352701                    /home/niroop/Documents/android-studio/jre/lib/amd64/jli/libjli.so
7fab94176000-7fab94178000 rw-p 00000000 00:00 0 
7fab9417c000-7fab94184000 rw-s 00000000 08:01 12591501                   /tmp/hsperfdata_niroop/21585
7fab94184000-7fab94185000 rw-p 00000000 00:00 0 
7fab94185000-7fab94186000 ---p 00000000 00:00 0 
7fab94186000-7fab94193000 r-xp 00000000 08:01 7352798                    /home/niroop/Documents/android-studio/jre/jre/lib/amd64/libverify.so
7fab94193000-7fab94195000 rw-p 0000c000 08:01 7352798                    /home/niroop/Documents/android-studio/jre/jre/lib/amd64/libverify.so
7fab94195000-7fab94196000 r--p 00027000 08:01 1840047                    /lib/x86_64-linux-gnu/ld-2.27.so
7fab94196000-7fab94197000 rw-p 00028000 08:01 1840047                    /lib/x86_64-linux-gnu/ld-2.27.so
7fab94197000-7fab94198000 rw-p 00000000 00:00 0 
7fff0b156000-7fff0b177000 rw-p 00000000 00:00 0                          [stack]
7fff0b1e3000-7fff0b1e6000 r--p 00000000 00:00 0                          [vvar]
7fff0b1e6000-7fff0b1e7000 r-xp 00000000 00:00 0                          [vdso]
ffffffffff600000-ffffffffff601000 r-xp 00000000 00:00 0                  [vsyscall]

VM Arguments:
jvm_args: -Djava.awt.headless=true -Xmx4g -Dfile.encoding=UTF-8 -Duser.country=IN -Duser.language=en -Duser.variant 
java_command: com.android.dx.command.Main --dex --num-threads=4 --multi-dex --main-dex-list /media/niroop/External HDD/AndroidStudioProjects/User App/app/build/intermediates/multi-dex/debug/maindexlist.txt --output /media/niroop/External HDD/AndroidStudioProjects/User App/app/build/intermediates/transforms/dex/debug/folders/1000/1f/main /media/niroop/External HDD/AndroidStudioProjects/User App/app/build/intermediates/transforms/jarMerging/debug/jars/1/1f/combined.jar
java_class_path (initial): /home/niroop/Android/Sdk/build-tools/26.0.0/lib/dx.jar
Launcher Type: SUN_STANDARD

Environment Variables:
PATH=/usr/local/sbin:/usr/local/bin:/usr/sbin:/usr/bin:/sbin:/bin:/usr/games:/usr/local/games:/snap/bin:/usr/lib/dart/bin
USERNAME=niroop
SHELL=/bin/bash
DISPLAY=:0

Signal Handlers:
SIGSEGV: [libjvm.so+0xa09650], sa_mask[0]=11111111011111111101111111111110, sa_flags=SA_RESTART|SA_SIGINFO
SIGBUS: [libjvm.so+0xa09650], sa_mask[0]=11111111011111111101111111111110, sa_flags=SA_RESTART|SA_SIGINFO
SIGFPE: [libjvm.so+0x86bc60], sa_mask[0]=11111111011111111101111111111110, sa_flags=SA_RESTART|SA_SIGINFO
SIGPIPE: [libjvm.so+0x86bc60], sa_mask[0]=11111111011111111101111111111110, sa_flags=SA_RESTART|SA_SIGINFO
SIGXFSZ: [libjvm.so+0x86bc60], sa_mask[0]=11111111011111111101111111111110, sa_flags=SA_RESTART|SA_SIGINFO
SIGILL: [libjvm.so+0x86bc60], sa_mask[0]=11111111011111111101111111111110, sa_flags=SA_RESTART|SA_SIGINFO
SIGUSR1: SIG_DFL, sa_mask[0]=00000000000000000000000000000000, sa_flags=none
SIGUSR2: [libjvm.so+0x86bb30], sa_mask[0]=00100000000000000000000000000000, sa_flags=SA_RESTART|SA_SIGINFO
SIGHUP: SIG_IGN, sa_mask[0]=00000000000000000000000000000000, sa_flags=none
SIGINT: [libjvm.so+0x86bd20], sa_mask[0]=11111111011111111101111111111110, sa_flags=SA_RESTART|SA_SIGINFO
SIGTERM: [libjvm.so+0x86bd20], sa_mask[0]=11111111011111111101111111111110, sa_flags=SA_RESTART|SA_SIGINFO
SIGQUIT: [libjvm.so+0x86bd20], sa_mask[0]=11111111011111111101111111111110, sa_flags=SA_RESTART|SA_SIGINFO


---------------  S Y S T E M  ---------------

OS:DISTRIB_ID=Ubuntu
DISTRIB_RELEASE=18.04
DISTRIB_CODENAME=bionic
DISTRIB_DESCRIPTION="Ubuntu 18.04.3 LTS"

uname:Linux 5.0.0-37-generic #40~18.04.1-Ubuntu SMP Thu Nov 14 12:06:39 UTC 2019 x86_64
libc:glibc 2.27 NPTL 2.27 
rlimit: STACK 8192k, CORE 0k, NPROC 23162, NOFILE 1048576, AS infinity
load average:10.30 2.59 1.04

/proc/meminfo:
MemTotal:        5979864 kB
MemFree:          139052 kB
MemAvailable:      82960 kB
Buffers:            2260 kB
Cached:           218332 kB
SwapCached:         2196 kB
Active:          4704320 kB
Inactive:         719980 kB
Active(anon):    4679184 kB
Inactive(anon):   668548 kB
Active(file):      25136 kB
Inactive(file):    51432 kB
Unevictable:        5432 kB
Mlocked:              48 kB
SwapTotal:       2097148 kB
SwapFree:              0 kB
Dirty:              1912 kB
Writeback:             0 kB
AnonPages:       5209272 kB
Mapped:            91356 kB
Shmem:            143684 kB
KReclaimable:      73036 kB
Slab:             154480 kB
SReclaimable:      73036 kB
SUnreclaim:        81444 kB
KernelStack:       22224 kB
PageTables:       113568 kB
NFS_Unstable:          0 kB
Bounce:                0 kB
WritebackTmp:          0 kB
CommitLimit:     5087080 kB
Committed_AS:   19103940 kB
VmallocTotal:   34359738367 kB
VmallocUsed:           0 kB
VmallocChunk:          0 kB
Percpu:             2528 kB
HardwareCorrupted:     0 kB
AnonHugePages:         0 kB
ShmemHugePages:        0 kB
ShmemPmdMapped:        0 kB
CmaTotal:              0 kB
CmaFree:               0 kB
HugePages_Total:       0
HugePages_Free:        0
HugePages_Rsvd:        0
HugePages_Surp:        0
Hugepagesize:       2048 kB
Hugetlb:               0 kB
DirectMap4k:      342296 kB
DirectMap2M:     5828608 kB

container (cgroup) information:
container_type: cgroupv1
cpu_cpuset_cpus: 0-3
cpu_memory_nodes: 0
active_processor_count: 4
cpu_quota: -1
cpu_period: 100000
cpu_shares: -1
memory_limit_in_bytes: -1
memory_and_swap_limit_in_bytes: -2
memory_soft_limit_in_bytes: -1
memory_usage_in_bytes: 5560918016
memory_max_usage_in_bytes: 230887424


CPU:total 4 (initial active 4) (2 cores per cpu, 2 threads per core) family 6 model 58 stepping 9, cmov, cx8, fxsr, mmx, sse, sse2, sse3, ssse3, sse4.1, sse4.2, popcnt, avx, aes, clmul, erms, ht, tsc, tscinvbit, tscinv

/proc/cpuinfo:
processor	: 0
vendor_id	: GenuineIntel
cpu family	: 6
model		: 58
model name	: Intel(R) Core(TM) i5-3337U CPU @ 1.80GHz
stepping	: 9
microcode	: 0x21
cpu MHz		: 2476.360
cache size	: 3072 KB
physical id	: 0
siblings	: 4
core id		: 0
cpu cores	: 2
apicid		: 0
initial apicid	: 0
fpu		: yes
fpu_exception	: yes
cpuid level	: 13
wp		: yes
flags		: fpu vme de pse tsc msr pae mce cx8 apic sep mtrr pge mca cmov pat pse36 clflush dts acpi mmx fxsr sse sse2 ss ht tm pbe syscall nx rdtscp lm constant_tsc arch_perfmon pebs bts rep_good nopl xtopology nonstop_tsc cpuid aperfmperf pni pclmulqdq dtes64 monitor ds_cpl vmx est tm2 ssse3 cx16 xtpr pdcm pcid sse4_1 sse4_2 x2apic popcnt tsc_deadline_timer aes xsave avx f16c rdrand lahf_lm cpuid_fault epb pti ssbd ibrs ibpb stibp tpr_shadow vnmi flexpriority ept vpid fsgsbase smep erms xsaveopt dtherm ida arat pln pts md_clear flush_l1d
bugs		: cpu_meltdown spectre_v1 spectre_v2 spec_store_bypass l1tf mds swapgs itlb_multihit
bogomips	: 3591.92
clflush size	: 64
cache_alignment	: 64
address sizes	: 36 bits physical, 48 bits virtual
power management:

processor	: 1
vendor_id	: GenuineIntel
cpu family	: 6
model		: 58
model name	: Intel(R) Core(TM) i5-3337U CPU @ 1.80GHz
stepping	: 9
microcode	: 0x21
cpu MHz		: 2489.153
cache size	: 3072 KB
physical id	: 0
siblings	: 4
core id		: 0
cpu cores	: 2
apicid		: 1
initial apicid	: 1
fpu		: yes
fpu_exception	: yes
cpuid level	: 13
wp		: yes
flags		: fpu vme de pse tsc msr pae mce cx8 apic sep mtrr pge mca cmov pat pse36 clflush dts acpi mmx fxsr sse sse2 ss ht tm pbe syscall nx rdtscp lm constant_tsc arch_perfmon pebs bts rep_good nopl xtopology nonstop_tsc cpuid aperfmperf pni pclmulqdq dtes64 monitor ds_cpl vmx est tm2 ssse3 cx16 xtpr pdcm pcid sse4_1 sse4_2 x2apic popcnt tsc_deadline_timer aes xsave avx f16c rdrand lahf_lm cpuid_fault epb pti ssbd ibrs ibpb stibp tpr_shadow vnmi flexpriority ept vpid fsgsbase smep erms xsaveopt dtherm ida arat pln pts md_clear flush_l1d
bugs		: cpu_meltdown spectre_v1 spectre_v2 spec_store_bypass l1tf mds swapgs itlb_multihit
bogomips	: 3591.92
clflush size	: 64
cache_alignment	: 64
address sizes	: 36 bits physical, 48 bits virtual
power management:

processor	: 2
vendor_id	: GenuineIntel
cpu family	: 6
model		: 58
model name	: Intel(R) Core(TM) i5-3337U CPU @ 1.80GHz
stepping	: 9
microcode	: 0x21
cpu MHz		: 2494.394
cache size	: 3072 KB
physical id	: 0
siblings	: 4
core id		: 1
cpu cores	: 2
apicid		: 2
initial apicid	: 2
fpu		: yes
fpu_exception	: yes
cpuid level	: 13
wp		: yes
flags		: fpu vme de pse tsc msr pae mce cx8 apic sep mtrr pge mca cmov pat pse36 clflush dts acpi mmx fxsr sse sse2 ss ht tm pbe syscall nx rdtscp lm constant_tsc arch_perfmon pebs bts rep_good nopl xtopology nonstop_tsc cpuid aperfmperf pni pclmulqdq dtes64 monitor ds_cpl vmx est tm2 ssse3 cx16 xtpr pdcm pcid sse4_1 sse4_2 x2apic popcnt tsc_deadline_timer aes xsave avx f16c rdrand lahf_lm cpuid_fault epb pti ssbd ibrs ibpb stibp tpr_shadow vnmi flexpriority ept vpid fsgsbase smep erms xsaveopt dtherm ida arat pln pts md_clear flush_l1d
bugs		: cpu_meltdown spectre_v1 spectre_v2 spec_store_bypass l1tf mds swapgs itlb_multihit
bogomips	: 3591.92
clflush size	: 64
cache_alignment	: 64
address sizes	: 36 bits physical, 48 bits virtual
power management:

processor	: 3
vendor_id	: GenuineIntel
cpu family	: 6
model		: 58
model name	: Intel(R) Core(TM) i5-3337U CPU @ 1.80GHz
stepping	: 9
microcode	: 0x21
cpu MHz		: 2490.540
cache size	: 3072 KB
physical id	: 0
siblings	: 4
core id		: 1
cpu cores	: 2
apicid		: 3
initial apicid	: 3
fpu		: yes
fpu_exception	: yes
cpuid level	: 13
wp		: yes
flags		: fpu vme de pse tsc msr pae mce cx8 apic sep mtrr pge mca cmov pat pse36 clflush dts acpi mmx fxsr sse sse2 ss ht tm pbe syscall nx rdtscp lm constant_tsc arch_perfmon pebs bts rep_good nopl xtopology nonstop_tsc cpuid aperfmperf pni pclmulqdq dtes64 monitor ds_cpl vmx est tm2 ssse3 cx16 xtpr pdcm pcid sse4_1 sse4_2 x2apic popcnt tsc_deadline_timer aes xsave avx f16c rdrand lahf_lm cpuid_fault epb pti ssbd ibrs ibpb stibp tpr_shadow vnmi flexpriority ept vpid fsgsbase smep erms xsaveopt dtherm ida arat pln pts md_clear flush_l1d
bugs		: cpu_meltdown spectre_v1 spectre_v2 spec_store_bypass l1tf mds swapgs itlb_multihit
bogomips	: 3591.92
clflush size	: 64
cache_alignment	: 64
address sizes	: 36 bits physical, 48 bits virtual
power management:



Memory: 4k page, physical 5979864k(137556k free), swap 2097148k(0k free)

vm_info: OpenJDK 64-Bit Server VM (25.202-b49-5587405) for linux-amd64 JRE (1.8.0_202-release-1483-b49-5587405), built by "android-build" with gcc 4.8

time: Wed Feb 26 21:42:17 2020
timezone: IST
elapsed time: 29 seconds (0d 0h 0m 29s)

