#
# There is insufficient memory for the Java Runtime Environment to continue.
# Native memory allocation (mmap) failed to map 199229440 bytes for committing reserved memory.
# Possible reasons:
#   The system is out of physical RAM or swap space
#   The process is running with CompressedOops enabled, and the Java Heap may be blocking the growth of the native heap
# Possible solutions:
#   Reduce memory load on the system
#   Increase physical memory or swap space
#   Check if swap backing store is full
#   Decrease Java heap size (-Xmx/-Xms)
#   Decrease number of Java threads
#   Decrease Java thread stack sizes (-Xss)
#   Set larger code cache with -XX:ReservedCodeCacheSize=
#   JVM is running with Zero Based Compressed Oops mode in which the Java heap is
#     placed in the first 32GB address space. The Java Heap base address is the
#     maximum limit for the native heap growth. Please use -XX:HeapBaseMinAddress
#     to set the Java Heap base and to place the Java Heap above 32GB virtual address.
# This output file may be truncated or incomplete.
#
#  Out of Memory Error (os_linux.cpp:2753), pid=20747, tid=0x00007f79a16d6700
#
# JRE version: OpenJDK Runtime Environment (8.0_202) (build 1.8.0_202-release-1483-b49-5587405)
# Java VM: OpenJDK 64-Bit Server VM (25.202-b49-5587405 mixed mode linux-amd64 compressed oops)
# Failed to write core dump. Core dumps have been disabled. To enable core dumping, try "ulimit -c unlimited" before starting Java again
#

---------------  T H R E A D  ---------------

Current thread (0x00007f79b407c800):  VMThread [stack: 0x00007f79a15d7000,0x00007f79a16d7000] [id=20757]

Stack: [0x00007f79a15d7000,0x00007f79a16d7000],  sp=0x00007f79a16d5510,  free space=1017k
Native frames: (J=compiled Java code, j=interpreted, Vv=VM code, C=native code)
V  [libjvm.so+0xa08b78]  VMError::report_and_die()+0x148
V  [libjvm.so+0x4d412a]  report_vm_out_of_memory(char const*, int, unsigned long, VMErrorType, char const*)+0x8a
V  [libjvm.so+0x870478]  os::pd_commit_memory(char*, unsigned long, unsigned long, bool)+0xd8
V  [libjvm.so+0x867f9f]  os::commit_memory(char*, unsigned long, unsigned long, bool)+0x1f
V  [libjvm.so+0x8e14eb]  PSVirtualSpace::expand_by(unsigned long)+0x5b
V  [libjvm.so+0x8e2140]  PSYoungGen::resize_generation(unsigned long, unsigned long)+0xb0
V  [libjvm.so+0x8e245b]  PSYoungGen::resize(unsigned long, unsigned long)+0x1b
V  [libjvm.so+0x8deb8e]  PSScavenge::invoke_no_policy()+0xdce
V  [libjvm.so+0x8df348]  PSScavenge::invoke()+0x38
V  [libjvm.so+0x893763]  ParallelScavengeHeap::failed_mem_allocate(unsigned long)+0x63
V  [libjvm.so+0xa0a644]  VM_ParallelGCFailedAllocation::doit()+0x84
V  [libjvm.so+0xa0ea17]  VM_Operation::evaluate()+0x47
V  [libjvm.so+0xa0d498]  VMThread::evaluate_operation(VM_Operation*)+0x218
V  [libjvm.so+0xa0d8d1]  VMThread::loop()+0x1f1
V  [libjvm.so+0xa0dd02]  VMThread::run()+0x72
V  [libjvm.so+0x86d652]  java_start(Thread*)+0xf2

VM_Operation (0x00007f79a03eded0): ParallelGCFailedAllocation, mode: safepoint, requested by thread 0x00007f79b41a2000


---------------  P R O C E S S  ---------------

Java Threads: ( => current thread )
  0x00007f79b41a9000 JavaThread "pool-2-thread-4" [_thread_blocked, id=20770, stack(0x00007f799bdfe000,0x00007f799beff000)]
  0x00007f79b41a8000 JavaThread "pool-2-thread-3" [_thread_blocked, id=20769, stack(0x00007f799beff000,0x00007f799c000000)]
  0x00007f79b41a5800 JavaThread "pool-2-thread-2" [_thread_blocked, id=20768, stack(0x00007f79a00ed000,0x00007f79a01ee000)]
  0x00007f79b41a3800 JavaThread "pool-3-thread-1" [_thread_blocked, id=20767, stack(0x00007f79a01ee000,0x00007f79a02ef000)]
  0x00007f79b41a2000 JavaThread "pool-2-thread-1" [_thread_blocked, id=20766, stack(0x00007f79a02ef000,0x00007f79a03f0000)]
  0x00007f79b40c4800 JavaThread "Service Thread" daemon [_thread_blocked, id=20764, stack(0x00007f79a0500000,0x00007f79a0601000)]
  0x00007f79b40c1800 JavaThread "C1 CompilerThread2" daemon [_thread_blocked, id=20763, stack(0x00007f79a0602000,0x00007f79a0702000)]
  0x00007f79b40bf800 JavaThread "C2 CompilerThread1" daemon [_thread_blocked, id=20762, stack(0x00007f79a0703000,0x00007f79a0803000)]
  0x00007f79b40bd000 JavaThread "C2 CompilerThread0" daemon [_thread_blocked, id=20761, stack(0x00007f79a0804000,0x00007f79a0904000)]
  0x00007f79b40b8800 JavaThread "Signal Dispatcher" daemon [_thread_blocked, id=20760, stack(0x00007f79a0904000,0x00007f79a0a05000)]
  0x00007f79b4088800 JavaThread "Finalizer" daemon [_thread_blocked, id=20759, stack(0x00007f79a13d4000,0x00007f79a14d5000)]
  0x00007f79b4086000 JavaThread "Reference Handler" daemon [_thread_blocked, id=20758, stack(0x00007f79a14d5000,0x00007f79a15d6000)]
  0x00007f79b400e800 JavaThread "main" [_thread_blocked, id=20752, stack(0x00007f79ba2c4000,0x00007f79ba3c4000)]

Other Threads:
=>0x00007f79b407c800 VMThread [stack: 0x00007f79a15d7000,0x00007f79a16d7000] [id=20757]
  0x00007f79b40c7000 WatcherThread [stack: 0x00007f79a0400000,0x00007f79a0500000] [id=20765]

VM state:at safepoint (normal execution)

VM Mutex/Monitor currently owned by a thread:  ([mutex/lock_event])
[0x00007f79b400b2c0] Threads_lock - owner thread: 0x00007f79b407c800
[0x00007f79b400b7c0] Heap_lock - owner thread: 0x00007f79b41a2000

heap address: 0x00000006c0000000, size: 4096 MB, Compressed Oops mode: Zero based, Oop shift amount: 3
Narrow klass base: 0x0000000000000000, Narrow klass shift: 3
Compressed class space size: 1073741824 Address: 0x00000007c0000000

Heap:
 PSYoungGen      total 568320K, used 109051K [0x000000076ab00000, 0x0000000794b00000, 0x00000007c0000000)
  eden space 459264K, 0% used [0x000000076ab00000,0x000000076ab00000,0x0000000786b80000)
  from space 109056K, 99% used [0x0000000786b80000,0x000000078d5fed88,0x000000078d600000)
  to   space 94720K, 0% used [0x000000078d600000,0x000000078d600000,0x0000000793280000)
 ParOldGen       total 330752K, used 244791K [0x00000006c0000000, 0x00000006d4300000, 0x000000076ab00000)
  object space 330752K, 74% used [0x00000006c0000000,0x00000006cef0dea8,0x00000006d4300000)
 Metaspace       used 6582K, capacity 7280K, committed 7552K, reserved 1056768K
  class space    used 595K, capacity 616K, committed 640K, reserved 1048576K

Card table byte_map: [0x00007f79a422d000,0x00007f79a4a2e000] byte_map_base: 0x00007f79a0c2d000

Marking Bits: (ParMarkBitMap*) 0x00007f79b9992920
 Begin Bits: [0x00007f797c000000, 0x00007f7980000000)
 End Bits:   [0x00007f7980000000, 0x00007f7984000000)

Polling page: 0x00007f79ba3ec000

CodeCache: size=245760Kb used=11867Kb max_used=11881Kb free=233892Kb
 bounds [0x00007f79a4dee000, 0x00007f79a59be000, 0x00007f79b3dee000]
 total_blobs=2750 nmethods=2480 adapters=184
 compilation: enabled

Compilation events (10 events):
Event: 33.806 Thread 0x00007f79b40c1800 2745       2       com.android.dx.rop.cst.CstLong::<init> (6 bytes)
Event: 33.806 Thread 0x00007f79b40c1800 nmethod 2745 0x00007f79a4fe9690 code [0x00007f79a4fe97e0, 0x00007f79a4fe9930]
Event: 33.851 Thread 0x00007f79b40bf800 nmethod 2401 0x00007f79a5991750 code [0x00007f79a5991ac0, 0x00007f79a5993f80]
Event: 33.851 Thread 0x00007f79b40bf800 2740       4       java.util.HashMap$TreeNode::find (172 bytes)
Event: 33.863 Thread 0x00007f79b40c1800 2747       2       com.android.dx.cf.code.Ropper::getFirstTempStackReg (20 bytes)
Event: 33.864 Thread 0x00007f79b40c1800 nmethod 2747 0x00007f79a4fb5490 code [0x00007f79a4fb5600, 0x00007f79a4fb57c8]
Event: 33.881 Thread 0x00007f79b40c1800 2748 %     3       com.android.dx.dex.file.ValueEncoder::addContents @ 44 (75 bytes)
Event: 33.882 Thread 0x00007f79b40c1800 nmethod 2748% 0x00007f79a4efced0 code [0x00007f79a4efd0e0, 0x00007f79a4efdd88]
Event: 33.882 Thread 0x00007f79b40c1800 2749       3       com.android.dx.dex.file.ValueEncoder::addContents (75 bytes)
Event: 33.883 Thread 0x00007f79b40c1800 nmethod 2749 0x00007f79a4fa7310 code [0x00007f79a4fa7520, 0x00007f79a4fa8148]

GC Heap History (10 events):
Event: 18.212 GC heap after
Heap after GC invocations=11 (full 2):
 PSYoungGen      total 408064K, used 15301K [0x000000076ab00000, 0x000000078a700000, 0x00000007c0000000)
  eden space 364544K, 0% used [0x000000076ab00000,0x000000076ab00000,0x0000000780f00000)
  from space 43520K, 35% used [0x0000000780f00000,0x0000000781df1590,0x0000000783980000)
  to   space 65024K, 0% used [0x0000000786780000,0x0000000786780000,0x000000078a700000)
 ParOldGen       total 210944K, used 122026K [0x00000006c0000000, 0x00000006cce00000, 0x000000076ab00000)
  object space 210944K, 57% used [0x00000006c0000000,0x00000006c772a9b8,0x00000006cce00000)
 Metaspace       used 6543K, capacity 7280K, committed 7552K, reserved 1056768K
  class space    used 594K, capacity 616K, committed 640K, reserved 1048576K
}
Event: 25.050 GC heap before
{Heap before GC invocations=12 (full 2):
 PSYoungGen      total 408064K, used 379845K [0x000000076ab00000, 0x000000078a700000, 0x00000007c0000000)
  eden space 364544K, 100% used [0x000000076ab00000,0x0000000780f00000,0x0000000780f00000)
  from space 43520K, 35% used [0x0000000780f00000,0x0000000781df1590,0x0000000783980000)
  to   space 65024K, 0% used [0x0000000786780000,0x0000000786780000,0x000000078a700000)
 ParOldGen       total 210944K, used 122026K [0x00000006c0000000, 0x00000006cce00000, 0x000000076ab00000)
  object space 210944K, 57% used [0x00000006c0000000,0x00000006c772a9b8,0x00000006cce00000)
 Metaspace       used 6545K, capacity 7280K, committed 7552K, reserved 1056768K
  class space    used 594K, capacity 616K, committed 640K, reserved 1048576K
Event: 25.307 GC heap after
Heap after GC invocations=12 (full 2):
 PSYoungGen      total 446976K, used 58159K [0x000000076ab00000, 0x000000078f500000, 0x00000007c0000000)
  eden space 381952K, 0% used [0x000000076ab00000,0x000000076ab00000,0x0000000782000000)
  from space 65024K, 89% used [0x0000000786780000,0x000000078a04be68,0x000000078a700000)
  to   space 73216K, 0% used [0x0000000782000000,0x0000000782000000,0x0000000786780000)
 ParOldGen       total 210944K, used 131805K [0x00000006c0000000, 0x00000006cce00000, 0x000000076ab00000)
  object space 210944K, 62% used [0x00000006c0000000,0x00000006c80b76b8,0x00000006cce00000)
 Metaspace       used 6545K, capacity 7280K, committed 7552K, reserved 1056768K
  class space    used 594K, capacity 616K, committed 640K, reserved 1048576K
}
Event: 26.774 GC heap before
{Heap before GC invocations=13 (full 2):
 PSYoungGen      total 446976K, used 440111K [0x000000076ab00000, 0x000000078f500000, 0x00000007c0000000)
  eden space 381952K, 100% used [0x000000076ab00000,0x0000000782000000,0x0000000782000000)
  from space 65024K, 89% used [0x0000000786780000,0x000000078a04be68,0x000000078a700000)
  to   space 73216K, 0% used [0x0000000782000000,0x0000000782000000,0x0000000786780000)
 ParOldGen       total 210944K, used 131805K [0x00000006c0000000, 0x00000006cce00000, 0x000000076ab00000)
  object space 210944K, 62% used [0x00000006c0000000,0x00000006c80b76b8,0x00000006cce00000)
 Metaspace       used 6556K, capacity 7280K, committed 7552K, reserved 1056768K
  class space    used 594K, capacity 616K, committed 640K, reserved 1048576K
Event: 27.088 GC heap after
Heap after GC invocations=13 (full 2):
 PSYoungGen      total 455168K, used 73197K [0x000000076ab00000, 0x0000000793280000, 0x00000007c0000000)
  eden space 381952K, 0% used [0x000000076ab00000,0x000000076ab00000,0x0000000782000000)
  from space 73216K, 99% used [0x0000000782000000,0x000000078677b4a0,0x0000000786780000)
  to   space 94720K, 0% used [0x000000078d600000,0x000000078d600000,0x0000000793280000)
 ParOldGen       total 210944K, used 157567K [0x00000006c0000000, 0x00000006cce00000, 0x000000076ab00000)
  object space 210944K, 74% used [0x00000006c0000000,0x00000006c99dfca8,0x00000006cce00000)
 Metaspace       used 6556K, capacity 7280K, committed 7552K, reserved 1056768K
  class space    used 594K, capacity 616K, committed 640K, reserved 1048576K
}
Event: 29.264 GC heap before
{Heap before GC invocations=14 (full 2):
 PSYoungGen      total 455168K, used 455149K [0x000000076ab00000, 0x0000000793280000, 0x00000007c0000000)
  eden space 381952K, 100% used [0x000000076ab00000,0x0000000782000000,0x0000000782000000)
  from space 73216K, 99% used [0x0000000782000000,0x000000078677b4a0,0x0000000786780000)
  to   space 94720K, 0% used [0x000000078d600000,0x000000078d600000,0x0000000793280000)
 ParOldGen       total 210944K, used 157567K [0x00000006c0000000, 0x00000006cce00000, 0x000000076ab00000)
  object space 210944K, 74% used [0x00000006c0000000,0x00000006c99dfca8,0x00000006cce00000)
 Metaspace       used 6574K, capacity 7280K, committed 7552K, reserved 1056768K
  class space    used 595K, capacity 616K, committed 640K, reserved 1048576K
Event: 29.628 GC heap after
Heap after GC invocations=14 (full 2):
 PSYoungGen      total 553984K, used 90421K [0x000000076ab00000, 0x0000000794b00000, 0x00000007c0000000)
  eden space 459264K, 0% used [0x000000076ab00000,0x000000076ab00000,0x0000000786b80000)
  from space 94720K, 95% used [0x000000078d600000,0x0000000792e4d7a8,0x0000000793280000)
  to   space 109056K, 0% used [0x0000000786b80000,0x0000000786b80000,0x000000078d600000)
 ParOldGen       total 210944K, used 198635K [0x00000006c0000000, 0x00000006cce00000, 0x000000076ab00000)
  object space 210944K, 94% used [0x00000006c0000000,0x00000006cc1faf48,0x00000006cce00000)
 Metaspace       used 6574K, capacity 7280K, committed 7552K, reserved 1056768K
  class space    used 595K, capacity 616K, committed 640K, reserved 1048576K
}
Event: 29.630 GC heap before
{Heap before GC invocations=15 (full 3):
 PSYoungGen      total 553984K, used 90421K [0x000000076ab00000, 0x0000000794b00000, 0x00000007c0000000)
  eden space 459264K, 0% used [0x000000076ab00000,0x000000076ab00000,0x0000000786b80000)
  from space 94720K, 95% used [0x000000078d600000,0x0000000792e4d7a8,0x0000000793280000)
  to   space 109056K, 0% used [0x0000000786b80000,0x0000000786b80000,0x000000078d600000)
 ParOldGen       total 210944K, used 198635K [0x00000006c0000000, 0x00000006cce00000, 0x000000076ab00000)
  object space 210944K, 94% used [0x00000006c0000000,0x00000006cc1faf48,0x00000006cce00000)
 Metaspace       used 6574K, capacity 7280K, committed 7552K, reserved 1056768K
  class space    used 595K, capacity 616K, committed 640K, reserved 1048576K
Event: 31.694 GC heap after
Heap after GC invocations=15 (full 3):
 PSYoungGen      total 553984K, used 74096K [0x000000076ab00000, 0x0000000794b00000, 0x00000007c0000000)
  eden space 459264K, 0% used [0x000000076ab00000,0x000000076ab00000,0x0000000786b80000)
  from space 94720K, 78% used [0x000000078d600000,0x0000000791e5c120,0x0000000793280000)
  to   space 109056K, 0% used [0x0000000786b80000,0x0000000786b80000,0x000000078d600000)
 ParOldGen       total 330752K, used 210876K [0x00000006c0000000, 0x00000006d4300000, 0x000000076ab00000)
  object space 330752K, 63% used [0x00000006c0000000,0x00000006ccdef3b0,0x00000006d4300000)
 Metaspace       used 6574K, capacity 7280K, committed 7552K, reserved 1056768K
  class space    used 595K, capacity 616K, committed 640K, reserved 1048576K
}
Event: 33.974 GC heap before
{Heap before GC invocations=16 (full 3):
 PSYoungGen      total 553984K, used 533360K [0x000000076ab00000, 0x0000000794b00000, 0x00000007c0000000)
  eden space 459264K, 100% used [0x000000076ab00000,0x0000000786b80000,0x0000000786b80000)
  from space 94720K, 78% used [0x000000078d600000,0x0000000791e5c120,0x0000000793280000)
  to   space 109056K, 0% used [0x0000000786b80000,0x0000000786b80000,0x000000078d600000)
 ParOldGen       total 330752K, used 210876K [0x00000006c0000000, 0x00000006d4300000, 0x000000076ab00000)
  object space 330752K, 63% used [0x00000006c0000000,0x00000006ccdef3b0,0x00000006d4300000)
 Metaspace       used 6582K, capacity 7280K, committed 7552K, reserved 1056768K
  class space    used 595K, capacity 616K, committed 640K, reserved 1048576K

Deoptimization events (10 events):
Event: 28.488 Thread 0x00007f79b41a8000 Uncommon trap: reason=unstable_if action=reinterpret pc=0x00007f79a58b3c78 method=com.android.dx.ssa.back.FirstFitLocalCombiningAllocator.findNextUnreservedRopReg(IILcom/android/dx/ssa/back/FirstFitLocalCombiningAllocator$Alignment;)I @ 32
Event: 28.688 Thread 0x00007f79b41a5800 Uncommon trap: reason=unstable_if action=reinterpret pc=0x00007f79a582d0d4 method=java.util.concurrent.ConcurrentHashMap.putVal(Ljava/lang/Object;Ljava/lang/Object;Z)Ljava/lang/Object; @ 331
Event: 31.797 Thread 0x00007f79b41a5800 Uncommon trap: reason=unstable_if action=reinterpret pc=0x00007f79a5923d8c method=com.android.dx.rop.type.Type.isReference()Z @ 6
Event: 32.177 Thread 0x00007f79b41a2000 Uncommon trap: reason=unstable_if action=reinterpret pc=0x00007f79a588be38 method=com.android.dx.ssa.back.IdenticalBlockCombiner.replaceSucc(Lcom/android/dx/rop/code/BasicBlock;II)V @ 30
Event: 32.493 Thread 0x00007f79b41a5800 Uncommon trap: reason=unstable_if action=reinterpret pc=0x00007f79a589ade0 method=com.android.dx.ssa.back.IdenticalBlockCombiner.replaceSucc(Lcom/android/dx/rop/code/BasicBlock;II)V @ 30
Event: 32.694 Thread 0x00007f79b41a8000 Uncommon trap: reason=unstable_if action=reinterpret pc=0x00007f79a5881270 method=com.android.dx.ssa.SsaMethod.makeExitBlock()V @ 103
Event: 32.694 Thread 0x00007f79b41a8000 Uncommon trap: reason=unstable_if action=reinterpret pc=0x00007f79a5780950 method=com.android.dx.ssa.SsaMethod.getExitBlock()Lcom/android/dx/ssa/SsaBasicBlock; @ 4
Event: 32.694 Thread 0x00007f79b41a8000 Uncommon trap: reason=unstable_if action=reinterpret pc=0x00007f79a58bd2f0 method=com.android.dx.ssa.SsaMethod.getExitBlock()Lcom/android/dx/ssa/SsaBasicBlock; @ 4
Event: 32.797 Thread 0x00007f79b41a5800 Uncommon trap: reason=unstable_if action=reinterpret pc=0x00007f79a5958264 method=com.android.dx.dex.code.RopTranslator.outputBlock(Lcom/android/dx/rop/code/BasicBlock;I)V @ 140
Event: 32.810 Thread 0x00007f79b41a8000 Uncommon trap: reason=unstable_if action=reinterpret pc=0x00007f79a5954af0 method=com.android.dx.cf.code.Merger.mergeType(Lcom/android/dx/rop/type/TypeBearer;Lcom/android/dx/rop/type/TypeBearer;)Lcom/android/dx/rop/type/TypeBearer; @ 133

Classes redefined (0 events):
No events

Internal exceptions (7 events):
Event: 0.168 Thread 0x00007f79b400e800 Exception <a 'java/lang/NoSuchMethodError': Method sun.misc.Unsafe.defineClass(Ljava/lang/String;[BII)Ljava/lang/Class; name or signature does not match> (0x000000076ab07cb0) thrown at [/usr/local/google/buildbot/src/googleplex-android/openjdk/out/hotspot
Event: 0.168 Thread 0x00007f79b400e800 Exception <a 'java/lang/NoSuchMethodError': Method sun.misc.Unsafe.prefetchRead(Ljava/lang/Object;J)V name or signature does not match> (0x000000076ab07f98) thrown at [/usr/local/google/buildbot/src/googleplex-android/openjdk/out/hotspot/src/share/vm/prim
Event: 1.218 Thread 0x00007f79b41a2000 Implicit null exception at 0x00007f79a509626a to 0x00007f79a50986bd
Event: 1.218 Thread 0x00007f79b41a2000 Implicit null exception at 0x00007f79a50adbf8 to 0x00007f79a50b0105
Event: 1.554 Thread 0x00007f79b400e800 Exception <a 'java/lang/ArrayIndexOutOfBoundsException': 18> (0x000000076b67f290) thrown at [/usr/local/google/buildbot/src/googleplex-android/openjdk/out/hotspot/src/share/vm/interpreter/interpreterRuntime.cpp, line 368]
Event: 1.554 Thread 0x00007f79b400e800 Exception <a 'java/lang/ArrayIndexOutOfBoundsException': 145> (0x000000076b680e10) thrown at [/usr/local/google/buildbot/src/googleplex-android/openjdk/out/hotspot/src/share/vm/interpreter/interpreterRuntime.cpp, line 368]
Event: 1.555 Thread 0x00007f79b400e800 Exception <a 'java/lang/ArrayIndexOutOfBoundsException': 40> (0x000000076b6820f8) thrown at [/usr/local/google/buildbot/src/googleplex-android/openjdk/out/hotspot/src/share/vm/interpreter/interpreterRuntime.cpp, line 368]

Events (10 events):
Event: 33.826 Thread 0x00007f79b41a8000 DEOPT UNPACKING pc=0x00007f79a4e354c4 sp=0x00007f799bffde10 mode 0
Event: 33.864 Thread 0x00007f79b41a8000 DEOPT PACKING pc=0x00007f79a5369121 sp=0x00007f799bffe120
Event: 33.864 Thread 0x00007f79b41a8000 DEOPT UNPACKING pc=0x00007f79a4e354c4 sp=0x00007f799bffded0 mode 0
Event: 33.883 Thread 0x00007f79b41a8000 DEOPT PACKING pc=0x00007f79a53597da sp=0x00007f799bffe220
Event: 33.883 Thread 0x00007f79b41a8000 DEOPT UNPACKING pc=0x00007f79a4e354c4 sp=0x00007f799bffdf78 mode 0
Event: 33.892 Thread 0x00007f79b41a5800 DEOPT PACKING pc=0x00007f79a5182d74 sp=0x00007f79a01ec160
Event: 33.892 Thread 0x00007f79b41a5800 DEOPT UNPACKING pc=0x00007f79a4e354c4 sp=0x00007f79a01ebe60 mode 0
Event: 33.923 Thread 0x00007f79b41a9000 DEOPT PACKING pc=0x00007f79a53b9e41 sp=0x00007f799befce10
Event: 33.923 Thread 0x00007f79b41a9000 DEOPT UNPACKING pc=0x00007f79a4e354c4 sp=0x00007f799befcc90 mode 0
Event: 33.966 Executing VM operation: ParallelGCFailedAllocation


Dynamic libraries:
00400000-00401000 r-xp 00000000 08:01 7352713                            /home/niroop/Documents/android-studio/jre/bin/java
00401000-00402000 rw-p 00000000 08:01 7352713                            /home/niroop/Documents/android-studio/jre/bin/java
01224000-01245000 rw-p 00000000 00:00 0                                  [heap]
6c0000000-6d4300000 rw-p 00000000 00:00 0 
6d4300000-76ab00000 ---p 00000000 00:00 0 
76ab00000-794b00000 rw-p 00000000 00:00 0 
7a0900000-7c0000000 ---p 00000000 00:00 0 
7c0000000-7c00a0000 rw-p 00000000 00:00 0 
7c00a0000-800000000 ---p 00000000 00:00 0 
7f7944000000-7f794402b000 rw-p 00000000 00:00 0 
7f794402b000-7f7948000000 ---p 00000000 00:00 0 
7f794c000000-7f794c06d000 rw-p 00000000 00:00 0 
7f794c06d000-7f7950000000 ---p 00000000 00:00 0 
7f7950000000-7f795004e000 rw-p 00000000 00:00 0 
7f795004e000-7f7954000000 ---p 00000000 00:00 0 
7f7954000000-7f7954057000 rw-p 00000000 00:00 0 
7f7954057000-7f7958000000 ---p 00000000 00:00 0 
7f7958000000-7f7958021000 rw-p 00000000 00:00 0 
7f7958021000-7f795c000000 ---p 00000000 00:00 0 
7f795c000000-7f795c021000 rw-p 00000000 00:00 0 
7f795c021000-7f7960000000 ---p 00000000 00:00 0 
7f7960000000-7f7960021000 rw-p 00000000 00:00 0 
7f7960021000-7f7964000000 ---p 00000000 00:00 0 
7f7964000000-7f7965709000 rw-p 00000000 00:00 0 
7f7965709000-7f7968000000 ---p 00000000 00:00 0 
7f7968000000-7f7968e45000 rw-p 00000000 00:00 0 
7f7968e45000-7f796c000000 ---p 00000000 00:00 0 
7f796c000000-7f796c021000 rw-p 00000000 00:00 0 
7f796c021000-7f7970000000 ---p 00000000 00:00 0 
7f7970000000-7f7971558000 rw-p 00000000 00:00 0 
7f7971558000-7f7974000000 ---p 00000000 00:00 0 
7f7974000000-7f7974021000 rw-p 00000000 00:00 0 
7f7974021000-7f7978000000 ---p 00000000 00:00 0 
7f7978000000-7f7978021000 rw-p 00000000 00:00 0 
7f7978021000-7f797c000000 ---p 00000000 00:00 0 
7f797c000000-7f7984000000 rw-p 00000000 00:00 0 
7f7984000000-7f7984021000 rw-p 00000000 00:00 0 
7f7984021000-7f7988000000 ---p 00000000 00:00 0 
7f7988000000-7f79882cd000 rw-p 00000000 00:00 0 
7f79882cd000-7f798c000000 ---p 00000000 00:00 0 
7f798c000000-7f798c021000 rw-p 00000000 00:00 0 
7f798c021000-7f7990000000 ---p 00000000 00:00 0 
7f7994000000-7f7994021000 rw-p 00000000 00:00 0 
7f7994021000-7f7998000000 ---p 00000000 00:00 0 
7f799bdfe000-7f799be01000 ---p 00000000 00:00 0 
7f799be01000-7f799beff000 rw-p 00000000 00:00 0 
7f799beff000-7f799bf02000 ---p 00000000 00:00 0 
7f799bf02000-7f799c000000 rw-p 00000000 00:00 0 
7f799c000000-7f799c021000 rw-p 00000000 00:00 0 
7f799c021000-7f79a0000000 ---p 00000000 00:00 0 
7f79a00e2000-7f79a00ed000 r--s 000a1000 08:01 12723600                   /home/niroop/.android/build-cache/708519143cb1ca08075ced6ae13de74ca64bf15f/output/jars/classes.jar
7f79a00ed000-7f79a00f0000 ---p 00000000 00:00 0 
7f79a00f0000-7f79a01ee000 rw-p 00000000 00:00 0 
7f79a01ee000-7f79a01f1000 ---p 00000000 00:00 0 
7f79a01f1000-7f79a02ef000 rw-p 00000000 00:00 0 
7f79a02ef000-7f79a02f2000 ---p 00000000 00:00 0 
7f79a02f2000-7f79a03f0000 rw-p 00000000 00:00 0 
7f79a03f0000-7f79a03ff000 r--s 000e4000 08:01 11851761                   /home/niroop/Android/Sdk/build-tools/26.0.0/lib/dx.jar
7f79a03ff000-7f79a0400000 ---p 00000000 00:00 0 
7f79a0400000-7f79a0500000 rw-p 00000000 00:00 0 
7f79a0500000-7f79a0503000 ---p 00000000 00:00 0 
7f79a0503000-7f79a0601000 rw-p 00000000 00:00 0 
7f79a0601000-7f79a0602000 ---p 00000000 00:00 0 
7f79a0602000-7f79a0605000 ---p 00000000 00:00 0 
7f79a0605000-7f79a0702000 rw-p 00000000 00:00 0 
7f79a0702000-7f79a0703000 ---p 00000000 00:00 0 
7f79a0703000-7f79a0706000 ---p 00000000 00:00 0 
7f79a0706000-7f79a0803000 rw-p 00000000 00:00 0 
7f79a0803000-7f79a0804000 ---p 00000000 00:00 0 
7f79a0804000-7f79a0807000 ---p 00000000 00:00 0 
7f79a0807000-7f79a0904000 rw-p 00000000 00:00 0 
7f79a0904000-7f79a0907000 ---p 00000000 00:00 0 
7f79a0907000-7f79a0a05000 rw-p 00000000 00:00 0 
7f79a0a05000-7f79a13d4000 r--p 00000000 08:01 6036074                    /usr/lib/locale/locale-archive
7f79a13d4000-7f79a13d7000 ---p 00000000 00:00 0 
7f79a13d7000-7f79a14d5000 rw-p 00000000 00:00 0 
7f79a14d5000-7f79a14d8000 ---p 00000000 00:00 0 
7f79a14d8000-7f79a15d6000 rw-p 00000000 00:00 0 
7f79a15d6000-7f79a15d7000 ---p 00000000 00:00 0 
7f79a15d7000-7f79a268b000 rw-p 00000000 00:00 0 
7f79a268b000-7f79a285d000 r--s 03cad000 08:01 7352843                    /home/niroop/Documents/android-studio/jre/jre/lib/rt.jar
7f79a285d000-7f79a2f93000 rw-p 00000000 00:00 0 
7f79a2f93000-7f79a30d3000 ---p 00000000 00:00 0 
7f79a30d3000-7f79a38d3000 rw-p 00000000 00:00 0 
7f79a38d3000-7f79a38d4000 ---p 00000000 00:00 0 
7f79a38d4000-7f79a39d4000 rw-p 00000000 00:00 0 
7f79a39d4000-7f79a39d5000 ---p 00000000 00:00 0 
7f79a39d5000-7f79a3ad5000 rw-p 00000000 00:00 0 
7f79a3ad5000-7f79a3ad6000 ---p 00000000 00:00 0 
7f79a3ad6000-7f79a3bd6000 rw-p 00000000 00:00 0 
7f79a3bd6000-7f79a3bd7000 ---p 00000000 00:00 0 
7f79a3bd7000-7f79a3d79000 rw-p 00000000 00:00 0 
7f79a3d79000-7f79a422d000 ---p 00000000 00:00 0 
7f79a422d000-7f79a42cf000 rw-p 00000000 00:00 0 
7f79a42cf000-7f79a4782000 ---p 00000000 00:00 0 
7f79a4782000-7f79a48d3000 rw-p 00000000 00:00 0 
7f79a48d3000-7f79a4a2d000 ---p 00000000 00:00 0 
7f79a4a2d000-7f79a4a5e000 rw-p 00000000 00:00 0 
7f79a4a5e000-7f79a4dee000 ---p 00000000 00:00 0 
7f79a4dee000-7f79a59be000 rwxp 00000000 00:00 0 
7f79a59be000-7f79b3dee000 ---p 00000000 00:00 0 
7f79b3dee000-7f79b3df9000 r-xp 00000000 08:01 1840165                    /lib/x86_64-linux-gnu/libnss_files-2.27.so
7f79b3df9000-7f79b3ff8000 ---p 0000b000 08:01 1840165                    /lib/x86_64-linux-gnu/libnss_files-2.27.so
7f79b3ff8000-7f79b3ff9000 r--p 0000a000 08:01 1840165                    /lib/x86_64-linux-gnu/libnss_files-2.27.so
7f79b3ff9000-7f79b3ffa000 rw-p 0000b000 08:01 1840165                    /lib/x86_64-linux-gnu/libnss_files-2.27.so
7f79b3ffa000-7f79b4000000 rw-p 00000000 00:00 0 
7f79b4000000-7f79b4432000 rw-p 00000000 00:00 0 
7f79b4432000-7f79b8000000 ---p 00000000 00:00 0 
7f79b8008000-7f79b80b1000 rw-p 00000000 00:00 0 
7f79b80b1000-7f79b80c8000 r-xp 00000000 08:01 1840159                    /lib/x86_64-linux-gnu/libnsl-2.27.so
7f79b80c8000-7f79b82c7000 ---p 00017000 08:01 1840159                    /lib/x86_64-linux-gnu/libnsl-2.27.so
7f79b82c7000-7f79b82c8000 r--p 00016000 08:01 1840159                    /lib/x86_64-linux-gnu/libnsl-2.27.so
7f79b82c8000-7f79b82c9000 rw-p 00017000 08:01 1840159                    /lib/x86_64-linux-gnu/libnsl-2.27.so
7f79b82c9000-7f79b82cb000 rw-p 00000000 00:00 0 
7f79b82cb000-7f79b82d6000 r-xp 00000000 08:01 1840176                    /lib/x86_64-linux-gnu/libnss_nis-2.27.so
7f79b82d6000-7f79b84d5000 ---p 0000b000 08:01 1840176                    /lib/x86_64-linux-gnu/libnss_nis-2.27.so
7f79b84d5000-7f79b84d6000 r--p 0000a000 08:01 1840176                    /lib/x86_64-linux-gnu/libnss_nis-2.27.so
7f79b84d6000-7f79b84d7000 rw-p 0000b000 08:01 1840176                    /lib/x86_64-linux-gnu/libnss_nis-2.27.so
7f79b84d7000-7f79b84df000 r-xp 00000000 08:01 1840161                    /lib/x86_64-linux-gnu/libnss_compat-2.27.so
7f79b84df000-7f79b86df000 ---p 00008000 08:01 1840161                    /lib/x86_64-linux-gnu/libnss_compat-2.27.so
7f79b86df000-7f79b86e0000 r--p 00008000 08:01 1840161                    /lib/x86_64-linux-gnu/libnss_compat-2.27.so
7f79b86e0000-7f79b86e1000 rw-p 00009000 08:01 1840161                    /lib/x86_64-linux-gnu/libnss_compat-2.27.so
7f79b86e1000-7f79b86e8000 r-xp 00000000 08:01 1840216                    /lib/x86_64-linux-gnu/librt-2.27.so
7f79b86e8000-7f79b88e7000 ---p 00007000 08:01 1840216                    /lib/x86_64-linux-gnu/librt-2.27.so
7f79b88e7000-7f79b88e8000 r--p 00006000 08:01 1840216                    /lib/x86_64-linux-gnu/librt-2.27.so
7f79b88e8000-7f79b88e9000 rw-p 00007000 08:01 1840216                    /lib/x86_64-linux-gnu/librt-2.27.so
7f79b88e9000-7f79b8a86000 r-xp 00000000 08:01 1840138                    /lib/x86_64-linux-gnu/libm-2.27.so
7f79b8a86000-7f79b8c85000 ---p 0019d000 08:01 1840138                    /lib/x86_64-linux-gnu/libm-2.27.so
7f79b8c85000-7f79b8c86000 r--p 0019c000 08:01 1840138                    /lib/x86_64-linux-gnu/libm-2.27.so
7f79b8c86000-7f79b8c87000 rw-p 0019d000 08:01 1840138                    /lib/x86_64-linux-gnu/libm-2.27.so
7f79b8c87000-7f79b98ad000 r-xp 00000000 08:01 7352820                    /home/niroop/Documents/android-studio/jre/jre/lib/amd64/server/libjvm.so
7f79b98ad000-7f79b997d000 rw-p 00c26000 08:01 7352820                    /home/niroop/Documents/android-studio/jre/jre/lib/amd64/server/libjvm.so
7f79b997d000-7f79b99c1000 rw-p 00000000 00:00 0 
7f79b99c1000-7f79b9ba8000 r-xp 00000000 08:01 1840075                    /lib/x86_64-linux-gnu/libc-2.27.so
7f79b9ba8000-7f79b9da8000 ---p 001e7000 08:01 1840075                    /lib/x86_64-linux-gnu/libc-2.27.so
7f79b9da8000-7f79b9dac000 r--p 001e7000 08:01 1840075                    /lib/x86_64-linux-gnu/libc-2.27.so
7f79b9dac000-7f79b9dae000 rw-p 001eb000 08:01 1840075                    /lib/x86_64-linux-gnu/libc-2.27.so
7f79b9dae000-7f79b9db2000 rw-p 00000000 00:00 0 
7f79b9db2000-7f79b9db5000 r-xp 00000000 08:01 1840098                    /lib/x86_64-linux-gnu/libdl-2.27.so
7f79b9db5000-7f79b9fb4000 ---p 00003000 08:01 1840098                    /lib/x86_64-linux-gnu/libdl-2.27.so
7f79b9fb4000-7f79b9fb5000 r--p 00002000 08:01 1840098                    /lib/x86_64-linux-gnu/libdl-2.27.so
7f79b9fb5000-7f79b9fb6000 rw-p 00003000 08:01 1840098                    /lib/x86_64-linux-gnu/libdl-2.27.so
7f79b9fb6000-7f79b9fd0000 r-xp 00000000 08:01 1840208                    /lib/x86_64-linux-gnu/libpthread-2.27.so
7f79b9fd0000-7f79ba1cf000 ---p 0001a000 08:01 1840208                    /lib/x86_64-linux-gnu/libpthread-2.27.so
7f79ba1cf000-7f79ba1d0000 r--p 00019000 08:01 1840208                    /lib/x86_64-linux-gnu/libpthread-2.27.so
7f79ba1d0000-7f79ba1d1000 rw-p 0001a000 08:01 1840208                    /lib/x86_64-linux-gnu/libpthread-2.27.so
7f79ba1d1000-7f79ba1d5000 rw-p 00000000 00:00 0 
7f79ba1d5000-7f79ba1fc000 r-xp 00000000 08:01 1840047                    /lib/x86_64-linux-gnu/ld-2.27.so
7f79ba203000-7f79ba27b000 rw-p 00000000 00:00 0 
7f79ba27b000-7f79ba296000 r-xp 00000000 08:01 7352802                    /home/niroop/Documents/android-studio/jre/jre/lib/amd64/libzip.so
7f79ba296000-7f79ba297000 rw-p 0001a000 08:01 7352802                    /home/niroop/Documents/android-studio/jre/jre/lib/amd64/libzip.so
7f79ba297000-7f79ba2c1000 r-xp 00000000 08:01 7352810                    /home/niroop/Documents/android-studio/jre/jre/lib/amd64/libjava.so
7f79ba2c1000-7f79ba2c3000 rw-p 0002a000 08:01 7352810                    /home/niroop/Documents/android-studio/jre/jre/lib/amd64/libjava.so
7f79ba2c3000-7f79ba2c4000 ---p 00000000 00:00 0 
7f79ba2c4000-7f79ba2c7000 ---p 00000000 00:00 0 
7f79ba2c7000-7f79ba3c6000 rw-p 00000000 00:00 0 
7f79ba3c6000-7f79ba3dc000 r-xp 00000000 08:01 7352701                    /home/niroop/Documents/android-studio/jre/lib/amd64/jli/libjli.so
7f79ba3dc000-7f79ba3dd000 rw-p 00015000 08:01 7352701                    /home/niroop/Documents/android-studio/jre/lib/amd64/jli/libjli.so
7f79ba3dd000-7f79ba3df000 rw-p 00000000 00:00 0 
7f79ba3e3000-7f79ba3eb000 rw-s 00000000 08:01 12590457                   /tmp/hsperfdata_niroop/20747
7f79ba3eb000-7f79ba3ec000 rw-p 00000000 00:00 0 
7f79ba3ec000-7f79ba3ed000 ---p 00000000 00:00 0 
7f79ba3ed000-7f79ba3fa000 r-xp 00000000 08:01 7352798                    /home/niroop/Documents/android-studio/jre/jre/lib/amd64/libverify.so
7f79ba3fa000-7f79ba3fc000 rw-p 0000c000 08:01 7352798                    /home/niroop/Documents/android-studio/jre/jre/lib/amd64/libverify.so
7f79ba3fc000-7f79ba3fd000 r--p 00027000 08:01 1840047                    /lib/x86_64-linux-gnu/ld-2.27.so
7f79ba3fd000-7f79ba3fe000 rw-p 00028000 08:01 1840047                    /lib/x86_64-linux-gnu/ld-2.27.so
7f79ba3fe000-7f79ba3ff000 rw-p 00000000 00:00 0 
7ffe5d93d000-7ffe5d960000 rw-p 00000000 00:00 0                          [stack]
7ffe5d97d000-7ffe5d980000 r--p 00000000 00:00 0                          [vvar]
7ffe5d980000-7ffe5d981000 r-xp 00000000 00:00 0                          [vdso]
ffffffffff600000-ffffffffff601000 r-xp 00000000 00:00 0                  [vsyscall]

VM Arguments:
jvm_args: -Djava.awt.headless=true -Xmx4g -Dfile.encoding=UTF-8 -Duser.country=IN -Duser.language=en -Duser.variant 
java_command: com.android.dx.command.Main --dex --num-threads=4 --multi-dex --output /media/niroop/External HDD/AndroidStudioProjects/User App/app/build/intermediates/transforms/dex/debug/folders/1000/1f/main /home/niroop/.gradle/caches/modules-2/files-2.1/com.twitter/twitter-text/1.13.0/78415b95ae3184c5926d593feab64bfc0b73b2dd/twitter-text-1.13.0.jar /home/niroop/.android/build-cache/344e0ae5b96a066c340cbb65de62b9926cdefc58/output/jars/classes.jar /home/niroop/.android/build-cache/708519143cb1ca08075ced6ae13de74ca64bf15f/output/jars/classes.jar /home/niroop/.gradle/caches/modules-2/files-2.1/com.squareup.okhttp3/okhttp-ws/3.0.1/bd9b51a0188fc8f14bf840a0d326755545206116/okhttp-ws-3.0.1.jar /home/niroop/.android/build-cache/9b622f381cb7bb5838d987a04cc0137936991cc2/output/jars/classes.jar /home/niroop/.android/build-cache/5b51a3324933b67d5359e9286d32d4d1e7e614f2/output/jars/classes.jar /home/niroop/.android/build-cache/12d56c18a42d1f05b9ac1647b156441e2a4dbff5/output/jars/classes.jar /home/niroop/.android/build-cache/0add6791efe6dec7f33222700afd520c9a82813b/output/jars/classes.jar /home/niroop/.gradle/caches/modules-2/files-2.1/com.google.code.gson/gson/2.8.2/3edcfe49d2c6053a70a2a47e4e1c2f94998a49cf/gson-2.8.2.jar /media/niroop/External HDD/AndroidStudioProjects/User App/stripe/build/intermediates/bundles/default/classes.jar /home/niroop/.gradle/caches/modules-2/files-2.1/com.squareup.okhttp3/okhttp/3.12.0/b36f4a04584c0fb0d9af2d3401cdff8dacb1ea54/okhttp-3.12.0.jar /home/niroop/.android/build-cache/26d5ae123ee9172a01bd32d1a79379bec37b7d2d/output/jars/classes.jar /home/niroop/.gradle/caches/modules-2/files-2.1/cz.msebera.android/httpclient/4.4.1.1/c8d96f6fd2bcc179c312da33ee670a71188cc60d/httpclient-4.4.1.1.jar /home/niroop/.android/build-cache/66327af80aa184671fc17553104e2db35ef7a9b3/output/jars/classes.jar /home/niroop/.android/build-cache/b257c5c0db47bbccb6143d3aada52dde313d9b0e/output/jars/classes.jar /home/niroop/.android/build-cache/3bccaacd42e5be60ac7fed01bcd491f7
java_class_path (initial): /home/niroop/Android/Sdk/build-tools/26.0.0/lib/dx.jar
Launcher Type: SUN_STANDARD

Environment Variables:
PATH=/usr/local/sbin:/usr/local/bin:/usr/sbin:/usr/bin:/sbin:/bin:/usr/games:/usr/local/games:/snap/bin:/usr/lib/dart/bin
USERNAME=niroop
SHELL=/bin/bash
DISPLAY=:0

Signal Handlers:
SIGSEGV: [libjvm.so+0xa09650], sa_mask[0]=11111111011111111101111111111110, sa_flags=SA_RESTART|SA_SIGINFO
SIGBUS: [libjvm.so+0xa09650], sa_mask[0]=11111111011111111101111111111110, sa_flags=SA_RESTART|SA_SIGINFO
SIGFPE: [libjvm.so+0x86bc60], sa_mask[0]=11111111011111111101111111111110, sa_flags=SA_RESTART|SA_SIGINFO
SIGPIPE: [libjvm.so+0x86bc60], sa_mask[0]=11111111011111111101111111111110, sa_flags=SA_RESTART|SA_SIGINFO
SIGXFSZ: [libjvm.so+0x86bc60], sa_mask[0]=11111111011111111101111111111110, sa_flags=SA_RESTART|SA_SIGINFO
SIGILL: [libjvm.so+0x86bc60], sa_mask[0]=11111111011111111101111111111110, sa_flags=SA_RESTART|SA_SIGINFO
SIGUSR1: SIG_DFL, sa_mask[0]=00000000000000000000000000000000, sa_flags=none
SIGUSR2: [libjvm.so+0x86bb30], sa_mask[0]=00100000000000000000000000000000, sa_flags=SA_RESTART|SA_SIGINFO
SIGHUP: [libjvm.so+0x86bd20], sa_mask[0]=11111111011111111101111111111110, sa_flags=SA_RESTART|SA_SIGINFO
SIGINT: [libjvm.so+0x86bd20], sa_mask[0]=11111111011111111101111111111110, sa_flags=SA_RESTART|SA_SIGINFO
SIGTERM: [libjvm.so+0x86bd20], sa_mask[0]=11111111011111111101111111111110, sa_flags=SA_RESTART|SA_SIGINFO
SIGQUIT: [libjvm.so+0x86bd20], sa_mask[0]=11111111011111111101111111111110, sa_flags=SA_RESTART|SA_SIGINFO


---------------  S Y S T E M  ---------------

OS:DISTRIB_ID=Ubuntu
DISTRIB_RELEASE=18.04
DISTRIB_CODENAME=bionic
DISTRIB_DESCRIPTION="Ubuntu 18.04.3 LTS"

uname:Linux 5.0.0-37-generic #40~18.04.1-Ubuntu SMP Thu Nov 14 12:06:39 UTC 2019 x86_64
libc:glibc 2.27 NPTL 2.27 
rlimit: STACK 8192k, CORE 0k, NPROC 23162, NOFILE 1048576, AS infinity
load average:16.26 4.92 2.80

/proc/meminfo:
MemTotal:        5979864 kB
MemFree:          366700 kB
MemAvailable:     300796 kB
Buffers:            2876 kB
Cached:           184808 kB
SwapCached:        12896 kB
Active:          4510148 kB
Inactive:         745436 kB
Active(anon):    4499644 kB
Inactive(anon):   703928 kB
Active(file):      10504 kB
Inactive(file):    41508 kB
Unevictable:          56 kB
Mlocked:              48 kB
SwapTotal:       2097148 kB
SwapFree:            172 kB
Dirty:                64 kB
Writeback:             0 kB
AnonPages:       5058492 kB
Mapped:            95612 kB
Shmem:            135364 kB
KReclaimable:      77712 kB
Slab:             147576 kB
SReclaimable:      77712 kB
SUnreclaim:        69864 kB
KernelStack:       19232 kB
PageTables:        86224 kB
NFS_Unstable:          0 kB
Bounce:                0 kB
WritebackTmp:          0 kB
CommitLimit:     5087080 kB
Committed_AS:   15969216 kB
VmallocTotal:   34359738367 kB
VmallocUsed:           0 kB
VmallocChunk:          0 kB
Percpu:             2528 kB
HardwareCorrupted:     0 kB
AnonHugePages:         0 kB
ShmemHugePages:        0 kB
ShmemPmdMapped:        0 kB
CmaTotal:              0 kB
CmaFree:               0 kB
HugePages_Total:       0
HugePages_Free:        0
HugePages_Rsvd:        0
HugePages_Surp:        0
Hugepagesize:       2048 kB
Hugetlb:               0 kB
DirectMap4k:      270616 kB
DirectMap2M:     5900288 kB

container (cgroup) information:
container_type: cgroupv1
cpu_cpuset_cpus: 0-3
cpu_memory_nodes: 0
active_processor_count: 4
cpu_quota: -1
cpu_period: 100000
cpu_shares: -1
memory_limit_in_bytes: -1
memory_and_swap_limit_in_bytes: -2
memory_soft_limit_in_bytes: -1
memory_usage_in_bytes: 5381861376
memory_max_usage_in_bytes: 138997760


CPU:total 4 (initial active 4) (2 cores per cpu, 2 threads per core) family 6 model 58 stepping 9, cmov, cx8, fxsr, mmx, sse, sse2, sse3, ssse3, sse4.1, sse4.2, popcnt, avx, aes, clmul, erms, ht, tsc, tscinvbit, tscinv

/proc/cpuinfo:
processor	: 0
vendor_id	: GenuineIntel
cpu family	: 6
model		: 58
model name	: Intel(R) Core(TM) i5-3337U CPU @ 1.80GHz
stepping	: 9
microcode	: 0x21
cpu MHz		: 2494.285
cache size	: 3072 KB
physical id	: 0
siblings	: 4
core id		: 0
cpu cores	: 2
apicid		: 0
initial apicid	: 0
fpu		: yes
fpu_exception	: yes
cpuid level	: 13
wp		: yes
flags		: fpu vme de pse tsc msr pae mce cx8 apic sep mtrr pge mca cmov pat pse36 clflush dts acpi mmx fxsr sse sse2 ss ht tm pbe syscall nx rdtscp lm constant_tsc arch_perfmon pebs bts rep_good nopl xtopology nonstop_tsc cpuid aperfmperf pni pclmulqdq dtes64 monitor ds_cpl vmx est tm2 ssse3 cx16 xtpr pdcm pcid sse4_1 sse4_2 x2apic popcnt tsc_deadline_timer aes xsave avx f16c rdrand lahf_lm cpuid_fault epb pti ssbd ibrs ibpb stibp tpr_shadow vnmi flexpriority ept vpid fsgsbase smep erms xsaveopt dtherm ida arat pln pts md_clear flush_l1d
bugs		: cpu_meltdown spectre_v1 spectre_v2 spec_store_bypass l1tf mds swapgs itlb_multihit
bogomips	: 3591.77
clflush size	: 64
cache_alignment	: 64
address sizes	: 36 bits physical, 48 bits virtual
power management:

processor	: 1
vendor_id	: GenuineIntel
cpu family	: 6
model		: 58
model name	: Intel(R) Core(TM) i5-3337U CPU @ 1.80GHz
stepping	: 9
microcode	: 0x21
cpu MHz		: 2494.284
cache size	: 3072 KB
physical id	: 0
siblings	: 4
core id		: 0
cpu cores	: 2
apicid		: 1
initial apicid	: 1
fpu		: yes
fpu_exception	: yes
cpuid level	: 13
wp		: yes
flags		: fpu vme de pse tsc msr pae mce cx8 apic sep mtrr pge mca cmov pat pse36 clflush dts acpi mmx fxsr sse sse2 ss ht tm pbe syscall nx rdtscp lm constant_tsc arch_perfmon pebs bts rep_good nopl xtopology nonstop_tsc cpuid aperfmperf pni pclmulqdq dtes64 monitor ds_cpl vmx est tm2 ssse3 cx16 xtpr pdcm pcid sse4_1 sse4_2 x2apic popcnt tsc_deadline_timer aes xsave avx f16c rdrand lahf_lm cpuid_fault epb pti ssbd ibrs ibpb stibp tpr_shadow vnmi flexpriority ept vpid fsgsbase smep erms xsaveopt dtherm ida arat pln pts md_clear flush_l1d
bugs		: cpu_meltdown spectre_v1 spectre_v2 spec_store_bypass l1tf mds swapgs itlb_multihit
bogomips	: 3591.77
clflush size	: 64
cache_alignment	: 64
address sizes	: 36 bits physical, 48 bits virtual
power management:

processor	: 2
vendor_id	: GenuineIntel
cpu family	: 6
model		: 58
model name	: Intel(R) Core(TM) i5-3337U CPU @ 1.80GHz
stepping	: 9
microcode	: 0x21
cpu MHz		: 2494.326
cache size	: 3072 KB
physical id	: 0
siblings	: 4
core id		: 1
cpu cores	: 2
apicid		: 2
initial apicid	: 2
fpu		: yes
fpu_exception	: yes
cpuid level	: 13
wp		: yes
flags		: fpu vme de pse tsc msr pae mce cx8 apic sep mtrr pge mca cmov pat pse36 clflush dts acpi mmx fxsr sse sse2 ss ht tm pbe syscall nx rdtscp lm constant_tsc arch_perfmon pebs bts rep_good nopl xtopology nonstop_tsc cpuid aperfmperf pni pclmulqdq dtes64 monitor ds_cpl vmx est tm2 ssse3 cx16 xtpr pdcm pcid sse4_1 sse4_2 x2apic popcnt tsc_deadline_timer aes xsave avx f16c rdrand lahf_lm cpuid_fault epb pti ssbd ibrs ibpb stibp tpr_shadow vnmi flexpriority ept vpid fsgsbase smep erms xsaveopt dtherm ida arat pln pts md_clear flush_l1d
bugs		: cpu_meltdown spectre_v1 spectre_v2 spec_store_bypass l1tf mds swapgs itlb_multihit
bogomips	: 3591.77
clflush size	: 64
cache_alignment	: 64
address sizes	: 36 bits physical, 48 bits virtual
power management:

processor	: 3
vendor_id	: GenuineIntel
cpu family	: 6
model		: 58
model name	: Intel(R) Core(TM) i5-3337U CPU @ 1.80GHz
stepping	: 9
microcode	: 0x21
cpu MHz		: 2494.288
cache size	: 3072 KB
physical id	: 0
siblings	: 4
core id		: 1
cpu cores	: 2
apicid		: 3
initial apicid	: 3
fpu		: yes
fpu_exception	: yes
cpuid level	: 13
wp		: yes
flags		: fpu vme de pse tsc msr pae mce cx8 apic sep mtrr pge mca cmov pat pse36 clflush dts acpi mmx fxsr sse sse2 ss ht tm pbe syscall nx rdtscp lm constant_tsc arch_perfmon pebs bts rep_good nopl xtopology nonstop_tsc cpuid aperfmperf pni pclmulqdq dtes64 monitor ds_cpl vmx est tm2 ssse3 cx16 xtpr pdcm pcid sse4_1 sse4_2 x2apic popcnt tsc_deadline_timer aes xsave avx f16c rdrand lahf_lm cpuid_fault epb pti ssbd ibrs ibpb stibp tpr_shadow vnmi flexpriority ept vpid fsgsbase smep erms xsaveopt dtherm ida arat pln pts md_clear flush_l1d
bugs		: cpu_meltdown spectre_v1 spectre_v2 spec_store_bypass l1tf mds swapgs itlb_multihit
bogomips	: 3591.77
clflush size	: 64
cache_alignment	: 64
address sizes	: 36 bits physical, 48 bits virtual
power management:



Memory: 4k page, physical 5979864k(364440k free), swap 2097148k(204k free)

vm_info: OpenJDK 64-Bit Server VM (25.202-b49-5587405) for linux-amd64 JRE (1.8.0_202-release-1483-b49-5587405), built by "android-build" with gcc 4.8

time: Fri Mar 13 18:13:02 2020
timezone: IST
elapsed time: 53 seconds (0d 0h 0m 53s)

