#
# There is insufficient memory for the Java Runtime Environment to continue.
# Native memory allocation (mmap) failed to map 132120576 bytes for committing reserved memory.
# Possible reasons:
#   The system is out of physical RAM or swap space
#   The process is running with CompressedOops enabled, and the Java Heap may be blocking the growth of the native heap
# Possible solutions:
#   Reduce memory load on the system
#   Increase physical memory or swap space
#   Check if swap backing store is full
#   Decrease Java heap size (-Xmx/-Xms)
#   Decrease number of Java threads
#   Decrease Java thread stack sizes (-Xss)
#   Set larger code cache with -XX:ReservedCodeCacheSize=
#   JVM is running with Zero Based Compressed Oops mode in which the Java heap is
#     placed in the first 32GB address space. The Java Heap base address is the
#     maximum limit for the native heap growth. Please use -XX:HeapBaseMinAddress
#     to set the Java Heap base and to place the Java Heap above 32GB virtual address.
# This output file may be truncated or incomplete.
#
#  Out of Memory Error (os_linux.cpp:2753), pid=25020, tid=0x00007fb92999b700
#
# JRE version: OpenJDK Runtime Environment (8.0_202) (build 1.8.0_202-release-1483-b49-5587405)
# Java VM: OpenJDK 64-Bit Server VM (25.202-b49-5587405 mixed mode linux-amd64 compressed oops)
# Failed to write core dump. Core dumps have been disabled. To enable core dumping, try "ulimit -c unlimited" before starting Java again
#

---------------  T H R E A D  ---------------

Current thread (0x00007fb93c07c800):  VMThread [stack: 0x00007fb92989c000,0x00007fb92999c000] [id=25031]

Stack: [0x00007fb92989c000,0x00007fb92999c000],  sp=0x00007fb92999a510,  free space=1017k
Native frames: (J=compiled Java code, j=interpreted, Vv=VM code, C=native code)
V  [libjvm.so+0xa08b78]  VMError::report_and_die()+0x148
V  [libjvm.so+0x4d412a]  report_vm_out_of_memory(char const*, int, unsigned long, VMErrorType, char const*)+0x8a
V  [libjvm.so+0x870478]  os::pd_commit_memory(char*, unsigned long, unsigned long, bool)+0xd8
V  [libjvm.so+0x867f9f]  os::commit_memory(char*, unsigned long, unsigned long, bool)+0x1f
V  [libjvm.so+0x8e14eb]  PSVirtualSpace::expand_by(unsigned long)+0x5b
V  [libjvm.so+0x8e2140]  PSYoungGen::resize_generation(unsigned long, unsigned long)+0xb0
V  [libjvm.so+0x8e245b]  PSYoungGen::resize(unsigned long, unsigned long)+0x1b
V  [libjvm.so+0x8deb8e]  PSScavenge::invoke_no_policy()+0xdce
V  [libjvm.so+0x8df348]  PSScavenge::invoke()+0x38
V  [libjvm.so+0x893763]  ParallelScavengeHeap::failed_mem_allocate(unsigned long)+0x63
V  [libjvm.so+0xa0a644]  VM_ParallelGCFailedAllocation::doit()+0x84
V  [libjvm.so+0xa0ea17]  VM_Operation::evaluate()+0x47
V  [libjvm.so+0xa0d498]  VMThread::evaluate_operation(VM_Operation*)+0x218
V  [libjvm.so+0xa0d8d1]  VMThread::loop()+0x1f1
V  [libjvm.so+0xa0dd02]  VMThread::run()+0x72
V  [libjvm.so+0x86d652]  java_start(Thread*)+0xf2

VM_Operation (0x00007fb9284bff30): ParallelGCFailedAllocation, mode: safepoint, requested by thread 0x00007fb93c19f800


---------------  P R O C E S S  ---------------

Java Threads: ( => current thread )
  0x00007fb93c1a2800 JavaThread "pool-2-thread-4" [_thread_blocked, id=25044, stack(0x00007fb9281bf000,0x00007fb9282c0000)]
  0x00007fb93c1a1800 JavaThread "pool-2-thread-3" [_thread_blocked, id=25043, stack(0x00007fb9282c0000,0x00007fb9283c1000)]
  0x00007fb93c19f800 JavaThread "pool-2-thread-2" [_thread_blocked, id=25042, stack(0x00007fb9283c1000,0x00007fb9284c2000)]
  0x00007fb93c193800 JavaThread "pool-3-thread-1" [_thread_blocked, id=25041, stack(0x00007fb9284c2000,0x00007fb9285c3000)]
  0x00007fb93c192000 JavaThread "pool-2-thread-1" [_thread_blocked, id=25040, stack(0x00007fb9285c3000,0x00007fb9286c4000)]
  0x00007fb93c0cc800 JavaThread "Service Thread" daemon [_thread_blocked, id=25038, stack(0x00007fb9287c5000,0x00007fb9288c6000)]
  0x00007fb93c0c1800 JavaThread "C1 CompilerThread2" daemon [_thread_blocked, id=25037, stack(0x00007fb9288c7000,0x00007fb9289c7000)]
  0x00007fb93c0bf800 JavaThread "C2 CompilerThread1" daemon [_thread_blocked, id=25036, stack(0x00007fb9289c8000,0x00007fb928ac8000)]
  0x00007fb93c0bc800 JavaThread "C2 CompilerThread0" daemon [_thread_blocked, id=25035, stack(0x00007fb928ac9000,0x00007fb928bc9000)]
  0x00007fb93c0b8800 JavaThread "Signal Dispatcher" daemon [_thread_blocked, id=25034, stack(0x00007fb928bc9000,0x00007fb928cca000)]
  0x00007fb93c088800 JavaThread "Finalizer" daemon [_thread_blocked, id=25033, stack(0x00007fb929699000,0x00007fb92979a000)]
  0x00007fb93c086000 JavaThread "Reference Handler" daemon [_thread_blocked, id=25032, stack(0x00007fb92979a000,0x00007fb92989b000)]
  0x00007fb93c00e800 JavaThread "main" [_thread_blocked, id=25026, stack(0x00007fb942593000,0x00007fb942693000)]

Other Threads:
=>0x00007fb93c07c800 VMThread [stack: 0x00007fb92989c000,0x00007fb92999c000] [id=25031]
  0x00007fb93c0cf000 WatcherThread [stack: 0x00007fb9286c5000,0x00007fb9287c5000] [id=25039]

VM state:at safepoint (normal execution)

VM Mutex/Monitor currently owned by a thread:  ([mutex/lock_event])
[0x00007fb93c00b060] Threads_lock - owner thread: 0x00007fb93c07c800
[0x00007fb93c00b560] Heap_lock - owner thread: 0x00007fb93c19f800

heap address: 0x00000006c0000000, size: 4096 MB, Compressed Oops mode: Zero based, Oop shift amount: 3
Narrow klass base: 0x0000000000000000, Narrow klass shift: 3
Compressed class space size: 1073741824 Address: 0x00000007c0000000

Heap:
 PSYoungGen      total 759808K, used 276981K [0x000000076ab00000, 0x00000007aba80000, 0x00000007c0000000)
  eden space 482816K, 0% used [0x000000076ab00000,0x000000076ab00000,0x0000000788280000)
  from space 276992K, 99% used [0x0000000788280000,0x00000007990fd568,0x0000000799100000)
  to   space 243200K, 0% used [0x0000000799100000,0x0000000799100000,0x00000007a7e80000)
 ParOldGen       total 715264K, used 502945K [0x00000006c0000000, 0x00000006eba80000, 0x000000076ab00000)
  object space 715264K, 70% used [0x00000006c0000000,0x00000006deb28690,0x00000006eba80000)
 Metaspace       used 6712K, capacity 7344K, committed 7552K, reserved 1056768K
  class space    used 600K, capacity 616K, committed 640K, reserved 1048576K

Card table byte_map: [0x00007fb92c43f000,0x00007fb92cc40000] byte_map_base: 0x00007fb928e3f000

Marking Bits: (ParMarkBitMap*) 0x00007fb941c61920
 Begin Bits: [0x00007fb904000000, 0x00007fb908000000)
 End Bits:   [0x00007fb908000000, 0x00007fb90c000000)

Polling page: 0x00007fb9426bb000

CodeCache: size=245760Kb used=13073Kb max_used=13090Kb free=232686Kb
 bounds [0x00007fb92d000000, 0x00007fb92dce0000, 0x00007fb93c000000]
 total_blobs=2897 nmethods=2623 adapters=187
 compilation: enabled

Compilation events (10 events):
Event: 50.693 Thread 0x00007fb93c0c1800 3301   !   3       com.android.dx.cf.code.OneLocalsArray::set (106 bytes)
Event: 50.694 Thread 0x00007fb93c0c1800 nmethod 3301 0x00007fb92dcc4f50 code [0x00007fb92dcc51a0, 0x00007fb92dcc5fd8]
Event: 50.697 Thread 0x00007fb93c0c1800 3302       3       com.android.dx.cf.code.ExecutionStack::peek (42 bytes)
Event: 50.698 Thread 0x00007fb93c0c1800 nmethod 3302 0x00007fb92dcc6610 code [0x00007fb92dcc6820, 0x00007fb92dcc7208]
Event: 50.712 Thread 0x00007fb93c0c1800 3303       3       com.android.dx.ssa.back.FirstFitLocalCombiningAllocator$Alignment$1::nextClearBit (26 bytes)
Event: 50.712 Thread 0x00007fb93c0c1800 nmethod 3303 0x00007fb92dcc7790 code [0x00007fb92dcc7920, 0x00007fb92dcc7cb8]
Event: 50.741 Thread 0x00007fb93c0bc800 nmethod 3279 0x00007fb92dcce950 code [0x00007fb92dccee20, 0x00007fb92dcd2bf0]
Event: 50.741 Thread 0x00007fb93c0bc800 3286       4       com.android.dx.dex.code.RopTranslator$LocalVariableAwareTranslationVisitor::visitThrowingCstInsn (11 bytes)
Event: 50.755 Thread 0x00007fb93c0bc800 nmethod 3286 0x00007fb92dcc8ed0 code [0x00007fb92dcc90a0, 0x00007fb92dcc9768]
Event: 50.755 Thread 0x00007fb93c0bc800 3304       4       com.android.dx.rop.cst.CstString::equals (24 bytes)

GC Heap History (10 events):
Event: 19.948 GC heap after
Heap after GC invocations=23 (full 4):
 PSYoungGen      total 594432K, used 148190K [0x000000076ab00000, 0x000000079ec80000, 0x00000007c0000000)
  eden space 435712K, 0% used [0x000000076ab00000,0x000000076ab00000,0x0000000785480000)
  from space 158720K, 93% used [0x0000000785480000,0x000000078e537b78,0x000000078ef80000)
  to   space 181248K, 0% used [0x0000000793b80000,0x0000000793b80000,0x000000079ec80000)
 ParOldGen       total 488448K, used 373495K [0x00000006c0000000, 0x00000006ddd00000, 0x000000076ab00000)
  object space 488448K, 76% used [0x00000006c0000000,0x00000006d6cbdcc0,0x00000006ddd00000)
 Metaspace       used 6654K, capacity 7344K, committed 7552K, reserved 1056768K
  class space    used 598K, capacity 616K, committed 640K, reserved 1048576K
}
Event: 21.201 GC heap before
{Heap before GC invocations=24 (full 4):
 PSYoungGen      total 594432K, used 583902K [0x000000076ab00000, 0x000000079ec80000, 0x00000007c0000000)
  eden space 435712K, 100% used [0x000000076ab00000,0x0000000785480000,0x0000000785480000)
  from space 158720K, 93% used [0x0000000785480000,0x000000078e537b78,0x000000078ef80000)
  to   space 181248K, 0% used [0x0000000793b80000,0x0000000793b80000,0x000000079ec80000)
 ParOldGen       total 488448K, used 373495K [0x00000006c0000000, 0x00000006ddd00000, 0x000000076ab00000)
  object space 488448K, 76% used [0x00000006c0000000,0x00000006d6cbdcc0,0x00000006ddd00000)
 Metaspace       used 6655K, capacity 7344K, committed 7552K, reserved 1056768K
  class space    used 598K, capacity 616K, committed 640K, reserved 1048576K
Event: 21.566 GC heap after
Heap after GC invocations=24 (full 4):
 PSYoungGen      total 631296K, used 181239K [0x000000076ab00000, 0x00000007a4300000, 0x00000007c0000000)
  eden space 450048K, 0% used [0x000000076ab00000,0x000000076ab00000,0x0000000786280000)
  from space 181248K, 99% used [0x0000000793b80000,0x000000079ec7ddb8,0x000000079ec80000)
  to   space 222208K, 0% used [0x0000000786280000,0x0000000786280000,0x0000000793b80000)
 ParOldGen       total 488448K, used 404369K [0x00000006c0000000, 0x00000006ddd00000, 0x000000076ab00000)
  object space 488448K, 82% used [0x00000006c0000000,0x00000006d8ae47e8,0x00000006ddd00000)
 Metaspace       used 6655K, capacity 7344K, committed 7552K, reserved 1056768K
  class space    used 598K, capacity 616K, committed 640K, reserved 1048576K
}
Event: 22.733 GC heap before
{Heap before GC invocations=25 (full 4):
 PSYoungGen      total 631296K, used 631287K [0x000000076ab00000, 0x00000007a4300000, 0x00000007c0000000)
  eden space 450048K, 100% used [0x000000076ab00000,0x0000000786280000,0x0000000786280000)
  from space 181248K, 99% used [0x0000000793b80000,0x000000079ec7ddb8,0x000000079ec80000)
  to   space 222208K, 0% used [0x0000000786280000,0x0000000786280000,0x0000000793b80000)
 ParOldGen       total 488448K, used 404369K [0x00000006c0000000, 0x00000006ddd00000, 0x000000076ab00000)
  object space 488448K, 82% used [0x00000006c0000000,0x00000006d8ae47e8,0x00000006ddd00000)
 Metaspace       used 6663K, capacity 7344K, committed 7552K, reserved 1056768K
  class space    used 599K, capacity 616K, committed 640K, reserved 1048576K
Event: 23.019 GC heap after
Heap after GC invocations=25 (full 4):
 PSYoungGen      total 672256K, used 178546K [0x000000076ab00000, 0x00000007a7e80000, 0x00000007c0000000)
  eden space 450048K, 0% used [0x000000076ab00000,0x000000076ab00000,0x0000000786280000)
  from space 222208K, 80% used [0x0000000786280000,0x00000007910dc928,0x0000000793b80000)
  to   space 243200K, 0% used [0x0000000799100000,0x0000000799100000,0x00000007a7e80000)
 ParOldGen       total 488448K, used 477261K [0x00000006c0000000, 0x00000006ddd00000, 0x000000076ab00000)
  object space 488448K, 97% used [0x00000006c0000000,0x00000006dd2137f8,0x00000006ddd00000)
 Metaspace       used 6663K, capacity 7344K, committed 7552K, reserved 1056768K
  class space    used 599K, capacity 616K, committed 640K, reserved 1048576K
}
Event: 23.019 GC heap before
{Heap before GC invocations=26 (full 5):
 PSYoungGen      total 672256K, used 178546K [0x000000076ab00000, 0x00000007a7e80000, 0x00000007c0000000)
  eden space 450048K, 0% used [0x000000076ab00000,0x000000076ab00000,0x0000000786280000)
  from space 222208K, 80% used [0x0000000786280000,0x00000007910dc928,0x0000000793b80000)
  to   space 243200K, 0% used [0x0000000799100000,0x0000000799100000,0x00000007a7e80000)
 ParOldGen       total 488448K, used 477261K [0x00000006c0000000, 0x00000006ddd00000, 0x000000076ab00000)
  object space 488448K, 97% used [0x00000006c0000000,0x00000006dd2137f8,0x00000006ddd00000)
 Metaspace       used 6663K, capacity 7344K, committed 7552K, reserved 1056768K
  class space    used 599K, capacity 616K, committed 640K, reserved 1048576K
Event: 27.376 GC heap after
Heap after GC invocations=26 (full 5):
 PSYoungGen      total 672256K, used 159799K [0x000000076ab00000, 0x00000007a7e80000, 0x00000007c0000000)
  eden space 450048K, 0% used [0x000000076ab00000,0x000000076ab00000,0x0000000786280000)
  from space 222208K, 71% used [0x0000000786280000,0x000000078fe8de18,0x0000000793b80000)
  to   space 243200K, 0% used [0x0000000799100000,0x0000000799100000,0x00000007a7e80000)
 ParOldGen       total 715264K, used 488040K [0x00000006c0000000, 0x00000006eba80000, 0x000000076ab00000)
  object space 715264K, 68% used [0x00000006c0000000,0x00000006ddc9a2e8,0x00000006eba80000)
 Metaspace       used 6663K, capacity 7344K, committed 7552K, reserved 1056768K
  class space    used 599K, capacity 616K, committed 640K, reserved 1048576K
}
Event: 28.569 GC heap before
{Heap before GC invocations=27 (full 5):
 PSYoungGen      total 672256K, used 609847K [0x000000076ab00000, 0x00000007a7e80000, 0x00000007c0000000)
  eden space 450048K, 100% used [0x000000076ab00000,0x0000000786280000,0x0000000786280000)
  from space 222208K, 71% used [0x0000000786280000,0x000000078fe8de18,0x0000000793b80000)
  to   space 243200K, 0% used [0x0000000799100000,0x0000000799100000,0x00000007a7e80000)
 ParOldGen       total 715264K, used 488040K [0x00000006c0000000, 0x00000006eba80000, 0x000000076ab00000)
  object space 715264K, 68% used [0x00000006c0000000,0x00000006ddc9a2e8,0x00000006eba80000)
 Metaspace       used 6663K, capacity 7344K, committed 7552K, reserved 1056768K
  class space    used 599K, capacity 616K, committed 640K, reserved 1048576K
Event: 29.616 GC heap after
Heap after GC invocations=27 (full 5):
 PSYoungGen      total 726016K, used 224753K [0x000000076ab00000, 0x00000007aba80000, 0x00000007c0000000)
  eden space 482816K, 0% used [0x000000076ab00000,0x000000076ab00000,0x0000000788280000)
  from space 243200K, 92% used [0x0000000799100000,0x00000007a6c7c6e0,0x00000007a7e80000)
  to   space 276992K, 0% used [0x0000000788280000,0x0000000788280000,0x0000000799100000)
 ParOldGen       total 715264K, used 488040K [0x00000006c0000000, 0x00000006eba80000, 0x000000076ab00000)
  object space 715264K, 68% used [0x00000006c0000000,0x00000006ddc9a2e8,0x00000006eba80000)
 Metaspace       used 6663K, capacity 7344K, committed 7552K, reserved 1056768K
  class space    used 599K, capacity 616K, committed 640K, reserved 1048576K
}
Event: 50.756 GC heap before
{Heap before GC invocations=28 (full 5):
 PSYoungGen      total 726016K, used 707569K [0x000000076ab00000, 0x00000007aba80000, 0x00000007c0000000)
  eden space 482816K, 100% used [0x000000076ab00000,0x0000000788280000,0x0000000788280000)
  from space 243200K, 92% used [0x0000000799100000,0x00000007a6c7c6e0,0x00000007a7e80000)
  to   space 276992K, 0% used [0x0000000788280000,0x0000000788280000,0x0000000799100000)
 ParOldGen       total 715264K, used 488040K [0x00000006c0000000, 0x00000006eba80000, 0x000000076ab00000)
  object space 715264K, 68% used [0x00000006c0000000,0x00000006ddc9a2e8,0x00000006eba80000)
 Metaspace       used 6712K, capacity 7344K, committed 7552K, reserved 1056768K
  class space    used 600K, capacity 616K, committed 640K, reserved 1048576K

Deoptimization events (10 events):
Event: 50.003 Thread 0x00007fb93c00e800 Uncommon trap: reason=unstable_if action=reinterpret pc=0x00007fb92d18d7c4 method=java.lang.String.lastIndexOf([CII[CIII)I @ 135
Event: 50.543 Thread 0x00007fb93c1a1800 Uncommon trap: reason=class_check action=maybe_recompile pc=0x00007fb92d20eed4 method=com.android.dx.rop.cst.CstLiteral32.equals(Ljava/lang/Object;)Z @ 20
Event: 50.546 Thread 0x00007fb93c1a1800 Uncommon trap: reason=class_check action=maybe_recompile pc=0x00007fb92d20eed4 method=com.android.dx.rop.cst.CstLiteral32.equals(Ljava/lang/Object;)Z @ 20
Event: 50.548 Thread 0x00007fb93c1a1800 Uncommon trap: reason=class_check action=maybe_recompile pc=0x00007fb92d20eed4 method=com.android.dx.rop.cst.CstLiteral32.equals(Ljava/lang/Object;)Z @ 20
Event: 50.548 Thread 0x00007fb93c1a1800 Uncommon trap: reason=class_check action=maybe_recompile pc=0x00007fb92d20eed4 method=com.android.dx.rop.cst.CstLiteral32.equals(Ljava/lang/Object;)Z @ 20
Event: 50.636 Thread 0x00007fb93c1a2800 Uncommon trap: reason=class_check action=maybe_recompile pc=0x00007fb92db850f0 method=com.android.dx.dex.cf.CfTranslator.coerceConstant(Lcom/android/dx/rop/cst/TypedConstant;Lcom/android/dx/rop/type/Type;)Lcom/android/dx/rop/cst/TypedConstant; @ 1
Event: 50.636 Thread 0x00007fb93c1a2800 Uncommon trap: reason=class_check action=maybe_recompile pc=0x00007fb92db850f0 method=com.android.dx.dex.cf.CfTranslator.coerceConstant(Lcom/android/dx/rop/cst/TypedConstant;Lcom/android/dx/rop/type/Type;)Lcom/android/dx/rop/cst/TypedConstant; @ 1
Event: 50.636 Thread 0x00007fb93c1a2800 Uncommon trap: reason=class_check action=maybe_recompile pc=0x00007fb92db850f0 method=com.android.dx.dex.cf.CfTranslator.coerceConstant(Lcom/android/dx/rop/cst/TypedConstant;Lcom/android/dx/rop/type/Type;)Lcom/android/dx/rop/cst/TypedConstant; @ 1
Event: 50.636 Thread 0x00007fb93c1a2800 Uncommon trap: reason=class_check action=maybe_recompile pc=0x00007fb92db850f0 method=com.android.dx.dex.cf.CfTranslator.coerceConstant(Lcom/android/dx/rop/cst/TypedConstant;Lcom/android/dx/rop/type/Type;)Lcom/android/dx/rop/cst/TypedConstant; @ 1
Event: 50.738 Thread 0x00007fb93c19f800 Uncommon trap: reason=unstable_if action=reinterpret pc=0x00007fb92db55584 method=com.android.dx.dex.cf.AttributeTranslator.getAnnotations0(Lcom/android/dx/cf/iface/AttributeList;)Lcom/android/dx/rop/annotation/Annotations; @ 29

Classes redefined (0 events):
No events

Internal exceptions (10 events):
Event: 0.100 Thread 0x00007fb93c00e800 Exception <a 'java/lang/NoSuchMethodError': Method sun.misc.Unsafe.prefetchRead(Ljava/lang/Object;J)V name or signature does not match> (0x000000076ab07f98) thrown at [/usr/local/google/buildbot/src/googleplex-android/openjdk/out/hotspot/src/share/vm/prim
Event: 0.946 Thread 0x00007fb93c1a2800 Implicit null exception at 0x00007fb92d2c26fc to 0x00007fb92d2c441d
Event: 1.206 Thread 0x00007fb93c19f800 Implicit null exception at 0x00007fb92d2e674b to 0x00007fb92d2e8cc9
Event: 1.428 Thread 0x00007fb93c1a1800 Exception <a 'java/lang/ArrayIndexOutOfBoundsException': 18> (0x000000076be3f450) thrown at [/usr/local/google/buildbot/src/googleplex-android/openjdk/out/hotspot/src/share/vm/interpreter/interpreterRuntime.cpp, line 368]
Event: 1.429 Thread 0x00007fb93c1a1800 Exception <a 'java/lang/ArrayIndexOutOfBoundsException': 145> (0x000000076be40fd0) thrown at [/usr/local/google/buildbot/src/googleplex-android/openjdk/out/hotspot/src/share/vm/interpreter/interpreterRuntime.cpp, line 368]
Event: 1.430 Thread 0x00007fb93c1a1800 Exception <a 'java/lang/ArrayIndexOutOfBoundsException': 40> (0x000000076be422b8) thrown at [/usr/local/google/buildbot/src/googleplex-android/openjdk/out/hotspot/src/share/vm/interpreter/interpreterRuntime.cpp, line 368]
Event: 11.657 Thread 0x00007fb93c19f800 Implicit null exception at 0x00007fb92d9080f5 to 0x00007fb92d908b1d
Event: 17.928 Thread 0x00007fb93c1a2800 Implicit null exception at 0x00007fb92dc1990d to 0x00007fb92dc1a5a5
Event: 18.914 Thread 0x00007fb93c1a2800 Implicit null exception at 0x00007fb92d8a0bb1 to 0x00007fb92d8a5339
Event: 18.915 Thread 0x00007fb93c1a2800 Implicit null exception at 0x00007fb92d920c97 to 0x00007fb92d923ff5

Events (10 events):
Event: 50.636 Thread 0x00007fb93c1a2800 Uncommon trap: trap_request=0xffffffde fr.pc=0x00007fb92db850f0
Event: 50.636 Thread 0x00007fb93c1a2800 DEOPT PACKING pc=0x00007fb92db850f0 sp=0x00007fb9282be620
Event: 50.636 Thread 0x00007fb93c1a2800 DEOPT UNPACKING pc=0x00007fb92d04547a sp=0x00007fb9282be5d0 mode 2
Event: 50.636 Thread 0x00007fb93c1a2800 Uncommon trap: trap_request=0xffffffde fr.pc=0x00007fb92db850f0
Event: 50.636 Thread 0x00007fb93c1a2800 DEOPT PACKING pc=0x00007fb92db850f0 sp=0x00007fb9282be620
Event: 50.636 Thread 0x00007fb93c1a2800 DEOPT UNPACKING pc=0x00007fb92d04547a sp=0x00007fb9282be5d0 mode 2
Event: 50.738 Thread 0x00007fb93c19f800 Uncommon trap: trap_request=0xffffff65 fr.pc=0x00007fb92db55584
Event: 50.738 Thread 0x00007fb93c19f800 DEOPT PACKING pc=0x00007fb92db55584 sp=0x00007fb9284c0350
Event: 50.738 Thread 0x00007fb93c19f800 DEOPT UNPACKING pc=0x00007fb92d04547a sp=0x00007fb9284c02c0 mode 2
Event: 50.755 Executing VM operation: ParallelGCFailedAllocation


Dynamic libraries:
00400000-00401000 r-xp 00000000 08:01 7352713                            /home/niroop/Documents/android-studio/jre/bin/java
00401000-00402000 rw-p 00000000 08:01 7352713                            /home/niroop/Documents/android-studio/jre/bin/java
0121c000-0123d000 rw-p 00000000 00:00 0                                  [heap]
6c0000000-6eba80000 rw-p 00000000 00:00 0 
6eba80000-76ab00000 ---p 00000000 00:00 0 
76ab00000-7aba80000 rw-p 00000000 00:00 0 
7b3880000-7c0000000 ---p 00000000 00:00 0 
7c0000000-7c00a0000 rw-p 00000000 00:00 0 
7c00a0000-800000000 ---p 00000000 00:00 0 
7fb8cc000000-7fb8cc02d000 rw-p 00000000 00:00 0 
7fb8cc02d000-7fb8d0000000 ---p 00000000 00:00 0 
7fb8d4000000-7fb8d404f000 rw-p 00000000 00:00 0 
7fb8d404f000-7fb8d8000000 ---p 00000000 00:00 0 
7fb8d8000000-7fb8d8037000 rw-p 00000000 00:00 0 
7fb8d8037000-7fb8dc000000 ---p 00000000 00:00 0 
7fb8dc000000-7fb8dc051000 rw-p 00000000 00:00 0 
7fb8dc051000-7fb8e0000000 ---p 00000000 00:00 0 
7fb8e0000000-7fb8e0021000 rw-p 00000000 00:00 0 
7fb8e0021000-7fb8e4000000 ---p 00000000 00:00 0 
7fb8e4000000-7fb8e4021000 rw-p 00000000 00:00 0 
7fb8e4021000-7fb8e8000000 ---p 00000000 00:00 0 
7fb8e8000000-7fb8e8021000 rw-p 00000000 00:00 0 
7fb8e8021000-7fb8ec000000 ---p 00000000 00:00 0 
7fb8ec000000-7fb8ed2e4000 rw-p 00000000 00:00 0 
7fb8ed2e4000-7fb8f0000000 ---p 00000000 00:00 0 
7fb8f0000000-7fb8f0c44000 rw-p 00000000 00:00 0 
7fb8f0c44000-7fb8f4000000 ---p 00000000 00:00 0 
7fb8f4000000-7fb8f4021000 rw-p 00000000 00:00 0 
7fb8f4021000-7fb8f8000000 ---p 00000000 00:00 0 
7fb8f8000000-7fb8f99db000 rw-p 00000000 00:00 0 
7fb8f99db000-7fb8fc000000 ---p 00000000 00:00 0 
7fb8fc000000-7fb8fc021000 rw-p 00000000 00:00 0 
7fb8fc021000-7fb900000000 ---p 00000000 00:00 0 
7fb900000000-7fb900021000 rw-p 00000000 00:00 0 
7fb900021000-7fb904000000 ---p 00000000 00:00 0 
7fb904000000-7fb90c000000 rw-p 00000000 00:00 0 
7fb90c000000-7fb90c021000 rw-p 00000000 00:00 0 
7fb90c021000-7fb910000000 ---p 00000000 00:00 0 
7fb910000000-7fb9102f5000 rw-p 00000000 00:00 0 
7fb9102f5000-7fb914000000 ---p 00000000 00:00 0 
7fb914000000-7fb914021000 rw-p 00000000 00:00 0 
7fb914021000-7fb918000000 ---p 00000000 00:00 0 
7fb91c000000-7fb91c021000 rw-p 00000000 00:00 0 
7fb91c021000-7fb920000000 ---p 00000000 00:00 0 
7fb924000000-7fb924021000 rw-p 00000000 00:00 0 
7fb924021000-7fb928000000 ---p 00000000 00:00 0 
7fb9281bf000-7fb9281c2000 ---p 00000000 00:00 0 
7fb9281c2000-7fb9282c0000 rw-p 00000000 00:00 0 
7fb9282c0000-7fb9282c3000 ---p 00000000 00:00 0 
7fb9282c3000-7fb9283c1000 rw-p 00000000 00:00 0 
7fb9283c1000-7fb9283c4000 ---p 00000000 00:00 0 
7fb9283c4000-7fb9284c2000 rw-p 00000000 00:00 0 
7fb9284c2000-7fb9284c5000 ---p 00000000 00:00 0 
7fb9284c5000-7fb9285c3000 rw-p 00000000 00:00 0 
7fb9285c3000-7fb9285c6000 ---p 00000000 00:00 0 
7fb9285c6000-7fb9286c4000 rw-p 00000000 00:00 0 
7fb9286c4000-7fb9286c5000 ---p 00000000 00:00 0 
7fb9286c5000-7fb9287c5000 rw-p 00000000 00:00 0 
7fb9287c5000-7fb9287c8000 ---p 00000000 00:00 0 
7fb9287c8000-7fb9288c6000 rw-p 00000000 00:00 0 
7fb9288c6000-7fb9288c7000 ---p 00000000 00:00 0 
7fb9288c7000-7fb9288ca000 ---p 00000000 00:00 0 
7fb9288ca000-7fb9289c7000 rw-p 00000000 00:00 0 
7fb9289c7000-7fb9289c8000 ---p 00000000 00:00 0 
7fb9289c8000-7fb9289cb000 ---p 00000000 00:00 0 
7fb9289cb000-7fb928ac8000 rw-p 00000000 00:00 0 
7fb928ac8000-7fb928ac9000 ---p 00000000 00:00 0 
7fb928ac9000-7fb928acc000 ---p 00000000 00:00 0 
7fb928acc000-7fb928bc9000 rw-p 00000000 00:00 0 
7fb928bc9000-7fb928bcc000 ---p 00000000 00:00 0 
7fb928bcc000-7fb928cca000 rw-p 00000000 00:00 0 
7fb928cca000-7fb929699000 r--p 00000000 08:01 6036074                    /usr/lib/locale/locale-archive
7fb929699000-7fb92969c000 ---p 00000000 00:00 0 
7fb92969c000-7fb92979a000 rw-p 00000000 00:00 0 
7fb92979a000-7fb92979d000 ---p 00000000 00:00 0 
7fb92979d000-7fb92989b000 rw-p 00000000 00:00 0 
7fb92989b000-7fb92989c000 ---p 00000000 00:00 0 
7fb92989c000-7fb92a99e000 rw-p 00000000 00:00 0 
7fb92a99e000-7fb92ab70000 r--s 03cad000 08:01 7352843                    /home/niroop/Documents/android-studio/jre/jre/lib/rt.jar
7fb92ab70000-7fb92b2a6000 rw-p 00000000 00:00 0 
7fb92b2a6000-7fb92b3e6000 ---p 00000000 00:00 0 
7fb92b3e6000-7fb92bbe6000 rw-p 00000000 00:00 0 
7fb92bbe6000-7fb92bbe7000 ---p 00000000 00:00 0 
7fb92bbe7000-7fb92bce7000 rw-p 00000000 00:00 0 
7fb92bce7000-7fb92bce8000 ---p 00000000 00:00 0 
7fb92bce8000-7fb92bde8000 rw-p 00000000 00:00 0 
7fb92bde8000-7fb92bde9000 ---p 00000000 00:00 0 
7fb92bde9000-7fb92c047000 rw-p 00000000 00:00 0 
7fb92c047000-7fb92c43f000 ---p 00000000 00:00 0 
7fb92c43f000-7fb92c59d000 rw-p 00000000 00:00 0 
7fb92c59d000-7fb92c994000 ---p 00000000 00:00 0 
7fb92c994000-7fb92cb9d000 rw-p 00000000 00:00 0 
7fb92cb9d000-7fb92cc3f000 ---p 00000000 00:00 0 
7fb92cc3f000-7fb92cc74000 rw-p 00000000 00:00 0 
7fb92cc74000-7fb92d000000 ---p 00000000 00:00 0 
7fb92d000000-7fb92dce0000 rwxp 00000000 00:00 0 
7fb92dce0000-7fb93c000000 ---p 00000000 00:00 0 
7fb93c000000-7fb93c422000 rw-p 00000000 00:00 0 
7fb93c422000-7fb940000000 ---p 00000000 00:00 0 
7fb940003000-7fb940012000 r--s 000e4000 08:01 11851761                   /home/niroop/Android/Sdk/build-tools/26.0.0/lib/dx.jar
7fb940012000-7fb94006d000 rw-p 00000000 00:00 0 
7fb94006d000-7fb94006e000 ---p 00000000 00:00 0 
7fb94006e000-7fb94016e000 rw-p 00000000 00:00 0 
7fb94016e000-7fb940179000 r-xp 00000000 08:01 1840165                    /lib/x86_64-linux-gnu/libnss_files-2.27.so
7fb940179000-7fb940378000 ---p 0000b000 08:01 1840165                    /lib/x86_64-linux-gnu/libnss_files-2.27.so
7fb940378000-7fb940379000 r--p 0000a000 08:01 1840165                    /lib/x86_64-linux-gnu/libnss_files-2.27.so
7fb940379000-7fb94037a000 rw-p 0000b000 08:01 1840165                    /lib/x86_64-linux-gnu/libnss_files-2.27.so
7fb94037a000-7fb940380000 rw-p 00000000 00:00 0 
7fb940380000-7fb940397000 r-xp 00000000 08:01 1840159                    /lib/x86_64-linux-gnu/libnsl-2.27.so
7fb940397000-7fb940596000 ---p 00017000 08:01 1840159                    /lib/x86_64-linux-gnu/libnsl-2.27.so
7fb940596000-7fb940597000 r--p 00016000 08:01 1840159                    /lib/x86_64-linux-gnu/libnsl-2.27.so
7fb940597000-7fb940598000 rw-p 00017000 08:01 1840159                    /lib/x86_64-linux-gnu/libnsl-2.27.so
7fb940598000-7fb94059a000 rw-p 00000000 00:00 0 
7fb94059a000-7fb9405a5000 r-xp 00000000 08:01 1840176                    /lib/x86_64-linux-gnu/libnss_nis-2.27.so
7fb9405a5000-7fb9407a4000 ---p 0000b000 08:01 1840176                    /lib/x86_64-linux-gnu/libnss_nis-2.27.so
7fb9407a4000-7fb9407a5000 r--p 0000a000 08:01 1840176                    /lib/x86_64-linux-gnu/libnss_nis-2.27.so
7fb9407a5000-7fb9407a6000 rw-p 0000b000 08:01 1840176                    /lib/x86_64-linux-gnu/libnss_nis-2.27.so
7fb9407a6000-7fb9407ae000 r-xp 00000000 08:01 1840161                    /lib/x86_64-linux-gnu/libnss_compat-2.27.so
7fb9407ae000-7fb9409ae000 ---p 00008000 08:01 1840161                    /lib/x86_64-linux-gnu/libnss_compat-2.27.so
7fb9409ae000-7fb9409af000 r--p 00008000 08:01 1840161                    /lib/x86_64-linux-gnu/libnss_compat-2.27.so
7fb9409af000-7fb9409b0000 rw-p 00009000 08:01 1840161                    /lib/x86_64-linux-gnu/libnss_compat-2.27.so
7fb9409b0000-7fb9409b7000 r-xp 00000000 08:01 1840216                    /lib/x86_64-linux-gnu/librt-2.27.so
7fb9409b7000-7fb940bb6000 ---p 00007000 08:01 1840216                    /lib/x86_64-linux-gnu/librt-2.27.so
7fb940bb6000-7fb940bb7000 r--p 00006000 08:01 1840216                    /lib/x86_64-linux-gnu/librt-2.27.so
7fb940bb7000-7fb940bb8000 rw-p 00007000 08:01 1840216                    /lib/x86_64-linux-gnu/librt-2.27.so
7fb940bb8000-7fb940d55000 r-xp 00000000 08:01 1840138                    /lib/x86_64-linux-gnu/libm-2.27.so
7fb940d55000-7fb940f54000 ---p 0019d000 08:01 1840138                    /lib/x86_64-linux-gnu/libm-2.27.so
7fb940f54000-7fb940f55000 r--p 0019c000 08:01 1840138                    /lib/x86_64-linux-gnu/libm-2.27.so
7fb940f55000-7fb940f56000 rw-p 0019d000 08:01 1840138                    /lib/x86_64-linux-gnu/libm-2.27.so
7fb940f56000-7fb941b7c000 r-xp 00000000 08:01 7352820                    /home/niroop/Documents/android-studio/jre/jre/lib/amd64/server/libjvm.so
7fb941b7c000-7fb941c4c000 rw-p 00c26000 08:01 7352820                    /home/niroop/Documents/android-studio/jre/jre/lib/amd64/server/libjvm.so
7fb941c4c000-7fb941c90000 rw-p 00000000 00:00 0 
7fb941c90000-7fb941e77000 r-xp 00000000 08:01 1840075                    /lib/x86_64-linux-gnu/libc-2.27.so
7fb941e77000-7fb942077000 ---p 001e7000 08:01 1840075                    /lib/x86_64-linux-gnu/libc-2.27.so
7fb942077000-7fb94207b000 r--p 001e7000 08:01 1840075                    /lib/x86_64-linux-gnu/libc-2.27.so
7fb94207b000-7fb94207d000 rw-p 001eb000 08:01 1840075                    /lib/x86_64-linux-gnu/libc-2.27.so
7fb94207d000-7fb942081000 rw-p 00000000 00:00 0 
7fb942081000-7fb942084000 r-xp 00000000 08:01 1840098                    /lib/x86_64-linux-gnu/libdl-2.27.so
7fb942084000-7fb942283000 ---p 00003000 08:01 1840098                    /lib/x86_64-linux-gnu/libdl-2.27.so
7fb942283000-7fb942284000 r--p 00002000 08:01 1840098                    /lib/x86_64-linux-gnu/libdl-2.27.so
7fb942284000-7fb942285000 rw-p 00003000 08:01 1840098                    /lib/x86_64-linux-gnu/libdl-2.27.so
7fb942285000-7fb94229f000 r-xp 00000000 08:01 1840208                    /lib/x86_64-linux-gnu/libpthread-2.27.so
7fb94229f000-7fb94249e000 ---p 0001a000 08:01 1840208                    /lib/x86_64-linux-gnu/libpthread-2.27.so
7fb94249e000-7fb94249f000 r--p 00019000 08:01 1840208                    /lib/x86_64-linux-gnu/libpthread-2.27.so
7fb94249f000-7fb9424a0000 rw-p 0001a000 08:01 1840208                    /lib/x86_64-linux-gnu/libpthread-2.27.so
7fb9424a0000-7fb9424a4000 rw-p 00000000 00:00 0 
7fb9424a4000-7fb9424cb000 r-xp 00000000 08:01 1840047                    /lib/x86_64-linux-gnu/ld-2.27.so
7fb9424d2000-7fb94254a000 rw-p 00000000 00:00 0 
7fb94254a000-7fb942565000 r-xp 00000000 08:01 7352802                    /home/niroop/Documents/android-studio/jre/jre/lib/amd64/libzip.so
7fb942565000-7fb942566000 rw-p 0001a000 08:01 7352802                    /home/niroop/Documents/android-studio/jre/jre/lib/amd64/libzip.so
7fb942566000-7fb942590000 r-xp 00000000 08:01 7352810                    /home/niroop/Documents/android-studio/jre/jre/lib/amd64/libjava.so
7fb942590000-7fb942592000 rw-p 0002a000 08:01 7352810                    /home/niroop/Documents/android-studio/jre/jre/lib/amd64/libjava.so
7fb942592000-7fb942593000 ---p 00000000 00:00 0 
7fb942593000-7fb942596000 ---p 00000000 00:00 0 
7fb942596000-7fb942695000 rw-p 00000000 00:00 0 
7fb942695000-7fb9426ab000 r-xp 00000000 08:01 7352701                    /home/niroop/Documents/android-studio/jre/lib/amd64/jli/libjli.so
7fb9426ab000-7fb9426ac000 rw-p 00015000 08:01 7352701                    /home/niroop/Documents/android-studio/jre/lib/amd64/jli/libjli.so
7fb9426ac000-7fb9426ae000 rw-p 00000000 00:00 0 
7fb9426b2000-7fb9426ba000 rw-s 00000000 08:01 12583288                   /tmp/hsperfdata_niroop/25020
7fb9426ba000-7fb9426bb000 rw-p 00000000 00:00 0 
7fb9426bb000-7fb9426bc000 ---p 00000000 00:00 0 
7fb9426bc000-7fb9426c9000 r-xp 00000000 08:01 7352798                    /home/niroop/Documents/android-studio/jre/jre/lib/amd64/libverify.so
7fb9426c9000-7fb9426cb000 rw-p 0000c000 08:01 7352798                    /home/niroop/Documents/android-studio/jre/jre/lib/amd64/libverify.so
7fb9426cb000-7fb9426cc000 r--p 00027000 08:01 1840047                    /lib/x86_64-linux-gnu/ld-2.27.so
7fb9426cc000-7fb9426cd000 rw-p 00028000 08:01 1840047                    /lib/x86_64-linux-gnu/ld-2.27.so
7fb9426cd000-7fb9426ce000 rw-p 00000000 00:00 0 
7ffd78363000-7ffd78385000 rw-p 00000000 00:00 0                          [stack]
7ffd78385000-7ffd78388000 r--p 00000000 00:00 0                          [vvar]
7ffd78388000-7ffd78389000 r-xp 00000000 00:00 0                          [vdso]
ffffffffff600000-ffffffffff601000 r-xp 00000000 00:00 0                  [vsyscall]

VM Arguments:
jvm_args: -Djava.awt.headless=true -Xmx4g -Dfile.encoding=UTF-8 -Duser.country=IN -Duser.language=en -Duser.variant 
java_command: com.android.dx.command.Main --dex --num-threads=4 --multi-dex --output /media/niroop/External HDD/AndroidStudioProjects/User App/app/build/intermediates/transforms/dex/debug/folders/1000/1f/main /home/niroop/.gradle/caches/modules-2/files-2.1/com.twitter/twitter-text/1.13.0/78415b95ae3184c5926d593feab64bfc0b73b2dd/twitter-text-1.13.0.jar /home/niroop/.android/build-cache/344e0ae5b96a066c340cbb65de62b9926cdefc58/output/jars/classes.jar /home/niroop/.android/build-cache/708519143cb1ca08075ced6ae13de74ca64bf15f/output/jars/classes.jar /home/niroop/.gradle/caches/modules-2/files-2.1/com.squareup.okhttp3/okhttp-ws/3.0.1/bd9b51a0188fc8f14bf840a0d326755545206116/okhttp-ws-3.0.1.jar /home/niroop/.android/build-cache/9b622f381cb7bb5838d987a04cc0137936991cc2/output/jars/classes.jar /home/niroop/.android/build-cache/5b51a3324933b67d5359e9286d32d4d1e7e614f2/output/jars/classes.jar /home/niroop/.android/build-cache/12d56c18a42d1f05b9ac1647b156441e2a4dbff5/output/jars/classes.jar /home/niroop/.android/build-cache/0add6791efe6dec7f33222700afd520c9a82813b/output/jars/classes.jar /media/niroop/External HDD/AndroidStudioProjects/User App/stripe/build/intermediates/bundles/default/classes.jar /home/niroop/.android/build-cache/26d5ae123ee9172a01bd32d1a79379bec37b7d2d/output/jars/classes.jar /home/niroop/.gradle/caches/modules-2/files-2.1/com.google.code.gson/gson/2.3/5fc52c41ef0239d1093a1eb7c3697036183677ce/gson-2.3.jar /home/niroop/.gradle/caches/modules-2/files-2.1/cz.msebera.android/httpclient/4.4.1.1/c8d96f6fd2bcc179c312da33ee670a71188cc60d/httpclient-4.4.1.1.jar /home/niroop/.android/build-cache/66327af80aa184671fc17553104e2db35ef7a9b3/output/jars/classes.jar /home/niroop/.android/build-cache/b257c5c0db47bbccb6143d3aada52dde313d9b0e/output/jars/classes.jar /home/niroop/.android/build-cache/3bccaacd42e5be60ac7fed01bcd491f7523ce2f1/output/jars/classes.jar /home/niroop/.android/build-cache/64700c7b9fdf25534d3d17e45870aa364dcf0d2b/output/jars/classes.jar /home/niroop/.
java_class_path (initial): /home/niroop/Android/Sdk/build-tools/26.0.0/lib/dx.jar
Launcher Type: SUN_STANDARD

Environment Variables:
PATH=/usr/local/sbin:/usr/local/bin:/usr/sbin:/usr/bin:/sbin:/bin:/usr/games:/usr/local/games:/snap/bin:/usr/lib/dart/bin
USERNAME=niroop
SHELL=/bin/bash
DISPLAY=:0

Signal Handlers:
SIGSEGV: [libjvm.so+0xa09650], sa_mask[0]=11111111011111111101111111111110, sa_flags=SA_RESTART|SA_SIGINFO
SIGBUS: [libjvm.so+0xa09650], sa_mask[0]=11111111011111111101111111111110, sa_flags=SA_RESTART|SA_SIGINFO
SIGFPE: [libjvm.so+0x86bc60], sa_mask[0]=11111111011111111101111111111110, sa_flags=SA_RESTART|SA_SIGINFO
SIGPIPE: [libjvm.so+0x86bc60], sa_mask[0]=11111111011111111101111111111110, sa_flags=SA_RESTART|SA_SIGINFO
SIGXFSZ: [libjvm.so+0x86bc60], sa_mask[0]=11111111011111111101111111111110, sa_flags=SA_RESTART|SA_SIGINFO
SIGILL: [libjvm.so+0x86bc60], sa_mask[0]=11111111011111111101111111111110, sa_flags=SA_RESTART|SA_SIGINFO
SIGUSR1: SIG_DFL, sa_mask[0]=00000000000000000000000000000000, sa_flags=none
SIGUSR2: [libjvm.so+0x86bb30], sa_mask[0]=00100000000000000000000000000000, sa_flags=SA_RESTART|SA_SIGINFO
SIGHUP: SIG_IGN, sa_mask[0]=00000000000000000000000000000000, sa_flags=none
SIGINT: [libjvm.so+0x86bd20], sa_mask[0]=11111111011111111101111111111110, sa_flags=SA_RESTART|SA_SIGINFO
SIGTERM: [libjvm.so+0x86bd20], sa_mask[0]=11111111011111111101111111111110, sa_flags=SA_RESTART|SA_SIGINFO
SIGQUIT: [libjvm.so+0x86bd20], sa_mask[0]=11111111011111111101111111111110, sa_flags=SA_RESTART|SA_SIGINFO


---------------  S Y S T E M  ---------------

OS:DISTRIB_ID=Ubuntu
DISTRIB_RELEASE=18.04
DISTRIB_CODENAME=bionic
DISTRIB_DESCRIPTION="Ubuntu 18.04.3 LTS"

uname:Linux 5.0.0-37-generic #40~18.04.1-Ubuntu SMP Thu Nov 14 12:06:39 UTC 2019 x86_64
libc:glibc 2.27 NPTL 2.27 
rlimit: STACK 8192k, CORE 0k, NPROC 23162, NOFILE 1048576, AS infinity
load average:13.14 4.24 2.76

/proc/meminfo:
MemTotal:        5979864 kB
MemFree:          115780 kB
MemAvailable:      55764 kB
Buffers:            2440 kB
Cached:           159104 kB
SwapCached:         1736 kB
Active:          4769104 kB
Inactive:         741508 kB
Active(anon):    4740724 kB
Inactive(anon):   714392 kB
Active(file):      28380 kB
Inactive(file):    27116 kB
Unevictable:         124 kB
Mlocked:              48 kB
SwapTotal:       2097148 kB
SwapFree:              4 kB
Dirty:               276 kB
Writeback:             0 kB
AnonPages:       5348804 kB
Mapped:            52028 kB
Shmem:            105892 kB
KReclaimable:      86008 kB
Slab:             157312 kB
SReclaimable:      86008 kB
SUnreclaim:        71304 kB
KernelStack:       17168 kB
PageTables:        77872 kB
NFS_Unstable:          0 kB
Bounce:                0 kB
WritebackTmp:          0 kB
CommitLimit:     5087080 kB
Committed_AS:   14750432 kB
VmallocTotal:   34359738367 kB
VmallocUsed:           0 kB
VmallocChunk:          0 kB
Percpu:             2528 kB
HardwareCorrupted:     0 kB
AnonHugePages:         0 kB
ShmemHugePages:        0 kB
ShmemPmdMapped:        0 kB
CmaTotal:              0 kB
CmaFree:               0 kB
HugePages_Total:       0
HugePages_Free:        0
HugePages_Rsvd:        0
HugePages_Surp:        0
Hugepagesize:       2048 kB
Hugetlb:               0 kB
DirectMap4k:      307480 kB
DirectMap2M:     5863424 kB

container (cgroup) information:
container_type: cgroupv1
cpu_cpuset_cpus: 0-3
cpu_memory_nodes: 0
active_processor_count: 4
cpu_quota: -1
cpu_period: 100000
cpu_shares: -1
memory_limit_in_bytes: -1
memory_and_swap_limit_in_bytes: -2
memory_soft_limit_in_bytes: -1
memory_usage_in_bytes: 5642944512
memory_max_usage_in_bytes: 278478848


CPU:total 4 (initial active 4) (2 cores per cpu, 2 threads per core) family 6 model 58 stepping 9, cmov, cx8, fxsr, mmx, sse, sse2, sse3, ssse3, sse4.1, sse4.2, popcnt, avx, aes, clmul, erms, ht, tsc, tscinvbit, tscinv

/proc/cpuinfo:
processor	: 0
vendor_id	: GenuineIntel
cpu family	: 6
model		: 58
model name	: Intel(R) Core(TM) i5-3337U CPU @ 1.80GHz
stepping	: 9
microcode	: 0x21
cpu MHz		: 1010.937
cache size	: 3072 KB
physical id	: 0
siblings	: 4
core id		: 0
cpu cores	: 2
apicid		: 0
initial apicid	: 0
fpu		: yes
fpu_exception	: yes
cpuid level	: 13
wp		: yes
flags		: fpu vme de pse tsc msr pae mce cx8 apic sep mtrr pge mca cmov pat pse36 clflush dts acpi mmx fxsr sse sse2 ss ht tm pbe syscall nx rdtscp lm constant_tsc arch_perfmon pebs bts rep_good nopl xtopology nonstop_tsc cpuid aperfmperf pni pclmulqdq dtes64 monitor ds_cpl vmx est tm2 ssse3 cx16 xtpr pdcm pcid sse4_1 sse4_2 x2apic popcnt tsc_deadline_timer aes xsave avx f16c rdrand lahf_lm cpuid_fault epb pti ssbd ibrs ibpb stibp tpr_shadow vnmi flexpriority ept vpid fsgsbase smep erms xsaveopt dtherm ida arat pln pts md_clear flush_l1d
bugs		: cpu_meltdown spectre_v1 spectre_v2 spec_store_bypass l1tf mds swapgs itlb_multihit
bogomips	: 3591.95
clflush size	: 64
cache_alignment	: 64
address sizes	: 36 bits physical, 48 bits virtual
power management:

processor	: 1
vendor_id	: GenuineIntel
cpu family	: 6
model		: 58
model name	: Intel(R) Core(TM) i5-3337U CPU @ 1.80GHz
stepping	: 9
microcode	: 0x21
cpu MHz		: 1122.877
cache size	: 3072 KB
physical id	: 0
siblings	: 4
core id		: 0
cpu cores	: 2
apicid		: 1
initial apicid	: 1
fpu		: yes
fpu_exception	: yes
cpuid level	: 13
wp		: yes
flags		: fpu vme de pse tsc msr pae mce cx8 apic sep mtrr pge mca cmov pat pse36 clflush dts acpi mmx fxsr sse sse2 ss ht tm pbe syscall nx rdtscp lm constant_tsc arch_perfmon pebs bts rep_good nopl xtopology nonstop_tsc cpuid aperfmperf pni pclmulqdq dtes64 monitor ds_cpl vmx est tm2 ssse3 cx16 xtpr pdcm pcid sse4_1 sse4_2 x2apic popcnt tsc_deadline_timer aes xsave avx f16c rdrand lahf_lm cpuid_fault epb pti ssbd ibrs ibpb stibp tpr_shadow vnmi flexpriority ept vpid fsgsbase smep erms xsaveopt dtherm ida arat pln pts md_clear flush_l1d
bugs		: cpu_meltdown spectre_v1 spectre_v2 spec_store_bypass l1tf mds swapgs itlb_multihit
bogomips	: 3591.95
clflush size	: 64
cache_alignment	: 64
address sizes	: 36 bits physical, 48 bits virtual
power management:

processor	: 2
vendor_id	: GenuineIntel
cpu family	: 6
model		: 58
model name	: Intel(R) Core(TM) i5-3337U CPU @ 1.80GHz
stepping	: 9
microcode	: 0x21
cpu MHz		: 1006.482
cache size	: 3072 KB
physical id	: 0
siblings	: 4
core id		: 1
cpu cores	: 2
apicid		: 2
initial apicid	: 2
fpu		: yes
fpu_exception	: yes
cpuid level	: 13
wp		: yes
flags		: fpu vme de pse tsc msr pae mce cx8 apic sep mtrr pge mca cmov pat pse36 clflush dts acpi mmx fxsr sse sse2 ss ht tm pbe syscall nx rdtscp lm constant_tsc arch_perfmon pebs bts rep_good nopl xtopology nonstop_tsc cpuid aperfmperf pni pclmulqdq dtes64 monitor ds_cpl vmx est tm2 ssse3 cx16 xtpr pdcm pcid sse4_1 sse4_2 x2apic popcnt tsc_deadline_timer aes xsave avx f16c rdrand lahf_lm cpuid_fault epb pti ssbd ibrs ibpb stibp tpr_shadow vnmi flexpriority ept vpid fsgsbase smep erms xsaveopt dtherm ida arat pln pts md_clear flush_l1d
bugs		: cpu_meltdown spectre_v1 spectre_v2 spec_store_bypass l1tf mds swapgs itlb_multihit
bogomips	: 3591.95
clflush size	: 64
cache_alignment	: 64
address sizes	: 36 bits physical, 48 bits virtual
power management:

processor	: 3
vendor_id	: GenuineIntel
cpu family	: 6
model		: 58
model name	: Intel(R) Core(TM) i5-3337U CPU @ 1.80GHz
stepping	: 9
microcode	: 0x21
cpu MHz		: 1052.406
cache size	: 3072 KB
physical id	: 0
siblings	: 4
core id		: 1
cpu cores	: 2
apicid		: 3
initial apicid	: 3
fpu		: yes
fpu_exception	: yes
cpuid level	: 13
wp		: yes
flags		: fpu vme de pse tsc msr pae mce cx8 apic sep mtrr pge mca cmov pat pse36 clflush dts acpi mmx fxsr sse sse2 ss ht tm pbe syscall nx rdtscp lm constant_tsc arch_perfmon pebs bts rep_good nopl xtopology nonstop_tsc cpuid aperfmperf pni pclmulqdq dtes64 monitor ds_cpl vmx est tm2 ssse3 cx16 xtpr pdcm pcid sse4_1 sse4_2 x2apic popcnt tsc_deadline_timer aes xsave avx f16c rdrand lahf_lm cpuid_fault epb pti ssbd ibrs ibpb stibp tpr_shadow vnmi flexpriority ept vpid fsgsbase smep erms xsaveopt dtherm ida arat pln pts md_clear flush_l1d
bugs		: cpu_meltdown spectre_v1 spectre_v2 spec_store_bypass l1tf mds swapgs itlb_multihit
bogomips	: 3591.95
clflush size	: 64
cache_alignment	: 64
address sizes	: 36 bits physical, 48 bits virtual
power management:



Memory: 4k page, physical 5979864k(116300k free), swap 2097148k(4k free)

vm_info: OpenJDK 64-Bit Server VM (25.202-b49-5587405) for linux-amd64 JRE (1.8.0_202-release-1483-b49-5587405), built by "android-build" with gcc 4.8

time: Mon Mar 16 16:44:13 2020
timezone: IST
elapsed time: 51 seconds (0d 0h 0m 51s)

