#
# There is insufficient memory for the Java Runtime Environment to continue.
# Native memory allocation (mmap) failed to map 207618048 bytes for committing reserved memory.
# Possible reasons:
#   The system is out of physical RAM or swap space
#   The process is running with CompressedOops enabled, and the Java Heap may be blocking the growth of the native heap
# Possible solutions:
#   Reduce memory load on the system
#   Increase physical memory or swap space
#   Check if swap backing store is full
#   Decrease Java heap size (-Xmx/-Xms)
#   Decrease number of Java threads
#   Decrease Java thread stack sizes (-Xss)
#   Set larger code cache with -XX:ReservedCodeCacheSize=
#   JVM is running with Zero Based Compressed Oops mode in which the Java heap is
#     placed in the first 32GB address space. The Java Heap base address is the
#     maximum limit for the native heap growth. Please use -XX:HeapBaseMinAddress
#     to set the Java Heap base and to place the Java Heap above 32GB virtual address.
# This output file may be truncated or incomplete.
#
#  Out of Memory Error (os_linux.cpp:2753), pid=11450, tid=0x00007f5c097aa700
#
# JRE version: OpenJDK Runtime Environment (8.0_202) (build 1.8.0_202-release-1483-b49-5587405)
# Java VM: OpenJDK 64-Bit Server VM (25.202-b49-5587405 mixed mode linux-amd64 compressed oops)
# Failed to write core dump. Core dumps have been disabled. To enable core dumping, try "ulimit -c unlimited" before starting Java again
#

---------------  T H R E A D  ---------------

Current thread (0x00007f5c2407c800):  VMThread [stack: 0x00007f5c096ab000,0x00007f5c097ab000] [id=11461]

Stack: [0x00007f5c096ab000,0x00007f5c097ab000],  sp=0x00007f5c097a9530,  free space=1017k
Native frames: (J=compiled Java code, j=interpreted, Vv=VM code, C=native code)
V  [libjvm.so+0xa08b78]  VMError::report_and_die()+0x148
V  [libjvm.so+0x4d412a]  report_vm_out_of_memory(char const*, int, unsigned long, VMErrorType, char const*)+0x8a
V  [libjvm.so+0x870478]  os::pd_commit_memory(char*, unsigned long, unsigned long, bool)+0xd8
V  [libjvm.so+0x867f9f]  os::commit_memory(char*, unsigned long, unsigned long, bool)+0x1f
V  [libjvm.so+0x8e14eb]  PSVirtualSpace::expand_by(unsigned long)+0x5b
V  [libjvm.so+0x8d234b]  PSOldGen::expand_by(unsigned long) [clone .part.109]+0x1b
V  [libjvm.so+0x8d250b]  PSOldGen::expand(unsigned long) [clone .part.111]+0xdb
V  [libjvm.so+0x8d2de8]  PSOldGen::resize(unsigned long)+0x188
V  [libjvm.so+0x8d83cc]  PSParallelCompact::invoke_no_policy(bool)+0x94c
V  [libjvm.so+0x8df48d]  PSScavenge::invoke()+0x17d
V  [libjvm.so+0x893763]  ParallelScavengeHeap::failed_mem_allocate(unsigned long)+0x63
V  [libjvm.so+0xa0a644]  VM_ParallelGCFailedAllocation::doit()+0x84
V  [libjvm.so+0xa0ea17]  VM_Operation::evaluate()+0x47
V  [libjvm.so+0xa0d498]  VMThread::evaluate_operation(VM_Operation*)+0x218
V  [libjvm.so+0xa0d8d1]  VMThread::loop()+0x1f1
V  [libjvm.so+0xa0dd02]  VMThread::run()+0x72
V  [libjvm.so+0x86d652]  java_start(Thread*)+0xf2

VM_Operation (0x00007f5c082c01c0): ParallelGCFailedAllocation, mode: safepoint, requested by thread 0x00007f5c2417d800


---------------  P R O C E S S  ---------------

Java Threads: ( => current thread )
  0x00007f5c2417d800 JavaThread "pool-1-thread-1" [_thread_blocked, id=11480, stack(0x00007f5c081c1000,0x00007f5c082c2000)]
  0x00007f5c240e6800 JavaThread "Service Thread" daemon [_thread_blocked, id=11468, stack(0x00007f5c085d4000,0x00007f5c086d5000)]
  0x00007f5c240c1800 JavaThread "C1 CompilerThread2" daemon [_thread_blocked, id=11467, stack(0x00007f5c086d6000,0x00007f5c087d6000)]
  0x00007f5c240bf800 JavaThread "C2 CompilerThread1" daemon [_thread_blocked, id=11466, stack(0x00007f5c087d7000,0x00007f5c088d7000)]
  0x00007f5c240bc800 JavaThread "C2 CompilerThread0" daemon [_thread_blocked, id=11465, stack(0x00007f5c088d8000,0x00007f5c089d8000)]
  0x00007f5c240b8800 JavaThread "Signal Dispatcher" daemon [_thread_blocked, id=11464, stack(0x00007f5c089d8000,0x00007f5c08ad9000)]
  0x00007f5c24088800 JavaThread "Finalizer" daemon [_thread_blocked, id=11463, stack(0x00007f5c094a8000,0x00007f5c095a9000)]
  0x00007f5c24086000 JavaThread "Reference Handler" daemon [_thread_blocked, id=11462, stack(0x00007f5c095a9000,0x00007f5c096aa000)]
  0x00007f5c2400e800 JavaThread "main" [_thread_blocked, id=11455, stack(0x00007f5c2a39b000,0x00007f5c2a49b000)]

Other Threads:
=>0x00007f5c2407c800 VMThread [stack: 0x00007f5c096ab000,0x00007f5c097ab000] [id=11461]
  0x00007f5c240f1000 WatcherThread [stack: 0x00007f5c084d4000,0x00007f5c085d4000] [id=11469]

VM state:at safepoint (normal execution)

VM Mutex/Monitor currently owned by a thread:  ([mutex/lock_event])
[0x00007f5c2400a9e0] ExpandHeap_lock - owner thread: 0x00007f5c2407c800
[0x00007f5c2400b060] Threads_lock - owner thread: 0x00007f5c2407c800
[0x00007f5c2400b560] Heap_lock - owner thread: 0x00007f5c2417d800

heap address: 0x00000006c0000000, size: 4096 MB, Compressed Oops mode: Zero based, Oop shift amount: 3
Narrow klass base: 0x0000000000000000, Narrow klass shift: 3
Compressed class space size: 1073741824 Address: 0x00000007c0000000

Heap:
 PSYoungGen      total 753152K, used 0K [0x000000076ab00000, 0x00000007ade00000, 0x00000007c0000000)
  eden space 504832K, 0% used [0x000000076ab00000,0x000000076ab00000,0x0000000789800000)
  from space 248320K, 0% used [0x0000000789800000,0x0000000789800000,0x0000000798a80000)
  to   space 257024K, 0% used [0x000000079e300000,0x000000079e300000,0x00000007ade00000)
 ParOldGen       total 763392K, used 661080K [0x00000006c0000000, 0x00000006ee980000, 0x000000076ab00000)
  object space 763392K, 86% used [0x00000006c0000000,0x00000006e8596218,0x00000006ee980000)
 Metaspace       used 7056K, capacity 7634K, committed 7936K, reserved 1056768K
  class space    used 620K, capacity 650K, committed 768K, reserved 1048576K

Card table byte_map: [0x00007f5c1422d000,0x00007f5c14a2e000] byte_map_base: 0x00007f5c10c2d000

Marking Bits: (ParMarkBitMap*) 0x00007f5c29a69920
 Begin Bits: [0x00007f5c0b9d4000, 0x00007f5c0f9d4000)
 End Bits:   [0x00007f5c0f9d4000, 0x00007f5c139d4000)

Polling page: 0x00007f5c2a4c3000

CodeCache: size=245760Kb used=14789Kb max_used=14957Kb free=230970Kb
 bounds [0x00007f5c14dee000, 0x00007f5c15c9e000, 0x00007f5c23dee000]
 total_blobs=3553 nmethods=3280 adapters=187
 compilation: enabled

Compilation events (10 events):
Event: 36.327 Thread 0x00007f5c240c1800 4067       3       com.android.dx.dex.code.CatchHandlerList::compareTo (89 bytes)
Event: 36.327 Thread 0x00007f5c240c1800 nmethod 4067 0x00007f5c14fe6690 code [0x00007f5c14fe6880, 0x00007f5c14fe73a8]
Event: 36.327 Thread 0x00007f5c240c1800 4068       3       com.android.dx.dex.code.CatchHandlerList::compareTo (9 bytes)
Event: 36.328 Thread 0x00007f5c240c1800 nmethod 4068 0x00007f5c15983090 code [0x00007f5c15983200, 0x00007f5c159834e8]
Event: 36.343 Thread 0x00007f5c240c1800 4069       1       com.android.dx.dex.code.form.Form22s::codeSize (2 bytes)
Event: 36.343 Thread 0x00007f5c240c1800 nmethod 4069 0x00007f5c154cf410 code [0x00007f5c154cf560, 0x00007f5c154cf670]
Event: 36.348 Thread 0x00007f5c240c1800 4070       3       java.util.TreeMap$EntryIterator::next (5 bytes)
Event: 36.349 Thread 0x00007f5c240c1800 nmethod 4070 0x00007f5c14fe6190 code [0x00007f5c14fe6300, 0x00007f5c14fe65e8]
Event: 36.350 Thread 0x00007f5c240c1800 4071       1       java.util.TreeMap$Entry::setValue (12 bytes)
Event: 36.350 Thread 0x00007f5c240c1800 nmethod 4071 0x00007f5c14fe5ed0 code [0x00007f5c14fe6020, 0x00007f5c14fe6150]

GC Heap History (10 events):
Event: 25.877 GC heap after
Heap after GC invocations=24 (full 5):
 PSYoungGen      total 605696K, used 33916K [0x000000076ab00000, 0x000000079e480000, 0x00000007c0000000)
  eden space 453120K, 0% used [0x000000076ab00000,0x000000076ab00000,0x0000000786580000)
  from space 152576K, 22% used [0x0000000786580000,0x000000078869f338,0x000000078fa80000)
  to   space 168448K, 0% used [0x0000000794000000,0x0000000794000000,0x000000079e480000)
 ParOldGen       total 763392K, used 523324K [0x00000006c0000000, 0x00000006ee980000, 0x000000076ab00000)
  object space 763392K, 68% used [0x00000006c0000000,0x00000006dff0f050,0x00000006ee980000)
 Metaspace       used 6618K, capacity 7344K, committed 7552K, reserved 1056768K
  class space    used 598K, capacity 616K, committed 640K, reserved 1048576K
}
Event: 27.110 GC heap before
{Heap before GC invocations=25 (full 5):
 PSYoungGen      total 605696K, used 487036K [0x000000076ab00000, 0x000000079e480000, 0x00000007c0000000)
  eden space 453120K, 100% used [0x000000076ab00000,0x0000000786580000,0x0000000786580000)
  from space 152576K, 22% used [0x0000000786580000,0x000000078869f338,0x000000078fa80000)
  to   space 168448K, 0% used [0x0000000794000000,0x0000000794000000,0x000000079e480000)
 ParOldGen       total 763392K, used 523324K [0x00000006c0000000, 0x00000006ee980000, 0x000000076ab00000)
  object space 763392K, 68% used [0x00000006c0000000,0x00000006dff0f050,0x00000006ee980000)
 Metaspace       used 6627K, capacity 7344K, committed 7552K, reserved 1056768K
  class space    used 599K, capacity 616K, committed 640K, reserved 1048576K
Event: 27.477 GC heap after
Heap after GC invocations=25 (full 5):
 PSYoungGen      total 667648K, used 101232K [0x000000076ab00000, 0x000000079e300000, 0x00000007c0000000)
  eden space 500736K, 0% used [0x000000076ab00000,0x000000076ab00000,0x0000000789400000)
  from space 166912K, 60% used [0x0000000794000000,0x000000079a2dc200,0x000000079e300000)
  to   space 171520K, 0% used [0x0000000789400000,0x0000000789400000,0x0000000793b80000)
 ParOldGen       total 763392K, used 523324K [0x00000006c0000000, 0x00000006ee980000, 0x000000076ab00000)
  object space 763392K, 68% used [0x00000006c0000000,0x00000006dff0f050,0x00000006ee980000)
 Metaspace       used 6627K, capacity 7344K, committed 7552K, reserved 1056768K
  class space    used 599K, capacity 616K, committed 640K, reserved 1048576K
}
Event: 28.815 GC heap before
{Heap before GC invocations=26 (full 5):
 PSYoungGen      total 667648K, used 601968K [0x000000076ab00000, 0x000000079e300000, 0x00000007c0000000)
  eden space 500736K, 100% used [0x000000076ab00000,0x0000000789400000,0x0000000789400000)
  from space 166912K, 60% used [0x0000000794000000,0x000000079a2dc200,0x000000079e300000)
  to   space 171520K, 0% used [0x0000000789400000,0x0000000789400000,0x0000000793b80000)
 ParOldGen       total 763392K, used 523324K [0x00000006c0000000, 0x00000006ee980000, 0x000000076ab00000)
  object space 763392K, 68% used [0x00000006c0000000,0x00000006dff0f050,0x00000006ee980000)
 Metaspace       used 6629K, capacity 7344K, committed 7552K, reserved 1056768K
  class space    used 599K, capacity 616K, committed 640K, reserved 1048576K
Event: 28.987 GC heap after
Heap after GC invocations=26 (full 5):
 PSYoungGen      total 672256K, used 171491K [0x000000076ab00000, 0x00000007a4d80000, 0x00000007c0000000)
  eden space 500736K, 0% used [0x000000076ab00000,0x000000076ab00000,0x0000000789400000)
  from space 171520K, 99% used [0x0000000789400000,0x0000000793b78f08,0x0000000793b80000)
  to   space 199680K, 0% used [0x0000000798a80000,0x0000000798a80000,0x00000007a4d80000)
 ParOldGen       total 763392K, used 525015K [0x00000006c0000000, 0x00000006ee980000, 0x000000076ab00000)
  object space 763392K, 68% used [0x00000006c0000000,0x00000006e00b5f68,0x00000006ee980000)
 Metaspace       used 6629K, capacity 7344K, committed 7552K, reserved 1056768K
  class space    used 599K, capacity 616K, committed 640K, reserved 1048576K
}
Event: 30.274 GC heap before
{Heap before GC invocations=27 (full 5):
 PSYoungGen      total 672256K, used 672227K [0x000000076ab00000, 0x00000007a4d80000, 0x00000007c0000000)
  eden space 500736K, 100% used [0x000000076ab00000,0x0000000789400000,0x0000000789400000)
  from space 171520K, 99% used [0x0000000789400000,0x0000000793b78f08,0x0000000793b80000)
  to   space 199680K, 0% used [0x0000000798a80000,0x0000000798a80000,0x00000007a4d80000)
 ParOldGen       total 763392K, used 525015K [0x00000006c0000000, 0x00000006ee980000, 0x000000076ab00000)
  object space 763392K, 68% used [0x00000006c0000000,0x00000006e00b5f68,0x00000006ee980000)
 Metaspace       used 6631K, capacity 7344K, committed 7552K, reserved 1056768K
  class space    used 599K, capacity 616K, committed 640K, reserved 1048576K
Event: 30.865 GC heap after
Heap after GC invocations=27 (full 5):
 PSYoungGen      total 704512K, used 199648K [0x000000076ab00000, 0x00000007abc00000, 0x00000007c0000000)
  eden space 504832K, 0% used [0x000000076ab00000,0x000000076ab00000,0x0000000789800000)
  from space 199680K, 99% used [0x0000000798a80000,0x00000007a4d783f8,0x00000007a4d80000)
  to   space 248320K, 0% used [0x0000000789800000,0x0000000789800000,0x0000000798a80000)
 ParOldGen       total 763392K, used 568388K [0x00000006c0000000, 0x00000006ee980000, 0x000000076ab00000)
  object space 763392K, 74% used [0x00000006c0000000,0x00000006e2b11170,0x00000006ee980000)
 Metaspace       used 6631K, capacity 7344K, committed 7552K, reserved 1056768K
  class space    used 599K, capacity 616K, committed 640K, reserved 1048576K
}
Event: 36.355 GC heap before
{Heap before GC invocations=28 (full 5):
 PSYoungGen      total 704512K, used 704480K [0x000000076ab00000, 0x00000007abc00000, 0x00000007c0000000)
  eden space 504832K, 100% used [0x000000076ab00000,0x0000000789800000,0x0000000789800000)
  from space 199680K, 99% used [0x0000000798a80000,0x00000007a4d783f8,0x00000007a4d80000)
  to   space 248320K, 0% used [0x0000000789800000,0x0000000789800000,0x0000000798a80000)
 ParOldGen       total 763392K, used 568388K [0x00000006c0000000, 0x00000006ee980000, 0x000000076ab00000)
  object space 763392K, 74% used [0x00000006c0000000,0x00000006e2b11170,0x00000006ee980000)
 Metaspace       used 7056K, capacity 7634K, committed 7936K, reserved 1056768K
  class space    used 620K, capacity 650K, committed 768K, reserved 1048576K
Event: 39.872 GC heap after
Heap after GC invocations=28 (full 5):
 PSYoungGen      total 753152K, used 160608K [0x000000076ab00000, 0x00000007ade00000, 0x00000007c0000000)
  eden space 504832K, 0% used [0x000000076ab00000,0x000000076ab00000,0x0000000789800000)
  from space 248320K, 64% used [0x0000000789800000,0x00000007934d8000,0x0000000798a80000)
  to   space 257024K, 0% used [0x000000079e300000,0x000000079e300000,0x00000007ade00000)
 ParOldGen       total 763392K, used 682289K [0x00000006c0000000, 0x00000006ee980000, 0x000000076ab00000)
  object space 763392K, 89% used [0x00000006c0000000,0x00000006e9a4c4d8,0x00000006ee980000)
 Metaspace       used 7056K, capacity 7634K, committed 7936K, reserved 1056768K
  class space    used 620K, capacity 650K, committed 768K, reserved 1048576K
}
Event: 40.137 GC heap before
{Heap before GC invocations=29 (full 6):
 PSYoungGen      total 753152K, used 160608K [0x000000076ab00000, 0x00000007ade00000, 0x00000007c0000000)
  eden space 504832K, 0% used [0x000000076ab00000,0x000000076ab00000,0x0000000789800000)
  from space 248320K, 64% used [0x0000000789800000,0x00000007934d8000,0x0000000798a80000)
  to   space 257024K, 0% used [0x000000079e300000,0x000000079e300000,0x00000007ade00000)
 ParOldGen       total 763392K, used 682289K [0x00000006c0000000, 0x00000006ee980000, 0x000000076ab00000)
  object space 763392K, 89% used [0x00000006c0000000,0x00000006e9a4c4d8,0x00000006ee980000)
 Metaspace       used 7056K, capacity 7634K, committed 7936K, reserved 1056768K
  class space    used 620K, capacity 650K, committed 768K, reserved 1048576K

Deoptimization events (10 events):
Event: 35.449 Thread 0x00007f5c2417d800 Uncommon trap: reason=array_check action=maybe_recompile pc=0x00007f5c15c5ec68 method=java.util.ComparableTimSort.binarySort([Ljava/lang/Object;III)V @ 183
Event: 35.457 Thread 0x00007f5c2417d800 Uncommon trap: reason=array_check action=maybe_recompile pc=0x00007f5c15c5ec68 method=java.util.ComparableTimSort.binarySort([Ljava/lang/Object;III)V @ 183
Event: 35.474 Thread 0x00007f5c2417d800 Uncommon trap: reason=unstable_if action=reinterpret pc=0x00007f5c15c4b378 method=com.android.dx.rop.code.RegisterSpec.matchesVariable(Lcom/android/dx/rop/code/RegisterSpec;)Z @ 59
Event: 35.474 Thread 0x00007f5c2417d800 Uncommon trap: reason=unstable_if action=reinterpret pc=0x00007f5c15bd5104 method=com.android.dx.rop.code.RegisterSpec.matchesVariable(Lcom/android/dx/rop/code/RegisterSpec;)Z @ 59
Event: 35.546 Thread 0x00007f5c2417d800 Uncommon trap: reason=unstable_if action=reinterpret pc=0x00007f5c15bd9acc method=com.android.dx.dex.code.LocalList$MakeState.snapshot(ILcom/android/dx/rop/code/RegisterSpecSet;)V @ 86
Event: 35.547 Thread 0x00007f5c2417d800 Uncommon trap: reason=unstable_if action=reinterpret pc=0x00007f5c15bd16a8 method=com.android.dx.dex.code.LocalList$MakeState.filterSpec(Lcom/android/dx/rop/code/RegisterSpec;)Lcom/android/dx/rop/code/RegisterSpec; @ 11
Event: 35.628 Thread 0x00007f5c2417d800 Uncommon trap: reason=unstable_if action=reinterpret pc=0x00007f5c15c8d360 method=com.android.dx.dex.code.LocalList$MakeState.filterSpec(Lcom/android/dx/rop/code/RegisterSpec;)Lcom/android/dx/rop/code/RegisterSpec; @ 11
Event: 35.643 Thread 0x00007f5c2417d800 Uncommon trap: reason=unstable_if action=reinterpret pc=0x00007f5c15c81980 method=com.android.dx.dex.code.LocalList$MakeState.filterSpec(Lcom/android/dx/rop/code/RegisterSpec;)Lcom/android/dx/rop/code/RegisterSpec; @ 11
Event: 35.924 Thread 0x00007f5c2417d800 Uncommon trap: reason=null_check action=make_not_entrant pc=0x00007f5c14f0183c method=com.android.dx.dex.code.LocalList$MakeState.checkForEmptyRange(ILcom/android/dx/rop/code/RegisterSpec;)Z @ 119
Event: 36.224 Thread 0x00007f5c2417d800 Uncommon trap: reason=unstable_if action=reinterpret pc=0x00007f5c15c8927c method=com.android.dx.rop.code.RegisterSpecSet.equals(Ljava/lang/Object;)Z @ 30

Classes redefined (0 events):
No events

Internal exceptions (10 events):
Event: 0.129 Thread 0x00007f5c2400e800 Exception <a 'java/lang/NoSuchMethodError': Method sun.misc.Unsafe.prefetchRead(Ljava/lang/Object;J)V name or signature does not match> (0x000000076ab07f98) thrown at [/usr/local/google/buildbot/src/googleplex-android/openjdk/out/hotspot/src/share/vm/prim
Event: 1.755 Thread 0x00007f5c24180000 Implicit null exception at 0x00007f5c150b18fa to 0x00007f5c150b4cd9
Event: 2.299 Thread 0x00007f5c24181000 Implicit null exception at 0x00007f5c150dad97 to 0x00007f5c150dd409
Event: 2.409 Thread 0x00007f5c24180000 Exception <a 'java/lang/ArrayIndexOutOfBoundsException': 18> (0x000000076b6bc4b0) thrown at [/usr/local/google/buildbot/src/googleplex-android/openjdk/out/hotspot/src/share/vm/interpreter/interpreterRuntime.cpp, line 368]
Event: 2.410 Thread 0x00007f5c24180000 Exception <a 'java/lang/ArrayIndexOutOfBoundsException': 145> (0x000000076b6be030) thrown at [/usr/local/google/buildbot/src/googleplex-android/openjdk/out/hotspot/src/share/vm/interpreter/interpreterRuntime.cpp, line 368]
Event: 2.413 Thread 0x00007f5c24180000 Exception <a 'java/lang/ArrayIndexOutOfBoundsException'> (0x000000076b6bf318) thrown at [/usr/local/google/buildbot/src/googleplex-android/openjdk/out/hotspot/src/share/vm/runtime/sharedRuntime.cpp, line 605]
Event: 20.741 Thread 0x00007f5c2417a000 Implicit null exception at 0x00007f5c155f1d41 to 0x00007f5c155f5ed5
Event: 20.741 Thread 0x00007f5c2417a000 Implicit null exception at 0x00007f5c15669cb3 to 0x00007f5c1566ce75
Event: 29.123 Thread 0x00007f5c2417a000 Implicit null exception at 0x00007f5c152746fc to 0x00007f5c152754e9
Event: 35.924 Thread 0x00007f5c2417d800 Implicit null exception at 0x00007f5c14effbc8 to 0x00007f5c14f01811

Events (10 events):
Event: 36.128 Thread 0x00007f5c2417d800 DEOPT PACKING pc=0x00007f5c15c96dcb sp=0x00007f5c082c02d0
Event: 36.128 Thread 0x00007f5c2417d800 DEOPT UNPACKING pc=0x00007f5c14e354c4 sp=0x00007f5c082c00e8 mode 0
Event: 36.157 Thread 0x00007f5c2417d800 DEOPT PACKING pc=0x00007f5c15c96dcb sp=0x00007f5c082c02d0
Event: 36.157 Thread 0x00007f5c2417d800 DEOPT UNPACKING pc=0x00007f5c14e354c4 sp=0x00007f5c082c00e8 mode 0
Event: 36.224 Thread 0x00007f5c2417d800 Uncommon trap: trap_request=0xffffff65 fr.pc=0x00007f5c15c8927c
Event: 36.224 Thread 0x00007f5c2417d800 DEOPT PACKING pc=0x00007f5c15c8927c sp=0x00007f5c082c01a0
Event: 36.224 Thread 0x00007f5c2417d800 DEOPT UNPACKING pc=0x00007f5c14e3347a sp=0x00007f5c082c00d0 mode 2
Event: 36.229 Thread 0x00007f5c2417d800 DEOPT PACKING pc=0x00007f5c15c96dcb sp=0x00007f5c082c02d0
Event: 36.229 Thread 0x00007f5c2417d800 DEOPT UNPACKING pc=0x00007f5c14e354c4 sp=0x00007f5c082c00e8 mode 0
Event: 36.355 Executing VM operation: ParallelGCFailedAllocation


Dynamic libraries:
00400000-00401000 r-xp 00000000 08:01 7352713                            /home/niroop/Documents/android-studio/jre/bin/java
00401000-00402000 rw-p 00000000 08:01 7352713                            /home/niroop/Documents/android-studio/jre/bin/java
00ce2000-00d03000 rw-p 00000000 00:00 0                                  [heap]
6c0000000-6ee980000 rw-p 00000000 00:00 0 
6faf80000-76ab00000 ---p 00000000 00:00 0 
76ab00000-7ade00000 rw-p 00000000 00:00 0 
7ade00000-7c0000000 ---p 00000000 00:00 0 
7c0000000-7c00c0000 rw-p 00000000 00:00 0 
7c00c0000-800000000 ---p 00000000 00:00 0 
7f5bb8000000-7f5bb802e000 rw-p 00000000 00:00 0 
7f5bb802e000-7f5bbc000000 ---p 00000000 00:00 0 
7f5bc0000000-7f5bc0042000 rw-p 00000000 00:00 0 
7f5bc0042000-7f5bc4000000 ---p 00000000 00:00 0 
7f5bc4000000-7f5bc407a000 rw-p 00000000 00:00 0 
7f5bc407a000-7f5bc8000000 ---p 00000000 00:00 0 
7f5bcbeff000-7f5bcbf02000 ---p 00000000 00:00 0 
7f5bcbf02000-7f5bcc000000 rw-p 00000000 00:00 0 
7f5bcc000000-7f5bcc043000 rw-p 00000000 00:00 0 
7f5bcc043000-7f5bd0000000 ---p 00000000 00:00 0 
7f5bd0000000-7f5bd0021000 rw-p 00000000 00:00 0 
7f5bd0021000-7f5bd4000000 ---p 00000000 00:00 0 
7f5bd4000000-7f5bd4021000 rw-p 00000000 00:00 0 
7f5bd4021000-7f5bd8000000 ---p 00000000 00:00 0 
7f5bd8000000-7f5bd8021000 rw-p 00000000 00:00 0 
7f5bd8021000-7f5bdc000000 ---p 00000000 00:00 0 
7f5bdc000000-7f5bdd8ad000 rw-p 00000000 00:00 0 
7f5bdd8ad000-7f5be0000000 ---p 00000000 00:00 0 
7f5be0000000-7f5be0b5a000 rw-p 00000000 00:00 0 
7f5be0b5a000-7f5be4000000 ---p 00000000 00:00 0 
7f5be4000000-7f5be4021000 rw-p 00000000 00:00 0 
7f5be4021000-7f5be8000000 ---p 00000000 00:00 0 
7f5be8000000-7f5be9ef7000 rw-p 00000000 00:00 0 
7f5be9ef7000-7f5bec000000 ---p 00000000 00:00 0 
7f5bec000000-7f5bec021000 rw-p 00000000 00:00 0 
7f5bec021000-7f5bf0000000 ---p 00000000 00:00 0 
7f5bf0000000-7f5bf0021000 rw-p 00000000 00:00 0 
7f5bf0021000-7f5bf4000000 ---p 00000000 00:00 0 
7f5bf4000000-7f5bf4021000 rw-p 00000000 00:00 0 
7f5bf4021000-7f5bf8000000 ---p 00000000 00:00 0 
7f5bf8000000-7f5bf82ed000 rw-p 00000000 00:00 0 
7f5bf82ed000-7f5bfc000000 ---p 00000000 00:00 0 
7f5bfc000000-7f5bfc021000 rw-p 00000000 00:00 0 
7f5bfc021000-7f5c00000000 ---p 00000000 00:00 0 
7f5c00000000-7f5c00021000 rw-p 00000000 00:00 0 
7f5c00021000-7f5c04000000 ---p 00000000 00:00 0 
7f5c04000000-7f5c04021000 rw-p 00000000 00:00 0 
7f5c04021000-7f5c08000000 ---p 00000000 00:00 0 
7f5c080c0000-7f5c080c3000 ---p 00000000 00:00 0 
7f5c080c3000-7f5c081c1000 rw-p 00000000 00:00 0 
7f5c081c1000-7f5c081c4000 ---p 00000000 00:00 0 
7f5c081c4000-7f5c082c2000 rw-p 00000000 00:00 0 
7f5c082c2000-7f5c082c5000 ---p 00000000 00:00 0 
7f5c082c5000-7f5c083c3000 rw-p 00000000 00:00 0 
7f5c083c3000-7f5c083c6000 ---p 00000000 00:00 0 
7f5c083c6000-7f5c084c4000 rw-p 00000000 00:00 0 
7f5c084c4000-7f5c084d3000 r--s 000e4000 08:01 11851761                   /home/niroop/Android/Sdk/build-tools/26.0.0/lib/dx.jar
7f5c084d3000-7f5c084d4000 ---p 00000000 00:00 0 
7f5c084d4000-7f5c085d4000 rw-p 00000000 00:00 0 
7f5c085d4000-7f5c085d7000 ---p 00000000 00:00 0 
7f5c085d7000-7f5c086d5000 rw-p 00000000 00:00 0 
7f5c086d5000-7f5c086d6000 ---p 00000000 00:00 0 
7f5c086d6000-7f5c086d9000 ---p 00000000 00:00 0 
7f5c086d9000-7f5c087d6000 rw-p 00000000 00:00 0 
7f5c087d6000-7f5c087d7000 ---p 00000000 00:00 0 
7f5c087d7000-7f5c087da000 ---p 00000000 00:00 0 
7f5c087da000-7f5c088d7000 rw-p 00000000 00:00 0 
7f5c088d7000-7f5c088d8000 ---p 00000000 00:00 0 
7f5c088d8000-7f5c088db000 ---p 00000000 00:00 0 
7f5c088db000-7f5c089d8000 rw-p 00000000 00:00 0 
7f5c089d8000-7f5c089db000 ---p 00000000 00:00 0 
7f5c089db000-7f5c08ad9000 rw-p 00000000 00:00 0 
7f5c08ad9000-7f5c094a8000 r--p 00000000 08:01 6036074                    /usr/lib/locale/locale-archive
7f5c094a8000-7f5c094ab000 ---p 00000000 00:00 0 
7f5c094ab000-7f5c095a9000 rw-p 00000000 00:00 0 
7f5c095a9000-7f5c095ac000 ---p 00000000 00:00 0 
7f5c095ac000-7f5c096aa000 rw-p 00000000 00:00 0 
7f5c096aa000-7f5c096ab000 ---p 00000000 00:00 0 
7f5c096ab000-7f5c0a78c000 rw-p 00000000 00:00 0 
7f5c0a78c000-7f5c0a95e000 r--s 03cad000 08:01 7352843                    /home/niroop/Documents/android-studio/jre/jre/lib/rt.jar
7f5c0a95e000-7f5c0b0d4000 rw-p 00000000 00:00 0 
7f5c0b0d4000-7f5c0b1d4000 ---p 00000000 00:00 0 
7f5c0b1d4000-7f5c139d4000 rw-p 00000000 00:00 0 
7f5c139d4000-7f5c139d5000 ---p 00000000 00:00 0 
7f5c139d5000-7f5c13ad5000 rw-p 00000000 00:00 0 
7f5c13ad5000-7f5c13ad6000 ---p 00000000 00:00 0 
7f5c13ad6000-7f5c13bd6000 rw-p 00000000 00:00 0 
7f5c13bd6000-7f5c13bd7000 ---p 00000000 00:00 0 
7f5c13bd7000-7f5c13e4c000 rw-p 00000000 00:00 0 
7f5c13e4c000-7f5c1422d000 ---p 00000000 00:00 0 
7f5c1422d000-7f5c143a2000 rw-p 00000000 00:00 0 
7f5c143a2000-7f5c14782000 ---p 00000000 00:00 0 
7f5c14782000-7f5c1499c000 rw-p 00000000 00:00 0 
7f5c1499c000-7f5c14a2d000 ---p 00000000 00:00 0 
7f5c14a2d000-7f5c14a69000 rw-p 00000000 00:00 0 
7f5c14a69000-7f5c14dee000 ---p 00000000 00:00 0 
7f5c14dee000-7f5c15c9e000 rwxp 00000000 00:00 0 
7f5c15c9e000-7f5c23dee000 ---p 00000000 00:00 0 
7f5c23dee000-7f5c23df9000 r-xp 00000000 08:01 1840165                    /lib/x86_64-linux-gnu/libnss_files-2.27.so
7f5c23df9000-7f5c23ff8000 ---p 0000b000 08:01 1840165                    /lib/x86_64-linux-gnu/libnss_files-2.27.so
7f5c23ff8000-7f5c23ff9000 r--p 0000a000 08:01 1840165                    /lib/x86_64-linux-gnu/libnss_files-2.27.so
7f5c23ff9000-7f5c23ffa000 rw-p 0000b000 08:01 1840165                    /lib/x86_64-linux-gnu/libnss_files-2.27.so
7f5c23ffa000-7f5c24000000 rw-p 00000000 00:00 0 
7f5c24000000-7f5c243fa000 rw-p 00000000 00:00 0 
7f5c243fa000-7f5c28000000 ---p 00000000 00:00 0 
7f5c2800b000-7f5c28087000 rw-p 00000000 00:00 0 
7f5c28087000-7f5c28088000 ---p 00000000 00:00 0 
7f5c28088000-7f5c28188000 rw-p 00000000 00:00 0 
7f5c28188000-7f5c2819f000 r-xp 00000000 08:01 1840159                    /lib/x86_64-linux-gnu/libnsl-2.27.so
7f5c2819f000-7f5c2839e000 ---p 00017000 08:01 1840159                    /lib/x86_64-linux-gnu/libnsl-2.27.so
7f5c2839e000-7f5c2839f000 r--p 00016000 08:01 1840159                    /lib/x86_64-linux-gnu/libnsl-2.27.so
7f5c2839f000-7f5c283a0000 rw-p 00017000 08:01 1840159                    /lib/x86_64-linux-gnu/libnsl-2.27.so
7f5c283a0000-7f5c283a2000 rw-p 00000000 00:00 0 
7f5c283a2000-7f5c283ad000 r-xp 00000000 08:01 1840176                    /lib/x86_64-linux-gnu/libnss_nis-2.27.so
7f5c283ad000-7f5c285ac000 ---p 0000b000 08:01 1840176                    /lib/x86_64-linux-gnu/libnss_nis-2.27.so
7f5c285ac000-7f5c285ad000 r--p 0000a000 08:01 1840176                    /lib/x86_64-linux-gnu/libnss_nis-2.27.so
7f5c285ad000-7f5c285ae000 rw-p 0000b000 08:01 1840176                    /lib/x86_64-linux-gnu/libnss_nis-2.27.so
7f5c285ae000-7f5c285b6000 r-xp 00000000 08:01 1840161                    /lib/x86_64-linux-gnu/libnss_compat-2.27.so
7f5c285b6000-7f5c287b6000 ---p 00008000 08:01 1840161                    /lib/x86_64-linux-gnu/libnss_compat-2.27.so
7f5c287b6000-7f5c287b7000 r--p 00008000 08:01 1840161                    /lib/x86_64-linux-gnu/libnss_compat-2.27.so
7f5c287b7000-7f5c287b8000 rw-p 00009000 08:01 1840161                    /lib/x86_64-linux-gnu/libnss_compat-2.27.so
7f5c287b8000-7f5c287bf000 r-xp 00000000 08:01 1840216                    /lib/x86_64-linux-gnu/librt-2.27.so
7f5c287bf000-7f5c289be000 ---p 00007000 08:01 1840216                    /lib/x86_64-linux-gnu/librt-2.27.so
7f5c289be000-7f5c289bf000 r--p 00006000 08:01 1840216                    /lib/x86_64-linux-gnu/librt-2.27.so
7f5c289bf000-7f5c289c0000 rw-p 00007000 08:01 1840216                    /lib/x86_64-linux-gnu/librt-2.27.so
7f5c289c0000-7f5c28b5d000 r-xp 00000000 08:01 1840138                    /lib/x86_64-linux-gnu/libm-2.27.so
7f5c28b5d000-7f5c28d5c000 ---p 0019d000 08:01 1840138                    /lib/x86_64-linux-gnu/libm-2.27.so
7f5c28d5c000-7f5c28d5d000 r--p 0019c000 08:01 1840138                    /lib/x86_64-linux-gnu/libm-2.27.so
7f5c28d5d000-7f5c28d5e000 rw-p 0019d000 08:01 1840138                    /lib/x86_64-linux-gnu/libm-2.27.so
7f5c28d5e000-7f5c29984000 r-xp 00000000 08:01 7352820                    /home/niroop/Documents/android-studio/jre/jre/lib/amd64/server/libjvm.so
7f5c29984000-7f5c29a54000 rw-p 00c26000 08:01 7352820                    /home/niroop/Documents/android-studio/jre/jre/lib/amd64/server/libjvm.so
7f5c29a54000-7f5c29a98000 rw-p 00000000 00:00 0 
7f5c29a98000-7f5c29c7f000 r-xp 00000000 08:01 1840075                    /lib/x86_64-linux-gnu/libc-2.27.so
7f5c29c7f000-7f5c29e7f000 ---p 001e7000 08:01 1840075                    /lib/x86_64-linux-gnu/libc-2.27.so
7f5c29e7f000-7f5c29e83000 r--p 001e7000 08:01 1840075                    /lib/x86_64-linux-gnu/libc-2.27.so
7f5c29e83000-7f5c29e85000 rw-p 001eb000 08:01 1840075                    /lib/x86_64-linux-gnu/libc-2.27.so
7f5c29e85000-7f5c29e89000 rw-p 00000000 00:00 0 
7f5c29e89000-7f5c29e8c000 r-xp 00000000 08:01 1840098                    /lib/x86_64-linux-gnu/libdl-2.27.so
7f5c29e8c000-7f5c2a08b000 ---p 00003000 08:01 1840098                    /lib/x86_64-linux-gnu/libdl-2.27.so
7f5c2a08b000-7f5c2a08c000 r--p 00002000 08:01 1840098                    /lib/x86_64-linux-gnu/libdl-2.27.so
7f5c2a08c000-7f5c2a08d000 rw-p 00003000 08:01 1840098                    /lib/x86_64-linux-gnu/libdl-2.27.so
7f5c2a08d000-7f5c2a0a7000 r-xp 00000000 08:01 1840208                    /lib/x86_64-linux-gnu/libpthread-2.27.so
7f5c2a0a7000-7f5c2a2a6000 ---p 0001a000 08:01 1840208                    /lib/x86_64-linux-gnu/libpthread-2.27.so
7f5c2a2a6000-7f5c2a2a7000 r--p 00019000 08:01 1840208                    /lib/x86_64-linux-gnu/libpthread-2.27.so
7f5c2a2a7000-7f5c2a2a8000 rw-p 0001a000 08:01 1840208                    /lib/x86_64-linux-gnu/libpthread-2.27.so
7f5c2a2a8000-7f5c2a2ac000 rw-p 00000000 00:00 0 
7f5c2a2ac000-7f5c2a2d3000 r-xp 00000000 08:01 1840047                    /lib/x86_64-linux-gnu/ld-2.27.so
7f5c2a2da000-7f5c2a352000 rw-p 00000000 00:00 0 
7f5c2a352000-7f5c2a36d000 r-xp 00000000 08:01 7352802                    /home/niroop/Documents/android-studio/jre/jre/lib/amd64/libzip.so
7f5c2a36d000-7f5c2a36e000 rw-p 0001a000 08:01 7352802                    /home/niroop/Documents/android-studio/jre/jre/lib/amd64/libzip.so
7f5c2a36e000-7f5c2a398000 r-xp 00000000 08:01 7352810                    /home/niroop/Documents/android-studio/jre/jre/lib/amd64/libjava.so
7f5c2a398000-7f5c2a39a000 rw-p 0002a000 08:01 7352810                    /home/niroop/Documents/android-studio/jre/jre/lib/amd64/libjava.so
7f5c2a39a000-7f5c2a39b000 ---p 00000000 00:00 0 
7f5c2a39b000-7f5c2a39e000 ---p 00000000 00:00 0 
7f5c2a39e000-7f5c2a49d000 rw-p 00000000 00:00 0 
7f5c2a49d000-7f5c2a4b3000 r-xp 00000000 08:01 7352701                    /home/niroop/Documents/android-studio/jre/lib/amd64/jli/libjli.so
7f5c2a4b3000-7f5c2a4b4000 rw-p 00015000 08:01 7352701                    /home/niroop/Documents/android-studio/jre/lib/amd64/jli/libjli.so
7f5c2a4b4000-7f5c2a4b6000 rw-p 00000000 00:00 0 
7f5c2a4ba000-7f5c2a4c2000 rw-s 00000000 08:01 12583268                   /tmp/hsperfdata_niroop/11450
7f5c2a4c2000-7f5c2a4c3000 rw-p 00000000 00:00 0 
7f5c2a4c3000-7f5c2a4c4000 ---p 00000000 00:00 0 
7f5c2a4c4000-7f5c2a4d1000 r-xp 00000000 08:01 7352798                    /home/niroop/Documents/android-studio/jre/jre/lib/amd64/libverify.so
7f5c2a4d1000-7f5c2a4d3000 rw-p 0000c000 08:01 7352798                    /home/niroop/Documents/android-studio/jre/jre/lib/amd64/libverify.so
7f5c2a4d3000-7f5c2a4d4000 r--p 00027000 08:01 1840047                    /lib/x86_64-linux-gnu/ld-2.27.so
7f5c2a4d4000-7f5c2a4d5000 rw-p 00028000 08:01 1840047                    /lib/x86_64-linux-gnu/ld-2.27.so
7f5c2a4d5000-7f5c2a4d6000 rw-p 00000000 00:00 0 
7ffcb4f65000-7ffcb4f87000 rw-p 00000000 00:00 0                          [stack]
7ffcb4fe2000-7ffcb4fe5000 r--p 00000000 00:00 0                          [vvar]
7ffcb4fe5000-7ffcb4fe6000 r-xp 00000000 00:00 0                          [vdso]
ffffffffff600000-ffffffffff601000 r-xp 00000000 00:00 0                  [vsyscall]

VM Arguments:
jvm_args: -Djava.awt.headless=true -Xmx4g -Dfile.encoding=UTF-8 -Duser.country=IN -Duser.language=en -Duser.variant 
java_command: com.android.dx.command.Main --dex --num-threads=4 --multi-dex --output /media/niroop/External HDD/AndroidStudioProjects/User App/app/build/intermediates/transforms/dex/debug/folders/1000/1f/main /home/niroop/.gradle/caches/modules-2/files-2.1/com.twitter/twitter-text/1.13.0/78415b95ae3184c5926d593feab64bfc0b73b2dd/twitter-text-1.13.0.jar /home/niroop/.android/build-cache/344e0ae5b96a066c340cbb65de62b9926cdefc58/output/jars/classes.jar /home/niroop/.android/build-cache/708519143cb1ca08075ced6ae13de74ca64bf15f/output/jars/classes.jar /home/niroop/.gradle/caches/modules-2/files-2.1/com.squareup.okhttp3/okhttp-ws/3.0.1/bd9b51a0188fc8f14bf840a0d326755545206116/okhttp-ws-3.0.1.jar /home/niroop/.android/build-cache/9b622f381cb7bb5838d987a04cc0137936991cc2/output/jars/classes.jar /home/niroop/.android/build-cache/5b51a3324933b67d5359e9286d32d4d1e7e614f2/output/jars/classes.jar /home/niroop/.android/build-cache/12d56c18a42d1f05b9ac1647b156441e2a4dbff5/output/jars/classes.jar /home/niroop/.android/build-cache/0add6791efe6dec7f33222700afd520c9a82813b/output/jars/classes.jar /media/niroop/External HDD/AndroidStudioProjects/User App/stripe/build/intermediates/bundles/default/classes.jar /home/niroop/.android/build-cache/26d5ae123ee9172a01bd32d1a79379bec37b7d2d/output/jars/classes.jar /home/niroop/.gradle/caches/modules-2/files-2.1/com.google.code.gson/gson/2.3/5fc52c41ef0239d1093a1eb7c3697036183677ce/gson-2.3.jar /home/niroop/.gradle/caches/modules-2/files-2.1/cz.msebera.android/httpclient/4.4.1.1/c8d96f6fd2bcc179c312da33ee670a71188cc60d/httpclient-4.4.1.1.jar /home/niroop/.android/build-cache/66327af80aa184671fc17553104e2db35ef7a9b3/output/jars/classes.jar /home/niroop/.android/build-cache/b257c5c0db47bbccb6143d3aada52dde313d9b0e/output/jars/classes.jar /home/niroop/.android/build-cache/3bccaacd42e5be60ac7fed01bcd491f7523ce2f1/output/jars/classes.jar /home/niroop/.android/build-cache/64700c7b9fdf25534d3d17e45870aa364dcf0d2b/output/jars/classes.jar /home/niroop/.
java_class_path (initial): /home/niroop/Android/Sdk/build-tools/26.0.0/lib/dx.jar
Launcher Type: SUN_STANDARD

Environment Variables:
PATH=/usr/local/sbin:/usr/local/bin:/usr/sbin:/usr/bin:/sbin:/bin:/usr/games:/usr/local/games:/snap/bin:/usr/lib/dart/bin
USERNAME=niroop
SHELL=/bin/bash
DISPLAY=:0

Signal Handlers:
SIGSEGV: [libjvm.so+0xa09650], sa_mask[0]=11111111011111111101111111111110, sa_flags=SA_RESTART|SA_SIGINFO
SIGBUS: [libjvm.so+0xa09650], sa_mask[0]=11111111011111111101111111111110, sa_flags=SA_RESTART|SA_SIGINFO
SIGFPE: [libjvm.so+0x86bc60], sa_mask[0]=11111111011111111101111111111110, sa_flags=SA_RESTART|SA_SIGINFO
SIGPIPE: [libjvm.so+0x86bc60], sa_mask[0]=11111111011111111101111111111110, sa_flags=SA_RESTART|SA_SIGINFO
SIGXFSZ: [libjvm.so+0x86bc60], sa_mask[0]=11111111011111111101111111111110, sa_flags=SA_RESTART|SA_SIGINFO
SIGILL: [libjvm.so+0x86bc60], sa_mask[0]=11111111011111111101111111111110, sa_flags=SA_RESTART|SA_SIGINFO
SIGUSR1: SIG_DFL, sa_mask[0]=00000000000000000000000000000000, sa_flags=none
SIGUSR2: [libjvm.so+0x86bb30], sa_mask[0]=00100000000000000000000000000000, sa_flags=SA_RESTART|SA_SIGINFO
SIGHUP: SIG_IGN, sa_mask[0]=00000000000000000000000000000000, sa_flags=none
SIGINT: [libjvm.so+0x86bd20], sa_mask[0]=11111111011111111101111111111110, sa_flags=SA_RESTART|SA_SIGINFO
SIGTERM: [libjvm.so+0x86bd20], sa_mask[0]=11111111011111111101111111111110, sa_flags=SA_RESTART|SA_SIGINFO
SIGQUIT: [libjvm.so+0x86bd20], sa_mask[0]=11111111011111111101111111111110, sa_flags=SA_RESTART|SA_SIGINFO


---------------  S Y S T E M  ---------------

OS:DISTRIB_ID=Ubuntu
DISTRIB_RELEASE=18.04
DISTRIB_CODENAME=bionic
DISTRIB_DESCRIPTION="Ubuntu 18.04.3 LTS"

uname:Linux 5.0.0-37-generic #40~18.04.1-Ubuntu SMP Thu Nov 14 12:06:39 UTC 2019 x86_64
libc:glibc 2.27 NPTL 2.27 
rlimit: STACK 8192k, CORE 0k, NPROC 23162, NOFILE 1048576, AS infinity
load average:5.83 3.57 2.90

/proc/meminfo:
MemTotal:        5979864 kB
MemFree:          129252 kB
MemAvailable:      53308 kB
Buffers:            1520 kB
Cached:           123104 kB
SwapCached:        60076 kB
Active:          4795116 kB
Inactive:         693652 kB
Active(anon):    4785020 kB
Inactive(anon):   683712 kB
Active(file):      10096 kB
Inactive(file):     9940 kB
Unevictable:        5232 kB
Mlocked:              48 kB
SwapTotal:       2097148 kB
SwapFree:              0 kB
Dirty:                72 kB
Writeback:             0 kB
AnonPages:       5310472 kB
Mapped:            34832 kB
Shmem:            104212 kB
KReclaimable:      89608 kB
Slab:             161008 kB
SReclaimable:      89608 kB
SUnreclaim:        71400 kB
KernelStack:       16880 kB
PageTables:        76072 kB
NFS_Unstable:          0 kB
Bounce:                0 kB
WritebackTmp:          0 kB
CommitLimit:     5087080 kB
Committed_AS:   14582760 kB
VmallocTotal:   34359738367 kB
VmallocUsed:           0 kB
VmallocChunk:          0 kB
Percpu:             2528 kB
HardwareCorrupted:     0 kB
AnonHugePages:         0 kB
ShmemHugePages:        0 kB
ShmemPmdMapped:        0 kB
CmaTotal:              0 kB
CmaFree:               0 kB
HugePages_Total:       0
HugePages_Free:        0
HugePages_Rsvd:        0
HugePages_Surp:        0
Hugepagesize:       2048 kB
Hugetlb:               0 kB
DirectMap4k:      303384 kB
DirectMap2M:     5867520 kB

container (cgroup) information:
container_type: cgroupv1
cpu_cpuset_cpus: 0-3
cpu_memory_nodes: 0
active_processor_count: 4
cpu_quota: -1
cpu_period: 100000
cpu_shares: -1
memory_limit_in_bytes: -1
memory_and_swap_limit_in_bytes: -2
memory_soft_limit_in_bytes: -1
memory_usage_in_bytes: 5629288448
memory_max_usage_in_bytes: 159260672


CPU:total 4 (initial active 4) (2 cores per cpu, 2 threads per core) family 6 model 58 stepping 9, cmov, cx8, fxsr, mmx, sse, sse2, sse3, ssse3, sse4.1, sse4.2, popcnt, avx, aes, clmul, erms, ht, tsc, tscinvbit, tscinv

/proc/cpuinfo:
processor	: 0
vendor_id	: GenuineIntel
cpu family	: 6
model		: 58
model name	: Intel(R) Core(TM) i5-3337U CPU @ 1.80GHz
stepping	: 9
microcode	: 0x21
cpu MHz		: 1278.752
cache size	: 3072 KB
physical id	: 0
siblings	: 4
core id		: 0
cpu cores	: 2
apicid		: 0
initial apicid	: 0
fpu		: yes
fpu_exception	: yes
cpuid level	: 13
wp		: yes
flags		: fpu vme de pse tsc msr pae mce cx8 apic sep mtrr pge mca cmov pat pse36 clflush dts acpi mmx fxsr sse sse2 ss ht tm pbe syscall nx rdtscp lm constant_tsc arch_perfmon pebs bts rep_good nopl xtopology nonstop_tsc cpuid aperfmperf pni pclmulqdq dtes64 monitor ds_cpl vmx est tm2 ssse3 cx16 xtpr pdcm pcid sse4_1 sse4_2 x2apic popcnt tsc_deadline_timer aes xsave avx f16c rdrand lahf_lm cpuid_fault epb pti ssbd ibrs ibpb stibp tpr_shadow vnmi flexpriority ept vpid fsgsbase smep erms xsaveopt dtherm ida arat pln pts md_clear flush_l1d
bugs		: cpu_meltdown spectre_v1 spectre_v2 spec_store_bypass l1tf mds swapgs itlb_multihit
bogomips	: 3591.95
clflush size	: 64
cache_alignment	: 64
address sizes	: 36 bits physical, 48 bits virtual
power management:

processor	: 1
vendor_id	: GenuineIntel
cpu family	: 6
model		: 58
model name	: Intel(R) Core(TM) i5-3337U CPU @ 1.80GHz
stepping	: 9
microcode	: 0x21
cpu MHz		: 1493.807
cache size	: 3072 KB
physical id	: 0
siblings	: 4
core id		: 0
cpu cores	: 2
apicid		: 1
initial apicid	: 1
fpu		: yes
fpu_exception	: yes
cpuid level	: 13
wp		: yes
flags		: fpu vme de pse tsc msr pae mce cx8 apic sep mtrr pge mca cmov pat pse36 clflush dts acpi mmx fxsr sse sse2 ss ht tm pbe syscall nx rdtscp lm constant_tsc arch_perfmon pebs bts rep_good nopl xtopology nonstop_tsc cpuid aperfmperf pni pclmulqdq dtes64 monitor ds_cpl vmx est tm2 ssse3 cx16 xtpr pdcm pcid sse4_1 sse4_2 x2apic popcnt tsc_deadline_timer aes xsave avx f16c rdrand lahf_lm cpuid_fault epb pti ssbd ibrs ibpb stibp tpr_shadow vnmi flexpriority ept vpid fsgsbase smep erms xsaveopt dtherm ida arat pln pts md_clear flush_l1d
bugs		: cpu_meltdown spectre_v1 spectre_v2 spec_store_bypass l1tf mds swapgs itlb_multihit
bogomips	: 3591.95
clflush size	: 64
cache_alignment	: 64
address sizes	: 36 bits physical, 48 bits virtual
power management:

processor	: 2
vendor_id	: GenuineIntel
cpu family	: 6
model		: 58
model name	: Intel(R) Core(TM) i5-3337U CPU @ 1.80GHz
stepping	: 9
microcode	: 0x21
cpu MHz		: 1141.998
cache size	: 3072 KB
physical id	: 0
siblings	: 4
core id		: 1
cpu cores	: 2
apicid		: 2
initial apicid	: 2
fpu		: yes
fpu_exception	: yes
cpuid level	: 13
wp		: yes
flags		: fpu vme de pse tsc msr pae mce cx8 apic sep mtrr pge mca cmov pat pse36 clflush dts acpi mmx fxsr sse sse2 ss ht tm pbe syscall nx rdtscp lm constant_tsc arch_perfmon pebs bts rep_good nopl xtopology nonstop_tsc cpuid aperfmperf pni pclmulqdq dtes64 monitor ds_cpl vmx est tm2 ssse3 cx16 xtpr pdcm pcid sse4_1 sse4_2 x2apic popcnt tsc_deadline_timer aes xsave avx f16c rdrand lahf_lm cpuid_fault epb pti ssbd ibrs ibpb stibp tpr_shadow vnmi flexpriority ept vpid fsgsbase smep erms xsaveopt dtherm ida arat pln pts md_clear flush_l1d
bugs		: cpu_meltdown spectre_v1 spectre_v2 spec_store_bypass l1tf mds swapgs itlb_multihit
bogomips	: 3591.95
clflush size	: 64
cache_alignment	: 64
address sizes	: 36 bits physical, 48 bits virtual
power management:

processor	: 3
vendor_id	: GenuineIntel
cpu family	: 6
model		: 58
model name	: Intel(R) Core(TM) i5-3337U CPU @ 1.80GHz
stepping	: 9
microcode	: 0x21
cpu MHz		: 1145.263
cache size	: 3072 KB
physical id	: 0
siblings	: 4
core id		: 1
cpu cores	: 2
apicid		: 3
initial apicid	: 3
fpu		: yes
fpu_exception	: yes
cpuid level	: 13
wp		: yes
flags		: fpu vme de pse tsc msr pae mce cx8 apic sep mtrr pge mca cmov pat pse36 clflush dts acpi mmx fxsr sse sse2 ss ht tm pbe syscall nx rdtscp lm constant_tsc arch_perfmon pebs bts rep_good nopl xtopology nonstop_tsc cpuid aperfmperf pni pclmulqdq dtes64 monitor ds_cpl vmx est tm2 ssse3 cx16 xtpr pdcm pcid sse4_1 sse4_2 x2apic popcnt tsc_deadline_timer aes xsave avx f16c rdrand lahf_lm cpuid_fault epb pti ssbd ibrs ibpb stibp tpr_shadow vnmi flexpriority ept vpid fsgsbase smep erms xsaveopt dtherm ida arat pln pts md_clear flush_l1d
bugs		: cpu_meltdown spectre_v1 spectre_v2 spec_store_bypass l1tf mds swapgs itlb_multihit
bogomips	: 3591.95
clflush size	: 64
cache_alignment	: 64
address sizes	: 36 bits physical, 48 bits virtual
power management:



Memory: 4k page, physical 5979864k(124716k free), swap 2097148k(0k free)

vm_info: OpenJDK 64-Bit Server VM (25.202-b49-5587405) for linux-amd64 JRE (1.8.0_202-release-1483-b49-5587405), built by "android-build" with gcc 4.8

time: Mon Mar 16 15:16:42 2020
timezone: IST
elapsed time: 46 seconds (0d 0h 0m 46s)

