#
# There is insufficient memory for the Java Runtime Environment to continue.
# Native memory allocation (mmap) failed to map 139460608 bytes for committing reserved memory.
# Possible reasons:
#   The system is out of physical RAM or swap space
#   The process is running with CompressedOops enabled, and the Java Heap may be blocking the growth of the native heap
# Possible solutions:
#   Reduce memory load on the system
#   Increase physical memory or swap space
#   Check if swap backing store is full
#   Decrease Java heap size (-Xmx/-Xms)
#   Decrease number of Java threads
#   Decrease Java thread stack sizes (-Xss)
#   Set larger code cache with -XX:ReservedCodeCacheSize=
#   JVM is running with Zero Based Compressed Oops mode in which the Java heap is
#     placed in the first 32GB address space. The Java Heap base address is the
#     maximum limit for the native heap growth. Please use -XX:HeapBaseMinAddress
#     to set the Java Heap base and to place the Java Heap above 32GB virtual address.
# This output file may be truncated or incomplete.
#
#  Out of Memory Error (os_linux.cpp:2753), pid=14016, tid=0x00007ff3edb90700
#
# JRE version: OpenJDK Runtime Environment (8.0_202) (build 1.8.0_202-release-1483-b49-5587405)
# Java VM: OpenJDK 64-Bit Server VM (25.202-b49-5587405 mixed mode linux-amd64 compressed oops)
# Failed to write core dump. Core dumps have been disabled. To enable core dumping, try "ulimit -c unlimited" before starting Java again
#

---------------  T H R E A D  ---------------

Current thread (0x00007ff40007c000):  VMThread [stack: 0x00007ff3eda91000,0x00007ff3edb91000] [id=14027]

Stack: [0x00007ff3eda91000,0x00007ff3edb91000],  sp=0x00007ff3edb8f510,  free space=1017k
Native frames: (J=compiled Java code, j=interpreted, Vv=VM code, C=native code)
V  [libjvm.so+0xa08b78]  VMError::report_and_die()+0x148
V  [libjvm.so+0x4d412a]  report_vm_out_of_memory(char const*, int, unsigned long, VMErrorType, char const*)+0x8a
V  [libjvm.so+0x870478]  os::pd_commit_memory(char*, unsigned long, unsigned long, bool)+0xd8
V  [libjvm.so+0x867f9f]  os::commit_memory(char*, unsigned long, unsigned long, bool)+0x1f
V  [libjvm.so+0x8e14eb]  PSVirtualSpace::expand_by(unsigned long)+0x5b
V  [libjvm.so+0x8e2140]  PSYoungGen::resize_generation(unsigned long, unsigned long)+0xb0
V  [libjvm.so+0x8e245b]  PSYoungGen::resize(unsigned long, unsigned long)+0x1b
V  [libjvm.so+0x8deb8e]  PSScavenge::invoke_no_policy()+0xdce
V  [libjvm.so+0x8df348]  PSScavenge::invoke()+0x38
V  [libjvm.so+0x893763]  ParallelScavengeHeap::failed_mem_allocate(unsigned long)+0x63
V  [libjvm.so+0xa0a644]  VM_ParallelGCFailedAllocation::doit()+0x84
V  [libjvm.so+0xa0ea17]  VM_Operation::evaluate()+0x47
V  [libjvm.so+0xa0d498]  VMThread::evaluate_operation(VM_Operation*)+0x218
V  [libjvm.so+0xa0d8d1]  VMThread::loop()+0x1f1
V  [libjvm.so+0xa0dd02]  VMThread::run()+0x72
V  [libjvm.so+0x86d652]  java_start(Thread*)+0xf2

VM_Operation (0x00007ff3ec6a5e60): ParallelGCFailedAllocation, mode: safepoint, requested by thread 0x00007ff4001b8800


---------------  P R O C E S S  ---------------

Java Threads: ( => current thread )
  0x00007ff4001bb800 JavaThread "pool-2-thread-4" [_thread_blocked, id=14040, stack(0x00007ff3ec3a5000,0x00007ff3ec4a6000)]
  0x00007ff4001ba000 JavaThread "pool-2-thread-3" [_thread_blocked, id=14039, stack(0x00007ff3ec4a6000,0x00007ff3ec5a7000)]
  0x00007ff4001b8800 JavaThread "pool-2-thread-2" [_thread_blocked, id=14038, stack(0x00007ff3ec5a7000,0x00007ff3ec6a8000)]
  0x00007ff4001b1000 JavaThread "pool-3-thread-1" [_thread_blocked, id=14037, stack(0x00007ff3ec6a8000,0x00007ff3ec7a9000)]
  0x00007ff4001b0000 JavaThread "pool-2-thread-1" [_thread_blocked, id=14036, stack(0x00007ff3ec7a9000,0x00007ff3ec8aa000)]
  0x00007ff4000d6800 JavaThread "Service Thread" daemon [_thread_blocked, id=14034, stack(0x00007ff3ec9ba000,0x00007ff3ecabb000)]
  0x00007ff4000c1000 JavaThread "C1 CompilerThread2" daemon [_thread_blocked, id=14033, stack(0x00007ff3ecabc000,0x00007ff3ecbbc000)]
  0x00007ff4000bf800 JavaThread "C2 CompilerThread1" daemon [_thread_blocked, id=14032, stack(0x00007ff3ecbbd000,0x00007ff3eccbd000)]
  0x00007ff4000bc800 JavaThread "C2 CompilerThread0" daemon [_thread_blocked, id=14031, stack(0x00007ff3eccbe000,0x00007ff3ecdbe000)]
  0x00007ff4000b8800 JavaThread "Signal Dispatcher" daemon [_thread_blocked, id=14030, stack(0x00007ff3ecdbe000,0x00007ff3ecebf000)]
  0x00007ff400088800 JavaThread "Finalizer" daemon [_thread_blocked, id=14029, stack(0x00007ff3ed88e000,0x00007ff3ed98f000)]
  0x00007ff400086000 JavaThread "Reference Handler" daemon [_thread_blocked, id=14028, stack(0x00007ff3ed98f000,0x00007ff3eda90000)]
  0x00007ff40000e800 JavaThread "main" [_thread_blocked, id=14022, stack(0x00007ff406785000,0x00007ff406885000)]

Other Threads:
=>0x00007ff40007c000 VMThread [stack: 0x00007ff3eda91000,0x00007ff3edb91000] [id=14027]
  0x00007ff4000d9000 WatcherThread [stack: 0x00007ff3ec8ba000,0x00007ff3ec9ba000] [id=14035]

VM state:at safepoint (normal execution)

VM Mutex/Monitor currently owned by a thread:  ([mutex/lock_event])
[0x00007ff40000adc0] Threads_lock - owner thread: 0x00007ff40007c000
[0x00007ff40000b2c0] Heap_lock - owner thread: 0x00007ff4001b8800

heap address: 0x00000006c0000000, size: 4096 MB, Compressed Oops mode: Zero based, Oop shift amount: 3
Narrow klass base: 0x0000000000000000, Narrow klass shift: 3
Compressed class space size: 1073741824 Address: 0x00000007c0000000

Heap:
 PSYoungGen      total 99840K, used 3582K [0x000000076ab00000, 0x0000000771000000, 0x00000007c0000000)
  eden space 96256K, 0% used [0x000000076ab00000,0x000000076ab00000,0x0000000770900000)
  from space 3584K, 99% used [0x0000000770900000,0x0000000770c7f9f8,0x0000000770c80000)
  to   space 3584K, 0% used [0x0000000770c80000,0x0000000770c80000,0x0000000771000000)
 ParOldGen       total 62976K, used 41503K [0x00000006c0000000, 0x00000006c3d80000, 0x000000076ab00000)
  object space 62976K, 65% used [0x00000006c0000000,0x00000006c2887ea0,0x00000006c3d80000)
 Metaspace       used 6105K, capacity 7024K, committed 7296K, reserved 1056768K
  class space    used 594K, capacity 616K, committed 640K, reserved 1048576K

Card table byte_map: [0x00007ff3f043f000,0x00007ff3f0c40000] byte_map_base: 0x00007ff3ece3f000

Marking Bits: (ParMarkBitMap*) 0x00007ff405e50920
 Begin Bits: [0x00007ff3d0000000, 0x00007ff3d4000000)
 End Bits:   [0x00007ff3d4000000, 0x00007ff3d8000000)

Polling page: 0x00007ff4068aa000

CodeCache: size=245760Kb used=5585Kb max_used=5585Kb free=240175Kb
 bounds [0x00007ff3f1000000, 0x00007ff3f1580000, 0x00007ff400000000]
 total_blobs=1702 nmethods=1432 adapters=184
 compilation: enabled

Compilation events (10 events):
Event: 2.972 Thread 0x00007ff4000c1000 nmethod 1601 0x00007ff3f15695d0 code [0x00007ff3f1569760, 0x00007ff3f1569cc8]
Event: 2.972 Thread 0x00007ff4000c1000 1587       2       com.android.dx.ssa.back.FirstFitLocalCombiningAllocator::processPhiInsn (255 bytes)
Event: 2.986 Thread 0x00007ff4000c1000 nmethod 1587 0x00007ff3f1569fd0 code [0x00007ff3f156a280, 0x00007ff3f156ae58]
Event: 2.986 Thread 0x00007ff4000c1000 1605 %     3       com.android.dx.ssa.ConstCollector::getConstsSortedByCountUse @ 27 (337 bytes)
Event: 3.010 Thread 0x00007ff4000c1000 nmethod 1605% 0x00007ff3f156bf10 code [0x00007ff3f156c440, 0x00007ff3f156fe78]
Event: 3.010 Thread 0x00007ff4000c1000 1608       3       com.android.dx.ssa.back.IdenticalBlockCombiner::process (323 bytes)
Event: 3.012 Thread 0x00007ff4000c1000 nmethod 1608 0x00007ff3f1572110 code [0x00007ff3f15724a0, 0x00007ff3f1574918]
Event: 3.012 Thread 0x00007ff4000c1000 1606 %     3       com.android.dx.ssa.ConstCollector::updateConstUses @ 20 (208 bytes)
Event: 3.015 Thread 0x00007ff4000c1000 nmethod 1606% 0x00007ff3f1575b50 code [0x00007ff3f1575e40, 0x00007ff3f15778d8]
Event: 3.015 Thread 0x00007ff4000c1000 1575       2       com.android.dx.rop.type.StdTypeList::equalContents (56 bytes)

GC Heap History (9 events):
Event: 1.023 GC heap before
{Heap before GC invocations=1 (full 0):
 PSYoungGen      total 27648K, used 24064K [0x000000076ab00000, 0x000000076c980000, 0x00000007c0000000)
  eden space 24064K, 100% used [0x000000076ab00000,0x000000076c280000,0x000000076c280000)
  from space 3584K, 0% used [0x000000076c600000,0x000000076c600000,0x000000076c980000)
  to   space 3584K, 0% used [0x000000076c280000,0x000000076c280000,0x000000076c600000)
 ParOldGen       total 62976K, used 0K [0x00000006c0000000, 0x00000006c3d80000, 0x000000076ab00000)
  object space 62976K, 0% used [0x00000006c0000000,0x00000006c0000000,0x00000006c3d80000)
 Metaspace       used 5588K, capacity 6768K, committed 7040K, reserved 1056768K
  class space    used 561K, capacity 616K, committed 640K, reserved 1048576K
Event: 1.035 GC heap after
Heap after GC invocations=1 (full 0):
 PSYoungGen      total 27648K, used 3568K [0x000000076ab00000, 0x000000076e100000, 0x00000007c0000000)
  eden space 24064K, 0% used [0x000000076ab00000,0x000000076ab00000,0x000000076c280000)
  from space 3584K, 99% used [0x000000076c280000,0x000000076c5fc0d8,0x000000076c600000)
  to   space 3584K, 0% used [0x000000076dd80000,0x000000076dd80000,0x000000076e100000)
 ParOldGen       total 62976K, used 1846K [0x00000006c0000000, 0x00000006c3d80000, 0x000000076ab00000)
  object space 62976K, 2% used [0x00000006c0000000,0x00000006c01cd8d0,0x00000006c3d80000)
 Metaspace       used 5588K, capacity 6768K, committed 7040K, reserved 1056768K
  class space    used 561K, capacity 616K, committed 640K, reserved 1048576K
}
Event: 1.515 GC heap before
{Heap before GC invocations=2 (full 0):
 PSYoungGen      total 27648K, used 27632K [0x000000076ab00000, 0x000000076e100000, 0x00000007c0000000)
  eden space 24064K, 100% used [0x000000076ab00000,0x000000076c280000,0x000000076c280000)
  from space 3584K, 99% used [0x000000076c280000,0x000000076c5fc0d8,0x000000076c600000)
  to   space 3584K, 0% used [0x000000076dd80000,0x000000076dd80000,0x000000076e100000)
 ParOldGen       total 62976K, used 1846K [0x00000006c0000000, 0x00000006c3d80000, 0x000000076ab00000)
  object space 62976K, 2% used [0x00000006c0000000,0x00000006c01cd8d0,0x00000006c3d80000)
 Metaspace       used 5748K, capacity 6832K, committed 7040K, reserved 1056768K
  class space    used 579K, capacity 616K, committed 640K, reserved 1048576K
Event: 1.527 GC heap after
Heap after GC invocations=2 (full 0):
 PSYoungGen      total 51712K, used 3558K [0x000000076ab00000, 0x000000076e100000, 0x00000007c0000000)
  eden space 48128K, 0% used [0x000000076ab00000,0x000000076ab00000,0x000000076da00000)
  from space 3584K, 99% used [0x000000076dd80000,0x000000076e0f98a8,0x000000076e100000)
  to   space 3584K, 0% used [0x000000076da00000,0x000000076da00000,0x000000076dd80000)
 ParOldGen       total 62976K, used 5810K [0x00000006c0000000, 0x00000006c3d80000, 0x000000076ab00000)
  object space 62976K, 9% used [0x00000006c0000000,0x00000006c05acba0,0x00000006c3d80000)
 Metaspace       used 5748K, capacity 6832K, committed 7040K, reserved 1056768K
  class space    used 579K, capacity 616K, committed 640K, reserved 1048576K
}
Event: 2.048 GC heap before
{Heap before GC invocations=3 (full 0):
 PSYoungGen      total 51712K, used 51686K [0x000000076ab00000, 0x000000076e100000, 0x00000007c0000000)
  eden space 48128K, 100% used [0x000000076ab00000,0x000000076da00000,0x000000076da00000)
  from space 3584K, 99% used [0x000000076dd80000,0x000000076e0f98a8,0x000000076e100000)
  to   space 3584K, 0% used [0x000000076da00000,0x000000076da00000,0x000000076dd80000)
 ParOldGen       total 62976K, used 5810K [0x00000006c0000000, 0x00000006c3d80000, 0x000000076ab00000)
  object space 62976K, 9% used [0x00000006c0000000,0x00000006c05acba0,0x00000006c3d80000)
 Metaspace       used 5816K, capacity 6896K, committed 7040K, reserved 1056768K
  class space    used 579K, capacity 616K, committed 640K, reserved 1048576K
Event: 2.068 GC heap after
Heap after GC invocations=3 (full 0):
 PSYoungGen      total 51712K, used 3552K [0x000000076ab00000, 0x0000000771000000, 0x00000007c0000000)
  eden space 48128K, 0% used [0x000000076ab00000,0x000000076ab00000,0x000000076da00000)
  from space 3584K, 99% used [0x000000076da00000,0x000000076dd78008,0x000000076dd80000)
  to   space 3584K, 0% used [0x0000000770c80000,0x0000000770c80000,0x0000000771000000)
 ParOldGen       total 62976K, used 12983K [0x00000006c0000000, 0x00000006c3d80000, 0x000000076ab00000)
  object space 62976K, 20% used [0x00000006c0000000,0x00000006c0caddc0,0x00000006c3d80000)
 Metaspace       used 5816K, capacity 6896K, committed 7040K, reserved 1056768K
  class space    used 579K, capacity 616K, committed 640K, reserved 1048576K
}
Event: 2.435 GC heap before
{Heap before GC invocations=4 (full 0):
 PSYoungGen      total 51712K, used 51680K [0x000000076ab00000, 0x0000000771000000, 0x00000007c0000000)
  eden space 48128K, 100% used [0x000000076ab00000,0x000000076da00000,0x000000076da00000)
  from space 3584K, 99% used [0x000000076da00000,0x000000076dd78008,0x000000076dd80000)
  to   space 3584K, 0% used [0x0000000770c80000,0x0000000770c80000,0x0000000771000000)
 ParOldGen       total 62976K, used 12983K [0x00000006c0000000, 0x00000006c3d80000, 0x000000076ab00000)
  object space 62976K, 20% used [0x00000006c0000000,0x00000006c0caddc0,0x00000006c3d80000)
 Metaspace       used 5894K, capacity 6960K, committed 7040K, reserved 1056768K
  class space    used 580K, capacity 616K, committed 640K, reserved 1048576K
Event: 2.457 GC heap after
Heap after GC invocations=4 (full 0):
 PSYoungGen      total 99840K, used 3560K [0x000000076ab00000, 0x0000000771000000, 0x00000007c0000000)
  eden space 96256K, 0% used [0x000000076ab00000,0x000000076ab00000,0x0000000770900000)
  from space 3584K, 99% used [0x0000000770c80000,0x0000000770ffa2a0,0x0000000771000000)
  to   space 3584K, 0% used [0x0000000770900000,0x0000000770900000,0x0000000770c80000)
 ParOldGen       total 62976K, used 19182K [0x00000006c0000000, 0x00000006c3d80000, 0x000000076ab00000)
  object space 62976K, 30% used [0x00000006c0000000,0x00000006c12bb8a0,0x00000006c3d80000)
 Metaspace       used 5894K, capacity 6960K, committed 7040K, reserved 1056768K
  class space    used 580K, capacity 616K, committed 640K, reserved 1048576K
}
Event: 3.027 GC heap before
{Heap before GC invocations=5 (full 0):
 PSYoungGen      total 99840K, used 99816K [0x000000076ab00000, 0x0000000771000000, 0x00000007c0000000)
  eden space 96256K, 100% used [0x000000076ab00000,0x0000000770900000,0x0000000770900000)
  from space 3584K, 99% used [0x0000000770c80000,0x0000000770ffa2a0,0x0000000771000000)
  to   space 3584K, 0% used [0x0000000770900000,0x0000000770900000,0x0000000770c80000)
 ParOldGen       total 62976K, used 19182K [0x00000006c0000000, 0x00000006c3d80000, 0x000000076ab00000)
  object space 62976K, 30% used [0x00000006c0000000,0x00000006c12bb8a0,0x00000006c3d80000)
 Metaspace       used 6105K, capacity 7024K, committed 7296K, reserved 1056768K
  class space    used 594K, capacity 616K, committed 640K, reserved 1048576K

Deoptimization events (10 events):
Event: 1.213 Thread 0x00007ff4001bb800 Uncommon trap: reason=bimorphic action=maybe_recompile pc=0x00007ff3f122ba40 method=java.util.HashMap.getNode(ILjava/lang/Object;)Ljava/util/HashMap$Node; @ 126
Event: 1.248 Thread 0x00007ff4001bb800 Uncommon trap: reason=unstable_if action=reinterpret pc=0x00007ff3f129e758 method=com.android.dx.rop.code.RegisterSpecSet.put(Lcom/android/dx/rop/code/RegisterSpec;)V @ 77
Event: 1.248 Thread 0x00007ff4001bb800 Uncommon trap: reason=unstable_if action=reinterpret pc=0x00007ff3f12a3058 method=com.android.dx.rop.code.RegisterSpecSet.put(Lcom/android/dx/rop/code/RegisterSpec;)V @ 77
Event: 1.429 Thread 0x00007ff40000e800 Uncommon trap: reason=unstable_if action=reinterpret pc=0x00007ff3f12d6bdc method=java.util.HashMap.putVal(ILjava/lang/Object;Ljava/lang/Object;ZZ)Ljava/lang/Object; @ 162
Event: 1.475 Thread 0x00007ff4001b0000 Uncommon trap: reason=unstable_if action=reinterpret pc=0x00007ff3f13055c0 method=java.util.HashMap.getNode(ILjava/lang/Object;)Ljava/util/HashMap$Node; @ 84
Event: 1.509 Thread 0x00007ff4001b0000 Uncommon trap: reason=unstable_if action=reinterpret pc=0x00007ff3f1232ddc method=com.android.dx.rop.code.RegisterSpec.equals(ILcom/android/dx/rop/type/TypeBearer;Lcom/android/dx/rop/code/LocalItem;)Z @ 42
Event: 1.659 Thread 0x00007ff4001bb800 Uncommon trap: reason=unstable_if action=reinterpret pc=0x00007ff3f137ac68 method=com.android.dx.rop.code.LocalItem.hashCode()I @ 25
Event: 1.659 Thread 0x00007ff4001bb800 Uncommon trap: reason=unstable_if action=reinterpret pc=0x00007ff3f122e784 method=com.android.dx.rop.code.LocalItem.hashCode()I @ 25
Event: 1.729 Thread 0x00007ff4001bb800 Uncommon trap: reason=unstable_if action=reinterpret pc=0x00007ff3f13b204c method=com.android.dx.rop.code.LocalItem.hashCode()I @ 25
Event: 2.413 Thread 0x00007ff4001bb800 Uncommon trap: reason=unstable_if action=reinterpret pc=0x00007ff3f13187bc method=com.android.dx.ssa.SsaMethod.updateOneDefinition(Lcom/android/dx/ssa/SsaInsn;Lcom/android/dx/rop/code/RegisterSpec;)V @ 4

Classes redefined (0 events):
No events

Internal exceptions (6 events):
Event: 0.151 Thread 0x00007ff40000e800 Exception <a 'java/lang/NoSuchMethodError': Method sun.misc.Unsafe.defineClass(Ljava/lang/String;[BII)Ljava/lang/Class; name or signature does not match> (0x000000076ab07cb0) thrown at [/usr/local/google/buildbot/src/googleplex-android/openjdk/out/hotspot
Event: 0.151 Thread 0x00007ff40000e800 Exception <a 'java/lang/NoSuchMethodError': Method sun.misc.Unsafe.prefetchRead(Ljava/lang/Object;J)V name or signature does not match> (0x000000076ab07f98) thrown at [/usr/local/google/buildbot/src/googleplex-android/openjdk/out/hotspot/src/share/vm/prim
Event: 1.157 Thread 0x00007ff40000e800 Implicit null exception at 0x00007ff3f12a6331 to 0x00007ff3f12a89e5
Event: 1.435 Thread 0x00007ff40000e800 Exception <a 'java/lang/ArrayIndexOutOfBoundsException': 18> (0x000000076bdb6b80) thrown at [/usr/local/google/buildbot/src/googleplex-android/openjdk/out/hotspot/src/share/vm/interpreter/interpreterRuntime.cpp, line 368]
Event: 1.436 Thread 0x00007ff40000e800 Exception <a 'java/lang/ArrayIndexOutOfBoundsException': 145> (0x000000076bdb8700) thrown at [/usr/local/google/buildbot/src/googleplex-android/openjdk/out/hotspot/src/share/vm/interpreter/interpreterRuntime.cpp, line 368]
Event: 1.437 Thread 0x00007ff40000e800 Exception <a 'java/lang/ArrayIndexOutOfBoundsException': 40> (0x000000076bdb99e8) thrown at [/usr/local/google/buildbot/src/googleplex-android/openjdk/out/hotspot/src/share/vm/interpreter/interpreterRuntime.cpp, line 368]

Events (10 events):
Event: 2.956 Thread 0x00007ff4001ba000 DEOPT UNPACKING pc=0x00007ff3f10474c4 sp=0x00007ff3ec5a4f40 mode 0
Event: 2.999 Thread 0x00007ff4001b8800 DEOPT PACKING pc=0x00007ff3f1358f6a sp=0x00007ff3ec6a5fe0
Event: 2.999 Thread 0x00007ff4001b8800 DEOPT UNPACKING pc=0x00007ff3f10474c4 sp=0x00007ff3ec6a5de8 mode 0
Event: 3.001 Thread 0x00007ff40000e800 DEOPT PACKING pc=0x00007ff3f145ac6f sp=0x00007ff406882920
Event: 3.001 Thread 0x00007ff40000e800 DEOPT UNPACKING pc=0x00007ff3f10474c4 sp=0x00007ff4068826a8 mode 0
Event: 3.004 Thread 0x00007ff40000e800 DEOPT PACKING pc=0x00007ff3f1364d56 sp=0x00007ff406882710
Event: 3.004 Thread 0x00007ff40000e800 DEOPT UNPACKING pc=0x00007ff3f10474c4 sp=0x00007ff406882478 mode 0
Event: 3.011 Thread 0x00007ff4001b0000 DEOPT PACKING pc=0x00007ff3f1300f4b sp=0x00007ff3ec8a81a0
Event: 3.011 Thread 0x00007ff4001b0000 DEOPT UNPACKING pc=0x00007ff3f10474c4 sp=0x00007ff3ec8a7f10 mode 0
Event: 3.017 Executing VM operation: ParallelGCFailedAllocation


Dynamic libraries:
00400000-00401000 r-xp 00000000 08:01 10623406                           /home/niroop/Downloads/android-studio/jre/bin/java
00401000-00402000 rw-p 00000000 08:01 10623406                           /home/niroop/Downloads/android-studio/jre/bin/java
01fe6000-02007000 rw-p 00000000 00:00 0                                  [heap]
6c0000000-6c3d80000 rw-p 00000000 00:00 0 
6c3d80000-76ab00000 ---p 00000000 00:00 0 
76ab00000-771000000 rw-p 00000000 00:00 0 
779500000-7c0000000 ---p 00000000 00:00 0 
7c0000000-7c00a0000 rw-p 00000000 00:00 0 
7c00a0000-800000000 ---p 00000000 00:00 0 
7ff398000000-7ff398021000 rw-p 00000000 00:00 0 
7ff398021000-7ff39c000000 ---p 00000000 00:00 0 
7ff39c000000-7ff39c021000 rw-p 00000000 00:00 0 
7ff39c021000-7ff3a0000000 ---p 00000000 00:00 0 
7ff3a0000000-7ff3a0021000 rw-p 00000000 00:00 0 
7ff3a0021000-7ff3a4000000 ---p 00000000 00:00 0 
7ff3a4000000-7ff3a4021000 rw-p 00000000 00:00 0 
7ff3a4021000-7ff3a8000000 ---p 00000000 00:00 0 
7ff3a8000000-7ff3a8021000 rw-p 00000000 00:00 0 
7ff3a8021000-7ff3ac000000 ---p 00000000 00:00 0 
7ff3ac000000-7ff3ac05e000 rw-p 00000000 00:00 0 
7ff3ac05e000-7ff3b0000000 ---p 00000000 00:00 0 
7ff3b0000000-7ff3b05c8000 rw-p 00000000 00:00 0 
7ff3b05c8000-7ff3b4000000 ---p 00000000 00:00 0 
7ff3b4000000-7ff3b4021000 rw-p 00000000 00:00 0 
7ff3b4021000-7ff3b8000000 ---p 00000000 00:00 0 
7ff3b8000000-7ff3b881a000 rw-p 00000000 00:00 0 
7ff3b881a000-7ff3bc000000 ---p 00000000 00:00 0 
7ff3bc000000-7ff3bc76b000 rw-p 00000000 00:00 0 
7ff3bc76b000-7ff3c0000000 ---p 00000000 00:00 0 
7ff3c0000000-7ff3c0021000 rw-p 00000000 00:00 0 
7ff3c0021000-7ff3c4000000 ---p 00000000 00:00 0 
7ff3c4000000-7ff3c4021000 rw-p 00000000 00:00 0 
7ff3c4021000-7ff3c8000000 ---p 00000000 00:00 0 
7ff3c8000000-7ff3c82c3000 rw-p 00000000 00:00 0 
7ff3c82c3000-7ff3cc000000 ---p 00000000 00:00 0 
7ff3cc000000-7ff3cc021000 rw-p 00000000 00:00 0 
7ff3cc021000-7ff3d0000000 ---p 00000000 00:00 0 
7ff3d0000000-7ff3d8000000 rw-p 00000000 00:00 0 
7ff3d8000000-7ff3d8021000 rw-p 00000000 00:00 0 
7ff3d8021000-7ff3dc000000 ---p 00000000 00:00 0 
7ff3dc000000-7ff3dc021000 rw-p 00000000 00:00 0 
7ff3dc021000-7ff3e0000000 ---p 00000000 00:00 0 
7ff3e0000000-7ff3e0021000 rw-p 00000000 00:00 0 
7ff3e0021000-7ff3e4000000 ---p 00000000 00:00 0 
7ff3e8000000-7ff3e8021000 rw-p 00000000 00:00 0 
7ff3e8021000-7ff3ec000000 ---p 00000000 00:00 0 
7ff3ec3a5000-7ff3ec3a8000 ---p 00000000 00:00 0 
7ff3ec3a8000-7ff3ec4a6000 rw-p 00000000 00:00 0 
7ff3ec4a6000-7ff3ec4a9000 ---p 00000000 00:00 0 
7ff3ec4a9000-7ff3ec5a7000 rw-p 00000000 00:00 0 
7ff3ec5a7000-7ff3ec5aa000 ---p 00000000 00:00 0 
7ff3ec5aa000-7ff3ec6a8000 rw-p 00000000 00:00 0 
7ff3ec6a8000-7ff3ec6ab000 ---p 00000000 00:00 0 
7ff3ec6ab000-7ff3ec7a9000 rw-p 00000000 00:00 0 
7ff3ec7a9000-7ff3ec7ac000 ---p 00000000 00:00 0 
7ff3ec7ac000-7ff3ec8aa000 rw-p 00000000 00:00 0 
7ff3ec8aa000-7ff3ec8b9000 r--s 000e4000 08:01 11851761                   /home/niroop/Android/Sdk/build-tools/26.0.0/lib/dx.jar
7ff3ec8b9000-7ff3ec8ba000 ---p 00000000 00:00 0 
7ff3ec8ba000-7ff3ec9ba000 rw-p 00000000 00:00 0 
7ff3ec9ba000-7ff3ec9bd000 ---p 00000000 00:00 0 
7ff3ec9bd000-7ff3ecabb000 rw-p 00000000 00:00 0 
7ff3ecabb000-7ff3ecabc000 ---p 00000000 00:00 0 
7ff3ecabc000-7ff3ecabf000 ---p 00000000 00:00 0 
7ff3ecabf000-7ff3ecbbc000 rw-p 00000000 00:00 0 
7ff3ecbbc000-7ff3ecbbd000 ---p 00000000 00:00 0 
7ff3ecbbd000-7ff3ecbc0000 ---p 00000000 00:00 0 
7ff3ecbc0000-7ff3eccbd000 rw-p 00000000 00:00 0 
7ff3eccbd000-7ff3eccbe000 ---p 00000000 00:00 0 
7ff3eccbe000-7ff3eccc1000 ---p 00000000 00:00 0 
7ff3eccc1000-7ff3ecdbe000 rw-p 00000000 00:00 0 
7ff3ecdbe000-7ff3ecdc1000 ---p 00000000 00:00 0 
7ff3ecdc1000-7ff3ecebf000 rw-p 00000000 00:00 0 
7ff3ecebf000-7ff3ed88e000 r--p 00000000 08:01 6036074                    /usr/lib/locale/locale-archive
7ff3ed88e000-7ff3ed891000 ---p 00000000 00:00 0 
7ff3ed891000-7ff3ed98f000 rw-p 00000000 00:00 0 
7ff3ed98f000-7ff3ed992000 ---p 00000000 00:00 0 
7ff3ed992000-7ff3eda90000 rw-p 00000000 00:00 0 
7ff3eda90000-7ff3eda91000 ---p 00000000 00:00 0 
7ff3eda91000-7ff3eeb45000 rw-p 00000000 00:00 0 
7ff3eeb45000-7ff3eed17000 r--s 03cad000 08:01 10751891                   /home/niroop/Downloads/android-studio/jre/jre/lib/rt.jar
7ff3eed17000-7ff3ef468000 rw-p 00000000 00:00 0 
7ff3ef468000-7ff3ef5e8000 ---p 00000000 00:00 0 
7ff3ef5e8000-7ff3efde8000 rw-p 00000000 00:00 0 
7ff3efde8000-7ff3efde9000 ---p 00000000 00:00 0 
7ff3efde9000-7ff3eff08000 rw-p 00000000 00:00 0 
7ff3eff08000-7ff3f043f000 ---p 00000000 00:00 0 
7ff3f043f000-7ff3f045e000 rw-p 00000000 00:00 0 
7ff3f045e000-7ff3f0994000 ---p 00000000 00:00 0 
7ff3f0994000-7ff3f09c7000 rw-p 00000000 00:00 0 
7ff3f09c7000-7ff3f0c3f000 ---p 00000000 00:00 0 
7ff3f0c3f000-7ff3f0c56000 rw-p 00000000 00:00 0 
7ff3f0c56000-7ff3f1000000 ---p 00000000 00:00 0 
7ff3f1000000-7ff3f1580000 rwxp 00000000 00:00 0 
7ff3f1580000-7ff400000000 ---p 00000000 00:00 0 
7ff400000000-7ff40044c000 rw-p 00000000 00:00 0 
7ff40044c000-7ff404000000 ---p 00000000 00:00 0 
7ff40400c000-7ff40405a000 rw-p 00000000 00:00 0 
7ff40405a000-7ff40405b000 ---p 00000000 00:00 0 
7ff40405b000-7ff40415b000 rw-p 00000000 00:00 0 
7ff40415b000-7ff40415c000 ---p 00000000 00:00 0 
7ff40415c000-7ff40425c000 rw-p 00000000 00:00 0 
7ff40425c000-7ff40425d000 ---p 00000000 00:00 0 
7ff40425d000-7ff40435d000 rw-p 00000000 00:00 0 
7ff40435d000-7ff404368000 r-xp 00000000 08:01 1840165                    /lib/x86_64-linux-gnu/libnss_files-2.27.so
7ff404368000-7ff404567000 ---p 0000b000 08:01 1840165                    /lib/x86_64-linux-gnu/libnss_files-2.27.so
7ff404567000-7ff404568000 r--p 0000a000 08:01 1840165                    /lib/x86_64-linux-gnu/libnss_files-2.27.so
7ff404568000-7ff404569000 rw-p 0000b000 08:01 1840165                    /lib/x86_64-linux-gnu/libnss_files-2.27.so
7ff404569000-7ff40456f000 rw-p 00000000 00:00 0 
7ff40456f000-7ff404586000 r-xp 00000000 08:01 1840159                    /lib/x86_64-linux-gnu/libnsl-2.27.so
7ff404586000-7ff404785000 ---p 00017000 08:01 1840159                    /lib/x86_64-linux-gnu/libnsl-2.27.so
7ff404785000-7ff404786000 r--p 00016000 08:01 1840159                    /lib/x86_64-linux-gnu/libnsl-2.27.so
7ff404786000-7ff404787000 rw-p 00017000 08:01 1840159                    /lib/x86_64-linux-gnu/libnsl-2.27.so
7ff404787000-7ff404789000 rw-p 00000000 00:00 0 
7ff404789000-7ff404794000 r-xp 00000000 08:01 1840176                    /lib/x86_64-linux-gnu/libnss_nis-2.27.so
7ff404794000-7ff404993000 ---p 0000b000 08:01 1840176                    /lib/x86_64-linux-gnu/libnss_nis-2.27.so
7ff404993000-7ff404994000 r--p 0000a000 08:01 1840176                    /lib/x86_64-linux-gnu/libnss_nis-2.27.so
7ff404994000-7ff404995000 rw-p 0000b000 08:01 1840176                    /lib/x86_64-linux-gnu/libnss_nis-2.27.so
7ff404995000-7ff40499d000 r-xp 00000000 08:01 1840161                    /lib/x86_64-linux-gnu/libnss_compat-2.27.so
7ff40499d000-7ff404b9d000 ---p 00008000 08:01 1840161                    /lib/x86_64-linux-gnu/libnss_compat-2.27.so
7ff404b9d000-7ff404b9e000 r--p 00008000 08:01 1840161                    /lib/x86_64-linux-gnu/libnss_compat-2.27.so
7ff404b9e000-7ff404b9f000 rw-p 00009000 08:01 1840161                    /lib/x86_64-linux-gnu/libnss_compat-2.27.so
7ff404b9f000-7ff404ba6000 r-xp 00000000 08:01 1840216                    /lib/x86_64-linux-gnu/librt-2.27.so
7ff404ba6000-7ff404da5000 ---p 00007000 08:01 1840216                    /lib/x86_64-linux-gnu/librt-2.27.so
7ff404da5000-7ff404da6000 r--p 00006000 08:01 1840216                    /lib/x86_64-linux-gnu/librt-2.27.so
7ff404da6000-7ff404da7000 rw-p 00007000 08:01 1840216                    /lib/x86_64-linux-gnu/librt-2.27.so
7ff404da7000-7ff404f44000 r-xp 00000000 08:01 1840138                    /lib/x86_64-linux-gnu/libm-2.27.so
7ff404f44000-7ff405143000 ---p 0019d000 08:01 1840138                    /lib/x86_64-linux-gnu/libm-2.27.so
7ff405143000-7ff405144000 r--p 0019c000 08:01 1840138                    /lib/x86_64-linux-gnu/libm-2.27.so
7ff405144000-7ff405145000 rw-p 0019d000 08:01 1840138                    /lib/x86_64-linux-gnu/libm-2.27.so
7ff405145000-7ff405d6b000 r-xp 00000000 08:01 10881900                   /home/niroop/Downloads/android-studio/jre/jre/lib/amd64/server/libjvm.so
7ff405d6b000-7ff405e3b000 rw-p 00c26000 08:01 10881900                   /home/niroop/Downloads/android-studio/jre/jre/lib/amd64/server/libjvm.so
7ff405e3b000-7ff405e7f000 rw-p 00000000 00:00 0 
7ff405e7f000-7ff406066000 r-xp 00000000 08:01 1840075                    /lib/x86_64-linux-gnu/libc-2.27.so
7ff406066000-7ff406266000 ---p 001e7000 08:01 1840075                    /lib/x86_64-linux-gnu/libc-2.27.so
7ff406266000-7ff40626a000 r--p 001e7000 08:01 1840075                    /lib/x86_64-linux-gnu/libc-2.27.so
7ff40626a000-7ff40626c000 rw-p 001eb000 08:01 1840075                    /lib/x86_64-linux-gnu/libc-2.27.so
7ff40626c000-7ff406270000 rw-p 00000000 00:00 0 
7ff406270000-7ff406273000 r-xp 00000000 08:01 1840098                    /lib/x86_64-linux-gnu/libdl-2.27.so
7ff406273000-7ff406472000 ---p 00003000 08:01 1840098                    /lib/x86_64-linux-gnu/libdl-2.27.so
7ff406472000-7ff406473000 r--p 00002000 08:01 1840098                    /lib/x86_64-linux-gnu/libdl-2.27.so
7ff406473000-7ff406474000 rw-p 00003000 08:01 1840098                    /lib/x86_64-linux-gnu/libdl-2.27.so
7ff406474000-7ff40648e000 r-xp 00000000 08:01 1840208                    /lib/x86_64-linux-gnu/libpthread-2.27.so
7ff40648e000-7ff40668d000 ---p 0001a000 08:01 1840208                    /lib/x86_64-linux-gnu/libpthread-2.27.so
7ff40668d000-7ff40668e000 r--p 00019000 08:01 1840208                    /lib/x86_64-linux-gnu/libpthread-2.27.so
7ff40668e000-7ff40668f000 rw-p 0001a000 08:01 1840208                    /lib/x86_64-linux-gnu/libpthread-2.27.so
7ff40668f000-7ff406693000 rw-p 00000000 00:00 0 
7ff406693000-7ff4066ba000 r-xp 00000000 08:01 1840047                    /lib/x86_64-linux-gnu/ld-2.27.so
7ff4066bc000-7ff4066c4000 r--s 000ac000 08:01 11540571                   /home/niroop/.android/build-cache/1c11515a8ebe623c59a8b1515ca24f021f3137b2/output/jars/classes.jar
7ff4066c4000-7ff40673c000 rw-p 00000000 00:00 0 
7ff40673c000-7ff406757000 r-xp 00000000 08:01 10881882                   /home/niroop/Downloads/android-studio/jre/jre/lib/amd64/libzip.so
7ff406757000-7ff406758000 rw-p 0001a000 08:01 10881882                   /home/niroop/Downloads/android-studio/jre/jre/lib/amd64/libzip.so
7ff406758000-7ff406782000 r-xp 00000000 08:01 10881890                   /home/niroop/Downloads/android-studio/jre/jre/lib/amd64/libjava.so
7ff406782000-7ff406784000 rw-p 0002a000 08:01 10881890                   /home/niroop/Downloads/android-studio/jre/jre/lib/amd64/libjava.so
7ff406784000-7ff406785000 ---p 00000000 00:00 0 
7ff406785000-7ff406788000 ---p 00000000 00:00 0 
7ff406788000-7ff406887000 rw-p 00000000 00:00 0 
7ff406887000-7ff40689d000 r-xp 00000000 08:01 10623394                   /home/niroop/Downloads/android-studio/jre/lib/amd64/jli/libjli.so
7ff40689d000-7ff40689e000 rw-p 00015000 08:01 10623394                   /home/niroop/Downloads/android-studio/jre/lib/amd64/jli/libjli.so
7ff40689e000-7ff4068a0000 rw-p 00000000 00:00 0 
7ff4068a1000-7ff4068a9000 rw-s 00000000 08:01 12592826                   /tmp/hsperfdata_niroop/14016
7ff4068a9000-7ff4068aa000 rw-p 00000000 00:00 0 
7ff4068aa000-7ff4068ab000 ---p 00000000 00:00 0 
7ff4068ab000-7ff4068b8000 r-xp 00000000 08:01 10881878                   /home/niroop/Downloads/android-studio/jre/jre/lib/amd64/libverify.so
7ff4068b8000-7ff4068ba000 rw-p 0000c000 08:01 10881878                   /home/niroop/Downloads/android-studio/jre/jre/lib/amd64/libverify.so
7ff4068ba000-7ff4068bb000 r--p 00027000 08:01 1840047                    /lib/x86_64-linux-gnu/ld-2.27.so
7ff4068bb000-7ff4068bc000 rw-p 00028000 08:01 1840047                    /lib/x86_64-linux-gnu/ld-2.27.so
7ff4068bc000-7ff4068bd000 rw-p 00000000 00:00 0 
7ffc72322000-7ffc72344000 rw-p 00000000 00:00 0                          [stack]
7ffc7237e000-7ffc72381000 r--p 00000000 00:00 0                          [vvar]
7ffc72381000-7ffc72382000 r-xp 00000000 00:00 0                          [vdso]
ffffffffff600000-ffffffffff601000 r-xp 00000000 00:00 0                  [vsyscall]

VM Arguments:
jvm_args: -Djava.awt.headless=true -Xmx4g -Dfile.encoding=UTF-8 -Duser.country=IN -Duser.language=en -Duser.variant 
java_command: com.android.dx.command.Main --dex --num-threads=4 --multi-dex --output /home/niroop/Desktop/User App/app/build/intermediates/transforms/dex/debug/folders/1000/1f/main /home/niroop/.gradle/caches/modules-2/files-2.1/com.twitter/twitter-text/1.13.0/78415b95ae3184c5926d593feab64bfc0b73b2dd/twitter-text-1.13.0.jar /home/niroop/Desktop/User App/slideMenuLibrary/build/intermediates/bundles/default/classes.jar /home/niroop/.android/build-cache/5fcb9a86500c46afa2241a78a670579788b0507a/output/jars/classes.jar /home/niroop/.gradle/caches/modules-2/files-2.1/com.squareup.okhttp3/okhttp-ws/3.0.1/bd9b51a0188fc8f14bf840a0d326755545206116/okhttp-ws-3.0.1.jar /home/niroop/.android/build-cache/75dde23ca9f72f0bbee564910b4ddfc64c464f51/output/jars/classes.jar /home/niroop/.android/build-cache/b14f3cdd91dd5a5853a9344f5b82d9a2f1580e7f/output/jars/classes.jar /home/niroop/.android/build-cache/378a40131b81df085943bf473ac8f1d4f3f45f38/output/jars/classes.jar /home/niroop/Desktop/User App/stripe/build/intermediates/bundles/default/classes.jar /home/niroop/.gradle/caches/modules-2/files-2.1/com.google.code.gson/gson/2.3/5fc52c41ef0239d1093a1eb7c3697036183677ce/gson-2.3.jar /home/niroop/.android/build-cache/64b2c015a07189ebc0254052798b61846fdd4db5/output/jars/classes.jar /home/niroop/.gradle/caches/modules-2/files-2.1/cz.msebera.android/httpclient/4.4.1.1/c8d96f6fd2bcc179c312da33ee670a71188cc60d/httpclient-4.4.1.1.jar /home/niroop/.android/build-cache/9901f58dda3e7377f7716f1ad4d30c44fc3d4a02/output/jars/classes.jar /home/niroop/.android/build-cache/8d3d670e2e94e1045188e8efb94a9240a5f849f5/output/jars/classes.jar /home/niroop/.android/build-cache/a0e761b7ace098dc210b0a3947be7ea06d53b2e3/output/jars/classes.jar /home/niroop/.gradle/caches/modules-2/files-2.1/io.socket/engine.io-client/0.7.0/c1b1d30e2d2231b2eae1438a44943a409b976dac/engine.io-client-0.7.0.jar /home/niroop/.android/build-cache/a1db323b27e8bb18edcef9eea6a2fefad94973dc/output/jars/classes.jar /home/niroop/.android/bu
java_class_path (initial): /home/niroop/Android/Sdk/build-tools/26.0.0/lib/dx.jar
Launcher Type: SUN_STANDARD

Environment Variables:
PATH=/usr/local/sbin:/usr/local/bin:/usr/sbin:/usr/bin:/sbin:/bin:/usr/games:/usr/local/games:/snap/bin
USERNAME=niroop
SHELL=/bin/bash
DISPLAY=:0

Signal Handlers:
SIGSEGV: [libjvm.so+0xa09650], sa_mask[0]=11111111011111111101111111111110, sa_flags=SA_RESTART|SA_SIGINFO
SIGBUS: [libjvm.so+0xa09650], sa_mask[0]=11111111011111111101111111111110, sa_flags=SA_RESTART|SA_SIGINFO
SIGFPE: [libjvm.so+0x86bc60], sa_mask[0]=11111111011111111101111111111110, sa_flags=SA_RESTART|SA_SIGINFO
SIGPIPE: [libjvm.so+0x86bc60], sa_mask[0]=11111111011111111101111111111110, sa_flags=SA_RESTART|SA_SIGINFO
SIGXFSZ: [libjvm.so+0x86bc60], sa_mask[0]=11111111011111111101111111111110, sa_flags=SA_RESTART|SA_SIGINFO
SIGILL: [libjvm.so+0x86bc60], sa_mask[0]=11111111011111111101111111111110, sa_flags=SA_RESTART|SA_SIGINFO
SIGUSR1: SIG_DFL, sa_mask[0]=00000000000000000000000000000000, sa_flags=none
SIGUSR2: [libjvm.so+0x86bb30], sa_mask[0]=00100000000000000000000000000000, sa_flags=SA_RESTART|SA_SIGINFO
SIGHUP: [libjvm.so+0x86bd20], sa_mask[0]=11111111011111111101111111111110, sa_flags=SA_RESTART|SA_SIGINFO
SIGINT: [libjvm.so+0x86bd20], sa_mask[0]=11111111011111111101111111111110, sa_flags=SA_RESTART|SA_SIGINFO
SIGTERM: [libjvm.so+0x86bd20], sa_mask[0]=11111111011111111101111111111110, sa_flags=SA_RESTART|SA_SIGINFO
SIGQUIT: [libjvm.so+0x86bd20], sa_mask[0]=11111111011111111101111111111110, sa_flags=SA_RESTART|SA_SIGINFO


---------------  S Y S T E M  ---------------

OS:DISTRIB_ID=Ubuntu
DISTRIB_RELEASE=18.04
DISTRIB_CODENAME=bionic
DISTRIB_DESCRIPTION="Ubuntu 18.04.3 LTS"

uname:Linux 5.0.0-37-generic #40~18.04.1-Ubuntu SMP Thu Nov 14 12:06:39 UTC 2019 x86_64
libc:glibc 2.27 NPTL 2.27 
rlimit: STACK 8192k, CORE 0k, NPROC 23170, NOFILE 1048576, AS infinity
load average:26.13 7.48 3.82

/proc/meminfo:
MemTotal:        5979864 kB
MemFree:          124756 kB
MemAvailable:      53884 kB
Buffers:             768 kB
Cached:           345752 kB
SwapCached:         2808 kB
Active:          4727320 kB
Inactive:         695648 kB
Active(anon):    4718096 kB
Inactive(anon):   674000 kB
Active(file):       9224 kB
Inactive(file):    21648 kB
Unevictable:        5448 kB
Mlocked:              64 kB
SwapTotal:       2097148 kB
SwapFree:              4 kB
Dirty:                40 kB
Writeback:             8 kB
AnonPages:       5081652 kB
Mapped:            91756 kB
Shmem:            315020 kB
KReclaimable:      88912 kB
Slab:             164788 kB
SReclaimable:      88912 kB
SUnreclaim:        75876 kB
KernelStack:       21792 kB
PageTables:       112472 kB
NFS_Unstable:          0 kB
Bounce:                0 kB
WritebackTmp:          0 kB
CommitLimit:     5087080 kB
Committed_AS:   18178252 kB
VmallocTotal:   34359738367 kB
VmallocUsed:           0 kB
VmallocChunk:          0 kB
Percpu:             2464 kB
HardwareCorrupted:     0 kB
AnonHugePages:         0 kB
ShmemHugePages:        0 kB
ShmemPmdMapped:        0 kB
CmaTotal:              0 kB
CmaFree:               0 kB
HugePages_Total:       0
HugePages_Free:        0
HugePages_Rsvd:        0
HugePages_Surp:        0
Hugepagesize:       2048 kB
Hugetlb:               0 kB
DirectMap4k:      354584 kB
DirectMap2M:     5816320 kB

container (cgroup) information:
container_type: cgroupv1
cpu_cpuset_cpus: 0-3
cpu_memory_nodes: 0
active_processor_count: 4
cpu_quota: -1
cpu_period: 100000
cpu_shares: -1
memory_limit_in_bytes: -1
memory_and_swap_limit_in_bytes: -2
memory_soft_limit_in_bytes: -1
memory_usage_in_bytes: 5562290176
memory_max_usage_in_bytes: 246923264


CPU:total 4 (initial active 4) (2 cores per cpu, 2 threads per core) family 6 model 58 stepping 9, cmov, cx8, fxsr, mmx, sse, sse2, sse3, ssse3, sse4.1, sse4.2, popcnt, avx, aes, clmul, erms, ht, tsc, tscinvbit, tscinv

/proc/cpuinfo:
processor	: 0
vendor_id	: GenuineIntel
cpu family	: 6
model		: 58
model name	: Intel(R) Core(TM) i5-3337U CPU @ 1.80GHz
stepping	: 9
microcode	: 0x21
cpu MHz		: 2494.319
cache size	: 3072 KB
physical id	: 0
siblings	: 4
core id		: 0
cpu cores	: 2
apicid		: 0
initial apicid	: 0
fpu		: yes
fpu_exception	: yes
cpuid level	: 13
wp		: yes
flags		: fpu vme de pse tsc msr pae mce cx8 apic sep mtrr pge mca cmov pat pse36 clflush dts acpi mmx fxsr sse sse2 ss ht tm pbe syscall nx rdtscp lm constant_tsc arch_perfmon pebs bts rep_good nopl xtopology nonstop_tsc cpuid aperfmperf pni pclmulqdq dtes64 monitor ds_cpl vmx est tm2 ssse3 cx16 xtpr pdcm pcid sse4_1 sse4_2 x2apic popcnt tsc_deadline_timer aes xsave avx f16c rdrand lahf_lm cpuid_fault epb pti ssbd ibrs ibpb stibp tpr_shadow vnmi flexpriority ept vpid fsgsbase smep erms xsaveopt dtherm ida arat pln pts md_clear flush_l1d
bugs		: cpu_meltdown spectre_v1 spectre_v2 spec_store_bypass l1tf mds swapgs itlb_multihit
bogomips	: 3591.82
clflush size	: 64
cache_alignment	: 64
address sizes	: 36 bits physical, 48 bits virtual
power management:

processor	: 1
vendor_id	: GenuineIntel
cpu family	: 6
model		: 58
model name	: Intel(R) Core(TM) i5-3337U CPU @ 1.80GHz
stepping	: 9
microcode	: 0x21
cpu MHz		: 2494.293
cache size	: 3072 KB
physical id	: 0
siblings	: 4
core id		: 0
cpu cores	: 2
apicid		: 1
initial apicid	: 1
fpu		: yes
fpu_exception	: yes
cpuid level	: 13
wp		: yes
flags		: fpu vme de pse tsc msr pae mce cx8 apic sep mtrr pge mca cmov pat pse36 clflush dts acpi mmx fxsr sse sse2 ss ht tm pbe syscall nx rdtscp lm constant_tsc arch_perfmon pebs bts rep_good nopl xtopology nonstop_tsc cpuid aperfmperf pni pclmulqdq dtes64 monitor ds_cpl vmx est tm2 ssse3 cx16 xtpr pdcm pcid sse4_1 sse4_2 x2apic popcnt tsc_deadline_timer aes xsave avx f16c rdrand lahf_lm cpuid_fault epb pti ssbd ibrs ibpb stibp tpr_shadow vnmi flexpriority ept vpid fsgsbase smep erms xsaveopt dtherm ida arat pln pts md_clear flush_l1d
bugs		: cpu_meltdown spectre_v1 spectre_v2 spec_store_bypass l1tf mds swapgs itlb_multihit
bogomips	: 3591.82
clflush size	: 64
cache_alignment	: 64
address sizes	: 36 bits physical, 48 bits virtual
power management:

processor	: 2
vendor_id	: GenuineIntel
cpu family	: 6
model		: 58
model name	: Intel(R) Core(TM) i5-3337U CPU @ 1.80GHz
stepping	: 9
microcode	: 0x21
cpu MHz		: 2494.265
cache size	: 3072 KB
physical id	: 0
siblings	: 4
core id		: 1
cpu cores	: 2
apicid		: 2
initial apicid	: 2
fpu		: yes
fpu_exception	: yes
cpuid level	: 13
wp		: yes
flags		: fpu vme de pse tsc msr pae mce cx8 apic sep mtrr pge mca cmov pat pse36 clflush dts acpi mmx fxsr sse sse2 ss ht tm pbe syscall nx rdtscp lm constant_tsc arch_perfmon pebs bts rep_good nopl xtopology nonstop_tsc cpuid aperfmperf pni pclmulqdq dtes64 monitor ds_cpl vmx est tm2 ssse3 cx16 xtpr pdcm pcid sse4_1 sse4_2 x2apic popcnt tsc_deadline_timer aes xsave avx f16c rdrand lahf_lm cpuid_fault epb pti ssbd ibrs ibpb stibp tpr_shadow vnmi flexpriority ept vpid fsgsbase smep erms xsaveopt dtherm ida arat pln pts md_clear flush_l1d
bugs		: cpu_meltdown spectre_v1 spectre_v2 spec_store_bypass l1tf mds swapgs itlb_multihit
bogomips	: 3591.82
clflush size	: 64
cache_alignment	: 64
address sizes	: 36 bits physical, 48 bits virtual
power management:

processor	: 3
vendor_id	: GenuineIntel
cpu family	: 6
model		: 58
model name	: Intel(R) Core(TM) i5-3337U CPU @ 1.80GHz
stepping	: 9
microcode	: 0x21
cpu MHz		: 2494.323
cache size	: 3072 KB
physical id	: 0
siblings	: 4
core id		: 1
cpu cores	: 2
apicid		: 3
initial apicid	: 3
fpu		: yes
fpu_exception	: yes
cpuid level	: 13
wp		: yes
flags		: fpu vme de pse tsc msr pae mce cx8 apic sep mtrr pge mca cmov pat pse36 clflush dts acpi mmx fxsr sse sse2 ss ht tm pbe syscall nx rdtscp lm constant_tsc arch_perfmon pebs bts rep_good nopl xtopology nonstop_tsc cpuid aperfmperf pni pclmulqdq dtes64 monitor ds_cpl vmx est tm2 ssse3 cx16 xtpr pdcm pcid sse4_1 sse4_2 x2apic popcnt tsc_deadline_timer aes xsave avx f16c rdrand lahf_lm cpuid_fault epb pti ssbd ibrs ibpb stibp tpr_shadow vnmi flexpriority ept vpid fsgsbase smep erms xsaveopt dtherm ida arat pln pts md_clear flush_l1d
bugs		: cpu_meltdown spectre_v1 spectre_v2 spec_store_bypass l1tf mds swapgs itlb_multihit
bogomips	: 3591.82
clflush size	: 64
cache_alignment	: 64
address sizes	: 36 bits physical, 48 bits virtual
power management:



Memory: 4k page, physical 5979864k(132308k free), swap 2097148k(0k free)

vm_info: OpenJDK 64-Bit Server VM (25.202-b49-5587405) for linux-amd64 JRE (1.8.0_202-release-1483-b49-5587405), built by "android-build" with gcc 4.8

time: Fri Jan 10 12:32:43 2020
timezone: IST
elapsed time: 31 seconds (0d 0h 0m 31s)

