#
# There is insufficient memory for the Java Runtime Environment to continue.
# Native memory allocation (mmap) failed to map 205520896 bytes for committing reserved memory.
# Possible reasons:
#   The system is out of physical RAM or swap space
#   The process is running with CompressedOops enabled, and the Java Heap may be blocking the growth of the native heap
# Possible solutions:
#   Reduce memory load on the system
#   Increase physical memory or swap space
#   Check if swap backing store is full
#   Decrease Java heap size (-Xmx/-Xms)
#   Decrease number of Java threads
#   Decrease Java thread stack sizes (-Xss)
#   Set larger code cache with -XX:ReservedCodeCacheSize=
#   JVM is running with Zero Based Compressed Oops mode in which the Java heap is
#     placed in the first 32GB address space. The Java Heap base address is the
#     maximum limit for the native heap growth. Please use -XX:HeapBaseMinAddress
#     to set the Java Heap base and to place the Java Heap above 32GB virtual address.
# This output file may be truncated or incomplete.
#
#  Out of Memory Error (os_linux.cpp:2753), pid=8990, tid=0x00007f3363bfb700
#
# JRE version: OpenJDK Runtime Environment (8.0_202) (build 1.8.0_202-release-1483-b49-5587405)
# Java VM: OpenJDK 64-Bit Server VM (25.202-b49-5587405 mixed mode linux-amd64 compressed oops)
# Failed to write core dump. Core dumps have been disabled. To enable core dumping, try "ulimit -c unlimited" before starting Java again
#

---------------  T H R E A D  ---------------

Current thread (0x00007f338007c800):  VMThread [stack: 0x00007f3363afc000,0x00007f3363bfc000] [id=9002]

Stack: [0x00007f3363afc000,0x00007f3363bfc000],  sp=0x00007f3363bfa530,  free space=1017k
Native frames: (J=compiled Java code, j=interpreted, Vv=VM code, C=native code)
V  [libjvm.so+0xa08b78]  VMError::report_and_die()+0x148
V  [libjvm.so+0x4d412a]  report_vm_out_of_memory(char const*, int, unsigned long, VMErrorType, char const*)+0x8a
V  [libjvm.so+0x870478]  os::pd_commit_memory(char*, unsigned long, unsigned long, bool)+0xd8
V  [libjvm.so+0x867f9f]  os::commit_memory(char*, unsigned long, unsigned long, bool)+0x1f
V  [libjvm.so+0x8e14eb]  PSVirtualSpace::expand_by(unsigned long)+0x5b
V  [libjvm.so+0x8d234b]  PSOldGen::expand_by(unsigned long) [clone .part.109]+0x1b
V  [libjvm.so+0x8d250b]  PSOldGen::expand(unsigned long) [clone .part.111]+0xdb
V  [libjvm.so+0x8d2de8]  PSOldGen::resize(unsigned long)+0x188
V  [libjvm.so+0x8d83cc]  PSParallelCompact::invoke_no_policy(bool)+0x94c
V  [libjvm.so+0x8df48d]  PSScavenge::invoke()+0x17d
V  [libjvm.so+0x893763]  ParallelScavengeHeap::failed_mem_allocate(unsigned long)+0x63
V  [libjvm.so+0xa0a644]  VM_ParallelGCFailedAllocation::doit()+0x84
V  [libjvm.so+0xa0ea17]  VM_Operation::evaluate()+0x47
V  [libjvm.so+0xa0d498]  VMThread::evaluate_operation(VM_Operation*)+0x218
V  [libjvm.so+0xa0d8d1]  VMThread::loop()+0x1f1
V  [libjvm.so+0xa0dd02]  VMThread::run()+0x72
V  [libjvm.so+0x86d652]  java_start(Thread*)+0xf2

VM_Operation (0x00007f3388a31a30): ParallelGCFailedAllocation, mode: safepoint, requested by thread 0x00007f338000e800


---------------  P R O C E S S  ---------------

Java Threads: ( => current thread )
  0x00007f338018d000 JavaThread "pool-2-thread-4" [_thread_blocked, id=9015, stack(0x00007f336241f000,0x00007f3362520000)]
  0x00007f338018b800 JavaThread "pool-2-thread-3" [_thread_blocked, id=9014, stack(0x00007f3362520000,0x00007f3362621000)]
  0x00007f338018a000 JavaThread "pool-2-thread-2" [_thread_blocked, id=9013, stack(0x00007f3362621000,0x00007f3362722000)]
  0x00007f3380181800 JavaThread "pool-3-thread-1" [_thread_blocked, id=9012, stack(0x00007f3362722000,0x00007f3362823000)]
  0x00007f3380180000 JavaThread "pool-2-thread-1" [_thread_blocked, id=9011, stack(0x00007f3362823000,0x00007f3362924000)]
  0x00007f33800d6800 JavaThread "Service Thread" daemon [_thread_blocked, id=9009, stack(0x00007f3362a25000,0x00007f3362b26000)]
  0x00007f33800c1800 JavaThread "C1 CompilerThread2" daemon [_thread_blocked, id=9008, stack(0x00007f3362b27000,0x00007f3362c27000)]
  0x00007f33800bf800 JavaThread "C2 CompilerThread1" daemon [_thread_in_native, id=9007, stack(0x00007f3362c28000,0x00007f3362d28000)]
  0x00007f33800bc800 JavaThread "C2 CompilerThread0" daemon [_thread_blocked, id=9006, stack(0x00007f3362d29000,0x00007f3362e29000)]
  0x00007f33800b8800 JavaThread "Signal Dispatcher" daemon [_thread_blocked, id=9005, stack(0x00007f3362e29000,0x00007f3362f2a000)]
  0x00007f3380088800 JavaThread "Finalizer" daemon [_thread_blocked, id=9004, stack(0x00007f33638f9000,0x00007f33639fa000)]
  0x00007f3380086000 JavaThread "Reference Handler" daemon [_thread_blocked, id=9003, stack(0x00007f33639fa000,0x00007f3363afb000)]
  0x00007f338000e800 JavaThread "main" [_thread_blocked, id=8996, stack(0x00007f3388934000,0x00007f3388a34000)]

Other Threads:
=>0x00007f338007c800 VMThread [stack: 0x00007f3363afc000,0x00007f3363bfc000] [id=9002]
  0x00007f33800d9000 WatcherThread [stack: 0x00007f3362925000,0x00007f3362a25000] [id=9010]

VM state:at safepoint (normal execution)

VM Mutex/Monitor currently owned by a thread:  ([mutex/lock_event])
[0x00007f338000a920] ExpandHeap_lock - owner thread: 0x00007f338007c800
[0x00007f338000afa0] Threads_lock - owner thread: 0x00007f338007c800
[0x00007f338000b4a0] Heap_lock - owner thread: 0x00007f338000e800

heap address: 0x00000006c0000000, size: 4096 MB, Compressed Oops mode: Zero based, Oop shift amount: 3
Narrow klass base: 0x0000000000000000, Narrow klass shift: 3
Compressed class space size: 1073741824 Address: 0x00000007c0000000

Heap:
 PSYoungGen      total 808448K, used 92722K [0x000000076ab00000, 0x00000007b2500000, 0x00000007c0000000)
  eden space 606720K, 0% used [0x000000076ab00000,0x000000076ab00000,0x000000078fb80000)
  from space 201728K, 45% used [0x000000078fb80000,0x000000079560cb40,0x000000079c080000)
  to   space 220160K, 0% used [0x00000007a4e00000,0x00000007a4e00000,0x00000007b2500000)
 ParOldGen       total 506880K, used 506461K [0x00000006c0000000, 0x00000006def00000, 0x000000076ab00000)
  object space 506880K, 99% used [0x00000006c0000000,0x00000006dee97428,0x00000006def00000)
 Metaspace       used 6611K, capacity 7344K, committed 7552K, reserved 1056768K
  class space    used 599K, capacity 616K, committed 640K, reserved 1048576K

Card table byte_map: [0x00007f338594b000,0x00007f338614c000] byte_map_base: 0x00007f338234b000

Marking Bits: (ParMarkBitMap*) 0x00007f3387fff920
 Begin Bits: [0x00007f3354000000, 0x00007f3358000000)
 End Bits:   [0x00007f3358000000, 0x00007f335c000000)

Polling page: 0x00007f3388a59000

CodeCache: size=245760Kb used=11710Kb max_used=11710Kb free=234049Kb
 bounds [0x00007f3371000000, 0x00007f3371bb0000, 0x00007f3380000000]
 total_blobs=2675 nmethods=2402 adapters=187
 compilation: enabled

Compilation events (10 events):
Event: 42.148 Thread 0x00007f33800bc800 nmethod 1123% 0x00007f337135ce90 code [0x00007f337135d000, 0x00007f337135d3d8]
Event: 42.148 Thread 0x00007f33800bc800 2894       4       com.android.dx.ssa.LocalVariableExtractor::processBlock (383 bytes)
Event: 42.288 Thread 0x00007f33800c1800 2900 %     3       com.android.dx.ssa.back.FirstFitLocalCombiningAllocator::handleNormalUnassociated @ 60 (99 bytes)
Event: 42.290 Thread 0x00007f33800c1800 nmethod 2900% 0x00007f3371520bd0 code [0x00007f3371520ea0, 0x00007f33715223d8]
Event: 42.291 Thread 0x00007f33800c1800 2901       3       com.android.dx.ssa.back.FirstFitLocalCombiningAllocator::handleNormalUnassociated (99 bytes)
Event: 42.292 Thread 0x00007f33800c1800 nmethod 2901 0x00007f337150c9d0 code [0x00007f337150cca0, 0x00007f337150e038]
Event: 42.347 Thread 0x00007f33800c1800 2904       2       com.android.dx.ssa.back.FirstFitLocalCombiningAllocator$1::visitNonMoveInsn (6 bytes)
Event: 42.347 Thread 0x00007f33800c1800 nmethod 2904 0x00007f3371680e10 code [0x00007f3371680f80, 0x00007f33716810e8]
Event: 42.387 Thread 0x00007f33800c1800 2905       2       java.util.HashMap::treeifyBin (110 bytes)
Event: 42.388 Thread 0x00007f33800c1800 nmethod 2905 0x00007f337150c110 code [0x00007f337150c2c0, 0x00007f337150c6a8]

GC Heap History (10 events):
Event: 24.483 GC heap after
Heap after GC invocations=17 (full 3):
 PSYoungGen      total 652800K, used 95204K [0x000000076ab00000, 0x000000079ce80000, 0x00000007c0000000)
  eden space 499200K, 0% used [0x000000076ab00000,0x000000076ab00000,0x0000000789280000)
  from space 153600K, 61% used [0x0000000793880000,0x00000007995790a8,0x000000079ce80000)
  to   space 161792K, 0% used [0x0000000789280000,0x0000000789280000,0x0000000793080000)
 ParOldGen       total 349696K, used 278329K [0x00000006c0000000, 0x00000006d5580000, 0x000000076ab00000)
  object space 349696K, 79% used [0x00000006c0000000,0x00000006d0fce4d0,0x00000006d5580000)
 Metaspace       used 6598K, capacity 7344K, committed 7552K, reserved 1056768K
  class space    used 597K, capacity 616K, committed 640K, reserved 1048576K
}
Event: 27.215 GC heap before
{Heap before GC invocations=18 (full 3):
 PSYoungGen      total 652800K, used 594404K [0x000000076ab00000, 0x000000079ce80000, 0x00000007c0000000)
  eden space 499200K, 100% used [0x000000076ab00000,0x0000000789280000,0x0000000789280000)
  from space 153600K, 61% used [0x0000000793880000,0x00000007995790a8,0x000000079ce80000)
  to   space 161792K, 0% used [0x0000000789280000,0x0000000789280000,0x0000000793080000)
 ParOldGen       total 349696K, used 278329K [0x00000006c0000000, 0x00000006d5580000, 0x000000076ab00000)
  object space 349696K, 79% used [0x00000006c0000000,0x00000006d0fce4d0,0x00000006d5580000)
 Metaspace       used 6600K, capacity 7344K, committed 7552K, reserved 1056768K
  class space    used 597K, capacity 616K, committed 640K, reserved 1048576K
Event: 27.424 GC heap after
Heap after GC invocations=18 (full 3):
 PSYoungGen      total 660992K, used 129756K [0x000000076ab00000, 0x00000007a6d80000, 0x00000007c0000000)
  eden space 499200K, 0% used [0x000000076ab00000,0x000000076ab00000,0x0000000789280000)
  from space 161792K, 80% used [0x0000000789280000,0x00000007911372d0,0x0000000793080000)
  to   space 177152K, 0% used [0x000000079c080000,0x000000079c080000,0x00000007a6d80000)
 ParOldGen       total 349696K, used 315637K [0x00000006c0000000, 0x00000006d5580000, 0x000000076ab00000)
  object space 349696K, 90% used [0x00000006c0000000,0x00000006d343d730,0x00000006d5580000)
 Metaspace       used 6600K, capacity 7344K, committed 7552K, reserved 1056768K
  class space    used 597K, capacity 616K, committed 640K, reserved 1048576K
}
Event: 27.428 GC heap before
{Heap before GC invocations=19 (full 4):
 PSYoungGen      total 660992K, used 129756K [0x000000076ab00000, 0x00000007a6d80000, 0x00000007c0000000)
  eden space 499200K, 0% used [0x000000076ab00000,0x000000076ab00000,0x0000000789280000)
  from space 161792K, 80% used [0x0000000789280000,0x00000007911372d0,0x0000000793080000)
  to   space 177152K, 0% used [0x000000079c080000,0x000000079c080000,0x00000007a6d80000)
 ParOldGen       total 349696K, used 315637K [0x00000006c0000000, 0x00000006d5580000, 0x000000076ab00000)
  object space 349696K, 90% used [0x00000006c0000000,0x00000006d343d730,0x00000006d5580000)
 Metaspace       used 6600K, capacity 7344K, committed 7552K, reserved 1056768K
  class space    used 597K, capacity 616K, committed 640K, reserved 1048576K
Event: 30.060 GC heap after
Heap after GC invocations=19 (full 4):
 PSYoungGen      total 660992K, used 91870K [0x000000076ab00000, 0x00000007a6d80000, 0x00000007c0000000)
  eden space 499200K, 0% used [0x000000076ab00000,0x000000076ab00000,0x0000000789280000)
  from space 161792K, 56% used [0x0000000789280000,0x000000078ec37800,0x0000000793080000)
  to   space 177152K, 0% used [0x000000079c080000,0x000000079c080000,0x00000007a6d80000)
 ParOldGen       total 506880K, used 349511K [0x00000006c0000000, 0x00000006def00000, 0x000000076ab00000)
  object space 506880K, 68% used [0x00000006c0000000,0x00000006d5551f40,0x00000006def00000)
 Metaspace       used 6600K, capacity 7344K, committed 7552K, reserved 1056768K
  class space    used 597K, capacity 616K, committed 640K, reserved 1048576K
}
Event: 32.101 GC heap before
{Heap before GC invocations=20 (full 4):
 PSYoungGen      total 660992K, used 591070K [0x000000076ab00000, 0x00000007a6d80000, 0x00000007c0000000)
  eden space 499200K, 100% used [0x000000076ab00000,0x0000000789280000,0x0000000789280000)
  from space 161792K, 56% used [0x0000000789280000,0x000000078ec37800,0x0000000793080000)
  to   space 177152K, 0% used [0x000000079c080000,0x000000079c080000,0x00000007a6d80000)
 ParOldGen       total 506880K, used 349511K [0x00000006c0000000, 0x00000006def00000, 0x000000076ab00000)
  object space 506880K, 68% used [0x00000006c0000000,0x00000006d5551f40,0x00000006def00000)
 Metaspace       used 6604K, capacity 7344K, committed 7552K, reserved 1056768K
  class space    used 597K, capacity 616K, committed 640K, reserved 1048576K
Event: 38.711 GC heap after
Heap after GC invocations=20 (full 4):
 PSYoungGen      total 783872K, used 163872K [0x000000076ab00000, 0x00000007ab980000, 0x00000007c0000000)
  eden space 606720K, 0% used [0x000000076ab00000,0x000000076ab00000,0x000000078fb80000)
  from space 177152K, 92% used [0x000000079c080000,0x00000007a6088050,0x00000007a6d80000)
  to   space 201728K, 0% used [0x000000078fb80000,0x000000078fb80000,0x000000079c080000)
 ParOldGen       total 506880K, used 349511K [0x00000006c0000000, 0x00000006def00000, 0x000000076ab00000)
  object space 506880K, 68% used [0x00000006c0000000,0x00000006d5551f40,0x00000006def00000)
 Metaspace       used 6604K, capacity 7344K, committed 7552K, reserved 1056768K
  class space    used 597K, capacity 616K, committed 640K, reserved 1048576K
}
Event: 42.497 GC heap before
{Heap before GC invocations=21 (full 4):
 PSYoungGen      total 783872K, used 770592K [0x000000076ab00000, 0x00000007ab980000, 0x00000007c0000000)
  eden space 606720K, 100% used [0x000000076ab00000,0x000000078fb80000,0x000000078fb80000)
  from space 177152K, 92% used [0x000000079c080000,0x00000007a6088050,0x00000007a6d80000)
  to   space 201728K, 0% used [0x000000078fb80000,0x000000078fb80000,0x000000079c080000)
 ParOldGen       total 506880K, used 349511K [0x00000006c0000000, 0x00000006def00000, 0x000000076ab00000)
  object space 506880K, 68% used [0x00000006c0000000,0x00000006d5551f40,0x00000006def00000)
 Metaspace       used 6611K, capacity 7344K, committed 7552K, reserved 1056768K
  class space    used 599K, capacity 616K, committed 640K, reserved 1048576K
Event: 43.509 GC heap after
Heap after GC invocations=21 (full 4):
 PSYoungGen      total 808448K, used 161906K [0x000000076ab00000, 0x00000007b2500000, 0x00000007c0000000)
  eden space 606720K, 0% used [0x000000076ab00000,0x000000076ab00000,0x000000078fb80000)
  from space 201728K, 80% used [0x000000078fb80000,0x000000079999cab0,0x000000079c080000)
  to   space 220160K, 0% used [0x00000007a4e00000,0x00000007a4e00000,0x00000007b2500000)
 ParOldGen       total 506880K, used 439417K [0x00000006c0000000, 0x00000006def00000, 0x000000076ab00000)
  object space 506880K, 86% used [0x00000006c0000000,0x00000006dad1e5d0,0x00000006def00000)
 Metaspace       used 6611K, capacity 7344K, committed 7552K, reserved 1056768K
  class space    used 599K, capacity 616K, committed 640K, reserved 1048576K
}
Event: 43.513 GC heap before
{Heap before GC invocations=22 (full 5):
 PSYoungGen      total 808448K, used 161906K [0x000000076ab00000, 0x00000007b2500000, 0x00000007c0000000)
  eden space 606720K, 0% used [0x000000076ab00000,0x000000076ab00000,0x000000078fb80000)
  from space 201728K, 80% used [0x000000078fb80000,0x000000079999cab0,0x000000079c080000)
  to   space 220160K, 0% used [0x00000007a4e00000,0x00000007a4e00000,0x00000007b2500000)
 ParOldGen       total 506880K, used 439417K [0x00000006c0000000, 0x00000006def00000, 0x000000076ab00000)
  object space 506880K, 86% used [0x00000006c0000000,0x00000006dad1e5d0,0x00000006def00000)
 Metaspace       used 6611K, capacity 7344K, committed 7552K, reserved 1056768K
  class space    used 599K, capacity 616K, committed 640K, reserved 1048576K

Deoptimization events (10 events):
Event: 40.256 Thread 0x00007f338018d000 Uncommon trap: reason=class_check action=maybe_recompile pc=0x00007f3371788160 method=com.android.dx.ssa.back.FirstFitLocalCombiningAllocator.findNextUnreservedRopReg(IILcom/android/dx/ssa/back/FirstFitLocalCombiningAllocator$Alignment;)I @ 60
Event: 40.570 Thread 0x00007f3380180000 Uncommon trap: reason=unstable_if action=reinterpret pc=0x00007f3371a87108 method=java.util.ArrayList.<init>(I)V @ 5
Event: 40.576 Thread 0x00007f338018d000 Uncommon trap: reason=unstable_if action=reinterpret pc=0x00007f3371434b04 method=java.util.BitSet.set(II)V @ 48
Event: 41.024 Thread 0x00007f338018b800 Uncommon trap: reason=class_check action=maybe_recompile pc=0x00007f3371a5e4d8 method=com.android.dx.ssa.ConstCollector.getConstsSortedByCountUse()Ljava/util/ArrayList; @ 282
Event: 41.276 Thread 0x00007f338018b800 Uncommon trap: reason=null_check action=make_not_entrant pc=0x00007f3371b81edc method=com.android.dx.dex.file.FieldIdsSection.intern(Lcom/android/dx/rop/cst/CstFieldRef;)Lcom/android/dx/dex/file/FieldIdItem; @ 26
Event: 41.280 Thread 0x00007f338018d000 Uncommon trap: reason=null_check action=make_not_entrant pc=0x00007f3371b81edc method=com.android.dx.dex.file.FieldIdsSection.intern(Lcom/android/dx/rop/cst/CstFieldRef;)Lcom/android/dx/dex/file/FieldIdItem; @ 26
Event: 41.744 Thread 0x00007f338018d000 Uncommon trap: reason=unstable_if action=reinterpret pc=0x00007f3371997714 method=com.android.dx.rop.code.LocalItem.compareHandlesNulls(Lcom/android/dx/rop/cst/CstString;Lcom/android/dx/rop/cst/CstString;)I @ 14
Event: 41.756 Thread 0x00007f338018d000 Uncommon trap: reason=unstable_if action=reinterpret pc=0x00007f33719bcd8c method=com.android.dx.rop.code.LocalItem.compareHandlesNulls(Lcom/android/dx/rop/cst/CstString;Lcom/android/dx/rop/cst/CstString;)I @ 14
Event: 42.270 Thread 0x00007f338018d000 Uncommon trap: reason=unstable_if action=reinterpret pc=0x00007f3371787b10 method=java.util.BitSet.nextClearBit(I)I @ 70
Event: 42.346 Thread 0x00007f3380180000 Uncommon trap: reason=unstable_if action=reinterpret pc=0x00007f337158a314 method=com.android.dx.rop.code.LocalItem.compareHandlesNulls(Lcom/android/dx/rop/cst/CstString;Lcom/android/dx/rop/cst/CstString;)I @ 8

Classes redefined (0 events):
No events

Internal exceptions (10 events):
Event: 0.088 Thread 0x00007f338000e800 Exception <a 'java/lang/NoSuchMethodError': Method sun.misc.Unsafe.prefetchRead(Ljava/lang/Object;J)V name or signature does not match> (0x000000076ab07f98) thrown at [/usr/local/google/buildbot/src/googleplex-android/openjdk/out/hotspot/src/share/vm/prim
Event: 0.796 Thread 0x00007f338018a000 Implicit null exception at 0x00007f3371277be2 to 0x00007f3371277cdb
Event: 1.198 Thread 0x00007f338018d000 Implicit null exception at 0x00007f33712eb596 to 0x00007f33712ee575
Event: 1.271 Thread 0x00007f338000e800 Exception <a 'java/lang/ArrayIndexOutOfBoundsException': 18> (0x000000076be195d8) thrown at [/usr/local/google/buildbot/src/googleplex-android/openjdk/out/hotspot/src/share/vm/interpreter/interpreterRuntime.cpp, line 368]
Event: 1.272 Thread 0x00007f338000e800 Exception <a 'java/lang/ArrayIndexOutOfBoundsException': 145> (0x000000076be1b158) thrown at [/usr/local/google/buildbot/src/googleplex-android/openjdk/out/hotspot/src/share/vm/interpreter/interpreterRuntime.cpp, line 368]
Event: 1.273 Thread 0x00007f338000e800 Exception <a 'java/lang/ArrayIndexOutOfBoundsException': 40> (0x000000076be1c440) thrown at [/usr/local/google/buildbot/src/googleplex-android/openjdk/out/hotspot/src/share/vm/interpreter/interpreterRuntime.cpp, line 368]
Event: 12.594 Thread 0x00007f3380180000 Implicit null exception at 0x00007f33715dd6be to 0x00007f33715de509
Event: 41.744 Thread 0x00007f338018d000 Implicit null exception at 0x00007f33719959a8 to 0x00007f33719976dd
Event: 41.756 Thread 0x00007f338018d000 Implicit null exception at 0x00007f33719baf43 to 0x00007f33719bcd31
Event: 42.346 Thread 0x00007f3380180000 Implicit null exception at 0x00007f33715892ec to 0x00007f337158a2dd

Events (10 events):
Event: 42.450 Thread 0x00007f338018b800 DEOPT UNPACKING pc=0x00007f33710474c4 sp=0x00007f336261ebe8 mode 0
Event: 42.453 Thread 0x00007f338018d000 DEOPT PACKING pc=0x00007f33712d5dbd sp=0x00007f336251de60
Event: 42.453 Thread 0x00007f338018d000 DEOPT UNPACKING pc=0x00007f33710474c4 sp=0x00007f336251dbe8 mode 0
Event: 42.465 Thread 0x00007f3380180000 DEOPT PACKING pc=0x00007f33713842b4 sp=0x00007f33629221c0
Event: 42.465 Thread 0x00007f3380180000 DEOPT UNPACKING pc=0x00007f33710474c4 sp=0x00007f3362921f28 mode 0
Event: 42.468 Thread 0x00007f338018b800 DEOPT PACKING pc=0x00007f33712d5dbd sp=0x00007f336261ee60
Event: 42.468 Thread 0x00007f338018b800 DEOPT UNPACKING pc=0x00007f33710474c4 sp=0x00007f336261ebe8 mode 0
Event: 42.468 Thread 0x00007f338018b800 DEOPT PACKING pc=0x00007f337134a4d6 sp=0x00007f336261ef80
Event: 42.468 Thread 0x00007f338018b800 DEOPT UNPACKING pc=0x00007f33710474c4 sp=0x00007f336261ece8 mode 0
Event: 42.490 Executing VM operation: ParallelGCFailedAllocation


Dynamic libraries:
00400000-00401000 r-xp 00000000 08:01 7352713                            /home/niroop/Documents/android-studio/jre/bin/java
00401000-00402000 rw-p 00000000 08:01 7352713                            /home/niroop/Documents/android-studio/jre/bin/java
01dda000-01dfb000 rw-p 00000000 00:00 0                                  [heap]
6c0000000-6def00000 rw-p 00000000 00:00 0 
6eb300000-76ab00000 ---p 00000000 00:00 0 
76ab00000-7b2500000 rw-p 00000000 00:00 0 
7b2500000-7c0000000 ---p 00000000 00:00 0 
7c0000000-7c00a0000 rw-p 00000000 00:00 0 
7c00a0000-800000000 ---p 00000000 00:00 0 
7f331c000000-7f331c039000 rw-p 00000000 00:00 0 
7f331c039000-7f3320000000 ---p 00000000 00:00 0 
7f3320000000-7f3320021000 rw-p 00000000 00:00 0 
7f3320021000-7f3324000000 ---p 00000000 00:00 0 
7f3324000000-7f3324021000 rw-p 00000000 00:00 0 
7f3324021000-7f3328000000 ---p 00000000 00:00 0 
7f3328000000-7f3328021000 rw-p 00000000 00:00 0 
7f3328021000-7f332c000000 ---p 00000000 00:00 0 
7f332c000000-7f332c021000 rw-p 00000000 00:00 0 
7f332c021000-7f3330000000 ---p 00000000 00:00 0 
7f3330000000-7f3330044000 rw-p 00000000 00:00 0 
7f3330044000-7f3334000000 ---p 00000000 00:00 0 
7f3334000000-7f3334b71000 rw-p 00000000 00:00 0 
7f3334b71000-7f3338000000 ---p 00000000 00:00 0 
7f3338000000-7f3338021000 rw-p 00000000 00:00 0 
7f3338021000-7f333c000000 ---p 00000000 00:00 0 
7f333c000000-7f333d500000 rw-p 00000000 00:00 0 
7f333d500000-7f3340000000 ---p 00000000 00:00 0 
7f3340000000-7f334151b000 rw-p 00000000 00:00 0 
7f334151b000-7f3344000000 ---p 00000000 00:00 0 
7f3344000000-7f3344021000 rw-p 00000000 00:00 0 
7f3344021000-7f3348000000 ---p 00000000 00:00 0 
7f3348000000-7f3348021000 rw-p 00000000 00:00 0 
7f3348021000-7f334c000000 ---p 00000000 00:00 0 
7f334c000000-7f334c2dd000 rw-p 00000000 00:00 0 
7f334c2dd000-7f3350000000 ---p 00000000 00:00 0 
7f3350000000-7f3350021000 rw-p 00000000 00:00 0 
7f3350021000-7f3354000000 ---p 00000000 00:00 0 
7f3354000000-7f335c000000 rw-p 00000000 00:00 0 
7f335c000000-7f335c021000 rw-p 00000000 00:00 0 
7f335c021000-7f3360000000 ---p 00000000 00:00 0 
7f336241f000-7f3362422000 ---p 00000000 00:00 0 
7f3362422000-7f3362520000 rw-p 00000000 00:00 0 
7f3362520000-7f3362523000 ---p 00000000 00:00 0 
7f3362523000-7f3362621000 rw-p 00000000 00:00 0 
7f3362621000-7f3362624000 ---p 00000000 00:00 0 
7f3362624000-7f3362722000 rw-p 00000000 00:00 0 
7f3362722000-7f3362725000 ---p 00000000 00:00 0 
7f3362725000-7f3362823000 rw-p 00000000 00:00 0 
7f3362823000-7f3362826000 ---p 00000000 00:00 0 
7f3362826000-7f3362924000 rw-p 00000000 00:00 0 
7f3362924000-7f3362925000 ---p 00000000 00:00 0 
7f3362925000-7f3362a25000 rw-p 00000000 00:00 0 
7f3362a25000-7f3362a28000 ---p 00000000 00:00 0 
7f3362a28000-7f3362b26000 rw-p 00000000 00:00 0 
7f3362b26000-7f3362b27000 ---p 00000000 00:00 0 
7f3362b27000-7f3362b2a000 ---p 00000000 00:00 0 
7f3362b2a000-7f3362c27000 rw-p 00000000 00:00 0 
7f3362c27000-7f3362c28000 ---p 00000000 00:00 0 
7f3362c28000-7f3362c2b000 ---p 00000000 00:00 0 
7f3362c2b000-7f3362d28000 rw-p 00000000 00:00 0 
7f3362d28000-7f3362d29000 ---p 00000000 00:00 0 
7f3362d29000-7f3362d2c000 ---p 00000000 00:00 0 
7f3362d2c000-7f3362e29000 rw-p 00000000 00:00 0 
7f3362e29000-7f3362e2c000 ---p 00000000 00:00 0 
7f3362e2c000-7f3362f2a000 rw-p 00000000 00:00 0 
7f3362f2a000-7f33638f9000 r--p 00000000 08:01 6036074                    /usr/lib/locale/locale-archive
7f33638f9000-7f33638fc000 ---p 00000000 00:00 0 
7f33638fc000-7f33639fa000 rw-p 00000000 00:00 0 
7f33639fa000-7f33639fd000 ---p 00000000 00:00 0 
7f33639fd000-7f3363afb000 rw-p 00000000 00:00 0 
7f3363afb000-7f3363afc000 ---p 00000000 00:00 0 
7f3363afc000-7f3364000000 rw-p 00000000 00:00 0 
7f3364000000-7f3364021000 rw-p 00000000 00:00 0 
7f3364021000-7f3368000000 ---p 00000000 00:00 0 
7f3368000000-7f3368021000 rw-p 00000000 00:00 0 
7f3368021000-7f336c000000 ---p 00000000 00:00 0 
7f336c000000-7f336c021000 rw-p 00000000 00:00 0 
7f336c021000-7f3370000000 ---p 00000000 00:00 0 
7f33700f9000-7f3370ec0000 rw-p 00000000 00:00 0 
7f3370ec0000-7f3371000000 ---p 00000000 00:00 0 
7f3371000000-7f3371bb0000 rwxp 00000000 00:00 0 
7f3371bb0000-7f3380000000 ---p 00000000 00:00 0 
7f3380000000-7f3380412000 rw-p 00000000 00:00 0 
7f3380412000-7f3384000000 ---p 00000000 00:00 0 
7f3384048000-7f3384057000 r--s 000e4000 08:01 11851761                   /home/niroop/Android/Sdk/build-tools/26.0.0/lib/dx.jar
7f3384057000-7f338454e000 rw-p 00000000 00:00 0 
7f338454e000-7f3384720000 r--s 03cad000 08:01 7352843                    /home/niroop/Documents/android-studio/jre/jre/lib/rt.jar
7f3384720000-7f3384ff1000 rw-p 00000000 00:00 0 
7f3384ff1000-7f3384ff2000 ---p 00000000 00:00 0 
7f3384ff2000-7f33850f2000 rw-p 00000000 00:00 0 
7f33850f2000-7f33850f3000 ---p 00000000 00:00 0 
7f33850f3000-7f33851f3000 rw-p 00000000 00:00 0 
7f33851f3000-7f33851f4000 ---p 00000000 00:00 0 
7f33851f4000-7f33852f4000 rw-p 00000000 00:00 0 
7f33852f4000-7f33852f5000 ---p 00000000 00:00 0 
7f33852f5000-7f33854ed000 rw-p 00000000 00:00 0 
7f33854ed000-7f338594b000 ---p 00000000 00:00 0 
7f338594b000-7f3385a43000 rw-p 00000000 00:00 0 
7f3385a43000-7f3385ea0000 ---p 00000000 00:00 0 
7f3385ea0000-7f33860de000 rw-p 00000000 00:00 0 
7f33860de000-7f338614b000 ---p 00000000 00:00 0 
7f338614b000-7f338617b000 rw-p 00000000 00:00 0 
7f338617b000-7f338650c000 ---p 00000000 00:00 0 
7f338650c000-7f3386517000 r-xp 00000000 08:01 1840165                    /lib/x86_64-linux-gnu/libnss_files-2.27.so
7f3386517000-7f3386716000 ---p 0000b000 08:01 1840165                    /lib/x86_64-linux-gnu/libnss_files-2.27.so
7f3386716000-7f3386717000 r--p 0000a000 08:01 1840165                    /lib/x86_64-linux-gnu/libnss_files-2.27.so
7f3386717000-7f3386718000 rw-p 0000b000 08:01 1840165                    /lib/x86_64-linux-gnu/libnss_files-2.27.so
7f3386718000-7f338671e000 rw-p 00000000 00:00 0 
7f338671e000-7f3386735000 r-xp 00000000 08:01 1840159                    /lib/x86_64-linux-gnu/libnsl-2.27.so
7f3386735000-7f3386934000 ---p 00017000 08:01 1840159                    /lib/x86_64-linux-gnu/libnsl-2.27.so
7f3386934000-7f3386935000 r--p 00016000 08:01 1840159                    /lib/x86_64-linux-gnu/libnsl-2.27.so
7f3386935000-7f3386936000 rw-p 00017000 08:01 1840159                    /lib/x86_64-linux-gnu/libnsl-2.27.so
7f3386936000-7f3386938000 rw-p 00000000 00:00 0 
7f3386938000-7f3386943000 r-xp 00000000 08:01 1840176                    /lib/x86_64-linux-gnu/libnss_nis-2.27.so
7f3386943000-7f3386b42000 ---p 0000b000 08:01 1840176                    /lib/x86_64-linux-gnu/libnss_nis-2.27.so
7f3386b42000-7f3386b43000 r--p 0000a000 08:01 1840176                    /lib/x86_64-linux-gnu/libnss_nis-2.27.so
7f3386b43000-7f3386b44000 rw-p 0000b000 08:01 1840176                    /lib/x86_64-linux-gnu/libnss_nis-2.27.so
7f3386b44000-7f3386b4c000 r-xp 00000000 08:01 1840161                    /lib/x86_64-linux-gnu/libnss_compat-2.27.so
7f3386b4c000-7f3386d4c000 ---p 00008000 08:01 1840161                    /lib/x86_64-linux-gnu/libnss_compat-2.27.so
7f3386d4c000-7f3386d4d000 r--p 00008000 08:01 1840161                    /lib/x86_64-linux-gnu/libnss_compat-2.27.so
7f3386d4d000-7f3386d4e000 rw-p 00009000 08:01 1840161                    /lib/x86_64-linux-gnu/libnss_compat-2.27.so
7f3386d4e000-7f3386d55000 r-xp 00000000 08:01 1840216                    /lib/x86_64-linux-gnu/librt-2.27.so
7f3386d55000-7f3386f54000 ---p 00007000 08:01 1840216                    /lib/x86_64-linux-gnu/librt-2.27.so
7f3386f54000-7f3386f55000 r--p 00006000 08:01 1840216                    /lib/x86_64-linux-gnu/librt-2.27.so
7f3386f55000-7f3386f56000 rw-p 00007000 08:01 1840216                    /lib/x86_64-linux-gnu/librt-2.27.so
7f3386f56000-7f33870f3000 r-xp 00000000 08:01 1840138                    /lib/x86_64-linux-gnu/libm-2.27.so
7f33870f3000-7f33872f2000 ---p 0019d000 08:01 1840138                    /lib/x86_64-linux-gnu/libm-2.27.so
7f33872f2000-7f33872f3000 r--p 0019c000 08:01 1840138                    /lib/x86_64-linux-gnu/libm-2.27.so
7f33872f3000-7f33872f4000 rw-p 0019d000 08:01 1840138                    /lib/x86_64-linux-gnu/libm-2.27.so
7f33872f4000-7f3387f1a000 r-xp 00000000 08:01 7352820                    /home/niroop/Documents/android-studio/jre/jre/lib/amd64/server/libjvm.so
7f3387f1a000-7f3387fea000 rw-p 00c26000 08:01 7352820                    /home/niroop/Documents/android-studio/jre/jre/lib/amd64/server/libjvm.so
7f3387fea000-7f338802e000 rw-p 00000000 00:00 0 
7f338802e000-7f3388215000 r-xp 00000000 08:01 1840075                    /lib/x86_64-linux-gnu/libc-2.27.so
7f3388215000-7f3388415000 ---p 001e7000 08:01 1840075                    /lib/x86_64-linux-gnu/libc-2.27.so
7f3388415000-7f3388419000 r--p 001e7000 08:01 1840075                    /lib/x86_64-linux-gnu/libc-2.27.so
7f3388419000-7f338841b000 rw-p 001eb000 08:01 1840075                    /lib/x86_64-linux-gnu/libc-2.27.so
7f338841b000-7f338841f000 rw-p 00000000 00:00 0 
7f338841f000-7f3388422000 r-xp 00000000 08:01 1840098                    /lib/x86_64-linux-gnu/libdl-2.27.so
7f3388422000-7f3388621000 ---p 00003000 08:01 1840098                    /lib/x86_64-linux-gnu/libdl-2.27.so
7f3388621000-7f3388622000 r--p 00002000 08:01 1840098                    /lib/x86_64-linux-gnu/libdl-2.27.so
7f3388622000-7f3388623000 rw-p 00003000 08:01 1840098                    /lib/x86_64-linux-gnu/libdl-2.27.so
7f3388623000-7f338863d000 r-xp 00000000 08:01 1840208                    /lib/x86_64-linux-gnu/libpthread-2.27.so
7f338863d000-7f338883c000 ---p 0001a000 08:01 1840208                    /lib/x86_64-linux-gnu/libpthread-2.27.so
7f338883c000-7f338883d000 r--p 00019000 08:01 1840208                    /lib/x86_64-linux-gnu/libpthread-2.27.so
7f338883d000-7f338883e000 rw-p 0001a000 08:01 1840208                    /lib/x86_64-linux-gnu/libpthread-2.27.so
7f338883e000-7f3388842000 rw-p 00000000 00:00 0 
7f3388842000-7f3388869000 r-xp 00000000 08:01 1840047                    /lib/x86_64-linux-gnu/ld-2.27.so
7f338886e000-7f3388873000 r--s 0002e000 08:01 12591042                   /home/niroop/.gradle/caches/modules-2/files-2.1/com.google.code.gson/gson/2.3/5fc52c41ef0239d1093a1eb7c3697036183677ce/gson-2.3.jar
7f3388873000-7f33888eb000 rw-p 00000000 00:00 0 
7f33888eb000-7f3388906000 r-xp 00000000 08:01 7352802                    /home/niroop/Documents/android-studio/jre/jre/lib/amd64/libzip.so
7f3388906000-7f3388907000 rw-p 0001a000 08:01 7352802                    /home/niroop/Documents/android-studio/jre/jre/lib/amd64/libzip.so
7f3388907000-7f3388931000 r-xp 00000000 08:01 7352810                    /home/niroop/Documents/android-studio/jre/jre/lib/amd64/libjava.so
7f3388931000-7f3388933000 rw-p 0002a000 08:01 7352810                    /home/niroop/Documents/android-studio/jre/jre/lib/amd64/libjava.so
7f3388933000-7f3388934000 ---p 00000000 00:00 0 
7f3388934000-7f3388937000 ---p 00000000 00:00 0 
7f3388937000-7f3388a36000 rw-p 00000000 00:00 0 
7f3388a36000-7f3388a4c000 r-xp 00000000 08:01 7352701                    /home/niroop/Documents/android-studio/jre/lib/amd64/jli/libjli.so
7f3388a4c000-7f3388a4d000 rw-p 00015000 08:01 7352701                    /home/niroop/Documents/android-studio/jre/lib/amd64/jli/libjli.so
7f3388a4d000-7f3388a4f000 rw-p 00000000 00:00 0 
7f3388a50000-7f3388a58000 rw-s 00000000 08:01 12592417                   /tmp/hsperfdata_niroop/8990
7f3388a58000-7f3388a59000 rw-p 00000000 00:00 0 
7f3388a59000-7f3388a5a000 ---p 00000000 00:00 0 
7f3388a5a000-7f3388a67000 r-xp 00000000 08:01 7352798                    /home/niroop/Documents/android-studio/jre/jre/lib/amd64/libverify.so
7f3388a67000-7f3388a69000 rw-p 0000c000 08:01 7352798                    /home/niroop/Documents/android-studio/jre/jre/lib/amd64/libverify.so
7f3388a69000-7f3388a6a000 r--p 00027000 08:01 1840047                    /lib/x86_64-linux-gnu/ld-2.27.so
7f3388a6a000-7f3388a6b000 rw-p 00028000 08:01 1840047                    /lib/x86_64-linux-gnu/ld-2.27.so
7f3388a6b000-7f3388a6c000 rw-p 00000000 00:00 0 
7fff9ebb7000-7fff9ebd9000 rw-p 00000000 00:00 0                          [stack]
7fff9ebde000-7fff9ebe1000 r--p 00000000 00:00 0                          [vvar]
7fff9ebe1000-7fff9ebe2000 r-xp 00000000 00:00 0                          [vdso]
ffffffffff600000-ffffffffff601000 r-xp 00000000 00:00 0                  [vsyscall]

VM Arguments:
jvm_args: -Djava.awt.headless=true -Xmx4g -Dfile.encoding=UTF-8 -Duser.country=IN -Duser.language=en -Duser.variant 
java_command: com.android.dx.command.Main --dex --num-threads=4 --multi-dex --output /media/niroop/External HDD/AndroidStudioProjects/User App/app/build/intermediates/transforms/dex/debug/folders/1000/1f/main /home/niroop/.gradle/caches/modules-2/files-2.1/com.twitter/twitter-text/1.13.0/78415b95ae3184c5926d593feab64bfc0b73b2dd/twitter-text-1.13.0.jar /home/niroop/.android/build-cache/a66cbf770edb2943cf7e878e8d81f83337be595c/output/jars/classes.jar /home/niroop/.android/build-cache/5fcb9a86500c46afa2241a78a670579788b0507a/output/jars/classes.jar /home/niroop/.gradle/caches/modules-2/files-2.1/com.squareup.okhttp3/okhttp-ws/3.0.1/bd9b51a0188fc8f14bf840a0d326755545206116/okhttp-ws-3.0.1.jar /home/niroop/.android/build-cache/75dde23ca9f72f0bbee564910b4ddfc64c464f51/output/jars/classes.jar /home/niroop/.android/build-cache/b14f3cdd91dd5a5853a9344f5b82d9a2f1580e7f/output/jars/classes.jar /home/niroop/.android/build-cache/378a40131b81df085943bf473ac8f1d4f3f45f38/output/jars/classes.jar /media/niroop/External HDD/AndroidStudioProjects/User App/stripe/build/intermediates/bundles/default/classes.jar /home/niroop/.gradle/caches/modules-2/files-2.1/com.google.code.gson/gson/2.3/5fc52c41ef0239d1093a1eb7c3697036183677ce/gson-2.3.jar /home/niroop/.android/build-cache/64b2c015a07189ebc0254052798b61846fdd4db5/output/jars/classes.jar /home/niroop/.gradle/caches/modules-2/files-2.1/cz.msebera.android/httpclient/4.4.1.1/c8d96f6fd2bcc179c312da33ee670a71188cc60d/httpclient-4.4.1.1.jar /home/niroop/.android/build-cache/9901f58dda3e7377f7716f1ad4d30c44fc3d4a02/output/jars/classes.jar /home/niroop/.android/build-cache/8d3d670e2e94e1045188e8efb94a9240a5f849f5/output/jars/classes.jar /home/niroop/.android/build-cache/a0e761b7ace098dc210b0a3947be7ea06d53b2e3/output/jars/classes.jar /home/niroop/.gradle/caches/modules-2/files-2.1/io.socket/engine.io-client/0.7.0/c1b1d30e2d2231b2eae1438a44943a409b976dac/engine.io-client-0.7.0.jar /home/niroop/.android/build-cache/a1db323b27e8bb18edcef9eea6a2f
java_class_path (initial): /home/niroop/Android/Sdk/build-tools/26.0.0/lib/dx.jar
Launcher Type: SUN_STANDARD

Environment Variables:
PATH=/usr/local/sbin:/usr/local/bin:/usr/sbin:/usr/bin:/sbin:/bin:/usr/games:/usr/local/games:/snap/bin
USERNAME=niroop
SHELL=/bin/bash
DISPLAY=:0

Signal Handlers:
SIGSEGV: [libjvm.so+0xa09650], sa_mask[0]=11111111011111111101111111111110, sa_flags=SA_RESTART|SA_SIGINFO
SIGBUS: [libjvm.so+0xa09650], sa_mask[0]=11111111011111111101111111111110, sa_flags=SA_RESTART|SA_SIGINFO
SIGFPE: [libjvm.so+0x86bc60], sa_mask[0]=11111111011111111101111111111110, sa_flags=SA_RESTART|SA_SIGINFO
SIGPIPE: [libjvm.so+0x86bc60], sa_mask[0]=11111111011111111101111111111110, sa_flags=SA_RESTART|SA_SIGINFO
SIGXFSZ: [libjvm.so+0x86bc60], sa_mask[0]=11111111011111111101111111111110, sa_flags=SA_RESTART|SA_SIGINFO
SIGILL: [libjvm.so+0x86bc60], sa_mask[0]=11111111011111111101111111111110, sa_flags=SA_RESTART|SA_SIGINFO
SIGUSR1: SIG_DFL, sa_mask[0]=00000000000000000000000000000000, sa_flags=none
SIGUSR2: [libjvm.so+0x86bb30], sa_mask[0]=00100000000000000000000000000000, sa_flags=SA_RESTART|SA_SIGINFO
SIGHUP: [libjvm.so+0x86bd20], sa_mask[0]=11111111011111111101111111111110, sa_flags=SA_RESTART|SA_SIGINFO
SIGINT: [libjvm.so+0x86bd20], sa_mask[0]=11111111011111111101111111111110, sa_flags=SA_RESTART|SA_SIGINFO
SIGTERM: [libjvm.so+0x86bd20], sa_mask[0]=11111111011111111101111111111110, sa_flags=SA_RESTART|SA_SIGINFO
SIGQUIT: [libjvm.so+0x86bd20], sa_mask[0]=11111111011111111101111111111110, sa_flags=SA_RESTART|SA_SIGINFO


---------------  S Y S T E M  ---------------

OS:DISTRIB_ID=Ubuntu
DISTRIB_RELEASE=18.04
DISTRIB_CODENAME=bionic
DISTRIB_DESCRIPTION="Ubuntu 18.04.3 LTS"

uname:Linux 5.0.0-37-generic #40~18.04.1-Ubuntu SMP Thu Nov 14 12:06:39 UTC 2019 x86_64
libc:glibc 2.27 NPTL 2.27 
rlimit: STACK 8192k, CORE 0k, NPROC 23162, NOFILE 1048576, AS infinity
load average:11.13 6.84 4.39

/proc/meminfo:
MemTotal:        5979864 kB
MemFree:          118884 kB
MemAvailable:      45916 kB
Buffers:            1388 kB
Cached:           376480 kB
SwapCached:        21284 kB
Active:          4809464 kB
Inactive:         709696 kB
Active(anon):    4779552 kB
Inactive(anon):   682348 kB
Active(file):      29912 kB
Inactive(file):    27348 kB
Unevictable:        1640 kB
Mlocked:              48 kB
SwapTotal:       2097148 kB
SwapFree:              8 kB
Dirty:               104 kB
Writeback:             0 kB
AnonPages:       5121980 kB
Mapped:           274604 kB
Shmem:            320240 kB
KReclaimable:      58588 kB
Slab:             126468 kB
SReclaimable:      58588 kB
SUnreclaim:        67880 kB
KernelStack:       16928 kB
PageTables:        85272 kB
NFS_Unstable:          0 kB
Bounce:                0 kB
WritebackTmp:          0 kB
CommitLimit:     5087080 kB
Committed_AS:   15194128 kB
VmallocTotal:   34359738367 kB
VmallocUsed:           0 kB
VmallocChunk:          0 kB
Percpu:             2432 kB
HardwareCorrupted:     0 kB
AnonHugePages:         0 kB
ShmemHugePages:        0 kB
ShmemPmdMapped:        0 kB
CmaTotal:              0 kB
CmaFree:               0 kB
HugePages_Total:       0
HugePages_Free:        0
HugePages_Rsvd:        0
HugePages_Surp:        0
Hugepagesize:       2048 kB
Hugetlb:               0 kB
DirectMap4k:      270616 kB
DirectMap2M:     5900288 kB

container (cgroup) information:
container_type: cgroupv1
cpu_cpuset_cpus: 0-3
cpu_memory_nodes: 0
active_processor_count: 4
cpu_quota: -1
cpu_period: 100000
cpu_shares: -1
memory_limit_in_bytes: -1
memory_and_swap_limit_in_bytes: -2
memory_soft_limit_in_bytes: -1
memory_usage_in_bytes: 5653241856
memory_max_usage_in_bytes: 30326784


CPU:total 4 (initial active 4) (2 cores per cpu, 2 threads per core) family 6 model 58 stepping 9, cmov, cx8, fxsr, mmx, sse, sse2, sse3, ssse3, sse4.1, sse4.2, popcnt, avx, aes, clmul, erms, ht, tsc, tscinvbit, tscinv

/proc/cpuinfo:
processor	: 0
vendor_id	: GenuineIntel
cpu family	: 6
model		: 58
model name	: Intel(R) Core(TM) i5-3337U CPU @ 1.80GHz
stepping	: 9
microcode	: 0x21
cpu MHz		: 2496.577
cache size	: 3072 KB
physical id	: 0
siblings	: 4
core id		: 0
cpu cores	: 2
apicid		: 0
initial apicid	: 0
fpu		: yes
fpu_exception	: yes
cpuid level	: 13
wp		: yes
flags		: fpu vme de pse tsc msr pae mce cx8 apic sep mtrr pge mca cmov pat pse36 clflush dts acpi mmx fxsr sse sse2 ss ht tm pbe syscall nx rdtscp lm constant_tsc arch_perfmon pebs bts rep_good nopl xtopology nonstop_tsc cpuid aperfmperf pni pclmulqdq dtes64 monitor ds_cpl vmx est tm2 ssse3 cx16 xtpr pdcm pcid sse4_1 sse4_2 x2apic popcnt tsc_deadline_timer aes xsave avx f16c rdrand lahf_lm cpuid_fault epb pti ssbd ibrs ibpb stibp tpr_shadow vnmi flexpriority ept vpid fsgsbase smep erms xsaveopt dtherm ida arat pln pts md_clear flush_l1d
bugs		: cpu_meltdown spectre_v1 spectre_v2 spec_store_bypass l1tf mds swapgs itlb_multihit
bogomips	: 3591.67
clflush size	: 64
cache_alignment	: 64
address sizes	: 36 bits physical, 48 bits virtual
power management:

processor	: 1
vendor_id	: GenuineIntel
cpu family	: 6
model		: 58
model name	: Intel(R) Core(TM) i5-3337U CPU @ 1.80GHz
stepping	: 9
microcode	: 0x21
cpu MHz		: 2566.649
cache size	: 3072 KB
physical id	: 0
siblings	: 4
core id		: 0
cpu cores	: 2
apicid		: 1
initial apicid	: 1
fpu		: yes
fpu_exception	: yes
cpuid level	: 13
wp		: yes
flags		: fpu vme de pse tsc msr pae mce cx8 apic sep mtrr pge mca cmov pat pse36 clflush dts acpi mmx fxsr sse sse2 ss ht tm pbe syscall nx rdtscp lm constant_tsc arch_perfmon pebs bts rep_good nopl xtopology nonstop_tsc cpuid aperfmperf pni pclmulqdq dtes64 monitor ds_cpl vmx est tm2 ssse3 cx16 xtpr pdcm pcid sse4_1 sse4_2 x2apic popcnt tsc_deadline_timer aes xsave avx f16c rdrand lahf_lm cpuid_fault epb pti ssbd ibrs ibpb stibp tpr_shadow vnmi flexpriority ept vpid fsgsbase smep erms xsaveopt dtherm ida arat pln pts md_clear flush_l1d
bugs		: cpu_meltdown spectre_v1 spectre_v2 spec_store_bypass l1tf mds swapgs itlb_multihit
bogomips	: 3591.67
clflush size	: 64
cache_alignment	: 64
address sizes	: 36 bits physical, 48 bits virtual
power management:

processor	: 2
vendor_id	: GenuineIntel
cpu family	: 6
model		: 58
model name	: Intel(R) Core(TM) i5-3337U CPU @ 1.80GHz
stepping	: 9
microcode	: 0x21
cpu MHz		: 2494.214
cache size	: 3072 KB
physical id	: 0
siblings	: 4
core id		: 1
cpu cores	: 2
apicid		: 2
initial apicid	: 2
fpu		: yes
fpu_exception	: yes
cpuid level	: 13
wp		: yes
flags		: fpu vme de pse tsc msr pae mce cx8 apic sep mtrr pge mca cmov pat pse36 clflush dts acpi mmx fxsr sse sse2 ss ht tm pbe syscall nx rdtscp lm constant_tsc arch_perfmon pebs bts rep_good nopl xtopology nonstop_tsc cpuid aperfmperf pni pclmulqdq dtes64 monitor ds_cpl vmx est tm2 ssse3 cx16 xtpr pdcm pcid sse4_1 sse4_2 x2apic popcnt tsc_deadline_timer aes xsave avx f16c rdrand lahf_lm cpuid_fault epb pti ssbd ibrs ibpb stibp tpr_shadow vnmi flexpriority ept vpid fsgsbase smep erms xsaveopt dtherm ida arat pln pts md_clear flush_l1d
bugs		: cpu_meltdown spectre_v1 spectre_v2 spec_store_bypass l1tf mds swapgs itlb_multihit
bogomips	: 3591.67
clflush size	: 64
cache_alignment	: 64
address sizes	: 36 bits physical, 48 bits virtual
power management:

processor	: 3
vendor_id	: GenuineIntel
cpu family	: 6
model		: 58
model name	: Intel(R) Core(TM) i5-3337U CPU @ 1.80GHz
stepping	: 9
microcode	: 0x21
cpu MHz		: 2494.222
cache size	: 3072 KB
physical id	: 0
siblings	: 4
core id		: 1
cpu cores	: 2
apicid		: 3
initial apicid	: 3
fpu		: yes
fpu_exception	: yes
cpuid level	: 13
wp		: yes
flags		: fpu vme de pse tsc msr pae mce cx8 apic sep mtrr pge mca cmov pat pse36 clflush dts acpi mmx fxsr sse sse2 ss ht tm pbe syscall nx rdtscp lm constant_tsc arch_perfmon pebs bts rep_good nopl xtopology nonstop_tsc cpuid aperfmperf pni pclmulqdq dtes64 monitor ds_cpl vmx est tm2 ssse3 cx16 xtpr pdcm pcid sse4_1 sse4_2 x2apic popcnt tsc_deadline_timer aes xsave avx f16c rdrand lahf_lm cpuid_fault epb pti ssbd ibrs ibpb stibp tpr_shadow vnmi flexpriority ept vpid fsgsbase smep erms xsaveopt dtherm ida arat pln pts md_clear flush_l1d
bugs		: cpu_meltdown spectre_v1 spectre_v2 spec_store_bypass l1tf mds swapgs itlb_multihit
bogomips	: 3591.67
clflush size	: 64
cache_alignment	: 64
address sizes	: 36 bits physical, 48 bits virtual
power management:



Memory: 4k page, physical 5979864k(121404k free), swap 2097148k(0k free)

vm_info: OpenJDK 64-Bit Server VM (25.202-b49-5587405) for linux-amd64 JRE (1.8.0_202-release-1483-b49-5587405), built by "android-build" with gcc 4.8

time: Wed Jan 29 16:44:57 2020
timezone: IST
elapsed time: 48 seconds (0d 0h 0m 48s)

