#
# There is insufficient memory for the Java Runtime Environment to continue.
# Native memory allocation (mmap) failed to map 308805632 bytes for committing reserved memory.
# Possible reasons:
#   The system is out of physical RAM or swap space
#   The process is running with CompressedOops enabled, and the Java Heap may be blocking the growth of the native heap
# Possible solutions:
#   Reduce memory load on the system
#   Increase physical memory or swap space
#   Check if swap backing store is full
#   Decrease Java heap size (-Xmx/-Xms)
#   Decrease number of Java threads
#   Decrease Java thread stack sizes (-Xss)
#   Set larger code cache with -XX:ReservedCodeCacheSize=
#   JVM is running with Zero Based Compressed Oops mode in which the Java heap is
#     placed in the first 32GB address space. The Java Heap base address is the
#     maximum limit for the native heap growth. Please use -XX:HeapBaseMinAddress
#     to set the Java Heap base and to place the Java Heap above 32GB virtual address.
# This output file may be truncated or incomplete.
#
#  Out of Memory Error (os_linux.cpp:2753), pid=12146, tid=0x00007f405a7bc700
#
# JRE version: OpenJDK Runtime Environment (8.0_202) (build 1.8.0_202-release-1483-b49-5587405)
# Java VM: OpenJDK 64-Bit Server VM (25.202-b49-5587405 mixed mode linux-amd64 compressed oops)
# Failed to write core dump. Core dumps have been disabled. To enable core dumping, try "ulimit -c unlimited" before starting Java again
#

---------------  T H R E A D  ---------------

Current thread (0x00007f407007c800):  VMThread [stack: 0x00007f405a6bd000,0x00007f405a7bd000] [id=12161]

Stack: [0x00007f405a6bd000,0x00007f405a7bd000],  sp=0x00007f405a7bb530,  free space=1017k
Native frames: (J=compiled Java code, j=interpreted, Vv=VM code, C=native code)
V  [libjvm.so+0xa08b78]  VMError::report_and_die()+0x148
V  [libjvm.so+0x4d412a]  report_vm_out_of_memory(char const*, int, unsigned long, VMErrorType, char const*)+0x8a
V  [libjvm.so+0x870478]  os::pd_commit_memory(char*, unsigned long, unsigned long, bool)+0xd8
V  [libjvm.so+0x867f9f]  os::commit_memory(char*, unsigned long, unsigned long, bool)+0x1f
V  [libjvm.so+0x8e14eb]  PSVirtualSpace::expand_by(unsigned long)+0x5b
V  [libjvm.so+0x8d234b]  PSOldGen::expand_by(unsigned long) [clone .part.109]+0x1b
V  [libjvm.so+0x8d250b]  PSOldGen::expand(unsigned long) [clone .part.111]+0xdb
V  [libjvm.so+0x8d2de8]  PSOldGen::resize(unsigned long)+0x188
V  [libjvm.so+0x8d83cc]  PSParallelCompact::invoke_no_policy(bool)+0x94c
V  [libjvm.so+0x8df48d]  PSScavenge::invoke()+0x17d
V  [libjvm.so+0x893763]  ParallelScavengeHeap::failed_mem_allocate(unsigned long)+0x63
V  [libjvm.so+0xa0a644]  VM_ParallelGCFailedAllocation::doit()+0x84
V  [libjvm.so+0xa0ea17]  VM_Operation::evaluate()+0x47
V  [libjvm.so+0xa0d498]  VMThread::evaluate_operation(VM_Operation*)+0x218
V  [libjvm.so+0xa0d8d1]  VMThread::loop()+0x1f1
V  [libjvm.so+0xa0dd02]  VMThread::run()+0x72
V  [libjvm.so+0x86d652]  java_start(Thread*)+0xf2

VM_Operation (0x00007f40594e2fe0): ParallelGCFailedAllocation, mode: safepoint, requested by thread 0x00007f4070182000


---------------  P R O C E S S  ---------------

Java Threads: ( => current thread )
  0x00007f4070192800 JavaThread "pool-2-thread-4" [_thread_blocked, id=12174, stack(0x00007f4058fe0000,0x00007f40590e1000)]
  0x00007f4070191800 JavaThread "pool-2-thread-3" [_thread_blocked, id=12173, stack(0x00007f40590e1000,0x00007f40591e2000)]
  0x00007f407018f800 JavaThread "pool-2-thread-2" [_thread_blocked, id=12172, stack(0x00007f40591e2000,0x00007f40592e3000)]
  0x00007f4070183800 JavaThread "pool-3-thread-1" [_thread_blocked, id=12171, stack(0x00007f40592e3000,0x00007f40593e4000)]
  0x00007f4070182000 JavaThread "pool-2-thread-1" [_thread_blocked, id=12170, stack(0x00007f40593e4000,0x00007f40594e5000)]
  0x00007f40700ce800 JavaThread "Service Thread" daemon [_thread_blocked, id=12168, stack(0x00007f40595e6000,0x00007f40596e7000)]
  0x00007f40700c1800 JavaThread "C1 CompilerThread2" daemon [_thread_blocked, id=12167, stack(0x00007f40596e8000,0x00007f40597e8000)]
  0x00007f40700bf800 JavaThread "C2 CompilerThread1" daemon [_thread_blocked, id=12166, stack(0x00007f40597e9000,0x00007f40598e9000)]
  0x00007f40700bc800 JavaThread "C2 CompilerThread0" daemon [_thread_blocked, id=12165, stack(0x00007f40598ea000,0x00007f40599ea000)]
  0x00007f40700b8800 JavaThread "Signal Dispatcher" daemon [_thread_blocked, id=12164, stack(0x00007f40599ea000,0x00007f4059aeb000)]
  0x00007f4070088800 JavaThread "Finalizer" daemon [_thread_blocked, id=12163, stack(0x00007f405a4ba000,0x00007f405a5bb000)]
  0x00007f4070086000 JavaThread "Reference Handler" daemon [_thread_blocked, id=12162, stack(0x00007f405a5bb000,0x00007f405a6bc000)]
  0x00007f407000e800 JavaThread "main" [_thread_blocked, id=12156, stack(0x00007f40773b8000,0x00007f40774b8000)]

Other Threads:
=>0x00007f407007c800 VMThread [stack: 0x00007f405a6bd000,0x00007f405a7bd000] [id=12161]
  0x00007f40700d1000 WatcherThread [stack: 0x00007f40594e6000,0x00007f40595e6000] [id=12169]

VM state:at safepoint (normal execution)

VM Mutex/Monitor currently owned by a thread:  ([mutex/lock_event])
[0x00007f407000a9e0] ExpandHeap_lock - owner thread: 0x00007f407007c800
[0x00007f407000b060] Threads_lock - owner thread: 0x00007f407007c800
[0x00007f407000b560] Heap_lock - owner thread: 0x00007f4070182000

heap address: 0x00000006c0000000, size: 4096 MB, Compressed Oops mode: Zero based, Oop shift amount: 3
Narrow klass base: 0x0000000000000000, Narrow klass shift: 3
Compressed class space size: 1073741824 Address: 0x00000007c0000000

Heap:
 PSYoungGen      total 943104K, used 9281K [0x000000076ab00000, 0x00000007aff80000, 0x00000007c0000000)
  eden space 753152K, 0% used [0x000000076ab00000,0x000000076ab00000,0x0000000798a80000)
  from space 189952K, 4% used [0x00000007a4600000,0x00000007a4f105e0,0x00000007aff80000)
  to   space 190976K, 0% used [0x0000000798a80000,0x0000000798a80000,0x00000007a4500000)
 ParOldGen       total 795648K, used 795469K [0x00000006c0000000, 0x00000006f0900000, 0x000000076ab00000)
  object space 795648K, 99% used [0x00000006c0000000,0x00000006f08d3408,0x00000006f0900000)
 Metaspace       used 6701K, capacity 7344K, committed 7552K, reserved 1056768K
  class space    used 600K, capacity 616K, committed 640K, reserved 1048576K

Card table byte_map: [0x00007f40743d2000,0x00007f4074bd3000] byte_map_base: 0x00007f4070dd2000

Marking Bits: (ParMarkBitMap*) 0x00007f4076a86920
 Begin Bits: [0x00007f403c000000, 0x00007f4040000000)
 End Bits:   [0x00007f4040000000, 0x00007f4044000000)

Polling page: 0x00007f40774e0000

CodeCache: size=245760Kb used=12800Kb max_used=12812Kb free=232959Kb
 bounds [0x00007f4061000000, 0x00007f4061ca0000, 0x00007f4070000000]
 total_blobs=2918 nmethods=2645 adapters=187
 compilation: enabled

Compilation events (10 events):
Event: 48.457 Thread 0x00007f40700bf800 3246       4       java.util.regex.Matcher::replaceAll (59 bytes)
Event: 48.458 Thread 0x00007f40700c1800 nmethod 3254 0x00007f4061c85a50 code [0x00007f4061c85f40, 0x00007f4061c89ae8]
Event: 48.458 Thread 0x00007f40700c1800 3255       3       com.android.dx.dex.code.RopTranslator$TranslationVisitor::visitPlainCstInsn (161 bytes)
Event: 48.461 Thread 0x00007f40700bf800 nmethod 3246 0x00007f4061c7e3d0 code [0x00007f4061c7e540, 0x00007f4061c7e768]
Event: 48.461 Thread 0x00007f40700bf800 3245       4       java.util.regex.Pattern::<init> (90 bytes)
Event: 48.461 Thread 0x00007f40700c1800 nmethod 3255 0x00007f4061c8b690 code [0x00007f4061c8ba40, 0x00007f4061c8def8]
Event: 48.463 Thread 0x00007f40700bf800 nmethod 3245 0x00007f4061c7e010 code [0x00007f4061c7e160, 0x00007f4061c7e288]
Event: 48.463 Thread 0x00007f40700bf800 3247       4       java.util.regex.Matcher::quoteReplacement (82 bytes)
Event: 48.467 Thread 0x00007f40700bc800 nmethod 3249 0x00007f4061c81c90 code [0x00007f4061c81ea0, 0x00007f4061c828b8]
Event: 48.469 Thread 0x00007f40700bf800 nmethod 3247 0x00007f4061c81750 code [0x00007f4061c818a0, 0x00007f4061c81ad8]

GC Heap History (10 events):
Event: 33.157 GC heap after
Heap after GC invocations=21 (full 4):
 PSYoungGen      total 719360K, used 79999K [0x000000076ab00000, 0x00000007a8b00000, 0x00000007c0000000)
  eden space 523776K, 0% used [0x000000076ab00000,0x000000076ab00000,0x000000078aa80000)
  from space 195584K, 40% used [0x000000078aa80000,0x000000078f89ffa0,0x0000000796980000)
  to   space 185856K, 0% used [0x000000079d580000,0x000000079d580000,0x00000007a8b00000)
 ParOldGen       total 558080K, used 483762K [0x00000006c0000000, 0x00000006e2100000, 0x000000076ab00000)
  object space 558080K, 86% used [0x00000006c0000000,0x00000006dd86c868,0x00000006e2100000)
 Metaspace       used 6640K, capacity 7344K, committed 7552K, reserved 1056768K
  class space    used 598K, capacity 616K, committed 640K, reserved 1048576K
}
Event: 33.157 GC heap before
{Heap before GC invocations=22 (full 5):
 PSYoungGen      total 719360K, used 79999K [0x000000076ab00000, 0x00000007a8b00000, 0x00000007c0000000)
  eden space 523776K, 0% used [0x000000076ab00000,0x000000076ab00000,0x000000078aa80000)
  from space 195584K, 40% used [0x000000078aa80000,0x000000078f89ffa0,0x0000000796980000)
  to   space 185856K, 0% used [0x000000079d580000,0x000000079d580000,0x00000007a8b00000)
 ParOldGen       total 558080K, used 483762K [0x00000006c0000000, 0x00000006e2100000, 0x000000076ab00000)
  object space 558080K, 86% used [0x00000006c0000000,0x00000006dd86c868,0x00000006e2100000)
 Metaspace       used 6640K, capacity 7344K, committed 7552K, reserved 1056768K
  class space    used 598K, capacity 616K, committed 640K, reserved 1048576K
Event: 36.277 GC heap after
Heap after GC invocations=22 (full 5):
 PSYoungGen      total 719360K, used 3947K [0x000000076ab00000, 0x00000007a8b00000, 0x00000007c0000000)
  eden space 523776K, 0% used [0x000000076ab00000,0x000000076ab00000,0x000000078aa80000)
  from space 195584K, 2% used [0x000000078aa80000,0x000000078ae5af88,0x0000000796980000)
  to   space 185856K, 0% used [0x000000079d580000,0x000000079d580000,0x00000007a8b00000)
 ParOldGen       total 795648K, used 558039K [0x00000006c0000000, 0x00000006f0900000, 0x000000076ab00000)
  object space 795648K, 70% used [0x00000006c0000000,0x00000006e20f5e40,0x00000006f0900000)
 Metaspace       used 6640K, capacity 7344K, committed 7552K, reserved 1056768K
  class space    used 598K, capacity 616K, committed 640K, reserved 1048576K
}
Event: 37.696 GC heap before
{Heap before GC invocations=23 (full 5):
 PSYoungGen      total 719360K, used 527723K [0x000000076ab00000, 0x00000007a8b00000, 0x00000007c0000000)
  eden space 523776K, 100% used [0x000000076ab00000,0x000000078aa80000,0x000000078aa80000)
  from space 195584K, 2% used [0x000000078aa80000,0x000000078ae5af88,0x0000000796980000)
  to   space 185856K, 0% used [0x000000079d580000,0x000000079d580000,0x00000007a8b00000)
 ParOldGen       total 795648K, used 558039K [0x00000006c0000000, 0x00000006f0900000, 0x000000076ab00000)
  object space 795648K, 70% used [0x00000006c0000000,0x00000006e20f5e40,0x00000006f0900000)
 Metaspace       used 6648K, capacity 7344K, committed 7552K, reserved 1056768K
  class space    used 598K, capacity 616K, committed 640K, reserved 1048576K
Event: 38.049 GC heap after
Heap after GC invocations=23 (full 5):
 PSYoungGen      total 754176K, used 80565K [0x000000076ab00000, 0x00000007a5d80000, 0x00000007c0000000)
  eden space 614912K, 0% used [0x000000076ab00000,0x000000076ab00000,0x0000000790380000)
  from space 139264K, 57% used [0x000000079d580000,0x00000007a242d558,0x00000007a5d80000)
  to   space 177152K, 0% used [0x0000000790380000,0x0000000790380000,0x000000079b080000)
 ParOldGen       total 795648K, used 559543K [0x00000006c0000000, 0x00000006f0900000, 0x000000076ab00000)
  object space 795648K, 70% used [0x00000006c0000000,0x00000006e226de40,0x00000006f0900000)
 Metaspace       used 6648K, capacity 7344K, committed 7552K, reserved 1056768K
  class space    used 598K, capacity 616K, committed 640K, reserved 1048576K
}
Event: 39.764 GC heap before
{Heap before GC invocations=24 (full 5):
 PSYoungGen      total 754176K, used 695477K [0x000000076ab00000, 0x00000007a5d80000, 0x00000007c0000000)
  eden space 614912K, 100% used [0x000000076ab00000,0x0000000790380000,0x0000000790380000)
  from space 139264K, 57% used [0x000000079d580000,0x00000007a242d558,0x00000007a5d80000)
  to   space 177152K, 0% used [0x0000000790380000,0x0000000790380000,0x000000079b080000)
 ParOldGen       total 795648K, used 559543K [0x00000006c0000000, 0x00000006f0900000, 0x000000076ab00000)
  object space 795648K, 70% used [0x00000006c0000000,0x00000006e226de40,0x00000006f0900000)
 Metaspace       used 6650K, capacity 7344K, committed 7552K, reserved 1056768K
  class space    used 599K, capacity 616K, committed 640K, reserved 1048576K
Event: 45.224 GC heap after
Heap after GC invocations=24 (full 5):
 PSYoungGen      total 792064K, used 167034K [0x000000076ab00000, 0x00000007b0a00000, 0x00000007c0000000)
  eden space 614912K, 0% used [0x000000076ab00000,0x000000076ab00000,0x0000000790380000)
  from space 177152K, 94% used [0x0000000790380000,0x000000079a69eb40,0x000000079b080000)
  to   space 200704K, 0% used [0x00000007a4600000,0x00000007a4600000,0x00000007b0a00000)
 ParOldGen       total 795648K, used 559543K [0x00000006c0000000, 0x00000006f0900000, 0x000000076ab00000)
  object space 795648K, 70% used [0x00000006c0000000,0x00000006e226de40,0x00000006f0900000)
 Metaspace       used 6650K, capacity 7344K, committed 7552K, reserved 1056768K
  class space    used 599K, capacity 616K, committed 640K, reserved 1048576K
}
Event: 48.475 GC heap before
{Heap before GC invocations=25 (full 5):
 PSYoungGen      total 792064K, used 781946K [0x000000076ab00000, 0x00000007b0a00000, 0x00000007c0000000)
  eden space 614912K, 100% used [0x000000076ab00000,0x0000000790380000,0x0000000790380000)
  from space 177152K, 94% used [0x0000000790380000,0x000000079a69eb40,0x000000079b080000)
  to   space 200704K, 0% used [0x00000007a4600000,0x00000007a4600000,0x00000007b0a00000)
 ParOldGen       total 795648K, used 559543K [0x00000006c0000000, 0x00000006f0900000, 0x000000076ab00000)
  object space 795648K, 70% used [0x00000006c0000000,0x00000006e226de40,0x00000006f0900000)
 Metaspace       used 6701K, capacity 7344K, committed 7552K, reserved 1056768K
  class space    used 600K, capacity 616K, committed 640K, reserved 1048576K
Event: 54.280 GC heap after
Heap after GC invocations=25 (full 5):
 PSYoungGen      total 943104K, used 88334K [0x000000076ab00000, 0x00000007aff80000, 0x00000007c0000000)
  eden space 753152K, 0% used [0x000000076ab00000,0x000000076ab00000,0x0000000798a80000)
  from space 189952K, 46% used [0x00000007a4600000,0x00000007a9c439d8,0x00000007aff80000)
  to   space 190976K, 0% used [0x0000000798a80000,0x0000000798a80000,0x00000007a4500000)
 ParOldGen       total 795648K, used 723341K [0x00000006c0000000, 0x00000006f0900000, 0x000000076ab00000)
  object space 795648K, 90% used [0x00000006c0000000,0x00000006ec2635a8,0x00000006f0900000)
 Metaspace       used 6701K, capacity 7344K, committed 7552K, reserved 1056768K
  class space    used 600K, capacity 616K, committed 640K, reserved 1048576K
}
Event: 54.302 GC heap before
{Heap before GC invocations=26 (full 6):
 PSYoungGen      total 943104K, used 88334K [0x000000076ab00000, 0x00000007aff80000, 0x00000007c0000000)
  eden space 753152K, 0% used [0x000000076ab00000,0x000000076ab00000,0x0000000798a80000)
  from space 189952K, 46% used [0x00000007a4600000,0x00000007a9c439d8,0x00000007aff80000)
  to   space 190976K, 0% used [0x0000000798a80000,0x0000000798a80000,0x00000007a4500000)
 ParOldGen       total 795648K, used 723341K [0x00000006c0000000, 0x00000006f0900000, 0x000000076ab00000)
  object space 795648K, 90% used [0x00000006c0000000,0x00000006ec2635a8,0x00000006f0900000)
 Metaspace       used 6701K, capacity 7344K, committed 7552K, reserved 1056768K
  class space    used 600K, capacity 616K, committed 640K, reserved 1048576K

Deoptimization events (10 events):
Event: 39.358 Thread 0x00007f407018f800 Uncommon trap: reason=bimorphic action=maybe_recompile pc=0x00007f4061672ee4 method=com.android.dx.cf.code.Merger.mergeType(Lcom/android/dx/rop/type/TypeBearer;Lcom/android/dx/rop/type/TypeBearer;)Lcom/android/dx/rop/type/TypeBearer; @ 21
Event: 39.407 Thread 0x00007f4070182000 Uncommon trap: reason=unstable_if action=reinterpret pc=0x00007f4061b83cd0 method=com.android.dx.rop.code.DexTranslationAdvice.hasConstantOperation(Lcom/android/dx/rop/code/Rop;Lcom/android/dx/rop/code/RegisterSpec;Lcom/android/dx/rop/code/RegisterSpec;)Z
Event: 39.729 Thread 0x00007f4070182000 Uncommon trap: reason=unstable_if action=reinterpret pc=0x00007f40612bc628 method=com.android.dx.cf.code.Merger.mergeType(Lcom/android/dx/rop/type/TypeBearer;Lcom/android/dx/rop/type/TypeBearer;)Lcom/android/dx/rop/type/TypeBearer; @ 77
Event: 39.761 Thread 0x00007f4070191800 Uncommon trap: reason=null_check action=make_not_entrant pc=0x00007f4061600334 method=com.android.dx.dex.file.StringIdsSection.intern(Lcom/android/dx/dex/file/StringIdItem;)Lcom/android/dx/dex/file/StringIdItem; @ 31
Event: 45.860 Thread 0x00007f4070192800 Uncommon trap: reason=unstable_if action=reinterpret pc=0x00007f40611e462c method=com.android.dx.ssa.SsaRenamer$BlockRenamer.addMapping(ILcom/android/dx/rop/code/RegisterSpec;)V @ 120
Event: 46.536 Thread 0x00007f407000e800 Uncommon trap: reason=unstable_if action=reinterpret pc=0x00007f4061715f6c method=java.lang.String.lastIndexOf([CII[CIII)I @ 135
Event: 47.269 Thread 0x00007f407000e800 Uncommon trap: reason=unstable_if action=reinterpret pc=0x00007f4061bf20fc method=com.android.dx.cf.attrib.AttConstantValue.<init>(Lcom/android/dx/rop/cst/TypedConstant;)V @ 10
Event: 47.269 Thread 0x00007f407000e800 Uncommon trap: reason=unstable_if action=reinterpret pc=0x00007f406135e508 method=com.android.dx.cf.attrib.AttConstantValue.<init>(Lcom/android/dx/rop/cst/TypedConstant;)V @ 10
Event: 48.256 Thread 0x00007f4070191800 Uncommon trap: reason=unstable_if action=reinterpret pc=0x00007f40619627f8 method=com.android.dx.ssa.SCCP.simulateStmt(Lcom/android/dx/ssa/SsaInsn;)V @ 59
Event: 48.453 Thread 0x00007f4070182000 Uncommon trap: reason=unstable_if action=reinterpret pc=0x00007f4061a87c54 method=com.android.dx.ssa.LiteralOpUpgrader$1.visitNonMoveInsn(Lcom/android/dx/ssa/NormalSsaInsn;)V @ 176

Classes redefined (0 events):
No events

Internal exceptions (10 events):
Event: 0.099 Thread 0x00007f407000e800 Exception <a 'java/lang/NoSuchMethodError': Method sun.misc.Unsafe.defineClass(Ljava/lang/String;[BII)Ljava/lang/Class; name or signature does not match> (0x000000076ab07cb0) thrown at [/usr/local/google/buildbot/src/googleplex-android/openjdk/out/hotspot
Event: 0.099 Thread 0x00007f407000e800 Exception <a 'java/lang/NoSuchMethodError': Method sun.misc.Unsafe.prefetchRead(Ljava/lang/Object;J)V name or signature does not match> (0x000000076ab07f98) thrown at [/usr/local/google/buildbot/src/googleplex-android/openjdk/out/hotspot/src/share/vm/prim
Event: 1.131 Thread 0x00007f4070182000 Implicit null exception at 0x00007f40612a8d4a to 0x00007f40612ab301
Event: 1.132 Thread 0x00007f4070182000 Implicit null exception at 0x00007f40612952b8 to 0x00007f40612976f5
Event: 1.190 Thread 0x00007f4070192800 Implicit null exception at 0x00007f4061323522 to 0x00007f406132361b
Event: 1.324 Thread 0x00007f407018f800 Exception <a 'java/lang/ArrayIndexOutOfBoundsException': 18> (0x000000076af186a8) thrown at [/usr/local/google/buildbot/src/googleplex-android/openjdk/out/hotspot/src/share/vm/interpreter/interpreterRuntime.cpp, line 368]
Event: 1.325 Thread 0x00007f407018f800 Exception <a 'java/lang/ArrayIndexOutOfBoundsException': 145> (0x000000076af1a228) thrown at [/usr/local/google/buildbot/src/googleplex-android/openjdk/out/hotspot/src/share/vm/interpreter/interpreterRuntime.cpp, line 368]
Event: 1.326 Thread 0x00007f407018f800 Exception <a 'java/lang/ArrayIndexOutOfBoundsException': 40> (0x000000076af1b510) thrown at [/usr/local/google/buildbot/src/googleplex-android/openjdk/out/hotspot/src/share/vm/interpreter/interpreterRuntime.cpp, line 368]
Event: 22.621 Thread 0x00007f4070191800 Implicit null exception at 0x00007f406198b028 to 0x00007f406198e209
Event: 22.621 Thread 0x00007f4070191800 Implicit null exception at 0x00007f40618a5cb4 to 0x00007f40618a7fa5

Events (10 events):
Event: 47.989 Thread 0x00007f40700bc800 flushing nmethod 0x00007f4061982b10
Event: 47.989 Thread 0x00007f40700bc800 flushing nmethod 0x00007f4061989e10
Event: 47.989 Thread 0x00007f40700bc800 flushing nmethod 0x00007f4061b36b10
Event: 48.256 Thread 0x00007f4070191800 Uncommon trap: trap_request=0xffffff65 fr.pc=0x00007f40619627f8
Event: 48.256 Thread 0x00007f4070191800 DEOPT PACKING pc=0x00007f40619627f8 sp=0x00007f40591e01d0
Event: 48.256 Thread 0x00007f4070191800 DEOPT UNPACKING pc=0x00007f406104547a sp=0x00007f40591e0168 mode 2
Event: 48.453 Thread 0x00007f4070182000 Uncommon trap: trap_request=0xffffff65 fr.pc=0x00007f4061a87c54
Event: 48.453 Thread 0x00007f4070182000 DEOPT PACKING pc=0x00007f4061a87c54 sp=0x00007f40594e3160
Event: 48.453 Thread 0x00007f4070182000 DEOPT UNPACKING pc=0x00007f406104547a sp=0x00007f40594e3130 mode 2
Event: 48.474 Executing VM operation: ParallelGCFailedAllocation


Dynamic libraries:
00400000-00401000 r-xp 00000000 08:01 7352713                            /home/niroop/Documents/android-studio/jre/bin/java
00401000-00402000 rw-p 00000000 08:01 7352713                            /home/niroop/Documents/android-studio/jre/bin/java
021e3000-02204000 rw-p 00000000 00:00 0                                  [heap]
6c0000000-6f0900000 rw-p 00000000 00:00 0 
702f80000-76ab00000 ---p 00000000 00:00 0 
76ab00000-7aff80000 rw-p 00000000 00:00 0 
7aff80000-7c0000000 ---p 00000000 00:00 0 
7c0000000-7c00a0000 rw-p 00000000 00:00 0 
7c00a0000-800000000 ---p 00000000 00:00 0 
7f4004000000-7f4004062000 rw-p 00000000 00:00 0 
7f4004062000-7f4008000000 ---p 00000000 00:00 0 
7f400c000000-7f400c059000 rw-p 00000000 00:00 0 
7f400c059000-7f4010000000 ---p 00000000 00:00 0 
7f4010000000-7f401004d000 rw-p 00000000 00:00 0 
7f401004d000-7f4014000000 ---p 00000000 00:00 0 
7f4014000000-7f4014032000 rw-p 00000000 00:00 0 
7f4014032000-7f4018000000 ---p 00000000 00:00 0 
7f4018000000-7f4018021000 rw-p 00000000 00:00 0 
7f4018021000-7f401c000000 ---p 00000000 00:00 0 
7f401c000000-7f401c021000 rw-p 00000000 00:00 0 
7f401c021000-7f4020000000 ---p 00000000 00:00 0 
7f4020000000-7f4020021000 rw-p 00000000 00:00 0 
7f4020021000-7f4024000000 ---p 00000000 00:00 0 
7f4024000000-7f40259dc000 rw-p 00000000 00:00 0 
7f40259dc000-7f4028000000 ---p 00000000 00:00 0 
7f4028000000-7f40289c2000 rw-p 00000000 00:00 0 
7f40289c2000-7f402c000000 ---p 00000000 00:00 0 
7f402c000000-7f402c021000 rw-p 00000000 00:00 0 
7f402c021000-7f4030000000 ---p 00000000 00:00 0 
7f4030000000-7f4031a8f000 rw-p 00000000 00:00 0 
7f4031a8f000-7f4034000000 ---p 00000000 00:00 0 
7f4034000000-7f4034021000 rw-p 00000000 00:00 0 
7f4034021000-7f4038000000 ---p 00000000 00:00 0 
7f4038000000-7f4038021000 rw-p 00000000 00:00 0 
7f4038021000-7f403c000000 ---p 00000000 00:00 0 
7f403c000000-7f4044000000 rw-p 00000000 00:00 0 
7f4044000000-7f4044021000 rw-p 00000000 00:00 0 
7f4044021000-7f4048000000 ---p 00000000 00:00 0 
7f4048000000-7f40482d4000 rw-p 00000000 00:00 0 
7f40482d4000-7f404c000000 ---p 00000000 00:00 0 
7f404c000000-7f404c021000 rw-p 00000000 00:00 0 
7f404c021000-7f4050000000 ---p 00000000 00:00 0 
7f4054000000-7f4054021000 rw-p 00000000 00:00 0 
7f4054021000-7f4058000000 ---p 00000000 00:00 0 
7f4058fe0000-7f4058fe3000 ---p 00000000 00:00 0 
7f4058fe3000-7f40590e1000 rw-p 00000000 00:00 0 
7f40590e1000-7f40590e4000 ---p 00000000 00:00 0 
7f40590e4000-7f40591e2000 rw-p 00000000 00:00 0 
7f40591e2000-7f40591e5000 ---p 00000000 00:00 0 
7f40591e5000-7f40592e3000 rw-p 00000000 00:00 0 
7f40592e3000-7f40592e6000 ---p 00000000 00:00 0 
7f40592e6000-7f40593e4000 rw-p 00000000 00:00 0 
7f40593e4000-7f40593e7000 ---p 00000000 00:00 0 
7f40593e7000-7f40594e5000 rw-p 00000000 00:00 0 
7f40594e5000-7f40594e6000 ---p 00000000 00:00 0 
7f40594e6000-7f40595e6000 rw-p 00000000 00:00 0 
7f40595e6000-7f40595e9000 ---p 00000000 00:00 0 
7f40595e9000-7f40596e7000 rw-p 00000000 00:00 0 
7f40596e7000-7f40596e8000 ---p 00000000 00:00 0 
7f40596e8000-7f40596eb000 ---p 00000000 00:00 0 
7f40596eb000-7f40597e8000 rw-p 00000000 00:00 0 
7f40597e8000-7f40597e9000 ---p 00000000 00:00 0 
7f40597e9000-7f40597ec000 ---p 00000000 00:00 0 
7f40597ec000-7f40598e9000 rw-p 00000000 00:00 0 
7f40598e9000-7f40598ea000 ---p 00000000 00:00 0 
7f40598ea000-7f40598ed000 ---p 00000000 00:00 0 
7f40598ed000-7f40599ea000 rw-p 00000000 00:00 0 
7f40599ea000-7f40599ed000 ---p 00000000 00:00 0 
7f40599ed000-7f4059aeb000 rw-p 00000000 00:00 0 
7f4059aeb000-7f405a4ba000 r--p 00000000 08:01 6036074                    /usr/lib/locale/locale-archive
7f405a4ba000-7f405a4bd000 ---p 00000000 00:00 0 
7f405a4bd000-7f405a5bb000 rw-p 00000000 00:00 0 
7f405a5bb000-7f405a5be000 ---p 00000000 00:00 0 
7f405a5be000-7f405a6bc000 rw-p 00000000 00:00 0 
7f405a6bc000-7f405a6bd000 ---p 00000000 00:00 0 
7f405a6bd000-7f405b62e000 rw-p 00000000 00:00 0 
7f405b62e000-7f405b800000 r--s 03cad000 08:01 7352843                    /home/niroop/Documents/android-studio/jre/jre/lib/rt.jar
7f405b800000-7f405bec0000 rw-p 00000000 00:00 0 
7f405bec0000-7f405c000000 ---p 00000000 00:00 0 
7f405c000000-7f405c021000 rw-p 00000000 00:00 0 
7f405c021000-7f4060000000 ---p 00000000 00:00 0 
7f4060002000-7f4060011000 r--s 000e4000 08:01 11851761                   /home/niroop/Android/Sdk/build-tools/26.0.0/lib/dx.jar
7f4060011000-7f40609a9000 rw-p 00000000 00:00 0 
7f40609a9000-7f40609aa000 ---p 00000000 00:00 0 
7f40609aa000-7f4060c2f000 rw-p 00000000 00:00 0 
7f4060c2f000-7f4061000000 ---p 00000000 00:00 0 
7f4061000000-7f4061ca0000 rwxp 00000000 00:00 0 
7f4061ca0000-7f4070000000 ---p 00000000 00:00 0 
7f4070000000-7f407040a000 rw-p 00000000 00:00 0 
7f407040a000-7f4074000000 ---p 00000000 00:00 0 
7f4074005000-7f40740cf000 rw-p 00000000 00:00 0 
7f40740cf000-7f40740d0000 ---p 00000000 00:00 0 
7f40740d0000-7f40741d0000 rw-p 00000000 00:00 0 
7f40741d0000-7f40741d1000 ---p 00000000 00:00 0 
7f40741d1000-7f40742d1000 rw-p 00000000 00:00 0 
7f40742d1000-7f40742d2000 ---p 00000000 00:00 0 
7f40742d2000-7f4074557000 rw-p 00000000 00:00 0 
7f4074557000-7f4074927000 ---p 00000000 00:00 0 
7f4074927000-7f4074b52000 rw-p 00000000 00:00 0 
7f4074b52000-7f4074bd2000 ---p 00000000 00:00 0 
7f4074bd2000-7f4074c06000 rw-p 00000000 00:00 0 
7f4074c06000-7f4074f93000 ---p 00000000 00:00 0 
7f4074f93000-7f4074f9e000 r-xp 00000000 08:01 1840165                    /lib/x86_64-linux-gnu/libnss_files-2.27.so
7f4074f9e000-7f407519d000 ---p 0000b000 08:01 1840165                    /lib/x86_64-linux-gnu/libnss_files-2.27.so
7f407519d000-7f407519e000 r--p 0000a000 08:01 1840165                    /lib/x86_64-linux-gnu/libnss_files-2.27.so
7f407519e000-7f407519f000 rw-p 0000b000 08:01 1840165                    /lib/x86_64-linux-gnu/libnss_files-2.27.so
7f407519f000-7f40751a5000 rw-p 00000000 00:00 0 
7f40751a5000-7f40751bc000 r-xp 00000000 08:01 1840159                    /lib/x86_64-linux-gnu/libnsl-2.27.so
7f40751bc000-7f40753bb000 ---p 00017000 08:01 1840159                    /lib/x86_64-linux-gnu/libnsl-2.27.so
7f40753bb000-7f40753bc000 r--p 00016000 08:01 1840159                    /lib/x86_64-linux-gnu/libnsl-2.27.so
7f40753bc000-7f40753bd000 rw-p 00017000 08:01 1840159                    /lib/x86_64-linux-gnu/libnsl-2.27.so
7f40753bd000-7f40753bf000 rw-p 00000000 00:00 0 
7f40753bf000-7f40753ca000 r-xp 00000000 08:01 1840176                    /lib/x86_64-linux-gnu/libnss_nis-2.27.so
7f40753ca000-7f40755c9000 ---p 0000b000 08:01 1840176                    /lib/x86_64-linux-gnu/libnss_nis-2.27.so
7f40755c9000-7f40755ca000 r--p 0000a000 08:01 1840176                    /lib/x86_64-linux-gnu/libnss_nis-2.27.so
7f40755ca000-7f40755cb000 rw-p 0000b000 08:01 1840176                    /lib/x86_64-linux-gnu/libnss_nis-2.27.so
7f40755cb000-7f40755d3000 r-xp 00000000 08:01 1840161                    /lib/x86_64-linux-gnu/libnss_compat-2.27.so
7f40755d3000-7f40757d3000 ---p 00008000 08:01 1840161                    /lib/x86_64-linux-gnu/libnss_compat-2.27.so
7f40757d3000-7f40757d4000 r--p 00008000 08:01 1840161                    /lib/x86_64-linux-gnu/libnss_compat-2.27.so
7f40757d4000-7f40757d5000 rw-p 00009000 08:01 1840161                    /lib/x86_64-linux-gnu/libnss_compat-2.27.so
7f40757d5000-7f40757dc000 r-xp 00000000 08:01 1840216                    /lib/x86_64-linux-gnu/librt-2.27.so
7f40757dc000-7f40759db000 ---p 00007000 08:01 1840216                    /lib/x86_64-linux-gnu/librt-2.27.so
7f40759db000-7f40759dc000 r--p 00006000 08:01 1840216                    /lib/x86_64-linux-gnu/librt-2.27.so
7f40759dc000-7f40759dd000 rw-p 00007000 08:01 1840216                    /lib/x86_64-linux-gnu/librt-2.27.so
7f40759dd000-7f4075b7a000 r-xp 00000000 08:01 1840138                    /lib/x86_64-linux-gnu/libm-2.27.so
7f4075b7a000-7f4075d79000 ---p 0019d000 08:01 1840138                    /lib/x86_64-linux-gnu/libm-2.27.so
7f4075d79000-7f4075d7a000 r--p 0019c000 08:01 1840138                    /lib/x86_64-linux-gnu/libm-2.27.so
7f4075d7a000-7f4075d7b000 rw-p 0019d000 08:01 1840138                    /lib/x86_64-linux-gnu/libm-2.27.so
7f4075d7b000-7f40769a1000 r-xp 00000000 08:01 7352820                    /home/niroop/Documents/android-studio/jre/jre/lib/amd64/server/libjvm.so
7f40769a1000-7f4076a71000 rw-p 00c26000 08:01 7352820                    /home/niroop/Documents/android-studio/jre/jre/lib/amd64/server/libjvm.so
7f4076a71000-7f4076ab5000 rw-p 00000000 00:00 0 
7f4076ab5000-7f4076c9c000 r-xp 00000000 08:01 1840075                    /lib/x86_64-linux-gnu/libc-2.27.so
7f4076c9c000-7f4076e9c000 ---p 001e7000 08:01 1840075                    /lib/x86_64-linux-gnu/libc-2.27.so
7f4076e9c000-7f4076ea0000 r--p 001e7000 08:01 1840075                    /lib/x86_64-linux-gnu/libc-2.27.so
7f4076ea0000-7f4076ea2000 rw-p 001eb000 08:01 1840075                    /lib/x86_64-linux-gnu/libc-2.27.so
7f4076ea2000-7f4076ea6000 rw-p 00000000 00:00 0 
7f4076ea6000-7f4076ea9000 r-xp 00000000 08:01 1840098                    /lib/x86_64-linux-gnu/libdl-2.27.so
7f4076ea9000-7f40770a8000 ---p 00003000 08:01 1840098                    /lib/x86_64-linux-gnu/libdl-2.27.so
7f40770a8000-7f40770a9000 r--p 00002000 08:01 1840098                    /lib/x86_64-linux-gnu/libdl-2.27.so
7f40770a9000-7f40770aa000 rw-p 00003000 08:01 1840098                    /lib/x86_64-linux-gnu/libdl-2.27.so
7f40770aa000-7f40770c4000 r-xp 00000000 08:01 1840208                    /lib/x86_64-linux-gnu/libpthread-2.27.so
7f40770c4000-7f40772c3000 ---p 0001a000 08:01 1840208                    /lib/x86_64-linux-gnu/libpthread-2.27.so
7f40772c3000-7f40772c4000 r--p 00019000 08:01 1840208                    /lib/x86_64-linux-gnu/libpthread-2.27.so
7f40772c4000-7f40772c5000 rw-p 0001a000 08:01 1840208                    /lib/x86_64-linux-gnu/libpthread-2.27.so
7f40772c5000-7f40772c9000 rw-p 00000000 00:00 0 
7f40772c9000-7f40772f0000 r-xp 00000000 08:01 1840047                    /lib/x86_64-linux-gnu/ld-2.27.so
7f40772f7000-7f407736f000 rw-p 00000000 00:00 0 
7f407736f000-7f407738a000 r-xp 00000000 08:01 7352802                    /home/niroop/Documents/android-studio/jre/jre/lib/amd64/libzip.so
7f407738a000-7f407738b000 rw-p 0001a000 08:01 7352802                    /home/niroop/Documents/android-studio/jre/jre/lib/amd64/libzip.so
7f407738b000-7f40773b5000 r-xp 00000000 08:01 7352810                    /home/niroop/Documents/android-studio/jre/jre/lib/amd64/libjava.so
7f40773b5000-7f40773b7000 rw-p 0002a000 08:01 7352810                    /home/niroop/Documents/android-studio/jre/jre/lib/amd64/libjava.so
7f40773b7000-7f40773b8000 ---p 00000000 00:00 0 
7f40773b8000-7f40773bb000 ---p 00000000 00:00 0 
7f40773bb000-7f40774ba000 rw-p 00000000 00:00 0 
7f40774ba000-7f40774d0000 r-xp 00000000 08:01 7352701                    /home/niroop/Documents/android-studio/jre/lib/amd64/jli/libjli.so
7f40774d0000-7f40774d1000 rw-p 00015000 08:01 7352701                    /home/niroop/Documents/android-studio/jre/lib/amd64/jli/libjli.so
7f40774d1000-7f40774d3000 rw-p 00000000 00:00 0 
7f40774d5000-7f40774d7000 r--s 0000b000 08:11 4460439                    /media/niroop/External HDD/AndroidStudioProjects/User App/slideMenuLibrary/build/intermediates/bundles/default/classes.jar
7f40774d7000-7f40774df000 rw-s 00000000 08:01 12583435                   /tmp/hsperfdata_niroop/12146
7f40774df000-7f40774e0000 rw-p 00000000 00:00 0 
7f40774e0000-7f40774e1000 ---p 00000000 00:00 0 
7f40774e1000-7f40774ee000 r-xp 00000000 08:01 7352798                    /home/niroop/Documents/android-studio/jre/jre/lib/amd64/libverify.so
7f40774ee000-7f40774f0000 rw-p 0000c000 08:01 7352798                    /home/niroop/Documents/android-studio/jre/jre/lib/amd64/libverify.so
7f40774f0000-7f40774f1000 r--p 00027000 08:01 1840047                    /lib/x86_64-linux-gnu/ld-2.27.so
7f40774f1000-7f40774f2000 rw-p 00028000 08:01 1840047                    /lib/x86_64-linux-gnu/ld-2.27.so
7f40774f2000-7f40774f3000 rw-p 00000000 00:00 0 
7ffd10e55000-7ffd10e77000 rw-p 00000000 00:00 0                          [stack]
7ffd10ef7000-7ffd10efa000 r--p 00000000 00:00 0                          [vvar]
7ffd10efa000-7ffd10efb000 r-xp 00000000 00:00 0                          [vdso]
ffffffffff600000-ffffffffff601000 r-xp 00000000 00:00 0                  [vsyscall]

VM Arguments:
jvm_args: -Djava.awt.headless=true -Xmx4g -Dfile.encoding=UTF-8 -Duser.country=IN -Duser.language=en -Duser.variant 
java_command: com.android.dx.command.Main --dex --num-threads=4 --multi-dex --output /media/niroop/External HDD/AndroidStudioProjects/User App/app/build/intermediates/transforms/dex/debug/folders/1000/1f/main /home/niroop/.gradle/caches/modules-2/files-2.1/com.twitter/twitter-text/1.13.0/78415b95ae3184c5926d593feab64bfc0b73b2dd/twitter-text-1.13.0.jar /home/niroop/.android/build-cache/344e0ae5b96a066c340cbb65de62b9926cdefc58/output/jars/classes.jar /home/niroop/.android/build-cache/708519143cb1ca08075ced6ae13de74ca64bf15f/output/jars/classes.jar /home/niroop/.gradle/caches/modules-2/files-2.1/com.squareup.okhttp3/okhttp-ws/3.0.1/bd9b51a0188fc8f14bf840a0d326755545206116/okhttp-ws-3.0.1.jar /home/niroop/.android/build-cache/9b622f381cb7bb5838d987a04cc0137936991cc2/output/jars/classes.jar /home/niroop/.android/build-cache/5b51a3324933b67d5359e9286d32d4d1e7e614f2/output/jars/classes.jar /home/niroop/.android/build-cache/12d56c18a42d1f05b9ac1647b156441e2a4dbff5/output/jars/classes.jar /home/niroop/.android/build-cache/0add6791efe6dec7f33222700afd520c9a82813b/output/jars/classes.jar /media/niroop/External HDD/AndroidStudioProjects/User App/stripe/build/intermediates/bundles/default/classes.jar /home/niroop/.android/build-cache/26d5ae123ee9172a01bd32d1a79379bec37b7d2d/output/jars/classes.jar /home/niroop/.gradle/caches/modules-2/files-2.1/com.google.code.gson/gson/2.3/5fc52c41ef0239d1093a1eb7c3697036183677ce/gson-2.3.jar /home/niroop/.gradle/caches/modules-2/files-2.1/cz.msebera.android/httpclient/4.4.1.1/c8d96f6fd2bcc179c312da33ee670a71188cc60d/httpclient-4.4.1.1.jar /home/niroop/.android/build-cache/66327af80aa184671fc17553104e2db35ef7a9b3/output/jars/classes.jar /home/niroop/.android/build-cache/b257c5c0db47bbccb6143d3aada52dde313d9b0e/output/jars/classes.jar /home/niroop/.android/build-cache/3bccaacd42e5be60ac7fed01bcd491f7523ce2f1/output/jars/classes.jar /home/niroop/.android/build-cache/64700c7b9fdf25534d3d17e45870aa364dcf0d2b/output/jars/classes.jar /home/niroop/.
java_class_path (initial): /home/niroop/Android/Sdk/build-tools/26.0.0/lib/dx.jar
Launcher Type: SUN_STANDARD

Environment Variables:
PATH=/usr/local/sbin:/usr/local/bin:/usr/sbin:/usr/bin:/sbin:/bin:/usr/games:/usr/local/games:/snap/bin:/usr/lib/dart/bin
USERNAME=niroop
SHELL=/bin/bash
DISPLAY=:0

Signal Handlers:
SIGSEGV: [libjvm.so+0xa09650], sa_mask[0]=11111111011111111101111111111110, sa_flags=SA_RESTART|SA_SIGINFO
SIGBUS: [libjvm.so+0xa09650], sa_mask[0]=11111111011111111101111111111110, sa_flags=SA_RESTART|SA_SIGINFO
SIGFPE: [libjvm.so+0x86bc60], sa_mask[0]=11111111011111111101111111111110, sa_flags=SA_RESTART|SA_SIGINFO
SIGPIPE: [libjvm.so+0x86bc60], sa_mask[0]=11111111011111111101111111111110, sa_flags=SA_RESTART|SA_SIGINFO
SIGXFSZ: [libjvm.so+0x86bc60], sa_mask[0]=11111111011111111101111111111110, sa_flags=SA_RESTART|SA_SIGINFO
SIGILL: [libjvm.so+0x86bc60], sa_mask[0]=11111111011111111101111111111110, sa_flags=SA_RESTART|SA_SIGINFO
SIGUSR1: SIG_DFL, sa_mask[0]=00000000000000000000000000000000, sa_flags=none
SIGUSR2: [libjvm.so+0x86bb30], sa_mask[0]=00100000000000000000000000000000, sa_flags=SA_RESTART|SA_SIGINFO
SIGHUP: [libjvm.so+0x86bd20], sa_mask[0]=11111111011111111101111111111110, sa_flags=SA_RESTART|SA_SIGINFO
SIGINT: [libjvm.so+0x86bd20], sa_mask[0]=11111111011111111101111111111110, sa_flags=SA_RESTART|SA_SIGINFO
SIGTERM: [libjvm.so+0x86bd20], sa_mask[0]=11111111011111111101111111111110, sa_flags=SA_RESTART|SA_SIGINFO
SIGQUIT: [libjvm.so+0x86bd20], sa_mask[0]=11111111011111111101111111111110, sa_flags=SA_RESTART|SA_SIGINFO


---------------  S Y S T E M  ---------------

OS:DISTRIB_ID=Ubuntu
DISTRIB_RELEASE=18.04
DISTRIB_CODENAME=bionic
DISTRIB_DESCRIPTION="Ubuntu 18.04.3 LTS"

uname:Linux 5.0.0-37-generic #40~18.04.1-Ubuntu SMP Thu Nov 14 12:06:39 UTC 2019 x86_64
libc:glibc 2.27 NPTL 2.27 
rlimit: STACK 8192k, CORE 0k, NPROC 23162, NOFILE 1048576, AS infinity
load average:7.56 3.49 2.02

/proc/meminfo:
MemTotal:        5979864 kB
MemFree:          113788 kB
MemAvailable:      40288 kB
Buffers:            2052 kB
Cached:           256508 kB
SwapCached:         8672 kB
Active:          4804764 kB
Inactive:         711464 kB
Active(anon):    4787260 kB
Inactive(anon):   683868 kB
Active(file):      17504 kB
Inactive(file):    27596 kB
Unevictable:         460 kB
Mlocked:              48 kB
SwapTotal:       2097148 kB
SwapFree:             36 kB
Dirty:               328 kB
Writeback:            92 kB
AnonPages:       5250444 kB
Mapped:            39976 kB
Shmem:            213248 kB
KReclaimable:      69688 kB
Slab:             141924 kB
SReclaimable:      69688 kB
SUnreclaim:        72236 kB
KernelStack:       18592 kB
PageTables:        86988 kB
NFS_Unstable:          0 kB
Bounce:                0 kB
WritebackTmp:          0 kB
CommitLimit:     5087080 kB
Committed_AS:   16329784 kB
VmallocTotal:   34359738367 kB
VmallocUsed:           0 kB
VmallocChunk:          0 kB
Percpu:             2432 kB
HardwareCorrupted:     0 kB
AnonHugePages:         0 kB
ShmemHugePages:        0 kB
ShmemPmdMapped:        0 kB
CmaTotal:              0 kB
CmaFree:               0 kB
HugePages_Total:       0
HugePages_Free:        0
HugePages_Rsvd:        0
HugePages_Surp:        0
Hugepagesize:       2048 kB
Hugetlb:               0 kB
DirectMap4k:      293144 kB
DirectMap2M:     5877760 kB

container (cgroup) information:
container_type: cgroupv1
cpu_cpuset_cpus: 0-3
cpu_memory_nodes: 0
active_processor_count: 4
cpu_quota: -1
cpu_period: 100000
cpu_shares: -1
memory_limit_in_bytes: -1
memory_and_swap_limit_in_bytes: -2
memory_soft_limit_in_bytes: -1
memory_usage_in_bytes: 5649223680
memory_max_usage_in_bytes: 25411584


CPU:total 4 (initial active 4) (2 cores per cpu, 2 threads per core) family 6 model 58 stepping 9, cmov, cx8, fxsr, mmx, sse, sse2, sse3, ssse3, sse4.1, sse4.2, popcnt, avx, aes, clmul, erms, ht, tsc, tscinvbit, tscinv

/proc/cpuinfo:
processor	: 0
vendor_id	: GenuineIntel
cpu family	: 6
model		: 58
model name	: Intel(R) Core(TM) i5-3337U CPU @ 1.80GHz
stepping	: 9
microcode	: 0x21
cpu MHz		: 2516.364
cache size	: 3072 KB
physical id	: 0
siblings	: 4
core id		: 0
cpu cores	: 2
apicid		: 0
initial apicid	: 0
fpu		: yes
fpu_exception	: yes
cpuid level	: 13
wp		: yes
flags		: fpu vme de pse tsc msr pae mce cx8 apic sep mtrr pge mca cmov pat pse36 clflush dts acpi mmx fxsr sse sse2 ss ht tm pbe syscall nx rdtscp lm constant_tsc arch_perfmon pebs bts rep_good nopl xtopology nonstop_tsc cpuid aperfmperf pni pclmulqdq dtes64 monitor ds_cpl vmx est tm2 ssse3 cx16 xtpr pdcm pcid sse4_1 sse4_2 x2apic popcnt tsc_deadline_timer aes xsave avx f16c rdrand lahf_lm cpuid_fault epb pti ssbd ibrs ibpb stibp tpr_shadow vnmi flexpriority ept vpid fsgsbase smep erms xsaveopt dtherm ida arat pln pts md_clear flush_l1d
bugs		: cpu_meltdown spectre_v1 spectre_v2 spec_store_bypass l1tf mds swapgs itlb_multihit
bogomips	: 3591.46
clflush size	: 64
cache_alignment	: 64
address sizes	: 36 bits physical, 48 bits virtual
power management:

processor	: 1
vendor_id	: GenuineIntel
cpu family	: 6
model		: 58
model name	: Intel(R) Core(TM) i5-3337U CPU @ 1.80GHz
stepping	: 9
microcode	: 0x21
cpu MHz		: 2511.871
cache size	: 3072 KB
physical id	: 0
siblings	: 4
core id		: 0
cpu cores	: 2
apicid		: 1
initial apicid	: 1
fpu		: yes
fpu_exception	: yes
cpuid level	: 13
wp		: yes
flags		: fpu vme de pse tsc msr pae mce cx8 apic sep mtrr pge mca cmov pat pse36 clflush dts acpi mmx fxsr sse sse2 ss ht tm pbe syscall nx rdtscp lm constant_tsc arch_perfmon pebs bts rep_good nopl xtopology nonstop_tsc cpuid aperfmperf pni pclmulqdq dtes64 monitor ds_cpl vmx est tm2 ssse3 cx16 xtpr pdcm pcid sse4_1 sse4_2 x2apic popcnt tsc_deadline_timer aes xsave avx f16c rdrand lahf_lm cpuid_fault epb pti ssbd ibrs ibpb stibp tpr_shadow vnmi flexpriority ept vpid fsgsbase smep erms xsaveopt dtherm ida arat pln pts md_clear flush_l1d
bugs		: cpu_meltdown spectre_v1 spectre_v2 spec_store_bypass l1tf mds swapgs itlb_multihit
bogomips	: 3591.46
clflush size	: 64
cache_alignment	: 64
address sizes	: 36 bits physical, 48 bits virtual
power management:

processor	: 2
vendor_id	: GenuineIntel
cpu family	: 6
model		: 58
model name	: Intel(R) Core(TM) i5-3337U CPU @ 1.80GHz
stepping	: 9
microcode	: 0x21
cpu MHz		: 2494.122
cache size	: 3072 KB
physical id	: 0
siblings	: 4
core id		: 1
cpu cores	: 2
apicid		: 2
initial apicid	: 2
fpu		: yes
fpu_exception	: yes
cpuid level	: 13
wp		: yes
flags		: fpu vme de pse tsc msr pae mce cx8 apic sep mtrr pge mca cmov pat pse36 clflush dts acpi mmx fxsr sse sse2 ss ht tm pbe syscall nx rdtscp lm constant_tsc arch_perfmon pebs bts rep_good nopl xtopology nonstop_tsc cpuid aperfmperf pni pclmulqdq dtes64 monitor ds_cpl vmx est tm2 ssse3 cx16 xtpr pdcm pcid sse4_1 sse4_2 x2apic popcnt tsc_deadline_timer aes xsave avx f16c rdrand lahf_lm cpuid_fault epb pti ssbd ibrs ibpb stibp tpr_shadow vnmi flexpriority ept vpid fsgsbase smep erms xsaveopt dtherm ida arat pln pts md_clear flush_l1d
bugs		: cpu_meltdown spectre_v1 spectre_v2 spec_store_bypass l1tf mds swapgs itlb_multihit
bogomips	: 3591.46
clflush size	: 64
cache_alignment	: 64
address sizes	: 36 bits physical, 48 bits virtual
power management:

processor	: 3
vendor_id	: GenuineIntel
cpu family	: 6
model		: 58
model name	: Intel(R) Core(TM) i5-3337U CPU @ 1.80GHz
stepping	: 9
microcode	: 0x21
cpu MHz		: 2494.127
cache size	: 3072 KB
physical id	: 0
siblings	: 4
core id		: 1
cpu cores	: 2
apicid		: 3
initial apicid	: 3
fpu		: yes
fpu_exception	: yes
cpuid level	: 13
wp		: yes
flags		: fpu vme de pse tsc msr pae mce cx8 apic sep mtrr pge mca cmov pat pse36 clflush dts acpi mmx fxsr sse sse2 ss ht tm pbe syscall nx rdtscp lm constant_tsc arch_perfmon pebs bts rep_good nopl xtopology nonstop_tsc cpuid aperfmperf pni pclmulqdq dtes64 monitor ds_cpl vmx est tm2 ssse3 cx16 xtpr pdcm pcid sse4_1 sse4_2 x2apic popcnt tsc_deadline_timer aes xsave avx f16c rdrand lahf_lm cpuid_fault epb pti ssbd ibrs ibpb stibp tpr_shadow vnmi flexpriority ept vpid fsgsbase smep erms xsaveopt dtherm ida arat pln pts md_clear flush_l1d
bugs		: cpu_meltdown spectre_v1 spectre_v2 spec_store_bypass l1tf mds swapgs itlb_multihit
bogomips	: 3591.46
clflush size	: 64
cache_alignment	: 64
address sizes	: 36 bits physical, 48 bits virtual
power management:



Memory: 4k page, physical 5979864k(117820k free), swap 2097148k(0k free)

vm_info: OpenJDK 64-Bit Server VM (25.202-b49-5587405) for linux-amd64 JRE (1.8.0_202-release-1483-b49-5587405), built by "android-build" with gcc 4.8

time: Tue Mar 10 17:31:52 2020
timezone: IST
elapsed time: 60 seconds (0d 0h 1m 0s)

