#
# There is insufficient memory for the Java Runtime Environment to continue.
# Native memory allocation (mmap) failed to map 261095424 bytes for committing reserved memory.
# Possible reasons:
#   The system is out of physical RAM or swap space
#   The process is running with CompressedOops enabled, and the Java Heap may be blocking the growth of the native heap
# Possible solutions:
#   Reduce memory load on the system
#   Increase physical memory or swap space
#   Check if swap backing store is full
#   Decrease Java heap size (-Xmx/-Xms)
#   Decrease number of Java threads
#   Decrease Java thread stack sizes (-Xss)
#   Set larger code cache with -XX:ReservedCodeCacheSize=
#   JVM is running with Zero Based Compressed Oops mode in which the Java heap is
#     placed in the first 32GB address space. The Java Heap base address is the
#     maximum limit for the native heap growth. Please use -XX:HeapBaseMinAddress
#     to set the Java Heap base and to place the Java Heap above 32GB virtual address.
# This output file may be truncated or incomplete.
#
#  Out of Memory Error (os_linux.cpp:2753), pid=14535, tid=0x00007fc2449f9700
#
# JRE version: OpenJDK Runtime Environment (8.0_202) (build 1.8.0_202-release-1483-b49-5587405)
# Java VM: OpenJDK 64-Bit Server VM (25.202-b49-5587405 mixed mode linux-amd64 compressed oops)
# Failed to write core dump. Core dumps have been disabled. To enable core dumping, try "ulimit -c unlimited" before starting Java again
#

---------------  T H R E A D  ---------------

Current thread (0x00007fc25407c800):  VMThread [stack: 0x00007fc2448fa000,0x00007fc2449fa000] [id=14545]

Stack: [0x00007fc2448fa000,0x00007fc2449fa000],  sp=0x00007fc2449f8530,  free space=1017k
Native frames: (J=compiled Java code, j=interpreted, Vv=VM code, C=native code)
V  [libjvm.so+0xa08b78]  VMError::report_and_die()+0x148
V  [libjvm.so+0x4d412a]  report_vm_out_of_memory(char const*, int, unsigned long, VMErrorType, char const*)+0x8a
V  [libjvm.so+0x870478]  os::pd_commit_memory(char*, unsigned long, unsigned long, bool)+0xd8
V  [libjvm.so+0x867f9f]  os::commit_memory(char*, unsigned long, unsigned long, bool)+0x1f
V  [libjvm.so+0x8e14eb]  PSVirtualSpace::expand_by(unsigned long)+0x5b
V  [libjvm.so+0x8d234b]  PSOldGen::expand_by(unsigned long) [clone .part.109]+0x1b
V  [libjvm.so+0x8d250b]  PSOldGen::expand(unsigned long) [clone .part.111]+0xdb
V  [libjvm.so+0x8d2de8]  PSOldGen::resize(unsigned long)+0x188
V  [libjvm.so+0x8d83cc]  PSParallelCompact::invoke_no_policy(bool)+0x94c
V  [libjvm.so+0x8df48d]  PSScavenge::invoke()+0x17d
V  [libjvm.so+0x893763]  ParallelScavengeHeap::failed_mem_allocate(unsigned long)+0x63
V  [libjvm.so+0xa0a644]  VM_ParallelGCFailedAllocation::doit()+0x84
V  [libjvm.so+0xa0ea17]  VM_Operation::evaluate()+0x47
V  [libjvm.so+0xa0d498]  VMThread::evaluate_operation(VM_Operation*)+0x218
V  [libjvm.so+0xa0d8d1]  VMThread::loop()+0x1f1
V  [libjvm.so+0xa0dd02]  VMThread::run()+0x72
V  [libjvm.so+0x86d652]  java_start(Thread*)+0xf2

VM_Operation (0x00007fc21f42cde0): ParallelGCFailedAllocation, mode: safepoint, requested by thread 0x00007fc254187800


---------------  P R O C E S S  ---------------

Java Threads: ( => current thread )
  0x00007fc25418a800 JavaThread "pool-2-thread-4" [_thread_blocked, id=14559, stack(0x00007fc21f12c000,0x00007fc21f22d000)]
  0x00007fc254189800 JavaThread "pool-2-thread-3" [_thread_blocked, id=14558, stack(0x00007fc21f22d000,0x00007fc21f32e000)]
  0x00007fc254187800 JavaThread "pool-2-thread-2" [_thread_blocked, id=14557, stack(0x00007fc21f32e000,0x00007fc21f42f000)]
  0x00007fc25417b800 JavaThread "pool-3-thread-1" [_thread_blocked, id=14556, stack(0x00007fc21f42f000,0x00007fc21f530000)]
  0x00007fc25417a000 JavaThread "pool-2-thread-1" [_thread_blocked, id=14555, stack(0x00007fc21f530000,0x00007fc21f631000)]
  0x00007fc2540cc800 JavaThread "Service Thread" daemon [_thread_blocked, id=14553, stack(0x00007fc2441f2000,0x00007fc2442f3000)]
  0x00007fc2540c1800 JavaThread "C1 CompilerThread2" daemon [_thread_blocked, id=14552, stack(0x00007fc2442f4000,0x00007fc2443f4000)]
  0x00007fc2540bf800 JavaThread "C2 CompilerThread1" daemon [_thread_blocked, id=14551, stack(0x00007fc2443f5000,0x00007fc2444f5000)]
  0x00007fc2540bc800 JavaThread "C2 CompilerThread0" daemon [_thread_blocked, id=14550, stack(0x00007fc2444f6000,0x00007fc2445f6000)]
  0x00007fc2540b8800 JavaThread "Signal Dispatcher" daemon [_thread_blocked, id=14549, stack(0x00007fc2445f6000,0x00007fc2446f7000)]
  0x00007fc254088800 JavaThread "Finalizer" daemon [_thread_blocked, id=14548, stack(0x00007fc2446f7000,0x00007fc2447f8000)]
  0x00007fc254086000 JavaThread "Reference Handler" daemon [_thread_blocked, id=14547, stack(0x00007fc2447f8000,0x00007fc2448f9000)]
  0x00007fc25400e800 JavaThread "main" [_thread_blocked, id=14540, stack(0x00007fc25d5f4000,0x00007fc25d6f4000)]

Other Threads:
=>0x00007fc25407c800 VMThread [stack: 0x00007fc2448fa000,0x00007fc2449fa000] [id=14545]
  0x00007fc2540cf000 WatcherThread [stack: 0x00007fc2440f2000,0x00007fc2441f2000] [id=14554]

VM state:at safepoint (normal execution)

VM Mutex/Monitor currently owned by a thread:  ([mutex/lock_event])
[0x00007fc25400a9e0] ExpandHeap_lock - owner thread: 0x00007fc25407c800
[0x00007fc25400b060] Threads_lock - owner thread: 0x00007fc25407c800
[0x00007fc25400b560] Heap_lock - owner thread: 0x00007fc254187800

heap address: 0x00000006c0000000, size: 4096 MB, Compressed Oops mode: Zero based, Oop shift amount: 3
Narrow klass base: 0x0000000000000000, Narrow klass shift: 3
Compressed class space size: 1073741824 Address: 0x00000007c0000000

Heap:
 PSYoungGen      total 859648K, used 74581K [0x000000076ab00000, 0x00000007a9f80000, 0x00000007c0000000)
  eden space 678400K, 0% used [0x000000076ab00000,0x000000076ab00000,0x0000000794180000)
  from space 181248K, 41% used [0x000000079ee80000,0x00000007a3755650,0x00000007a9f80000)
  to   space 177152K, 0% used [0x0000000794180000,0x0000000794180000,0x000000079ee80000)
 ParOldGen       total 653824K, used 653795K [0x00000006c0000000, 0x00000006e7e80000, 0x000000076ab00000)
  object space 653824K, 99% used [0x00000006c0000000,0x00000006e7e78d08,0x00000006e7e80000)
 Metaspace       used 6645K, capacity 7344K, committed 7552K, reserved 1056768K
  class space    used 599K, capacity 616K, committed 640K, reserved 1048576K

Card table byte_map: [0x00007fc25a60e000,0x00007fc25ae0f000] byte_map_base: 0x00007fc25700e000

Marking Bits: (ParMarkBitMap*) 0x00007fc25ccc2920
 Begin Bits: [0x00007fc230000000, 0x00007fc234000000)
 End Bits:   [0x00007fc234000000, 0x00007fc238000000)

Polling page: 0x00007fc25d71c000

CodeCache: size=245760Kb used=12633Kb max_used=13086Kb free=233127Kb
 bounds [0x00007fc245000000, 0x00007fc245d40000, 0x00007fc254000000]
 total_blobs=2665 nmethods=2392 adapters=187
 compilation: enabled

Compilation events (10 events):
Event: 32.847 Thread 0x00007fc2540bf800 nmethod 2977 0x00007fc2452b1590 code [0x00007fc2452b1d40, 0x00007fc2452b87b0]
Event: 32.847 Thread 0x00007fc2540bf800 2988       4       com.android.dx.rop.type.StdTypeList::getWordCount (33 bytes)
Event: 32.850 Thread 0x00007fc2540bf800 nmethod 2988 0x00007fc24561b490 code [0x00007fc24561b5e0, 0x00007fc24561b718]
Event: 32.850 Thread 0x00007fc2540bf800 2987   !   4       com.android.dx.cf.direct.StdAttributeFactory::parseLocalVariables (274 bytes)
Event: 32.927 Thread 0x00007fc2540bf800 nmethod 2987 0x00007fc245428810 code [0x00007fc245428aa0, 0x00007fc24542a338]
Event: 32.927 Thread 0x00007fc2540bf800 2984       4       com.android.dx.cf.code.ConcreteMethod::<init> (245 bytes)
Event: 32.957 Thread 0x00007fc2540bc800 nmethod 2991% 0x00007fc24587c490 code [0x00007fc24587c800, 0x00007fc24587eca0]
Event: 32.957 Thread 0x00007fc2540bc800 2992       4       com.android.dx.ssa.SsaMethod::deleteInsns (239 bytes)
Event: 33.009 Thread 0x00007fc2540bf800 nmethod 2984 0x00007fc2458d22d0 code [0x00007fc2458d2640, 0x00007fc2458d4838]
Event: 33.009 Thread 0x00007fc2540bf800 2993       4       com.android.dx.ssa.SsaConverter::placePhiFunctions (394 bytes)

GC Heap History (10 events):
Event: 24.670 GC heap after
Heap after GC invocations=21 (full 4):
 PSYoungGen      total 662528K, used 114145K [0x000000076ab00000, 0x00000007a2400000, 0x00000007c0000000)
  eden space 548352K, 0% used [0x000000076ab00000,0x000000076ab00000,0x000000078c280000)
  from space 114176K, 99% used [0x000000078c280000,0x00000007931f86b8,0x0000000793200000)
  to   space 146432K, 0% used [0x0000000799500000,0x0000000799500000,0x00000007a2400000)
 ParOldGen       total 411136K, used 370236K [0x00000006c0000000, 0x00000006d9180000, 0x000000076ab00000)
  object space 411136K, 90% used [0x00000006c0000000,0x00000006d698f0a8,0x00000006d9180000)
 Metaspace       used 6627K, capacity 7280K, committed 7552K, reserved 1056768K
  class space    used 597K, capacity 616K, committed 640K, reserved 1048576K
}
Event: 24.670 GC heap before
{Heap before GC invocations=22 (full 5):
 PSYoungGen      total 662528K, used 114145K [0x000000076ab00000, 0x00000007a2400000, 0x00000007c0000000)
  eden space 548352K, 0% used [0x000000076ab00000,0x000000076ab00000,0x000000078c280000)
  from space 114176K, 99% used [0x000000078c280000,0x00000007931f86b8,0x0000000793200000)
  to   space 146432K, 0% used [0x0000000799500000,0x0000000799500000,0x00000007a2400000)
 ParOldGen       total 411136K, used 370236K [0x00000006c0000000, 0x00000006d9180000, 0x000000076ab00000)
  object space 411136K, 90% used [0x00000006c0000000,0x00000006d698f0a8,0x00000006d9180000)
 Metaspace       used 6627K, capacity 7280K, committed 7552K, reserved 1056768K
  class space    used 597K, capacity 616K, committed 640K, reserved 1048576K
Event: 27.033 GC heap after
Heap after GC invocations=22 (full 5):
 PSYoungGen      total 662528K, used 68856K [0x000000076ab00000, 0x00000007a2400000, 0x00000007c0000000)
  eden space 548352K, 0% used [0x000000076ab00000,0x000000076ab00000,0x000000078c280000)
  from space 114176K, 60% used [0x000000078c280000,0x00000007905be1f0,0x0000000793200000)
  to   space 146432K, 0% used [0x0000000799500000,0x0000000799500000,0x00000007a2400000)
 ParOldGen       total 584704K, used 410912K [0x00000006c0000000, 0x00000006e3b00000, 0x000000076ab00000)
  object space 584704K, 70% used [0x00000006c0000000,0x00000006d91480b8,0x00000006e3b00000)
 Metaspace       used 6627K, capacity 7280K, committed 7552K, reserved 1056768K
  class space    used 597K, capacity 616K, committed 640K, reserved 1048576K
}
Event: 28.670 GC heap before
{Heap before GC invocations=23 (full 5):
 PSYoungGen      total 662528K, used 617208K [0x000000076ab00000, 0x00000007a2400000, 0x00000007c0000000)
  eden space 548352K, 100% used [0x000000076ab00000,0x000000078c280000,0x000000078c280000)
  from space 114176K, 60% used [0x000000078c280000,0x00000007905be1f0,0x0000000793200000)
  to   space 146432K, 0% used [0x0000000799500000,0x0000000799500000,0x00000007a2400000)
 ParOldGen       total 584704K, used 410912K [0x00000006c0000000, 0x00000006e3b00000, 0x000000076ab00000)
  object space 584704K, 70% used [0x00000006c0000000,0x00000006d91480b8,0x00000006e3b00000)
 Metaspace       used 6638K, capacity 7344K, committed 7552K, reserved 1056768K
  class space    used 598K, capacity 616K, committed 640K, reserved 1048576K
Event: 28.984 GC heap after
Heap after GC invocations=23 (full 5):
 PSYoungGen      total 745472K, used 83548K [0x000000076ab00000, 0x00000007a1c80000, 0x00000007c0000000)
  eden space 606720K, 0% used [0x000000076ab00000,0x000000076ab00000,0x000000078fb80000)
  from space 138752K, 60% used [0x0000000799500000,0x000000079e697290,0x00000007a1c80000)
  to   space 147968K, 0% used [0x000000078fb80000,0x000000078fb80000,0x0000000798c00000)
 ParOldGen       total 584704K, used 480375K [0x00000006c0000000, 0x00000006e3b00000, 0x000000076ab00000)
  object space 584704K, 82% used [0x00000006c0000000,0x00000006dd51de20,0x00000006e3b00000)
 Metaspace       used 6638K, capacity 7344K, committed 7552K, reserved 1056768K
  class space    used 598K, capacity 616K, committed 640K, reserved 1048576K
}
Event: 30.960 GC heap before
{Heap before GC invocations=24 (full 5):
 PSYoungGen      total 745472K, used 690268K [0x000000076ab00000, 0x00000007a1c80000, 0x00000007c0000000)
  eden space 606720K, 100% used [0x000000076ab00000,0x000000078fb80000,0x000000078fb80000)
  from space 138752K, 60% used [0x0000000799500000,0x000000079e697290,0x00000007a1c80000)
  to   space 147968K, 0% used [0x000000078fb80000,0x000000078fb80000,0x0000000798c00000)
 ParOldGen       total 584704K, used 480375K [0x00000006c0000000, 0x00000006e3b00000, 0x000000076ab00000)
  object space 584704K, 82% used [0x00000006c0000000,0x00000006dd51de20,0x00000006e3b00000)
 Metaspace       used 6643K, capacity 7344K, committed 7552K, reserved 1056768K
  class space    used 599K, capacity 616K, committed 640K, reserved 1048576K
Event: 31.216 GC heap after
Heap after GC invocations=24 (full 5):
 PSYoungGen      total 754688K, used 147962K [0x000000076ab00000, 0x00000007aa000000, 0x00000007c0000000)
  eden space 606720K, 0% used [0x000000076ab00000,0x000000076ab00000,0x000000078fb80000)
  from space 147968K, 99% used [0x000000078fb80000,0x0000000798bfead8,0x0000000798c00000)
  to   space 181760K, 0% used [0x000000079ee80000,0x000000079ee80000,0x00000007aa000000)
 ParOldGen       total 584704K, used 505597K [0x00000006c0000000, 0x00000006e3b00000, 0x000000076ab00000)
  object space 584704K, 86% used [0x00000006c0000000,0x00000006dedbf748,0x00000006e3b00000)
 Metaspace       used 6643K, capacity 7344K, committed 7552K, reserved 1056768K
  class space    used 599K, capacity 616K, committed 640K, reserved 1048576K
}
Event: 33.028 GC heap before
{Heap before GC invocations=25 (full 5):
 PSYoungGen      total 754688K, used 754682K [0x000000076ab00000, 0x00000007aa000000, 0x00000007c0000000)
  eden space 606720K, 100% used [0x000000076ab00000,0x000000078fb80000,0x000000078fb80000)
  from space 147968K, 99% used [0x000000078fb80000,0x0000000798bfead8,0x0000000798c00000)
  to   space 181760K, 0% used [0x000000079ee80000,0x000000079ee80000,0x00000007aa000000)
 ParOldGen       total 584704K, used 505597K [0x00000006c0000000, 0x00000006e3b00000, 0x000000076ab00000)
  object space 584704K, 86% used [0x00000006c0000000,0x00000006dedbf748,0x00000006e3b00000)
 Metaspace       used 6645K, capacity 7344K, committed 7552K, reserved 1056768K
  class space    used 599K, capacity 616K, committed 640K, reserved 1048576K
Event: 33.409 GC heap after
Heap after GC invocations=25 (full 5):
 PSYoungGen      total 859648K, used 86898K [0x000000076ab00000, 0x00000007a9f80000, 0x00000007c0000000)
  eden space 678400K, 0% used [0x000000076ab00000,0x000000076ab00000,0x0000000794180000)
  from space 181248K, 47% used [0x000000079ee80000,0x00000007a435ca28,0x00000007a9f80000)
  to   space 177152K, 0% used [0x0000000794180000,0x0000000794180000,0x000000079ee80000)
 ParOldGen       total 653824K, used 653768K [0x00000006c0000000, 0x00000006e7e80000, 0x000000076ab00000)
  object space 653824K, 99% used [0x00000006c0000000,0x00000006e7e722c0,0x00000006e7e80000)
 Metaspace       used 6645K, capacity 7344K, committed 7552K, reserved 1056768K
  class space    used 599K, capacity 616K, committed 640K, reserved 1048576K
}
Event: 33.409 GC heap before
{Heap before GC invocations=26 (full 6):
 PSYoungGen      total 859648K, used 86898K [0x000000076ab00000, 0x00000007a9f80000, 0x00000007c0000000)
  eden space 678400K, 0% used [0x000000076ab00000,0x000000076ab00000,0x0000000794180000)
  from space 181248K, 47% used [0x000000079ee80000,0x00000007a435ca28,0x00000007a9f80000)
  to   space 177152K, 0% used [0x0000000794180000,0x0000000794180000,0x000000079ee80000)
 ParOldGen       total 653824K, used 653768K [0x00000006c0000000, 0x00000006e7e80000, 0x000000076ab00000)
  object space 653824K, 99% used [0x00000006c0000000,0x00000006e7e722c0,0x00000006e7e80000)
 Metaspace       used 6645K, capacity 7344K, committed 7552K, reserved 1056768K
  class space    used 599K, capacity 616K, committed 640K, reserved 1048576K

Deoptimization events (10 events):
Event: 29.620 Thread 0x00007fc25418a800 Uncommon trap: reason=null_check action=make_not_entrant pc=0x00007fc245cc12cc method=com.android.dx.dex.file.MethodIdsSection.intern(Lcom/android/dx/rop/cst/CstBaseMethodRef;)Lcom/android/dx/dex/file/MethodIdItem; @ 26
Event: 29.674 Thread 0x00007fc254187800 Uncommon trap: reason=null_check action=make_not_entrant pc=0x00007fc2454e47ec method=com.android.dx.dex.file.MethodIdsSection.intern(Lcom/android/dx/rop/cst/CstBaseMethodRef;)Lcom/android/dx/dex/file/MethodIdItem; @ 26
Event: 30.271 Thread 0x00007fc25417a000 Uncommon trap: reason=unstable_if action=reinterpret pc=0x00007fc245396c00 method=java.util.HashMap$TreeNode.find(ILjava/lang/Object;Ljava/lang/Class;)Ljava/util/HashMap$TreeNode; @ 102
Event: 30.356 Thread 0x00007fc254189800 Uncommon trap: reason=null_check action=make_not_entrant pc=0x00007fc245cf5a5c method=com.android.dx.dex.file.FieldIdsSection.intern(Lcom/android/dx/rop/cst/CstFieldRef;)Lcom/android/dx/dex/file/FieldIdItem; @ 26
Event: 30.512 Thread 0x00007fc254189800 Uncommon trap: reason=unstable_if action=reinterpret pc=0x00007fc245b6e4b4 method=com.android.dx.cf.code.Merger.isPossiblyAssignableFrom(Lcom/android/dx/rop/type/TypeBearer;Lcom/android/dx/rop/type/TypeBearer;)Z @ 131
Event: 30.858 Thread 0x00007fc254187800 Uncommon trap: reason=unstable_if action=reinterpret pc=0x00007fc24567288c method=com.android.dx.ssa.back.SsaToRop.convertBasicBlock(Lcom/android/dx/ssa/SsaBasicBlock;)Lcom/android/dx/rop/code/BasicBlock; @ 21
Event: 31.423 Thread 0x00007fc254187800 Uncommon trap: reason=unstable_if action=reinterpret pc=0x00007fc245388488 method=com.android.dx.cf.code.LocalVariableList$Item.matchesPcAndIndex(II)Z @ 13
Event: 31.938 Thread 0x00007fc254187800 Uncommon trap: reason=unstable_if action=reinterpret pc=0x00007fc2457ea094 method=com.android.dx.ssa.SetFactory.makeDomFrontSet(I)Lcom/android/dx/util/IntSet; @ 4
Event: 31.941 Thread 0x00007fc254187800 Uncommon trap: reason=class_check action=maybe_recompile pc=0x00007fc245916cc8 method=com.android.dx.ssa.SsaConverter.placePhiFunctions(Lcom/android/dx/ssa/SsaMethod;Lcom/android/dx/ssa/LocalVariableInfo;I)V @ 257
Event: 32.275 Thread 0x00007fc25417a000 Uncommon trap: reason=null_check action=make_not_entrant pc=0x00007fc245666204 method=com.android.dx.dex.file.StringIdsSection.intern(Lcom/android/dx/dex/file/StringIdItem;)Lcom/android/dx/dex/file/StringIdItem; @ 31

Classes redefined (0 events):
No events

Internal exceptions (9 events):
Event: 4.087 Thread 0x00007fc25400e800 Exception <a 'java/lang/NoSuchMethodError': Method sun.misc.Unsafe.defineClass(Ljava/lang/String;[BII)Ljava/lang/Class; name or signature does not match> (0x000000076ab07cb0) thrown at [/usr/local/google/buildbot/src/googleplex-android/openjdk/out/hotspot
Event: 4.087 Thread 0x00007fc25400e800 Exception <a 'java/lang/NoSuchMethodError': Method sun.misc.Unsafe.prefetchRead(Ljava/lang/Object;J)V name or signature does not match> (0x000000076ab07f98) thrown at [/usr/local/google/buildbot/src/googleplex-android/openjdk/out/hotspot/src/share/vm/prim
Event: 5.189 Thread 0x00007fc254187800 Implicit null exception at 0x00007fc245287578 to 0x00007fc2452899b9
Event: 5.524 Thread 0x00007fc254189800 Implicit null exception at 0x00007fc2452d1b2e to 0x00007fc2452d41dd
Event: 5.534 Thread 0x00007fc254187800 Exception <a 'java/lang/ArrayIndexOutOfBoundsException': 18> (0x000000076ae02330) thrown at [/usr/local/google/buildbot/src/googleplex-android/openjdk/out/hotspot/src/share/vm/interpreter/interpreterRuntime.cpp, line 368]
Event: 5.535 Thread 0x00007fc254187800 Exception <a 'java/lang/ArrayIndexOutOfBoundsException': 145> (0x000000076ae03eb0) thrown at [/usr/local/google/buildbot/src/googleplex-android/openjdk/out/hotspot/src/share/vm/interpreter/interpreterRuntime.cpp, line 368]
Event: 5.536 Thread 0x00007fc254187800 Exception <a 'java/lang/ArrayIndexOutOfBoundsException': 40> (0x000000076ae05198) thrown at [/usr/local/google/buildbot/src/googleplex-android/openjdk/out/hotspot/src/share/vm/interpreter/interpreterRuntime.cpp, line 368]
Event: 24.306 Thread 0x00007fc25417a000 Implicit null exception at 0x00007fc2459b50eb to 0x00007fc2459bbfad
Event: 24.306 Thread 0x00007fc25417a000 Implicit null exception at 0x00007fc24594583a to 0x00007fc24594bb6d

Events (10 events):
Event: 32.946 Thread 0x00007fc25417a000 DEOPT UNPACKING pc=0x00007fc2450474c4 sp=0x00007fc21f62eea0 mode 0
Event: 32.978 Thread 0x00007fc254187800 DEOPT PACKING pc=0x00007fc245207819 sp=0x00007fc21f42d110
Event: 32.978 Thread 0x00007fc254187800 DEOPT UNPACKING pc=0x00007fc2450474c4 sp=0x00007fc21f42cf60 mode 0
Event: 32.986 Thread 0x00007fc25400e800 DEOPT PACKING pc=0x00007fc2455067e6 sp=0x00007fc25d6f1750
Event: 32.986 Thread 0x00007fc25400e800 DEOPT UNPACKING pc=0x00007fc2450474c4 sp=0x00007fc25d6f1570 mode 0
Event: 32.997 Thread 0x00007fc25417a000 DEOPT PACKING pc=0x00007fc245207802 sp=0x00007fc21f62f110
Event: 32.997 Thread 0x00007fc25417a000 DEOPT UNPACKING pc=0x00007fc2450474c4 sp=0x00007fc21f62ef60 mode 0
Event: 33.023 Thread 0x00007fc25417a000 DEOPT PACKING pc=0x00007fc2455067e6 sp=0x00007fc21f62efd0
Event: 33.023 Thread 0x00007fc25417a000 DEOPT UNPACKING pc=0x00007fc2450474c4 sp=0x00007fc21f62edf0 mode 0
Event: 33.027 Executing VM operation: ParallelGCFailedAllocation


Dynamic libraries:
00400000-00401000 r-xp 00000000 08:01 7352713                            /home/niroop/Documents/android-studio/jre/bin/java
00401000-00402000 rw-p 00000000 08:01 7352713                            /home/niroop/Documents/android-studio/jre/bin/java
01141000-01162000 rw-p 00000000 00:00 0                                  [heap]
6c0000000-6e7e80000 rw-p 00000000 00:00 0 
6f7780000-76ab00000 ---p 00000000 00:00 0 
76ab00000-7a9f80000 rw-p 00000000 00:00 0 
7a9f80000-7c0000000 ---p 00000000 00:00 0 
7c0000000-7c00a0000 rw-p 00000000 00:00 0 
7c00a0000-800000000 ---p 00000000 00:00 0 
7fc1f0000000-7fc1f004d000 rw-p 00000000 00:00 0 
7fc1f004d000-7fc1f4000000 ---p 00000000 00:00 0 
7fc1f4000000-7fc1f4063000 rw-p 00000000 00:00 0 
7fc1f4063000-7fc1f8000000 ---p 00000000 00:00 0 
7fc1f8000000-7fc1f8021000 rw-p 00000000 00:00 0 
7fc1f8021000-7fc1fc000000 ---p 00000000 00:00 0 
7fc1fc000000-7fc1fc03d000 rw-p 00000000 00:00 0 
7fc1fc03d000-7fc200000000 ---p 00000000 00:00 0 
7fc200000000-7fc200021000 rw-p 00000000 00:00 0 
7fc200021000-7fc204000000 ---p 00000000 00:00 0 
7fc204000000-7fc204059000 rw-p 00000000 00:00 0 
7fc204059000-7fc208000000 ---p 00000000 00:00 0 
7fc208000000-7fc208c74000 rw-p 00000000 00:00 0 
7fc208c74000-7fc20c000000 ---p 00000000 00:00 0 
7fc20c000000-7fc20c021000 rw-p 00000000 00:00 0 
7fc20c021000-7fc210000000 ---p 00000000 00:00 0 
7fc210000000-7fc211711000 rw-p 00000000 00:00 0 
7fc211711000-7fc214000000 ---p 00000000 00:00 0 
7fc214000000-7fc215539000 rw-p 00000000 00:00 0 
7fc215539000-7fc218000000 ---p 00000000 00:00 0 
7fc218000000-7fc218021000 rw-p 00000000 00:00 0 
7fc218021000-7fc21c000000 ---p 00000000 00:00 0 
7fc21f12c000-7fc21f12f000 ---p 00000000 00:00 0 
7fc21f12f000-7fc21f22d000 rw-p 00000000 00:00 0 
7fc21f22d000-7fc21f230000 ---p 00000000 00:00 0 
7fc21f230000-7fc21f32e000 rw-p 00000000 00:00 0 
7fc21f32e000-7fc21f331000 ---p 00000000 00:00 0 
7fc21f331000-7fc21f42f000 rw-p 00000000 00:00 0 
7fc21f42f000-7fc21f432000 ---p 00000000 00:00 0 
7fc21f432000-7fc21f530000 rw-p 00000000 00:00 0 
7fc21f530000-7fc21f533000 ---p 00000000 00:00 0 
7fc21f533000-7fc21f631000 rw-p 00000000 00:00 0 
7fc21f631000-7fc220000000 r--p 00000000 08:01 6036074                    /usr/lib/locale/locale-archive
7fc220000000-7fc220021000 rw-p 00000000 00:00 0 
7fc220021000-7fc224000000 ---p 00000000 00:00 0 
7fc224000000-7fc224021000 rw-p 00000000 00:00 0 
7fc224021000-7fc228000000 ---p 00000000 00:00 0 
7fc228000000-7fc228021000 rw-p 00000000 00:00 0 
7fc228021000-7fc22c000000 ---p 00000000 00:00 0 
7fc22c000000-7fc22c2ec000 rw-p 00000000 00:00 0 
7fc22c2ec000-7fc230000000 ---p 00000000 00:00 0 
7fc230000000-7fc238000000 rw-p 00000000 00:00 0 
7fc238000000-7fc238021000 rw-p 00000000 00:00 0 
7fc238021000-7fc23c000000 ---p 00000000 00:00 0 
7fc23c000000-7fc23c021000 rw-p 00000000 00:00 0 
7fc23c021000-7fc240000000 ---p 00000000 00:00 0 
7fc240000000-7fc240021000 rw-p 00000000 00:00 0 
7fc240021000-7fc244000000 ---p 00000000 00:00 0 
7fc2440da000-7fc2440f1000 r--s 00104000 08:01 12611209                   /home/niroop/.gradle/caches/modules-2/files-2.1/cz.msebera.android/httpclient/4.4.1.1/c8d96f6fd2bcc179c312da33ee670a71188cc60d/httpclient-4.4.1.1.jar
7fc2440f1000-7fc2440f2000 ---p 00000000 00:00 0 
7fc2440f2000-7fc2441f2000 rw-p 00000000 00:00 0 
7fc2441f2000-7fc2441f5000 ---p 00000000 00:00 0 
7fc2441f5000-7fc2442f3000 rw-p 00000000 00:00 0 
7fc2442f3000-7fc2442f4000 ---p 00000000 00:00 0 
7fc2442f4000-7fc2442f7000 ---p 00000000 00:00 0 
7fc2442f7000-7fc2443f4000 rw-p 00000000 00:00 0 
7fc2443f4000-7fc2443f5000 ---p 00000000 00:00 0 
7fc2443f5000-7fc2443f8000 ---p 00000000 00:00 0 
7fc2443f8000-7fc2444f5000 rw-p 00000000 00:00 0 
7fc2444f5000-7fc2444f6000 ---p 00000000 00:00 0 
7fc2444f6000-7fc2444f9000 ---p 00000000 00:00 0 
7fc2444f9000-7fc2445f6000 rw-p 00000000 00:00 0 
7fc2445f6000-7fc2445f9000 ---p 00000000 00:00 0 
7fc2445f9000-7fc2446f7000 rw-p 00000000 00:00 0 
7fc2446f7000-7fc2446fa000 ---p 00000000 00:00 0 
7fc2446fa000-7fc2447f8000 rw-p 00000000 00:00 0 
7fc2447f8000-7fc2447fb000 ---p 00000000 00:00 0 
7fc2447fb000-7fc2448f9000 rw-p 00000000 00:00 0 
7fc2448f9000-7fc2448fa000 ---p 00000000 00:00 0 
7fc2448fa000-7fc245000000 rw-p 00000000 00:00 0 
7fc245000000-7fc245d40000 rwxp 00000000 00:00 0 
7fc245d40000-7fc254000000 ---p 00000000 00:00 0 
7fc254000000-7fc254402000 rw-p 00000000 00:00 0 
7fc254402000-7fc258000000 ---p 00000000 00:00 0 
7fc258006000-7fc258015000 r--s 000e4000 08:01 11851761                   /home/niroop/Android/Sdk/build-tools/26.0.0/lib/dx.jar
7fc258015000-7fc258a11000 rw-p 00000000 00:00 0 
7fc258a11000-7fc258be3000 r--s 03cad000 08:01 7352843                    /home/niroop/Documents/android-studio/jre/jre/lib/rt.jar
7fc258be3000-7fc259374000 rw-p 00000000 00:00 0 
7fc259374000-7fc2594b4000 ---p 00000000 00:00 0 
7fc2594b4000-7fc259cb4000 rw-p 00000000 00:00 0 
7fc259cb4000-7fc259cb5000 ---p 00000000 00:00 0 
7fc259cb5000-7fc259db5000 rw-p 00000000 00:00 0 
7fc259db5000-7fc259db6000 ---p 00000000 00:00 0 
7fc259db6000-7fc259eb6000 rw-p 00000000 00:00 0 
7fc259eb6000-7fc259eb7000 ---p 00000000 00:00 0 
7fc259eb7000-7fc259fb7000 rw-p 00000000 00:00 0 
7fc259fb7000-7fc259fb8000 ---p 00000000 00:00 0 
7fc259fb8000-7fc25a1f8000 rw-p 00000000 00:00 0 
7fc25a1f8000-7fc25a60e000 ---p 00000000 00:00 0 
7fc25a60e000-7fc25a74e000 rw-p 00000000 00:00 0 
7fc25a74e000-7fc25ab63000 ---p 00000000 00:00 0 
7fc25ab63000-7fc25ad5e000 rw-p 00000000 00:00 0 
7fc25ad5e000-7fc25ae0e000 ---p 00000000 00:00 0 
7fc25ae0e000-7fc25ae44000 rw-p 00000000 00:00 0 
7fc25ae44000-7fc25b1cf000 ---p 00000000 00:00 0 
7fc25b1cf000-7fc25b1da000 r-xp 00000000 08:01 1840165                    /lib/x86_64-linux-gnu/libnss_files-2.27.so
7fc25b1da000-7fc25b3d9000 ---p 0000b000 08:01 1840165                    /lib/x86_64-linux-gnu/libnss_files-2.27.so
7fc25b3d9000-7fc25b3da000 r--p 0000a000 08:01 1840165                    /lib/x86_64-linux-gnu/libnss_files-2.27.so
7fc25b3da000-7fc25b3db000 rw-p 0000b000 08:01 1840165                    /lib/x86_64-linux-gnu/libnss_files-2.27.so
7fc25b3db000-7fc25b3e1000 rw-p 00000000 00:00 0 
7fc25b3e1000-7fc25b3f8000 r-xp 00000000 08:01 1840159                    /lib/x86_64-linux-gnu/libnsl-2.27.so
7fc25b3f8000-7fc25b5f7000 ---p 00017000 08:01 1840159                    /lib/x86_64-linux-gnu/libnsl-2.27.so
7fc25b5f7000-7fc25b5f8000 r--p 00016000 08:01 1840159                    /lib/x86_64-linux-gnu/libnsl-2.27.so
7fc25b5f8000-7fc25b5f9000 rw-p 00017000 08:01 1840159                    /lib/x86_64-linux-gnu/libnsl-2.27.so
7fc25b5f9000-7fc25b5fb000 rw-p 00000000 00:00 0 
7fc25b5fb000-7fc25b606000 r-xp 00000000 08:01 1840176                    /lib/x86_64-linux-gnu/libnss_nis-2.27.so
7fc25b606000-7fc25b805000 ---p 0000b000 08:01 1840176                    /lib/x86_64-linux-gnu/libnss_nis-2.27.so
7fc25b805000-7fc25b806000 r--p 0000a000 08:01 1840176                    /lib/x86_64-linux-gnu/libnss_nis-2.27.so
7fc25b806000-7fc25b807000 rw-p 0000b000 08:01 1840176                    /lib/x86_64-linux-gnu/libnss_nis-2.27.so
7fc25b807000-7fc25b80f000 r-xp 00000000 08:01 1840161                    /lib/x86_64-linux-gnu/libnss_compat-2.27.so
7fc25b80f000-7fc25ba0f000 ---p 00008000 08:01 1840161                    /lib/x86_64-linux-gnu/libnss_compat-2.27.so
7fc25ba0f000-7fc25ba10000 r--p 00008000 08:01 1840161                    /lib/x86_64-linux-gnu/libnss_compat-2.27.so
7fc25ba10000-7fc25ba11000 rw-p 00009000 08:01 1840161                    /lib/x86_64-linux-gnu/libnss_compat-2.27.so
7fc25ba11000-7fc25ba18000 r-xp 00000000 08:01 1840216                    /lib/x86_64-linux-gnu/librt-2.27.so
7fc25ba18000-7fc25bc17000 ---p 00007000 08:01 1840216                    /lib/x86_64-linux-gnu/librt-2.27.so
7fc25bc17000-7fc25bc18000 r--p 00006000 08:01 1840216                    /lib/x86_64-linux-gnu/librt-2.27.so
7fc25bc18000-7fc25bc19000 rw-p 00007000 08:01 1840216                    /lib/x86_64-linux-gnu/librt-2.27.so
7fc25bc19000-7fc25bdb6000 r-xp 00000000 08:01 1840138                    /lib/x86_64-linux-gnu/libm-2.27.so
7fc25bdb6000-7fc25bfb5000 ---p 0019d000 08:01 1840138                    /lib/x86_64-linux-gnu/libm-2.27.so
7fc25bfb5000-7fc25bfb6000 r--p 0019c000 08:01 1840138                    /lib/x86_64-linux-gnu/libm-2.27.so
7fc25bfb6000-7fc25bfb7000 rw-p 0019d000 08:01 1840138                    /lib/x86_64-linux-gnu/libm-2.27.so
7fc25bfb7000-7fc25cbdd000 r-xp 00000000 08:01 7352820                    /home/niroop/Documents/android-studio/jre/jre/lib/amd64/server/libjvm.so
7fc25cbdd000-7fc25ccad000 rw-p 00c26000 08:01 7352820                    /home/niroop/Documents/android-studio/jre/jre/lib/amd64/server/libjvm.so
7fc25ccad000-7fc25ccf1000 rw-p 00000000 00:00 0 
7fc25ccf1000-7fc25ced8000 r-xp 00000000 08:01 1840075                    /lib/x86_64-linux-gnu/libc-2.27.so
7fc25ced8000-7fc25d0d8000 ---p 001e7000 08:01 1840075                    /lib/x86_64-linux-gnu/libc-2.27.so
7fc25d0d8000-7fc25d0dc000 r--p 001e7000 08:01 1840075                    /lib/x86_64-linux-gnu/libc-2.27.so
7fc25d0dc000-7fc25d0de000 rw-p 001eb000 08:01 1840075                    /lib/x86_64-linux-gnu/libc-2.27.so
7fc25d0de000-7fc25d0e2000 rw-p 00000000 00:00 0 
7fc25d0e2000-7fc25d0e5000 r-xp 00000000 08:01 1840098                    /lib/x86_64-linux-gnu/libdl-2.27.so
7fc25d0e5000-7fc25d2e4000 ---p 00003000 08:01 1840098                    /lib/x86_64-linux-gnu/libdl-2.27.so
7fc25d2e4000-7fc25d2e5000 r--p 00002000 08:01 1840098                    /lib/x86_64-linux-gnu/libdl-2.27.so
7fc25d2e5000-7fc25d2e6000 rw-p 00003000 08:01 1840098                    /lib/x86_64-linux-gnu/libdl-2.27.so
7fc25d2e6000-7fc25d300000 r-xp 00000000 08:01 1840208                    /lib/x86_64-linux-gnu/libpthread-2.27.so
7fc25d300000-7fc25d4ff000 ---p 0001a000 08:01 1840208                    /lib/x86_64-linux-gnu/libpthread-2.27.so
7fc25d4ff000-7fc25d500000 r--p 00019000 08:01 1840208                    /lib/x86_64-linux-gnu/libpthread-2.27.so
7fc25d500000-7fc25d501000 rw-p 0001a000 08:01 1840208                    /lib/x86_64-linux-gnu/libpthread-2.27.so
7fc25d501000-7fc25d505000 rw-p 00000000 00:00 0 
7fc25d505000-7fc25d52c000 r-xp 00000000 08:01 1840047                    /lib/x86_64-linux-gnu/ld-2.27.so
7fc25d533000-7fc25d5ab000 rw-p 00000000 00:00 0 
7fc25d5ab000-7fc25d5c6000 r-xp 00000000 08:01 7352802                    /home/niroop/Documents/android-studio/jre/jre/lib/amd64/libzip.so
7fc25d5c6000-7fc25d5c7000 rw-p 0001a000 08:01 7352802                    /home/niroop/Documents/android-studio/jre/jre/lib/amd64/libzip.so
7fc25d5c7000-7fc25d5f1000 r-xp 00000000 08:01 7352810                    /home/niroop/Documents/android-studio/jre/jre/lib/amd64/libjava.so
7fc25d5f1000-7fc25d5f3000 rw-p 0002a000 08:01 7352810                    /home/niroop/Documents/android-studio/jre/jre/lib/amd64/libjava.so
7fc25d5f3000-7fc25d5f4000 ---p 00000000 00:00 0 
7fc25d5f4000-7fc25d5f7000 ---p 00000000 00:00 0 
7fc25d5f7000-7fc25d6f6000 rw-p 00000000 00:00 0 
7fc25d6f6000-7fc25d70c000 r-xp 00000000 08:01 7352701                    /home/niroop/Documents/android-studio/jre/lib/amd64/jli/libjli.so
7fc25d70c000-7fc25d70d000 rw-p 00015000 08:01 7352701                    /home/niroop/Documents/android-studio/jre/lib/amd64/jli/libjli.so
7fc25d70d000-7fc25d70f000 rw-p 00000000 00:00 0 
7fc25d713000-7fc25d71b000 rw-s 00000000 08:01 12583644                   /tmp/hsperfdata_niroop/14535
7fc25d71b000-7fc25d71c000 rw-p 00000000 00:00 0 
7fc25d71c000-7fc25d71d000 ---p 00000000 00:00 0 
7fc25d71d000-7fc25d72a000 r-xp 00000000 08:01 7352798                    /home/niroop/Documents/android-studio/jre/jre/lib/amd64/libverify.so
7fc25d72a000-7fc25d72c000 rw-p 0000c000 08:01 7352798                    /home/niroop/Documents/android-studio/jre/jre/lib/amd64/libverify.so
7fc25d72c000-7fc25d72d000 r--p 00027000 08:01 1840047                    /lib/x86_64-linux-gnu/ld-2.27.so
7fc25d72d000-7fc25d72e000 rw-p 00028000 08:01 1840047                    /lib/x86_64-linux-gnu/ld-2.27.so
7fc25d72e000-7fc25d72f000 rw-p 00000000 00:00 0 
7fffe78f4000-7fffe7916000 rw-p 00000000 00:00 0                          [stack]
7fffe79ba000-7fffe79bd000 r--p 00000000 00:00 0                          [vvar]
7fffe79bd000-7fffe79be000 r-xp 00000000 00:00 0                          [vdso]
ffffffffff600000-ffffffffff601000 r-xp 00000000 00:00 0                  [vsyscall]

VM Arguments:
jvm_args: -Djava.awt.headless=true -Xmx4g -Dfile.encoding=UTF-8 -Duser.country=IN -Duser.language=en -Duser.variant 
java_command: com.android.dx.command.Main --dex --num-threads=4 --multi-dex --output /media/niroop/External HDD/AndroidStudioProjects/User App/app/build/intermediates/transforms/dex/debug/folders/1000/1f/main /home/niroop/.gradle/caches/modules-2/files-2.1/com.twitter/twitter-text/1.13.0/78415b95ae3184c5926d593feab64bfc0b73b2dd/twitter-text-1.13.0.jar /home/niroop/.android/build-cache/344e0ae5b96a066c340cbb65de62b9926cdefc58/output/jars/classes.jar /home/niroop/.android/build-cache/708519143cb1ca08075ced6ae13de74ca64bf15f/output/jars/classes.jar /home/niroop/.gradle/caches/modules-2/files-2.1/com.squareup.okhttp3/okhttp-ws/3.0.1/bd9b51a0188fc8f14bf840a0d326755545206116/okhttp-ws-3.0.1.jar /home/niroop/.android/build-cache/9b622f381cb7bb5838d987a04cc0137936991cc2/output/jars/classes.jar /home/niroop/.android/build-cache/5b51a3324933b67d5359e9286d32d4d1e7e614f2/output/jars/classes.jar /home/niroop/.android/build-cache/12d56c18a42d1f05b9ac1647b156441e2a4dbff5/output/jars/classes.jar /home/niroop/.android/build-cache/0add6791efe6dec7f33222700afd520c9a82813b/output/jars/classes.jar /media/niroop/External HDD/AndroidStudioProjects/User App/stripe/build/intermediates/bundles/default/classes.jar /home/niroop/.android/build-cache/26d5ae123ee9172a01bd32d1a79379bec37b7d2d/output/jars/classes.jar /home/niroop/.gradle/caches/modules-2/files-2.1/com.google.code.gson/gson/2.3/5fc52c41ef0239d1093a1eb7c3697036183677ce/gson-2.3.jar /home/niroop/.gradle/caches/modules-2/files-2.1/cz.msebera.android/httpclient/4.4.1.1/c8d96f6fd2bcc179c312da33ee670a71188cc60d/httpclient-4.4.1.1.jar /home/niroop/.android/build-cache/66327af80aa184671fc17553104e2db35ef7a9b3/output/jars/classes.jar /home/niroop/.android/build-cache/b257c5c0db47bbccb6143d3aada52dde313d9b0e/output/jars/classes.jar /home/niroop/.android/build-cache/3bccaacd42e5be60ac7fed01bcd491f7523ce2f1/output/jars/classes.jar /home/niroop/.android/build-cache/64700c7b9fdf25534d3d17e45870aa364dcf0d2b/output/jars/classes.jar /home/niroop/.
java_class_path (initial): /home/niroop/Android/Sdk/build-tools/26.0.0/lib/dx.jar
Launcher Type: SUN_STANDARD

Environment Variables:
PATH=/usr/local/sbin:/usr/local/bin:/usr/sbin:/usr/bin:/sbin:/bin:/usr/games:/usr/local/games:/snap/bin:/usr/lib/dart/bin
USERNAME=niroop
SHELL=/bin/bash
DISPLAY=:0

Signal Handlers:
SIGSEGV: [libjvm.so+0xa09650], sa_mask[0]=11111111011111111101111111111110, sa_flags=SA_RESTART|SA_SIGINFO
SIGBUS: [libjvm.so+0xa09650], sa_mask[0]=11111111011111111101111111111110, sa_flags=SA_RESTART|SA_SIGINFO
SIGFPE: [libjvm.so+0x86bc60], sa_mask[0]=11111111011111111101111111111110, sa_flags=SA_RESTART|SA_SIGINFO
SIGPIPE: [libjvm.so+0x86bc60], sa_mask[0]=11111111011111111101111111111110, sa_flags=SA_RESTART|SA_SIGINFO
SIGXFSZ: [libjvm.so+0x86bc60], sa_mask[0]=11111111011111111101111111111110, sa_flags=SA_RESTART|SA_SIGINFO
SIGILL: [libjvm.so+0x86bc60], sa_mask[0]=11111111011111111101111111111110, sa_flags=SA_RESTART|SA_SIGINFO
SIGUSR1: SIG_DFL, sa_mask[0]=00000000000000000000000000000000, sa_flags=none
SIGUSR2: [libjvm.so+0x86bb30], sa_mask[0]=00100000000000000000000000000000, sa_flags=SA_RESTART|SA_SIGINFO
SIGHUP: [libjvm.so+0x86bd20], sa_mask[0]=11111111011111111101111111111110, sa_flags=SA_RESTART|SA_SIGINFO
SIGINT: [libjvm.so+0x86bd20], sa_mask[0]=11111111011111111101111111111110, sa_flags=SA_RESTART|SA_SIGINFO
SIGTERM: [libjvm.so+0x86bd20], sa_mask[0]=11111111011111111101111111111110, sa_flags=SA_RESTART|SA_SIGINFO
SIGQUIT: [libjvm.so+0x86bd20], sa_mask[0]=11111111011111111101111111111110, sa_flags=SA_RESTART|SA_SIGINFO


---------------  S Y S T E M  ---------------

OS:DISTRIB_ID=Ubuntu
DISTRIB_RELEASE=18.04
DISTRIB_CODENAME=bionic
DISTRIB_DESCRIPTION="Ubuntu 18.04.3 LTS"

uname:Linux 5.0.0-37-generic #40~18.04.1-Ubuntu SMP Thu Nov 14 12:06:39 UTC 2019 x86_64
libc:glibc 2.27 NPTL 2.27 
rlimit: STACK 8192k, CORE 0k, NPROC 23162, NOFILE 1048576, AS infinity
load average:8.26 4.89 2.97

/proc/meminfo:
MemTotal:        5979864 kB
MemFree:          130192 kB
MemAvailable:      48416 kB
Buffers:            1780 kB
Cached:           101028 kB
SwapCached:        14964 kB
Active:          4764020 kB
Inactive:         725368 kB
Active(anon):    4753828 kB
Inactive(anon):   714396 kB
Active(file):      10192 kB
Inactive(file):    10972 kB
Unevictable:         808 kB
Mlocked:              48 kB
SwapTotal:       2097148 kB
SwapFree:              0 kB
Dirty:                44 kB
Writeback:             0 kB
AnonPages:       5374068 kB
Mapped:            38944 kB
Shmem:             81416 kB
KReclaimable:      76812 kB
Slab:             146784 kB
SReclaimable:      76812 kB
SUnreclaim:        69972 kB
KernelStack:       19440 kB
PageTables:        87844 kB
NFS_Unstable:          0 kB
Bounce:                0 kB
WritebackTmp:          0 kB
CommitLimit:     5087080 kB
Committed_AS:   16552388 kB
VmallocTotal:   34359738367 kB
VmallocUsed:           0 kB
VmallocChunk:          0 kB
Percpu:             2528 kB
HardwareCorrupted:     0 kB
AnonHugePages:         0 kB
ShmemHugePages:        0 kB
ShmemPmdMapped:        0 kB
CmaTotal:              0 kB
CmaFree:               0 kB
HugePages_Total:       0
HugePages_Free:        0
HugePages_Rsvd:        0
HugePages_Surp:        0
Hugepagesize:       2048 kB
Hugetlb:               0 kB
DirectMap4k:      262424 kB
DirectMap2M:     5908480 kB

container (cgroup) information:
container_type: cgroupv1
cpu_cpuset_cpus: 0-3
cpu_memory_nodes: 0
active_processor_count: 4
cpu_quota: -1
cpu_period: 100000
cpu_shares: -1
memory_limit_in_bytes: -1
memory_and_swap_limit_in_bytes: -2
memory_soft_limit_in_bytes: -1
memory_usage_in_bytes: 5620670464
memory_max_usage_in_bytes: 33693696


CPU:total 4 (initial active 4) (2 cores per cpu, 2 threads per core) family 6 model 58 stepping 9, cmov, cx8, fxsr, mmx, sse, sse2, sse3, ssse3, sse4.1, sse4.2, popcnt, avx, aes, clmul, erms, ht, tsc, tscinvbit, tscinv

/proc/cpuinfo:
processor	: 0
vendor_id	: GenuineIntel
cpu family	: 6
model		: 58
model name	: Intel(R) Core(TM) i5-3337U CPU @ 1.80GHz
stepping	: 9
microcode	: 0x21
cpu MHz		: 2448.181
cache size	: 3072 KB
physical id	: 0
siblings	: 4
core id		: 0
cpu cores	: 2
apicid		: 0
initial apicid	: 0
fpu		: yes
fpu_exception	: yes
cpuid level	: 13
wp		: yes
flags		: fpu vme de pse tsc msr pae mce cx8 apic sep mtrr pge mca cmov pat pse36 clflush dts acpi mmx fxsr sse sse2 ss ht tm pbe syscall nx rdtscp lm constant_tsc arch_perfmon pebs bts rep_good nopl xtopology nonstop_tsc cpuid aperfmperf pni pclmulqdq dtes64 monitor ds_cpl vmx est tm2 ssse3 cx16 xtpr pdcm pcid sse4_1 sse4_2 x2apic popcnt tsc_deadline_timer aes xsave avx f16c rdrand lahf_lm cpuid_fault epb pti ssbd ibrs ibpb stibp tpr_shadow vnmi flexpriority ept vpid fsgsbase smep erms xsaveopt dtherm ida arat pln pts md_clear flush_l1d
bugs		: cpu_meltdown spectre_v1 spectre_v2 spec_store_bypass l1tf mds swapgs itlb_multihit
bogomips	: 3591.77
clflush size	: 64
cache_alignment	: 64
address sizes	: 36 bits physical, 48 bits virtual
power management:

processor	: 1
vendor_id	: GenuineIntel
cpu family	: 6
model		: 58
model name	: Intel(R) Core(TM) i5-3337U CPU @ 1.80GHz
stepping	: 9
microcode	: 0x21
cpu MHz		: 2447.924
cache size	: 3072 KB
physical id	: 0
siblings	: 4
core id		: 0
cpu cores	: 2
apicid		: 1
initial apicid	: 1
fpu		: yes
fpu_exception	: yes
cpuid level	: 13
wp		: yes
flags		: fpu vme de pse tsc msr pae mce cx8 apic sep mtrr pge mca cmov pat pse36 clflush dts acpi mmx fxsr sse sse2 ss ht tm pbe syscall nx rdtscp lm constant_tsc arch_perfmon pebs bts rep_good nopl xtopology nonstop_tsc cpuid aperfmperf pni pclmulqdq dtes64 monitor ds_cpl vmx est tm2 ssse3 cx16 xtpr pdcm pcid sse4_1 sse4_2 x2apic popcnt tsc_deadline_timer aes xsave avx f16c rdrand lahf_lm cpuid_fault epb pti ssbd ibrs ibpb stibp tpr_shadow vnmi flexpriority ept vpid fsgsbase smep erms xsaveopt dtherm ida arat pln pts md_clear flush_l1d
bugs		: cpu_meltdown spectre_v1 spectre_v2 spec_store_bypass l1tf mds swapgs itlb_multihit
bogomips	: 3591.77
clflush size	: 64
cache_alignment	: 64
address sizes	: 36 bits physical, 48 bits virtual
power management:

processor	: 2
vendor_id	: GenuineIntel
cpu family	: 6
model		: 58
model name	: Intel(R) Core(TM) i5-3337U CPU @ 1.80GHz
stepping	: 9
microcode	: 0x21
cpu MHz		: 2516.170
cache size	: 3072 KB
physical id	: 0
siblings	: 4
core id		: 1
cpu cores	: 2
apicid		: 2
initial apicid	: 2
fpu		: yes
fpu_exception	: yes
cpuid level	: 13
wp		: yes
flags		: fpu vme de pse tsc msr pae mce cx8 apic sep mtrr pge mca cmov pat pse36 clflush dts acpi mmx fxsr sse sse2 ss ht tm pbe syscall nx rdtscp lm constant_tsc arch_perfmon pebs bts rep_good nopl xtopology nonstop_tsc cpuid aperfmperf pni pclmulqdq dtes64 monitor ds_cpl vmx est tm2 ssse3 cx16 xtpr pdcm pcid sse4_1 sse4_2 x2apic popcnt tsc_deadline_timer aes xsave avx f16c rdrand lahf_lm cpuid_fault epb pti ssbd ibrs ibpb stibp tpr_shadow vnmi flexpriority ept vpid fsgsbase smep erms xsaveopt dtherm ida arat pln pts md_clear flush_l1d
bugs		: cpu_meltdown spectre_v1 spectre_v2 spec_store_bypass l1tf mds swapgs itlb_multihit
bogomips	: 3591.77
clflush size	: 64
cache_alignment	: 64
address sizes	: 36 bits physical, 48 bits virtual
power management:

processor	: 3
vendor_id	: GenuineIntel
cpu family	: 6
model		: 58
model name	: Intel(R) Core(TM) i5-3337U CPU @ 1.80GHz
stepping	: 9
microcode	: 0x21
cpu MHz		: 2457.960
cache size	: 3072 KB
physical id	: 0
siblings	: 4
core id		: 1
cpu cores	: 2
apicid		: 3
initial apicid	: 3
fpu		: yes
fpu_exception	: yes
cpuid level	: 13
wp		: yes
flags		: fpu vme de pse tsc msr pae mce cx8 apic sep mtrr pge mca cmov pat pse36 clflush dts acpi mmx fxsr sse sse2 ss ht tm pbe syscall nx rdtscp lm constant_tsc arch_perfmon pebs bts rep_good nopl xtopology nonstop_tsc cpuid aperfmperf pni pclmulqdq dtes64 monitor ds_cpl vmx est tm2 ssse3 cx16 xtpr pdcm pcid sse4_1 sse4_2 x2apic popcnt tsc_deadline_timer aes xsave avx f16c rdrand lahf_lm cpuid_fault epb pti ssbd ibrs ibpb stibp tpr_shadow vnmi flexpriority ept vpid fsgsbase smep erms xsaveopt dtherm ida arat pln pts md_clear flush_l1d
bugs		: cpu_meltdown spectre_v1 spectre_v2 spec_store_bypass l1tf mds swapgs itlb_multihit
bogomips	: 3591.77
clflush size	: 64
cache_alignment	: 64
address sizes	: 36 bits physical, 48 bits virtual
power management:



Memory: 4k page, physical 5979864k(128648k free), swap 2097148k(0k free)

vm_info: OpenJDK 64-Bit Server VM (25.202-b49-5587405) for linux-amd64 JRE (1.8.0_202-release-1483-b49-5587405), built by "android-build" with gcc 4.8

time: Fri Mar 13 17:38:06 2020
timezone: IST
elapsed time: 38 seconds (0d 0h 0m 38s)

