#
# There is insufficient memory for the Java Runtime Environment to continue.
# Native memory allocation (mmap) failed to map 254803968 bytes for committing reserved memory.
# Possible reasons:
#   The system is out of physical RAM or swap space
#   The process is running with CompressedOops enabled, and the Java Heap may be blocking the growth of the native heap
# Possible solutions:
#   Reduce memory load on the system
#   Increase physical memory or swap space
#   Check if swap backing store is full
#   Decrease Java heap size (-Xmx/-Xms)
#   Decrease number of Java threads
#   Decrease Java thread stack sizes (-Xss)
#   Set larger code cache with -XX:ReservedCodeCacheSize=
#   JVM is running with Zero Based Compressed Oops mode in which the Java heap is
#     placed in the first 32GB address space. The Java Heap base address is the
#     maximum limit for the native heap growth. Please use -XX:HeapBaseMinAddress
#     to set the Java Heap base and to place the Java Heap above 32GB virtual address.
# This output file may be truncated or incomplete.
#
#  Out of Memory Error (os_linux.cpp:2753), pid=18886, tid=0x00007fec179f9700
#
# JRE version: OpenJDK Runtime Environment (8.0_202) (build 1.8.0_202-release-1483-b49-5587405)
# Java VM: OpenJDK 64-Bit Server VM (25.202-b49-5587405 mixed mode linux-amd64 compressed oops)
# Failed to write core dump. Core dumps have been disabled. To enable core dumping, try "ulimit -c unlimited" before starting Java again
#

---------------  T H R E A D  ---------------

Current thread (0x00007fec2c07c800):  VMThread [stack: 0x00007fec178fa000,0x00007fec179fa000] [id=18896]

Stack: [0x00007fec178fa000,0x00007fec179fa000],  sp=0x00007fec179f8530,  free space=1017k
Native frames: (J=compiled Java code, j=interpreted, Vv=VM code, C=native code)
V  [libjvm.so+0xa08b78]  VMError::report_and_die()+0x148
V  [libjvm.so+0x4d412a]  report_vm_out_of_memory(char const*, int, unsigned long, VMErrorType, char const*)+0x8a
V  [libjvm.so+0x870478]  os::pd_commit_memory(char*, unsigned long, unsigned long, bool)+0xd8
V  [libjvm.so+0x867f9f]  os::commit_memory(char*, unsigned long, unsigned long, bool)+0x1f
V  [libjvm.so+0x8e14eb]  PSVirtualSpace::expand_by(unsigned long)+0x5b
V  [libjvm.so+0x8d234b]  PSOldGen::expand_by(unsigned long) [clone .part.109]+0x1b
V  [libjvm.so+0x8d250b]  PSOldGen::expand(unsigned long) [clone .part.111]+0xdb
V  [libjvm.so+0x8d2de8]  PSOldGen::resize(unsigned long)+0x188
V  [libjvm.so+0x8d83cc]  PSParallelCompact::invoke_no_policy(bool)+0x94c
V  [libjvm.so+0x8df48d]  PSScavenge::invoke()+0x17d
V  [libjvm.so+0x893763]  ParallelScavengeHeap::failed_mem_allocate(unsigned long)+0x63
V  [libjvm.so+0xa0a644]  VM_ParallelGCFailedAllocation::doit()+0x84
V  [libjvm.so+0xa0ea17]  VM_Operation::evaluate()+0x47
V  [libjvm.so+0xa0d498]  VMThread::evaluate_operation(VM_Operation*)+0x218
V  [libjvm.so+0xa0d8d1]  VMThread::loop()+0x1f1
V  [libjvm.so+0xa0dd02]  VMThread::run()+0x72
V  [libjvm.so+0x86d652]  java_start(Thread*)+0xf2

VM_Operation (0x00007fec1631bcd0): ParallelGCFailedAllocation, mode: safepoint, requested by thread 0x00007fec2c1ba800


---------------  P R O C E S S  ---------------

Java Threads: ( => current thread )
  0x00007fec2c1ba800 JavaThread "pool-2-thread-4" [_thread_blocked, id=18909, stack(0x00007fec1621d000,0x00007fec1631e000)]
  0x00007fec2c1b9800 JavaThread "pool-2-thread-3" [_thread_blocked, id=18908, stack(0x00007fec1631e000,0x00007fec1641f000)]
  0x00007fec2c1ad800 JavaThread "pool-2-thread-2" [_thread_blocked, id=18907, stack(0x00007fec1641f000,0x00007fec16520000)]
  0x00007fec2c1ab800 JavaThread "pool-3-thread-1" [_thread_blocked, id=18906, stack(0x00007fec16520000,0x00007fec16621000)]
  0x00007fec2c1aa000 JavaThread "pool-2-thread-1" [_thread_blocked, id=18905, stack(0x00007fec16621000,0x00007fec16722000)]
  0x00007fec2c0d6800 JavaThread "Service Thread" daemon [_thread_blocked, id=18903, stack(0x00007fec16823000,0x00007fec16924000)]
  0x00007fec2c0c1800 JavaThread "C1 CompilerThread2" daemon [_thread_blocked, id=18902, stack(0x00007fec16925000,0x00007fec16a25000)]
  0x00007fec2c0bf800 JavaThread "C2 CompilerThread1" daemon [_thread_blocked, id=18901, stack(0x00007fec16a26000,0x00007fec16b26000)]
  0x00007fec2c0bc800 JavaThread "C2 CompilerThread0" daemon [_thread_blocked, id=18900, stack(0x00007fec16b27000,0x00007fec16c27000)]
  0x00007fec2c0b8800 JavaThread "Signal Dispatcher" daemon [_thread_blocked, id=18899, stack(0x00007fec16c27000,0x00007fec16d28000)]
  0x00007fec2c088800 JavaThread "Finalizer" daemon [_thread_blocked, id=18898, stack(0x00007fec176f7000,0x00007fec177f8000)]
  0x00007fec2c086000 JavaThread "Reference Handler" daemon [_thread_blocked, id=18897, stack(0x00007fec177f8000,0x00007fec178f9000)]
  0x00007fec2c00e800 JavaThread "main" [_thread_blocked, id=18891, stack(0x00007fec346f9000,0x00007fec347f9000)]

Other Threads:
=>0x00007fec2c07c800 VMThread [stack: 0x00007fec178fa000,0x00007fec179fa000] [id=18896]
  0x00007fec2c0d9000 WatcherThread [stack: 0x00007fec16723000,0x00007fec16823000] [id=18904]

VM state:at safepoint (normal execution)

VM Mutex/Monitor currently owned by a thread:  ([mutex/lock_event])
[0x00007fec2c00a9e0] ExpandHeap_lock - owner thread: 0x00007fec2c07c800
[0x00007fec2c00b060] Threads_lock - owner thread: 0x00007fec2c07c800
[0x00007fec2c00b560] Heap_lock - owner thread: 0x00007fec2c1ba800

heap address: 0x00000006c0000000, size: 4096 MB, Compressed Oops mode: Zero based, Oop shift amount: 3
Narrow klass base: 0x0000000000000000, Narrow klass shift: 3
Compressed class space size: 1073741824 Address: 0x00000007c0000000

Heap:
 PSYoungGen      total 821248K, used 222482K [0x000000076ab00000, 0x00000007b5f80000, 0x00000007c0000000)
  eden space 495104K, 0% used [0x000000076ab00000,0x000000076ab00000,0x0000000788e80000)
  from space 326144K, 68% used [0x000000079e180000,0x00000007abac4978,0x00000007b2000000)
  to   space 347136K, 0% used [0x0000000788e80000,0x0000000788e80000,0x000000079e180000)
 ParOldGen       total 566784K, used 566740K [0x00000006c0000000, 0x00000006e2980000, 0x000000076ab00000)
  object space 566784K, 99% used [0x00000006c0000000,0x00000006e29753d0,0x00000006e2980000)
 Metaspace       used 6687K, capacity 7344K, committed 7552K, reserved 1056768K
  class space    used 601K, capacity 616K, committed 640K, reserved 1048576K

Card table byte_map: [0x00007fec31713000,0x00007fec31f14000] byte_map_base: 0x00007fec2e113000

Marking Bits: (ParMarkBitMap*) 0x00007fec33dc7920
 Begin Bits: [0x00007febf8000000, 0x00007febfc000000)
 End Bits:   [0x00007febfc000000, 0x00007fec00000000)

Polling page: 0x00007fec34821000

CodeCache: size=245760Kb used=12306Kb max_used=12566Kb free=233453Kb
 bounds [0x00007fec1d000000, 0x00007fec1dcf0000, 0x00007fec2c000000]
 total_blobs=2771 nmethods=2497 adapters=187
 compilation: enabled

Compilation events (10 events):
Event: 37.034 Thread 0x00007fec2c0bf800 nmethod 3151 0x00007fec1d8e0e50 code [0x00007fec1d8e0fa0, 0x00007fec1d8e1018]
Event: 37.034 Thread 0x00007fec2c0bf800 3110       4       java.util.regex.Matcher::replaceAll (59 bytes)
Event: 37.038 Thread 0x00007fec2c0bf800 nmethod 3110 0x00007fec1d3bae10 code [0x00007fec1d3baf80, 0x00007fec1d3bb1a8]
Event: 37.038 Thread 0x00007fec2c0bf800 3154       4       com.android.dx.rop.code.ThrowingCstInsn::withNewRegisters (25 bytes)
Event: 37.043 Thread 0x00007fec2c0bf800 nmethod 3154 0x00007fec1d3ba790 code [0x00007fec1d3ba900, 0x00007fec1d3bab58]
Event: 37.043 Thread 0x00007fec2c0bf800 3163       4       com.android.dx.ssa.SsaRenamer$BlockRenamer$RenamingMapper::map (28 bytes)
Event: 37.051 Thread 0x00007fec2c0bf800 nmethod 3163 0x00007fec1d708c90 code [0x00007fec1d708e00, 0x00007fec1d708f28]
Event: 37.051 Thread 0x00007fec2c0bf800 3190       4       com.android.dx.ssa.back.FirstFitLocalCombiningAllocator::handleLocalAssociatedOther (151 bytes)
Event: 37.089 Thread 0x00007fec2c0bf800 nmethod 3190 0x00007fec1d6a71d0 code [0x00007fec1d6a7400, 0x00007fec1d6a8330]
Event: 37.089 Thread 0x00007fec2c0bf800 3178       4       com.android.dx.dex.code.RopToDop::dopFor (800 bytes)

GC Heap History (10 events):
Event: 25.046 GC heap after
Heap after GC invocations=24 (full 4):
 PSYoungGen      total 597504K, used 180733K [0x000000076ab00000, 0x00000007a1580000, 0x00000007c0000000)
  eden space 416768K, 0% used [0x000000076ab00000,0x000000076ab00000,0x0000000784200000)
  from space 180736K, 99% used [0x0000000791680000,0x000000079c6ff698,0x000000079c700000)
  to   space 217600K, 0% used [0x0000000784200000,0x0000000784200000,0x0000000791680000)
 ParOldGen       total 546304K, used 368904K [0x00000006c0000000, 0x00000006e1580000, 0x000000076ab00000)
  object space 546304K, 67% used [0x00000006c0000000,0x00000006d6842018,0x00000006e1580000)
 Metaspace       used 6624K, capacity 7344K, committed 7552K, reserved 1056768K
  class space    used 598K, capacity 616K, committed 640K, reserved 1048576K
}
Event: 26.522 GC heap before
{Heap before GC invocations=25 (full 4):
 PSYoungGen      total 597504K, used 597501K [0x000000076ab00000, 0x00000007a1580000, 0x00000007c0000000)
  eden space 416768K, 100% used [0x000000076ab00000,0x0000000784200000,0x0000000784200000)
  from space 180736K, 99% used [0x0000000791680000,0x000000079c6ff698,0x000000079c700000)
  to   space 217600K, 0% used [0x0000000784200000,0x0000000784200000,0x0000000791680000)
 ParOldGen       total 546304K, used 368904K [0x00000006c0000000, 0x00000006e1580000, 0x000000076ab00000)
  object space 546304K, 67% used [0x00000006c0000000,0x00000006d6842018,0x00000006e1580000)
 Metaspace       used 6630K, capacity 7344K, committed 7552K, reserved 1056768K
  class space    used 599K, capacity 616K, committed 640K, reserved 1048576K
Event: 26.837 GC heap after
Heap after GC invocations=25 (full 4):
 PSYoungGen      total 634368K, used 168919K [0x000000076ab00000, 0x00000007a4c00000, 0x00000007c0000000)
  eden space 416768K, 0% used [0x000000076ab00000,0x000000076ab00000,0x0000000784200000)
  from space 217600K, 77% used [0x0000000784200000,0x000000078e6f5fd8,0x0000000791680000)
  to   space 235520K, 0% used [0x0000000796600000,0x0000000796600000,0x00000007a4c00000)
 ParOldGen       total 546304K, used 440720K [0x00000006c0000000, 0x00000006e1580000, 0x000000076ab00000)
  object space 546304K, 80% used [0x00000006c0000000,0x00000006dae64268,0x00000006e1580000)
 Metaspace       used 6630K, capacity 7344K, committed 7552K, reserved 1056768K
  class space    used 599K, capacity 616K, committed 640K, reserved 1048576K
}
Event: 28.226 GC heap before
{Heap before GC invocations=26 (full 4):
 PSYoungGen      total 634368K, used 585687K [0x000000076ab00000, 0x00000007a4c00000, 0x00000007c0000000)
  eden space 416768K, 100% used [0x000000076ab00000,0x0000000784200000,0x0000000784200000)
  from space 217600K, 77% used [0x0000000784200000,0x000000078e6f5fd8,0x0000000791680000)
  to   space 235520K, 0% used [0x0000000796600000,0x0000000796600000,0x00000007a4c00000)
 ParOldGen       total 546304K, used 440720K [0x00000006c0000000, 0x00000006e1580000, 0x000000076ab00000)
  object space 546304K, 80% used [0x00000006c0000000,0x00000006dae64268,0x00000006e1580000)
 Metaspace       used 6634K, capacity 7344K, committed 7552K, reserved 1056768K
  class space    used 599K, capacity 616K, committed 640K, reserved 1048576K
Event: 28.561 GC heap after
Heap after GC invocations=26 (full 4):
 PSYoungGen      total 677376K, used 234052K [0x000000076ab00000, 0x00000007a9a80000, 0x00000007c0000000)
  eden space 441856K, 0% used [0x000000076ab00000,0x000000076ab00000,0x0000000785a80000)
  from space 235520K, 99% used [0x0000000796600000,0x00000007a4a91110,0x00000007a4c00000)
  to   space 273920K, 0% used [0x0000000785a80000,0x0000000785a80000,0x0000000796600000)
 ParOldGen       total 546304K, used 440720K [0x00000006c0000000, 0x00000006e1580000, 0x000000076ab00000)
  object space 546304K, 80% used [0x00000006c0000000,0x00000006dae64268,0x00000006e1580000)
 Metaspace       used 6634K, capacity 7344K, committed 7552K, reserved 1056768K
  class space    used 599K, capacity 616K, committed 640K, reserved 1048576K
}
Event: 29.987 GC heap before
{Heap before GC invocations=27 (full 4):
 PSYoungGen      total 677376K, used 675908K [0x000000076ab00000, 0x00000007a9a80000, 0x00000007c0000000)
  eden space 441856K, 100% used [0x000000076ab00000,0x0000000785a80000,0x0000000785a80000)
  from space 235520K, 99% used [0x0000000796600000,0x00000007a4a91110,0x00000007a4c00000)
  to   space 273920K, 0% used [0x0000000785a80000,0x0000000785a80000,0x0000000796600000)
 ParOldGen       total 546304K, used 440720K [0x00000006c0000000, 0x00000006e1580000, 0x000000076ab00000)
  object space 546304K, 80% used [0x00000006c0000000,0x00000006dae64268,0x00000006e1580000)
 Metaspace       used 6634K, capacity 7344K, committed 7552K, reserved 1056768K
  class space    used 599K, capacity 616K, committed 640K, reserved 1048576K
Event: 30.343 GC heap after
Heap after GC invocations=27 (full 4):
 PSYoungGen      total 715776K, used 273891K [0x000000076ab00000, 0x00000007b2000000, 0x00000007c0000000)
  eden space 441856K, 0% used [0x000000076ab00000,0x000000076ab00000,0x0000000785a80000)
  from space 273920K, 99% used [0x0000000785a80000,0x00000007965f8df0,0x0000000796600000)
  to   space 326144K, 0% used [0x000000079e180000,0x000000079e180000,0x00000007b2000000)
 ParOldGen       total 546304K, used 459957K [0x00000006c0000000, 0x00000006e1580000, 0x000000076ab00000)
  object space 546304K, 84% used [0x00000006c0000000,0x00000006dc12d400,0x00000006e1580000)
 Metaspace       used 6634K, capacity 7344K, committed 7552K, reserved 1056768K
  class space    used 599K, capacity 616K, committed 640K, reserved 1048576K
}
Event: 37.117 GC heap before
{Heap before GC invocations=28 (full 4):
 PSYoungGen      total 715776K, used 715747K [0x000000076ab00000, 0x00000007b2000000, 0x00000007c0000000)
  eden space 441856K, 100% used [0x000000076ab00000,0x0000000785a80000,0x0000000785a80000)
  from space 273920K, 99% used [0x0000000785a80000,0x00000007965f8df0,0x0000000796600000)
  to   space 326144K, 0% used [0x000000079e180000,0x000000079e180000,0x00000007b2000000)
 ParOldGen       total 546304K, used 459957K [0x00000006c0000000, 0x00000006e1580000, 0x000000076ab00000)
  object space 546304K, 84% used [0x00000006c0000000,0x00000006dc12d400,0x00000006e1580000)
 Metaspace       used 6687K, capacity 7344K, committed 7552K, reserved 1056768K
  class space    used 601K, capacity 616K, committed 640K, reserved 1048576K
Event: 48.343 GC heap after
Heap after GC invocations=28 (full 4):
 PSYoungGen      total 821248K, used 235306K [0x000000076ab00000, 0x00000007b5f80000, 0x00000007c0000000)
  eden space 495104K, 0% used [0x000000076ab00000,0x000000076ab00000,0x0000000788e80000)
  from space 326144K, 72% used [0x000000079e180000,0x00000007ac74aa38,0x00000007b2000000)
  to   space 347136K, 0% used [0x0000000788e80000,0x0000000788e80000,0x000000079e180000)
 ParOldGen       total 566784K, used 565032K [0x00000006c0000000, 0x00000006e2980000, 0x000000076ab00000)
  object space 566784K, 99% used [0x00000006c0000000,0x00000006e27ca0f0,0x00000006e2980000)
 Metaspace       used 6687K, capacity 7344K, committed 7552K, reserved 1056768K
  class space    used 601K, capacity 616K, committed 640K, reserved 1048576K
}
Event: 48.442 GC heap before
{Heap before GC invocations=29 (full 5):
 PSYoungGen      total 821248K, used 235306K [0x000000076ab00000, 0x00000007b5f80000, 0x00000007c0000000)
  eden space 495104K, 0% used [0x000000076ab00000,0x000000076ab00000,0x0000000788e80000)
  from space 326144K, 72% used [0x000000079e180000,0x00000007ac74aa38,0x00000007b2000000)
  to   space 347136K, 0% used [0x0000000788e80000,0x0000000788e80000,0x000000079e180000)
 ParOldGen       total 566784K, used 565032K [0x00000006c0000000, 0x00000006e2980000, 0x000000076ab00000)
  object space 566784K, 99% used [0x00000006c0000000,0x00000006e27ca0f0,0x00000006e2980000)
 Metaspace       used 6687K, capacity 7344K, committed 7552K, reserved 1056768K
  class space    used 601K, capacity 616K, committed 640K, reserved 1048576K

Deoptimization events (10 events):
Event: 27.262 Thread 0x00007fec2c1b9800 Uncommon trap: reason=unstable_if action=reinterpret pc=0x00007fec1dbfeb04 method=com.android.dx.cf.code.Merger.isPossiblyAssignableFrom(Lcom/android/dx/rop/type/TypeBearer;Lcom/android/dx/rop/type/TypeBearer;)Z @ 131
Event: 27.634 Thread 0x00007fec2c1ba800 Uncommon trap: reason=unstable_if action=reinterpret pc=0x00007fec1d2576cc method=com.android.dx.ssa.SsaMethod.getExitBlock()Lcom/android/dx/ssa/SsaBasicBlock; @ 4
Event: 27.644 Thread 0x00007fec2c1ba800 Uncommon trap: reason=unstable_if action=reinterpret pc=0x00007fec1d30cf08 method=com.android.dx.ssa.back.IdenticalBlockCombiner.replaceSucc(Lcom/android/dx/rop/code/BasicBlock;II)V @ 30
Event: 28.210 Thread 0x00007fec2c1b9800 Uncommon trap: reason=null_check action=make_not_entrant pc=0x00007fec1dc88184 method=com.android.dx.dex.file.FieldIdsSection.intern(Lcom/android/dx/rop/cst/CstFieldRef;)Lcom/android/dx/dex/file/FieldIdItem; @ 26
Event: 28.884 Thread 0x00007fec2c1b9800 Uncommon trap: reason=predicate action=maybe_recompile pc=0x00007fec1d65d01c method=com.android.dx.ssa.DomFront.run()[Lcom/android/dx/ssa/DomFront$DomInfo; @ 32
Event: 28.887 Thread 0x00007fec2c1b9800 Uncommon trap: reason=class_check action=maybe_recompile pc=0x00007fec1d91b7c8 method=com.android.dx.ssa.SsaConverter.placePhiFunctions(Lcom/android/dx/ssa/SsaMethod;Lcom/android/dx/ssa/LocalVariableInfo;I)V @ 257
Event: 29.276 Thread 0x00007fec2c1b9800 Uncommon trap: reason=null_check action=make_not_entrant pc=0x00007fec1d2b805c method=com.android.dx.dex.file.FieldIdsSection.intern(Lcom/android/dx/rop/cst/CstFieldRef;)Lcom/android/dx/dex/file/FieldIdItem; @ 26
Event: 29.399 Thread 0x00007fec2c1aa000 Uncommon trap: reason=unstable_if action=reinterpret pc=0x00007fec1d453eb0 method=com.android.dx.rop.code.DexTranslationAdvice.hasConstantOperation(Lcom/android/dx/rop/code/Rop;Lcom/android/dx/rop/code/RegisterSpec;Lcom/android/dx/rop/code/RegisterSpec;)Z
Event: 30.547 Thread 0x00007fec2c1aa000 Uncommon trap: reason=unstable_if action=reinterpret pc=0x00007fec1d5e93c8 method=com.android.dx.cf.code.LocalVariableList$Item.matchesPcAndIndex(II)Z @ 13
Event: 36.433 Thread 0x00007fec2c1ad800 Uncommon trap: reason=null_check action=make_not_entrant pc=0x00007fec1d4e8754 method=com.android.dx.dex.file.StringIdsSection.intern(Lcom/android/dx/dex/file/StringIdItem;)Lcom/android/dx/dex/file/StringIdItem; @ 31

Classes redefined (0 events):
No events

Internal exceptions (8 events):
Event: 0.118 Thread 0x00007fec2c00e800 Exception <a 'java/lang/NoSuchMethodError': Method sun.misc.Unsafe.defineClass(Ljava/lang/String;[BII)Ljava/lang/Class; name or signature does not match> (0x000000076ab07cb0) thrown at [/usr/local/google/buildbot/src/googleplex-android/openjdk/out/hotspot
Event: 0.118 Thread 0x00007fec2c00e800 Exception <a 'java/lang/NoSuchMethodError': Method sun.misc.Unsafe.prefetchRead(Ljava/lang/Object;J)V name or signature does not match> (0x000000076ab07f98) thrown at [/usr/local/google/buildbot/src/googleplex-android/openjdk/out/hotspot/src/share/vm/prim
Event: 1.385 Thread 0x00007fec2c1ba800 Implicit null exception at 0x00007fec1d29727e to 0x00007fec1d2994cd
Event: 1.462 Thread 0x00007fec2c1ad800 Exception <a 'java/lang/ArrayIndexOutOfBoundsException': 18> (0x000000076bf34250) thrown at [/usr/local/google/buildbot/src/googleplex-android/openjdk/out/hotspot/src/share/vm/interpreter/interpreterRuntime.cpp, line 368]
Event: 1.462 Thread 0x00007fec2c1ad800 Exception <a 'java/lang/ArrayIndexOutOfBoundsException': 145> (0x000000076bf35dd0) thrown at [/usr/local/google/buildbot/src/googleplex-android/openjdk/out/hotspot/src/share/vm/interpreter/interpreterRuntime.cpp, line 368]
Event: 1.463 Thread 0x00007fec2c1ad800 Exception <a 'java/lang/ArrayIndexOutOfBoundsException': 40> (0x000000076bf370b8) thrown at [/usr/local/google/buildbot/src/googleplex-android/openjdk/out/hotspot/src/share/vm/interpreter/interpreterRuntime.cpp, line 368]
Event: 21.696 Thread 0x00007fec2c1ba800 Implicit null exception at 0x00007fec1db62656 to 0x00007fec1db68451
Event: 21.697 Thread 0x00007fec2c1ba800 Implicit null exception at 0x00007fec1da5c5a7 to 0x00007fec1da61265

Events (10 events):
Event: 36.891 Thread 0x00007fec2c1b9800 DEOPT UNPACKING pc=0x00007fec1d0474c4 sp=0x00007fec1641cf40 mode 0
Event: 36.924 Thread 0x00007fec2c0bf800 flushing nmethod 0x00007fec1da7fb50
Event: 36.924 Thread 0x00007fec2c0bf800 flushing nmethod 0x00007fec1daa21d0
Event: 36.924 Thread 0x00007fec2c0bf800 flushing nmethod 0x00007fec1db06a50
Event: 36.924 Thread 0x00007fec2c0bf800 flushing nmethod 0x00007fec1db931d0
Event: 36.924 Thread 0x00007fec2c0bf800 flushing nmethod 0x00007fec1db97490
Event: 36.924 Thread 0x00007fec2c0bf800 flushing nmethod 0x00007fec1dc2fa90
Event: 37.027 Thread 0x00007fec2c1ba800 DEOPT PACKING pc=0x00007fec1d2a93cb sp=0x00007fec1631c1d0
Event: 37.027 Thread 0x00007fec2c1ba800 DEOPT UNPACKING pc=0x00007fec1d0474c4 sp=0x00007fec1631bf40 mode 0
Event: 37.114 Executing VM operation: ParallelGCFailedAllocation


Dynamic libraries:
00400000-00401000 r-xp 00000000 08:01 7352713                            /home/niroop/Documents/android-studio/jre/bin/java
00401000-00402000 rw-p 00000000 08:01 7352713                            /home/niroop/Documents/android-studio/jre/bin/java
00c2a000-00c4b000 rw-p 00000000 00:00 0                                  [heap]
6c0000000-6e2980000 rw-p 00000000 00:00 0 
6f1c80000-76ab00000 ---p 00000000 00:00 0 
76ab00000-7b5f80000 rw-p 00000000 00:00 0 
7b5f80000-7c0000000 ---p 00000000 00:00 0 
7c0000000-7c00a0000 rw-p 00000000 00:00 0 
7c00a0000-800000000 ---p 00000000 00:00 0 
7febc0000000-7febc0039000 rw-p 00000000 00:00 0 
7febc0039000-7febc4000000 ---p 00000000 00:00 0 
7febc8000000-7febc805c000 rw-p 00000000 00:00 0 
7febc805c000-7febcc000000 ---p 00000000 00:00 0 
7febcc000000-7febcc044000 rw-p 00000000 00:00 0 
7febcc044000-7febd0000000 ---p 00000000 00:00 0 
7febd0000000-7febd0045000 rw-p 00000000 00:00 0 
7febd0045000-7febd4000000 ---p 00000000 00:00 0 
7febd4000000-7febd4021000 rw-p 00000000 00:00 0 
7febd4021000-7febd8000000 ---p 00000000 00:00 0 
7febd8000000-7febd8021000 rw-p 00000000 00:00 0 
7febd8021000-7febdc000000 ---p 00000000 00:00 0 
7febdc000000-7febdc021000 rw-p 00000000 00:00 0 
7febdc021000-7febe0000000 ---p 00000000 00:00 0 
7febe0000000-7febe1812000 rw-p 00000000 00:00 0 
7febe1812000-7febe4000000 ---p 00000000 00:00 0 
7febe4000000-7febe4a75000 rw-p 00000000 00:00 0 
7febe4a75000-7febe8000000 ---p 00000000 00:00 0 
7febe8000000-7febe8021000 rw-p 00000000 00:00 0 
7febe8021000-7febec000000 ---p 00000000 00:00 0 
7febec000000-7febed72b000 rw-p 00000000 00:00 0 
7febed72b000-7febf0000000 ---p 00000000 00:00 0 
7febf0000000-7febf0021000 rw-p 00000000 00:00 0 
7febf0021000-7febf4000000 ---p 00000000 00:00 0 
7febf4000000-7febf4021000 rw-p 00000000 00:00 0 
7febf4021000-7febf8000000 ---p 00000000 00:00 0 
7febf8000000-7fec00000000 rw-p 00000000 00:00 0 
7fec00000000-7fec00021000 rw-p 00000000 00:00 0 
7fec00021000-7fec04000000 ---p 00000000 00:00 0 
7fec04000000-7fec042dc000 rw-p 00000000 00:00 0 
7fec042dc000-7fec08000000 ---p 00000000 00:00 0 
7fec08000000-7fec08021000 rw-p 00000000 00:00 0 
7fec08021000-7fec0c000000 ---p 00000000 00:00 0 
7fec10000000-7fec10021000 rw-p 00000000 00:00 0 
7fec10021000-7fec14000000 ---p 00000000 00:00 0 
7fec1621d000-7fec16220000 ---p 00000000 00:00 0 
7fec16220000-7fec1631e000 rw-p 00000000 00:00 0 
7fec1631e000-7fec16321000 ---p 00000000 00:00 0 
7fec16321000-7fec1641f000 rw-p 00000000 00:00 0 
7fec1641f000-7fec16422000 ---p 00000000 00:00 0 
7fec16422000-7fec16520000 rw-p 00000000 00:00 0 
7fec16520000-7fec16523000 ---p 00000000 00:00 0 
7fec16523000-7fec16621000 rw-p 00000000 00:00 0 
7fec16621000-7fec16624000 ---p 00000000 00:00 0 
7fec16624000-7fec16722000 rw-p 00000000 00:00 0 
7fec16722000-7fec16723000 ---p 00000000 00:00 0 
7fec16723000-7fec16823000 rw-p 00000000 00:00 0 
7fec16823000-7fec16826000 ---p 00000000 00:00 0 
7fec16826000-7fec16924000 rw-p 00000000 00:00 0 
7fec16924000-7fec16925000 ---p 00000000 00:00 0 
7fec16925000-7fec16928000 ---p 00000000 00:00 0 
7fec16928000-7fec16a25000 rw-p 00000000 00:00 0 
7fec16a25000-7fec16a26000 ---p 00000000 00:00 0 
7fec16a26000-7fec16a29000 ---p 00000000 00:00 0 
7fec16a29000-7fec16b26000 rw-p 00000000 00:00 0 
7fec16b26000-7fec16b27000 ---p 00000000 00:00 0 
7fec16b27000-7fec16b2a000 ---p 00000000 00:00 0 
7fec16b2a000-7fec16c27000 rw-p 00000000 00:00 0 
7fec16c27000-7fec16c2a000 ---p 00000000 00:00 0 
7fec16c2a000-7fec16d28000 rw-p 00000000 00:00 0 
7fec16d28000-7fec176f7000 r--p 00000000 08:01 6036074                    /usr/lib/locale/locale-archive
7fec176f7000-7fec176fa000 ---p 00000000 00:00 0 
7fec176fa000-7fec177f8000 rw-p 00000000 00:00 0 
7fec177f8000-7fec177fb000 ---p 00000000 00:00 0 
7fec177fb000-7fec178f9000 rw-p 00000000 00:00 0 
7fec178f9000-7fec178fa000 ---p 00000000 00:00 0 
7fec178fa000-7fec18000000 rw-p 00000000 00:00 0 
7fec18000000-7fec18021000 rw-p 00000000 00:00 0 
7fec18021000-7fec1c000000 ---p 00000000 00:00 0 
7fec1c0f9000-7fec1cec0000 rw-p 00000000 00:00 0 
7fec1cec0000-7fec1d000000 ---p 00000000 00:00 0 
7fec1d000000-7fec1dcf0000 rwxp 00000000 00:00 0 
7fec1dcf0000-7fec2c000000 ---p 00000000 00:00 0 
7fec2c000000-7fec2c43a000 rw-p 00000000 00:00 0 
7fec2c43a000-7fec30000000 ---p 00000000 00:00 0 
7fec30012000-7fec30021000 r--s 000e4000 08:01 11851761                   /home/niroop/Android/Sdk/build-tools/26.0.0/lib/dx.jar
7fec30021000-7fec30316000 rw-p 00000000 00:00 0 
7fec30316000-7fec304e8000 r--s 03cad000 08:01 7352843                    /home/niroop/Documents/android-studio/jre/jre/lib/rt.jar
7fec304e8000-7fec30db9000 rw-p 00000000 00:00 0 
7fec30db9000-7fec30dba000 ---p 00000000 00:00 0 
7fec30dba000-7fec30eba000 rw-p 00000000 00:00 0 
7fec30eba000-7fec30ebb000 ---p 00000000 00:00 0 
7fec30ebb000-7fec30fbb000 rw-p 00000000 00:00 0 
7fec30fbb000-7fec30fbc000 ---p 00000000 00:00 0 
7fec30fbc000-7fec310bc000 rw-p 00000000 00:00 0 
7fec310bc000-7fec310bd000 ---p 00000000 00:00 0 
7fec310bd000-7fec312d2000 rw-p 00000000 00:00 0 
7fec312d2000-7fec31713000 ---p 00000000 00:00 0 
7fec31713000-7fec31828000 rw-p 00000000 00:00 0 
7fec31828000-7fec31c68000 ---p 00000000 00:00 0 
7fec31c68000-7fec31ec3000 rw-p 00000000 00:00 0 
7fec31ec3000-7fec31f13000 ---p 00000000 00:00 0 
7fec31f13000-7fec31f48000 rw-p 00000000 00:00 0 
7fec31f48000-7fec322d4000 ---p 00000000 00:00 0 
7fec322d4000-7fec322df000 r-xp 00000000 08:01 1840165                    /lib/x86_64-linux-gnu/libnss_files-2.27.so
7fec322df000-7fec324de000 ---p 0000b000 08:01 1840165                    /lib/x86_64-linux-gnu/libnss_files-2.27.so
7fec324de000-7fec324df000 r--p 0000a000 08:01 1840165                    /lib/x86_64-linux-gnu/libnss_files-2.27.so
7fec324df000-7fec324e0000 rw-p 0000b000 08:01 1840165                    /lib/x86_64-linux-gnu/libnss_files-2.27.so
7fec324e0000-7fec324e6000 rw-p 00000000 00:00 0 
7fec324e6000-7fec324fd000 r-xp 00000000 08:01 1840159                    /lib/x86_64-linux-gnu/libnsl-2.27.so
7fec324fd000-7fec326fc000 ---p 00017000 08:01 1840159                    /lib/x86_64-linux-gnu/libnsl-2.27.so
7fec326fc000-7fec326fd000 r--p 00016000 08:01 1840159                    /lib/x86_64-linux-gnu/libnsl-2.27.so
7fec326fd000-7fec326fe000 rw-p 00017000 08:01 1840159                    /lib/x86_64-linux-gnu/libnsl-2.27.so
7fec326fe000-7fec32700000 rw-p 00000000 00:00 0 
7fec32700000-7fec3270b000 r-xp 00000000 08:01 1840176                    /lib/x86_64-linux-gnu/libnss_nis-2.27.so
7fec3270b000-7fec3290a000 ---p 0000b000 08:01 1840176                    /lib/x86_64-linux-gnu/libnss_nis-2.27.so
7fec3290a000-7fec3290b000 r--p 0000a000 08:01 1840176                    /lib/x86_64-linux-gnu/libnss_nis-2.27.so
7fec3290b000-7fec3290c000 rw-p 0000b000 08:01 1840176                    /lib/x86_64-linux-gnu/libnss_nis-2.27.so
7fec3290c000-7fec32914000 r-xp 00000000 08:01 1840161                    /lib/x86_64-linux-gnu/libnss_compat-2.27.so
7fec32914000-7fec32b14000 ---p 00008000 08:01 1840161                    /lib/x86_64-linux-gnu/libnss_compat-2.27.so
7fec32b14000-7fec32b15000 r--p 00008000 08:01 1840161                    /lib/x86_64-linux-gnu/libnss_compat-2.27.so
7fec32b15000-7fec32b16000 rw-p 00009000 08:01 1840161                    /lib/x86_64-linux-gnu/libnss_compat-2.27.so
7fec32b16000-7fec32b1d000 r-xp 00000000 08:01 1840216                    /lib/x86_64-linux-gnu/librt-2.27.so
7fec32b1d000-7fec32d1c000 ---p 00007000 08:01 1840216                    /lib/x86_64-linux-gnu/librt-2.27.so
7fec32d1c000-7fec32d1d000 r--p 00006000 08:01 1840216                    /lib/x86_64-linux-gnu/librt-2.27.so
7fec32d1d000-7fec32d1e000 rw-p 00007000 08:01 1840216                    /lib/x86_64-linux-gnu/librt-2.27.so
7fec32d1e000-7fec32ebb000 r-xp 00000000 08:01 1840138                    /lib/x86_64-linux-gnu/libm-2.27.so
7fec32ebb000-7fec330ba000 ---p 0019d000 08:01 1840138                    /lib/x86_64-linux-gnu/libm-2.27.so
7fec330ba000-7fec330bb000 r--p 0019c000 08:01 1840138                    /lib/x86_64-linux-gnu/libm-2.27.so
7fec330bb000-7fec330bc000 rw-p 0019d000 08:01 1840138                    /lib/x86_64-linux-gnu/libm-2.27.so
7fec330bc000-7fec33ce2000 r-xp 00000000 08:01 7352820                    /home/niroop/Documents/android-studio/jre/jre/lib/amd64/server/libjvm.so
7fec33ce2000-7fec33db2000 rw-p 00c26000 08:01 7352820                    /home/niroop/Documents/android-studio/jre/jre/lib/amd64/server/libjvm.so
7fec33db2000-7fec33df6000 rw-p 00000000 00:00 0 
7fec33df6000-7fec33fdd000 r-xp 00000000 08:01 1840075                    /lib/x86_64-linux-gnu/libc-2.27.so
7fec33fdd000-7fec341dd000 ---p 001e7000 08:01 1840075                    /lib/x86_64-linux-gnu/libc-2.27.so
7fec341dd000-7fec341e1000 r--p 001e7000 08:01 1840075                    /lib/x86_64-linux-gnu/libc-2.27.so
7fec341e1000-7fec341e3000 rw-p 001eb000 08:01 1840075                    /lib/x86_64-linux-gnu/libc-2.27.so
7fec341e3000-7fec341e7000 rw-p 00000000 00:00 0 
7fec341e7000-7fec341ea000 r-xp 00000000 08:01 1840098                    /lib/x86_64-linux-gnu/libdl-2.27.so
7fec341ea000-7fec343e9000 ---p 00003000 08:01 1840098                    /lib/x86_64-linux-gnu/libdl-2.27.so
7fec343e9000-7fec343ea000 r--p 00002000 08:01 1840098                    /lib/x86_64-linux-gnu/libdl-2.27.so
7fec343ea000-7fec343eb000 rw-p 00003000 08:01 1840098                    /lib/x86_64-linux-gnu/libdl-2.27.so
7fec343eb000-7fec34405000 r-xp 00000000 08:01 1840208                    /lib/x86_64-linux-gnu/libpthread-2.27.so
7fec34405000-7fec34604000 ---p 0001a000 08:01 1840208                    /lib/x86_64-linux-gnu/libpthread-2.27.so
7fec34604000-7fec34605000 r--p 00019000 08:01 1840208                    /lib/x86_64-linux-gnu/libpthread-2.27.so
7fec34605000-7fec34606000 rw-p 0001a000 08:01 1840208                    /lib/x86_64-linux-gnu/libpthread-2.27.so
7fec34606000-7fec3460a000 rw-p 00000000 00:00 0 
7fec3460a000-7fec34631000 r-xp 00000000 08:01 1840047                    /lib/x86_64-linux-gnu/ld-2.27.so
7fec34638000-7fec346b0000 rw-p 00000000 00:00 0 
7fec346b0000-7fec346cb000 r-xp 00000000 08:01 7352802                    /home/niroop/Documents/android-studio/jre/jre/lib/amd64/libzip.so
7fec346cb000-7fec346cc000 rw-p 0001a000 08:01 7352802                    /home/niroop/Documents/android-studio/jre/jre/lib/amd64/libzip.so
7fec346cc000-7fec346f6000 r-xp 00000000 08:01 7352810                    /home/niroop/Documents/android-studio/jre/jre/lib/amd64/libjava.so
7fec346f6000-7fec346f8000 rw-p 0002a000 08:01 7352810                    /home/niroop/Documents/android-studio/jre/jre/lib/amd64/libjava.so
7fec346f8000-7fec346f9000 ---p 00000000 00:00 0 
7fec346f9000-7fec346fc000 ---p 00000000 00:00 0 
7fec346fc000-7fec347fb000 rw-p 00000000 00:00 0 
7fec347fb000-7fec34811000 r-xp 00000000 08:01 7352701                    /home/niroop/Documents/android-studio/jre/lib/amd64/jli/libjli.so
7fec34811000-7fec34812000 rw-p 00015000 08:01 7352701                    /home/niroop/Documents/android-studio/jre/lib/amd64/jli/libjli.so
7fec34812000-7fec34814000 rw-p 00000000 00:00 0 
7fec34818000-7fec34820000 rw-s 00000000 08:01 12584169                   /tmp/hsperfdata_niroop/18886
7fec34820000-7fec34821000 rw-p 00000000 00:00 0 
7fec34821000-7fec34822000 ---p 00000000 00:00 0 
7fec34822000-7fec3482f000 r-xp 00000000 08:01 7352798                    /home/niroop/Documents/android-studio/jre/jre/lib/amd64/libverify.so
7fec3482f000-7fec34831000 rw-p 0000c000 08:01 7352798                    /home/niroop/Documents/android-studio/jre/jre/lib/amd64/libverify.so
7fec34831000-7fec34832000 r--p 00027000 08:01 1840047                    /lib/x86_64-linux-gnu/ld-2.27.so
7fec34832000-7fec34833000 rw-p 00028000 08:01 1840047                    /lib/x86_64-linux-gnu/ld-2.27.so
7fec34833000-7fec34834000 rw-p 00000000 00:00 0 
7ffde2cd7000-7ffde2cf9000 rw-p 00000000 00:00 0                          [stack]
7ffde2d7d000-7ffde2d80000 r--p 00000000 00:00 0                          [vvar]
7ffde2d80000-7ffde2d81000 r-xp 00000000 00:00 0                          [vdso]
ffffffffff600000-ffffffffff601000 r-xp 00000000 00:00 0                  [vsyscall]

VM Arguments:
jvm_args: -Djava.awt.headless=true -Xmx4g -Dfile.encoding=UTF-8 -Duser.country=IN -Duser.language=en -Duser.variant 
java_command: com.android.dx.command.Main --dex --num-threads=4 --multi-dex --output /media/niroop/External HDD/AndroidStudioProjects/User App/app/build/intermediates/transforms/dex/debug/folders/1000/1f/main /home/niroop/.gradle/caches/modules-2/files-2.1/com.twitter/twitter-text/1.13.0/78415b95ae3184c5926d593feab64bfc0b73b2dd/twitter-text-1.13.0.jar /home/niroop/.android/build-cache/344e0ae5b96a066c340cbb65de62b9926cdefc58/output/jars/classes.jar /home/niroop/.android/build-cache/dc13d5a5de1e07ec747318ffc6a060e4422e4869/output/jars/classes.jar /home/niroop/.gradle/caches/modules-2/files-2.1/com.squareup.okhttp3/okhttp-ws/3.0.1/bd9b51a0188fc8f14bf840a0d326755545206116/okhttp-ws-3.0.1.jar /home/niroop/.android/build-cache/d2cc22b54e5613f9407e6d88b393c66298eafe84/output/jars/classes.jar /home/niroop/.android/build-cache/9b622f381cb7bb5838d987a04cc0137936991cc2/output/jars/classes.jar /home/niroop/.android/build-cache/5b51a3324933b67d5359e9286d32d4d1e7e614f2/output/jars/classes.jar /home/niroop/.android/build-cache/12d56c18a42d1f05b9ac1647b156441e2a4dbff5/output/jars/classes.jar /home/niroop/.android/build-cache/0add6791efe6dec7f33222700afd520c9a82813b/output/jars/classes.jar /home/niroop/.android/build-cache/40c086ec806208b23cb49ea03fbe2aebfebc7658/output/jars/classes.jar /media/niroop/External HDD/AndroidStudioProjects/User App/stripe/build/intermediates/bundles/default/classes.jar /home/niroop/.android/build-cache/26d5ae123ee9172a01bd32d1a79379bec37b7d2d/output/jars/classes.jar /home/niroop/.android/build-cache/d1b0d4e2043a20a4269b309717cfdc69e7207743/output/jars/classes.jar /home/niroop/.gradle/caches/modules-2/files-2.1/com.google.code.gson/gson/2.3/5fc52c41ef0239d1093a1eb7c3697036183677ce/gson-2.3.jar /home/niroop/.gradle/caches/modules-2/files-2.1/cz.msebera.android/httpclient/4.4.1.1/c8d96f6fd2bcc179c312da33ee670a71188cc60d/httpclient-4.4.1.1.jar /home/niroop/.android/build-cache/b257c5c0db47bbccb6143d3aada52dde313d9b0e/output/jars/classes.jar /home/niroop/.
java_class_path (initial): /home/niroop/Android/Sdk/build-tools/26.0.0/lib/dx.jar
Launcher Type: SUN_STANDARD

Environment Variables:
PATH=/usr/local/sbin:/usr/local/bin:/usr/sbin:/usr/bin:/sbin:/bin:/usr/games:/usr/local/games:/snap/bin:/usr/lib/dart/bin
USERNAME=niroop
SHELL=/bin/bash
DISPLAY=:0

Signal Handlers:
SIGSEGV: [libjvm.so+0xa09650], sa_mask[0]=11111111011111111101111111111110, sa_flags=SA_RESTART|SA_SIGINFO
SIGBUS: [libjvm.so+0xa09650], sa_mask[0]=11111111011111111101111111111110, sa_flags=SA_RESTART|SA_SIGINFO
SIGFPE: [libjvm.so+0x86bc60], sa_mask[0]=11111111011111111101111111111110, sa_flags=SA_RESTART|SA_SIGINFO
SIGPIPE: [libjvm.so+0x86bc60], sa_mask[0]=11111111011111111101111111111110, sa_flags=SA_RESTART|SA_SIGINFO
SIGXFSZ: [libjvm.so+0x86bc60], sa_mask[0]=11111111011111111101111111111110, sa_flags=SA_RESTART|SA_SIGINFO
SIGILL: [libjvm.so+0x86bc60], sa_mask[0]=11111111011111111101111111111110, sa_flags=SA_RESTART|SA_SIGINFO
SIGUSR1: SIG_DFL, sa_mask[0]=00000000000000000000000000000000, sa_flags=none
SIGUSR2: [libjvm.so+0x86bb30], sa_mask[0]=00100000000000000000000000000000, sa_flags=SA_RESTART|SA_SIGINFO
SIGHUP: [libjvm.so+0x86bd20], sa_mask[0]=11111111011111111101111111111110, sa_flags=SA_RESTART|SA_SIGINFO
SIGINT: [libjvm.so+0x86bd20], sa_mask[0]=11111111011111111101111111111110, sa_flags=SA_RESTART|SA_SIGINFO
SIGTERM: [libjvm.so+0x86bd20], sa_mask[0]=11111111011111111101111111111110, sa_flags=SA_RESTART|SA_SIGINFO
SIGQUIT: [libjvm.so+0x86bd20], sa_mask[0]=11111111011111111101111111111110, sa_flags=SA_RESTART|SA_SIGINFO


---------------  S Y S T E M  ---------------

OS:DISTRIB_ID=Ubuntu
DISTRIB_RELEASE=18.04
DISTRIB_CODENAME=bionic
DISTRIB_DESCRIPTION="Ubuntu 18.04.3 LTS"

uname:Linux 5.0.0-37-generic #40~18.04.1-Ubuntu SMP Thu Nov 14 12:06:39 UTC 2019 x86_64
libc:glibc 2.27 NPTL 2.27 
rlimit: STACK 8192k, CORE 0k, NPROC 23162, NOFILE 1048576, AS infinity
load average:24.12 21.80 10.48

/proc/meminfo:
MemTotal:        5979864 kB
MemFree:          130396 kB
MemAvailable:      56376 kB
Buffers:            2668 kB
Cached:           244864 kB
SwapCached:        10448 kB
Active:          4787932 kB
Inactive:         715944 kB
Active(anon):    4772104 kB
Inactive(anon):   681516 kB
Active(file):      15828 kB
Inactive(file):    34428 kB
Unevictable:        1084 kB
Mlocked:              64 kB
SwapTotal:       2097148 kB
SwapFree:             24 kB
Dirty:               116 kB
Writeback:             0 kB
AnonPages:       5247572 kB
Mapped:            48208 kB
Shmem:            196960 kB
KReclaimable:      63240 kB
Slab:             137220 kB
SReclaimable:      63240 kB
SUnreclaim:        73980 kB
KernelStack:       18752 kB
PageTables:        84360 kB
NFS_Unstable:          0 kB
Bounce:                0 kB
WritebackTmp:          0 kB
CommitLimit:     5087080 kB
Committed_AS:   15559244 kB
VmallocTotal:   34359738367 kB
VmallocUsed:           0 kB
VmallocChunk:          0 kB
Percpu:             2624 kB
HardwareCorrupted:     0 kB
AnonHugePages:         0 kB
ShmemHugePages:        0 kB
ShmemPmdMapped:        0 kB
CmaTotal:              0 kB
CmaFree:               0 kB
HugePages_Total:       0
HugePages_Free:        0
HugePages_Rsvd:        0
HugePages_Surp:        0
Hugepagesize:       2048 kB
Hugetlb:               0 kB
DirectMap4k:      278808 kB
DirectMap2M:     5892096 kB

container (cgroup) information:
container_type: cgroupv1
cpu_cpuset_cpus: 0-3
cpu_memory_nodes: 0
active_processor_count: 4
cpu_quota: -1
cpu_period: 100000
cpu_shares: -1
memory_limit_in_bytes: -1
memory_and_swap_limit_in_bytes: -2
memory_soft_limit_in_bytes: -1
memory_usage_in_bytes: 5634908160
memory_max_usage_in_bytes: 70356992


CPU:total 4 (initial active 4) (2 cores per cpu, 2 threads per core) family 6 model 58 stepping 9, cmov, cx8, fxsr, mmx, sse, sse2, sse3, ssse3, sse4.1, sse4.2, popcnt, avx, aes, clmul, erms, ht, tsc, tscinvbit, tscinv

/proc/cpuinfo:
processor	: 0
vendor_id	: GenuineIntel
cpu family	: 6
model		: 58
model name	: Intel(R) Core(TM) i5-3337U CPU @ 1.80GHz
stepping	: 9
microcode	: 0x21
cpu MHz		: 2494.315
cache size	: 3072 KB
physical id	: 0
siblings	: 4
core id		: 0
cpu cores	: 2
apicid		: 0
initial apicid	: 0
fpu		: yes
fpu_exception	: yes
cpuid level	: 13
wp		: yes
flags		: fpu vme de pse tsc msr pae mce cx8 apic sep mtrr pge mca cmov pat pse36 clflush dts acpi mmx fxsr sse sse2 ss ht tm pbe syscall nx rdtscp lm constant_tsc arch_perfmon pebs bts rep_good nopl xtopology nonstop_tsc cpuid aperfmperf pni pclmulqdq dtes64 monitor ds_cpl vmx est tm2 ssse3 cx16 xtpr pdcm pcid sse4_1 sse4_2 x2apic popcnt tsc_deadline_timer aes xsave avx f16c rdrand lahf_lm cpuid_fault epb pti ssbd ibrs ibpb stibp tpr_shadow vnmi flexpriority ept vpid fsgsbase smep erms xsaveopt dtherm ida arat pln pts md_clear flush_l1d
bugs		: cpu_meltdown spectre_v1 spectre_v2 spec_store_bypass l1tf mds swapgs itlb_multihit
bogomips	: 3591.81
clflush size	: 64
cache_alignment	: 64
address sizes	: 36 bits physical, 48 bits virtual
power management:

processor	: 1
vendor_id	: GenuineIntel
cpu family	: 6
model		: 58
model name	: Intel(R) Core(TM) i5-3337U CPU @ 1.80GHz
stepping	: 9
microcode	: 0x21
cpu MHz		: 2494.296
cache size	: 3072 KB
physical id	: 0
siblings	: 4
core id		: 0
cpu cores	: 2
apicid		: 1
initial apicid	: 1
fpu		: yes
fpu_exception	: yes
cpuid level	: 13
wp		: yes
flags		: fpu vme de pse tsc msr pae mce cx8 apic sep mtrr pge mca cmov pat pse36 clflush dts acpi mmx fxsr sse sse2 ss ht tm pbe syscall nx rdtscp lm constant_tsc arch_perfmon pebs bts rep_good nopl xtopology nonstop_tsc cpuid aperfmperf pni pclmulqdq dtes64 monitor ds_cpl vmx est tm2 ssse3 cx16 xtpr pdcm pcid sse4_1 sse4_2 x2apic popcnt tsc_deadline_timer aes xsave avx f16c rdrand lahf_lm cpuid_fault epb pti ssbd ibrs ibpb stibp tpr_shadow vnmi flexpriority ept vpid fsgsbase smep erms xsaveopt dtherm ida arat pln pts md_clear flush_l1d
bugs		: cpu_meltdown spectre_v1 spectre_v2 spec_store_bypass l1tf mds swapgs itlb_multihit
bogomips	: 3591.81
clflush size	: 64
cache_alignment	: 64
address sizes	: 36 bits physical, 48 bits virtual
power management:

processor	: 2
vendor_id	: GenuineIntel
cpu family	: 6
model		: 58
model name	: Intel(R) Core(TM) i5-3337U CPU @ 1.80GHz
stepping	: 9
microcode	: 0x21
cpu MHz		: 2494.308
cache size	: 3072 KB
physical id	: 0
siblings	: 4
core id		: 1
cpu cores	: 2
apicid		: 2
initial apicid	: 2
fpu		: yes
fpu_exception	: yes
cpuid level	: 13
wp		: yes
flags		: fpu vme de pse tsc msr pae mce cx8 apic sep mtrr pge mca cmov pat pse36 clflush dts acpi mmx fxsr sse sse2 ss ht tm pbe syscall nx rdtscp lm constant_tsc arch_perfmon pebs bts rep_good nopl xtopology nonstop_tsc cpuid aperfmperf pni pclmulqdq dtes64 monitor ds_cpl vmx est tm2 ssse3 cx16 xtpr pdcm pcid sse4_1 sse4_2 x2apic popcnt tsc_deadline_timer aes xsave avx f16c rdrand lahf_lm cpuid_fault epb pti ssbd ibrs ibpb stibp tpr_shadow vnmi flexpriority ept vpid fsgsbase smep erms xsaveopt dtherm ida arat pln pts md_clear flush_l1d
bugs		: cpu_meltdown spectre_v1 spectre_v2 spec_store_bypass l1tf mds swapgs itlb_multihit
bogomips	: 3591.81
clflush size	: 64
cache_alignment	: 64
address sizes	: 36 bits physical, 48 bits virtual
power management:

processor	: 3
vendor_id	: GenuineIntel
cpu family	: 6
model		: 58
model name	: Intel(R) Core(TM) i5-3337U CPU @ 1.80GHz
stepping	: 9
microcode	: 0x21
cpu MHz		: 2494.310
cache size	: 3072 KB
physical id	: 0
siblings	: 4
core id		: 1
cpu cores	: 2
apicid		: 3
initial apicid	: 3
fpu		: yes
fpu_exception	: yes
cpuid level	: 13
wp		: yes
flags		: fpu vme de pse tsc msr pae mce cx8 apic sep mtrr pge mca cmov pat pse36 clflush dts acpi mmx fxsr sse sse2 ss ht tm pbe syscall nx rdtscp lm constant_tsc arch_perfmon pebs bts rep_good nopl xtopology nonstop_tsc cpuid aperfmperf pni pclmulqdq dtes64 monitor ds_cpl vmx est tm2 ssse3 cx16 xtpr pdcm pcid sse4_1 sse4_2 x2apic popcnt tsc_deadline_timer aes xsave avx f16c rdrand lahf_lm cpuid_fault epb pti ssbd ibrs ibpb stibp tpr_shadow vnmi flexpriority ept vpid fsgsbase smep erms xsaveopt dtherm ida arat pln pts md_clear flush_l1d
bugs		: cpu_meltdown spectre_v1 spectre_v2 spec_store_bypass l1tf mds swapgs itlb_multihit
bogomips	: 3591.81
clflush size	: 64
cache_alignment	: 64
address sizes	: 36 bits physical, 48 bits virtual
power management:



Memory: 4k page, physical 5979864k(133876k free), swap 2097148k(112k free)

vm_info: OpenJDK 64-Bit Server VM (25.202-b49-5587405) for linux-amd64 JRE (1.8.0_202-release-1483-b49-5587405), built by "android-build" with gcc 4.8

time: Wed Mar 18 15:09:08 2020
timezone: IST
elapsed time: 56 seconds (0d 0h 0m 56s)

