#
# There is insufficient memory for the Java Runtime Environment to continue.
# Native memory allocation (mmap) failed to map 259522560 bytes for committing reserved memory.
# Possible reasons:
#   The system is out of physical RAM or swap space
#   The process is running with CompressedOops enabled, and the Java Heap may be blocking the growth of the native heap
# Possible solutions:
#   Reduce memory load on the system
#   Increase physical memory or swap space
#   Check if swap backing store is full
#   Decrease Java heap size (-Xmx/-Xms)
#   Decrease number of Java threads
#   Decrease Java thread stack sizes (-Xss)
#   Set larger code cache with -XX:ReservedCodeCacheSize=
#   JVM is running with Zero Based Compressed Oops mode in which the Java heap is
#     placed in the first 32GB address space. The Java Heap base address is the
#     maximum limit for the native heap growth. Please use -XX:HeapBaseMinAddress
#     to set the Java Heap base and to place the Java Heap above 32GB virtual address.
# This output file may be truncated or incomplete.
#
#  Out of Memory Error (os_linux.cpp:2753), pid=12683, tid=0x00007f55134b2700
#
# JRE version: OpenJDK Runtime Environment (8.0_202) (build 1.8.0_202-release-1483-b49-5587405)
# Java VM: OpenJDK 64-Bit Server VM (25.202-b49-5587405 mixed mode linux-amd64 compressed oops)
# Failed to write core dump. Core dumps have been disabled. To enable core dumping, try "ulimit -c unlimited" before starting Java again
#

---------------  T H R E A D  ---------------

Current thread (0x00007f553007c800):  VMThread [stack: 0x00007f55133b3000,0x00007f55134b3000] [id=12694]

Stack: [0x00007f55133b3000,0x00007f55134b3000],  sp=0x00007f55134b1530,  free space=1017k
Native frames: (J=compiled Java code, j=interpreted, Vv=VM code, C=native code)
V  [libjvm.so+0xa08b78]  VMError::report_and_die()+0x148
V  [libjvm.so+0x4d412a]  report_vm_out_of_memory(char const*, int, unsigned long, VMErrorType, char const*)+0x8a
V  [libjvm.so+0x870478]  os::pd_commit_memory(char*, unsigned long, unsigned long, bool)+0xd8
V  [libjvm.so+0x867f9f]  os::commit_memory(char*, unsigned long, unsigned long, bool)+0x1f
V  [libjvm.so+0x8e14eb]  PSVirtualSpace::expand_by(unsigned long)+0x5b
V  [libjvm.so+0x8d234b]  PSOldGen::expand_by(unsigned long) [clone .part.109]+0x1b
V  [libjvm.so+0x8d250b]  PSOldGen::expand(unsigned long) [clone .part.111]+0xdb
V  [libjvm.so+0x8d2de8]  PSOldGen::resize(unsigned long)+0x188
V  [libjvm.so+0x8d83cc]  PSParallelCompact::invoke_no_policy(bool)+0x94c
V  [libjvm.so+0x8df48d]  PSScavenge::invoke()+0x17d
V  [libjvm.so+0x893763]  ParallelScavengeHeap::failed_mem_allocate(unsigned long)+0x63
V  [libjvm.so+0xa0a644]  VM_ParallelGCFailedAllocation::doit()+0x84
V  [libjvm.so+0xa0ea17]  VM_Operation::evaluate()+0x47
V  [libjvm.so+0xa0d498]  VMThread::evaluate_operation(VM_Operation*)+0x218
V  [libjvm.so+0xa0d8d1]  VMThread::loop()+0x1f1
V  [libjvm.so+0xa0dd02]  VMThread::run()+0x72
V  [libjvm.so+0x86d652]  java_start(Thread*)+0xf2

VM_Operation (0x00007f5511fd7040): ParallelGCFailedAllocation, mode: safepoint, requested by thread 0x00007f553018d800


---------------  P R O C E S S  ---------------

Java Threads: ( => current thread )
  0x00007f5530191000 JavaThread "pool-2-thread-4" [_thread_blocked, id=12707, stack(0x00007f5511cd6000,0x00007f5511dd7000)]
  0x00007f5530190000 JavaThread "pool-2-thread-3" [_thread_blocked, id=12706, stack(0x00007f5511dd7000,0x00007f5511ed8000)]
  0x00007f553018d800 JavaThread "pool-2-thread-2" [_thread_blocked, id=12705, stack(0x00007f5511ed8000,0x00007f5511fd9000)]
  0x00007f553018b800 JavaThread "pool-3-thread-1" [_thread_blocked, id=12704, stack(0x00007f5511fd9000,0x00007f55120da000)]
  0x00007f553018a000 JavaThread "pool-2-thread-1" [_thread_blocked, id=12703, stack(0x00007f55120da000,0x00007f55121db000)]
  0x00007f55300d6800 JavaThread "Service Thread" daemon [_thread_blocked, id=12701, stack(0x00007f55122dc000,0x00007f55123dd000)]
  0x00007f55300c1800 JavaThread "C1 CompilerThread2" daemon [_thread_blocked, id=12700, stack(0x00007f55123de000,0x00007f55124de000)]
  0x00007f55300bf800 JavaThread "C2 CompilerThread1" daemon [_thread_blocked, id=12699, stack(0x00007f55124df000,0x00007f55125df000)]
  0x00007f55300bc800 JavaThread "C2 CompilerThread0" daemon [_thread_blocked, id=12698, stack(0x00007f55125e0000,0x00007f55126e0000)]
  0x00007f55300b8800 JavaThread "Signal Dispatcher" daemon [_thread_blocked, id=12697, stack(0x00007f55126e0000,0x00007f55127e1000)]
  0x00007f5530088800 JavaThread "Finalizer" daemon [_thread_blocked, id=12696, stack(0x00007f55131b0000,0x00007f55132b1000)]
  0x00007f5530086000 JavaThread "Reference Handler" daemon [_thread_blocked, id=12695, stack(0x00007f55132b1000,0x00007f55133b2000)]
  0x00007f553000e800 JavaThread "main" [_thread_blocked, id=12689, stack(0x00007f55380b1000,0x00007f55381b1000)]

Other Threads:
=>0x00007f553007c800 VMThread [stack: 0x00007f55133b3000,0x00007f55134b3000] [id=12694]
  0x00007f55300d9000 WatcherThread [stack: 0x00007f55121dc000,0x00007f55122dc000] [id=12702]

VM state:at safepoint (normal execution)

VM Mutex/Monitor currently owned by a thread:  ([mutex/lock_event])
[0x00007f553000a9e0] ExpandHeap_lock - owner thread: 0x00007f553007c800
[0x00007f553000b060] Threads_lock - owner thread: 0x00007f553007c800
[0x00007f553000b560] Heap_lock - owner thread: 0x00007f553018d800

heap address: 0x00000006c0000000, size: 4096 MB, Compressed Oops mode: Zero based, Oop shift amount: 3
Narrow klass base: 0x0000000000000000, Narrow klass shift: 3
Compressed class space size: 1073741824 Address: 0x00000007c0000000

Heap:
 PSYoungGen      total 737280K, used 185231K [0x000000076ab00000, 0x00000007afd00000, 0x00000007c0000000)
  eden space 457216K, 0% used [0x000000076ab00000,0x000000076ab00000,0x0000000786980000)
  from space 280064K, 66% used [0x0000000786980000,0x0000000791e63d78,0x0000000797b00000)
  to   space 293888K, 0% used [0x000000079de00000,0x000000079de00000,0x00000007afd00000)
 ParOldGen       total 572928K, used 568508K [0x00000006c0000000, 0x00000006e2f80000, 0x000000076ab00000)
  object space 572928K, 99% used [0x00000006c0000000,0x00000006e2b2f078,0x00000006e2f80000)
 Metaspace       used 6654K, capacity 7344K, committed 7552K, reserved 1056768K
  class space    used 599K, capacity 616K, committed 640K, reserved 1048576K

Card table byte_map: [0x00007f55350cb000,0x00007f55358cc000] byte_map_base: 0x00007f5531acb000

Marking Bits: (ParMarkBitMap*) 0x00007f553777f920
 Begin Bits: [0x00007f5504000000, 0x00007f5508000000)
 End Bits:   [0x00007f5508000000, 0x00007f550c000000)

Polling page: 0x00007f55381d9000

CodeCache: size=245760Kb used=12345Kb max_used=13065Kb free=233414Kb
 bounds [0x00007f5521000000, 0x00007f5521d20000, 0x00007f5530000000]
 total_blobs=2695 nmethods=2422 adapters=187
 compilation: enabled

Compilation events (10 events):
Event: 36.989 Thread 0x00007f55300bc800 nmethod 3210 0x00007f5521244e90 code [0x00007f5521245080, 0x00007f5521245688]
Event: 36.990 Thread 0x00007f55300bc800 3209       4       com.android.dx.dex.code.RopTranslator::getRegs (64 bytes)
Event: 37.005 Thread 0x00007f55300bc800 nmethod 3209 0x00007f55212f4c90 code [0x00007f55212f4e40, 0x00007f55212f54d8]
Event: 37.005 Thread 0x00007f55300bc800 3190       4       com.android.dx.rop.code.SourcePosition::<init> (50 bytes)
Event: 37.006 Thread 0x00007f55300bc800 nmethod 3190 0x00007f5521645450 code [0x00007f55216455a0, 0x00007f5521645678]
Event: 37.007 Thread 0x00007f55300bc800 3205       4       com.android.dx.cf.code.BasicBlocker::visitConstant (39 bytes)
Event: 37.010 Thread 0x00007f55300c1800 3215 %     3       com.android.dx.dex.cf.AttributeTranslator::translateInnerClasses @ 46 (356 bytes)
Event: 37.014 Thread 0x00007f55300c1800 nmethod 3215% 0x00007f55216eba90 code [0x00007f55216ec0e0, 0x00007f55216f0818]
Event: 37.015 Thread 0x00007f55300bc800 nmethod 3205 0x00007f552146fe50 code [0x00007f552146ffc0, 0x00007f55214701c8]
Event: 37.015 Thread 0x00007f55300bc800 3204       4       com.android.dx.ssa.back.FirstFitLocalCombiningAllocator::addMapping (76 bytes)

GC Heap History (10 events):
Event: 29.531 GC heap after
Heap after GC invocations=23 (full 4):
 PSYoungGen      total 572416K, used 143694K [0x000000076ab00000, 0x000000079d080000, 0x00000007c0000000)
  eden space 417280K, 0% used [0x000000076ab00000,0x000000076ab00000,0x0000000784280000)
  from space 155136K, 92% used [0x0000000784280000,0x000000078ced3a78,0x000000078da00000)
  to   space 176640K, 0% used [0x0000000792400000,0x0000000792400000,0x000000079d080000)
 ParOldGen       total 560128K, used 364462K [0x00000006c0000000, 0x00000006e2300000, 0x000000076ab00000)
  object space 560128K, 65% used [0x00000006c0000000,0x00000006d63ebb08,0x00000006e2300000)
 Metaspace       used 6644K, capacity 7344K, committed 7552K, reserved 1056768K
  class space    used 598K, capacity 616K, committed 640K, reserved 1048576K
}
Event: 30.998 GC heap before
{Heap before GC invocations=24 (full 4):
 PSYoungGen      total 572416K, used 560974K [0x000000076ab00000, 0x000000079d080000, 0x00000007c0000000)
  eden space 417280K, 100% used [0x000000076ab00000,0x0000000784280000,0x0000000784280000)
  from space 155136K, 92% used [0x0000000784280000,0x000000078ced3a78,0x000000078da00000)
  to   space 176640K, 0% used [0x0000000792400000,0x0000000792400000,0x000000079d080000)
 ParOldGen       total 560128K, used 364462K [0x00000006c0000000, 0x00000006e2300000, 0x000000076ab00000)
  object space 560128K, 65% used [0x00000006c0000000,0x00000006d63ebb08,0x00000006e2300000)
 Metaspace       used 6644K, capacity 7344K, committed 7552K, reserved 1056768K
  class space    used 598K, capacity 616K, committed 640K, reserved 1048576K
Event: 31.422 GC heap after
Heap after GC invocations=24 (full 4):
 PSYoungGen      total 608768K, used 176609K [0x000000076ab00000, 0x00000007a2400000, 0x00000007c0000000)
  eden space 432128K, 0% used [0x000000076ab00000,0x000000076ab00000,0x0000000785100000)
  from space 176640K, 99% used [0x0000000792400000,0x000000079d078420,0x000000079d080000)
  to   space 216064K, 0% used [0x0000000785100000,0x0000000785100000,0x0000000792400000)
 ParOldGen       total 560128K, used 392581K [0x00000006c0000000, 0x00000006e2300000, 0x000000076ab00000)
  object space 560128K, 70% used [0x00000006c0000000,0x00000006d7f61400,0x00000006e2300000)
 Metaspace       used 6644K, capacity 7344K, committed 7552K, reserved 1056768K
  class space    used 598K, capacity 616K, committed 640K, reserved 1048576K
}
Event: 33.076 GC heap before
{Heap before GC invocations=25 (full 4):
 PSYoungGen      total 608768K, used 608737K [0x000000076ab00000, 0x00000007a2400000, 0x00000007c0000000)
  eden space 432128K, 100% used [0x000000076ab00000,0x0000000785100000,0x0000000785100000)
  from space 176640K, 99% used [0x0000000792400000,0x000000079d078420,0x000000079d080000)
  to   space 216064K, 0% used [0x0000000785100000,0x0000000785100000,0x0000000792400000)
 ParOldGen       total 560128K, used 392581K [0x00000006c0000000, 0x00000006e2300000, 0x000000076ab00000)
  object space 560128K, 70% used [0x00000006c0000000,0x00000006d7f61400,0x00000006e2300000)
 Metaspace       used 6652K, capacity 7344K, committed 7552K, reserved 1056768K
  class space    used 599K, capacity 616K, committed 640K, reserved 1048576K
Event: 33.475 GC heap after
Heap after GC invocations=25 (full 4):
 PSYoungGen      total 648192K, used 180244K [0x000000076ab00000, 0x00000007a6480000, 0x00000007c0000000)
  eden space 432128K, 0% used [0x000000076ab00000,0x000000076ab00000,0x0000000785100000)
  from space 216064K, 83% used [0x0000000785100000,0x0000000790105098,0x0000000792400000)
  to   space 239104K, 0% used [0x0000000797b00000,0x0000000797b00000,0x00000007a6480000)
 ParOldGen       total 560128K, used 456425K [0x00000006c0000000, 0x00000006e2300000, 0x000000076ab00000)
  object space 560128K, 81% used [0x00000006c0000000,0x00000006dbdba6c8,0x00000006e2300000)
 Metaspace       used 6652K, capacity 7344K, committed 7552K, reserved 1056768K
  class space    used 599K, capacity 616K, committed 640K, reserved 1048576K
}
Event: 35.059 GC heap before
{Heap before GC invocations=26 (full 4):
 PSYoungGen      total 648192K, used 612372K [0x000000076ab00000, 0x00000007a6480000, 0x00000007c0000000)
  eden space 432128K, 100% used [0x000000076ab00000,0x0000000785100000,0x0000000785100000)
  from space 216064K, 83% used [0x0000000785100000,0x0000000790105098,0x0000000792400000)
  to   space 239104K, 0% used [0x0000000797b00000,0x0000000797b00000,0x00000007a6480000)
 ParOldGen       total 560128K, used 456425K [0x00000006c0000000, 0x00000006e2300000, 0x000000076ab00000)
  object space 560128K, 81% used [0x00000006c0000000,0x00000006dbdba6c8,0x00000006e2300000)
 Metaspace       used 6653K, capacity 7344K, committed 7552K, reserved 1056768K
  class space    used 599K, capacity 616K, committed 640K, reserved 1048576K
Event: 35.434 GC heap after
Heap after GC invocations=26 (full 4):
 PSYoungGen      total 696320K, used 239077K [0x000000076ab00000, 0x00000007ab600000, 0x00000007c0000000)
  eden space 457216K, 0% used [0x000000076ab00000,0x000000076ab00000,0x0000000786980000)
  from space 239104K, 99% used [0x0000000797b00000,0x00000007a64794c8,0x00000007a6480000)
  to   space 280064K, 0% used [0x0000000786980000,0x0000000786980000,0x0000000797b00000)
 ParOldGen       total 560128K, used 459306K [0x00000006c0000000, 0x00000006e2300000, 0x000000076ab00000)
  object space 560128K, 82% used [0x00000006c0000000,0x00000006dc08a920,0x00000006e2300000)
 Metaspace       used 6653K, capacity 7344K, committed 7552K, reserved 1056768K
  class space    used 599K, capacity 616K, committed 640K, reserved 1048576K
}
Event: 37.019 GC heap before
{Heap before GC invocations=27 (full 4):
 PSYoungGen      total 696320K, used 696293K [0x000000076ab00000, 0x00000007ab600000, 0x00000007c0000000)
  eden space 457216K, 100% used [0x000000076ab00000,0x0000000786980000,0x0000000786980000)
  from space 239104K, 99% used [0x0000000797b00000,0x00000007a64794c8,0x00000007a6480000)
  to   space 280064K, 0% used [0x0000000786980000,0x0000000786980000,0x0000000797b00000)
 ParOldGen       total 560128K, used 459306K [0x00000006c0000000, 0x00000006e2300000, 0x000000076ab00000)
  object space 560128K, 82% used [0x00000006c0000000,0x00000006dc08a920,0x00000006e2300000)
 Metaspace       used 6654K, capacity 7344K, committed 7552K, reserved 1056768K
  class space    used 599K, capacity 616K, committed 640K, reserved 1048576K
Event: 38.392 GC heap after
Heap after GC invocations=27 (full 4):
 PSYoungGen      total 737280K, used 191799K [0x000000076ab00000, 0x00000007afd00000, 0x00000007c0000000)
  eden space 457216K, 0% used [0x000000076ab00000,0x000000076ab00000,0x0000000786980000)
  from space 280064K, 68% used [0x0000000786980000,0x00000007924cde58,0x0000000797b00000)
  to   space 293888K, 0% used [0x000000079de00000,0x000000079de00000,0x00000007afd00000)
 ParOldGen       total 572928K, used 572618K [0x00000006c0000000, 0x00000006e2f80000, 0x000000076ab00000)
  object space 572928K, 99% used [0x00000006c0000000,0x00000006e2f32b90,0x00000006e2f80000)
 Metaspace       used 6654K, capacity 7344K, committed 7552K, reserved 1056768K
  class space    used 599K, capacity 616K, committed 640K, reserved 1048576K
}
Event: 38.434 GC heap before
{Heap before GC invocations=28 (full 5):
 PSYoungGen      total 737280K, used 191799K [0x000000076ab00000, 0x00000007afd00000, 0x00000007c0000000)
  eden space 457216K, 0% used [0x000000076ab00000,0x000000076ab00000,0x0000000786980000)
  from space 280064K, 68% used [0x0000000786980000,0x00000007924cde58,0x0000000797b00000)
  to   space 293888K, 0% used [0x000000079de00000,0x000000079de00000,0x00000007afd00000)
 ParOldGen       total 572928K, used 572618K [0x00000006c0000000, 0x00000006e2f80000, 0x000000076ab00000)
  object space 572928K, 99% used [0x00000006c0000000,0x00000006e2f32b90,0x00000006e2f80000)
 Metaspace       used 6654K, capacity 7344K, committed 7552K, reserved 1056768K
  class space    used 599K, capacity 616K, committed 640K, reserved 1048576K

Deoptimization events (10 events):
Event: 31.960 Thread 0x00007f553000e800 Uncommon trap: reason=unstable_if action=reinterpret pc=0x00007f55214931d4 method=java.util.BitSet.nextClearBit(I)I @ 70
Event: 32.512 Thread 0x00007f553018a000 Uncommon trap: reason=unstable_if action=reinterpret pc=0x00007f55213c7ecc method=com.android.dx.cf.code.LocalVariableList$Item.matchesPcAndIndex(II)Z @ 13
Event: 32.562 Thread 0x00007f553018a000 Uncommon trap: reason=unstable_if action=reinterpret pc=0x00007f5521377978 method=java.util.HashMap.resize()[Ljava/util/HashMap$Node; @ 206
Event: 32.565 Thread 0x00007f553018a000 Uncommon trap: reason=unstable_if action=reinterpret pc=0x00007f55211f7940 method=java.util.HashMap.resize()[Ljava/util/HashMap$Node; @ 206
Event: 32.909 Thread 0x00007f553000e800 Uncommon trap: reason=unstable_if action=reinterpret pc=0x00007f5521a7ca8c method=com.android.dx.cf.code.Merger.isPossiblyAssignableFrom(Lcom/android/dx/rop/type/TypeBearer;Lcom/android/dx/rop/type/TypeBearer;)Z @ 131
Event: 32.909 Thread 0x00007f553000e800 Uncommon trap: reason=unstable_if action=reinterpret pc=0x00007f5521b20b20 method=com.android.dx.cf.code.Merger.isPossiblyAssignableFrom(Lcom/android/dx/rop/type/TypeBearer;Lcom/android/dx/rop/type/TypeBearer;)Z @ 131
Event: 33.654 Thread 0x00007f553000e800 Uncommon trap: reason=unstable_if action=reinterpret pc=0x00007f55214e3b50 method=com.android.dx.ssa.back.SsaToRop.convertBasicBlock(Lcom/android/dx/ssa/SsaBasicBlock;)Lcom/android/dx/rop/code/BasicBlock; @ 21
Event: 33.718 Thread 0x00007f553000e800 Uncommon trap: reason=unstable_if action=reinterpret pc=0x00007f5521c0c070 method=com.android.dx.ssa.back.IdenticalBlockCombiner.replaceSucc(Lcom/android/dx/rop/code/BasicBlock;II)V @ 30
Event: 34.785 Thread 0x00007f553018a000 Uncommon trap: reason=class_check action=maybe_recompile pc=0x00007f5521bf2424 method=com.android.dx.ssa.SsaConverter.placePhiFunctions(Lcom/android/dx/ssa/SsaMethod;Lcom/android/dx/ssa/LocalVariableInfo;I)V @ 257
Event: 34.974 Thread 0x00007f5530191000 Uncommon trap: reason=unstable_if action=reinterpret pc=0x00007f552185e24c method=com.android.dx.rop.code.DexTranslationAdvice.hasConstantOperation(Lcom/android/dx/rop/code/Rop;Lcom/android/dx/rop/code/RegisterSpec;Lcom/android/dx/rop/code/RegisterSpec;)Z

Classes redefined (0 events):
No events

Internal exceptions (9 events):
Event: 0.103 Thread 0x00007f553000e800 Exception <a 'java/lang/NoSuchMethodError': Method sun.misc.Unsafe.defineClass(Ljava/lang/String;[BII)Ljava/lang/Class; name or signature does not match> (0x000000076ab07cb0) thrown at [/usr/local/google/buildbot/src/googleplex-android/openjdk/out/hotspot
Event: 0.103 Thread 0x00007f553000e800 Exception <a 'java/lang/NoSuchMethodError': Method sun.misc.Unsafe.prefetchRead(Ljava/lang/Object;J)V name or signature does not match> (0x000000076ab07f98) thrown at [/usr/local/google/buildbot/src/googleplex-android/openjdk/out/hotspot/src/share/vm/prim
Event: 1.084 Thread 0x00007f553018d800 Implicit null exception at 0x00007f55212a62aa to 0x00007f55212a870d
Event: 1.093 Thread 0x00007f5530190000 Implicit null exception at 0x00007f55212bc993 to 0x00007f55212bed7d
Event: 1.727 Thread 0x00007f5530191000 Exception <a 'java/lang/ArrayIndexOutOfBoundsException': 18> (0x000000076c25edf0) thrown at [/usr/local/google/buildbot/src/googleplex-android/openjdk/out/hotspot/src/share/vm/interpreter/interpreterRuntime.cpp, line 368]
Event: 1.728 Thread 0x00007f5530191000 Exception <a 'java/lang/ArrayIndexOutOfBoundsException': 145> (0x000000076c260970) thrown at [/usr/local/google/buildbot/src/googleplex-android/openjdk/out/hotspot/src/share/vm/interpreter/interpreterRuntime.cpp, line 368]
Event: 1.729 Thread 0x00007f5530191000 Exception <a 'java/lang/ArrayIndexOutOfBoundsException': 40> (0x000000076c261c58) thrown at [/usr/local/google/buildbot/src/googleplex-android/openjdk/out/hotspot/src/share/vm/interpreter/interpreterRuntime.cpp, line 368]
Event: 16.912 Thread 0x00007f5530191000 Implicit null exception at 0x00007f5521560c8a to 0x00007f5521562839
Event: 28.372 Thread 0x00007f553018a000 Implicit null exception at 0x00007f55218c7f5a to 0x00007f55218ceb9d

Events (10 events):
Event: 36.834 Thread 0x00007f55300bf800 flushing nmethod 0x00007f5521499350
Event: 36.835 Thread 0x00007f55300bf800 flushing nmethod 0x00007f55215185d0
Event: 36.835 Thread 0x00007f55300bf800 flushing nmethod 0x00007f5521589310
Event: 36.840 Thread 0x00007f55300bf800 flushing nmethod 0x00007f552160f850
Event: 36.978 Thread 0x00007f55300bc800 flushing nmethod 0x00007f55216e7fd0
Event: 36.978 Thread 0x00007f55300bc800 flushing nmethod 0x00007f55216fda10
Event: 36.980 Thread 0x00007f55300bc800 flushing nmethod 0x00007f55217a0fd0
Event: 37.006 Thread 0x00007f55300bc800 flushing nmethod 0x00007f5521a57c10
Event: 37.006 Thread 0x00007f55300bc800 flushing nmethod 0x00007f5521a5d210
Event: 37.019 Executing VM operation: ParallelGCFailedAllocation


Dynamic libraries:
00400000-00401000 r-xp 00000000 08:01 7352713                            /home/niroop/Documents/android-studio/jre/bin/java
00401000-00402000 rw-p 00000000 08:01 7352713                            /home/niroop/Documents/android-studio/jre/bin/java
01811000-01832000 rw-p 00000000 00:00 0                                  [heap]
6c0000000-6e2f80000 rw-p 00000000 00:00 0 
6f2700000-76ab00000 ---p 00000000 00:00 0 
76ab00000-7afd00000 rw-p 00000000 00:00 0 
7afd00000-7c0000000 ---p 00000000 00:00 0 
7c0000000-7c00a0000 rw-p 00000000 00:00 0 
7c00a0000-800000000 ---p 00000000 00:00 0 
7f54cc000000-7f54cc050000 rw-p 00000000 00:00 0 
7f54cc050000-7f54d0000000 ---p 00000000 00:00 0 
7f54d0000000-7f54d003f000 rw-p 00000000 00:00 0 
7f54d003f000-7f54d4000000 ---p 00000000 00:00 0 
7f54d4000000-7f54d4021000 rw-p 00000000 00:00 0 
7f54d4021000-7f54d8000000 ---p 00000000 00:00 0 
7f54d8000000-7f54d8063000 rw-p 00000000 00:00 0 
7f54d8063000-7f54dc000000 ---p 00000000 00:00 0 
7f54dc000000-7f54dc021000 rw-p 00000000 00:00 0 
7f54dc021000-7f54e0000000 ---p 00000000 00:00 0 
7f54e0000000-7f54e0053000 rw-p 00000000 00:00 0 
7f54e0053000-7f54e4000000 ---p 00000000 00:00 0 
7f54e4000000-7f54e4d0c000 rw-p 00000000 00:00 0 
7f54e4d0c000-7f54e8000000 ---p 00000000 00:00 0 
7f54e8000000-7f54e8021000 rw-p 00000000 00:00 0 
7f54e8021000-7f54ec000000 ---p 00000000 00:00 0 
7f54ec000000-7f54ed818000 rw-p 00000000 00:00 0 
7f54ed818000-7f54f0000000 ---p 00000000 00:00 0 
7f54f0000000-7f54f1893000 rw-p 00000000 00:00 0 
7f54f1893000-7f54f4000000 ---p 00000000 00:00 0 
7f54f4000000-7f54f4021000 rw-p 00000000 00:00 0 
7f54f4021000-7f54f8000000 ---p 00000000 00:00 0 
7f54f8000000-7f54f8021000 rw-p 00000000 00:00 0 
7f54f8021000-7f54fc000000 ---p 00000000 00:00 0 
7f54fc000000-7f54fc2c5000 rw-p 00000000 00:00 0 
7f54fc2c5000-7f5500000000 ---p 00000000 00:00 0 
7f5500000000-7f5500021000 rw-p 00000000 00:00 0 
7f5500021000-7f5504000000 ---p 00000000 00:00 0 
7f5504000000-7f550c000000 rw-p 00000000 00:00 0 
7f550c000000-7f550c021000 rw-p 00000000 00:00 0 
7f550c021000-7f5510000000 ---p 00000000 00:00 0 
7f5511cd6000-7f5511cd9000 ---p 00000000 00:00 0 
7f5511cd9000-7f5511dd7000 rw-p 00000000 00:00 0 
7f5511dd7000-7f5511dda000 ---p 00000000 00:00 0 
7f5511dda000-7f5511ed8000 rw-p 00000000 00:00 0 
7f5511ed8000-7f5511edb000 ---p 00000000 00:00 0 
7f5511edb000-7f5511fd9000 rw-p 00000000 00:00 0 
7f5511fd9000-7f5511fdc000 ---p 00000000 00:00 0 
7f5511fdc000-7f55120da000 rw-p 00000000 00:00 0 
7f55120da000-7f55120dd000 ---p 00000000 00:00 0 
7f55120dd000-7f55121db000 rw-p 00000000 00:00 0 
7f55121db000-7f55121dc000 ---p 00000000 00:00 0 
7f55121dc000-7f55122dc000 rw-p 00000000 00:00 0 
7f55122dc000-7f55122df000 ---p 00000000 00:00 0 
7f55122df000-7f55123dd000 rw-p 00000000 00:00 0 
7f55123dd000-7f55123de000 ---p 00000000 00:00 0 
7f55123de000-7f55123e1000 ---p 00000000 00:00 0 
7f55123e1000-7f55124de000 rw-p 00000000 00:00 0 
7f55124de000-7f55124df000 ---p 00000000 00:00 0 
7f55124df000-7f55124e2000 ---p 00000000 00:00 0 
7f55124e2000-7f55125df000 rw-p 00000000 00:00 0 
7f55125df000-7f55125e0000 ---p 00000000 00:00 0 
7f55125e0000-7f55125e3000 ---p 00000000 00:00 0 
7f55125e3000-7f55126e0000 rw-p 00000000 00:00 0 
7f55126e0000-7f55126e3000 ---p 00000000 00:00 0 
7f55126e3000-7f55127e1000 rw-p 00000000 00:00 0 
7f55127e1000-7f55131b0000 r--p 00000000 08:01 6036074                    /usr/lib/locale/locale-archive
7f55131b0000-7f55131b3000 ---p 00000000 00:00 0 
7f55131b3000-7f55132b1000 rw-p 00000000 00:00 0 
7f55132b1000-7f55132b4000 ---p 00000000 00:00 0 
7f55132b4000-7f55133b2000 rw-p 00000000 00:00 0 
7f55133b2000-7f55133b3000 ---p 00000000 00:00 0 
7f55133b3000-7f5514000000 rw-p 00000000 00:00 0 
7f5514000000-7f5514021000 rw-p 00000000 00:00 0 
7f5514021000-7f5518000000 ---p 00000000 00:00 0 
7f5518000000-7f5518021000 rw-p 00000000 00:00 0 
7f5518021000-7f551c000000 ---p 00000000 00:00 0 
7f551c000000-7f551c021000 rw-p 00000000 00:00 0 
7f551c021000-7f5520000000 ---p 00000000 00:00 0 
7f5520000000-7f55206c0000 rw-p 00000000 00:00 0 
7f55206c0000-7f5520800000 ---p 00000000 00:00 0 
7f5520800000-7f5521000000 rw-p 00000000 00:00 0 
7f5521000000-7f5521d20000 rwxp 00000000 00:00 0 
7f5521d20000-7f5530000000 ---p 00000000 00:00 0 
7f5530000000-7f553041a000 rw-p 00000000 00:00 0 
7f553041a000-7f5534000000 ---p 00000000 00:00 0 
7f553400a000-7f5534019000 r--s 000e4000 08:01 11851761                   /home/niroop/Android/Sdk/build-tools/26.0.0/lib/dx.jar
7f5534019000-7f55344ce000 rw-p 00000000 00:00 0 
7f55344ce000-7f55346a0000 r--s 03cad000 08:01 7352843                    /home/niroop/Documents/android-studio/jre/jre/lib/rt.jar
7f55346a0000-7f5534771000 rw-p 00000000 00:00 0 
7f5534771000-7f5534772000 ---p 00000000 00:00 0 
7f5534772000-7f5534872000 rw-p 00000000 00:00 0 
7f5534872000-7f5534873000 ---p 00000000 00:00 0 
7f5534873000-7f5534973000 rw-p 00000000 00:00 0 
7f5534973000-7f5534974000 ---p 00000000 00:00 0 
7f5534974000-7f5534a74000 rw-p 00000000 00:00 0 
7f5534a74000-7f5534a75000 ---p 00000000 00:00 0 
7f5534a75000-7f5534c8d000 rw-p 00000000 00:00 0 
7f5534c8d000-7f55350cb000 ---p 00000000 00:00 0 
7f55350cb000-7f55351e3000 rw-p 00000000 00:00 0 
7f55351e3000-7f5535620000 ---p 00000000 00:00 0 
7f5535620000-7f553584a000 rw-p 00000000 00:00 0 
7f553584a000-7f55358cb000 ---p 00000000 00:00 0 
7f55358cb000-7f5535901000 rw-p 00000000 00:00 0 
7f5535901000-7f5535c8c000 ---p 00000000 00:00 0 
7f5535c8c000-7f5535c97000 r-xp 00000000 08:01 1840165                    /lib/x86_64-linux-gnu/libnss_files-2.27.so
7f5535c97000-7f5535e96000 ---p 0000b000 08:01 1840165                    /lib/x86_64-linux-gnu/libnss_files-2.27.so
7f5535e96000-7f5535e97000 r--p 0000a000 08:01 1840165                    /lib/x86_64-linux-gnu/libnss_files-2.27.so
7f5535e97000-7f5535e98000 rw-p 0000b000 08:01 1840165                    /lib/x86_64-linux-gnu/libnss_files-2.27.so
7f5535e98000-7f5535e9e000 rw-p 00000000 00:00 0 
7f5535e9e000-7f5535eb5000 r-xp 00000000 08:01 1840159                    /lib/x86_64-linux-gnu/libnsl-2.27.so
7f5535eb5000-7f55360b4000 ---p 00017000 08:01 1840159                    /lib/x86_64-linux-gnu/libnsl-2.27.so
7f55360b4000-7f55360b5000 r--p 00016000 08:01 1840159                    /lib/x86_64-linux-gnu/libnsl-2.27.so
7f55360b5000-7f55360b6000 rw-p 00017000 08:01 1840159                    /lib/x86_64-linux-gnu/libnsl-2.27.so
7f55360b6000-7f55360b8000 rw-p 00000000 00:00 0 
7f55360b8000-7f55360c3000 r-xp 00000000 08:01 1840176                    /lib/x86_64-linux-gnu/libnss_nis-2.27.so
7f55360c3000-7f55362c2000 ---p 0000b000 08:01 1840176                    /lib/x86_64-linux-gnu/libnss_nis-2.27.so
7f55362c2000-7f55362c3000 r--p 0000a000 08:01 1840176                    /lib/x86_64-linux-gnu/libnss_nis-2.27.so
7f55362c3000-7f55362c4000 rw-p 0000b000 08:01 1840176                    /lib/x86_64-linux-gnu/libnss_nis-2.27.so
7f55362c4000-7f55362cc000 r-xp 00000000 08:01 1840161                    /lib/x86_64-linux-gnu/libnss_compat-2.27.so
7f55362cc000-7f55364cc000 ---p 00008000 08:01 1840161                    /lib/x86_64-linux-gnu/libnss_compat-2.27.so
7f55364cc000-7f55364cd000 r--p 00008000 08:01 1840161                    /lib/x86_64-linux-gnu/libnss_compat-2.27.so
7f55364cd000-7f55364ce000 rw-p 00009000 08:01 1840161                    /lib/x86_64-linux-gnu/libnss_compat-2.27.so
7f55364ce000-7f55364d5000 r-xp 00000000 08:01 1840216                    /lib/x86_64-linux-gnu/librt-2.27.so
7f55364d5000-7f55366d4000 ---p 00007000 08:01 1840216                    /lib/x86_64-linux-gnu/librt-2.27.so
7f55366d4000-7f55366d5000 r--p 00006000 08:01 1840216                    /lib/x86_64-linux-gnu/librt-2.27.so
7f55366d5000-7f55366d6000 rw-p 00007000 08:01 1840216                    /lib/x86_64-linux-gnu/librt-2.27.so
7f55366d6000-7f5536873000 r-xp 00000000 08:01 1840138                    /lib/x86_64-linux-gnu/libm-2.27.so
7f5536873000-7f5536a72000 ---p 0019d000 08:01 1840138                    /lib/x86_64-linux-gnu/libm-2.27.so
7f5536a72000-7f5536a73000 r--p 0019c000 08:01 1840138                    /lib/x86_64-linux-gnu/libm-2.27.so
7f5536a73000-7f5536a74000 rw-p 0019d000 08:01 1840138                    /lib/x86_64-linux-gnu/libm-2.27.so
7f5536a74000-7f553769a000 r-xp 00000000 08:01 7352820                    /home/niroop/Documents/android-studio/jre/jre/lib/amd64/server/libjvm.so
7f553769a000-7f553776a000 rw-p 00c26000 08:01 7352820                    /home/niroop/Documents/android-studio/jre/jre/lib/amd64/server/libjvm.so
7f553776a000-7f55377ae000 rw-p 00000000 00:00 0 
7f55377ae000-7f5537995000 r-xp 00000000 08:01 1840075                    /lib/x86_64-linux-gnu/libc-2.27.so
7f5537995000-7f5537b95000 ---p 001e7000 08:01 1840075                    /lib/x86_64-linux-gnu/libc-2.27.so
7f5537b95000-7f5537b99000 r--p 001e7000 08:01 1840075                    /lib/x86_64-linux-gnu/libc-2.27.so
7f5537b99000-7f5537b9b000 rw-p 001eb000 08:01 1840075                    /lib/x86_64-linux-gnu/libc-2.27.so
7f5537b9b000-7f5537b9f000 rw-p 00000000 00:00 0 
7f5537b9f000-7f5537ba2000 r-xp 00000000 08:01 1840098                    /lib/x86_64-linux-gnu/libdl-2.27.so
7f5537ba2000-7f5537da1000 ---p 00003000 08:01 1840098                    /lib/x86_64-linux-gnu/libdl-2.27.so
7f5537da1000-7f5537da2000 r--p 00002000 08:01 1840098                    /lib/x86_64-linux-gnu/libdl-2.27.so
7f5537da2000-7f5537da3000 rw-p 00003000 08:01 1840098                    /lib/x86_64-linux-gnu/libdl-2.27.so
7f5537da3000-7f5537dbd000 r-xp 00000000 08:01 1840208                    /lib/x86_64-linux-gnu/libpthread-2.27.so
7f5537dbd000-7f5537fbc000 ---p 0001a000 08:01 1840208                    /lib/x86_64-linux-gnu/libpthread-2.27.so
7f5537fbc000-7f5537fbd000 r--p 00019000 08:01 1840208                    /lib/x86_64-linux-gnu/libpthread-2.27.so
7f5537fbd000-7f5537fbe000 rw-p 0001a000 08:01 1840208                    /lib/x86_64-linux-gnu/libpthread-2.27.so
7f5537fbe000-7f5537fc2000 rw-p 00000000 00:00 0 
7f5537fc2000-7f5537fe9000 r-xp 00000000 08:01 1840047                    /lib/x86_64-linux-gnu/ld-2.27.so
7f5537ff0000-7f5538068000 rw-p 00000000 00:00 0 
7f5538068000-7f5538083000 r-xp 00000000 08:01 7352802                    /home/niroop/Documents/android-studio/jre/jre/lib/amd64/libzip.so
7f5538083000-7f5538084000 rw-p 0001a000 08:01 7352802                    /home/niroop/Documents/android-studio/jre/jre/lib/amd64/libzip.so
7f5538084000-7f55380ae000 r-xp 00000000 08:01 7352810                    /home/niroop/Documents/android-studio/jre/jre/lib/amd64/libjava.so
7f55380ae000-7f55380b0000 rw-p 0002a000 08:01 7352810                    /home/niroop/Documents/android-studio/jre/jre/lib/amd64/libjava.so
7f55380b0000-7f55380b1000 ---p 00000000 00:00 0 
7f55380b1000-7f55380b4000 ---p 00000000 00:00 0 
7f55380b4000-7f55381b3000 rw-p 00000000 00:00 0 
7f55381b3000-7f55381c9000 r-xp 00000000 08:01 7352701                    /home/niroop/Documents/android-studio/jre/lib/amd64/jli/libjli.so
7f55381c9000-7f55381ca000 rw-p 00015000 08:01 7352701                    /home/niroop/Documents/android-studio/jre/lib/amd64/jli/libjli.so
7f55381ca000-7f55381cc000 rw-p 00000000 00:00 0 
7f55381cd000-7f55381d0000 r--s 00017000 08:01 12611202                   /home/niroop/.gradle/caches/modules-2/files-2.1/io.socket/engine.io-client/0.7.0/c1b1d30e2d2231b2eae1438a44943a409b976dac/engine.io-client-0.7.0.jar
7f55381d0000-7f55381d8000 rw-s 00000000 08:01 12583268                   /tmp/hsperfdata_niroop/12683
7f55381d8000-7f55381d9000 rw-p 00000000 00:00 0 
7f55381d9000-7f55381da000 ---p 00000000 00:00 0 
7f55381da000-7f55381e7000 r-xp 00000000 08:01 7352798                    /home/niroop/Documents/android-studio/jre/jre/lib/amd64/libverify.so
7f55381e7000-7f55381e9000 rw-p 0000c000 08:01 7352798                    /home/niroop/Documents/android-studio/jre/jre/lib/amd64/libverify.so
7f55381e9000-7f55381ea000 r--p 00027000 08:01 1840047                    /lib/x86_64-linux-gnu/ld-2.27.so
7f55381ea000-7f55381eb000 rw-p 00028000 08:01 1840047                    /lib/x86_64-linux-gnu/ld-2.27.so
7f55381eb000-7f55381ec000 rw-p 00000000 00:00 0 
7ffc79d08000-7ffc79d2a000 rw-p 00000000 00:00 0                          [stack]
7ffc79d48000-7ffc79d4b000 r--p 00000000 00:00 0                          [vvar]
7ffc79d4b000-7ffc79d4c000 r-xp 00000000 00:00 0                          [vdso]
ffffffffff600000-ffffffffff601000 r-xp 00000000 00:00 0                  [vsyscall]

VM Arguments:
jvm_args: -Djava.awt.headless=true -Xmx4g -Dfile.encoding=UTF-8 -Duser.country=IN -Duser.language=en -Duser.variant 
java_command: com.android.dx.command.Main --dex --num-threads=4 --multi-dex --output /media/niroop/External HDD/AndroidStudioProjects/User App/app/build/intermediates/transforms/dex/debug/folders/1000/1f/main /home/niroop/.gradle/caches/modules-2/files-2.1/com.twitter/twitter-text/1.13.0/78415b95ae3184c5926d593feab64bfc0b73b2dd/twitter-text-1.13.0.jar /home/niroop/.android/build-cache/344e0ae5b96a066c340cbb65de62b9926cdefc58/output/jars/classes.jar /home/niroop/.android/build-cache/708519143cb1ca08075ced6ae13de74ca64bf15f/output/jars/classes.jar /home/niroop/.gradle/caches/modules-2/files-2.1/com.squareup.okhttp3/okhttp-ws/3.0.1/bd9b51a0188fc8f14bf840a0d326755545206116/okhttp-ws-3.0.1.jar /home/niroop/.android/build-cache/9b622f381cb7bb5838d987a04cc0137936991cc2/output/jars/classes.jar /home/niroop/.android/build-cache/5b51a3324933b67d5359e9286d32d4d1e7e614f2/output/jars/classes.jar /home/niroop/.android/build-cache/12d56c18a42d1f05b9ac1647b156441e2a4dbff5/output/jars/classes.jar /home/niroop/.android/build-cache/0add6791efe6dec7f33222700afd520c9a82813b/output/jars/classes.jar /media/niroop/External HDD/AndroidStudioProjects/User App/stripe/build/intermediates/bundles/default/classes.jar /home/niroop/.android/build-cache/26d5ae123ee9172a01bd32d1a79379bec37b7d2d/output/jars/classes.jar /home/niroop/.gradle/caches/modules-2/files-2.1/com.google.code.gson/gson/2.3/5fc52c41ef0239d1093a1eb7c3697036183677ce/gson-2.3.jar /home/niroop/.gradle/caches/modules-2/files-2.1/cz.msebera.android/httpclient/4.4.1.1/c8d96f6fd2bcc179c312da33ee670a71188cc60d/httpclient-4.4.1.1.jar /home/niroop/.android/build-cache/66327af80aa184671fc17553104e2db35ef7a9b3/output/jars/classes.jar /home/niroop/.android/build-cache/b257c5c0db47bbccb6143d3aada52dde313d9b0e/output/jars/classes.jar /home/niroop/.android/build-cache/3bccaacd42e5be60ac7fed01bcd491f7523ce2f1/output/jars/classes.jar /home/niroop/.android/build-cache/64700c7b9fdf25534d3d17e45870aa364dcf0d2b/output/jars/classes.jar /home/niroop/.
java_class_path (initial): /home/niroop/Android/Sdk/build-tools/26.0.0/lib/dx.jar
Launcher Type: SUN_STANDARD

Environment Variables:
PATH=/usr/local/sbin:/usr/local/bin:/usr/sbin:/usr/bin:/sbin:/bin:/usr/games:/usr/local/games:/snap/bin:/usr/lib/dart/bin
USERNAME=niroop
SHELL=/bin/bash
DISPLAY=:0

Signal Handlers:
SIGSEGV: [libjvm.so+0xa09650], sa_mask[0]=11111111011111111101111111111110, sa_flags=SA_RESTART|SA_SIGINFO
SIGBUS: [libjvm.so+0xa09650], sa_mask[0]=11111111011111111101111111111110, sa_flags=SA_RESTART|SA_SIGINFO
SIGFPE: [libjvm.so+0x86bc60], sa_mask[0]=11111111011111111101111111111110, sa_flags=SA_RESTART|SA_SIGINFO
SIGPIPE: [libjvm.so+0x86bc60], sa_mask[0]=11111111011111111101111111111110, sa_flags=SA_RESTART|SA_SIGINFO
SIGXFSZ: [libjvm.so+0x86bc60], sa_mask[0]=11111111011111111101111111111110, sa_flags=SA_RESTART|SA_SIGINFO
SIGILL: [libjvm.so+0x86bc60], sa_mask[0]=11111111011111111101111111111110, sa_flags=SA_RESTART|SA_SIGINFO
SIGUSR1: SIG_DFL, sa_mask[0]=00000000000000000000000000000000, sa_flags=none
SIGUSR2: [libjvm.so+0x86bb30], sa_mask[0]=00100000000000000000000000000000, sa_flags=SA_RESTART|SA_SIGINFO
SIGHUP: SIG_IGN, sa_mask[0]=00000000000000000000000000000000, sa_flags=none
SIGINT: [libjvm.so+0x86bd20], sa_mask[0]=11111111011111111101111111111110, sa_flags=SA_RESTART|SA_SIGINFO
SIGTERM: [libjvm.so+0x86bd20], sa_mask[0]=11111111011111111101111111111110, sa_flags=SA_RESTART|SA_SIGINFO
SIGQUIT: [libjvm.so+0x86bd20], sa_mask[0]=11111111011111111101111111111110, sa_flags=SA_RESTART|SA_SIGINFO


---------------  S Y S T E M  ---------------

OS:DISTRIB_ID=Ubuntu
DISTRIB_RELEASE=18.04
DISTRIB_CODENAME=bionic
DISTRIB_DESCRIPTION="Ubuntu 18.04.3 LTS"

uname:Linux 5.0.0-37-generic #40~18.04.1-Ubuntu SMP Thu Nov 14 12:06:39 UTC 2019 x86_64
libc:glibc 2.27 NPTL 2.27 
rlimit: STACK 8192k, CORE 0k, NPROC 23162, NOFILE 1048576, AS infinity
load average:4.77 3.20 2.86

/proc/meminfo:
MemTotal:        5979864 kB
MemFree:          122456 kB
MemAvailable:      60428 kB
Buffers:            6836 kB
Cached:           145104 kB
SwapCached:        22916 kB
Active:          4675524 kB
Inactive:         823748 kB
Active(anon):    4649720 kB
Inactive(anon):   803108 kB
Active(file):      25804 kB
Inactive(file):    20640 kB
Unevictable:         132 kB
Mlocked:              48 kB
SwapTotal:       2097148 kB
SwapFree:              0 kB
Dirty:               216 kB
Writeback:             0 kB
AnonPages:       5325384 kB
Mapped:            42536 kB
Shmem:            105444 kB
KReclaimable:      91028 kB
Slab:             162448 kB
SReclaimable:      91028 kB
SUnreclaim:        71420 kB
KernelStack:       16912 kB
PageTables:        75440 kB
NFS_Unstable:          0 kB
Bounce:                0 kB
WritebackTmp:          0 kB
CommitLimit:     5087080 kB
Committed_AS:   14355616 kB
VmallocTotal:   34359738367 kB
VmallocUsed:           0 kB
VmallocChunk:          0 kB
Percpu:             2528 kB
HardwareCorrupted:     0 kB
AnonHugePages:         0 kB
ShmemHugePages:        0 kB
ShmemPmdMapped:        0 kB
CmaTotal:              0 kB
CmaFree:               0 kB
HugePages_Total:       0
HugePages_Free:        0
HugePages_Rsvd:        0
HugePages_Surp:        0
Hugepagesize:       2048 kB
Hugetlb:               0 kB
DirectMap4k:      303384 kB
DirectMap2M:     5867520 kB

container (cgroup) information:
container_type: cgroupv1
cpu_cpuset_cpus: 0-3
cpu_memory_nodes: 0
active_processor_count: 4
cpu_quota: -1
cpu_period: 100000
cpu_shares: -1
memory_limit_in_bytes: -1
memory_and_swap_limit_in_bytes: -2
memory_soft_limit_in_bytes: -1
memory_usage_in_bytes: 5630083072
memory_max_usage_in_bytes: 159260672


CPU:total 4 (initial active 4) (2 cores per cpu, 2 threads per core) family 6 model 58 stepping 9, cmov, cx8, fxsr, mmx, sse, sse2, sse3, ssse3, sse4.1, sse4.2, popcnt, avx, aes, clmul, erms, ht, tsc, tscinvbit, tscinv

/proc/cpuinfo:
processor	: 0
vendor_id	: GenuineIntel
cpu family	: 6
model		: 58
model name	: Intel(R) Core(TM) i5-3337U CPU @ 1.80GHz
stepping	: 9
microcode	: 0x21
cpu MHz		: 1014.420
cache size	: 3072 KB
physical id	: 0
siblings	: 4
core id		: 0
cpu cores	: 2
apicid		: 0
initial apicid	: 0
fpu		: yes
fpu_exception	: yes
cpuid level	: 13
wp		: yes
flags		: fpu vme de pse tsc msr pae mce cx8 apic sep mtrr pge mca cmov pat pse36 clflush dts acpi mmx fxsr sse sse2 ss ht tm pbe syscall nx rdtscp lm constant_tsc arch_perfmon pebs bts rep_good nopl xtopology nonstop_tsc cpuid aperfmperf pni pclmulqdq dtes64 monitor ds_cpl vmx est tm2 ssse3 cx16 xtpr pdcm pcid sse4_1 sse4_2 x2apic popcnt tsc_deadline_timer aes xsave avx f16c rdrand lahf_lm cpuid_fault epb pti ssbd ibrs ibpb stibp tpr_shadow vnmi flexpriority ept vpid fsgsbase smep erms xsaveopt dtherm ida arat pln pts md_clear flush_l1d
bugs		: cpu_meltdown spectre_v1 spectre_v2 spec_store_bypass l1tf mds swapgs itlb_multihit
bogomips	: 3591.95
clflush size	: 64
cache_alignment	: 64
address sizes	: 36 bits physical, 48 bits virtual
power management:

processor	: 1
vendor_id	: GenuineIntel
cpu family	: 6
model		: 58
model name	: Intel(R) Core(TM) i5-3337U CPU @ 1.80GHz
stepping	: 9
microcode	: 0x21
cpu MHz		: 1336.441
cache size	: 3072 KB
physical id	: 0
siblings	: 4
core id		: 0
cpu cores	: 2
apicid		: 1
initial apicid	: 1
fpu		: yes
fpu_exception	: yes
cpuid level	: 13
wp		: yes
flags		: fpu vme de pse tsc msr pae mce cx8 apic sep mtrr pge mca cmov pat pse36 clflush dts acpi mmx fxsr sse sse2 ss ht tm pbe syscall nx rdtscp lm constant_tsc arch_perfmon pebs bts rep_good nopl xtopology nonstop_tsc cpuid aperfmperf pni pclmulqdq dtes64 monitor ds_cpl vmx est tm2 ssse3 cx16 xtpr pdcm pcid sse4_1 sse4_2 x2apic popcnt tsc_deadline_timer aes xsave avx f16c rdrand lahf_lm cpuid_fault epb pti ssbd ibrs ibpb stibp tpr_shadow vnmi flexpriority ept vpid fsgsbase smep erms xsaveopt dtherm ida arat pln pts md_clear flush_l1d
bugs		: cpu_meltdown spectre_v1 spectre_v2 spec_store_bypass l1tf mds swapgs itlb_multihit
bogomips	: 3591.95
clflush size	: 64
cache_alignment	: 64
address sizes	: 36 bits physical, 48 bits virtual
power management:

processor	: 2
vendor_id	: GenuineIntel
cpu family	: 6
model		: 58
model name	: Intel(R) Core(TM) i5-3337U CPU @ 1.80GHz
stepping	: 9
microcode	: 0x21
cpu MHz		: 1106.601
cache size	: 3072 KB
physical id	: 0
siblings	: 4
core id		: 1
cpu cores	: 2
apicid		: 2
initial apicid	: 2
fpu		: yes
fpu_exception	: yes
cpuid level	: 13
wp		: yes
flags		: fpu vme de pse tsc msr pae mce cx8 apic sep mtrr pge mca cmov pat pse36 clflush dts acpi mmx fxsr sse sse2 ss ht tm pbe syscall nx rdtscp lm constant_tsc arch_perfmon pebs bts rep_good nopl xtopology nonstop_tsc cpuid aperfmperf pni pclmulqdq dtes64 monitor ds_cpl vmx est tm2 ssse3 cx16 xtpr pdcm pcid sse4_1 sse4_2 x2apic popcnt tsc_deadline_timer aes xsave avx f16c rdrand lahf_lm cpuid_fault epb pti ssbd ibrs ibpb stibp tpr_shadow vnmi flexpriority ept vpid fsgsbase smep erms xsaveopt dtherm ida arat pln pts md_clear flush_l1d
bugs		: cpu_meltdown spectre_v1 spectre_v2 spec_store_bypass l1tf mds swapgs itlb_multihit
bogomips	: 3591.95
clflush size	: 64
cache_alignment	: 64
address sizes	: 36 bits physical, 48 bits virtual
power management:

processor	: 3
vendor_id	: GenuineIntel
cpu family	: 6
model		: 58
model name	: Intel(R) Core(TM) i5-3337U CPU @ 1.80GHz
stepping	: 9
microcode	: 0x21
cpu MHz		: 1031.476
cache size	: 3072 KB
physical id	: 0
siblings	: 4
core id		: 1
cpu cores	: 2
apicid		: 3
initial apicid	: 3
fpu		: yes
fpu_exception	: yes
cpuid level	: 13
wp		: yes
flags		: fpu vme de pse tsc msr pae mce cx8 apic sep mtrr pge mca cmov pat pse36 clflush dts acpi mmx fxsr sse sse2 ss ht tm pbe syscall nx rdtscp lm constant_tsc arch_perfmon pebs bts rep_good nopl xtopology nonstop_tsc cpuid aperfmperf pni pclmulqdq dtes64 monitor ds_cpl vmx est tm2 ssse3 cx16 xtpr pdcm pcid sse4_1 sse4_2 x2apic popcnt tsc_deadline_timer aes xsave avx f16c rdrand lahf_lm cpuid_fault epb pti ssbd ibrs ibpb stibp tpr_shadow vnmi flexpriority ept vpid fsgsbase smep erms xsaveopt dtherm ida arat pln pts md_clear flush_l1d
bugs		: cpu_meltdown spectre_v1 spectre_v2 spec_store_bypass l1tf mds swapgs itlb_multihit
bogomips	: 3591.95
clflush size	: 64
cache_alignment	: 64
address sizes	: 36 bits physical, 48 bits virtual
power management:



Memory: 4k page, physical 5979864k(122440k free), swap 2097148k(0k free)

vm_info: OpenJDK 64-Bit Server VM (25.202-b49-5587405) for linux-amd64 JRE (1.8.0_202-release-1483-b49-5587405), built by "android-build" with gcc 4.8

time: Mon Mar 16 15:27:06 2020
timezone: IST
elapsed time: 43 seconds (0d 0h 0m 43s)

