#
# There is insufficient memory for the Java Runtime Environment to continue.
# Native memory allocation (mmap) failed to map 255852544 bytes for committing reserved memory.
# Possible reasons:
#   The system is out of physical RAM or swap space
#   The process is running with CompressedOops enabled, and the Java Heap may be blocking the growth of the native heap
# Possible solutions:
#   Reduce memory load on the system
#   Increase physical memory or swap space
#   Check if swap backing store is full
#   Decrease Java heap size (-Xmx/-Xms)
#   Decrease number of Java threads
#   Decrease Java thread stack sizes (-Xss)
#   Set larger code cache with -XX:ReservedCodeCacheSize=
#   JVM is running with Zero Based Compressed Oops mode in which the Java heap is
#     placed in the first 32GB address space. The Java Heap base address is the
#     maximum limit for the native heap growth. Please use -XX:HeapBaseMinAddress
#     to set the Java Heap base and to place the Java Heap above 32GB virtual address.
# This output file may be truncated or incomplete.
#
#  Out of Memory Error (os_linux.cpp:2753), pid=8333, tid=0x00007f963036f700
#
# JRE version: OpenJDK Runtime Environment (8.0_202) (build 1.8.0_202-release-1483-b49-5587405)
# Java VM: OpenJDK 64-Bit Server VM (25.202-b49-5587405 mixed mode linux-amd64 compressed oops)
# Failed to write core dump. Core dumps have been disabled. To enable core dumping, try "ulimit -c unlimited" before starting Java again
#

---------------  T H R E A D  ---------------

Current thread (0x00007f964007c800):  VMThread [stack: 0x00007f9630270000,0x00007f9630370000] [id=8344]

Stack: [0x00007f9630270000,0x00007f9630370000],  sp=0x00007f963036e530,  free space=1017k
Native frames: (J=compiled Java code, j=interpreted, Vv=VM code, C=native code)
V  [libjvm.so+0xa08b78]  VMError::report_and_die()+0x148
V  [libjvm.so+0x4d412a]  report_vm_out_of_memory(char const*, int, unsigned long, VMErrorType, char const*)+0x8a
V  [libjvm.so+0x870478]  os::pd_commit_memory(char*, unsigned long, unsigned long, bool)+0xd8
V  [libjvm.so+0x867f9f]  os::commit_memory(char*, unsigned long, unsigned long, bool)+0x1f
V  [libjvm.so+0x8e14eb]  PSVirtualSpace::expand_by(unsigned long)+0x5b
V  [libjvm.so+0x8d234b]  PSOldGen::expand_by(unsigned long) [clone .part.109]+0x1b
V  [libjvm.so+0x8d250b]  PSOldGen::expand(unsigned long) [clone .part.111]+0xdb
V  [libjvm.so+0x8d2de8]  PSOldGen::resize(unsigned long)+0x188
V  [libjvm.so+0x8d83cc]  PSParallelCompact::invoke_no_policy(bool)+0x94c
V  [libjvm.so+0x8df48d]  PSScavenge::invoke()+0x17d
V  [libjvm.so+0x893763]  ParallelScavengeHeap::failed_mem_allocate(unsigned long)+0x63
V  [libjvm.so+0xa0a644]  VM_ParallelGCFailedAllocation::doit()+0x84
V  [libjvm.so+0xa0ea17]  VM_Operation::evaluate()+0x47
V  [libjvm.so+0xa0d498]  VMThread::evaluate_operation(VM_Operation*)+0x218
V  [libjvm.so+0xa0d8d1]  VMThread::loop()+0x1f1
V  [libjvm.so+0xa0dd02]  VMThread::run()+0x72
V  [libjvm.so+0x86d652]  java_start(Thread*)+0xf2

VM_Operation (0x00007f9623029080): ParallelGCFailedAllocation, mode: safepoint, requested by thread 0x00007f9640192000


---------------  P R O C E S S  ---------------

Java Threads: ( => current thread )
  0x00007f9640199000 JavaThread "pool-2-thread-4" [_thread_blocked, id=8357, stack(0x00007f9622b26000,0x00007f9622c27000)]
  0x00007f9640198000 JavaThread "pool-2-thread-3" [_thread_blocked, id=8356, stack(0x00007f9622c27000,0x00007f9622d28000)]
  0x00007f9640195800 JavaThread "pool-2-thread-2" [_thread_blocked, id=8355, stack(0x00007f9622d28000,0x00007f9622e29000)]
  0x00007f9640193800 JavaThread "pool-3-thread-1" [_thread_blocked, id=8354, stack(0x00007f9622e29000,0x00007f9622f2a000)]
  0x00007f9640192000 JavaThread "pool-2-thread-1" [_thread_blocked, id=8353, stack(0x00007f9622f2a000,0x00007f962302b000)]
  0x00007f96400d6800 JavaThread "Service Thread" daemon [_thread_blocked, id=8351, stack(0x00007f962312c000,0x00007f962322d000)]
  0x00007f96400c1800 JavaThread "C1 CompilerThread2" daemon [_thread_blocked, id=8350, stack(0x00007f962322e000,0x00007f962332e000)]
  0x00007f96400bf800 JavaThread "C2 CompilerThread1" daemon [_thread_blocked, id=8349, stack(0x00007f962332f000,0x00007f962342f000)]
  0x00007f96400bc800 JavaThread "C2 CompilerThread0" daemon [_thread_blocked, id=8348, stack(0x00007f9623430000,0x00007f9623530000)]
  0x00007f96400b8800 JavaThread "Signal Dispatcher" daemon [_thread_blocked, id=8347, stack(0x00007f9623530000,0x00007f9623631000)]
  0x00007f9640088800 JavaThread "Finalizer" daemon [_thread_blocked, id=8346, stack(0x00007f963006d000,0x00007f963016e000)]
  0x00007f9640086000 JavaThread "Reference Handler" daemon [_thread_blocked, id=8345, stack(0x00007f963016e000,0x00007f963026f000)]
  0x00007f964000e800 JavaThread "main" [_thread_blocked, id=8339, stack(0x00007f9648f61000,0x00007f9649061000)]

Other Threads:
=>0x00007f964007c800 VMThread [stack: 0x00007f9630270000,0x00007f9630370000] [id=8344]
  0x00007f96400d9000 WatcherThread [stack: 0x00007f962302c000,0x00007f962312c000] [id=8352]

VM state:at safepoint (normal execution)

VM Mutex/Monitor currently owned by a thread:  ([mutex/lock_event])
[0x00007f964000a9e0] ExpandHeap_lock - owner thread: 0x00007f964007c800
[0x00007f964000b060] Threads_lock - owner thread: 0x00007f964007c800
[0x00007f964000b560] Heap_lock - owner thread: 0x00007f9640192000

heap address: 0x00000006c0000000, size: 4096 MB, Compressed Oops mode: Zero based, Oop shift amount: 3
Narrow klass base: 0x0000000000000000, Narrow klass shift: 3
Compressed class space size: 1073741824 Address: 0x00000007c0000000

Heap:
 PSYoungGen      total 822784K, used 141583K [0x000000076ab00000, 0x00000007b8200000, 0x00000007c0000000)
  eden space 538624K, 0% used [0x000000076ab00000,0x000000076ab00000,0x000000078b900000)
  from space 284160K, 49% used [0x000000078b900000,0x0000000794343e40,0x000000079ce80000)
  to   space 300032K, 0% used [0x00000007a5d00000,0x00000007a5d00000,0x00000007b8200000)
 ParOldGen       total 580608K, used 580153K [0x00000006c0000000, 0x00000006e3700000, 0x000000076ab00000)
  object space 580608K, 99% used [0x00000006c0000000,0x00000006e368e6f0,0x00000006e3700000)
 Metaspace       used 6617K, capacity 7344K, committed 7552K, reserved 1056768K
  class space    used 598K, capacity 616K, committed 640K, reserved 1048576K

Card table byte_map: [0x00007f9645f7b000,0x00007f964677c000] byte_map_base: 0x00007f964297b000

Marking Bits: (ParMarkBitMap*) 0x00007f964862f920
 Begin Bits: [0x00007f9614000000, 0x00007f9618000000)
 End Bits:   [0x00007f9618000000, 0x00007f961c000000)

Polling page: 0x00007f9649089000

CodeCache: size=245760Kb used=12177Kb max_used=12898Kb free=233582Kb
 bounds [0x00007f9631000000, 0x00007f9631d20000, 0x00007f9640000000]
 total_blobs=2703 nmethods=2430 adapters=187
 compilation: enabled

Compilation events (10 events):
Event: 38.845 Thread 0x00007f96400bf800 nmethod 3045 0x00007f96316cd410 code [0x00007f96316cd560, 0x00007f96316cd678]
Event: 38.845 Thread 0x00007f96400bf800 3048       4       com.android.dx.ssa.SsaRenamer$BlockRenamer::processResultReg (56 bytes)
Event: 38.879 Thread 0x00007f96400bc800 nmethod 3040 0x00007f963147c110 code [0x00007f963147c420, 0x00007f963147ed58]
Event: 38.879 Thread 0x00007f96400bc800 3055       4       com.android.dx.ssa.SsaMethod$2::visitNonMoveInsn (6 bytes)
Event: 38.879 Thread 0x00007f96400bc800 nmethod 3055 0x00007f96312087d0 code [0x00007f9631208920, 0x00007f96312089a8]
Event: 38.879 Thread 0x00007f96400bc800 3051       4       com.android.dx.rop.code.PlainInsn::withNewRegisters (18 bytes)
Event: 38.879 Thread 0x00007f96400bf800 nmethod 3048 0x00007f963149bc50 code [0x00007f963149be00, 0x00007f963149c608]
Event: 38.879 Thread 0x00007f96400bf800 3050       4       com.android.dx.ssa.back.FirstFitLocalCombiningAllocator$1::processInsn (169 bytes)
Event: 38.882 Thread 0x00007f96400bc800 nmethod 3051 0x00007f96313996d0 code [0x00007f9631399840, 0x00007f9631399a18]
Event: 38.882 Thread 0x00007f96400bc800 3057       4       com.android.dx.ssa.LiteralOpUpgrader$1::visitNonMoveInsn (203 bytes)

GC Heap History (10 events):
Event: 17.552 GC heap after
Heap after GC invocations=19 (full 3):
 PSYoungGen      total 701952K, used 126324K [0x000000076ab00000, 0x00000007a3680000, 0x00000007c0000000)
  eden space 515072K, 0% used [0x000000076ab00000,0x000000076ab00000,0x000000078a200000)
  from space 186880K, 67% used [0x0000000796200000,0x000000079dd5d1f8,0x00000007a1880000)
  to   space 196608K, 0% used [0x000000078a200000,0x000000078a200000,0x0000000796200000)
 ParOldGen       total 379392K, used 379145K [0x00000006c0000000, 0x00000006d7280000, 0x000000076ab00000)
  object space 379392K, 99% used [0x00000006c0000000,0x00000006d72427b0,0x00000006d7280000)
 Metaspace       used 6607K, capacity 7344K, committed 7552K, reserved 1056768K
  class space    used 597K, capacity 616K, committed 640K, reserved 1048576K
}
Event: 17.552 GC heap before
{Heap before GC invocations=20 (full 4):
 PSYoungGen      total 701952K, used 126324K [0x000000076ab00000, 0x00000007a3680000, 0x00000007c0000000)
  eden space 515072K, 0% used [0x000000076ab00000,0x000000076ab00000,0x000000078a200000)
  from space 186880K, 67% used [0x0000000796200000,0x000000079dd5d1f8,0x00000007a1880000)
  to   space 196608K, 0% used [0x000000078a200000,0x000000078a200000,0x0000000796200000)
 ParOldGen       total 379392K, used 379145K [0x00000006c0000000, 0x00000006d7280000, 0x000000076ab00000)
  object space 379392K, 99% used [0x00000006c0000000,0x00000006d72427b0,0x00000006d7280000)
 Metaspace       used 6607K, capacity 7344K, committed 7552K, reserved 1056768K
  class space    used 597K, capacity 616K, committed 640K, reserved 1048576K
Event: 19.905 GC heap after
Heap after GC invocations=20 (full 4):
 PSYoungGen      total 701952K, used 116929K [0x000000076ab00000, 0x00000007a3680000, 0x00000007c0000000)
  eden space 515072K, 0% used [0x000000076ab00000,0x000000076ab00000,0x000000078a200000)
  from space 186880K, 62% used [0x0000000796200000,0x000000079d4306f0,0x00000007a1880000)
  to   space 196608K, 0% used [0x000000078a200000,0x000000078a200000,0x0000000796200000)
 ParOldGen       total 580608K, used 379356K [0x00000006c0000000, 0x00000006e3700000, 0x000000076ab00000)
  object space 580608K, 65% used [0x00000006c0000000,0x00000006d7277030,0x00000006e3700000)
 Metaspace       used 6607K, capacity 7344K, committed 7552K, reserved 1056768K
  class space    used 597K, capacity 616K, committed 640K, reserved 1048576K
}
Event: 21.328 GC heap before
{Heap before GC invocations=21 (full 4):
 PSYoungGen      total 701952K, used 632001K [0x000000076ab00000, 0x00000007a3680000, 0x00000007c0000000)
  eden space 515072K, 100% used [0x000000076ab00000,0x000000078a200000,0x000000078a200000)
  from space 186880K, 62% used [0x0000000796200000,0x000000079d4306f0,0x00000007a1880000)
  to   space 196608K, 0% used [0x000000078a200000,0x000000078a200000,0x0000000796200000)
 ParOldGen       total 580608K, used 379356K [0x00000006c0000000, 0x00000006e3700000, 0x000000076ab00000)
  object space 580608K, 65% used [0x00000006c0000000,0x00000006d7277030,0x00000006e3700000)
 Metaspace       used 6610K, capacity 7344K, committed 7552K, reserved 1056768K
  class space    used 597K, capacity 616K, committed 640K, reserved 1048576K
Event: 21.702 GC heap after
Heap after GC invocations=21 (full 4):
 PSYoungGen      total 711680K, used 194592K [0x000000076ab00000, 0x00000007aae00000, 0x00000007c0000000)
  eden space 515072K, 0% used [0x000000076ab00000,0x000000076ab00000,0x000000078a200000)
  from space 196608K, 98% used [0x000000078a200000,0x00000007960081d8,0x0000000796200000)
  to   space 228864K, 0% used [0x000000079ce80000,0x000000079ce80000,0x00000007aae00000)
 ParOldGen       total 580608K, used 379356K [0x00000006c0000000, 0x00000006e3700000, 0x000000076ab00000)
  object space 580608K, 65% used [0x00000006c0000000,0x00000006d7277030,0x00000006e3700000)
 Metaspace       used 6610K, capacity 7344K, committed 7552K, reserved 1056768K
  class space    used 597K, capacity 616K, committed 640K, reserved 1048576K
}
Event: 23.116 GC heap before
{Heap before GC invocations=22 (full 4):
 PSYoungGen      total 711680K, used 709664K [0x000000076ab00000, 0x00000007aae00000, 0x00000007c0000000)
  eden space 515072K, 100% used [0x000000076ab00000,0x000000078a200000,0x000000078a200000)
  from space 196608K, 98% used [0x000000078a200000,0x00000007960081d8,0x0000000796200000)
  to   space 228864K, 0% used [0x000000079ce80000,0x000000079ce80000,0x00000007aae00000)
 ParOldGen       total 580608K, used 379356K [0x00000006c0000000, 0x00000006e3700000, 0x000000076ab00000)
  object space 580608K, 65% used [0x00000006c0000000,0x00000006d7277030,0x00000006e3700000)
 Metaspace       used 6617K, capacity 7344K, committed 7552K, reserved 1056768K
  class space    used 598K, capacity 616K, committed 640K, reserved 1048576K
Event: 37.200 GC heap after
Heap after GC invocations=22 (full 4):
 PSYoungGen      total 767488K, used 228838K [0x000000076ab00000, 0x00000007b4600000, 0x00000007c0000000)
  eden space 538624K, 0% used [0x000000076ab00000,0x000000076ab00000,0x000000078b900000)
  from space 228864K, 99% used [0x000000079ce80000,0x00000007aadf98e8,0x00000007aae00000)
  to   space 284160K, 0% used [0x000000078b900000,0x000000078b900000,0x000000079ce80000)
 ParOldGen       total 580608K, used 423618K [0x00000006c0000000, 0x00000006e3700000, 0x000000076ab00000)
  object space 580608K, 72% used [0x00000006c0000000,0x00000006d9db0800,0x00000006e3700000)
 Metaspace       used 6617K, capacity 7344K, committed 7552K, reserved 1056768K
  class space    used 598K, capacity 616K, committed 640K, reserved 1048576K
}
Event: 38.925 GC heap before
{Heap before GC invocations=23 (full 4):
 PSYoungGen      total 767488K, used 767462K [0x000000076ab00000, 0x00000007b4600000, 0x00000007c0000000)
  eden space 538624K, 100% used [0x000000076ab00000,0x000000078b900000,0x000000078b900000)
  from space 228864K, 99% used [0x000000079ce80000,0x00000007aadf98e8,0x00000007aae00000)
  to   space 284160K, 0% used [0x000000078b900000,0x000000078b900000,0x000000079ce80000)
 ParOldGen       total 580608K, used 423618K [0x00000006c0000000, 0x00000006e3700000, 0x000000076ab00000)
  object space 580608K, 72% used [0x00000006c0000000,0x00000006d9db0800,0x00000006e3700000)
 Metaspace       used 6617K, capacity 7344K, committed 7552K, reserved 1056768K
  class space    used 598K, capacity 616K, committed 640K, reserved 1048576K
Event: 39.818 GC heap after
Heap after GC invocations=23 (full 4):
 PSYoungGen      total 822784K, used 197040K [0x000000076ab00000, 0x00000007b8200000, 0x00000007c0000000)
  eden space 538624K, 0% used [0x000000076ab00000,0x000000076ab00000,0x000000078b900000)
  from space 284160K, 69% used [0x000000078b900000,0x000000079796c1e8,0x000000079ce80000)
  to   space 300032K, 0% used [0x00000007a5d00000,0x00000007a5d00000,0x00000007b8200000)
 ParOldGen       total 580608K, used 532713K [0x00000006c0000000, 0x00000006e3700000, 0x000000076ab00000)
  object space 580608K, 91% used [0x00000006c0000000,0x00000006e083a518,0x00000006e3700000)
 Metaspace       used 6617K, capacity 7344K, committed 7552K, reserved 1056768K
  class space    used 598K, capacity 616K, committed 640K, reserved 1048576K
}
Event: 39.818 GC heap before
{Heap before GC invocations=24 (full 5):
 PSYoungGen      total 822784K, used 197040K [0x000000076ab00000, 0x00000007b8200000, 0x00000007c0000000)
  eden space 538624K, 0% used [0x000000076ab00000,0x000000076ab00000,0x000000078b900000)
  from space 284160K, 69% used [0x000000078b900000,0x000000079796c1e8,0x000000079ce80000)
  to   space 300032K, 0% used [0x00000007a5d00000,0x00000007a5d00000,0x00000007b8200000)
 ParOldGen       total 580608K, used 532713K [0x00000006c0000000, 0x00000006e3700000, 0x000000076ab00000)
  object space 580608K, 91% used [0x00000006c0000000,0x00000006e083a518,0x00000006e3700000)
 Metaspace       used 6617K, capacity 7344K, committed 7552K, reserved 1056768K
  class space    used 598K, capacity 616K, committed 640K, reserved 1048576K

Deoptimization events (10 events):
Event: 20.796 Thread 0x00007f9640199000 Uncommon trap: reason=unstable_if action=reinterpret pc=0x00007f9631ab7dc4 method=java.util.ArrayList.<init>(I)V @ 5
Event: 21.072 Thread 0x00007f9640195800 Uncommon trap: reason=class_check action=maybe_recompile pc=0x00007f9631c46db8 method=com.android.dx.ssa.back.FirstFitLocalCombiningAllocator.findNextUnreservedRopReg(IILcom/android/dx/ssa/back/FirstFitLocalCombiningAllocator$Alignment;)I @ 60
Event: 21.164 Thread 0x00007f9640199000 Uncommon trap: reason=null_check action=make_not_entrant pc=0x00007f9631249e6c method=com.android.dx.dex.file.MethodIdsSection.intern(Lcom/android/dx/rop/cst/CstBaseMethodRef;)Lcom/android/dx/dex/file/MethodIdItem; @ 26
Event: 22.089 Thread 0x00007f9640192000 Uncommon trap: reason=unstable_if action=reinterpret pc=0x00007f9631c46754 method=java.util.BitSet.nextClearBit(I)I @ 70
Event: 22.697 Thread 0x00007f9640192000 Uncommon trap: reason=unstable_if action=reinterpret pc=0x00007f96319a8a64 method=com.android.dx.cf.code.Merger.isPossiblyAssignableFrom(Lcom/android/dx/rop/type/TypeBearer;Lcom/android/dx/rop/type/TypeBearer;)Z @ 131
Event: 22.697 Thread 0x00007f9640192000 Uncommon trap: reason=unstable_if action=reinterpret pc=0x00007f9631c74428 method=com.android.dx.cf.code.Merger.isPossiblyAssignableFrom(Lcom/android/dx/rop/type/TypeBearer;Lcom/android/dx/rop/type/TypeBearer;)Z @ 131
Event: 22.979 Thread 0x00007f9640192000 Uncommon trap: reason=unstable_if action=reinterpret pc=0x00007f9631c5c0ec method=com.android.dx.ssa.back.SsaToRop.convertBasicBlock(Lcom/android/dx/ssa/SsaBasicBlock;)Lcom/android/dx/rop/code/BasicBlock; @ 21
Event: 23.005 Thread 0x00007f9640192000 Uncommon trap: reason=unstable_if action=reinterpret pc=0x00007f9631b7572c method=com.android.dx.ssa.back.IdenticalBlockCombiner.replaceSucc(Lcom/android/dx/rop/code/BasicBlock;II)V @ 30
Event: 37.923 Thread 0x00007f9640199000 Uncommon trap: reason=class_check action=maybe_recompile pc=0x00007f9631b3ca40 method=com.android.dx.ssa.SsaConverter.placePhiFunctions(Lcom/android/dx/ssa/SsaMethod;Lcom/android/dx/ssa/LocalVariableInfo;I)V @ 257
Event: 38.416 Thread 0x00007f9640195800 Uncommon trap: reason=unstable_if action=reinterpret pc=0x00007f96313a30e0 method=com.android.dx.ssa.back.IdenticalBlockCombiner.replaceSucc(Lcom/android/dx/rop/code/BasicBlock;II)V @ 30

Classes redefined (0 events):
No events

Internal exceptions (9 events):
Event: 0.079 Thread 0x00007f964000e800 Exception <a 'java/lang/NoSuchMethodError': Method sun.misc.Unsafe.defineClass(Ljava/lang/String;[BII)Ljava/lang/Class; name or signature does not match> (0x000000076ab07cb0) thrown at [/usr/local/google/buildbot/src/googleplex-android/openjdk/out/hotspot
Event: 0.079 Thread 0x00007f964000e800 Exception <a 'java/lang/NoSuchMethodError': Method sun.misc.Unsafe.prefetchRead(Ljava/lang/Object;J)V name or signature does not match> (0x000000076ab07f98) thrown at [/usr/local/google/buildbot/src/googleplex-android/openjdk/out/hotspot/src/share/vm/prim
Event: 0.999 Thread 0x00007f9640199000 Implicit null exception at 0x00007f963129ed13 to 0x00007f96312a18b1
Event: 1.289 Thread 0x00007f9640195800 Implicit null exception at 0x00007f96312cfcb0 to 0x00007f96312d2381
Event: 1.390 Thread 0x00007f9640199000 Exception <a 'java/lang/ArrayIndexOutOfBoundsException': 18> (0x000000076b567770) thrown at [/usr/local/google/buildbot/src/googleplex-android/openjdk/out/hotspot/src/share/vm/interpreter/interpreterRuntime.cpp, line 368]
Event: 1.390 Thread 0x00007f9640199000 Exception <a 'java/lang/ArrayIndexOutOfBoundsException': 145> (0x000000076b5692f0) thrown at [/usr/local/google/buildbot/src/googleplex-android/openjdk/out/hotspot/src/share/vm/interpreter/interpreterRuntime.cpp, line 368]
Event: 1.391 Thread 0x00007f9640199000 Exception <a 'java/lang/ArrayIndexOutOfBoundsException': 40> (0x000000076b56a5d8) thrown at [/usr/local/google/buildbot/src/googleplex-android/openjdk/out/hotspot/src/share/vm/interpreter/interpreterRuntime.cpp, line 368]
Event: 16.481 Thread 0x00007f9640195800 Implicit null exception at 0x00007f96319f3547 to 0x00007f96319f9f75
Event: 16.482 Thread 0x00007f9640195800 Implicit null exception at 0x00007f9631897c5f to 0x00007f963189dbc9

Events (10 events):
Event: 38.236 Thread 0x00007f9640198000 DEOPT PACKING pc=0x00007f963158f8cd sp=0x00007f9622d26120
Event: 38.236 Thread 0x00007f9640198000 DEOPT UNPACKING pc=0x00007f96310474c4 sp=0x00007f9622d25e70 mode 0
Event: 38.415 Thread 0x00007f9640195800 Uncommon trap: trap_request=0xffffff65 fr.pc=0x00007f96313a30e0
Event: 38.416 Thread 0x00007f9640195800 DEOPT PACKING pc=0x00007f96313a30e0 sp=0x00007f9622e270e0
Event: 38.416 Thread 0x00007f9640195800 DEOPT UNPACKING pc=0x00007f963104547a sp=0x00007f9622e27050 mode 2
Event: 38.552 Thread 0x00007f9640192000 DEOPT PACKING pc=0x00007f9631473bef sp=0x00007f9623028ea0
Event: 38.552 Thread 0x00007f9640192000 DEOPT UNPACKING pc=0x00007f96310474c4 sp=0x00007f9623028ca0 mode 0
Event: 38.766 Thread 0x00007f9640195800 DEOPT PACKING pc=0x00007f963134706b sp=0x00007f9622e27010
Event: 38.766 Thread 0x00007f9640195800 DEOPT UNPACKING pc=0x00007f96310474c4 sp=0x00007f9622e26d50 mode 0
Event: 38.923 Executing VM operation: ParallelGCFailedAllocation


Dynamic libraries:
00400000-00401000 r-xp 00000000 08:01 7352713                            /home/niroop/Documents/android-studio/jre/bin/java
00401000-00402000 rw-p 00000000 08:01 7352713                            /home/niroop/Documents/android-studio/jre/bin/java
0107a000-0109b000 rw-p 00000000 00:00 0                                  [heap]
6c0000000-6e3700000 rw-p 00000000 00:00 0 
6f2b00000-76ab00000 ---p 00000000 00:00 0 
76ab00000-7b8200000 rw-p 00000000 00:00 0 
7b8200000-7c0000000 ---p 00000000 00:00 0 
7c0000000-7c00a0000 rw-p 00000000 00:00 0 
7c00a0000-800000000 ---p 00000000 00:00 0 
7f95dc000000-7f95dc042000 rw-p 00000000 00:00 0 
7f95dc042000-7f95e0000000 ---p 00000000 00:00 0 
7f95e0000000-7f95e002f000 rw-p 00000000 00:00 0 
7f95e002f000-7f95e4000000 ---p 00000000 00:00 0 
7f95e4000000-7f95e4021000 rw-p 00000000 00:00 0 
7f95e4021000-7f95e8000000 ---p 00000000 00:00 0 
7f95e8000000-7f95e8032000 rw-p 00000000 00:00 0 
7f95e8032000-7f95ec000000 ---p 00000000 00:00 0 
7f95ec000000-7f95ec021000 rw-p 00000000 00:00 0 
7f95ec021000-7f95f0000000 ---p 00000000 00:00 0 
7f95f0000000-7f95f004a000 rw-p 00000000 00:00 0 
7f95f004a000-7f95f4000000 ---p 00000000 00:00 0 
7f95f4000000-7f95f4d10000 rw-p 00000000 00:00 0 
7f95f4d10000-7f95f8000000 ---p 00000000 00:00 0 
7f95f8000000-7f95f8021000 rw-p 00000000 00:00 0 
7f95f8021000-7f95fc000000 ---p 00000000 00:00 0 
7f95fc000000-7f95fd468000 rw-p 00000000 00:00 0 
7f95fd468000-7f9600000000 ---p 00000000 00:00 0 
7f9600000000-7f9601605000 rw-p 00000000 00:00 0 
7f9601605000-7f9604000000 ---p 00000000 00:00 0 
7f9604000000-7f9604021000 rw-p 00000000 00:00 0 
7f9604021000-7f9608000000 ---p 00000000 00:00 0 
7f9608000000-7f9608021000 rw-p 00000000 00:00 0 
7f9608021000-7f960c000000 ---p 00000000 00:00 0 
7f960c000000-7f960c2e6000 rw-p 00000000 00:00 0 
7f960c2e6000-7f9610000000 ---p 00000000 00:00 0 
7f9610000000-7f9610021000 rw-p 00000000 00:00 0 
7f9610021000-7f9614000000 ---p 00000000 00:00 0 
7f9614000000-7f961c000000 rw-p 00000000 00:00 0 
7f961c000000-7f961c021000 rw-p 00000000 00:00 0 
7f961c021000-7f9620000000 ---p 00000000 00:00 0 
7f9622b26000-7f9622b29000 ---p 00000000 00:00 0 
7f9622b29000-7f9622c27000 rw-p 00000000 00:00 0 
7f9622c27000-7f9622c2a000 ---p 00000000 00:00 0 
7f9622c2a000-7f9622d28000 rw-p 00000000 00:00 0 
7f9622d28000-7f9622d2b000 ---p 00000000 00:00 0 
7f9622d2b000-7f9622e29000 rw-p 00000000 00:00 0 
7f9622e29000-7f9622e2c000 ---p 00000000 00:00 0 
7f9622e2c000-7f9622f2a000 rw-p 00000000 00:00 0 
7f9622f2a000-7f9622f2d000 ---p 00000000 00:00 0 
7f9622f2d000-7f962302b000 rw-p 00000000 00:00 0 
7f962302b000-7f962302c000 ---p 00000000 00:00 0 
7f962302c000-7f962312c000 rw-p 00000000 00:00 0 
7f962312c000-7f962312f000 ---p 00000000 00:00 0 
7f962312f000-7f962322d000 rw-p 00000000 00:00 0 
7f962322d000-7f962322e000 ---p 00000000 00:00 0 
7f962322e000-7f9623231000 ---p 00000000 00:00 0 
7f9623231000-7f962332e000 rw-p 00000000 00:00 0 
7f962332e000-7f962332f000 ---p 00000000 00:00 0 
7f962332f000-7f9623332000 ---p 00000000 00:00 0 
7f9623332000-7f962342f000 rw-p 00000000 00:00 0 
7f962342f000-7f9623430000 ---p 00000000 00:00 0 
7f9623430000-7f9623433000 ---p 00000000 00:00 0 
7f9623433000-7f9623530000 rw-p 00000000 00:00 0 
7f9623530000-7f9623533000 ---p 00000000 00:00 0 
7f9623533000-7f9623631000 rw-p 00000000 00:00 0 
7f9623631000-7f9624000000 r--p 00000000 08:01 6036074                    /usr/lib/locale/locale-archive
7f9624000000-7f9624021000 rw-p 00000000 00:00 0 
7f9624021000-7f9628000000 ---p 00000000 00:00 0 
7f9628000000-7f9628021000 rw-p 00000000 00:00 0 
7f9628021000-7f962c000000 ---p 00000000 00:00 0 
7f962c000000-7f962c021000 rw-p 00000000 00:00 0 
7f962c021000-7f9630000000 ---p 00000000 00:00 0 
7f9630047000-7f963005e000 r--s 00104000 08:01 12611209                   /home/niroop/.gradle/caches/modules-2/files-2.1/cz.msebera.android/httpclient/4.4.1.1/c8d96f6fd2bcc179c312da33ee670a71188cc60d/httpclient-4.4.1.1.jar
7f963005e000-7f963006d000 r--s 000e4000 08:01 11851761                   /home/niroop/Android/Sdk/build-tools/26.0.0/lib/dx.jar
7f963006d000-7f9630070000 ---p 00000000 00:00 0 
7f9630070000-7f963016e000 rw-p 00000000 00:00 0 
7f963016e000-7f9630171000 ---p 00000000 00:00 0 
7f9630171000-7f963026f000 rw-p 00000000 00:00 0 
7f963026f000-7f9630270000 ---p 00000000 00:00 0 
7f9630270000-7f9631000000 rw-p 00000000 00:00 0 
7f9631000000-7f9631d20000 rwxp 00000000 00:00 0 
7f9631d20000-7f9640000000 ---p 00000000 00:00 0 
7f9640000000-7f9640422000 rw-p 00000000 00:00 0 
7f9640422000-7f9644000000 ---p 00000000 00:00 0 
7f964400c000-7f964437e000 rw-p 00000000 00:00 0 
7f964437e000-7f9644550000 r--s 03cad000 08:01 7352843                    /home/niroop/Documents/android-studio/jre/jre/lib/rt.jar
7f9644550000-7f9644ce1000 rw-p 00000000 00:00 0 
7f9644ce1000-7f9644e21000 ---p 00000000 00:00 0 
7f9644e21000-7f9645621000 rw-p 00000000 00:00 0 
7f9645621000-7f9645622000 ---p 00000000 00:00 0 
7f9645622000-7f9645722000 rw-p 00000000 00:00 0 
7f9645722000-7f9645723000 ---p 00000000 00:00 0 
7f9645723000-7f9645823000 rw-p 00000000 00:00 0 
7f9645823000-7f9645824000 ---p 00000000 00:00 0 
7f9645824000-7f9645924000 rw-p 00000000 00:00 0 
7f9645924000-7f9645925000 ---p 00000000 00:00 0 
7f9645925000-7f9645b41000 rw-p 00000000 00:00 0 
7f9645b41000-7f9645f7b000 ---p 00000000 00:00 0 
7f9645f7b000-7f9646097000 rw-p 00000000 00:00 0 
7f9646097000-7f96464d0000 ---p 00000000 00:00 0 
7f96464d0000-7f964673c000 rw-p 00000000 00:00 0 
7f964673c000-7f964677b000 ---p 00000000 00:00 0 
7f964677b000-7f96467b1000 rw-p 00000000 00:00 0 
7f96467b1000-7f9646b3c000 ---p 00000000 00:00 0 
7f9646b3c000-7f9646b47000 r-xp 00000000 08:01 1840165                    /lib/x86_64-linux-gnu/libnss_files-2.27.so
7f9646b47000-7f9646d46000 ---p 0000b000 08:01 1840165                    /lib/x86_64-linux-gnu/libnss_files-2.27.so
7f9646d46000-7f9646d47000 r--p 0000a000 08:01 1840165                    /lib/x86_64-linux-gnu/libnss_files-2.27.so
7f9646d47000-7f9646d48000 rw-p 0000b000 08:01 1840165                    /lib/x86_64-linux-gnu/libnss_files-2.27.so
7f9646d48000-7f9646d4e000 rw-p 00000000 00:00 0 
7f9646d4e000-7f9646d65000 r-xp 00000000 08:01 1840159                    /lib/x86_64-linux-gnu/libnsl-2.27.so
7f9646d65000-7f9646f64000 ---p 00017000 08:01 1840159                    /lib/x86_64-linux-gnu/libnsl-2.27.so
7f9646f64000-7f9646f65000 r--p 00016000 08:01 1840159                    /lib/x86_64-linux-gnu/libnsl-2.27.so
7f9646f65000-7f9646f66000 rw-p 00017000 08:01 1840159                    /lib/x86_64-linux-gnu/libnsl-2.27.so
7f9646f66000-7f9646f68000 rw-p 00000000 00:00 0 
7f9646f68000-7f9646f73000 r-xp 00000000 08:01 1840176                    /lib/x86_64-linux-gnu/libnss_nis-2.27.so
7f9646f73000-7f9647172000 ---p 0000b000 08:01 1840176                    /lib/x86_64-linux-gnu/libnss_nis-2.27.so
7f9647172000-7f9647173000 r--p 0000a000 08:01 1840176                    /lib/x86_64-linux-gnu/libnss_nis-2.27.so
7f9647173000-7f9647174000 rw-p 0000b000 08:01 1840176                    /lib/x86_64-linux-gnu/libnss_nis-2.27.so
7f9647174000-7f964717c000 r-xp 00000000 08:01 1840161                    /lib/x86_64-linux-gnu/libnss_compat-2.27.so
7f964717c000-7f964737c000 ---p 00008000 08:01 1840161                    /lib/x86_64-linux-gnu/libnss_compat-2.27.so
7f964737c000-7f964737d000 r--p 00008000 08:01 1840161                    /lib/x86_64-linux-gnu/libnss_compat-2.27.so
7f964737d000-7f964737e000 rw-p 00009000 08:01 1840161                    /lib/x86_64-linux-gnu/libnss_compat-2.27.so
7f964737e000-7f9647385000 r-xp 00000000 08:01 1840216                    /lib/x86_64-linux-gnu/librt-2.27.so
7f9647385000-7f9647584000 ---p 00007000 08:01 1840216                    /lib/x86_64-linux-gnu/librt-2.27.so
7f9647584000-7f9647585000 r--p 00006000 08:01 1840216                    /lib/x86_64-linux-gnu/librt-2.27.so
7f9647585000-7f9647586000 rw-p 00007000 08:01 1840216                    /lib/x86_64-linux-gnu/librt-2.27.so
7f9647586000-7f9647723000 r-xp 00000000 08:01 1840138                    /lib/x86_64-linux-gnu/libm-2.27.so
7f9647723000-7f9647922000 ---p 0019d000 08:01 1840138                    /lib/x86_64-linux-gnu/libm-2.27.so
7f9647922000-7f9647923000 r--p 0019c000 08:01 1840138                    /lib/x86_64-linux-gnu/libm-2.27.so
7f9647923000-7f9647924000 rw-p 0019d000 08:01 1840138                    /lib/x86_64-linux-gnu/libm-2.27.so
7f9647924000-7f964854a000 r-xp 00000000 08:01 7352820                    /home/niroop/Documents/android-studio/jre/jre/lib/amd64/server/libjvm.so
7f964854a000-7f964861a000 rw-p 00c26000 08:01 7352820                    /home/niroop/Documents/android-studio/jre/jre/lib/amd64/server/libjvm.so
7f964861a000-7f964865e000 rw-p 00000000 00:00 0 
7f964865e000-7f9648845000 r-xp 00000000 08:01 1840075                    /lib/x86_64-linux-gnu/libc-2.27.so
7f9648845000-7f9648a45000 ---p 001e7000 08:01 1840075                    /lib/x86_64-linux-gnu/libc-2.27.so
7f9648a45000-7f9648a49000 r--p 001e7000 08:01 1840075                    /lib/x86_64-linux-gnu/libc-2.27.so
7f9648a49000-7f9648a4b000 rw-p 001eb000 08:01 1840075                    /lib/x86_64-linux-gnu/libc-2.27.so
7f9648a4b000-7f9648a4f000 rw-p 00000000 00:00 0 
7f9648a4f000-7f9648a52000 r-xp 00000000 08:01 1840098                    /lib/x86_64-linux-gnu/libdl-2.27.so
7f9648a52000-7f9648c51000 ---p 00003000 08:01 1840098                    /lib/x86_64-linux-gnu/libdl-2.27.so
7f9648c51000-7f9648c52000 r--p 00002000 08:01 1840098                    /lib/x86_64-linux-gnu/libdl-2.27.so
7f9648c52000-7f9648c53000 rw-p 00003000 08:01 1840098                    /lib/x86_64-linux-gnu/libdl-2.27.so
7f9648c53000-7f9648c6d000 r-xp 00000000 08:01 1840208                    /lib/x86_64-linux-gnu/libpthread-2.27.so
7f9648c6d000-7f9648e6c000 ---p 0001a000 08:01 1840208                    /lib/x86_64-linux-gnu/libpthread-2.27.so
7f9648e6c000-7f9648e6d000 r--p 00019000 08:01 1840208                    /lib/x86_64-linux-gnu/libpthread-2.27.so
7f9648e6d000-7f9648e6e000 rw-p 0001a000 08:01 1840208                    /lib/x86_64-linux-gnu/libpthread-2.27.so
7f9648e6e000-7f9648e72000 rw-p 00000000 00:00 0 
7f9648e72000-7f9648e99000 r-xp 00000000 08:01 1840047                    /lib/x86_64-linux-gnu/ld-2.27.so
7f9648ea0000-7f9648f18000 rw-p 00000000 00:00 0 
7f9648f18000-7f9648f33000 r-xp 00000000 08:01 7352802                    /home/niroop/Documents/android-studio/jre/jre/lib/amd64/libzip.so
7f9648f33000-7f9648f34000 rw-p 0001a000 08:01 7352802                    /home/niroop/Documents/android-studio/jre/jre/lib/amd64/libzip.so
7f9648f34000-7f9648f5e000 r-xp 00000000 08:01 7352810                    /home/niroop/Documents/android-studio/jre/jre/lib/amd64/libjava.so
7f9648f5e000-7f9648f60000 rw-p 0002a000 08:01 7352810                    /home/niroop/Documents/android-studio/jre/jre/lib/amd64/libjava.so
7f9648f60000-7f9648f61000 ---p 00000000 00:00 0 
7f9648f61000-7f9648f64000 ---p 00000000 00:00 0 
7f9648f64000-7f9649063000 rw-p 00000000 00:00 0 
7f9649063000-7f9649079000 r-xp 00000000 08:01 7352701                    /home/niroop/Documents/android-studio/jre/lib/amd64/jli/libjli.so
7f9649079000-7f964907a000 rw-p 00015000 08:01 7352701                    /home/niroop/Documents/android-studio/jre/lib/amd64/jli/libjli.so
7f964907a000-7f964907c000 rw-p 00000000 00:00 0 
7f9649080000-7f9649088000 rw-s 00000000 08:01 12591105                   /tmp/hsperfdata_niroop/8333
7f9649088000-7f9649089000 rw-p 00000000 00:00 0 
7f9649089000-7f964908a000 ---p 00000000 00:00 0 
7f964908a000-7f9649097000 r-xp 00000000 08:01 7352798                    /home/niroop/Documents/android-studio/jre/jre/lib/amd64/libverify.so
7f9649097000-7f9649099000 rw-p 0000c000 08:01 7352798                    /home/niroop/Documents/android-studio/jre/jre/lib/amd64/libverify.so
7f9649099000-7f964909a000 r--p 00027000 08:01 1840047                    /lib/x86_64-linux-gnu/ld-2.27.so
7f964909a000-7f964909b000 rw-p 00028000 08:01 1840047                    /lib/x86_64-linux-gnu/ld-2.27.so
7f964909b000-7f964909c000 rw-p 00000000 00:00 0 
7ffca26e5000-7ffca2707000 rw-p 00000000 00:00 0                          [stack]
7ffca2773000-7ffca2776000 r--p 00000000 00:00 0                          [vvar]
7ffca2776000-7ffca2777000 r-xp 00000000 00:00 0                          [vdso]
ffffffffff600000-ffffffffff601000 r-xp 00000000 00:00 0                  [vsyscall]

VM Arguments:
jvm_args: -Djava.awt.headless=true -Xmx4g -Dfile.encoding=UTF-8 -Duser.country=IN -Duser.language=en -Duser.variant 
java_command: com.android.dx.command.Main --dex --num-threads=4 --multi-dex --output /media/niroop/External HDD/AndroidStudioProjects/User App/app/build/intermediates/transforms/dex/debug/folders/1000/1f/main /home/niroop/.gradle/caches/modules-2/files-2.1/com.twitter/twitter-text/1.13.0/78415b95ae3184c5926d593feab64bfc0b73b2dd/twitter-text-1.13.0.jar /home/niroop/.android/build-cache/344e0ae5b96a066c340cbb65de62b9926cdefc58/output/jars/classes.jar /home/niroop/.android/build-cache/708519143cb1ca08075ced6ae13de74ca64bf15f/output/jars/classes.jar /home/niroop/.android/build-cache/a66cbf770edb2943cf7e878e8d81f83337be595c/output/jars/classes.jar /home/niroop/.gradle/caches/modules-2/files-2.1/com.squareup.okhttp3/okhttp-ws/3.0.1/bd9b51a0188fc8f14bf840a0d326755545206116/okhttp-ws-3.0.1.jar /home/niroop/.android/build-cache/9b622f381cb7bb5838d987a04cc0137936991cc2/output/jars/classes.jar /home/niroop/.android/build-cache/12d56c18a42d1f05b9ac1647b156441e2a4dbff5/output/jars/classes.jar /home/niroop/.android/build-cache/0add6791efe6dec7f33222700afd520c9a82813b/output/jars/classes.jar /media/niroop/External HDD/AndroidStudioProjects/User App/stripe/build/intermediates/bundles/default/classes.jar /home/niroop/.android/build-cache/26d5ae123ee9172a01bd32d1a79379bec37b7d2d/output/jars/classes.jar /home/niroop/.gradle/caches/modules-2/files-2.1/com.google.code.gson/gson/2.3/5fc52c41ef0239d1093a1eb7c3697036183677ce/gson-2.3.jar /home/niroop/.gradle/caches/modules-2/files-2.1/cz.msebera.android/httpclient/4.4.1.1/c8d96f6fd2bcc179c312da33ee670a71188cc60d/httpclient-4.4.1.1.jar /home/niroop/.android/build-cache/66327af80aa184671fc17553104e2db35ef7a9b3/output/jars/classes.jar /home/niroop/.android/build-cache/b257c5c0db47bbccb6143d3aada52dde313d9b0e/output/jars/classes.jar /home/niroop/.android/build-cache/3bccaacd42e5be60ac7fed01bcd491f7523ce2f1/output/jars/classes.jar /home/niroop/.android/build-cache/64700c7b9fdf25534d3d17e45870aa364dcf0d2b/output/jars/classes.jar /home/niroop/.
java_class_path (initial): /home/niroop/Android/Sdk/build-tools/26.0.0/lib/dx.jar
Launcher Type: SUN_STANDARD

Environment Variables:
PATH=/usr/local/sbin:/usr/local/bin:/usr/sbin:/usr/bin:/sbin:/bin:/usr/games:/usr/local/games:/snap/bin:/usr/lib/dart/bin
USERNAME=niroop
SHELL=/bin/bash
DISPLAY=:0

Signal Handlers:
SIGSEGV: [libjvm.so+0xa09650], sa_mask[0]=11111111011111111101111111111110, sa_flags=SA_RESTART|SA_SIGINFO
SIGBUS: [libjvm.so+0xa09650], sa_mask[0]=11111111011111111101111111111110, sa_flags=SA_RESTART|SA_SIGINFO
SIGFPE: [libjvm.so+0x86bc60], sa_mask[0]=11111111011111111101111111111110, sa_flags=SA_RESTART|SA_SIGINFO
SIGPIPE: [libjvm.so+0x86bc60], sa_mask[0]=11111111011111111101111111111110, sa_flags=SA_RESTART|SA_SIGINFO
SIGXFSZ: [libjvm.so+0x86bc60], sa_mask[0]=11111111011111111101111111111110, sa_flags=SA_RESTART|SA_SIGINFO
SIGILL: [libjvm.so+0x86bc60], sa_mask[0]=11111111011111111101111111111110, sa_flags=SA_RESTART|SA_SIGINFO
SIGUSR1: SIG_DFL, sa_mask[0]=00000000000000000000000000000000, sa_flags=none
SIGUSR2: [libjvm.so+0x86bb30], sa_mask[0]=00100000000000000000000000000000, sa_flags=SA_RESTART|SA_SIGINFO
SIGHUP: [libjvm.so+0x86bd20], sa_mask[0]=11111111011111111101111111111110, sa_flags=SA_RESTART|SA_SIGINFO
SIGINT: [libjvm.so+0x86bd20], sa_mask[0]=11111111011111111101111111111110, sa_flags=SA_RESTART|SA_SIGINFO
SIGTERM: [libjvm.so+0x86bd20], sa_mask[0]=11111111011111111101111111111110, sa_flags=SA_RESTART|SA_SIGINFO
SIGQUIT: [libjvm.so+0x86bd20], sa_mask[0]=11111111011111111101111111111110, sa_flags=SA_RESTART|SA_SIGINFO


---------------  S Y S T E M  ---------------

OS:DISTRIB_ID=Ubuntu
DISTRIB_RELEASE=18.04
DISTRIB_CODENAME=bionic
DISTRIB_DESCRIPTION="Ubuntu 18.04.3 LTS"

uname:Linux 5.0.0-37-generic #40~18.04.1-Ubuntu SMP Thu Nov 14 12:06:39 UTC 2019 x86_64
libc:glibc 2.27 NPTL 2.27 
rlimit: STACK 8192k, CORE 0k, NPROC 23162, NOFILE 1048576, AS infinity
load average:5.86 2.54 2.03

/proc/meminfo:
MemTotal:        5979864 kB
MemFree:          166260 kB
MemAvailable:     115904 kB
Buffers:            5392 kB
Cached:           220136 kB
SwapCached:        47996 kB
Active:          4732784 kB
Inactive:         718004 kB
Active(anon):    4688808 kB
Inactive(anon):   672580 kB
Active(file):      43976 kB
Inactive(file):    45424 kB
Unevictable:       10504 kB
Mlocked:              48 kB
SwapTotal:       2097148 kB
SwapFree:          11468 kB
Dirty:               568 kB
Writeback:             0 kB
AnonPages:       5188168 kB
Mapped:           132524 kB
Shmem:            135888 kB
KReclaimable:      71420 kB
Slab:             135572 kB
SReclaimable:      71420 kB
SUnreclaim:        64152 kB
KernelStack:       17776 kB
PageTables:        87476 kB
NFS_Unstable:          0 kB
Bounce:                0 kB
WritebackTmp:          0 kB
CommitLimit:     5087080 kB
Committed_AS:   15656452 kB
VmallocTotal:   34359738367 kB
VmallocUsed:           0 kB
VmallocChunk:          0 kB
Percpu:             2528 kB
HardwareCorrupted:     0 kB
AnonHugePages:         0 kB
ShmemHugePages:        0 kB
ShmemPmdMapped:        0 kB
CmaTotal:              0 kB
CmaFree:               0 kB
HugePages_Total:       0
HugePages_Free:        0
HugePages_Rsvd:        0
HugePages_Surp:        0
Hugepagesize:       2048 kB
Hugetlb:               0 kB
DirectMap4k:      262424 kB
DirectMap2M:     5908480 kB

container (cgroup) information:
container_type: cgroupv1
cpu_cpuset_cpus: 0-3
cpu_memory_nodes: 0
active_processor_count: 4
cpu_quota: -1
cpu_period: 100000
cpu_shares: -1
memory_limit_in_bytes: -1
memory_and_swap_limit_in_bytes: -2
memory_soft_limit_in_bytes: -1
memory_usage_in_bytes: 5591998464
memory_max_usage_in_bytes: 50397184


CPU:total 4 (initial active 4) (2 cores per cpu, 2 threads per core) family 6 model 58 stepping 9, cmov, cx8, fxsr, mmx, sse, sse2, sse3, ssse3, sse4.1, sse4.2, popcnt, avx, aes, clmul, erms, ht, tsc, tscinvbit, tscinv

/proc/cpuinfo:
processor	: 0
vendor_id	: GenuineIntel
cpu family	: 6
model		: 58
model name	: Intel(R) Core(TM) i5-3337U CPU @ 1.80GHz
stepping	: 9
microcode	: 0x21
cpu MHz		: 1212.134
cache size	: 3072 KB
physical id	: 0
siblings	: 4
core id		: 0
cpu cores	: 2
apicid		: 0
initial apicid	: 0
fpu		: yes
fpu_exception	: yes
cpuid level	: 13
wp		: yes
flags		: fpu vme de pse tsc msr pae mce cx8 apic sep mtrr pge mca cmov pat pse36 clflush dts acpi mmx fxsr sse sse2 ss ht tm pbe syscall nx rdtscp lm constant_tsc arch_perfmon pebs bts rep_good nopl xtopology nonstop_tsc cpuid aperfmperf pni pclmulqdq dtes64 monitor ds_cpl vmx est tm2 ssse3 cx16 xtpr pdcm pcid sse4_1 sse4_2 x2apic popcnt tsc_deadline_timer aes xsave avx f16c rdrand lahf_lm cpuid_fault epb pti ssbd ibrs ibpb stibp tpr_shadow vnmi flexpriority ept vpid fsgsbase smep erms xsaveopt dtherm ida arat pln pts md_clear flush_l1d
bugs		: cpu_meltdown spectre_v1 spectre_v2 spec_store_bypass l1tf mds swapgs itlb_multihit
bogomips	: 3591.67
clflush size	: 64
cache_alignment	: 64
address sizes	: 36 bits physical, 48 bits virtual
power management:

processor	: 1
vendor_id	: GenuineIntel
cpu family	: 6
model		: 58
model name	: Intel(R) Core(TM) i5-3337U CPU @ 1.80GHz
stepping	: 9
microcode	: 0x21
cpu MHz		: 1217.485
cache size	: 3072 KB
physical id	: 0
siblings	: 4
core id		: 0
cpu cores	: 2
apicid		: 1
initial apicid	: 1
fpu		: yes
fpu_exception	: yes
cpuid level	: 13
wp		: yes
flags		: fpu vme de pse tsc msr pae mce cx8 apic sep mtrr pge mca cmov pat pse36 clflush dts acpi mmx fxsr sse sse2 ss ht tm pbe syscall nx rdtscp lm constant_tsc arch_perfmon pebs bts rep_good nopl xtopology nonstop_tsc cpuid aperfmperf pni pclmulqdq dtes64 monitor ds_cpl vmx est tm2 ssse3 cx16 xtpr pdcm pcid sse4_1 sse4_2 x2apic popcnt tsc_deadline_timer aes xsave avx f16c rdrand lahf_lm cpuid_fault epb pti ssbd ibrs ibpb stibp tpr_shadow vnmi flexpriority ept vpid fsgsbase smep erms xsaveopt dtherm ida arat pln pts md_clear flush_l1d
bugs		: cpu_meltdown spectre_v1 spectre_v2 spec_store_bypass l1tf mds swapgs itlb_multihit
bogomips	: 3591.67
clflush size	: 64
cache_alignment	: 64
address sizes	: 36 bits physical, 48 bits virtual
power management:

processor	: 2
vendor_id	: GenuineIntel
cpu family	: 6
model		: 58
model name	: Intel(R) Core(TM) i5-3337U CPU @ 1.80GHz
stepping	: 9
microcode	: 0x21
cpu MHz		: 1132.677
cache size	: 3072 KB
physical id	: 0
siblings	: 4
core id		: 1
cpu cores	: 2
apicid		: 2
initial apicid	: 2
fpu		: yes
fpu_exception	: yes
cpuid level	: 13
wp		: yes
flags		: fpu vme de pse tsc msr pae mce cx8 apic sep mtrr pge mca cmov pat pse36 clflush dts acpi mmx fxsr sse sse2 ss ht tm pbe syscall nx rdtscp lm constant_tsc arch_perfmon pebs bts rep_good nopl xtopology nonstop_tsc cpuid aperfmperf pni pclmulqdq dtes64 monitor ds_cpl vmx est tm2 ssse3 cx16 xtpr pdcm pcid sse4_1 sse4_2 x2apic popcnt tsc_deadline_timer aes xsave avx f16c rdrand lahf_lm cpuid_fault epb pti ssbd ibrs ibpb stibp tpr_shadow vnmi flexpriority ept vpid fsgsbase smep erms xsaveopt dtherm ida arat pln pts md_clear flush_l1d
bugs		: cpu_meltdown spectre_v1 spectre_v2 spec_store_bypass l1tf mds swapgs itlb_multihit
bogomips	: 3591.67
clflush size	: 64
cache_alignment	: 64
address sizes	: 36 bits physical, 48 bits virtual
power management:

processor	: 3
vendor_id	: GenuineIntel
cpu family	: 6
model		: 58
model name	: Intel(R) Core(TM) i5-3337U CPU @ 1.80GHz
stepping	: 9
microcode	: 0x21
cpu MHz		: 1188.823
cache size	: 3072 KB
physical id	: 0
siblings	: 4
core id		: 1
cpu cores	: 2
apicid		: 3
initial apicid	: 3
fpu		: yes
fpu_exception	: yes
cpuid level	: 13
wp		: yes
flags		: fpu vme de pse tsc msr pae mce cx8 apic sep mtrr pge mca cmov pat pse36 clflush dts acpi mmx fxsr sse sse2 ss ht tm pbe syscall nx rdtscp lm constant_tsc arch_perfmon pebs bts rep_good nopl xtopology nonstop_tsc cpuid aperfmperf pni pclmulqdq dtes64 monitor ds_cpl vmx est tm2 ssse3 cx16 xtpr pdcm pcid sse4_1 sse4_2 x2apic popcnt tsc_deadline_timer aes xsave avx f16c rdrand lahf_lm cpuid_fault epb pti ssbd ibrs ibpb stibp tpr_shadow vnmi flexpriority ept vpid fsgsbase smep erms xsaveopt dtherm ida arat pln pts md_clear flush_l1d
bugs		: cpu_meltdown spectre_v1 spectre_v2 spec_store_bypass l1tf mds swapgs itlb_multihit
bogomips	: 3591.67
clflush size	: 64
cache_alignment	: 64
address sizes	: 36 bits physical, 48 bits virtual
power management:



Memory: 4k page, physical 5979864k(166260k free), swap 2097148k(12656k free)

vm_info: OpenJDK 64-Bit Server VM (25.202-b49-5587405) for linux-amd64 JRE (1.8.0_202-release-1483-b49-5587405), built by "android-build" with gcc 4.8

time: Tue Feb 25 14:53:22 2020
timezone: IST
elapsed time: 43 seconds (0d 0h 0m 43s)

