#
# There is insufficient memory for the Java Runtime Environment to continue.
# Native memory allocation (mmap) failed to map 253231104 bytes for committing reserved memory.
# Possible reasons:
#   The system is out of physical RAM or swap space
#   The process is running with CompressedOops enabled, and the Java Heap may be blocking the growth of the native heap
# Possible solutions:
#   Reduce memory load on the system
#   Increase physical memory or swap space
#   Check if swap backing store is full
#   Decrease Java heap size (-Xmx/-Xms)
#   Decrease number of Java threads
#   Decrease Java thread stack sizes (-Xss)
#   Set larger code cache with -XX:ReservedCodeCacheSize=
#   JVM is running with Zero Based Compressed Oops mode in which the Java heap is
#     placed in the first 32GB address space. The Java Heap base address is the
#     maximum limit for the native heap growth. Please use -XX:HeapBaseMinAddress
#     to set the Java Heap base and to place the Java Heap above 32GB virtual address.
# This output file may be truncated or incomplete.
#
#  Out of Memory Error (os_linux.cpp:2753), pid=20591, tid=0x00007f516dade700
#
# JRE version: OpenJDK Runtime Environment (8.0_202) (build 1.8.0_202-release-1483-b49-5587405)
# Java VM: OpenJDK 64-Bit Server VM (25.202-b49-5587405 mixed mode linux-amd64 compressed oops)
# Failed to write core dump. Core dumps have been disabled. To enable core dumping, try "ulimit -c unlimited" before starting Java again
#

---------------  T H R E A D  ---------------

Current thread (0x00007f518007c000):  VMThread [stack: 0x00007f516d9df000,0x00007f516dadf000] [id=20602]

Stack: [0x00007f516d9df000,0x00007f516dadf000],  sp=0x00007f516dadd530,  free space=1017k
Native frames: (J=compiled Java code, j=interpreted, Vv=VM code, C=native code)
V  [libjvm.so+0xa08b78]  VMError::report_and_die()+0x148
V  [libjvm.so+0x4d412a]  report_vm_out_of_memory(char const*, int, unsigned long, VMErrorType, char const*)+0x8a
V  [libjvm.so+0x870478]  os::pd_commit_memory(char*, unsigned long, unsigned long, bool)+0xd8
V  [libjvm.so+0x867f9f]  os::commit_memory(char*, unsigned long, unsigned long, bool)+0x1f
V  [libjvm.so+0x8e14eb]  PSVirtualSpace::expand_by(unsigned long)+0x5b
V  [libjvm.so+0x8d234b]  PSOldGen::expand_by(unsigned long) [clone .part.109]+0x1b
V  [libjvm.so+0x8d250b]  PSOldGen::expand(unsigned long) [clone .part.111]+0xdb
V  [libjvm.so+0x8d2de8]  PSOldGen::resize(unsigned long)+0x188
V  [libjvm.so+0x8d83cc]  PSParallelCompact::invoke_no_policy(bool)+0x94c
V  [libjvm.so+0x8df48d]  PSScavenge::invoke()+0x17d
V  [libjvm.so+0x893763]  ParallelScavengeHeap::failed_mem_allocate(unsigned long)+0x63
V  [libjvm.so+0xa0a644]  VM_ParallelGCFailedAllocation::doit()+0x84
V  [libjvm.so+0xa0ea17]  VM_Operation::evaluate()+0x47
V  [libjvm.so+0xa0d498]  VMThread::evaluate_operation(VM_Operation*)+0x218
V  [libjvm.so+0xa0d8d1]  VMThread::loop()+0x1f1
V  [libjvm.so+0xa0dd02]  VMThread::run()+0x72
V  [libjvm.so+0x86d652]  java_start(Thread*)+0xf2

VM_Operation (0x00007f516c6f51b0): ParallelGCFailedAllocation, mode: safepoint, requested by thread 0x00007f5180147000


---------------  P R O C E S S  ---------------

Java Threads: ( => current thread )
  0x00007f5180147000 JavaThread "pool-1-thread-1" [_thread_blocked, id=20757, stack(0x00007f516c5f6000,0x00007f516c6f7000)]
  0x00007f51800c4800 JavaThread "Service Thread" daemon [_thread_blocked, id=20611, stack(0x00007f516c908000,0x00007f516ca09000)]
  0x00007f51800c1000 JavaThread "C1 CompilerThread2" daemon [_thread_blocked, id=20610, stack(0x00007f516ca0a000,0x00007f516cb0a000)]
  0x00007f51800bf800 JavaThread "C2 CompilerThread1" daemon [_thread_blocked, id=20609, stack(0x00007f516cb0b000,0x00007f516cc0b000)]
  0x00007f51800bc800 JavaThread "C2 CompilerThread0" daemon [_thread_blocked, id=20608, stack(0x00007f516cc0c000,0x00007f516cd0c000)]
  0x00007f51800b8800 JavaThread "Signal Dispatcher" daemon [_thread_blocked, id=20607, stack(0x00007f516cd0c000,0x00007f516ce0d000)]
  0x00007f5180088800 JavaThread "Finalizer" daemon [_thread_blocked, id=20604, stack(0x00007f516d7dc000,0x00007f516d8dd000)]
  0x00007f5180086000 JavaThread "Reference Handler" daemon [_thread_blocked, id=20603, stack(0x00007f516d8dd000,0x00007f516d9de000)]
  0x00007f518000e800 JavaThread "main" [_thread_blocked, id=20597, stack(0x00007f51866d0000,0x00007f51867d0000)]

Other Threads:
=>0x00007f518007c000 VMThread [stack: 0x00007f516d9df000,0x00007f516dadf000] [id=20602]
  0x00007f51800c7000 WatcherThread [stack: 0x00007f516c808000,0x00007f516c908000] [id=20612]

VM state:at safepoint (normal execution)

VM Mutex/Monitor currently owned by a thread:  ([mutex/lock_event])
[0x00007f518000a840] ExpandHeap_lock - owner thread: 0x00007f518007c000
[0x00007f518000aec0] Threads_lock - owner thread: 0x00007f518007c000
[0x00007f518000b3c0] Heap_lock - owner thread: 0x00007f5180147000

heap address: 0x00000006c0000000, size: 4096 MB, Compressed Oops mode: Zero based, Oop shift amount: 3
Narrow klass base: 0x0000000000000000, Narrow klass shift: 3
Compressed class space size: 1073741824 Address: 0x00000007c0000000

Heap:
 PSYoungGen      total 950784K, used 180880K [0x000000076ab00000, 0x00000007bbd00000, 0x00000007c0000000)
  eden space 631808K, 0% used [0x000000076ab00000,0x000000076ab00000,0x0000000791400000)
  from space 318976K, 56% used [0x00000007a5f00000,0x00000007b0fa43c0,0x00000007b9680000)
  to   space 338944K, 0% used [0x0000000791400000,0x0000000791400000,0x00000007a5f00000)
 ParOldGen       total 574976K, used 574545K [0x00000006c0000000, 0x00000006e3180000, 0x000000076ab00000)
  object space 574976K, 99% used [0x00000006c0000000,0x00000006e3114560,0x00000006e3180000)
 Metaspace       used 7009K, capacity 7632K, committed 7936K, reserved 1056768K
  class space    used 619K, capacity 648K, committed 768K, reserved 1048576K

Card table byte_map: [0x00007f517043f000,0x00007f5170c40000] byte_map_base: 0x00007f516ce3f000

Marking Bits: (ParMarkBitMap*) 0x00007f5185d9b920
 Begin Bits: [0x00007f5158000000, 0x00007f515c000000)
 End Bits:   [0x00007f515c000000, 0x00007f5160000000)

Polling page: 0x00007f51867f5000

CodeCache: size=245760Kb used=13783Kb max_used=13806Kb free=231976Kb
 bounds [0x00007f5171000000, 0x00007f5171d90000, 0x00007f5180000000]
 total_blobs=3325 nmethods=3052 adapters=187
 compilation: enabled

Compilation events (10 events):
Event: 53.027 Thread 0x00007f51800c1000 3950       3       com.android.dx.dex.code.LocalSnapshot::withMapper (20 bytes)
Event: 53.028 Thread 0x00007f51800c1000 nmethod 3950 0x00007f51716f96d0 code [0x00007f51716f9880, 0x00007f51716f9dc8]
Event: 53.030 Thread 0x00007f51800c1000 3951       3       com.android.dx.dex.code.DalvInsn::withMapper (13 bytes)
Event: 53.031 Thread 0x00007f51800c1000 nmethod 3951 0x00007f51716f90d0 code [0x00007f51716f9260, 0x00007f51716f95d8]
Event: 53.031 Thread 0x00007f51800c1000 3952       3       com.android.dx.dex.code.OddSpacer::codeSize (7 bytes)
Event: 53.031 Thread 0x00007f51800c1000 nmethod 3952 0x00007f51716f8b10 code [0x00007f51716f8ca0, 0x00007f51716f8fc8]
Event: 53.031 Thread 0x00007f51800c1000 3953       3       com.android.dx.dex.code.SwitchData::codeSize (27 bytes)
Event: 53.032 Thread 0x00007f51800c1000 nmethod 3953 0x00007f51716f8590 code [0x00007f51716f8700, 0x00007f51716f8a08]
Event: 53.050 Thread 0x00007f51800bc800 nmethod 3927 0x00007f5171d86310 code [0x00007f5171d86760, 0x00007f5171d89508]
Event: 53.050 Thread 0x00007f51800bc800 3947       4       com.android.dx.dex.code.LocalList$MakeState::finish (151 bytes)

GC Heap History (10 events):
Event: 36.218 GC heap after
Heap after GC invocations=20 (full 4):
 PSYoungGen      total 711168K, used 144491K [0x000000076ab00000, 0x00000007a3280000, 0x00000007c0000000)
  eden space 533504K, 0% used [0x000000076ab00000,0x000000076ab00000,0x000000078b400000)
  from space 177664K, 81% used [0x0000000797280000,0x000000079ff9ade8,0x00000007a2000000)
  to   space 195072K, 0% used [0x000000078b400000,0x000000078b400000,0x0000000797280000)
 ParOldGen       total 554496K, used 362461K [0x00000006c0000000, 0x00000006e1d80000, 0x000000076ab00000)
  object space 554496K, 65% used [0x00000006c0000000,0x00000006d61f76d0,0x00000006e1d80000)
 Metaspace       used 6575K, capacity 7280K, committed 7552K, reserved 1056768K
  class space    used 597K, capacity 616K, committed 640K, reserved 1048576K
}
Event: 38.789 GC heap before
{Heap before GC invocations=21 (full 4):
 PSYoungGen      total 711168K, used 677995K [0x000000076ab00000, 0x00000007a3280000, 0x00000007c0000000)
  eden space 533504K, 100% used [0x000000076ab00000,0x000000078b400000,0x000000078b400000)
  from space 177664K, 81% used [0x0000000797280000,0x000000079ff9ade8,0x00000007a2000000)
  to   space 195072K, 0% used [0x000000078b400000,0x000000078b400000,0x0000000797280000)
 ParOldGen       total 554496K, used 362461K [0x00000006c0000000, 0x00000006e1d80000, 0x000000076ab00000)
  object space 554496K, 65% used [0x00000006c0000000,0x00000006d61f76d0,0x00000006e1d80000)
 Metaspace       used 6581K, capacity 7280K, committed 7552K, reserved 1056768K
  class space    used 598K, capacity 616K, committed 640K, reserved 1048576K
Event: 39.219 GC heap after
Heap after GC invocations=21 (full 4):
 PSYoungGen      total 728576K, used 195059K [0x000000076ab00000, 0x00000007ac780000, 0x00000007c0000000)
  eden space 533504K, 0% used [0x000000076ab00000,0x000000076ab00000,0x000000078b400000)
  from space 195072K, 99% used [0x000000078b400000,0x000000079727cfb8,0x0000000797280000)
  to   space 237568K, 0% used [0x000000079df80000,0x000000079df80000,0x00000007ac780000)
 ParOldGen       total 554496K, used 390500K [0x00000006c0000000, 0x00000006e1d80000, 0x000000076ab00000)
  object space 554496K, 70% used [0x00000006c0000000,0x00000006d7d59070,0x00000006e1d80000)
 Metaspace       used 6581K, capacity 7280K, committed 7552K, reserved 1056768K
  class space    used 598K, capacity 616K, committed 640K, reserved 1048576K
}
Event: 41.695 GC heap before
{Heap before GC invocations=22 (full 4):
 PSYoungGen      total 728576K, used 728563K [0x000000076ab00000, 0x00000007ac780000, 0x00000007c0000000)
  eden space 533504K, 100% used [0x000000076ab00000,0x000000078b400000,0x000000078b400000)
  from space 195072K, 99% used [0x000000078b400000,0x000000079727cfb8,0x0000000797280000)
  to   space 237568K, 0% used [0x000000079df80000,0x000000079df80000,0x00000007ac780000)
 ParOldGen       total 554496K, used 390500K [0x00000006c0000000, 0x00000006e1d80000, 0x000000076ab00000)
  object space 554496K, 70% used [0x00000006c0000000,0x00000006d7d59070,0x00000006e1d80000)
 Metaspace       used 6586K, capacity 7280K, committed 7552K, reserved 1056768K
  class space    used 598K, capacity 616K, committed 640K, reserved 1048576K
Event: 42.398 GC heap after
Heap after GC invocations=22 (full 4):
 PSYoungGen      total 810496K, used 211401K [0x000000076ab00000, 0x00000007b0c00000, 0x00000007c0000000)
  eden space 572928K, 0% used [0x000000076ab00000,0x000000076ab00000,0x000000078da80000)
  from space 237568K, 88% used [0x000000079df80000,0x00000007aadf2670,0x00000007ac780000)
  to   space 267264K, 0% used [0x000000078da80000,0x000000078da80000,0x000000079df80000)
 ParOldGen       total 554496K, used 456123K [0x00000006c0000000, 0x00000006e1d80000, 0x000000076ab00000)
  object space 554496K, 82% used [0x00000006c0000000,0x00000006dbd6ef58,0x00000006e1d80000)
 Metaspace       used 6586K, capacity 7280K, committed 7552K, reserved 1056768K
  class space    used 598K, capacity 616K, committed 640K, reserved 1048576K
}
Event: 46.385 GC heap before
{Heap before GC invocations=23 (full 4):
 PSYoungGen      total 810496K, used 784329K [0x000000076ab00000, 0x00000007b0c00000, 0x00000007c0000000)
  eden space 572928K, 100% used [0x000000076ab00000,0x000000078da80000,0x000000078da80000)
  from space 237568K, 88% used [0x000000079df80000,0x00000007aadf2670,0x00000007ac780000)
  to   space 267264K, 0% used [0x000000078da80000,0x000000078da80000,0x000000079df80000)
 ParOldGen       total 554496K, used 456123K [0x00000006c0000000, 0x00000006e1d80000, 0x000000076ab00000)
  object space 554496K, 82% used [0x00000006c0000000,0x00000006dbd6ef58,0x00000006e1d80000)
 Metaspace       used 6586K, capacity 7280K, committed 7552K, reserved 1056768K
  class space    used 598K, capacity 616K, committed 640K, reserved 1048576K
Event: 46.685 GC heap after
Heap after GC invocations=23 (full 4):
 PSYoungGen      total 840192K, used 267235K [0x000000076ab00000, 0x00000007b9680000, 0x00000007c0000000)
  eden space 572928K, 0% used [0x000000076ab00000,0x000000076ab00000,0x000000078da80000)
  from space 267264K, 99% used [0x000000078da80000,0x000000079df78c20,0x000000079df80000)
  to   space 318976K, 0% used [0x00000007a5f00000,0x00000007a5f00000,0x00000007b9680000)
 ParOldGen       total 554496K, used 476007K [0x00000006c0000000, 0x00000006e1d80000, 0x000000076ab00000)
  object space 554496K, 85% used [0x00000006c0000000,0x00000006dd0d9fb0,0x00000006e1d80000)
 Metaspace       used 6586K, capacity 7280K, committed 7552K, reserved 1056768K
  class space    used 598K, capacity 616K, committed 640K, reserved 1048576K
}
Event: 53.055 GC heap before
{Heap before GC invocations=24 (full 4):
 PSYoungGen      total 840192K, used 840163K [0x000000076ab00000, 0x00000007b9680000, 0x00000007c0000000)
  eden space 572928K, 100% used [0x000000076ab00000,0x000000078da80000,0x000000078da80000)
  from space 267264K, 99% used [0x000000078da80000,0x000000079df78c20,0x000000079df80000)
  to   space 318976K, 0% used [0x00000007a5f00000,0x00000007a5f00000,0x00000007b9680000)
 ParOldGen       total 554496K, used 476007K [0x00000006c0000000, 0x00000006e1d80000, 0x000000076ab00000)
  object space 554496K, 85% used [0x00000006c0000000,0x00000006dd0d9fb0,0x00000006e1d80000)
 Metaspace       used 7009K, capacity 7632K, committed 7936K, reserved 1056768K
  class space    used 619K, capacity 648K, committed 768K, reserved 1048576K
Event: 53.863 GC heap after
Heap after GC invocations=24 (full 4):
 PSYoungGen      total 950784K, used 228823K [0x000000076ab00000, 0x00000007bbd00000, 0x00000007c0000000)
  eden space 631808K, 0% used [0x000000076ab00000,0x000000076ab00000,0x0000000791400000)
  from space 318976K, 71% used [0x00000007a5f00000,0x00000007b3e75dd0,0x00000007b9680000)
  to   space 338944K, 0% used [0x0000000791400000,0x0000000791400000,0x00000007a5f00000)
 ParOldGen       total 574976K, used 574388K [0x00000006c0000000, 0x00000006e3180000, 0x000000076ab00000)
  object space 574976K, 99% used [0x00000006c0000000,0x00000006e30ed1a8,0x00000006e3180000)
 Metaspace       used 7009K, capacity 7632K, committed 7936K, reserved 1056768K
  class space    used 619K, capacity 648K, committed 768K, reserved 1048576K
}
Event: 53.864 GC heap before
{Heap before GC invocations=25 (full 5):
 PSYoungGen      total 950784K, used 228823K [0x000000076ab00000, 0x00000007bbd00000, 0x00000007c0000000)
  eden space 631808K, 0% used [0x000000076ab00000,0x000000076ab00000,0x0000000791400000)
  from space 318976K, 71% used [0x00000007a5f00000,0x00000007b3e75dd0,0x00000007b9680000)
  to   space 338944K, 0% used [0x0000000791400000,0x0000000791400000,0x00000007a5f00000)
 ParOldGen       total 574976K, used 574388K [0x00000006c0000000, 0x00000006e3180000, 0x000000076ab00000)
  object space 574976K, 99% used [0x00000006c0000000,0x00000006e30ed1a8,0x00000006e3180000)
 Metaspace       used 7009K, capacity 7632K, committed 7936K, reserved 1056768K
  class space    used 619K, capacity 648K, committed 768K, reserved 1048576K

Deoptimization events (10 events):
Event: 52.522 Thread 0x00007f5180147000 Uncommon trap: reason=array_check action=maybe_recompile pc=0x00007f5171ae5d9c method=java.util.ComparableTimSort.binarySort([Ljava/lang/Object;III)V @ 183
Event: 52.531 Thread 0x00007f5180147000 Uncommon trap: reason=array_check action=maybe_recompile pc=0x00007f5171ae5ce4 method=java.util.ComparableTimSort.binarySort([Ljava/lang/Object;III)V @ 193
Event: 52.549 Thread 0x00007f5180147000 Uncommon trap: reason=unstable_if action=reinterpret pc=0x00007f5171a99e78 method=com.android.dx.dex.code.StdCatchBuilder.handlersFor(Lcom/android/dx/rop/code/BasicBlock;Lcom/android/dx/dex/code/BlockAddresses;)Lcom/android/dx/dex/code/CatchHandlerList; @
Event: 52.552 Thread 0x00007f5180147000 Uncommon trap: reason=array_check action=maybe_recompile pc=0x00007f5171ae5c2c method=java.util.ComparableTimSort.binarySort([Ljava/lang/Object;III)V @ 215
Event: 52.561 Thread 0x00007f5180147000 Uncommon trap: reason=unstable_if action=reinterpret pc=0x00007f51717d675c method=com.android.dx.rop.code.RegisterSpecSet.equals(Ljava/lang/Object;)Z @ 30
Event: 52.633 Thread 0x00007f5180147000 Uncommon trap: reason=array_check action=maybe_recompile pc=0x00007f5171ae5ce4 method=java.util.ComparableTimSort.binarySort([Ljava/lang/Object;III)V @ 193
Event: 52.746 Thread 0x00007f5180147000 Uncommon trap: reason=unstable_if action=reinterpret pc=0x00007f5171a8e07c method=com.android.dx.dex.code.LocalList$MakeState.aboutToProcess(II)V @ 54
Event: 52.848 Thread 0x00007f5180147000 Uncommon trap: reason=unstable_if action=reinterpret pc=0x00007f51712fb8a8 method=com.android.dx.dex.code.LocalList$MakeState.snapshot(ILcom/android/dx/rop/code/RegisterSpecSet;)V @ 86
Event: 52.861 Thread 0x00007f5180147000 Uncommon trap: reason=unstable_if action=reinterpret pc=0x00007f51713abe70 method=com.android.dx.dex.code.LocalList$MakeState.filterSpec(Lcom/android/dx/rop/code/RegisterSpec;)Lcom/android/dx/rop/code/RegisterSpec; @ 11
Event: 53.005 Thread 0x00007f5180147000 Uncommon trap: reason=unstable_if action=reinterpret pc=0x00007f5171d7c580 method=com.android.dx.dex.code.LocalList$MakeState.filterSpec(Lcom/android/dx/rop/code/RegisterSpec;)Lcom/android/dx/rop/code/RegisterSpec; @ 11

Classes redefined (0 events):
No events

Internal exceptions (10 events):
Event: 1.653 Thread 0x00007f518015c800 Implicit null exception at 0x00007f51712ddbd6 to 0x00007f51712e0e85
Event: 2.115 Thread 0x00007f5180147000 Exception <a 'java/lang/ArrayIndexOutOfBoundsException': 18> (0x000000076bca2bb8) thrown at [/usr/local/google/buildbot/src/googleplex-android/openjdk/out/hotspot/src/share/vm/interpreter/interpreterRuntime.cpp, line 368]
Event: 2.115 Thread 0x00007f5180147000 Exception <a 'java/lang/ArrayIndexOutOfBoundsException': 145> (0x000000076bca4738) thrown at [/usr/local/google/buildbot/src/googleplex-android/openjdk/out/hotspot/src/share/vm/interpreter/interpreterRuntime.cpp, line 368]
Event: 2.117 Thread 0x00007f5180147000 Exception <a 'java/lang/ArrayIndexOutOfBoundsException': 40> (0x000000076bca5a20) thrown at [/usr/local/google/buildbot/src/googleplex-android/openjdk/out/hotspot/src/share/vm/interpreter/interpreterRuntime.cpp, line 368]
Event: 20.527 Thread 0x00007f5180147000 Implicit null exception at 0x00007f517195cb5c to 0x00007f517195d581
Event: 38.266 Thread 0x00007f518015f800 Implicit null exception at 0x00007f517191fc43 to 0x00007f517192340d
Event: 38.266 Thread 0x00007f518015f800 Implicit null exception at 0x00007f5171368dff to 0x00007f5171369a89
Event: 38.266 Thread 0x00007f518015f800 Implicit null exception at 0x00007f51718dce0e to 0x00007f51718df5cd
Event: 40.704 Thread 0x00007f518015e000 Implicit null exception at 0x00007f51716f5481 to 0x00007f51716f92c1
Event: 45.325 Thread 0x00007f518015c800 Implicit null exception at 0x00007f5171b85cb2 to 0x00007f5171b86ac5

Events (10 events):
Event: 53.030 Thread 0x00007f5180147000 DEOPT UNPACKING pc=0x00007f51710474c4 sp=0x00007f516c6f5100 mode 0
Event: 53.033 Thread 0x00007f5180147000 DEOPT PACKING pc=0x00007f5171700ac9 sp=0x00007f516c6f5390
Event: 53.033 Thread 0x00007f5180147000 DEOPT UNPACKING pc=0x00007f51710474c4 sp=0x00007f516c6f5100 mode 0
Event: 53.039 Thread 0x00007f5180147000 DEOPT PACKING pc=0x00007f5171700ac9 sp=0x00007f516c6f5210
Event: 53.039 Thread 0x00007f5180147000 DEOPT UNPACKING pc=0x00007f51710474c4 sp=0x00007f516c6f4f80 mode 0
Event: 53.045 Thread 0x00007f5180147000 DEOPT PACKING pc=0x00007f5171700ac9 sp=0x00007f516c6f5390
Event: 53.045 Thread 0x00007f5180147000 DEOPT UNPACKING pc=0x00007f51710474c4 sp=0x00007f516c6f5100 mode 0
Event: 53.051 Thread 0x00007f5180147000 DEOPT PACKING pc=0x00007f5171700ac9 sp=0x00007f516c6f5390
Event: 53.051 Thread 0x00007f5180147000 DEOPT UNPACKING pc=0x00007f51710474c4 sp=0x00007f516c6f5100 mode 0
Event: 53.055 Executing VM operation: ParallelGCFailedAllocation


Dynamic libraries:
00400000-00401000 r-xp 00000000 08:01 7352713                            /home/niroop/Documents/android-studio/jre/bin/java
00401000-00402000 rw-p 00000000 08:01 7352713                            /home/niroop/Documents/android-studio/jre/bin/java
01bae000-01bcf000 rw-p 00000000 00:00 0                                  [heap]
6c0000000-6e3180000 rw-p 00000000 00:00 0 
6f2300000-76ab00000 ---p 00000000 00:00 0 
76ab00000-7bbd00000 rw-p 00000000 00:00 0 
7bbd00000-7c0000000 ---p 00000000 00:00 0 
7c0000000-7c00c0000 rw-p 00000000 00:00 0 
7c00c0000-800000000 ---p 00000000 00:00 0 
7f5118000000-7f5118030000 rw-p 00000000 00:00 0 
7f5118030000-7f511c000000 ---p 00000000 00:00 0 
7f5120000000-7f5120066000 rw-p 00000000 00:00 0 
7f5120066000-7f5124000000 ---p 00000000 00:00 0 
7f5124000000-7f5124048000 rw-p 00000000 00:00 0 
7f5124048000-7f5128000000 ---p 00000000 00:00 0 
7f5128000000-7f512807d000 rw-p 00000000 00:00 0 
7f512807d000-7f512c000000 ---p 00000000 00:00 0 
7f512c000000-7f512c03f000 rw-p 00000000 00:00 0 
7f512c03f000-7f5130000000 ---p 00000000 00:00 0 
7f5130000000-7f5130021000 rw-p 00000000 00:00 0 
7f5130021000-7f5134000000 ---p 00000000 00:00 0 
7f5134000000-7f5134021000 rw-p 00000000 00:00 0 
7f5134021000-7f5138000000 ---p 00000000 00:00 0 
7f5138000000-7f5139a45000 rw-p 00000000 00:00 0 
7f5139a45000-7f513c000000 ---p 00000000 00:00 0 
7f513c000000-7f513cbe4000 rw-p 00000000 00:00 0 
7f513cbe4000-7f5140000000 ---p 00000000 00:00 0 
7f5140000000-7f5140021000 rw-p 00000000 00:00 0 
7f5140021000-7f5144000000 ---p 00000000 00:00 0 
7f5144000000-7f5144021000 rw-p 00000000 00:00 0 
7f5144021000-7f5148000000 ---p 00000000 00:00 0 
7f5148000000-7f51482cd000 rw-p 00000000 00:00 0 
7f51482cd000-7f514c000000 ---p 00000000 00:00 0 
7f514c000000-7f514c021000 rw-p 00000000 00:00 0 
7f514c021000-7f5150000000 ---p 00000000 00:00 0 
7f5150000000-7f5150021000 rw-p 00000000 00:00 0 
7f5150021000-7f5154000000 ---p 00000000 00:00 0 
7f5154000000-7f5154021000 rw-p 00000000 00:00 0 
7f5154021000-7f5158000000 ---p 00000000 00:00 0 
7f5158000000-7f5160000000 rw-p 00000000 00:00 0 
7f5160000000-7f5160021000 rw-p 00000000 00:00 0 
7f5160021000-7f5164000000 ---p 00000000 00:00 0 
7f5164000000-7f5165647000 rw-p 00000000 00:00 0 
7f5165647000-7f5168000000 ---p 00000000 00:00 0 
7f5168000000-7f5168021000 rw-p 00000000 00:00 0 
7f5168021000-7f516c000000 ---p 00000000 00:00 0 
7f516c2f3000-7f516c2f6000 ---p 00000000 00:00 0 
7f516c2f6000-7f516c3f4000 rw-p 00000000 00:00 0 
7f516c3f4000-7f516c3f7000 ---p 00000000 00:00 0 
7f516c3f7000-7f516c4f5000 rw-p 00000000 00:00 0 
7f516c4f5000-7f516c4f8000 ---p 00000000 00:00 0 
7f516c4f8000-7f516c5f6000 rw-p 00000000 00:00 0 
7f516c5f6000-7f516c5f9000 ---p 00000000 00:00 0 
7f516c5f9000-7f516c6f7000 rw-p 00000000 00:00 0 
7f516c6f7000-7f516c6fa000 ---p 00000000 00:00 0 
7f516c6fa000-7f516c7f8000 rw-p 00000000 00:00 0 
7f516c7f8000-7f516c807000 r--s 000e4000 08:01 11851761                   /home/niroop/Android/Sdk/build-tools/26.0.0/lib/dx.jar
7f516c807000-7f516c808000 ---p 00000000 00:00 0 
7f516c808000-7f516c908000 rw-p 00000000 00:00 0 
7f516c908000-7f516c90b000 ---p 00000000 00:00 0 
7f516c90b000-7f516ca09000 rw-p 00000000 00:00 0 
7f516ca09000-7f516ca0a000 ---p 00000000 00:00 0 
7f516ca0a000-7f516ca0d000 ---p 00000000 00:00 0 
7f516ca0d000-7f516cb0a000 rw-p 00000000 00:00 0 
7f516cb0a000-7f516cb0b000 ---p 00000000 00:00 0 
7f516cb0b000-7f516cb0e000 ---p 00000000 00:00 0 
7f516cb0e000-7f516cc0b000 rw-p 00000000 00:00 0 
7f516cc0b000-7f516cc0c000 ---p 00000000 00:00 0 
7f516cc0c000-7f516cc0f000 ---p 00000000 00:00 0 
7f516cc0f000-7f516cd0c000 rw-p 00000000 00:00 0 
7f516cd0c000-7f516cd0f000 ---p 00000000 00:00 0 
7f516cd0f000-7f516ce0d000 rw-p 00000000 00:00 0 
7f516ce0d000-7f516d7dc000 r--p 00000000 08:01 6036074                    /usr/lib/locale/locale-archive
7f516d7dc000-7f516d7df000 ---p 00000000 00:00 0 
7f516d7df000-7f516d8dd000 rw-p 00000000 00:00 0 
7f516d8dd000-7f516d8e0000 ---p 00000000 00:00 0 
7f516d8e0000-7f516d9de000 rw-p 00000000 00:00 0 
7f516d9de000-7f516d9df000 ---p 00000000 00:00 0 
7f516d9df000-7f516ea9f000 rw-p 00000000 00:00 0 
7f516ea9f000-7f516ec71000 r--s 03cad000 08:01 7352843                    /home/niroop/Documents/android-studio/jre/jre/lib/rt.jar
7f516ec71000-7f516f3e7000 rw-p 00000000 00:00 0 
7f516f3e7000-7f516f4e7000 ---p 00000000 00:00 0 
7f516f4e7000-7f516fce7000 rw-p 00000000 00:00 0 
7f516fce7000-7f516fce8000 ---p 00000000 00:00 0 
7f516fce8000-7f516fde8000 rw-p 00000000 00:00 0 
7f516fde8000-7f516fde9000 ---p 00000000 00:00 0 
7f516fde9000-7f5170002000 rw-p 00000000 00:00 0 
7f5170002000-7f517043f000 ---p 00000000 00:00 0 
7f517043f000-7f5170558000 rw-p 00000000 00:00 0 
7f5170558000-7f5170994000 ---p 00000000 00:00 0 
7f5170994000-7f5170c1e000 rw-p 00000000 00:00 0 
7f5170c1e000-7f5170c3f000 ---p 00000000 00:00 0 
7f5170c3f000-7f5170c77000 rw-p 00000000 00:00 0 
7f5170c77000-7f5171000000 ---p 00000000 00:00 0 
7f5171000000-7f5171d90000 rwxp 00000000 00:00 0 
7f5171d90000-7f5180000000 ---p 00000000 00:00 0 
7f5180000000-7f51803da000 rw-p 00000000 00:00 0 
7f51803da000-7f5184000000 ---p 00000000 00:00 0 
7f5184009000-7f51840a6000 rw-p 00000000 00:00 0 
7f51840a6000-7f51840a7000 ---p 00000000 00:00 0 
7f51840a7000-7f51841a7000 rw-p 00000000 00:00 0 
7f51841a7000-7f51841a8000 ---p 00000000 00:00 0 
7f51841a8000-7f51842a8000 rw-p 00000000 00:00 0 
7f51842a8000-7f51842b3000 r-xp 00000000 08:01 1840165                    /lib/x86_64-linux-gnu/libnss_files-2.27.so
7f51842b3000-7f51844b2000 ---p 0000b000 08:01 1840165                    /lib/x86_64-linux-gnu/libnss_files-2.27.so
7f51844b2000-7f51844b3000 r--p 0000a000 08:01 1840165                    /lib/x86_64-linux-gnu/libnss_files-2.27.so
7f51844b3000-7f51844b4000 rw-p 0000b000 08:01 1840165                    /lib/x86_64-linux-gnu/libnss_files-2.27.so
7f51844b4000-7f51844ba000 rw-p 00000000 00:00 0 
7f51844ba000-7f51844d1000 r-xp 00000000 08:01 1840159                    /lib/x86_64-linux-gnu/libnsl-2.27.so
7f51844d1000-7f51846d0000 ---p 00017000 08:01 1840159                    /lib/x86_64-linux-gnu/libnsl-2.27.so
7f51846d0000-7f51846d1000 r--p 00016000 08:01 1840159                    /lib/x86_64-linux-gnu/libnsl-2.27.so
7f51846d1000-7f51846d2000 rw-p 00017000 08:01 1840159                    /lib/x86_64-linux-gnu/libnsl-2.27.so
7f51846d2000-7f51846d4000 rw-p 00000000 00:00 0 
7f51846d4000-7f51846df000 r-xp 00000000 08:01 1840176                    /lib/x86_64-linux-gnu/libnss_nis-2.27.so
7f51846df000-7f51848de000 ---p 0000b000 08:01 1840176                    /lib/x86_64-linux-gnu/libnss_nis-2.27.so
7f51848de000-7f51848df000 r--p 0000a000 08:01 1840176                    /lib/x86_64-linux-gnu/libnss_nis-2.27.so
7f51848df000-7f51848e0000 rw-p 0000b000 08:01 1840176                    /lib/x86_64-linux-gnu/libnss_nis-2.27.so
7f51848e0000-7f51848e8000 r-xp 00000000 08:01 1840161                    /lib/x86_64-linux-gnu/libnss_compat-2.27.so
7f51848e8000-7f5184ae8000 ---p 00008000 08:01 1840161                    /lib/x86_64-linux-gnu/libnss_compat-2.27.so
7f5184ae8000-7f5184ae9000 r--p 00008000 08:01 1840161                    /lib/x86_64-linux-gnu/libnss_compat-2.27.so
7f5184ae9000-7f5184aea000 rw-p 00009000 08:01 1840161                    /lib/x86_64-linux-gnu/libnss_compat-2.27.so
7f5184aea000-7f5184af1000 r-xp 00000000 08:01 1840216                    /lib/x86_64-linux-gnu/librt-2.27.so
7f5184af1000-7f5184cf0000 ---p 00007000 08:01 1840216                    /lib/x86_64-linux-gnu/librt-2.27.so
7f5184cf0000-7f5184cf1000 r--p 00006000 08:01 1840216                    /lib/x86_64-linux-gnu/librt-2.27.so
7f5184cf1000-7f5184cf2000 rw-p 00007000 08:01 1840216                    /lib/x86_64-linux-gnu/librt-2.27.so
7f5184cf2000-7f5184e8f000 r-xp 00000000 08:01 1840138                    /lib/x86_64-linux-gnu/libm-2.27.so
7f5184e8f000-7f518508e000 ---p 0019d000 08:01 1840138                    /lib/x86_64-linux-gnu/libm-2.27.so
7f518508e000-7f518508f000 r--p 0019c000 08:01 1840138                    /lib/x86_64-linux-gnu/libm-2.27.so
7f518508f000-7f5185090000 rw-p 0019d000 08:01 1840138                    /lib/x86_64-linux-gnu/libm-2.27.so
7f5185090000-7f5185cb6000 r-xp 00000000 08:01 7352820                    /home/niroop/Documents/android-studio/jre/jre/lib/amd64/server/libjvm.so
7f5185cb6000-7f5185d86000 rw-p 00c26000 08:01 7352820                    /home/niroop/Documents/android-studio/jre/jre/lib/amd64/server/libjvm.so
7f5185d86000-7f5185dca000 rw-p 00000000 00:00 0 
7f5185dca000-7f5185fb1000 r-xp 00000000 08:01 1840075                    /lib/x86_64-linux-gnu/libc-2.27.so
7f5185fb1000-7f51861b1000 ---p 001e7000 08:01 1840075                    /lib/x86_64-linux-gnu/libc-2.27.so
7f51861b1000-7f51861b5000 r--p 001e7000 08:01 1840075                    /lib/x86_64-linux-gnu/libc-2.27.so
7f51861b5000-7f51861b7000 rw-p 001eb000 08:01 1840075                    /lib/x86_64-linux-gnu/libc-2.27.so
7f51861b7000-7f51861bb000 rw-p 00000000 00:00 0 
7f51861bb000-7f51861be000 r-xp 00000000 08:01 1840098                    /lib/x86_64-linux-gnu/libdl-2.27.so
7f51861be000-7f51863bd000 ---p 00003000 08:01 1840098                    /lib/x86_64-linux-gnu/libdl-2.27.so
7f51863bd000-7f51863be000 r--p 00002000 08:01 1840098                    /lib/x86_64-linux-gnu/libdl-2.27.so
7f51863be000-7f51863bf000 rw-p 00003000 08:01 1840098                    /lib/x86_64-linux-gnu/libdl-2.27.so
7f51863bf000-7f51863d9000 r-xp 00000000 08:01 1840208                    /lib/x86_64-linux-gnu/libpthread-2.27.so
7f51863d9000-7f51865d8000 ---p 0001a000 08:01 1840208                    /lib/x86_64-linux-gnu/libpthread-2.27.so
7f51865d8000-7f51865d9000 r--p 00019000 08:01 1840208                    /lib/x86_64-linux-gnu/libpthread-2.27.so
7f51865d9000-7f51865da000 rw-p 0001a000 08:01 1840208                    /lib/x86_64-linux-gnu/libpthread-2.27.so
7f51865da000-7f51865de000 rw-p 00000000 00:00 0 
7f51865de000-7f5186605000 r-xp 00000000 08:01 1840047                    /lib/x86_64-linux-gnu/ld-2.27.so
7f518660f000-7f5186687000 rw-p 00000000 00:00 0 
7f5186687000-7f51866a2000 r-xp 00000000 08:01 7352802                    /home/niroop/Documents/android-studio/jre/jre/lib/amd64/libzip.so
7f51866a2000-7f51866a3000 rw-p 0001a000 08:01 7352802                    /home/niroop/Documents/android-studio/jre/jre/lib/amd64/libzip.so
7f51866a3000-7f51866cd000 r-xp 00000000 08:01 7352810                    /home/niroop/Documents/android-studio/jre/jre/lib/amd64/libjava.so
7f51866cd000-7f51866cf000 rw-p 0002a000 08:01 7352810                    /home/niroop/Documents/android-studio/jre/jre/lib/amd64/libjava.so
7f51866cf000-7f51866d0000 ---p 00000000 00:00 0 
7f51866d0000-7f51866d3000 ---p 00000000 00:00 0 
7f51866d3000-7f51867d2000 rw-p 00000000 00:00 0 
7f51867d2000-7f51867e8000 r-xp 00000000 08:01 7352701                    /home/niroop/Documents/android-studio/jre/lib/amd64/jli/libjli.so
7f51867e8000-7f51867e9000 rw-p 00015000 08:01 7352701                    /home/niroop/Documents/android-studio/jre/lib/amd64/jli/libjli.so
7f51867e9000-7f51867eb000 rw-p 00000000 00:00 0 
7f51867ec000-7f51867f4000 rw-s 00000000 08:01 12593743                   /tmp/hsperfdata_niroop/20591
7f51867f4000-7f51867f5000 rw-p 00000000 00:00 0 
7f51867f5000-7f51867f6000 ---p 00000000 00:00 0 
7f51867f6000-7f5186803000 r-xp 00000000 08:01 7352798                    /home/niroop/Documents/android-studio/jre/jre/lib/amd64/libverify.so
7f5186803000-7f5186805000 rw-p 0000c000 08:01 7352798                    /home/niroop/Documents/android-studio/jre/jre/lib/amd64/libverify.so
7f5186805000-7f5186806000 r--p 00027000 08:01 1840047                    /lib/x86_64-linux-gnu/ld-2.27.so
7f5186806000-7f5186807000 rw-p 00028000 08:01 1840047                    /lib/x86_64-linux-gnu/ld-2.27.so
7f5186807000-7f5186808000 rw-p 00000000 00:00 0 
7ffc215df000-7ffc21601000 rw-p 00000000 00:00 0                          [stack]
7ffc2174f000-7ffc21752000 r--p 00000000 00:00 0                          [vvar]
7ffc21752000-7ffc21753000 r-xp 00000000 00:00 0                          [vdso]
ffffffffff600000-ffffffffff601000 r-xp 00000000 00:00 0                  [vsyscall]

VM Arguments:
jvm_args: -Djava.awt.headless=true -Xmx4g -Dfile.encoding=UTF-8 -Duser.country=IN -Duser.language=en -Duser.variant 
java_command: com.android.dx.command.Main --dex --num-threads=4 --multi-dex --output /media/niroop/External HDD/AndroidStudioProjects/User App/app/build/intermediates/transforms/dex/debug/folders/1000/1f/main /home/niroop/.gradle/caches/modules-2/files-2.1/com.twitter/twitter-text/1.13.0/78415b95ae3184c5926d593feab64bfc0b73b2dd/twitter-text-1.13.0.jar /home/niroop/.android/build-cache/5fcb9a86500c46afa2241a78a670579788b0507a/output/jars/classes.jar /home/niroop/.gradle/caches/modules-2/files-2.1/com.squareup.okhttp3/okhttp-ws/3.0.1/bd9b51a0188fc8f14bf840a0d326755545206116/okhttp-ws-3.0.1.jar /home/niroop/.android/build-cache/75dde23ca9f72f0bbee564910b4ddfc64c464f51/output/jars/classes.jar /home/niroop/.android/build-cache/b14f3cdd91dd5a5853a9344f5b82d9a2f1580e7f/output/jars/classes.jar /home/niroop/.android/build-cache/378a40131b81df085943bf473ac8f1d4f3f45f38/output/jars/classes.jar /media/niroop/External HDD/AndroidStudioProjects/User App/stripe/build/intermediates/bundles/default/classes.jar /home/niroop/.gradle/caches/modules-2/files-2.1/com.google.code.gson/gson/2.3/5fc52c41ef0239d1093a1eb7c3697036183677ce/gson-2.3.jar /home/niroop/.android/build-cache/64b2c015a07189ebc0254052798b61846fdd4db5/output/jars/classes.jar /home/niroop/.gradle/caches/modules-2/files-2.1/cz.msebera.android/httpclient/4.4.1.1/c8d96f6fd2bcc179c312da33ee670a71188cc60d/httpclient-4.4.1.1.jar /home/niroop/.android/build-cache/9901f58dda3e7377f7716f1ad4d30c44fc3d4a02/output/jars/classes.jar /home/niroop/.android/build-cache/8d3d670e2e94e1045188e8efb94a9240a5f849f5/output/jars/classes.jar /home/niroop/.android/build-cache/a0e761b7ace098dc210b0a3947be7ea06d53b2e3/output/jars/classes.jar /home/niroop/.gradle/caches/modules-2/files-2.1/io.socket/engine.io-client/0.7.0/c1b1d30e2d2231b2eae1438a44943a409b976dac/engine.io-client-0.7.0.jar /home/niroop/.android/build-cache/a1db323b27e8bb18edcef9eea6a2fefad94973dc/output/jars/classes.jar /home/niroop/.android/build-cache/7faa963d9e72b2e6addcc8067df36
java_class_path (initial): /home/niroop/Android/Sdk/build-tools/26.0.0/lib/dx.jar
Launcher Type: SUN_STANDARD

Environment Variables:
PATH=/usr/local/sbin:/usr/local/bin:/usr/sbin:/usr/bin:/sbin:/bin:/usr/games:/usr/local/games:/snap/bin
USERNAME=niroop
SHELL=/bin/bash
DISPLAY=:0

Signal Handlers:
SIGSEGV: [libjvm.so+0xa09650], sa_mask[0]=11111111011111111101111111111110, sa_flags=SA_RESTART|SA_SIGINFO
SIGBUS: [libjvm.so+0xa09650], sa_mask[0]=11111111011111111101111111111110, sa_flags=SA_RESTART|SA_SIGINFO
SIGFPE: [libjvm.so+0x86bc60], sa_mask[0]=11111111011111111101111111111110, sa_flags=SA_RESTART|SA_SIGINFO
SIGPIPE: [libjvm.so+0x86bc60], sa_mask[0]=11111111011111111101111111111110, sa_flags=SA_RESTART|SA_SIGINFO
SIGXFSZ: [libjvm.so+0x86bc60], sa_mask[0]=11111111011111111101111111111110, sa_flags=SA_RESTART|SA_SIGINFO
SIGILL: [libjvm.so+0x86bc60], sa_mask[0]=11111111011111111101111111111110, sa_flags=SA_RESTART|SA_SIGINFO
SIGUSR1: SIG_DFL, sa_mask[0]=00000000000000000000000000000000, sa_flags=none
SIGUSR2: [libjvm.so+0x86bb30], sa_mask[0]=00100000000000000000000000000000, sa_flags=SA_RESTART|SA_SIGINFO
SIGHUP: [libjvm.so+0x86bd20], sa_mask[0]=11111111011111111101111111111110, sa_flags=SA_RESTART|SA_SIGINFO
SIGINT: [libjvm.so+0x86bd20], sa_mask[0]=11111111011111111101111111111110, sa_flags=SA_RESTART|SA_SIGINFO
SIGTERM: [libjvm.so+0x86bd20], sa_mask[0]=11111111011111111101111111111110, sa_flags=SA_RESTART|SA_SIGINFO
SIGQUIT: [libjvm.so+0x86bd20], sa_mask[0]=11111111011111111101111111111110, sa_flags=SA_RESTART|SA_SIGINFO


---------------  S Y S T E M  ---------------

OS:DISTRIB_ID=Ubuntu
DISTRIB_RELEASE=18.04
DISTRIB_CODENAME=bionic
DISTRIB_DESCRIPTION="Ubuntu 18.04.3 LTS"

uname:Linux 5.0.0-37-generic #40~18.04.1-Ubuntu SMP Thu Nov 14 12:06:39 UTC 2019 x86_64
libc:glibc 2.27 NPTL 2.27 
rlimit: STACK 8192k, CORE 0k, NPROC 23162, NOFILE 1048576, AS infinity
load average:9.24 7.23 3.94

/proc/meminfo:
MemTotal:        5979864 kB
MemFree:          123964 kB
MemAvailable:      93244 kB
Buffers:           14144 kB
Cached:           179832 kB
SwapCached:        32980 kB
Active:          4755504 kB
Inactive:         733224 kB
Active(anon):    4711600 kB
Inactive(anon):   671960 kB
Active(file):      43904 kB
Inactive(file):    61264 kB
Unevictable:          60 kB
Mlocked:              32 kB
SwapTotal:       2097148 kB
SwapFree:            160 kB
Dirty:                44 kB
Writeback:             0 kB
AnonPages:       5263176 kB
Mapped:           105860 kB
Shmem:             88128 kB
KReclaimable:      94924 kB
Slab:             161652 kB
SReclaimable:      94924 kB
SUnreclaim:        66728 kB
KernelStack:       16112 kB
PageTables:        78876 kB
NFS_Unstable:          0 kB
Bounce:                0 kB
WritebackTmp:          0 kB
CommitLimit:     5087080 kB
Committed_AS:   13314448 kB
VmallocTotal:   34359738367 kB
VmallocUsed:           0 kB
VmallocChunk:          0 kB
Percpu:             2528 kB
HardwareCorrupted:     0 kB
AnonHugePages:         0 kB
ShmemHugePages:        0 kB
ShmemPmdMapped:        0 kB
CmaTotal:              0 kB
CmaFree:               0 kB
HugePages_Total:       0
HugePages_Free:        0
HugePages_Rsvd:        0
HugePages_Surp:        0
Hugepagesize:       2048 kB
Hugetlb:               0 kB
DirectMap4k:      289048 kB
DirectMap2M:     5881856 kB

container (cgroup) information:
container_type: cgroupv1
cpu_cpuset_cpus: 0-3
cpu_memory_nodes: 0
active_processor_count: 4
cpu_quota: -1
cpu_period: 100000
cpu_shares: -1
memory_limit_in_bytes: -1
memory_and_swap_limit_in_bytes: -2
memory_soft_limit_in_bytes: -1
memory_usage_in_bytes: 5616316416
memory_max_usage_in_bytes: 888131584


CPU:total 4 (initial active 4) (2 cores per cpu, 2 threads per core) family 6 model 58 stepping 9, cmov, cx8, fxsr, mmx, sse, sse2, sse3, ssse3, sse4.1, sse4.2, popcnt, avx, aes, clmul, erms, ht, tsc, tscinvbit, tscinv

/proc/cpuinfo:
processor	: 0
vendor_id	: GenuineIntel
cpu family	: 6
model		: 58
model name	: Intel(R) Core(TM) i5-3337U CPU @ 1.80GHz
stepping	: 9
microcode	: 0x21
cpu MHz		: 2494.236
cache size	: 3072 KB
physical id	: 0
siblings	: 4
core id		: 0
cpu cores	: 2
apicid		: 0
initial apicid	: 0
fpu		: yes
fpu_exception	: yes
cpuid level	: 13
wp		: yes
flags		: fpu vme de pse tsc msr pae mce cx8 apic sep mtrr pge mca cmov pat pse36 clflush dts acpi mmx fxsr sse sse2 ss ht tm pbe syscall nx rdtscp lm constant_tsc arch_perfmon pebs bts rep_good nopl xtopology nonstop_tsc cpuid aperfmperf pni pclmulqdq dtes64 monitor ds_cpl vmx est tm2 ssse3 cx16 xtpr pdcm pcid sse4_1 sse4_2 x2apic popcnt tsc_deadline_timer aes xsave avx f16c rdrand lahf_lm cpuid_fault epb pti ssbd ibrs ibpb stibp tpr_shadow vnmi flexpriority ept vpid fsgsbase smep erms xsaveopt dtherm ida arat pln pts md_clear flush_l1d
bugs		: cpu_meltdown spectre_v1 spectre_v2 spec_store_bypass l1tf mds swapgs itlb_multihit
bogomips	: 3591.78
clflush size	: 64
cache_alignment	: 64
address sizes	: 36 bits physical, 48 bits virtual
power management:

processor	: 1
vendor_id	: GenuineIntel
cpu family	: 6
model		: 58
model name	: Intel(R) Core(TM) i5-3337U CPU @ 1.80GHz
stepping	: 9
microcode	: 0x21
cpu MHz		: 2494.303
cache size	: 3072 KB
physical id	: 0
siblings	: 4
core id		: 0
cpu cores	: 2
apicid		: 1
initial apicid	: 1
fpu		: yes
fpu_exception	: yes
cpuid level	: 13
wp		: yes
flags		: fpu vme de pse tsc msr pae mce cx8 apic sep mtrr pge mca cmov pat pse36 clflush dts acpi mmx fxsr sse sse2 ss ht tm pbe syscall nx rdtscp lm constant_tsc arch_perfmon pebs bts rep_good nopl xtopology nonstop_tsc cpuid aperfmperf pni pclmulqdq dtes64 monitor ds_cpl vmx est tm2 ssse3 cx16 xtpr pdcm pcid sse4_1 sse4_2 x2apic popcnt tsc_deadline_timer aes xsave avx f16c rdrand lahf_lm cpuid_fault epb pti ssbd ibrs ibpb stibp tpr_shadow vnmi flexpriority ept vpid fsgsbase smep erms xsaveopt dtherm ida arat pln pts md_clear flush_l1d
bugs		: cpu_meltdown spectre_v1 spectre_v2 spec_store_bypass l1tf mds swapgs itlb_multihit
bogomips	: 3591.78
clflush size	: 64
cache_alignment	: 64
address sizes	: 36 bits physical, 48 bits virtual
power management:

processor	: 2
vendor_id	: GenuineIntel
cpu family	: 6
model		: 58
model name	: Intel(R) Core(TM) i5-3337U CPU @ 1.80GHz
stepping	: 9
microcode	: 0x21
cpu MHz		: 2505.522
cache size	: 3072 KB
physical id	: 0
siblings	: 4
core id		: 1
cpu cores	: 2
apicid		: 2
initial apicid	: 2
fpu		: yes
fpu_exception	: yes
cpuid level	: 13
wp		: yes
flags		: fpu vme de pse tsc msr pae mce cx8 apic sep mtrr pge mca cmov pat pse36 clflush dts acpi mmx fxsr sse sse2 ss ht tm pbe syscall nx rdtscp lm constant_tsc arch_perfmon pebs bts rep_good nopl xtopology nonstop_tsc cpuid aperfmperf pni pclmulqdq dtes64 monitor ds_cpl vmx est tm2 ssse3 cx16 xtpr pdcm pcid sse4_1 sse4_2 x2apic popcnt tsc_deadline_timer aes xsave avx f16c rdrand lahf_lm cpuid_fault epb pti ssbd ibrs ibpb stibp tpr_shadow vnmi flexpriority ept vpid fsgsbase smep erms xsaveopt dtherm ida arat pln pts md_clear flush_l1d
bugs		: cpu_meltdown spectre_v1 spectre_v2 spec_store_bypass l1tf mds swapgs itlb_multihit
bogomips	: 3591.78
clflush size	: 64
cache_alignment	: 64
address sizes	: 36 bits physical, 48 bits virtual
power management:

processor	: 3
vendor_id	: GenuineIntel
cpu family	: 6
model		: 58
model name	: Intel(R) Core(TM) i5-3337U CPU @ 1.80GHz
stepping	: 9
microcode	: 0x21
cpu MHz		: 2501.436
cache size	: 3072 KB
physical id	: 0
siblings	: 4
core id		: 1
cpu cores	: 2
apicid		: 3
initial apicid	: 3
fpu		: yes
fpu_exception	: yes
cpuid level	: 13
wp		: yes
flags		: fpu vme de pse tsc msr pae mce cx8 apic sep mtrr pge mca cmov pat pse36 clflush dts acpi mmx fxsr sse sse2 ss ht tm pbe syscall nx rdtscp lm constant_tsc arch_perfmon pebs bts rep_good nopl xtopology nonstop_tsc cpuid aperfmperf pni pclmulqdq dtes64 monitor ds_cpl vmx est tm2 ssse3 cx16 xtpr pdcm pcid sse4_1 sse4_2 x2apic popcnt tsc_deadline_timer aes xsave avx f16c rdrand lahf_lm cpuid_fault epb pti ssbd ibrs ibpb stibp tpr_shadow vnmi flexpriority ept vpid fsgsbase smep erms xsaveopt dtherm ida arat pln pts md_clear flush_l1d
bugs		: cpu_meltdown spectre_v1 spectre_v2 spec_store_bypass l1tf mds swapgs itlb_multihit
bogomips	: 3591.78
clflush size	: 64
cache_alignment	: 64
address sizes	: 36 bits physical, 48 bits virtual
power management:



Memory: 4k page, physical 5979864k(120940k free), swap 2097148k(164k free)

vm_info: OpenJDK 64-Bit Server VM (25.202-b49-5587405) for linux-amd64 JRE (1.8.0_202-release-1483-b49-5587405), built by "android-build" with gcc 4.8

time: Wed Jan 29 12:00:21 2020
timezone: IST
elapsed time: 59 seconds (0d 0h 0m 59s)

