#
# There is insufficient memory for the Java Runtime Environment to continue.
# Native memory allocation (mmap) failed to map 311951360 bytes for committing reserved memory.
# Possible reasons:
#   The system is out of physical RAM or swap space
#   The process is running with CompressedOops enabled, and the Java Heap may be blocking the growth of the native heap
# Possible solutions:
#   Reduce memory load on the system
#   Increase physical memory or swap space
#   Check if swap backing store is full
#   Decrease Java heap size (-Xmx/-Xms)
#   Decrease number of Java threads
#   Decrease Java thread stack sizes (-Xss)
#   Set larger code cache with -XX:ReservedCodeCacheSize=
#   JVM is running with Zero Based Compressed Oops mode in which the Java heap is
#     placed in the first 32GB address space. The Java Heap base address is the
#     maximum limit for the native heap growth. Please use -XX:HeapBaseMinAddress
#     to set the Java Heap base and to place the Java Heap above 32GB virtual address.
# This output file may be truncated or incomplete.
#
#  Out of Memory Error (os_linux.cpp:2753), pid=10075, tid=0x00007f954b24d700
#
# JRE version: OpenJDK Runtime Environment (8.0_202) (build 1.8.0_202-release-1483-b49-5587405)
# Java VM: OpenJDK 64-Bit Server VM (25.202-b49-5587405 mixed mode linux-amd64 compressed oops)
# Failed to write core dump. Core dumps have been disabled. To enable core dumping, try "ulimit -c unlimited" before starting Java again
#

---------------  T H R E A D  ---------------

Current thread (0x00007f956007c800):  VMThread [stack: 0x00007f954b14e000,0x00007f954b24e000] [id=10085]

Stack: [0x00007f954b14e000,0x00007f954b24e000],  sp=0x00007f954b24c510,  free space=1017k
Native frames: (J=compiled Java code, j=interpreted, Vv=VM code, C=native code)
V  [libjvm.so+0xa08b78]  VMError::report_and_die()+0x148
V  [libjvm.so+0x4d412a]  report_vm_out_of_memory(char const*, int, unsigned long, VMErrorType, char const*)+0x8a
V  [libjvm.so+0x870478]  os::pd_commit_memory(char*, unsigned long, unsigned long, bool)+0xd8
V  [libjvm.so+0x867f9f]  os::commit_memory(char*, unsigned long, unsigned long, bool)+0x1f
V  [libjvm.so+0x8e14eb]  PSVirtualSpace::expand_by(unsigned long)+0x5b
V  [libjvm.so+0x8e2140]  PSYoungGen::resize_generation(unsigned long, unsigned long)+0xb0
V  [libjvm.so+0x8e245b]  PSYoungGen::resize(unsigned long, unsigned long)+0x1b
V  [libjvm.so+0x8deb8e]  PSScavenge::invoke_no_policy()+0xdce
V  [libjvm.so+0x8df348]  PSScavenge::invoke()+0x38
V  [libjvm.so+0x893763]  ParallelScavengeHeap::failed_mem_allocate(unsigned long)+0x63
V  [libjvm.so+0xa0a644]  VM_ParallelGCFailedAllocation::doit()+0x84
V  [libjvm.so+0xa0ea17]  VM_Operation::evaluate()+0x47
V  [libjvm.so+0xa0d498]  VMThread::evaluate_operation(VM_Operation*)+0x218
V  [libjvm.so+0xa0d8d1]  VMThread::loop()+0x1f1
V  [libjvm.so+0xa0dd02]  VMThread::run()+0x72
V  [libjvm.so+0x86d652]  java_start(Thread*)+0xf2

VM_Operation (0x00007f9567f30670): ParallelGCFailedAllocation, mode: safepoint, requested by thread 0x00007f956000e800


---------------  P R O C E S S  ---------------

Java Threads: ( => current thread )
  0x00007f9560191000 JavaThread "pool-2-thread-4" [_thread_blocked, id=10098, stack(0x00007f9549a62000,0x00007f9549b63000)]
  0x00007f956018f800 JavaThread "pool-2-thread-3" [_thread_blocked, id=10097, stack(0x00007f9549b63000,0x00007f9549c64000)]
  0x00007f956018d800 JavaThread "pool-2-thread-2" [_thread_blocked, id=10096, stack(0x00007f9549c64000,0x00007f9549d65000)]
  0x00007f956018b800 JavaThread "pool-3-thread-1" [_thread_blocked, id=10095, stack(0x00007f9549d65000,0x00007f9549e66000)]
  0x00007f956018a000 JavaThread "pool-2-thread-1" [_thread_blocked, id=10094, stack(0x00007f9549e66000,0x00007f9549f67000)]
  0x00007f95600cc800 JavaThread "Service Thread" daemon [_thread_blocked, id=10092, stack(0x00007f954a077000,0x00007f954a178000)]
  0x00007f95600c1800 JavaThread "C1 CompilerThread2" daemon [_thread_blocked, id=10091, stack(0x00007f954a179000,0x00007f954a279000)]
  0x00007f95600bf800 JavaThread "C2 CompilerThread1" daemon [_thread_blocked, id=10090, stack(0x00007f954a27a000,0x00007f954a37a000)]
  0x00007f95600bc800 JavaThread "C2 CompilerThread0" daemon [_thread_blocked, id=10089, stack(0x00007f954a37b000,0x00007f954a47b000)]
  0x00007f95600b8800 JavaThread "Signal Dispatcher" daemon [_thread_blocked, id=10088, stack(0x00007f954a47b000,0x00007f954a57c000)]
  0x00007f9560088800 JavaThread "Finalizer" daemon [_thread_blocked, id=10087, stack(0x00007f954af4b000,0x00007f954b04c000)]
  0x00007f9560086000 JavaThread "Reference Handler" daemon [_thread_blocked, id=10086, stack(0x00007f954b04c000,0x00007f954b14d000)]
  0x00007f956000e800 JavaThread "main" [_thread_blocked, id=10080, stack(0x00007f9567e33000,0x00007f9567f33000)]

Other Threads:
=>0x00007f956007c800 VMThread [stack: 0x00007f954b14e000,0x00007f954b24e000] [id=10085]
  0x00007f95600cf000 WatcherThread [stack: 0x00007f9549f77000,0x00007f954a077000] [id=10093]

VM state:at safepoint (normal execution)

VM Mutex/Monitor currently owned by a thread:  ([mutex/lock_event])
[0x00007f956000afa0] Threads_lock - owner thread: 0x00007f956007c800
[0x00007f956000b4a0] Heap_lock - owner thread: 0x00007f956000e800

heap address: 0x00000006c0000000, size: 4096 MB, Compressed Oops mode: Zero based, Oop shift amount: 3
Narrow klass base: 0x0000000000000000, Narrow klass shift: 3
Compressed class space size: 1073741824 Address: 0x00000007c0000000

Heap:
 PSYoungGen      total 714752K, used 87938K [0x000000076ab00000, 0x000000079cc80000, 0x00000007c0000000)
  eden space 609280K, 0% used [0x000000076ab00000,0x000000076ab00000,0x000000078fe00000)
  from space 105472K, 83% used [0x000000078fe00000,0x00000007953e0858,0x0000000796500000)
  to   space 99328K, 0% used [0x0000000796500000,0x0000000796500000,0x000000079c600000)
 ParOldGen       total 312320K, used 307373K [0x00000006c0000000, 0x00000006d3100000, 0x000000076ab00000)
  object space 312320K, 98% used [0x00000006c0000000,0x00000006d2c2b408,0x00000006d3100000)
 Metaspace       used 6608K, capacity 7344K, committed 7552K, reserved 1056768K
  class space    used 596K, capacity 616K, committed 640K, reserved 1048576K

Card table byte_map: [0x00007f9564e4d000,0x00007f956564e000] byte_map_base: 0x00007f956184d000

Marking Bits: (ParMarkBitMap*) 0x00007f9567501920
 Begin Bits: [0x00007f952c000000, 0x00007f9530000000)
 End Bits:   [0x00007f9530000000, 0x00007f9534000000)

Polling page: 0x00007f9567f5b000

CodeCache: size=245760Kb used=13195Kb max_used=13221Kb free=232565Kb
 bounds [0x00007f9551000000, 0x00007f9551d00000, 0x00007f9560000000]
 total_blobs=2910 nmethods=2637 adapters=187
 compilation: enabled

Compilation events (10 events):
Event: 41.609 Thread 0x00007f95600c1800 2888       2       com.android.dx.rop.code.RegOps::flippedIfOpcode (81 bytes)
Event: 41.610 Thread 0x00007f95600c1800 nmethod 2888 0x00007f9551cbafd0 code [0x00007f9551cbb180, 0x00007f9551cbb5d8]
Event: 41.610 Thread 0x00007f95600c1800 2889       2       com.android.dx.ssa.LiteralOpUpgrader::access$200 (10 bytes)
Event: 41.610 Thread 0x00007f95600c1800 nmethod 2889 0x00007f9551c44d10 code [0x00007f9551c44e80, 0x00007f9551c44fc8]
Event: 41.663 Thread 0x00007f95600c1800 2890 %     3       java.util.concurrent.ConcurrentHashMap::get @ 112 (162 bytes)
Event: 41.665 Thread 0x00007f95600c1800 nmethod 2890% 0x00007f9551cdc290 code [0x00007f9551cdc4a0, 0x00007f9551cdd0d8]
Event: 41.725 Thread 0x00007f95600c1800 2893       3       java.util.concurrent.ConcurrentHashMap::get (162 bytes)
Event: 41.726 Thread 0x00007f95600c1800 nmethod 2893 0x00007f9551cdb090 code [0x00007f9551cdb2a0, 0x00007f9551cdbe38]
Event: 41.781 Thread 0x00007f95600c1800 2895       3       com.android.dx.dex.file.ValueEncoder::addContents (75 bytes)
Event: 41.782 Thread 0x00007f95600c1800 nmethod 2895 0x00007f9551cd9ed0 code [0x00007f9551cda0e0, 0x00007f9551cdad08]

GC Heap History (10 events):
Event: 23.181 GC heap after
Heap after GC invocations=11 (full 2):
 PSYoungGen      total 409088K, used 38740K [0x000000076ab00000, 0x000000078f180000, 0x00000007c0000000)
  eden space 365568K, 0% used [0x000000076ab00000,0x000000076ab00000,0x0000000781000000)
  from space 43520K, 89% used [0x0000000781000000,0x00000007835d52f8,0x0000000783a80000)
  to   space 72704K, 0% used [0x000000078aa80000,0x000000078aa80000,0x000000078f180000)
 ParOldGen       total 197632K, used 117319K [0x00000006c0000000, 0x00000006cc100000, 0x000000076ab00000)
  object space 197632K, 59% used [0x00000006c0000000,0x00000006c7291f00,0x00000006cc100000)
 Metaspace       used 6567K, capacity 7280K, committed 7552K, reserved 1056768K
  class space    used 596K, capacity 616K, committed 640K, reserved 1048576K
}
Event: 28.215 GC heap before
{Heap before GC invocations=12 (full 2):
 PSYoungGen      total 409088K, used 404308K [0x000000076ab00000, 0x000000078f180000, 0x00000007c0000000)
  eden space 365568K, 100% used [0x000000076ab00000,0x0000000781000000,0x0000000781000000)
  from space 43520K, 89% used [0x0000000781000000,0x00000007835d52f8,0x0000000783a80000)
  to   space 72704K, 0% used [0x000000078aa80000,0x000000078aa80000,0x000000078f180000)
 ParOldGen       total 197632K, used 117319K [0x00000006c0000000, 0x00000006cc100000, 0x000000076ab00000)
  object space 197632K, 59% used [0x00000006c0000000,0x00000006c7291f00,0x00000006cc100000)
 Metaspace       used 6579K, capacity 7280K, committed 7552K, reserved 1056768K
  class space    used 596K, capacity 616K, committed 640K, reserved 1048576K
Event: 31.672 GC heap after
Heap after GC invocations=12 (full 2):
 PSYoungGen      total 500224K, used 72690K [0x000000076ab00000, 0x0000000796d00000, 0x00000007c0000000)
  eden space 427520K, 0% used [0x000000076ab00000,0x000000076ab00000,0x0000000784c80000)
  from space 72704K, 99% used [0x000000078aa80000,0x000000078f17caa8,0x000000078f180000)
  to   space 96256K, 0% used [0x0000000784c80000,0x0000000784c80000,0x000000078aa80000)
 ParOldGen       total 197632K, used 148528K [0x00000006c0000000, 0x00000006cc100000, 0x000000076ab00000)
  object space 197632K, 75% used [0x00000006c0000000,0x00000006c910c018,0x00000006cc100000)
 Metaspace       used 6579K, capacity 7280K, committed 7552K, reserved 1056768K
  class space    used 596K, capacity 616K, committed 640K, reserved 1048576K
}
Event: 34.342 GC heap before
{Heap before GC invocations=13 (full 2):
 PSYoungGen      total 500224K, used 500210K [0x000000076ab00000, 0x0000000796d00000, 0x00000007c0000000)
  eden space 427520K, 100% used [0x000000076ab00000,0x0000000784c80000,0x0000000784c80000)
  from space 72704K, 99% used [0x000000078aa80000,0x000000078f17caa8,0x000000078f180000)
  to   space 96256K, 0% used [0x0000000784c80000,0x0000000784c80000,0x000000078aa80000)
 ParOldGen       total 197632K, used 148528K [0x00000006c0000000, 0x00000006cc100000, 0x000000076ab00000)
  object space 197632K, 75% used [0x00000006c0000000,0x00000006c910c018,0x00000006cc100000)
 Metaspace       used 6584K, capacity 7280K, committed 7552K, reserved 1056768K
  class space    used 596K, capacity 616K, committed 640K, reserved 1048576K
Event: 35.343 GC heap after
Heap after GC invocations=13 (full 2):
 PSYoungGen      total 523776K, used 60048K [0x000000076ab00000, 0x000000079c600000, 0x00000007c0000000)
  eden space 427520K, 0% used [0x000000076ab00000,0x000000076ab00000,0x0000000784c80000)
  from space 96256K, 62% used [0x0000000784c80000,0x00000007887240c0,0x000000078aa80000)
  to   space 99328K, 0% used [0x0000000796500000,0x0000000796500000,0x000000079c600000)
 ParOldGen       total 207872K, used 207304K [0x00000006c0000000, 0x00000006ccb00000, 0x000000076ab00000)
  object space 207872K, 99% used [0x00000006c0000000,0x00000006cca722a8,0x00000006ccb00000)
 Metaspace       used 6584K, capacity 7280K, committed 7552K, reserved 1056768K
  class space    used 596K, capacity 616K, committed 640K, reserved 1048576K
}
Event: 35.392 GC heap before
{Heap before GC invocations=14 (full 3):
 PSYoungGen      total 523776K, used 60048K [0x000000076ab00000, 0x000000079c600000, 0x00000007c0000000)
  eden space 427520K, 0% used [0x000000076ab00000,0x000000076ab00000,0x0000000784c80000)
  from space 96256K, 62% used [0x0000000784c80000,0x00000007887240c0,0x000000078aa80000)
  to   space 99328K, 0% used [0x0000000796500000,0x0000000796500000,0x000000079c600000)
 ParOldGen       total 207872K, used 207304K [0x00000006c0000000, 0x00000006ccb00000, 0x000000076ab00000)
  object space 207872K, 99% used [0x00000006c0000000,0x00000006cca722a8,0x00000006ccb00000)
 Metaspace       used 6584K, capacity 7280K, committed 7552K, reserved 1056768K
  class space    used 596K, capacity 616K, committed 640K, reserved 1048576K
Event: 36.789 GC heap after
Heap after GC invocations=14 (full 3):
 PSYoungGen      total 523776K, used 34264K [0x000000076ab00000, 0x000000079c600000, 0x00000007c0000000)
  eden space 427520K, 0% used [0x000000076ab00000,0x000000076ab00000,0x0000000784c80000)
  from space 96256K, 35% used [0x0000000784c80000,0x0000000786df6060,0x000000078aa80000)
  to   space 99328K, 0% used [0x0000000796500000,0x0000000796500000,0x000000079c600000)
 ParOldGen       total 312320K, used 207492K [0x00000006c0000000, 0x00000006d3100000, 0x000000076ab00000)
  object space 312320K, 66% used [0x00000006c0000000,0x00000006ccaa1220,0x00000006d3100000)
 Metaspace       used 6584K, capacity 7280K, committed 7552K, reserved 1056768K
  class space    used 596K, capacity 616K, committed 640K, reserved 1048576K
}
Event: 38.737 GC heap before
{Heap before GC invocations=15 (full 3):
 PSYoungGen      total 523776K, used 461784K [0x000000076ab00000, 0x000000079c600000, 0x00000007c0000000)
  eden space 427520K, 100% used [0x000000076ab00000,0x0000000784c80000,0x0000000784c80000)
  from space 96256K, 35% used [0x0000000784c80000,0x0000000786df6060,0x000000078aa80000)
  to   space 99328K, 0% used [0x0000000796500000,0x0000000796500000,0x000000079c600000)
 ParOldGen       total 312320K, used 207492K [0x00000006c0000000, 0x00000006d3100000, 0x000000076ab00000)
  object space 312320K, 66% used [0x00000006c0000000,0x00000006ccaa1220,0x00000006d3100000)
 Metaspace       used 6599K, capacity 7280K, committed 7552K, reserved 1056768K
  class space    used 596K, capacity 616K, committed 640K, reserved 1048576K
Event: 39.795 GC heap after
Heap after GC invocations=15 (full 3):
 PSYoungGen      total 708608K, used 70355K [0x000000076ab00000, 0x000000079cc80000, 0x00000007c0000000)
  eden space 609280K, 0% used [0x000000076ab00000,0x000000076ab00000,0x000000078fe00000)
  from space 99328K, 70% used [0x0000000796500000,0x000000079a9b4df0,0x000000079c600000)
  to   space 105472K, 0% used [0x000000078fe00000,0x000000078fe00000,0x0000000796500000)
 ParOldGen       total 312320K, used 240069K [0x00000006c0000000, 0x00000006d3100000, 0x000000076ab00000)
  object space 312320K, 76% used [0x00000006c0000000,0x00000006cea716d0,0x00000006d3100000)
 Metaspace       used 6599K, capacity 7280K, committed 7552K, reserved 1056768K
  class space    used 596K, capacity 616K, committed 640K, reserved 1048576K
}
Event: 41.840 GC heap before
{Heap before GC invocations=16 (full 3):
 PSYoungGen      total 708608K, used 679635K [0x000000076ab00000, 0x000000079cc80000, 0x00000007c0000000)
  eden space 609280K, 100% used [0x000000076ab00000,0x000000078fe00000,0x000000078fe00000)
  from space 99328K, 70% used [0x0000000796500000,0x000000079a9b4df0,0x000000079c600000)
  to   space 105472K, 0% used [0x000000078fe00000,0x000000078fe00000,0x0000000796500000)
 ParOldGen       total 312320K, used 240069K [0x00000006c0000000, 0x00000006d3100000, 0x000000076ab00000)
  object space 312320K, 76% used [0x00000006c0000000,0x00000006cea716d0,0x00000006d3100000)
 Metaspace       used 6608K, capacity 7344K, committed 7552K, reserved 1056768K
  class space    used 596K, capacity 616K, committed 640K, reserved 1048576K

Deoptimization events (10 events):
Event: 38.711 Thread 0x00007f956018a000 Uncommon trap: reason=unstable_if action=reinterpret pc=0x00007f9551b9e2e8 method=com.android.dx.dex.code.RopTranslator.outputBlock(Lcom/android/dx/rop/code/BasicBlock;I)V @ 140
Event: 40.130 Thread 0x00007f956018f800 Uncommon trap: reason=class_check action=maybe_recompile pc=0x00007f9551a6dc54 method=com.android.dx.ssa.LiteralOpUpgrader.isConstIntZeroOrKnownNull(Lcom/android/dx/rop/code/RegisterSpec;)Z @ 13
Event: 40.294 Thread 0x00007f956018a000 Uncommon trap: reason=unstable_if action=reinterpret pc=0x00007f955118e7b8 method=com.android.dx.cf.code.Merger.isPossiblyAssignableFrom(Lcom/android/dx/rop/type/TypeBearer;Lcom/android/dx/rop/type/TypeBearer;)Z @ 131
Event: 40.894 Thread 0x00007f956018d800 Uncommon trap: reason=unstable_if action=reinterpret pc=0x00007f9551bcd074 method=com.android.dx.rop.code.DexTranslationAdvice.hasConstantOperation(Lcom/android/dx/rop/code/Rop;Lcom/android/dx/rop/code/RegisterSpec;Lcom/android/dx/rop/code/RegisterSpec;)Z
Event: 41.086 Thread 0x00007f956018f800 Uncommon trap: reason=class_check action=maybe_recompile pc=0x00007f9551c4bf34 method=com.android.dx.ssa.back.FirstFitLocalCombiningAllocator.findNextUnreservedRopReg(IILcom/android/dx/ssa/back/FirstFitLocalCombiningAllocator$Alignment;)I @ 60
Event: 41.086 Thread 0x00007f956018f800 Uncommon trap: reason=class_check action=maybe_recompile pc=0x00007f95511a2eec method=com.android.dx.ssa.back.FirstFitLocalCombiningAllocator.findNextUnreservedRopReg(IILcom/android/dx/ssa/back/FirstFitLocalCombiningAllocator$Alignment;)I @ 60
Event: 41.100 Thread 0x00007f956018f800 Uncommon trap: reason=bimorphic action=maybe_recompile pc=0x00007f9551c65f30 method=com.android.dx.cf.code.BytecodeArray.parseInstruction(ILcom/android/dx/cf/code/BytecodeArray$Visitor;)I @ 1549
Event: 41.100 Thread 0x00007f956018f800 Uncommon trap: reason=bimorphic action=maybe_recompile pc=0x00007f9551c65f30 method=com.android.dx.cf.code.BytecodeArray.parseInstruction(ILcom/android/dx/cf/code/BytecodeArray$Visitor;)I @ 1549
Event: 41.189 Thread 0x00007f956000e800 Uncommon trap: reason=null_check action=make_not_entrant pc=0x00007f9551cc4fdc method=com.android.dx.dex.file.MethodIdsSection.intern(Lcom/android/dx/rop/cst/CstBaseMethodRef;)Lcom/android/dx/dex/file/MethodIdItem; @ 26
Event: 41.206 Thread 0x00007f956018a000 Uncommon trap: reason=null_check action=make_not_entrant pc=0x00007f9551cc4fdc method=com.android.dx.dex.file.MethodIdsSection.intern(Lcom/android/dx/rop/cst/CstBaseMethodRef;)Lcom/android/dx/dex/file/MethodIdItem; @ 26

Classes redefined (0 events):
No events

Internal exceptions (7 events):
Event: 0.168 Thread 0x00007f956000e800 Exception <a 'java/lang/NoSuchMethodError': Method sun.misc.Unsafe.defineClass(Ljava/lang/String;[BII)Ljava/lang/Class; name or signature does not match> (0x000000076ab07cb0) thrown at [/usr/local/google/buildbot/src/googleplex-android/openjdk/out/hotspot
Event: 0.168 Thread 0x00007f956000e800 Exception <a 'java/lang/NoSuchMethodError': Method sun.misc.Unsafe.prefetchRead(Ljava/lang/Object;J)V name or signature does not match> (0x000000076ab07f98) thrown at [/usr/local/google/buildbot/src/googleplex-android/openjdk/out/hotspot/src/share/vm/prim
Event: 1.488 Thread 0x00007f956018d800 Implicit null exception at 0x00007f95512f6249 to 0x00007f95512f87d5
Event: 1.488 Thread 0x00007f956018d800 Implicit null exception at 0x00007f95512eb253 to 0x00007f95512ed7e9
Event: 1.745 Thread 0x00007f956018f800 Exception <a 'java/lang/ArrayIndexOutOfBoundsException': 18> (0x000000076bf986a8) thrown at [/usr/local/google/buildbot/src/googleplex-android/openjdk/out/hotspot/src/share/vm/interpreter/interpreterRuntime.cpp, line 368]
Event: 1.745 Thread 0x00007f956018f800 Exception <a 'java/lang/ArrayIndexOutOfBoundsException': 145> (0x000000076bf9a228) thrown at [/usr/local/google/buildbot/src/googleplex-android/openjdk/out/hotspot/src/share/vm/interpreter/interpreterRuntime.cpp, line 368]
Event: 1.746 Thread 0x00007f956018f800 Exception <a 'java/lang/ArrayIndexOutOfBoundsException': 40> (0x000000076bf9b510) thrown at [/usr/local/google/buildbot/src/googleplex-android/openjdk/out/hotspot/src/share/vm/interpreter/interpreterRuntime.cpp, line 368]

Events (10 events):
Event: 41.796 Thread 0x00007f956018d800 DEOPT UNPACKING pc=0x00007f95510474c4 sp=0x00007f9549d62d90 mode 0
Event: 41.798 Thread 0x00007f956018d800 DEOPT PACKING pc=0x00007f95513607ca sp=0x00007f9549d62fd0
Event: 41.798 Thread 0x00007f956018d800 DEOPT UNPACKING pc=0x00007f95510474c4 sp=0x00007f9549d62dd8 mode 0
Event: 41.801 Thread 0x00007f956000e800 DEOPT PACKING pc=0x00007f9551c34426 sp=0x00007f9567f30530
Event: 41.801 Thread 0x00007f956000e800 DEOPT UNPACKING pc=0x00007f95510474c4 sp=0x00007f9567f30350 mode 0
Event: 41.806 Thread 0x00007f956018f800 DEOPT PACKING pc=0x00007f955136bf34 sp=0x00007f9549c62100
Event: 41.806 Thread 0x00007f956018f800 DEOPT UNPACKING pc=0x00007f95510474c4 sp=0x00007f9549c61e68 mode 0
Event: 41.817 Thread 0x00007f956018a000 DEOPT PACKING pc=0x00007f955129ac8b sp=0x00007f9549f650b0
Event: 41.817 Thread 0x00007f956018a000 DEOPT UNPACKING pc=0x00007f95510474c4 sp=0x00007f9549f64e20 mode 0
Event: 41.833 Executing VM operation: ParallelGCFailedAllocation


Dynamic libraries:
00400000-00401000 r-xp 00000000 08:01 7352713                            /home/niroop/Documents/android-studio/jre/bin/java
00401000-00402000 rw-p 00000000 08:01 7352713                            /home/niroop/Documents/android-studio/jre/bin/java
01870000-01891000 rw-p 00000000 00:00 0                                  [heap]
6c0000000-6d3100000 rw-p 00000000 00:00 0 
6d3100000-76ab00000 ---p 00000000 00:00 0 
76ab00000-79cc80000 rw-p 00000000 00:00 0 
7af600000-7c0000000 ---p 00000000 00:00 0 
7c0000000-7c00a0000 rw-p 00000000 00:00 0 
7c00a0000-800000000 ---p 00000000 00:00 0 
7f94f4000000-7f94f4033000 rw-p 00000000 00:00 0 
7f94f4033000-7f94f8000000 ---p 00000000 00:00 0 
7f94fc000000-7f94fc039000 rw-p 00000000 00:00 0 
7f94fc039000-7f9500000000 ---p 00000000 00:00 0 
7f9500000000-7f9500031000 rw-p 00000000 00:00 0 
7f9500031000-7f9504000000 ---p 00000000 00:00 0 
7f9504000000-7f9504044000 rw-p 00000000 00:00 0 
7f9504044000-7f9508000000 ---p 00000000 00:00 0 
7f9508000000-7f9508021000 rw-p 00000000 00:00 0 
7f9508021000-7f950c000000 ---p 00000000 00:00 0 
7f950c000000-7f950c021000 rw-p 00000000 00:00 0 
7f950c021000-7f9510000000 ---p 00000000 00:00 0 
7f9510000000-7f9510021000 rw-p 00000000 00:00 0 
7f9510021000-7f9514000000 ---p 00000000 00:00 0 
7f9514000000-7f9515567000 rw-p 00000000 00:00 0 
7f9515567000-7f9518000000 ---p 00000000 00:00 0 
7f9518000000-7f9518ba8000 rw-p 00000000 00:00 0 
7f9518ba8000-7f951c000000 ---p 00000000 00:00 0 
7f951c000000-7f951c021000 rw-p 00000000 00:00 0 
7f951c021000-7f9520000000 ---p 00000000 00:00 0 
7f9520000000-7f95211ff000 rw-p 00000000 00:00 0 
7f95211ff000-7f9524000000 ---p 00000000 00:00 0 
7f9524000000-7f9524021000 rw-p 00000000 00:00 0 
7f9524021000-7f9528000000 ---p 00000000 00:00 0 
7f9528000000-7f9528021000 rw-p 00000000 00:00 0 
7f9528021000-7f952c000000 ---p 00000000 00:00 0 
7f952c000000-7f9534000000 rw-p 00000000 00:00 0 
7f9534000000-7f9534021000 rw-p 00000000 00:00 0 
7f9534021000-7f9538000000 ---p 00000000 00:00 0 
7f9538000000-7f95382c4000 rw-p 00000000 00:00 0 
7f95382c4000-7f953c000000 ---p 00000000 00:00 0 
7f953c000000-7f953c021000 rw-p 00000000 00:00 0 
7f953c021000-7f9540000000 ---p 00000000 00:00 0 
7f9544000000-7f9544021000 rw-p 00000000 00:00 0 
7f9544021000-7f9548000000 ---p 00000000 00:00 0 
7f9549a59000-7f9549a62000 r--s 00044000 08:01 12733927                   /home/niroop/.android/build-cache/76b4dea4f051959d5048b895b044dba93982ce61/output/jars/classes.jar
7f9549a62000-7f9549a65000 ---p 00000000 00:00 0 
7f9549a65000-7f9549b63000 rw-p 00000000 00:00 0 
7f9549b63000-7f9549b66000 ---p 00000000 00:00 0 
7f9549b66000-7f9549c64000 rw-p 00000000 00:00 0 
7f9549c64000-7f9549c67000 ---p 00000000 00:00 0 
7f9549c67000-7f9549d65000 rw-p 00000000 00:00 0 
7f9549d65000-7f9549d68000 ---p 00000000 00:00 0 
7f9549d68000-7f9549e66000 rw-p 00000000 00:00 0 
7f9549e66000-7f9549e69000 ---p 00000000 00:00 0 
7f9549e69000-7f9549f67000 rw-p 00000000 00:00 0 
7f9549f67000-7f9549f76000 r--s 000e4000 08:01 11851761                   /home/niroop/Android/Sdk/build-tools/26.0.0/lib/dx.jar
7f9549f76000-7f9549f77000 ---p 00000000 00:00 0 
7f9549f77000-7f954a077000 rw-p 00000000 00:00 0 
7f954a077000-7f954a07a000 ---p 00000000 00:00 0 
7f954a07a000-7f954a178000 rw-p 00000000 00:00 0 
7f954a178000-7f954a179000 ---p 00000000 00:00 0 
7f954a179000-7f954a17c000 ---p 00000000 00:00 0 
7f954a17c000-7f954a279000 rw-p 00000000 00:00 0 
7f954a279000-7f954a27a000 ---p 00000000 00:00 0 
7f954a27a000-7f954a27d000 ---p 00000000 00:00 0 
7f954a27d000-7f954a37a000 rw-p 00000000 00:00 0 
7f954a37a000-7f954a37b000 ---p 00000000 00:00 0 
7f954a37b000-7f954a37e000 ---p 00000000 00:00 0 
7f954a37e000-7f954a47b000 rw-p 00000000 00:00 0 
7f954a47b000-7f954a47e000 ---p 00000000 00:00 0 
7f954a47e000-7f954a57c000 rw-p 00000000 00:00 0 
7f954a57c000-7f954af4b000 r--p 00000000 08:01 6036074                    /usr/lib/locale/locale-archive
7f954af4b000-7f954af4e000 ---p 00000000 00:00 0 
7f954af4e000-7f954b04c000 rw-p 00000000 00:00 0 
7f954b04c000-7f954b04f000 ---p 00000000 00:00 0 
7f954b04f000-7f954b14d000 rw-p 00000000 00:00 0 
7f954b14d000-7f954b14e000 ---p 00000000 00:00 0 
7f954b14e000-7f954c000000 rw-p 00000000 00:00 0 
7f954c000000-7f954c021000 rw-p 00000000 00:00 0 
7f954c021000-7f9550000000 ---p 00000000 00:00 0 
7f9550000000-7f95506c0000 rw-p 00000000 00:00 0 
7f95506c0000-7f9550800000 ---p 00000000 00:00 0 
7f9550800000-7f9551000000 rw-p 00000000 00:00 0 
7f9551000000-7f9551d00000 rwxp 00000000 00:00 0 
7f9551d00000-7f9560000000 ---p 00000000 00:00 0 
7f9560000000-7f956041a000 rw-p 00000000 00:00 0 
7f956041a000-7f9564000000 ---p 00000000 00:00 0 
7f9564000000-7f9564250000 rw-p 00000000 00:00 0 
7f9564250000-7f9564422000 r--s 03cad000 08:01 7352843                    /home/niroop/Documents/android-studio/jre/jre/lib/rt.jar
7f9564422000-7f95644f3000 rw-p 00000000 00:00 0 
7f95644f3000-7f95644f4000 ---p 00000000 00:00 0 
7f95644f4000-7f95645f4000 rw-p 00000000 00:00 0 
7f95645f4000-7f95645f5000 ---p 00000000 00:00 0 
7f95645f5000-7f95646f5000 rw-p 00000000 00:00 0 
7f95646f5000-7f95646f6000 ---p 00000000 00:00 0 
7f95646f6000-7f95647f6000 rw-p 00000000 00:00 0 
7f95647f6000-7f95647f7000 ---p 00000000 00:00 0 
7f95647f7000-7f9564990000 rw-p 00000000 00:00 0 
7f9564990000-7f9564e4d000 ---p 00000000 00:00 0 
7f9564e4d000-7f9564ee6000 rw-p 00000000 00:00 0 
7f9564ee6000-7f95653a2000 ---p 00000000 00:00 0 
7f95653a2000-7f9565534000 rw-p 00000000 00:00 0 
7f9565534000-7f956564d000 ---p 00000000 00:00 0 
7f956564d000-7f9565682000 rw-p 00000000 00:00 0 
7f9565682000-7f9565a0e000 ---p 00000000 00:00 0 
7f9565a0e000-7f9565a19000 r-xp 00000000 08:01 1840165                    /lib/x86_64-linux-gnu/libnss_files-2.27.so
7f9565a19000-7f9565c18000 ---p 0000b000 08:01 1840165                    /lib/x86_64-linux-gnu/libnss_files-2.27.so
7f9565c18000-7f9565c19000 r--p 0000a000 08:01 1840165                    /lib/x86_64-linux-gnu/libnss_files-2.27.so
7f9565c19000-7f9565c1a000 rw-p 0000b000 08:01 1840165                    /lib/x86_64-linux-gnu/libnss_files-2.27.so
7f9565c1a000-7f9565c20000 rw-p 00000000 00:00 0 
7f9565c20000-7f9565c37000 r-xp 00000000 08:01 1840159                    /lib/x86_64-linux-gnu/libnsl-2.27.so
7f9565c37000-7f9565e36000 ---p 00017000 08:01 1840159                    /lib/x86_64-linux-gnu/libnsl-2.27.so
7f9565e36000-7f9565e37000 r--p 00016000 08:01 1840159                    /lib/x86_64-linux-gnu/libnsl-2.27.so
7f9565e37000-7f9565e38000 rw-p 00017000 08:01 1840159                    /lib/x86_64-linux-gnu/libnsl-2.27.so
7f9565e38000-7f9565e3a000 rw-p 00000000 00:00 0 
7f9565e3a000-7f9565e45000 r-xp 00000000 08:01 1840176                    /lib/x86_64-linux-gnu/libnss_nis-2.27.so
7f9565e45000-7f9566044000 ---p 0000b000 08:01 1840176                    /lib/x86_64-linux-gnu/libnss_nis-2.27.so
7f9566044000-7f9566045000 r--p 0000a000 08:01 1840176                    /lib/x86_64-linux-gnu/libnss_nis-2.27.so
7f9566045000-7f9566046000 rw-p 0000b000 08:01 1840176                    /lib/x86_64-linux-gnu/libnss_nis-2.27.so
7f9566046000-7f956604e000 r-xp 00000000 08:01 1840161                    /lib/x86_64-linux-gnu/libnss_compat-2.27.so
7f956604e000-7f956624e000 ---p 00008000 08:01 1840161                    /lib/x86_64-linux-gnu/libnss_compat-2.27.so
7f956624e000-7f956624f000 r--p 00008000 08:01 1840161                    /lib/x86_64-linux-gnu/libnss_compat-2.27.so
7f956624f000-7f9566250000 rw-p 00009000 08:01 1840161                    /lib/x86_64-linux-gnu/libnss_compat-2.27.so
7f9566250000-7f9566257000 r-xp 00000000 08:01 1840216                    /lib/x86_64-linux-gnu/librt-2.27.so
7f9566257000-7f9566456000 ---p 00007000 08:01 1840216                    /lib/x86_64-linux-gnu/librt-2.27.so
7f9566456000-7f9566457000 r--p 00006000 08:01 1840216                    /lib/x86_64-linux-gnu/librt-2.27.so
7f9566457000-7f9566458000 rw-p 00007000 08:01 1840216                    /lib/x86_64-linux-gnu/librt-2.27.so
7f9566458000-7f95665f5000 r-xp 00000000 08:01 1840138                    /lib/x86_64-linux-gnu/libm-2.27.so
7f95665f5000-7f95667f4000 ---p 0019d000 08:01 1840138                    /lib/x86_64-linux-gnu/libm-2.27.so
7f95667f4000-7f95667f5000 r--p 0019c000 08:01 1840138                    /lib/x86_64-linux-gnu/libm-2.27.so
7f95667f5000-7f95667f6000 rw-p 0019d000 08:01 1840138                    /lib/x86_64-linux-gnu/libm-2.27.so
7f95667f6000-7f956741c000 r-xp 00000000 08:01 7352820                    /home/niroop/Documents/android-studio/jre/jre/lib/amd64/server/libjvm.so
7f956741c000-7f95674ec000 rw-p 00c26000 08:01 7352820                    /home/niroop/Documents/android-studio/jre/jre/lib/amd64/server/libjvm.so
7f95674ec000-7f9567530000 rw-p 00000000 00:00 0 
7f9567530000-7f9567717000 r-xp 00000000 08:01 1840075                    /lib/x86_64-linux-gnu/libc-2.27.so
7f9567717000-7f9567917000 ---p 001e7000 08:01 1840075                    /lib/x86_64-linux-gnu/libc-2.27.so
7f9567917000-7f956791b000 r--p 001e7000 08:01 1840075                    /lib/x86_64-linux-gnu/libc-2.27.so
7f956791b000-7f956791d000 rw-p 001eb000 08:01 1840075                    /lib/x86_64-linux-gnu/libc-2.27.so
7f956791d000-7f9567921000 rw-p 00000000 00:00 0 
7f9567921000-7f9567924000 r-xp 00000000 08:01 1840098                    /lib/x86_64-linux-gnu/libdl-2.27.so
7f9567924000-7f9567b23000 ---p 00003000 08:01 1840098                    /lib/x86_64-linux-gnu/libdl-2.27.so
7f9567b23000-7f9567b24000 r--p 00002000 08:01 1840098                    /lib/x86_64-linux-gnu/libdl-2.27.so
7f9567b24000-7f9567b25000 rw-p 00003000 08:01 1840098                    /lib/x86_64-linux-gnu/libdl-2.27.so
7f9567b25000-7f9567b3f000 r-xp 00000000 08:01 1840208                    /lib/x86_64-linux-gnu/libpthread-2.27.so
7f9567b3f000-7f9567d3e000 ---p 0001a000 08:01 1840208                    /lib/x86_64-linux-gnu/libpthread-2.27.so
7f9567d3e000-7f9567d3f000 r--p 00019000 08:01 1840208                    /lib/x86_64-linux-gnu/libpthread-2.27.so
7f9567d3f000-7f9567d40000 rw-p 0001a000 08:01 1840208                    /lib/x86_64-linux-gnu/libpthread-2.27.so
7f9567d40000-7f9567d44000 rw-p 00000000 00:00 0 
7f9567d44000-7f9567d6b000 r-xp 00000000 08:01 1840047                    /lib/x86_64-linux-gnu/ld-2.27.so
7f9567d72000-7f9567dea000 rw-p 00000000 00:00 0 
7f9567dea000-7f9567e05000 r-xp 00000000 08:01 7352802                    /home/niroop/Documents/android-studio/jre/jre/lib/amd64/libzip.so
7f9567e05000-7f9567e06000 rw-p 0001a000 08:01 7352802                    /home/niroop/Documents/android-studio/jre/jre/lib/amd64/libzip.so
7f9567e06000-7f9567e30000 r-xp 00000000 08:01 7352810                    /home/niroop/Documents/android-studio/jre/jre/lib/amd64/libjava.so
7f9567e30000-7f9567e32000 rw-p 0002a000 08:01 7352810                    /home/niroop/Documents/android-studio/jre/jre/lib/amd64/libjava.so
7f9567e32000-7f9567e33000 ---p 00000000 00:00 0 
7f9567e33000-7f9567e36000 ---p 00000000 00:00 0 
7f9567e36000-7f9567f35000 rw-p 00000000 00:00 0 
7f9567f35000-7f9567f4b000 r-xp 00000000 08:01 7352701                    /home/niroop/Documents/android-studio/jre/lib/amd64/jli/libjli.so
7f9567f4b000-7f9567f4c000 rw-p 00015000 08:01 7352701                    /home/niroop/Documents/android-studio/jre/lib/amd64/jli/libjli.so
7f9567f4c000-7f9567f4e000 rw-p 00000000 00:00 0 
7f9567f52000-7f9567f5a000 rw-s 00000000 08:01 12591343                   /tmp/hsperfdata_niroop/10075
7f9567f5a000-7f9567f5b000 rw-p 00000000 00:00 0 
7f9567f5b000-7f9567f5c000 ---p 00000000 00:00 0 
7f9567f5c000-7f9567f69000 r-xp 00000000 08:01 7352798                    /home/niroop/Documents/android-studio/jre/jre/lib/amd64/libverify.so
7f9567f69000-7f9567f6b000 rw-p 0000c000 08:01 7352798                    /home/niroop/Documents/android-studio/jre/jre/lib/amd64/libverify.so
7f9567f6b000-7f9567f6c000 r--p 00027000 08:01 1840047                    /lib/x86_64-linux-gnu/ld-2.27.so
7f9567f6c000-7f9567f6d000 rw-p 00028000 08:01 1840047                    /lib/x86_64-linux-gnu/ld-2.27.so
7f9567f6d000-7f9567f6e000 rw-p 00000000 00:00 0 
7ffef0400000-7ffef0422000 rw-p 00000000 00:00 0                          [stack]
7ffef04c2000-7ffef04c5000 r--p 00000000 00:00 0                          [vvar]
7ffef04c5000-7ffef04c6000 r-xp 00000000 00:00 0                          [vdso]
ffffffffff600000-ffffffffff601000 r-xp 00000000 00:00 0                  [vsyscall]

VM Arguments:
jvm_args: -Djava.awt.headless=true -Xmx4g -Dfile.encoding=UTF-8 -Duser.country=IN -Duser.language=en -Duser.variant 
java_command: com.android.dx.command.Main --dex --num-threads=4 --multi-dex --output /media/niroop/External HDD/AndroidStudioProjects/User App/app/build/intermediates/transforms/dex/debug/folders/1000/1f/main /home/niroop/.gradle/caches/modules-2/files-2.1/com.twitter/twitter-text/1.13.0/78415b95ae3184c5926d593feab64bfc0b73b2dd/twitter-text-1.13.0.jar /home/niroop/.android/build-cache/344e0ae5b96a066c340cbb65de62b9926cdefc58/output/jars/classes.jar /home/niroop/.android/build-cache/708519143cb1ca08075ced6ae13de74ca64bf15f/output/jars/classes.jar /home/niroop/.android/build-cache/a66cbf770edb2943cf7e878e8d81f83337be595c/output/jars/classes.jar /home/niroop/.gradle/caches/modules-2/files-2.1/com.squareup.okhttp3/okhttp-ws/3.0.1/bd9b51a0188fc8f14bf840a0d326755545206116/okhttp-ws-3.0.1.jar /home/niroop/.android/build-cache/9b622f381cb7bb5838d987a04cc0137936991cc2/output/jars/classes.jar /home/niroop/.android/build-cache/12d56c18a42d1f05b9ac1647b156441e2a4dbff5/output/jars/classes.jar /home/niroop/.android/build-cache/0add6791efe6dec7f33222700afd520c9a82813b/output/jars/classes.jar /media/niroop/External HDD/AndroidStudioProjects/User App/stripe/build/intermediates/bundles/default/classes.jar /home/niroop/.android/build-cache/26d5ae123ee9172a01bd32d1a79379bec37b7d2d/output/jars/classes.jar /home/niroop/.gradle/caches/modules-2/files-2.1/com.google.code.gson/gson/2.3/5fc52c41ef0239d1093a1eb7c3697036183677ce/gson-2.3.jar /home/niroop/.gradle/caches/modules-2/files-2.1/cz.msebera.android/httpclient/4.4.1.1/c8d96f6fd2bcc179c312da33ee670a71188cc60d/httpclient-4.4.1.1.jar /home/niroop/.android/build-cache/66327af80aa184671fc17553104e2db35ef7a9b3/output/jars/classes.jar /home/niroop/.android/build-cache/b257c5c0db47bbccb6143d3aada52dde313d9b0e/output/jars/classes.jar /home/niroop/.android/build-cache/3bccaacd42e5be60ac7fed01bcd491f7523ce2f1/output/jars/classes.jar /home/niroop/.android/build-cache/64700c7b9fdf25534d3d17e45870aa364dcf0d2b/output/jars/classes.jar /home/niroop/.
java_class_path (initial): /home/niroop/Android/Sdk/build-tools/26.0.0/lib/dx.jar
Launcher Type: SUN_STANDARD

Environment Variables:
PATH=/usr/local/sbin:/usr/local/bin:/usr/sbin:/usr/bin:/sbin:/bin:/usr/games:/usr/local/games:/snap/bin:/usr/lib/dart/bin
USERNAME=niroop
SHELL=/bin/bash
DISPLAY=:0

Signal Handlers:
SIGSEGV: [libjvm.so+0xa09650], sa_mask[0]=11111111011111111101111111111110, sa_flags=SA_RESTART|SA_SIGINFO
SIGBUS: [libjvm.so+0xa09650], sa_mask[0]=11111111011111111101111111111110, sa_flags=SA_RESTART|SA_SIGINFO
SIGFPE: [libjvm.so+0x86bc60], sa_mask[0]=11111111011111111101111111111110, sa_flags=SA_RESTART|SA_SIGINFO
SIGPIPE: [libjvm.so+0x86bc60], sa_mask[0]=11111111011111111101111111111110, sa_flags=SA_RESTART|SA_SIGINFO
SIGXFSZ: [libjvm.so+0x86bc60], sa_mask[0]=11111111011111111101111111111110, sa_flags=SA_RESTART|SA_SIGINFO
SIGILL: [libjvm.so+0x86bc60], sa_mask[0]=11111111011111111101111111111110, sa_flags=SA_RESTART|SA_SIGINFO
SIGUSR1: SIG_DFL, sa_mask[0]=00000000000000000000000000000000, sa_flags=none
SIGUSR2: [libjvm.so+0x86bb30], sa_mask[0]=00100000000000000000000000000000, sa_flags=SA_RESTART|SA_SIGINFO
SIGHUP: [libjvm.so+0x86bd20], sa_mask[0]=11111111011111111101111111111110, sa_flags=SA_RESTART|SA_SIGINFO
SIGINT: [libjvm.so+0x86bd20], sa_mask[0]=11111111011111111101111111111110, sa_flags=SA_RESTART|SA_SIGINFO
SIGTERM: [libjvm.so+0x86bd20], sa_mask[0]=11111111011111111101111111111110, sa_flags=SA_RESTART|SA_SIGINFO
SIGQUIT: [libjvm.so+0x86bd20], sa_mask[0]=11111111011111111101111111111110, sa_flags=SA_RESTART|SA_SIGINFO


---------------  S Y S T E M  ---------------

OS:DISTRIB_ID=Ubuntu
DISTRIB_RELEASE=18.04
DISTRIB_CODENAME=bionic
DISTRIB_DESCRIPTION="Ubuntu 18.04.3 LTS"

uname:Linux 5.0.0-37-generic #40~18.04.1-Ubuntu SMP Thu Nov 14 12:06:39 UTC 2019 x86_64
libc:glibc 2.27 NPTL 2.27 
rlimit: STACK 8192k, CORE 0k, NPROC 23162, NOFILE 1048576, AS infinity
load average:11.33 5.15 3.18

/proc/meminfo:
MemTotal:        5979864 kB
MemFree:          100464 kB
MemAvailable:      21732 kB
Buffers:             636 kB
Cached:           141736 kB
SwapCached:         1332 kB
Active:          4828336 kB
Inactive:         710672 kB
Active(anon):    4823444 kB
Inactive(anon):   689128 kB
Active(file):       4892 kB
Inactive(file):    21544 kB
Unevictable:        5464 kB
Mlocked:              80 kB
SwapTotal:       2097148 kB
SwapFree:             68 kB
Dirty:               128 kB
Writeback:            60 kB
AnonPages:       5401284 kB
Mapped:            25692 kB
Shmem:            115592 kB
KReclaimable:      77884 kB
Slab:             145848 kB
SReclaimable:      77884 kB
SUnreclaim:        67964 kB
KernelStack:       16528 kB
PageTables:        75600 kB
NFS_Unstable:          0 kB
Bounce:                0 kB
WritebackTmp:          0 kB
CommitLimit:     5087080 kB
Committed_AS:   14125308 kB
VmallocTotal:   34359738367 kB
VmallocUsed:           0 kB
VmallocChunk:          0 kB
Percpu:             2624 kB
HardwareCorrupted:     0 kB
AnonHugePages:         0 kB
ShmemHugePages:        0 kB
ShmemPmdMapped:        0 kB
CmaTotal:              0 kB
CmaFree:               0 kB
HugePages_Total:       0
HugePages_Free:        0
HugePages_Rsvd:        0
HugePages_Surp:        0
Hugepagesize:       2048 kB
Hugetlb:               0 kB
DirectMap4k:      293144 kB
DirectMap2M:     5877760 kB

container (cgroup) information:
container_type: cgroupv1
cpu_cpuset_cpus: 0-3
cpu_memory_nodes: 0
active_processor_count: 4
cpu_quota: -1
cpu_period: 100000
cpu_shares: -1
memory_limit_in_bytes: -1
memory_and_swap_limit_in_bytes: -2
memory_soft_limit_in_bytes: -1
memory_usage_in_bytes: 5679169536
memory_max_usage_in_bytes: 44597248


CPU:total 4 (initial active 4) (2 cores per cpu, 2 threads per core) family 6 model 58 stepping 9, cmov, cx8, fxsr, mmx, sse, sse2, sse3, ssse3, sse4.1, sse4.2, popcnt, avx, aes, clmul, erms, ht, tsc, tscinvbit, tscinv

/proc/cpuinfo:
processor	: 0
vendor_id	: GenuineIntel
cpu family	: 6
model		: 58
model name	: Intel(R) Core(TM) i5-3337U CPU @ 1.80GHz
stepping	: 9
microcode	: 0x21
cpu MHz		: 2056.205
cache size	: 3072 KB
physical id	: 0
siblings	: 4
core id		: 0
cpu cores	: 2
apicid		: 0
initial apicid	: 0
fpu		: yes
fpu_exception	: yes
cpuid level	: 13
wp		: yes
flags		: fpu vme de pse tsc msr pae mce cx8 apic sep mtrr pge mca cmov pat pse36 clflush dts acpi mmx fxsr sse sse2 ss ht tm pbe syscall nx rdtscp lm constant_tsc arch_perfmon pebs bts rep_good nopl xtopology nonstop_tsc cpuid aperfmperf pni pclmulqdq dtes64 monitor ds_cpl vmx est tm2 ssse3 cx16 xtpr pdcm pcid sse4_1 sse4_2 x2apic popcnt tsc_deadline_timer aes xsave avx f16c rdrand lahf_lm cpuid_fault epb pti ssbd ibrs ibpb stibp tpr_shadow vnmi flexpriority ept vpid fsgsbase smep erms xsaveopt dtherm ida arat pln pts md_clear flush_l1d
bugs		: cpu_meltdown spectre_v1 spectre_v2 spec_store_bypass l1tf mds swapgs itlb_multihit
bogomips	: 3591.53
clflush size	: 64
cache_alignment	: 64
address sizes	: 36 bits physical, 48 bits virtual
power management:

processor	: 1
vendor_id	: GenuineIntel
cpu family	: 6
model		: 58
model name	: Intel(R) Core(TM) i5-3337U CPU @ 1.80GHz
stepping	: 9
microcode	: 0x21
cpu MHz		: 2229.082
cache size	: 3072 KB
physical id	: 0
siblings	: 4
core id		: 0
cpu cores	: 2
apicid		: 1
initial apicid	: 1
fpu		: yes
fpu_exception	: yes
cpuid level	: 13
wp		: yes
flags		: fpu vme de pse tsc msr pae mce cx8 apic sep mtrr pge mca cmov pat pse36 clflush dts acpi mmx fxsr sse sse2 ss ht tm pbe syscall nx rdtscp lm constant_tsc arch_perfmon pebs bts rep_good nopl xtopology nonstop_tsc cpuid aperfmperf pni pclmulqdq dtes64 monitor ds_cpl vmx est tm2 ssse3 cx16 xtpr pdcm pcid sse4_1 sse4_2 x2apic popcnt tsc_deadline_timer aes xsave avx f16c rdrand lahf_lm cpuid_fault epb pti ssbd ibrs ibpb stibp tpr_shadow vnmi flexpriority ept vpid fsgsbase smep erms xsaveopt dtherm ida arat pln pts md_clear flush_l1d
bugs		: cpu_meltdown spectre_v1 spectre_v2 spec_store_bypass l1tf mds swapgs itlb_multihit
bogomips	: 3591.53
clflush size	: 64
cache_alignment	: 64
address sizes	: 36 bits physical, 48 bits virtual
power management:

processor	: 2
vendor_id	: GenuineIntel
cpu family	: 6
model		: 58
model name	: Intel(R) Core(TM) i5-3337U CPU @ 1.80GHz
stepping	: 9
microcode	: 0x21
cpu MHz		: 1955.906
cache size	: 3072 KB
physical id	: 0
siblings	: 4
core id		: 1
cpu cores	: 2
apicid		: 2
initial apicid	: 2
fpu		: yes
fpu_exception	: yes
cpuid level	: 13
wp		: yes
flags		: fpu vme de pse tsc msr pae mce cx8 apic sep mtrr pge mca cmov pat pse36 clflush dts acpi mmx fxsr sse sse2 ss ht tm pbe syscall nx rdtscp lm constant_tsc arch_perfmon pebs bts rep_good nopl xtopology nonstop_tsc cpuid aperfmperf pni pclmulqdq dtes64 monitor ds_cpl vmx est tm2 ssse3 cx16 xtpr pdcm pcid sse4_1 sse4_2 x2apic popcnt tsc_deadline_timer aes xsave avx f16c rdrand lahf_lm cpuid_fault epb pti ssbd ibrs ibpb stibp tpr_shadow vnmi flexpriority ept vpid fsgsbase smep erms xsaveopt dtherm ida arat pln pts md_clear flush_l1d
bugs		: cpu_meltdown spectre_v1 spectre_v2 spec_store_bypass l1tf mds swapgs itlb_multihit
bogomips	: 3591.53
clflush size	: 64
cache_alignment	: 64
address sizes	: 36 bits physical, 48 bits virtual
power management:

processor	: 3
vendor_id	: GenuineIntel
cpu family	: 6
model		: 58
model name	: Intel(R) Core(TM) i5-3337U CPU @ 1.80GHz
stepping	: 9
microcode	: 0x21
cpu MHz		: 2179.038
cache size	: 3072 KB
physical id	: 0
siblings	: 4
core id		: 1
cpu cores	: 2
apicid		: 3
initial apicid	: 3
fpu		: yes
fpu_exception	: yes
cpuid level	: 13
wp		: yes
flags		: fpu vme de pse tsc msr pae mce cx8 apic sep mtrr pge mca cmov pat pse36 clflush dts acpi mmx fxsr sse sse2 ss ht tm pbe syscall nx rdtscp lm constant_tsc arch_perfmon pebs bts rep_good nopl xtopology nonstop_tsc cpuid aperfmperf pni pclmulqdq dtes64 monitor ds_cpl vmx est tm2 ssse3 cx16 xtpr pdcm pcid sse4_1 sse4_2 x2apic popcnt tsc_deadline_timer aes xsave avx f16c rdrand lahf_lm cpuid_fault epb pti ssbd ibrs ibpb stibp tpr_shadow vnmi flexpriority ept vpid fsgsbase smep erms xsaveopt dtherm ida arat pln pts md_clear flush_l1d
bugs		: cpu_meltdown spectre_v1 spectre_v2 spec_store_bypass l1tf mds swapgs itlb_multihit
bogomips	: 3591.53
clflush size	: 64
cache_alignment	: 64
address sizes	: 36 bits physical, 48 bits virtual
power management:



Memory: 4k page, physical 5979864k(96936k free), swap 2097148k(112k free)

vm_info: OpenJDK 64-Bit Server VM (25.202-b49-5587405) for linux-amd64 JRE (1.8.0_202-release-1483-b49-5587405), built by "android-build" with gcc 4.8

time: Sat Feb 22 12:45:32 2020
timezone: IST
elapsed time: 47 seconds (0d 0h 0m 47s)

