#
# There is insufficient memory for the Java Runtime Environment to continue.
# Native memory allocation (mmap) failed to map 258998272 bytes for committing reserved memory.
# Possible reasons:
#   The system is out of physical RAM or swap space
#   The process is running with CompressedOops enabled, and the Java Heap may be blocking the growth of the native heap
# Possible solutions:
#   Reduce memory load on the system
#   Increase physical memory or swap space
#   Check if swap backing store is full
#   Decrease Java heap size (-Xmx/-Xms)
#   Decrease number of Java threads
#   Decrease Java thread stack sizes (-Xss)
#   Set larger code cache with -XX:ReservedCodeCacheSize=
#   JVM is running with Zero Based Compressed Oops mode in which the Java heap is
#     placed in the first 32GB address space. The Java Heap base address is the
#     maximum limit for the native heap growth. Please use -XX:HeapBaseMinAddress
#     to set the Java Heap base and to place the Java Heap above 32GB virtual address.
# This output file may be truncated or incomplete.
#
#  Out of Memory Error (os_linux.cpp:2753), pid=23310, tid=0x00007f08cfbfb700
#
# JRE version: OpenJDK Runtime Environment (8.0_202) (build 1.8.0_202-release-1483-b49-5587405)
# Java VM: OpenJDK 64-Bit Server VM (25.202-b49-5587405 mixed mode linux-amd64 compressed oops)
# Failed to write core dump. Core dumps have been disabled. To enable core dumping, try "ulimit -c unlimited" before starting Java again
#

---------------  T H R E A D  ---------------

Current thread (0x00007f08e407c800):  VMThread [stack: 0x00007f08cfafc000,0x00007f08cfbfc000] [id=23321]

Stack: [0x00007f08cfafc000,0x00007f08cfbfc000],  sp=0x00007f08cfbfa530,  free space=1017k
Native frames: (J=compiled Java code, j=interpreted, Vv=VM code, C=native code)
V  [libjvm.so+0xa08b78]  VMError::report_and_die()+0x148
V  [libjvm.so+0x4d412a]  report_vm_out_of_memory(char const*, int, unsigned long, VMErrorType, char const*)+0x8a
V  [libjvm.so+0x870478]  os::pd_commit_memory(char*, unsigned long, unsigned long, bool)+0xd8
V  [libjvm.so+0x867f9f]  os::commit_memory(char*, unsigned long, unsigned long, bool)+0x1f
V  [libjvm.so+0x8e14eb]  PSVirtualSpace::expand_by(unsigned long)+0x5b
V  [libjvm.so+0x8d234b]  PSOldGen::expand_by(unsigned long) [clone .part.109]+0x1b
V  [libjvm.so+0x8d250b]  PSOldGen::expand(unsigned long) [clone .part.111]+0xdb
V  [libjvm.so+0x8d2de8]  PSOldGen::resize(unsigned long)+0x188
V  [libjvm.so+0x8d83cc]  PSParallelCompact::invoke_no_policy(bool)+0x94c
V  [libjvm.so+0x8df48d]  PSScavenge::invoke()+0x17d
V  [libjvm.so+0x893763]  ParallelScavengeHeap::failed_mem_allocate(unsigned long)+0x63
V  [libjvm.so+0xa0a644]  VM_ParallelGCFailedAllocation::doit()+0x84
V  [libjvm.so+0xa0ea17]  VM_Operation::evaluate()+0x47
V  [libjvm.so+0xa0d498]  VMThread::evaluate_operation(VM_Operation*)+0x218
V  [libjvm.so+0xa0d8d1]  VMThread::loop()+0x1f1
V  [libjvm.so+0xa0dd02]  VMThread::run()+0x72
V  [libjvm.so+0x86d652]  java_start(Thread*)+0xf2

VM_Operation (0x00007f08ce51e080): ParallelGCFailedAllocation, mode: safepoint, requested by thread 0x00007f08e41bc000


---------------  P R O C E S S  ---------------

Java Threads: ( => current thread )
  0x00007f08e41bc000 JavaThread "pool-2-thread-4" [_thread_blocked, id=23334, stack(0x00007f08ce41f000,0x00007f08ce520000)]
  0x00007f08e41ae800 JavaThread "pool-2-thread-3" [_thread_blocked, id=23333, stack(0x00007f08ce520000,0x00007f08ce621000)]
  0x00007f08e41ad800 JavaThread "pool-2-thread-2" [_thread_blocked, id=23332, stack(0x00007f08ce621000,0x00007f08ce722000)]
  0x00007f08e41ab000 JavaThread "pool-3-thread-1" [_thread_blocked, id=23331, stack(0x00007f08ce722000,0x00007f08ce823000)]
  0x00007f08e41a9800 JavaThread "pool-2-thread-1" [_thread_blocked, id=23330, stack(0x00007f08ce823000,0x00007f08ce924000)]
  0x00007f08e40c4800 JavaThread "Service Thread" daemon [_thread_blocked, id=23328, stack(0x00007f08cea25000,0x00007f08ceb26000)]
  0x00007f08e40c1800 JavaThread "C1 CompilerThread2" daemon [_thread_blocked, id=23327, stack(0x00007f08ceb27000,0x00007f08cec27000)]
  0x00007f08e40bf800 JavaThread "C2 CompilerThread1" daemon [_thread_blocked, id=23326, stack(0x00007f08cec28000,0x00007f08ced28000)]
  0x00007f08e40bc800 JavaThread "C2 CompilerThread0" daemon [_thread_blocked, id=23325, stack(0x00007f08ced29000,0x00007f08cee29000)]
  0x00007f08e40b8800 JavaThread "Signal Dispatcher" daemon [_thread_blocked, id=23324, stack(0x00007f08cee29000,0x00007f08cef2a000)]
  0x00007f08e4088800 JavaThread "Finalizer" daemon [_thread_blocked, id=23323, stack(0x00007f08cf8f9000,0x00007f08cf9fa000)]
  0x00007f08e4086000 JavaThread "Reference Handler" daemon [_thread_blocked, id=23322, stack(0x00007f08cf9fa000,0x00007f08cfafb000)]
  0x00007f08e400e800 JavaThread "main" [_thread_blocked, id=23315, stack(0x00007f08ec8d3000,0x00007f08ec9d3000)]

Other Threads:
=>0x00007f08e407c800 VMThread [stack: 0x00007f08cfafc000,0x00007f08cfbfc000] [id=23321]
  0x00007f08e40c7000 WatcherThread [stack: 0x00007f08ce925000,0x00007f08cea25000] [id=23329]

VM state:at safepoint (normal execution)

VM Mutex/Monitor currently owned by a thread:  ([mutex/lock_event])
[0x00007f08e400a9e0] ExpandHeap_lock - owner thread: 0x00007f08e407c800
[0x00007f08e400b060] Threads_lock - owner thread: 0x00007f08e407c800
[0x00007f08e400b560] Heap_lock - owner thread: 0x00007f08e41bc000

heap address: 0x00000006c0000000, size: 4096 MB, Compressed Oops mode: Zero based, Oop shift amount: 3
Narrow klass base: 0x0000000000000000, Narrow klass shift: 3
Compressed class space size: 1073741824 Address: 0x00000007c0000000

Heap:
 PSYoungGen      total 759296K, used 0K [0x000000076ab00000, 0x00000007a2200000, 0x00000007c0000000)
  eden space 615424K, 0% used [0x000000076ab00000,0x000000076ab00000,0x0000000790400000)
  from space 143872K, 0% used [0x0000000799580000,0x0000000799580000,0x00000007a2200000)
  to   space 146432K, 0% used [0x0000000790400000,0x0000000790400000,0x0000000799300000)
 ParOldGen       total 743424K, used 731023K [0x00000006c0000000, 0x00000006ed600000, 0x000000076ab00000)
  object space 743424K, 98% used [0x00000006c0000000,0x00000006ec9e3c08,0x00000006ed600000)
 Metaspace       used 6636K, capacity 7344K, committed 7552K, reserved 1056768K
  class space    used 599K, capacity 616K, committed 640K, reserved 1048576K

Card table byte_map: [0x00007f08e98ed000,0x00007f08ea0ee000] byte_map_base: 0x00007f08e62ed000

Marking Bits: (ParMarkBitMap*) 0x00007f08ebfa1920
 Begin Bits: [0x00007f08b0000000, 0x00007f08b4000000)
 End Bits:   [0x00007f08b4000000, 0x00007f08b8000000)

Polling page: 0x00007f08ec9fb000

CodeCache: size=245760Kb used=11476Kb max_used=12910Kb free=234283Kb
 bounds [0x00007f08d5000000, 0x00007f08d5d10000, 0x00007f08e4000000]
 total_blobs=2664 nmethods=2391 adapters=187
 compilation: enabled

Compilation events (10 events):
Event: 42.417 Thread 0x00007f08e40bf800 nmethod 3097 0x00007f08d5615f10 code [0x00007f08d56163e0, 0x00007f08d5617e38]
Event: 42.417 Thread 0x00007f08e40bf800 3100       4       com.android.dx.ssa.SCCP::simulateStmt (481 bytes)
Event: 42.447 Thread 0x00007f08e40bf800 nmethod 3100 0x00007f08d5300b10 code [0x00007f08d5300e40, 0x00007f08d5301770]
Event: 42.447 Thread 0x00007f08e40bf800 3115       4       com.android.dx.dex.code.OutputFinisher::updateInfo (44 bytes)
Event: 42.469 Thread 0x00007f08e40bf800 nmethod 3115 0x00007f08d5295350 code [0x00007f08d52954c0, 0x00007f08d5295798]
Event: 42.469 Thread 0x00007f08e40bf800 3110   !   4       com.android.dx.cf.code.BytecodeArray::parseInstruction (2764 bytes)
Event: 42.501 Thread 0x00007f08e40bc800 nmethod 3065 0x00007f08d515d250 code [0x00007f08d515d7c0, 0x00007f08d51612f0]
Event: 42.501 Thread 0x00007f08e40bc800 3116       4       com.android.dx.cf.code.BaseMachine::getLocalTarget (151 bytes)
Event: 42.506 Thread 0x00007f08e40c1800 3119       3       com.android.dx.ssa.NormalSsaInsn::accept (25 bytes)
Event: 42.506 Thread 0x00007f08e40c1800 nmethod 3119 0x00007f08d54bdb90 code [0x00007f08d54bdd20, 0x00007f08d54be2d8]

GC Heap History (10 events):
Event: 27.305 GC heap after
Heap after GC invocations=23 (full 4):
 PSYoungGen      total 553472K, used 108816K [0x000000076ab00000, 0x000000079ad80000, 0x00000007c0000000)
  eden space 434688K, 0% used [0x000000076ab00000,0x000000076ab00000,0x0000000785380000)
  from space 118784K, 91% used [0x0000000785380000,0x000000078bdc41d8,0x000000078c780000)
  to   space 134144K, 0% used [0x0000000792a80000,0x0000000792a80000,0x000000079ad80000)
 ParOldGen       total 527872K, used 421997K [0x00000006c0000000, 0x00000006e0380000, 0x000000076ab00000)
  object space 527872K, 79% used [0x00000006c0000000,0x00000006d9c1b4b0,0x00000006e0380000)
 Metaspace       used 6625K, capacity 7344K, committed 7552K, reserved 1056768K
  class space    used 598K, capacity 616K, committed 640K, reserved 1048576K
}
Event: 29.017 GC heap before
{Heap before GC invocations=24 (full 4):
 PSYoungGen      total 553472K, used 543504K [0x000000076ab00000, 0x000000079ad80000, 0x00000007c0000000)
  eden space 434688K, 100% used [0x000000076ab00000,0x0000000785380000,0x0000000785380000)
  from space 118784K, 91% used [0x0000000785380000,0x000000078bdc41d8,0x000000078c780000)
  to   space 134144K, 0% used [0x0000000792a80000,0x0000000792a80000,0x000000079ad80000)
 ParOldGen       total 527872K, used 421997K [0x00000006c0000000, 0x00000006e0380000, 0x000000076ab00000)
  object space 527872K, 79% used [0x00000006c0000000,0x00000006d9c1b4b0,0x00000006e0380000)
 Metaspace       used 6628K, capacity 7344K, committed 7552K, reserved 1056768K
  class space    used 599K, capacity 616K, committed 640K, reserved 1048576K
Event: 34.767 GC heap after
Heap after GC invocations=24 (full 4):
 PSYoungGen      total 634880K, used 129304K [0x000000076ab00000, 0x000000079e680000, 0x00000007c0000000)
  eden space 500736K, 0% used [0x000000076ab00000,0x000000076ab00000,0x0000000789400000)
  from space 134144K, 96% used [0x0000000792a80000,0x000000079a8c61e8,0x000000079ad80000)
  to   space 154112K, 0% used [0x0000000789400000,0x0000000789400000,0x0000000792a80000)
 ParOldGen       total 527872K, used 465301K [0x00000006c0000000, 0x00000006e0380000, 0x000000076ab00000)
  object space 527872K, 88% used [0x00000006c0000000,0x00000006dc6656e0,0x00000006e0380000)
 Metaspace       used 6628K, capacity 7344K, committed 7552K, reserved 1056768K
  class space    used 599K, capacity 616K, committed 640K, reserved 1048576K
}
Event: 34.819 GC heap before
{Heap before GC invocations=25 (full 5):
 PSYoungGen      total 634880K, used 129304K [0x000000076ab00000, 0x000000079e680000, 0x00000007c0000000)
  eden space 500736K, 0% used [0x000000076ab00000,0x000000076ab00000,0x0000000789400000)
  from space 134144K, 96% used [0x0000000792a80000,0x000000079a8c61e8,0x000000079ad80000)
  to   space 154112K, 0% used [0x0000000789400000,0x0000000789400000,0x0000000792a80000)
 ParOldGen       total 527872K, used 465301K [0x00000006c0000000, 0x00000006e0380000, 0x000000076ab00000)
  object space 527872K, 88% used [0x00000006c0000000,0x00000006dc6656e0,0x00000006e0380000)
 Metaspace       used 6628K, capacity 7344K, committed 7552K, reserved 1056768K
  class space    used 599K, capacity 616K, committed 640K, reserved 1048576K
Event: 38.458 GC heap after
Heap after GC invocations=25 (full 5):
 PSYoungGen      total 634880K, used 61377K [0x000000076ab00000, 0x000000079e680000, 0x00000007c0000000)
  eden space 500736K, 0% used [0x000000076ab00000,0x000000076ab00000,0x0000000789400000)
  from space 134144K, 45% used [0x0000000792a80000,0x00000007966707e8,0x000000079ad80000)
  to   space 154112K, 0% used [0x0000000789400000,0x0000000789400000,0x0000000792a80000)
 ParOldGen       total 743424K, used 527707K [0x00000006c0000000, 0x00000006ed600000, 0x000000076ab00000)
  object space 743424K, 70% used [0x00000006c0000000,0x00000006e0356f48,0x00000006ed600000)
 Metaspace       used 6628K, capacity 7344K, committed 7552K, reserved 1056768K
  class space    used 599K, capacity 616K, committed 640K, reserved 1048576K
}
Event: 40.731 GC heap before
{Heap before GC invocations=26 (full 5):
 PSYoungGen      total 634880K, used 562113K [0x000000076ab00000, 0x000000079e680000, 0x00000007c0000000)
  eden space 500736K, 100% used [0x000000076ab00000,0x0000000789400000,0x0000000789400000)
  from space 134144K, 45% used [0x0000000792a80000,0x00000007966707e8,0x000000079ad80000)
  to   space 154112K, 0% used [0x0000000789400000,0x0000000789400000,0x0000000792a80000)
 ParOldGen       total 743424K, used 527707K [0x00000006c0000000, 0x00000006ed600000, 0x000000076ab00000)
  object space 743424K, 70% used [0x00000006c0000000,0x00000006e0356f48,0x00000006ed600000)
 Metaspace       used 6635K, capacity 7344K, committed 7552K, reserved 1056768K
  class space    used 599K, capacity 616K, committed 640K, reserved 1048576K
Event: 41.089 GC heap after
Heap after GC invocations=26 (full 5):
 PSYoungGen      total 654848K, used 79993K [0x000000076ab00000, 0x00000007a2a00000, 0x00000007c0000000)
  eden space 500736K, 0% used [0x000000076ab00000,0x000000076ab00000,0x0000000789400000)
  from space 154112K, 51% used [0x0000000789400000,0x000000078e21e778,0x0000000792a80000)
  to   space 152064K, 0% used [0x0000000799580000,0x0000000799580000,0x00000007a2a00000)
 ParOldGen       total 743424K, used 586010K [0x00000006c0000000, 0x00000006ed600000, 0x000000076ab00000)
  object space 743424K, 78% used [0x00000006c0000000,0x00000006e3c46a78,0x00000006ed600000)
 Metaspace       used 6635K, capacity 7344K, committed 7552K, reserved 1056768K
  class space    used 599K, capacity 616K, committed 640K, reserved 1048576K
}
Event: 42.590 GC heap before
{Heap before GC invocations=27 (full 5):
 PSYoungGen      total 654848K, used 580729K [0x000000076ab00000, 0x00000007a2a00000, 0x00000007c0000000)
  eden space 500736K, 100% used [0x000000076ab00000,0x0000000789400000,0x0000000789400000)
  from space 154112K, 51% used [0x0000000789400000,0x000000078e21e778,0x0000000792a80000)
  to   space 152064K, 0% used [0x0000000799580000,0x0000000799580000,0x00000007a2a00000)
 ParOldGen       total 743424K, used 586010K [0x00000006c0000000, 0x00000006ed600000, 0x000000076ab00000)
  object space 743424K, 78% used [0x00000006c0000000,0x00000006e3c46a78,0x00000006ed600000)
 Metaspace       used 6636K, capacity 7344K, committed 7552K, reserved 1056768K
  class space    used 599K, capacity 616K, committed 640K, reserved 1048576K
Event: 43.453 GC heap after
Heap after GC invocations=27 (full 5):
 PSYoungGen      total 759296K, used 72022K [0x000000076ab00000, 0x00000007a2200000, 0x00000007c0000000)
  eden space 615424K, 0% used [0x000000076ab00000,0x000000076ab00000,0x0000000790400000)
  from space 143872K, 50% used [0x0000000799580000,0x000000079dbd59a0,0x00000007a2200000)
  to   space 146432K, 0% used [0x0000000790400000,0x0000000790400000,0x0000000799300000)
 ParOldGen       total 743424K, used 663562K [0x00000006c0000000, 0x00000006ed600000, 0x000000076ab00000)
  object space 743424K, 89% used [0x00000006c0000000,0x00000006e8802a80,0x00000006ed600000)
 Metaspace       used 6636K, capacity 7344K, committed 7552K, reserved 1056768K
  class space    used 599K, capacity 616K, committed 640K, reserved 1048576K
}
Event: 43.459 GC heap before
{Heap before GC invocations=28 (full 6):
 PSYoungGen      total 759296K, used 72022K [0x000000076ab00000, 0x00000007a2200000, 0x00000007c0000000)
  eden space 615424K, 0% used [0x000000076ab00000,0x000000076ab00000,0x0000000790400000)
  from space 143872K, 50% used [0x0000000799580000,0x000000079dbd59a0,0x00000007a2200000)
  to   space 146432K, 0% used [0x0000000790400000,0x0000000790400000,0x0000000799300000)
 ParOldGen       total 743424K, used 663562K [0x00000006c0000000, 0x00000006ed600000, 0x000000076ab00000)
  object space 743424K, 89% used [0x00000006c0000000,0x00000006e8802a80,0x00000006ed600000)
 Metaspace       used 6636K, capacity 7344K, committed 7552K, reserved 1056768K
  class space    used 599K, capacity 616K, committed 640K, reserved 1048576K

Deoptimization events (10 events):
Event: 27.559 Thread 0x00007f08e41a9800 Uncommon trap: reason=unstable_if action=reinterpret pc=0x00007f08d51fb6e8 method=com.android.dx.ssa.LiteralOpUpgrader$1.visitNonMoveInsn(Lcom/android/dx/ssa/NormalSsaInsn;)V @ 91
Event: 27.686 Thread 0x00007f08e41a9800 Uncommon trap: reason=class_check action=maybe_recompile pc=0x00007f08d59d77f4 method=com.android.dx.ssa.SCCP.simulateBranch(Lcom/android/dx/ssa/SsaInsn;)V @ 339
Event: 27.694 Thread 0x00007f08e41a9800 Uncommon trap: reason=class_check action=maybe_recompile pc=0x00007f08d59d77f4 method=com.android.dx.ssa.SCCP.simulateBranch(Lcom/android/dx/ssa/SsaInsn;)V @ 339
Event: 27.931 Thread 0x00007f08e400e800 Uncommon trap: reason=unstable_if action=reinterpret pc=0x00007f08d51564a4 method=java.util.ArrayList.<init>(I)V @ 5
Event: 39.343 Thread 0x00007f08e41ae800 Uncommon trap: reason=unstable_if action=reinterpret pc=0x00007f08d51f6090 method=java.util.HashMap.resize()[Ljava/util/HashMap$Node; @ 206
Event: 39.410 Thread 0x00007f08e41bc000 Uncommon trap: reason=unstable_if action=reinterpret pc=0x00007f08d51d2410 method=java.util.concurrent.ConcurrentHashMap.addCount(JI)V @ 97
Event: 39.717 Thread 0x00007f08e41a9800 Uncommon trap: reason=unstable_if action=reinterpret pc=0x00007f08d5a997ec method=com.android.dx.cf.code.Merger.isPossiblyAssignableFrom(Lcom/android/dx/rop/type/TypeBearer;Lcom/android/dx/rop/type/TypeBearer;)Z @ 131
Event: 39.717 Thread 0x00007f08e41a9800 Uncommon trap: reason=unstable_if action=reinterpret pc=0x00007f08d52bb0a8 method=com.android.dx.cf.code.Merger.isPossiblyAssignableFrom(Lcom/android/dx/rop/type/TypeBearer;Lcom/android/dx/rop/type/TypeBearer;)Z @ 131
Event: 40.115 Thread 0x00007f08e41bc000 Uncommon trap: reason=unstable_if action=reinterpret pc=0x00007f08d52c24f4 method=com.android.dx.ssa.back.SsaToRop.convertBasicBlock(Lcom/android/dx/ssa/SsaBasicBlock;)Lcom/android/dx/rop/code/BasicBlock; @ 21
Event: 42.505 Thread 0x00007f08e400e800 Uncommon trap: reason=unstable_if action=reinterpret pc=0x00007f08d515fdd8 method=com.android.dx.ssa.SsaRenamer$BlockRenamer.visitMoveInsn(Lcom/android/dx/ssa/NormalSsaInsn;)V @ 104

Classes redefined (0 events):
No events

Internal exceptions (8 events):
Event: 0.102 Thread 0x00007f08e400e800 Exception <a 'java/lang/NoSuchMethodError': Method sun.misc.Unsafe.defineClass(Ljava/lang/String;[BII)Ljava/lang/Class; name or signature does not match> (0x000000076ab07cb0) thrown at [/usr/local/google/buildbot/src/googleplex-android/openjdk/out/hotspot
Event: 0.102 Thread 0x00007f08e400e800 Exception <a 'java/lang/NoSuchMethodError': Method sun.misc.Unsafe.prefetchRead(Ljava/lang/Object;J)V name or signature does not match> (0x000000076ab07f98) thrown at [/usr/local/google/buildbot/src/googleplex-android/openjdk/out/hotspot/src/share/vm/prim
Event: 1.164 Thread 0x00007f08e41ad800 Implicit null exception at 0x00007f08d52be673 to 0x00007f08d52c117d
Event: 1.414 Thread 0x00007f08e41ad800 Exception <a 'java/lang/ArrayIndexOutOfBoundsException': 18> (0x000000076c1517e8) thrown at [/usr/local/google/buildbot/src/googleplex-android/openjdk/out/hotspot/src/share/vm/interpreter/interpreterRuntime.cpp, line 368]
Event: 1.415 Thread 0x00007f08e41ad800 Exception <a 'java/lang/ArrayIndexOutOfBoundsException': 145> (0x000000076c153368) thrown at [/usr/local/google/buildbot/src/googleplex-android/openjdk/out/hotspot/src/share/vm/interpreter/interpreterRuntime.cpp, line 368]
Event: 1.416 Thread 0x00007f08e41ad800 Exception <a 'java/lang/ArrayIndexOutOfBoundsException': 40> (0x000000076c154650) thrown at [/usr/local/google/buildbot/src/googleplex-android/openjdk/out/hotspot/src/share/vm/interpreter/interpreterRuntime.cpp, line 368]
Event: 24.984 Thread 0x00007f08e400e800 Implicit null exception at 0x00007f08d59ea654 to 0x00007f08d59f0091
Event: 24.985 Thread 0x00007f08e400e800 Implicit null exception at 0x00007f08d596b303 to 0x00007f08d597165d

Events (10 events):
Event: 42.187 Thread 0x00007f08e40bc800 flushing nmethod 0x00007f08d5bd72d0
Event: 42.187 Thread 0x00007f08e40bc800 flushing nmethod 0x00007f08d5bf7e90
Event: 42.187 Thread 0x00007f08e40bc800 flushing nmethod 0x00007f08d5c22410
Event: 42.187 Thread 0x00007f08e40bc800 flushing nmethod 0x00007f08d5c29a50
Event: 42.187 Thread 0x00007f08e40bc800 flushing nmethod 0x00007f08d5c2fdd0
Event: 42.188 Thread 0x00007f08e40bc800 flushing nmethod 0x00007f08d5c55490
Event: 42.505 Thread 0x00007f08e400e800 Uncommon trap: trap_request=0xffffff65 fr.pc=0x00007f08d515fdd8
Event: 42.505 Thread 0x00007f08e400e800 DEOPT PACKING pc=0x00007f08d515fdd8 sp=0x00007f08ec9d07c0
Event: 42.505 Thread 0x00007f08e400e800 DEOPT UNPACKING pc=0x00007f08d504547a sp=0x00007f08ec9d0718 mode 2
Event: 42.589 Executing VM operation: ParallelGCFailedAllocation


Dynamic libraries:
00400000-00401000 r-xp 00000000 08:01 7352713                            /home/niroop/Documents/android-studio/jre/bin/java
00401000-00402000 rw-p 00000000 08:01 7352713                            /home/niroop/Documents/android-studio/jre/bin/java
00c5b000-00c7c000 rw-p 00000000 00:00 0                                  [heap]
6c0000000-6ed600000 rw-p 00000000 00:00 0 
6fcd00000-76ab00000 ---p 00000000 00:00 0 
76ab00000-7a2200000 rw-p 00000000 00:00 0 
7a2200000-7c0000000 ---p 00000000 00:00 0 
7c0000000-7c00a0000 rw-p 00000000 00:00 0 
7c00a0000-800000000 ---p 00000000 00:00 0 
7f0878000000-7f0878021000 rw-p 00000000 00:00 0 
7f0878021000-7f087c000000 ---p 00000000 00:00 0 
7f087c000000-7f087c04a000 rw-p 00000000 00:00 0 
7f087c04a000-7f0880000000 ---p 00000000 00:00 0 
7f0880000000-7f0880021000 rw-p 00000000 00:00 0 
7f0880021000-7f0884000000 ---p 00000000 00:00 0 
7f0884000000-7f0884028000 rw-p 00000000 00:00 0 
7f0884028000-7f0888000000 ---p 00000000 00:00 0 
7f0888000000-7f0888021000 rw-p 00000000 00:00 0 
7f0888021000-7f088c000000 ---p 00000000 00:00 0 
7f088c000000-7f088c03d000 rw-p 00000000 00:00 0 
7f088c03d000-7f0890000000 ---p 00000000 00:00 0 
7f0890000000-7f0890c4c000 rw-p 00000000 00:00 0 
7f0890c4c000-7f0894000000 ---p 00000000 00:00 0 
7f0894000000-7f0894021000 rw-p 00000000 00:00 0 
7f0894021000-7f0898000000 ---p 00000000 00:00 0 
7f0898000000-7f089968a000 rw-p 00000000 00:00 0 
7f089968a000-7f089c000000 ---p 00000000 00:00 0 
7f089c000000-7f089d611000 rw-p 00000000 00:00 0 
7f089d611000-7f08a0000000 ---p 00000000 00:00 0 
7f08a0000000-7f08a0021000 rw-p 00000000 00:00 0 
7f08a0021000-7f08a4000000 ---p 00000000 00:00 0 
7f08a4000000-7f08a4021000 rw-p 00000000 00:00 0 
7f08a4021000-7f08a8000000 ---p 00000000 00:00 0 
7f08a8000000-7f08a82c4000 rw-p 00000000 00:00 0 
7f08a82c4000-7f08ac000000 ---p 00000000 00:00 0 
7f08ac000000-7f08ac021000 rw-p 00000000 00:00 0 
7f08ac021000-7f08b0000000 ---p 00000000 00:00 0 
7f08b0000000-7f08b8000000 rw-p 00000000 00:00 0 
7f08b8000000-7f08b8021000 rw-p 00000000 00:00 0 
7f08b8021000-7f08bc000000 ---p 00000000 00:00 0 
7f08c0000000-7f08c0021000 rw-p 00000000 00:00 0 
7f08c0021000-7f08c4000000 ---p 00000000 00:00 0 
7f08c8000000-7f08c8021000 rw-p 00000000 00:00 0 
7f08c8021000-7f08cc000000 ---p 00000000 00:00 0 
7f08ce41f000-7f08ce422000 ---p 00000000 00:00 0 
7f08ce422000-7f08ce520000 rw-p 00000000 00:00 0 
7f08ce520000-7f08ce523000 ---p 00000000 00:00 0 
7f08ce523000-7f08ce621000 rw-p 00000000 00:00 0 
7f08ce621000-7f08ce624000 ---p 00000000 00:00 0 
7f08ce624000-7f08ce722000 rw-p 00000000 00:00 0 
7f08ce722000-7f08ce725000 ---p 00000000 00:00 0 
7f08ce725000-7f08ce823000 rw-p 00000000 00:00 0 
7f08ce823000-7f08ce826000 ---p 00000000 00:00 0 
7f08ce826000-7f08ce924000 rw-p 00000000 00:00 0 
7f08ce924000-7f08ce925000 ---p 00000000 00:00 0 
7f08ce925000-7f08cea25000 rw-p 00000000 00:00 0 
7f08cea25000-7f08cea28000 ---p 00000000 00:00 0 
7f08cea28000-7f08ceb26000 rw-p 00000000 00:00 0 
7f08ceb26000-7f08ceb27000 ---p 00000000 00:00 0 
7f08ceb27000-7f08ceb2a000 ---p 00000000 00:00 0 
7f08ceb2a000-7f08cec27000 rw-p 00000000 00:00 0 
7f08cec27000-7f08cec28000 ---p 00000000 00:00 0 
7f08cec28000-7f08cec2b000 ---p 00000000 00:00 0 
7f08cec2b000-7f08ced28000 rw-p 00000000 00:00 0 
7f08ced28000-7f08ced29000 ---p 00000000 00:00 0 
7f08ced29000-7f08ced2c000 ---p 00000000 00:00 0 
7f08ced2c000-7f08cee29000 rw-p 00000000 00:00 0 
7f08cee29000-7f08cee2c000 ---p 00000000 00:00 0 
7f08cee2c000-7f08cef2a000 rw-p 00000000 00:00 0 
7f08cef2a000-7f08cf8f9000 r--p 00000000 08:01 6036074                    /usr/lib/locale/locale-archive
7f08cf8f9000-7f08cf8fc000 ---p 00000000 00:00 0 
7f08cf8fc000-7f08cf9fa000 rw-p 00000000 00:00 0 
7f08cf9fa000-7f08cf9fd000 ---p 00000000 00:00 0 
7f08cf9fd000-7f08cfafb000 rw-p 00000000 00:00 0 
7f08cfafb000-7f08cfafc000 ---p 00000000 00:00 0 
7f08cfafc000-7f08d0000000 rw-p 00000000 00:00 0 
7f08d0000000-7f08d0021000 rw-p 00000000 00:00 0 
7f08d0021000-7f08d4000000 ---p 00000000 00:00 0 
7f08d40c1000-7f08d40d8000 r--s 00104000 08:01 12611209                   /home/niroop/.gradle/caches/modules-2/files-2.1/cz.msebera.android/httpclient/4.4.1.1/c8d96f6fd2bcc179c312da33ee670a71188cc60d/httpclient-4.4.1.1.jar
7f08d40d8000-7f08d4ec0000 rw-p 00000000 00:00 0 
7f08d4ec0000-7f08d5000000 ---p 00000000 00:00 0 
7f08d5000000-7f08d5d10000 rwxp 00000000 00:00 0 
7f08d5d10000-7f08e4000000 ---p 00000000 00:00 0 
7f08e4000000-7f08e4432000 rw-p 00000000 00:00 0 
7f08e4432000-7f08e8000000 ---p 00000000 00:00 0 
7f08e800b000-7f08e801a000 r--s 000e4000 08:01 11851761                   /home/niroop/Android/Sdk/build-tools/26.0.0/lib/dx.jar
7f08e801a000-7f08e84f0000 rw-p 00000000 00:00 0 
7f08e84f0000-7f08e86c2000 r--s 03cad000 08:01 7352843                    /home/niroop/Documents/android-studio/jre/jre/lib/rt.jar
7f08e86c2000-7f08e8f93000 rw-p 00000000 00:00 0 
7f08e8f93000-7f08e8f94000 ---p 00000000 00:00 0 
7f08e8f94000-7f08e9094000 rw-p 00000000 00:00 0 
7f08e9094000-7f08e9095000 ---p 00000000 00:00 0 
7f08e9095000-7f08e9195000 rw-p 00000000 00:00 0 
7f08e9195000-7f08e9196000 ---p 00000000 00:00 0 
7f08e9196000-7f08e9296000 rw-p 00000000 00:00 0 
7f08e9296000-7f08e9297000 ---p 00000000 00:00 0 
7f08e9297000-7f08e9502000 rw-p 00000000 00:00 0 
7f08e9502000-7f08e98ed000 ---p 00000000 00:00 0 
7f08e98ed000-7f08e9a58000 rw-p 00000000 00:00 0 
7f08e9a58000-7f08e9e42000 ---p 00000000 00:00 0 
7f08e9e42000-7f08e9ffe000 rw-p 00000000 00:00 0 
7f08e9ffe000-7f08ea0ed000 ---p 00000000 00:00 0 
7f08ea0ed000-7f08ea123000 rw-p 00000000 00:00 0 
7f08ea123000-7f08ea4ae000 ---p 00000000 00:00 0 
7f08ea4ae000-7f08ea4b9000 r-xp 00000000 08:01 1840165                    /lib/x86_64-linux-gnu/libnss_files-2.27.so
7f08ea4b9000-7f08ea6b8000 ---p 0000b000 08:01 1840165                    /lib/x86_64-linux-gnu/libnss_files-2.27.so
7f08ea6b8000-7f08ea6b9000 r--p 0000a000 08:01 1840165                    /lib/x86_64-linux-gnu/libnss_files-2.27.so
7f08ea6b9000-7f08ea6ba000 rw-p 0000b000 08:01 1840165                    /lib/x86_64-linux-gnu/libnss_files-2.27.so
7f08ea6ba000-7f08ea6c0000 rw-p 00000000 00:00 0 
7f08ea6c0000-7f08ea6d7000 r-xp 00000000 08:01 1840159                    /lib/x86_64-linux-gnu/libnsl-2.27.so
7f08ea6d7000-7f08ea8d6000 ---p 00017000 08:01 1840159                    /lib/x86_64-linux-gnu/libnsl-2.27.so
7f08ea8d6000-7f08ea8d7000 r--p 00016000 08:01 1840159                    /lib/x86_64-linux-gnu/libnsl-2.27.so
7f08ea8d7000-7f08ea8d8000 rw-p 00017000 08:01 1840159                    /lib/x86_64-linux-gnu/libnsl-2.27.so
7f08ea8d8000-7f08ea8da000 rw-p 00000000 00:00 0 
7f08ea8da000-7f08ea8e5000 r-xp 00000000 08:01 1840176                    /lib/x86_64-linux-gnu/libnss_nis-2.27.so
7f08ea8e5000-7f08eaae4000 ---p 0000b000 08:01 1840176                    /lib/x86_64-linux-gnu/libnss_nis-2.27.so
7f08eaae4000-7f08eaae5000 r--p 0000a000 08:01 1840176                    /lib/x86_64-linux-gnu/libnss_nis-2.27.so
7f08eaae5000-7f08eaae6000 rw-p 0000b000 08:01 1840176                    /lib/x86_64-linux-gnu/libnss_nis-2.27.so
7f08eaae6000-7f08eaaee000 r-xp 00000000 08:01 1840161                    /lib/x86_64-linux-gnu/libnss_compat-2.27.so
7f08eaaee000-7f08eacee000 ---p 00008000 08:01 1840161                    /lib/x86_64-linux-gnu/libnss_compat-2.27.so
7f08eacee000-7f08eacef000 r--p 00008000 08:01 1840161                    /lib/x86_64-linux-gnu/libnss_compat-2.27.so
7f08eacef000-7f08eacf0000 rw-p 00009000 08:01 1840161                    /lib/x86_64-linux-gnu/libnss_compat-2.27.so
7f08eacf0000-7f08eacf7000 r-xp 00000000 08:01 1840216                    /lib/x86_64-linux-gnu/librt-2.27.so
7f08eacf7000-7f08eaef6000 ---p 00007000 08:01 1840216                    /lib/x86_64-linux-gnu/librt-2.27.so
7f08eaef6000-7f08eaef7000 r--p 00006000 08:01 1840216                    /lib/x86_64-linux-gnu/librt-2.27.so
7f08eaef7000-7f08eaef8000 rw-p 00007000 08:01 1840216                    /lib/x86_64-linux-gnu/librt-2.27.so
7f08eaef8000-7f08eb095000 r-xp 00000000 08:01 1840138                    /lib/x86_64-linux-gnu/libm-2.27.so
7f08eb095000-7f08eb294000 ---p 0019d000 08:01 1840138                    /lib/x86_64-linux-gnu/libm-2.27.so
7f08eb294000-7f08eb295000 r--p 0019c000 08:01 1840138                    /lib/x86_64-linux-gnu/libm-2.27.so
7f08eb295000-7f08eb296000 rw-p 0019d000 08:01 1840138                    /lib/x86_64-linux-gnu/libm-2.27.so
7f08eb296000-7f08ebebc000 r-xp 00000000 08:01 7352820                    /home/niroop/Documents/android-studio/jre/jre/lib/amd64/server/libjvm.so
7f08ebebc000-7f08ebf8c000 rw-p 00c26000 08:01 7352820                    /home/niroop/Documents/android-studio/jre/jre/lib/amd64/server/libjvm.so
7f08ebf8c000-7f08ebfd0000 rw-p 00000000 00:00 0 
7f08ebfd0000-7f08ec1b7000 r-xp 00000000 08:01 1840075                    /lib/x86_64-linux-gnu/libc-2.27.so
7f08ec1b7000-7f08ec3b7000 ---p 001e7000 08:01 1840075                    /lib/x86_64-linux-gnu/libc-2.27.so
7f08ec3b7000-7f08ec3bb000 r--p 001e7000 08:01 1840075                    /lib/x86_64-linux-gnu/libc-2.27.so
7f08ec3bb000-7f08ec3bd000 rw-p 001eb000 08:01 1840075                    /lib/x86_64-linux-gnu/libc-2.27.so
7f08ec3bd000-7f08ec3c1000 rw-p 00000000 00:00 0 
7f08ec3c1000-7f08ec3c4000 r-xp 00000000 08:01 1840098                    /lib/x86_64-linux-gnu/libdl-2.27.so
7f08ec3c4000-7f08ec5c3000 ---p 00003000 08:01 1840098                    /lib/x86_64-linux-gnu/libdl-2.27.so
7f08ec5c3000-7f08ec5c4000 r--p 00002000 08:01 1840098                    /lib/x86_64-linux-gnu/libdl-2.27.so
7f08ec5c4000-7f08ec5c5000 rw-p 00003000 08:01 1840098                    /lib/x86_64-linux-gnu/libdl-2.27.so
7f08ec5c5000-7f08ec5df000 r-xp 00000000 08:01 1840208                    /lib/x86_64-linux-gnu/libpthread-2.27.so
7f08ec5df000-7f08ec7de000 ---p 0001a000 08:01 1840208                    /lib/x86_64-linux-gnu/libpthread-2.27.so
7f08ec7de000-7f08ec7df000 r--p 00019000 08:01 1840208                    /lib/x86_64-linux-gnu/libpthread-2.27.so
7f08ec7df000-7f08ec7e0000 rw-p 0001a000 08:01 1840208                    /lib/x86_64-linux-gnu/libpthread-2.27.so
7f08ec7e0000-7f08ec7e4000 rw-p 00000000 00:00 0 
7f08ec7e4000-7f08ec80b000 r-xp 00000000 08:01 1840047                    /lib/x86_64-linux-gnu/ld-2.27.so
7f08ec812000-7f08ec88a000 rw-p 00000000 00:00 0 
7f08ec88a000-7f08ec8a5000 r-xp 00000000 08:01 7352802                    /home/niroop/Documents/android-studio/jre/jre/lib/amd64/libzip.so
7f08ec8a5000-7f08ec8a6000 rw-p 0001a000 08:01 7352802                    /home/niroop/Documents/android-studio/jre/jre/lib/amd64/libzip.so
7f08ec8a6000-7f08ec8d0000 r-xp 00000000 08:01 7352810                    /home/niroop/Documents/android-studio/jre/jre/lib/amd64/libjava.so
7f08ec8d0000-7f08ec8d2000 rw-p 0002a000 08:01 7352810                    /home/niroop/Documents/android-studio/jre/jre/lib/amd64/libjava.so
7f08ec8d2000-7f08ec8d3000 ---p 00000000 00:00 0 
7f08ec8d3000-7f08ec8d6000 ---p 00000000 00:00 0 
7f08ec8d6000-7f08ec9d5000 rw-p 00000000 00:00 0 
7f08ec9d5000-7f08ec9eb000 r-xp 00000000 08:01 7352701                    /home/niroop/Documents/android-studio/jre/lib/amd64/jli/libjli.so
7f08ec9eb000-7f08ec9ec000 rw-p 00015000 08:01 7352701                    /home/niroop/Documents/android-studio/jre/lib/amd64/jli/libjli.so
7f08ec9ec000-7f08ec9ee000 rw-p 00000000 00:00 0 
7f08ec9f2000-7f08ec9fa000 rw-s 00000000 08:01 12583281                   /tmp/hsperfdata_niroop/23310
7f08ec9fa000-7f08ec9fb000 rw-p 00000000 00:00 0 
7f08ec9fb000-7f08ec9fc000 ---p 00000000 00:00 0 
7f08ec9fc000-7f08eca09000 r-xp 00000000 08:01 7352798                    /home/niroop/Documents/android-studio/jre/jre/lib/amd64/libverify.so
7f08eca09000-7f08eca0b000 rw-p 0000c000 08:01 7352798                    /home/niroop/Documents/android-studio/jre/jre/lib/amd64/libverify.so
7f08eca0b000-7f08eca0c000 r--p 00027000 08:01 1840047                    /lib/x86_64-linux-gnu/ld-2.27.so
7f08eca0c000-7f08eca0d000 rw-p 00028000 08:01 1840047                    /lib/x86_64-linux-gnu/ld-2.27.so
7f08eca0d000-7f08eca0e000 rw-p 00000000 00:00 0 
7fffbafcd000-7fffbafef000 rw-p 00000000 00:00 0                          [stack]
7fffbaff0000-7fffbaff3000 r--p 00000000 00:00 0                          [vvar]
7fffbaff3000-7fffbaff4000 r-xp 00000000 00:00 0                          [vdso]
ffffffffff600000-ffffffffff601000 r-xp 00000000 00:00 0                  [vsyscall]

VM Arguments:
jvm_args: -Djava.awt.headless=true -Xmx4g -Dfile.encoding=UTF-8 -Duser.country=IN -Duser.language=en -Duser.variant 
java_command: com.android.dx.command.Main --dex --num-threads=4 --multi-dex --output /media/niroop/External HDD/AndroidStudioProjects/User App/app/build/intermediates/transforms/dex/debug/folders/1000/1f/main /home/niroop/.gradle/caches/modules-2/files-2.1/com.twitter/twitter-text/1.13.0/78415b95ae3184c5926d593feab64bfc0b73b2dd/twitter-text-1.13.0.jar /home/niroop/.android/build-cache/344e0ae5b96a066c340cbb65de62b9926cdefc58/output/jars/classes.jar /home/niroop/.android/build-cache/708519143cb1ca08075ced6ae13de74ca64bf15f/output/jars/classes.jar /home/niroop/.gradle/caches/modules-2/files-2.1/com.squareup.okhttp3/okhttp-ws/3.0.1/bd9b51a0188fc8f14bf840a0d326755545206116/okhttp-ws-3.0.1.jar /home/niroop/.android/build-cache/9b622f381cb7bb5838d987a04cc0137936991cc2/output/jars/classes.jar /home/niroop/.android/build-cache/5b51a3324933b67d5359e9286d32d4d1e7e614f2/output/jars/classes.jar /home/niroop/.android/build-cache/12d56c18a42d1f05b9ac1647b156441e2a4dbff5/output/jars/classes.jar /home/niroop/.android/build-cache/0add6791efe6dec7f33222700afd520c9a82813b/output/jars/classes.jar /media/niroop/External HDD/AndroidStudioProjects/User App/stripe/build/intermediates/bundles/default/classes.jar /home/niroop/.android/build-cache/26d5ae123ee9172a01bd32d1a79379bec37b7d2d/output/jars/classes.jar /home/niroop/.gradle/caches/modules-2/files-2.1/com.google.code.gson/gson/2.3/5fc52c41ef0239d1093a1eb7c3697036183677ce/gson-2.3.jar /home/niroop/.gradle/caches/modules-2/files-2.1/cz.msebera.android/httpclient/4.4.1.1/c8d96f6fd2bcc179c312da33ee670a71188cc60d/httpclient-4.4.1.1.jar /home/niroop/.android/build-cache/66327af80aa184671fc17553104e2db35ef7a9b3/output/jars/classes.jar /home/niroop/.android/build-cache/b257c5c0db47bbccb6143d3aada52dde313d9b0e/output/jars/classes.jar /home/niroop/.android/build-cache/3bccaacd42e5be60ac7fed01bcd491f7523ce2f1/output/jars/classes.jar /home/niroop/.android/build-cache/64700c7b9fdf25534d3d17e45870aa364dcf0d2b/output/jars/classes.jar /home/niroop/.
java_class_path (initial): /home/niroop/Android/Sdk/build-tools/26.0.0/lib/dx.jar
Launcher Type: SUN_STANDARD

Environment Variables:
PATH=/usr/local/sbin:/usr/local/bin:/usr/sbin:/usr/bin:/sbin:/bin:/usr/games:/usr/local/games:/snap/bin:/usr/lib/dart/bin
USERNAME=niroop
SHELL=/bin/bash
DISPLAY=:0

Signal Handlers:
SIGSEGV: [libjvm.so+0xa09650], sa_mask[0]=11111111011111111101111111111110, sa_flags=SA_RESTART|SA_SIGINFO
SIGBUS: [libjvm.so+0xa09650], sa_mask[0]=11111111011111111101111111111110, sa_flags=SA_RESTART|SA_SIGINFO
SIGFPE: [libjvm.so+0x86bc60], sa_mask[0]=11111111011111111101111111111110, sa_flags=SA_RESTART|SA_SIGINFO
SIGPIPE: [libjvm.so+0x86bc60], sa_mask[0]=11111111011111111101111111111110, sa_flags=SA_RESTART|SA_SIGINFO
SIGXFSZ: [libjvm.so+0x86bc60], sa_mask[0]=11111111011111111101111111111110, sa_flags=SA_RESTART|SA_SIGINFO
SIGILL: [libjvm.so+0x86bc60], sa_mask[0]=11111111011111111101111111111110, sa_flags=SA_RESTART|SA_SIGINFO
SIGUSR1: SIG_DFL, sa_mask[0]=00000000000000000000000000000000, sa_flags=none
SIGUSR2: [libjvm.so+0x86bb30], sa_mask[0]=00100000000000000000000000000000, sa_flags=SA_RESTART|SA_SIGINFO
SIGHUP: SIG_IGN, sa_mask[0]=00000000000000000000000000000000, sa_flags=none
SIGINT: [libjvm.so+0x86bd20], sa_mask[0]=11111111011111111101111111111110, sa_flags=SA_RESTART|SA_SIGINFO
SIGTERM: [libjvm.so+0x86bd20], sa_mask[0]=11111111011111111101111111111110, sa_flags=SA_RESTART|SA_SIGINFO
SIGQUIT: [libjvm.so+0x86bd20], sa_mask[0]=11111111011111111101111111111110, sa_flags=SA_RESTART|SA_SIGINFO


---------------  S Y S T E M  ---------------

OS:DISTRIB_ID=Ubuntu
DISTRIB_RELEASE=18.04
DISTRIB_CODENAME=bionic
DISTRIB_DESCRIPTION="Ubuntu 18.04.3 LTS"

uname:Linux 5.0.0-37-generic #40~18.04.1-Ubuntu SMP Thu Nov 14 12:06:39 UTC 2019 x86_64
libc:glibc 2.27 NPTL 2.27 
rlimit: STACK 8192k, CORE 0k, NPROC 23162, NOFILE 1048576, AS infinity
load average:5.15 1.99 1.36

/proc/meminfo:
MemTotal:        5979864 kB
MemFree:          122124 kB
MemAvailable:      51264 kB
Buffers:            1068 kB
Cached:           140132 kB
SwapCached:         5372 kB
Active:          4800460 kB
Inactive:         703512 kB
Active(anon):    4786256 kB
Inactive(anon):   683604 kB
Active(file):      14204 kB
Inactive(file):    19908 kB
Unevictable:         380 kB
Mlocked:              48 kB
SwapTotal:       2097148 kB
SwapFree:            200 kB
Dirty:                44 kB
Writeback:             0 kB
AnonPages:       5359976 kB
Mapped:            36952 kB
Shmem:            106636 kB
KReclaimable:      85700 kB
Slab:             156876 kB
SReclaimable:      85700 kB
SUnreclaim:        71176 kB
KernelStack:       17200 kB
PageTables:        77692 kB
NFS_Unstable:          0 kB
Bounce:                0 kB
WritebackTmp:          0 kB
CommitLimit:     5087080 kB
Committed_AS:   14558528 kB
VmallocTotal:   34359738367 kB
VmallocUsed:           0 kB
VmallocChunk:          0 kB
Percpu:             2528 kB
HardwareCorrupted:     0 kB
AnonHugePages:         0 kB
ShmemHugePages:        0 kB
ShmemPmdMapped:        0 kB
CmaTotal:              0 kB
CmaFree:               0 kB
HugePages_Total:       0
HugePages_Free:        0
HugePages_Rsvd:        0
HugePages_Surp:        0
Hugepagesize:       2048 kB
Hugetlb:               0 kB
DirectMap4k:      307480 kB
DirectMap2M:     5863424 kB

container (cgroup) information:
container_type: cgroupv1
cpu_cpuset_cpus: 0-3
cpu_memory_nodes: 0
active_processor_count: 4
cpu_quota: -1
cpu_period: 100000
cpu_shares: -1
memory_limit_in_bytes: -1
memory_and_swap_limit_in_bytes: -2
memory_soft_limit_in_bytes: -1
memory_usage_in_bytes: 5636923392
memory_max_usage_in_bytes: 257613824


CPU:total 4 (initial active 4) (2 cores per cpu, 2 threads per core) family 6 model 58 stepping 9, cmov, cx8, fxsr, mmx, sse, sse2, sse3, ssse3, sse4.1, sse4.2, popcnt, avx, aes, clmul, erms, ht, tsc, tscinvbit, tscinv

/proc/cpuinfo:
processor	: 0
vendor_id	: GenuineIntel
cpu family	: 6
model		: 58
model name	: Intel(R) Core(TM) i5-3337U CPU @ 1.80GHz
stepping	: 9
microcode	: 0x21
cpu MHz		: 1369.655
cache size	: 3072 KB
physical id	: 0
siblings	: 4
core id		: 0
cpu cores	: 2
apicid		: 0
initial apicid	: 0
fpu		: yes
fpu_exception	: yes
cpuid level	: 13
wp		: yes
flags		: fpu vme de pse tsc msr pae mce cx8 apic sep mtrr pge mca cmov pat pse36 clflush dts acpi mmx fxsr sse sse2 ss ht tm pbe syscall nx rdtscp lm constant_tsc arch_perfmon pebs bts rep_good nopl xtopology nonstop_tsc cpuid aperfmperf pni pclmulqdq dtes64 monitor ds_cpl vmx est tm2 ssse3 cx16 xtpr pdcm pcid sse4_1 sse4_2 x2apic popcnt tsc_deadline_timer aes xsave avx f16c rdrand lahf_lm cpuid_fault epb pti ssbd ibrs ibpb stibp tpr_shadow vnmi flexpriority ept vpid fsgsbase smep erms xsaveopt dtherm ida arat pln pts md_clear flush_l1d
bugs		: cpu_meltdown spectre_v1 spectre_v2 spec_store_bypass l1tf mds swapgs itlb_multihit
bogomips	: 3591.95
clflush size	: 64
cache_alignment	: 64
address sizes	: 36 bits physical, 48 bits virtual
power management:

processor	: 1
vendor_id	: GenuineIntel
cpu family	: 6
model		: 58
model name	: Intel(R) Core(TM) i5-3337U CPU @ 1.80GHz
stepping	: 9
microcode	: 0x21
cpu MHz		: 1476.363
cache size	: 3072 KB
physical id	: 0
siblings	: 4
core id		: 0
cpu cores	: 2
apicid		: 1
initial apicid	: 1
fpu		: yes
fpu_exception	: yes
cpuid level	: 13
wp		: yes
flags		: fpu vme de pse tsc msr pae mce cx8 apic sep mtrr pge mca cmov pat pse36 clflush dts acpi mmx fxsr sse sse2 ss ht tm pbe syscall nx rdtscp lm constant_tsc arch_perfmon pebs bts rep_good nopl xtopology nonstop_tsc cpuid aperfmperf pni pclmulqdq dtes64 monitor ds_cpl vmx est tm2 ssse3 cx16 xtpr pdcm pcid sse4_1 sse4_2 x2apic popcnt tsc_deadline_timer aes xsave avx f16c rdrand lahf_lm cpuid_fault epb pti ssbd ibrs ibpb stibp tpr_shadow vnmi flexpriority ept vpid fsgsbase smep erms xsaveopt dtherm ida arat pln pts md_clear flush_l1d
bugs		: cpu_meltdown spectre_v1 spectre_v2 spec_store_bypass l1tf mds swapgs itlb_multihit
bogomips	: 3591.95
clflush size	: 64
cache_alignment	: 64
address sizes	: 36 bits physical, 48 bits virtual
power management:

processor	: 2
vendor_id	: GenuineIntel
cpu family	: 6
model		: 58
model name	: Intel(R) Core(TM) i5-3337U CPU @ 1.80GHz
stepping	: 9
microcode	: 0x21
cpu MHz		: 1527.316
cache size	: 3072 KB
physical id	: 0
siblings	: 4
core id		: 1
cpu cores	: 2
apicid		: 2
initial apicid	: 2
fpu		: yes
fpu_exception	: yes
cpuid level	: 13
wp		: yes
flags		: fpu vme de pse tsc msr pae mce cx8 apic sep mtrr pge mca cmov pat pse36 clflush dts acpi mmx fxsr sse sse2 ss ht tm pbe syscall nx rdtscp lm constant_tsc arch_perfmon pebs bts rep_good nopl xtopology nonstop_tsc cpuid aperfmperf pni pclmulqdq dtes64 monitor ds_cpl vmx est tm2 ssse3 cx16 xtpr pdcm pcid sse4_1 sse4_2 x2apic popcnt tsc_deadline_timer aes xsave avx f16c rdrand lahf_lm cpuid_fault epb pti ssbd ibrs ibpb stibp tpr_shadow vnmi flexpriority ept vpid fsgsbase smep erms xsaveopt dtherm ida arat pln pts md_clear flush_l1d
bugs		: cpu_meltdown spectre_v1 spectre_v2 spec_store_bypass l1tf mds swapgs itlb_multihit
bogomips	: 3591.95
clflush size	: 64
cache_alignment	: 64
address sizes	: 36 bits physical, 48 bits virtual
power management:

processor	: 3
vendor_id	: GenuineIntel
cpu family	: 6
model		: 58
model name	: Intel(R) Core(TM) i5-3337U CPU @ 1.80GHz
stepping	: 9
microcode	: 0x21
cpu MHz		: 1642.607
cache size	: 3072 KB
physical id	: 0
siblings	: 4
core id		: 1
cpu cores	: 2
apicid		: 3
initial apicid	: 3
fpu		: yes
fpu_exception	: yes
cpuid level	: 13
wp		: yes
flags		: fpu vme de pse tsc msr pae mce cx8 apic sep mtrr pge mca cmov pat pse36 clflush dts acpi mmx fxsr sse sse2 ss ht tm pbe syscall nx rdtscp lm constant_tsc arch_perfmon pebs bts rep_good nopl xtopology nonstop_tsc cpuid aperfmperf pni pclmulqdq dtes64 monitor ds_cpl vmx est tm2 ssse3 cx16 xtpr pdcm pcid sse4_1 sse4_2 x2apic popcnt tsc_deadline_timer aes xsave avx f16c rdrand lahf_lm cpuid_fault epb pti ssbd ibrs ibpb stibp tpr_shadow vnmi flexpriority ept vpid fsgsbase smep erms xsaveopt dtherm ida arat pln pts md_clear flush_l1d
bugs		: cpu_meltdown spectre_v1 spectre_v2 spec_store_bypass l1tf mds swapgs itlb_multihit
bogomips	: 3591.95
clflush size	: 64
cache_alignment	: 64
address sizes	: 36 bits physical, 48 bits virtual
power management:



Memory: 4k page, physical 5979864k(121620k free), swap 2097148k(416k free)

vm_info: OpenJDK 64-Bit Server VM (25.202-b49-5587405) for linux-amd64 JRE (1.8.0_202-release-1483-b49-5587405), built by "android-build" with gcc 4.8

time: Mon Mar 16 16:29:26 2020
timezone: IST
elapsed time: 46 seconds (0d 0h 0m 46s)

