#
# There is insufficient memory for the Java Runtime Environment to continue.
# Native memory allocation (mmap) failed to map 223346688 bytes for committing reserved memory.
# Possible reasons:
#   The system is out of physical RAM or swap space
#   The process is running with CompressedOops enabled, and the Java Heap may be blocking the growth of the native heap
# Possible solutions:
#   Reduce memory load on the system
#   Increase physical memory or swap space
#   Check if swap backing store is full
#   Decrease Java heap size (-Xmx/-Xms)
#   Decrease number of Java threads
#   Decrease Java thread stack sizes (-Xss)
#   Set larger code cache with -XX:ReservedCodeCacheSize=
#   JVM is running with Zero Based Compressed Oops mode in which the Java heap is
#     placed in the first 32GB address space. The Java Heap base address is the
#     maximum limit for the native heap growth. Please use -XX:HeapBaseMinAddress
#     to set the Java Heap base and to place the Java Heap above 32GB virtual address.
# This output file may be truncated or incomplete.
#
#  Out of Memory Error (os_linux.cpp:2753), pid=13205, tid=0x00007f0f4c8f8700
#
# JRE version: OpenJDK Runtime Environment (8.0_202) (build 1.8.0_202-release-1483-b49-5587405)
# Java VM: OpenJDK 64-Bit Server VM (25.202-b49-5587405 mixed mode linux-amd64 compressed oops)
# Failed to write core dump. Core dumps have been disabled. To enable core dumping, try "ulimit -c unlimited" before starting Java again
#

---------------  T H R E A D  ---------------

Current thread (0x00007f0f5c07c000):  VMThread [stack: 0x00007f0f4c7f9000,0x00007f0f4c8f9000] [id=13215]

Stack: [0x00007f0f4c7f9000,0x00007f0f4c8f9000],  sp=0x00007f0f4c8f7510,  free space=1017k
Native frames: (J=compiled Java code, j=interpreted, Vv=VM code, C=native code)
V  [libjvm.so+0xa08b78]  VMError::report_and_die()+0x148
V  [libjvm.so+0x4d412a]  report_vm_out_of_memory(char const*, int, unsigned long, VMErrorType, char const*)+0x8a
V  [libjvm.so+0x870478]  os::pd_commit_memory(char*, unsigned long, unsigned long, bool)+0xd8
V  [libjvm.so+0x867f9f]  os::commit_memory(char*, unsigned long, unsigned long, bool)+0x1f
V  [libjvm.so+0x8e14eb]  PSVirtualSpace::expand_by(unsigned long)+0x5b
V  [libjvm.so+0x8e2140]  PSYoungGen::resize_generation(unsigned long, unsigned long)+0xb0
V  [libjvm.so+0x8e245b]  PSYoungGen::resize(unsigned long, unsigned long)+0x1b
V  [libjvm.so+0x8deb8e]  PSScavenge::invoke_no_policy()+0xdce
V  [libjvm.so+0x8df348]  PSScavenge::invoke()+0x38
V  [libjvm.so+0x893763]  ParallelScavengeHeap::failed_mem_allocate(unsigned long)+0x63
V  [libjvm.so+0xa0a644]  VM_ParallelGCFailedAllocation::doit()+0x84
V  [libjvm.so+0xa0ea17]  VM_Operation::evaluate()+0x47
V  [libjvm.so+0xa0d498]  VMThread::evaluate_operation(VM_Operation*)+0x218
V  [libjvm.so+0xa0d8d1]  VMThread::loop()+0x1f1
V  [libjvm.so+0xa0dd02]  VMThread::run()+0x72
V  [libjvm.so+0x86d652]  java_start(Thread*)+0xf2

VM_Operation (0x00007f0f3f52ddd0): ParallelGCFailedAllocation, mode: safepoint, requested by thread 0x00007f0f5c186800


---------------  P R O C E S S  ---------------

Java Threads: ( => current thread )
  0x00007f0f5c19f000 JavaThread "pool-2-thread-4" [_thread_blocked, id=13228, stack(0x00007f0f3f02b000,0x00007f0f3f12c000)]
  0x00007f0f5c19d800 JavaThread "pool-2-thread-3" [_thread_blocked, id=13227, stack(0x00007f0f3f12c000,0x00007f0f3f22d000)]
  0x00007f0f5c19c000 JavaThread "pool-2-thread-2" [_thread_blocked, id=13226, stack(0x00007f0f3f22d000,0x00007f0f3f32e000)]
  0x00007f0f5c187800 JavaThread "pool-3-thread-1" [_thread_blocked, id=13225, stack(0x00007f0f3f32e000,0x00007f0f3f42f000)]
  0x00007f0f5c186800 JavaThread "pool-2-thread-1" [_thread_blocked, id=13224, stack(0x00007f0f3f42f000,0x00007f0f3f530000)]
  0x00007f0f5c0cc800 JavaThread "Service Thread" daemon [_thread_blocked, id=13222, stack(0x00007f0f4c0f1000,0x00007f0f4c1f2000)]
  0x00007f0f5c0c1000 JavaThread "C1 CompilerThread2" daemon [_thread_blocked, id=13221, stack(0x00007f0f4c1f3000,0x00007f0f4c2f3000)]
  0x00007f0f5c0bf800 JavaThread "C2 CompilerThread1" daemon [_thread_blocked, id=13220, stack(0x00007f0f4c2f4000,0x00007f0f4c3f4000)]
  0x00007f0f5c0bc800 JavaThread "C2 CompilerThread0" daemon [_thread_blocked, id=13219, stack(0x00007f0f4c3f5000,0x00007f0f4c4f5000)]
  0x00007f0f5c0b8800 JavaThread "Signal Dispatcher" daemon [_thread_blocked, id=13218, stack(0x00007f0f4c4f5000,0x00007f0f4c5f6000)]
  0x00007f0f5c088800 JavaThread "Finalizer" daemon [_thread_blocked, id=13217, stack(0x00007f0f4c5f6000,0x00007f0f4c6f7000)]
  0x00007f0f5c086000 JavaThread "Reference Handler" daemon [_thread_blocked, id=13216, stack(0x00007f0f4c6f7000,0x00007f0f4c7f8000)]
  0x00007f0f5c00e800 JavaThread "main" [_thread_blocked, id=13210, stack(0x00007f0f654e7000,0x00007f0f655e7000)]

Other Threads:
=>0x00007f0f5c07c000 VMThread [stack: 0x00007f0f4c7f9000,0x00007f0f4c8f9000] [id=13215]
  0x00007f0f5c0cf000 WatcherThread [stack: 0x00007f0f3f531000,0x00007f0f3f631000] [id=13223]

VM state:at safepoint (normal execution)

VM Mutex/Monitor currently owned by a thread:  ([mutex/lock_event])
[0x00007f0f5c00adc0] Threads_lock - owner thread: 0x00007f0f5c07c000
[0x00007f0f5c00b2c0] Heap_lock - owner thread: 0x00007f0f5c186800

heap address: 0x00000006c0000000, size: 4096 MB, Compressed Oops mode: Zero based, Oop shift amount: 3
Narrow klass base: 0x0000000000000000, Narrow klass shift: 3
Compressed class space size: 1073741824 Address: 0x00000007c0000000

Heap:
 PSYoungGen      total 214528K, used 26101K [0x000000076ab00000, 0x0000000779a00000, 0x00000007c0000000)
  eden space 188416K, 0% used [0x000000076ab00000,0x000000076ab00000,0x0000000776300000)
  from space 26112K, 99% used [0x0000000776300000,0x0000000777c7d6f8,0x0000000777c80000)
  to   space 22016K, 0% used [0x0000000777c80000,0x0000000777c80000,0x0000000779200000)
 ParOldGen       total 64000K, used 63708K [0x00000006c0000000, 0x00000006c3e80000, 0x000000076ab00000)
  object space 64000K, 99% used [0x00000006c0000000,0x00000006c3e37248,0x00000006c3e80000)
 Metaspace       used 6279K, capacity 7152K, committed 7296K, reserved 1056768K
  class space    used 594K, capacity 616K, committed 640K, reserved 1048576K

Card table byte_map: [0x00007f0f624fe000,0x00007f0f62cff000] byte_map_base: 0x00007f0f5eefe000

Marking Bits: (ParMarkBitMap*) 0x00007f0f64bb2920
 Begin Bits: [0x00007f0f30000000, 0x00007f0f34000000)
 End Bits:   [0x00007f0f34000000, 0x00007f0f38000000)

Polling page: 0x00007f0f6560c000

CodeCache: size=245760Kb used=7198Kb max_used=7198Kb free=238561Kb
 bounds [0x00007f0f4d000000, 0x00007f0f4d710000, 0x00007f0f5c000000]
 total_blobs=2049 nmethods=1779 adapters=184
 compilation: enabled

Compilation events (10 events):
Event: 12.754 Thread 0x00007f0f5c0c1000 nmethod 2023 0x00007f0f4d708410 code [0x00007f0f4d708580, 0x00007f0f4d7087a8]
Event: 12.754 Thread 0x00007f0f5c0c1000 2024       2       java.util.concurrent.ThreadPoolExecutor::execute (132 bytes)
Event: 12.755 Thread 0x00007f0f5c0c1000 nmethod 2024 0x00007f0f4d708890 code [0x00007f0f4d708a80, 0x00007f0f4d708ee8]
Event: 12.773 Thread 0x00007f0f5c0c1000 2026       2       com.android.dx.cf.direct.DirectClassFile::getMethods (9 bytes)
Event: 12.774 Thread 0x00007f0f5c0c1000 nmethod 2026 0x00007f0f4d709190 code [0x00007f0f4d709300, 0x00007f0f4d709488]
Event: 12.836 Thread 0x00007f0f5c0c1000 2027       2       com.android.dx.rop.type.Prototype::fromDescriptor (200 bytes)
Event: 12.838 Thread 0x00007f0f5c0c1000 nmethod 2027 0x00007f0f4d709550 code [0x00007f0f4d709800, 0x00007f0f4d70a448]
Event: 12.846 Thread 0x00007f0f5c0c1000 2028       2       com.android.dx.ssa.LiteralOpUpgrader::isConstIntZeroOrKnownNull (34 bytes)
Event: 12.847 Thread 0x00007f0f5c0c1000 nmethod 2028 0x00007f0f4d70b310 code [0x00007f0f4d70b480, 0x00007f0f4d70b688]
Event: 12.890 Thread 0x00007f0f5c0c1000 2029       2       com.android.dx.cf.direct.DirectClassFile::getFields (9 bytes)

GC Heap History (10 events):
Event: 1.508 GC heap after
Heap after GC invocations=2 (full 0):
 PSYoungGen      total 51712K, used 3570K [0x000000076ab00000, 0x000000076e100000, 0x00000007c0000000)
  eden space 48128K, 0% used [0x000000076ab00000,0x000000076ab00000,0x000000076da00000)
  from space 3584K, 99% used [0x000000076dd80000,0x000000076e0fc838,0x000000076e100000)
  to   space 3584K, 0% used [0x000000076da00000,0x000000076da00000,0x000000076dd80000)
 ParOldGen       total 62976K, used 5865K [0x00000006c0000000, 0x00000006c3d80000, 0x000000076ab00000)
  object space 62976K, 9% used [0x00000006c0000000,0x00000006c05ba500,0x00000006c3d80000)
 Metaspace       used 5773K, capacity 6896K, committed 7040K, reserved 1056768K
  class space    used 579K, capacity 616K, committed 640K, reserved 1048576K
}
Event: 1.950 GC heap before
{Heap before GC invocations=3 (full 0):
 PSYoungGen      total 51712K, used 51698K [0x000000076ab00000, 0x000000076e100000, 0x00000007c0000000)
  eden space 48128K, 100% used [0x000000076ab00000,0x000000076da00000,0x000000076da00000)
  from space 3584K, 99% used [0x000000076dd80000,0x000000076e0fc838,0x000000076e100000)
  to   space 3584K, 0% used [0x000000076da00000,0x000000076da00000,0x000000076dd80000)
 ParOldGen       total 62976K, used 5865K [0x00000006c0000000, 0x00000006c3d80000, 0x000000076ab00000)
  object space 62976K, 9% used [0x00000006c0000000,0x00000006c05ba500,0x00000006c3d80000)
 Metaspace       used 5882K, capacity 6960K, committed 7040K, reserved 1056768K
  class space    used 579K, capacity 616K, committed 640K, reserved 1048576K
Event: 1.991 GC heap after
Heap after GC invocations=3 (full 0):
 PSYoungGen      total 51712K, used 3559K [0x000000076ab00000, 0x0000000771000000, 0x00000007c0000000)
  eden space 48128K, 0% used [0x000000076ab00000,0x000000076ab00000,0x000000076da00000)
  from space 3584K, 99% used [0x000000076da00000,0x000000076dd79da8,0x000000076dd80000)
  to   space 3584K, 0% used [0x0000000770c80000,0x0000000770c80000,0x0000000771000000)
 ParOldGen       total 62976K, used 13039K [0x00000006c0000000, 0x00000006c3d80000, 0x000000076ab00000)
  object space 62976K, 20% used [0x00000006c0000000,0x00000006c0cbbd18,0x00000006c3d80000)
 Metaspace       used 5882K, capacity 6960K, committed 7040K, reserved 1056768K
  class space    used 579K, capacity 616K, committed 640K, reserved 1048576K
}
Event: 2.402 GC heap before
{Heap before GC invocations=4 (full 0):
 PSYoungGen      total 51712K, used 51687K [0x000000076ab00000, 0x0000000771000000, 0x00000007c0000000)
  eden space 48128K, 100% used [0x000000076ab00000,0x000000076da00000,0x000000076da00000)
  from space 3584K, 99% used [0x000000076da00000,0x000000076dd79da8,0x000000076dd80000)
  to   space 3584K, 0% used [0x0000000770c80000,0x0000000770c80000,0x0000000771000000)
 ParOldGen       total 62976K, used 13039K [0x00000006c0000000, 0x00000006c3d80000, 0x000000076ab00000)
  object space 62976K, 20% used [0x00000006c0000000,0x00000006c0cbbd18,0x00000006c3d80000)
 Metaspace       used 5954K, capacity 6960K, committed 7040K, reserved 1056768K
  class space    used 584K, capacity 616K, committed 640K, reserved 1048576K
Event: 2.457 GC heap after
Heap after GC invocations=4 (full 0):
 PSYoungGen      total 99840K, used 3559K [0x000000076ab00000, 0x0000000771000000, 0x00000007c0000000)
  eden space 96256K, 0% used [0x000000076ab00000,0x000000076ab00000,0x0000000770900000)
  from space 3584K, 99% used [0x0000000770c80000,0x0000000770ff9ca8,0x0000000771000000)
  to   space 3584K, 0% used [0x0000000770900000,0x0000000770900000,0x0000000770c80000)
 ParOldGen       total 62976K, used 19137K [0x00000006c0000000, 0x00000006c3d80000, 0x000000076ab00000)
  object space 62976K, 30% used [0x00000006c0000000,0x00000006c12b0678,0x00000006c3d80000)
 Metaspace       used 5954K, capacity 6960K, committed 7040K, reserved 1056768K
  class space    used 584K, capacity 616K, committed 640K, reserved 1048576K
}
Event: 3.707 GC heap before
{Heap before GC invocations=5 (full 0):
 PSYoungGen      total 99840K, used 99815K [0x000000076ab00000, 0x0000000771000000, 0x00000007c0000000)
  eden space 96256K, 100% used [0x000000076ab00000,0x0000000770900000,0x0000000770900000)
  from space 3584K, 99% used [0x0000000770c80000,0x0000000770ff9ca8,0x0000000771000000)
  to   space 3584K, 0% used [0x0000000770900000,0x0000000770900000,0x0000000770c80000)
 ParOldGen       total 62976K, used 19137K [0x00000006c0000000, 0x00000006c3d80000, 0x000000076ab00000)
  object space 62976K, 30% used [0x00000006c0000000,0x00000006c12b0678,0x00000006c3d80000)
 Metaspace       used 6136K, capacity 7088K, committed 7296K, reserved 1056768K
  class space    used 594K, capacity 616K, committed 640K, reserved 1048576K
Event: 7.779 GC heap after
Heap after GC invocations=5 (full 0):
 PSYoungGen      total 99840K, used 3581K [0x000000076ab00000, 0x0000000779200000, 0x00000007c0000000)
  eden space 96256K, 0% used [0x000000076ab00000,0x000000076ab00000,0x0000000770900000)
  from space 3584K, 99% used [0x0000000770900000,0x0000000770c7f650,0x0000000770c80000)
  to   space 22016K, 0% used [0x0000000777c80000,0x0000000777c80000,0x0000000779200000)
 ParOldGen       total 62976K, used 39387K [0x00000006c0000000, 0x00000006c3d80000, 0x000000076ab00000)
  object space 62976K, 62% used [0x00000006c0000000,0x00000006c2676cc8,0x00000006c3d80000)
 Metaspace       used 6136K, capacity 7088K, committed 7296K, reserved 1056768K
  class space    used 594K, capacity 616K, committed 640K, reserved 1048576K
}
Event: 10.738 GC heap before
{Heap before GC invocations=6 (full 0):
 PSYoungGen      total 99840K, used 99837K [0x000000076ab00000, 0x0000000779200000, 0x00000007c0000000)
  eden space 96256K, 100% used [0x000000076ab00000,0x0000000770900000,0x0000000770900000)
  from space 3584K, 99% used [0x0000000770900000,0x0000000770c7f650,0x0000000770c80000)
  to   space 22016K, 0% used [0x0000000777c80000,0x0000000777c80000,0x0000000779200000)
 ParOldGen       total 62976K, used 39387K [0x00000006c0000000, 0x00000006c3d80000, 0x000000076ab00000)
  object space 62976K, 62% used [0x00000006c0000000,0x00000006c2676cc8,0x00000006c3d80000)
 Metaspace       used 6136K, capacity 7088K, committed 7296K, reserved 1056768K
  class space    used 594K, capacity 616K, committed 640K, reserved 1048576K
Event: 11.248 GC heap after
Heap after GC invocations=6 (full 0):
 PSYoungGen      total 210432K, used 21139K [0x000000076ab00000, 0x0000000779a00000, 0x00000007c0000000)
  eden space 188416K, 0% used [0x000000076ab00000,0x000000076ab00000,0x0000000776300000)
  from space 22016K, 96% used [0x0000000777c80000,0x0000000779124c80,0x0000000779200000)
  to   space 26112K, 0% used [0x0000000776300000,0x0000000776300000,0x0000000777c80000)
 ParOldGen       total 62976K, used 39387K [0x00000006c0000000, 0x00000006c3d80000, 0x000000076ab00000)
  object space 62976K, 62% used [0x00000006c0000000,0x00000006c2676cc8,0x00000006c3d80000)
 Metaspace       used 6136K, capacity 7088K, committed 7296K, reserved 1056768K
  class space    used 594K, capacity 616K, committed 640K, reserved 1048576K
}
Event: 16.544 GC heap before
{Heap before GC invocations=7 (full 0):
 PSYoungGen      total 210432K, used 209555K [0x000000076ab00000, 0x0000000779a00000, 0x00000007c0000000)
  eden space 188416K, 100% used [0x000000076ab00000,0x0000000776300000,0x0000000776300000)
  from space 22016K, 96% used [0x0000000777c80000,0x0000000779124c80,0x0000000779200000)
  to   space 26112K, 0% used [0x0000000776300000,0x0000000776300000,0x0000000777c80000)
 ParOldGen       total 62976K, used 39387K [0x00000006c0000000, 0x00000006c3d80000, 0x000000076ab00000)
  object space 62976K, 62% used [0x00000006c0000000,0x00000006c2676cc8,0x00000006c3d80000)
 Metaspace       used 6279K, capacity 7152K, committed 7296K, reserved 1056768K
  class space    used 594K, capacity 616K, committed 640K, reserved 1048576K

Deoptimization events (10 events):
Event: 1.478 Thread 0x00007f0f5c19c000 Uncommon trap: reason=unstable_if action=reinterpret pc=0x00007f0f4d21df20 method=java.util.HashMap.getNode(ILjava/lang/Object;)Ljava/util/HashMap$Node; @ 84
Event: 1.637 Thread 0x00007f0f5c186800 Uncommon trap: reason=unstable_if action=reinterpret pc=0x00007f0f4d261628 method=com.android.dx.rop.code.LocalItem.hashCode()I @ 25
Event: 1.688 Thread 0x00007f0f5c186800 Uncommon trap: reason=unstable_if action=reinterpret pc=0x00007f0f4d3a5ca4 method=com.android.dx.rop.code.LocalItem.hashCode()I @ 25
Event: 2.523 Thread 0x00007f0f5c19d800 Uncommon trap: reason=unstable_if action=reinterpret pc=0x00007f0f4d3eb17c method=com.android.dx.ssa.SsaMethod.updateOneDefinition(Lcom/android/dx/ssa/SsaInsn;Lcom/android/dx/rop/code/RegisterSpec;)V @ 4
Event: 2.553 Thread 0x00007f0f5c19f000 Uncommon trap: reason=unstable_if action=reinterpret pc=0x00007f0f4d2ea80c method=java.util.HashMap.getNode(ILjava/lang/Object;)Ljava/util/HashMap$Node; @ 84
Event: 11.460 Thread 0x00007f0f5c186800 Uncommon trap: reason=bimorphic action=maybe_recompile pc=0x00007f0f4d5ab040 method=com.android.dx.cf.code.BytecodeArray.parseInstruction(ILcom/android/dx/cf/code/BytecodeArray$Visitor;)I @ 2135
Event: 11.460 Thread 0x00007f0f5c186800 Uncommon trap: reason=bimorphic action=maybe_recompile pc=0x00007f0f4d5ab040 method=com.android.dx.cf.code.BytecodeArray.parseInstruction(ILcom/android/dx/cf/code/BytecodeArray$Visitor;)I @ 2135
Event: 11.462 Thread 0x00007f0f5c19f000 Uncommon trap: reason=unstable_if action=reinterpret pc=0x00007f0f4d5b0198 method=com.android.dx.cf.code.ByteCatchList.listFor(I)Lcom/android/dx/cf/code/ByteCatchList; @ 47
Event: 11.863 Thread 0x00007f0f5c19f000 Uncommon trap: reason=unstable_if action=reinterpret pc=0x00007f0f4d606f38 method=com.android.dx.ssa.SCCP.simulateBranch(Lcom/android/dx/ssa/SsaInsn;)V @ 548
Event: 11.885 Thread 0x00007f0f5c186800 Uncommon trap: reason=unstable_if action=reinterpret pc=0x00007f0f4d3a0520 method=com.android.dx.rop.code.RegisterSpecSet.<init>(I)V @ 2

Classes redefined (0 events):
No events

Internal exceptions (6 events):
Event: 0.196 Thread 0x00007f0f5c00e800 Exception <a 'java/lang/NoSuchMethodError': Method sun.misc.Unsafe.defineClass(Ljava/lang/String;[BII)Ljava/lang/Class; name or signature does not match> (0x000000076ab07cb0) thrown at [/usr/local/google/buildbot/src/googleplex-android/openjdk/out/hotspot
Event: 0.196 Thread 0x00007f0f5c00e800 Exception <a 'java/lang/NoSuchMethodError': Method sun.misc.Unsafe.prefetchRead(Ljava/lang/Object;J)V name or signature does not match> (0x000000076ab07f98) thrown at [/usr/local/google/buildbot/src/googleplex-android/openjdk/out/hotspot/src/share/vm/prim
Event: 1.334 Thread 0x00007f0f5c19d800 Implicit null exception at 0x00007f0f4d2ba885 to 0x00007f0f4d2bcbe9
Event: 1.436 Thread 0x00007f0f5c00e800 Exception <a 'java/lang/ArrayIndexOutOfBoundsException': 18> (0x000000076be5c870) thrown at [/usr/local/google/buildbot/src/googleplex-android/openjdk/out/hotspot/src/share/vm/interpreter/interpreterRuntime.cpp, line 368]
Event: 1.437 Thread 0x00007f0f5c00e800 Exception <a 'java/lang/ArrayIndexOutOfBoundsException': 145> (0x000000076be5e3f0) thrown at [/usr/local/google/buildbot/src/googleplex-android/openjdk/out/hotspot/src/share/vm/interpreter/interpreterRuntime.cpp, line 368]
Event: 1.442 Thread 0x00007f0f5c00e800 Exception <a 'java/lang/ArrayIndexOutOfBoundsException': 40> (0x000000076be5f6d8) thrown at [/usr/local/google/buildbot/src/googleplex-android/openjdk/out/hotspot/src/share/vm/interpreter/interpreterRuntime.cpp, line 368]

Events (10 events):
Event: 12.528 Thread 0x00007f0f5c19f000 DEOPT UNPACKING pc=0x00007f0f4d0474c4 sp=0x00007f0f3f12a0a0 mode 0
Event: 12.554 Thread 0x00007f0f5c186800 DEOPT PACKING pc=0x00007f0f4d39b634 sp=0x00007f0f3f52e100
Event: 12.555 Thread 0x00007f0f5c186800 DEOPT UNPACKING pc=0x00007f0f4d0474c4 sp=0x00007f0f3f52de00 mode 0
Event: 12.603 Thread 0x00007f0f5c00e800 DEOPT PACKING pc=0x00007f0f4d6b5ba9 sp=0x00007f0f655e4d40
Event: 12.603 Thread 0x00007f0f5c00e800 DEOPT UNPACKING pc=0x00007f0f4d0474c4 sp=0x00007f0f655e4b20 mode 0
Event: 12.824 Thread 0x00007f0f5c00e800 DEOPT PACKING pc=0x00007f0f4d39b634 sp=0x00007f0f655e4790
Event: 12.824 Thread 0x00007f0f5c00e800 DEOPT UNPACKING pc=0x00007f0f4d0474c4 sp=0x00007f0f655e4490 mode 0
Event: 13.186 Thread 0x00007f0f5c19c000 DEOPT PACKING pc=0x00007f0f4d39b634 sp=0x00007f0f3f32c080
Event: 13.329 Executing VM operation: ParallelGCFailedAllocation
Event: 14.858 Thread 0x00007f0f5c19c000 DEOPT UNPACKING pc=0x00007f0f4d0474c4 sp=0x00007f0f3f32bd80 mode 0


Dynamic libraries:
00400000-00401000 r-xp 00000000 08:01 10623406                           /home/niroop/Downloads/android-studio/jre/bin/java
00401000-00402000 rw-p 00000000 08:01 10623406                           /home/niroop/Downloads/android-studio/jre/bin/java
0232d000-0234e000 rw-p 00000000 00:00 0                                  [heap]
6c0000000-6c3e80000 rw-p 00000000 00:00 0 
6c3e80000-76ab00000 ---p 00000000 00:00 0 
76ab00000-779a00000 rw-p 00000000 00:00 0 
786f00000-7c0000000 ---p 00000000 00:00 0 
7c0000000-7c00a0000 rw-p 00000000 00:00 0 
7c00a0000-800000000 ---p 00000000 00:00 0 
7f0ef8000000-7f0ef8035000 rw-p 00000000 00:00 0 
7f0ef8035000-7f0efc000000 ---p 00000000 00:00 0 
7f0efc000000-7f0efc026000 rw-p 00000000 00:00 0 
7f0efc026000-7f0f00000000 ---p 00000000 00:00 0 
7f0f00000000-7f0f00021000 rw-p 00000000 00:00 0 
7f0f00021000-7f0f04000000 ---p 00000000 00:00 0 
7f0f04000000-7f0f04024000 rw-p 00000000 00:00 0 
7f0f04024000-7f0f08000000 ---p 00000000 00:00 0 
7f0f08000000-7f0f08021000 rw-p 00000000 00:00 0 
7f0f08021000-7f0f0c000000 ---p 00000000 00:00 0 
7f0f0c000000-7f0f0c03b000 rw-p 00000000 00:00 0 
7f0f0c03b000-7f0f10000000 ---p 00000000 00:00 0 
7f0f10000000-7f0f1064b000 rw-p 00000000 00:00 0 
7f0f1064b000-7f0f14000000 ---p 00000000 00:00 0 
7f0f14000000-7f0f14021000 rw-p 00000000 00:00 0 
7f0f14021000-7f0f18000000 ---p 00000000 00:00 0 
7f0f18000000-7f0f187b0000 rw-p 00000000 00:00 0 
7f0f187b0000-7f0f1c000000 ---p 00000000 00:00 0 
7f0f1c000000-7f0f1cd18000 rw-p 00000000 00:00 0 
7f0f1cd18000-7f0f20000000 ---p 00000000 00:00 0 
7f0f20000000-7f0f20021000 rw-p 00000000 00:00 0 
7f0f20021000-7f0f24000000 ---p 00000000 00:00 0 
7f0f24000000-7f0f24021000 rw-p 00000000 00:00 0 
7f0f24021000-7f0f28000000 ---p 00000000 00:00 0 
7f0f28000000-7f0f282c3000 rw-p 00000000 00:00 0 
7f0f282c3000-7f0f2c000000 ---p 00000000 00:00 0 
7f0f2c000000-7f0f2c021000 rw-p 00000000 00:00 0 
7f0f2c021000-7f0f30000000 ---p 00000000 00:00 0 
7f0f30000000-7f0f38000000 rw-p 00000000 00:00 0 
7f0f38000000-7f0f38021000 rw-p 00000000 00:00 0 
7f0f38021000-7f0f3c000000 ---p 00000000 00:00 0 
7f0f3f02b000-7f0f3f02e000 ---p 00000000 00:00 0 
7f0f3f02e000-7f0f3f12c000 rw-p 00000000 00:00 0 
7f0f3f12c000-7f0f3f12f000 ---p 00000000 00:00 0 
7f0f3f12f000-7f0f3f22d000 rw-p 00000000 00:00 0 
7f0f3f22d000-7f0f3f230000 ---p 00000000 00:00 0 
7f0f3f230000-7f0f3f32e000 rw-p 00000000 00:00 0 
7f0f3f32e000-7f0f3f331000 ---p 00000000 00:00 0 
7f0f3f331000-7f0f3f42f000 rw-p 00000000 00:00 0 
7f0f3f42f000-7f0f3f432000 ---p 00000000 00:00 0 
7f0f3f432000-7f0f3f530000 rw-p 00000000 00:00 0 
7f0f3f530000-7f0f3f531000 ---p 00000000 00:00 0 
7f0f3f531000-7f0f3f631000 rw-p 00000000 00:00 0 
7f0f3f631000-7f0f40000000 r--p 00000000 08:01 6036074                    /usr/lib/locale/locale-archive
7f0f40000000-7f0f40021000 rw-p 00000000 00:00 0 
7f0f40021000-7f0f44000000 ---p 00000000 00:00 0 
7f0f44000000-7f0f44021000 rw-p 00000000 00:00 0 
7f0f44021000-7f0f48000000 ---p 00000000 00:00 0 
7f0f48000000-7f0f48021000 rw-p 00000000 00:00 0 
7f0f48021000-7f0f4c000000 ---p 00000000 00:00 0 
7f0f4c0e2000-7f0f4c0f1000 r--s 000e4000 08:01 11851761                   /home/niroop/Android/Sdk/build-tools/26.0.0/lib/dx.jar
7f0f4c0f1000-7f0f4c0f4000 ---p 00000000 00:00 0 
7f0f4c0f4000-7f0f4c1f2000 rw-p 00000000 00:00 0 
7f0f4c1f2000-7f0f4c1f3000 ---p 00000000 00:00 0 
7f0f4c1f3000-7f0f4c1f6000 ---p 00000000 00:00 0 
7f0f4c1f6000-7f0f4c2f3000 rw-p 00000000 00:00 0 
7f0f4c2f3000-7f0f4c2f4000 ---p 00000000 00:00 0 
7f0f4c2f4000-7f0f4c2f7000 ---p 00000000 00:00 0 
7f0f4c2f7000-7f0f4c3f4000 rw-p 00000000 00:00 0 
7f0f4c3f4000-7f0f4c3f5000 ---p 00000000 00:00 0 
7f0f4c3f5000-7f0f4c3f8000 ---p 00000000 00:00 0 
7f0f4c3f8000-7f0f4c4f5000 rw-p 00000000 00:00 0 
7f0f4c4f5000-7f0f4c4f8000 ---p 00000000 00:00 0 
7f0f4c4f8000-7f0f4c5f6000 rw-p 00000000 00:00 0 
7f0f4c5f6000-7f0f4c5f9000 ---p 00000000 00:00 0 
7f0f4c5f9000-7f0f4c6f7000 rw-p 00000000 00:00 0 
7f0f4c6f7000-7f0f4c6fa000 ---p 00000000 00:00 0 
7f0f4c6fa000-7f0f4c7f8000 rw-p 00000000 00:00 0 
7f0f4c7f8000-7f0f4c7f9000 ---p 00000000 00:00 0 
7f0f4c7f9000-7f0f4d000000 rw-p 00000000 00:00 0 
7f0f4d000000-7f0f4d710000 rwxp 00000000 00:00 0 
7f0f4d710000-7f0f5c000000 ---p 00000000 00:00 0 
7f0f5c000000-7f0f5c424000 rw-p 00000000 00:00 0 
7f0f5c424000-7f0f60000000 ---p 00000000 00:00 0 
7f0f60006000-7f0f60901000 rw-p 00000000 00:00 0 
7f0f60901000-7f0f60ad3000 r--s 03cad000 08:01 10751891                   /home/niroop/Downloads/android-studio/jre/jre/lib/rt.jar
7f0f60ad3000-7f0f61224000 rw-p 00000000 00:00 0 
7f0f61224000-7f0f613a4000 ---p 00000000 00:00 0 
7f0f613a4000-7f0f61ba4000 rw-p 00000000 00:00 0 
7f0f61ba4000-7f0f61ba5000 ---p 00000000 00:00 0 
7f0f61ba5000-7f0f61ca5000 rw-p 00000000 00:00 0 
7f0f61ca5000-7f0f61ca6000 ---p 00000000 00:00 0 
7f0f61ca6000-7f0f61da6000 rw-p 00000000 00:00 0 
7f0f61da6000-7f0f61da7000 ---p 00000000 00:00 0 
7f0f61da7000-7f0f61ea7000 rw-p 00000000 00:00 0 
7f0f61ea7000-7f0f61ea8000 ---p 00000000 00:00 0 
7f0f61ea8000-7f0f61fc8000 rw-p 00000000 00:00 0 
7f0f61fc8000-7f0f624fe000 ---p 00000000 00:00 0 
7f0f624fe000-7f0f6251e000 rw-p 00000000 00:00 0 
7f0f6251e000-7f0f62a53000 ---p 00000000 00:00 0 
7f0f62a53000-7f0f62acb000 rw-p 00000000 00:00 0 
7f0f62acb000-7f0f62cfe000 ---p 00000000 00:00 0 
7f0f62cfe000-7f0f62d1c000 rw-p 00000000 00:00 0 
7f0f62d1c000-7f0f630bf000 ---p 00000000 00:00 0 
7f0f630bf000-7f0f630ca000 r-xp 00000000 08:01 1840165                    /lib/x86_64-linux-gnu/libnss_files-2.27.so
7f0f630ca000-7f0f632c9000 ---p 0000b000 08:01 1840165                    /lib/x86_64-linux-gnu/libnss_files-2.27.so
7f0f632c9000-7f0f632ca000 r--p 0000a000 08:01 1840165                    /lib/x86_64-linux-gnu/libnss_files-2.27.so
7f0f632ca000-7f0f632cb000 rw-p 0000b000 08:01 1840165                    /lib/x86_64-linux-gnu/libnss_files-2.27.so
7f0f632cb000-7f0f632d1000 rw-p 00000000 00:00 0 
7f0f632d1000-7f0f632e8000 r-xp 00000000 08:01 1840159                    /lib/x86_64-linux-gnu/libnsl-2.27.so
7f0f632e8000-7f0f634e7000 ---p 00017000 08:01 1840159                    /lib/x86_64-linux-gnu/libnsl-2.27.so
7f0f634e7000-7f0f634e8000 r--p 00016000 08:01 1840159                    /lib/x86_64-linux-gnu/libnsl-2.27.so
7f0f634e8000-7f0f634e9000 rw-p 00017000 08:01 1840159                    /lib/x86_64-linux-gnu/libnsl-2.27.so
7f0f634e9000-7f0f634eb000 rw-p 00000000 00:00 0 
7f0f634eb000-7f0f634f6000 r-xp 00000000 08:01 1840176                    /lib/x86_64-linux-gnu/libnss_nis-2.27.so
7f0f634f6000-7f0f636f5000 ---p 0000b000 08:01 1840176                    /lib/x86_64-linux-gnu/libnss_nis-2.27.so
7f0f636f5000-7f0f636f6000 r--p 0000a000 08:01 1840176                    /lib/x86_64-linux-gnu/libnss_nis-2.27.so
7f0f636f6000-7f0f636f7000 rw-p 0000b000 08:01 1840176                    /lib/x86_64-linux-gnu/libnss_nis-2.27.so
7f0f636f7000-7f0f636ff000 r-xp 00000000 08:01 1840161                    /lib/x86_64-linux-gnu/libnss_compat-2.27.so
7f0f636ff000-7f0f638ff000 ---p 00008000 08:01 1840161                    /lib/x86_64-linux-gnu/libnss_compat-2.27.so
7f0f638ff000-7f0f63900000 r--p 00008000 08:01 1840161                    /lib/x86_64-linux-gnu/libnss_compat-2.27.so
7f0f63900000-7f0f63901000 rw-p 00009000 08:01 1840161                    /lib/x86_64-linux-gnu/libnss_compat-2.27.so
7f0f63901000-7f0f63908000 r-xp 00000000 08:01 1840216                    /lib/x86_64-linux-gnu/librt-2.27.so
7f0f63908000-7f0f63b07000 ---p 00007000 08:01 1840216                    /lib/x86_64-linux-gnu/librt-2.27.so
7f0f63b07000-7f0f63b08000 r--p 00006000 08:01 1840216                    /lib/x86_64-linux-gnu/librt-2.27.so
7f0f63b08000-7f0f63b09000 rw-p 00007000 08:01 1840216                    /lib/x86_64-linux-gnu/librt-2.27.so
7f0f63b09000-7f0f63ca6000 r-xp 00000000 08:01 1840138                    /lib/x86_64-linux-gnu/libm-2.27.so
7f0f63ca6000-7f0f63ea5000 ---p 0019d000 08:01 1840138                    /lib/x86_64-linux-gnu/libm-2.27.so
7f0f63ea5000-7f0f63ea6000 r--p 0019c000 08:01 1840138                    /lib/x86_64-linux-gnu/libm-2.27.so
7f0f63ea6000-7f0f63ea7000 rw-p 0019d000 08:01 1840138                    /lib/x86_64-linux-gnu/libm-2.27.so
7f0f63ea7000-7f0f64acd000 r-xp 00000000 08:01 10881900                   /home/niroop/Downloads/android-studio/jre/jre/lib/amd64/server/libjvm.so
7f0f64acd000-7f0f64b9d000 rw-p 00c26000 08:01 10881900                   /home/niroop/Downloads/android-studio/jre/jre/lib/amd64/server/libjvm.so
7f0f64b9d000-7f0f64be1000 rw-p 00000000 00:00 0 
7f0f64be1000-7f0f64dc8000 r-xp 00000000 08:01 1840075                    /lib/x86_64-linux-gnu/libc-2.27.so
7f0f64dc8000-7f0f64fc8000 ---p 001e7000 08:01 1840075                    /lib/x86_64-linux-gnu/libc-2.27.so
7f0f64fc8000-7f0f64fcc000 r--p 001e7000 08:01 1840075                    /lib/x86_64-linux-gnu/libc-2.27.so
7f0f64fcc000-7f0f64fce000 rw-p 001eb000 08:01 1840075                    /lib/x86_64-linux-gnu/libc-2.27.so
7f0f64fce000-7f0f64fd2000 rw-p 00000000 00:00 0 
7f0f64fd2000-7f0f64fd5000 r-xp 00000000 08:01 1840098                    /lib/x86_64-linux-gnu/libdl-2.27.so
7f0f64fd5000-7f0f651d4000 ---p 00003000 08:01 1840098                    /lib/x86_64-linux-gnu/libdl-2.27.so
7f0f651d4000-7f0f651d5000 r--p 00002000 08:01 1840098                    /lib/x86_64-linux-gnu/libdl-2.27.so
7f0f651d5000-7f0f651d6000 rw-p 00003000 08:01 1840098                    /lib/x86_64-linux-gnu/libdl-2.27.so
7f0f651d6000-7f0f651f0000 r-xp 00000000 08:01 1840208                    /lib/x86_64-linux-gnu/libpthread-2.27.so
7f0f651f0000-7f0f653ef000 ---p 0001a000 08:01 1840208                    /lib/x86_64-linux-gnu/libpthread-2.27.so
7f0f653ef000-7f0f653f0000 r--p 00019000 08:01 1840208                    /lib/x86_64-linux-gnu/libpthread-2.27.so
7f0f653f0000-7f0f653f1000 rw-p 0001a000 08:01 1840208                    /lib/x86_64-linux-gnu/libpthread-2.27.so
7f0f653f1000-7f0f653f5000 rw-p 00000000 00:00 0 
7f0f653f5000-7f0f6541c000 r-xp 00000000 08:01 1840047                    /lib/x86_64-linux-gnu/ld-2.27.so
7f0f6541e000-7f0f65426000 r--s 000ac000 08:01 11540571                   /home/niroop/.android/build-cache/1c11515a8ebe623c59a8b1515ca24f021f3137b2/output/jars/classes.jar
7f0f65426000-7f0f6549e000 rw-p 00000000 00:00 0 
7f0f6549e000-7f0f654b9000 r-xp 00000000 08:01 10881882                   /home/niroop/Downloads/android-studio/jre/jre/lib/amd64/libzip.so
7f0f654b9000-7f0f654ba000 rw-p 0001a000 08:01 10881882                   /home/niroop/Downloads/android-studio/jre/jre/lib/amd64/libzip.so
7f0f654ba000-7f0f654e4000 r-xp 00000000 08:01 10881890                   /home/niroop/Downloads/android-studio/jre/jre/lib/amd64/libjava.so
7f0f654e4000-7f0f654e6000 rw-p 0002a000 08:01 10881890                   /home/niroop/Downloads/android-studio/jre/jre/lib/amd64/libjava.so
7f0f654e6000-7f0f654e7000 ---p 00000000 00:00 0 
7f0f654e7000-7f0f654ea000 ---p 00000000 00:00 0 
7f0f654ea000-7f0f655e9000 rw-p 00000000 00:00 0 
7f0f655e9000-7f0f655ff000 r-xp 00000000 08:01 10623394                   /home/niroop/Downloads/android-studio/jre/lib/amd64/jli/libjli.so
7f0f655ff000-7f0f65600000 rw-p 00015000 08:01 10623394                   /home/niroop/Downloads/android-studio/jre/lib/amd64/jli/libjli.so
7f0f65600000-7f0f65602000 rw-p 00000000 00:00 0 
7f0f65603000-7f0f6560b000 rw-s 00000000 08:01 12592826                   /tmp/hsperfdata_niroop/13205
7f0f6560b000-7f0f6560c000 rw-p 00000000 00:00 0 
7f0f6560c000-7f0f6560d000 ---p 00000000 00:00 0 
7f0f6560d000-7f0f6561a000 r-xp 00000000 08:01 10881878                   /home/niroop/Downloads/android-studio/jre/jre/lib/amd64/libverify.so
7f0f6561a000-7f0f6561c000 rw-p 0000c000 08:01 10881878                   /home/niroop/Downloads/android-studio/jre/jre/lib/amd64/libverify.so
7f0f6561c000-7f0f6561d000 r--p 00027000 08:01 1840047                    /lib/x86_64-linux-gnu/ld-2.27.so
7f0f6561d000-7f0f6561e000 rw-p 00028000 08:01 1840047                    /lib/x86_64-linux-gnu/ld-2.27.so
7f0f6561e000-7f0f6561f000 rw-p 00000000 00:00 0 
7ffd09928000-7ffd0994a000 rw-p 00000000 00:00 0                          [stack]
7ffd09951000-7ffd09954000 r--p 00000000 00:00 0                          [vvar]
7ffd09954000-7ffd09955000 r-xp 00000000 00:00 0                          [vdso]
ffffffffff600000-ffffffffff601000 r-xp 00000000 00:00 0                  [vsyscall]

VM Arguments:
jvm_args: -Djava.awt.headless=true -Xmx4g -Dfile.encoding=UTF-8 -Duser.country=IN -Duser.language=en -Duser.variant 
java_command: com.android.dx.command.Main --dex --num-threads=4 --multi-dex --output /home/niroop/Desktop/User App/app/build/intermediates/transforms/dex/debug/folders/1000/1f/main /home/niroop/.gradle/caches/modules-2/files-2.1/com.twitter/twitter-text/1.13.0/78415b95ae3184c5926d593feab64bfc0b73b2dd/twitter-text-1.13.0.jar /home/niroop/Desktop/User App/slideMenuLibrary/build/intermediates/bundles/default/classes.jar /home/niroop/.android/build-cache/5fcb9a86500c46afa2241a78a670579788b0507a/output/jars/classes.jar /home/niroop/.gradle/caches/modules-2/files-2.1/com.squareup.okhttp3/okhttp-ws/3.0.1/bd9b51a0188fc8f14bf840a0d326755545206116/okhttp-ws-3.0.1.jar /home/niroop/.android/build-cache/75dde23ca9f72f0bbee564910b4ddfc64c464f51/output/jars/classes.jar /home/niroop/.android/build-cache/b14f3cdd91dd5a5853a9344f5b82d9a2f1580e7f/output/jars/classes.jar /home/niroop/.android/build-cache/378a40131b81df085943bf473ac8f1d4f3f45f38/output/jars/classes.jar /home/niroop/Desktop/User App/stripe/build/intermediates/bundles/default/classes.jar /home/niroop/.gradle/caches/modules-2/files-2.1/com.google.code.gson/gson/2.3/5fc52c41ef0239d1093a1eb7c3697036183677ce/gson-2.3.jar /home/niroop/.android/build-cache/64b2c015a07189ebc0254052798b61846fdd4db5/output/jars/classes.jar /home/niroop/.gradle/caches/modules-2/files-2.1/cz.msebera.android/httpclient/4.4.1.1/c8d96f6fd2bcc179c312da33ee670a71188cc60d/httpclient-4.4.1.1.jar /home/niroop/.android/build-cache/9901f58dda3e7377f7716f1ad4d30c44fc3d4a02/output/jars/classes.jar /home/niroop/.android/build-cache/8d3d670e2e94e1045188e8efb94a9240a5f849f5/output/jars/classes.jar /home/niroop/.android/build-cache/a0e761b7ace098dc210b0a3947be7ea06d53b2e3/output/jars/classes.jar /home/niroop/.gradle/caches/modules-2/files-2.1/io.socket/engine.io-client/0.7.0/c1b1d30e2d2231b2eae1438a44943a409b976dac/engine.io-client-0.7.0.jar /home/niroop/.android/build-cache/a1db323b27e8bb18edcef9eea6a2fefad94973dc/output/jars/classes.jar /home/niroop/.android/bu
java_class_path (initial): /home/niroop/Android/Sdk/build-tools/26.0.0/lib/dx.jar
Launcher Type: SUN_STANDARD

Environment Variables:
PATH=/usr/local/sbin:/usr/local/bin:/usr/sbin:/usr/bin:/sbin:/bin:/usr/games:/usr/local/games:/snap/bin
USERNAME=niroop
SHELL=/bin/bash
DISPLAY=:0

Signal Handlers:
SIGSEGV: [libjvm.so+0xa09650], sa_mask[0]=11111111011111111101111111111110, sa_flags=SA_RESTART|SA_SIGINFO
SIGBUS: [libjvm.so+0xa09650], sa_mask[0]=11111111011111111101111111111110, sa_flags=SA_RESTART|SA_SIGINFO
SIGFPE: [libjvm.so+0x86bc60], sa_mask[0]=11111111011111111101111111111110, sa_flags=SA_RESTART|SA_SIGINFO
SIGPIPE: [libjvm.so+0x86bc60], sa_mask[0]=11111111011111111101111111111110, sa_flags=SA_RESTART|SA_SIGINFO
SIGXFSZ: [libjvm.so+0x86bc60], sa_mask[0]=11111111011111111101111111111110, sa_flags=SA_RESTART|SA_SIGINFO
SIGILL: [libjvm.so+0x86bc60], sa_mask[0]=11111111011111111101111111111110, sa_flags=SA_RESTART|SA_SIGINFO
SIGUSR1: SIG_DFL, sa_mask[0]=00000000000000000000000000000000, sa_flags=none
SIGUSR2: [libjvm.so+0x86bb30], sa_mask[0]=00100000000000000000000000000000, sa_flags=SA_RESTART|SA_SIGINFO
SIGHUP: [libjvm.so+0x86bd20], sa_mask[0]=11111111011111111101111111111110, sa_flags=SA_RESTART|SA_SIGINFO
SIGINT: [libjvm.so+0x86bd20], sa_mask[0]=11111111011111111101111111111110, sa_flags=SA_RESTART|SA_SIGINFO
SIGTERM: [libjvm.so+0x86bd20], sa_mask[0]=11111111011111111101111111111110, sa_flags=SA_RESTART|SA_SIGINFO
SIGQUIT: [libjvm.so+0x86bd20], sa_mask[0]=11111111011111111101111111111110, sa_flags=SA_RESTART|SA_SIGINFO


---------------  S Y S T E M  ---------------

OS:DISTRIB_ID=Ubuntu
DISTRIB_RELEASE=18.04
DISTRIB_CODENAME=bionic
DISTRIB_DESCRIPTION="Ubuntu 18.04.3 LTS"

uname:Linux 5.0.0-37-generic #40~18.04.1-Ubuntu SMP Thu Nov 14 12:06:39 UTC 2019 x86_64
libc:glibc 2.27 NPTL 2.27 
rlimit: STACK 8192k, CORE 0k, NPROC 23170, NOFILE 1048576, AS infinity
load average:19.23 5.70 2.50

/proc/meminfo:
MemTotal:        5979864 kB
MemFree:          113200 kB
MemAvailable:      87168 kB
Buffers:            6968 kB
Cached:           353936 kB
SwapCached:         2208 kB
Active:          4713536 kB
Inactive:         735008 kB
Active(anon):    4662216 kB
Inactive(anon):   665964 kB
Active(file):      51320 kB
Inactive(file):    69044 kB
Unevictable:        5448 kB
Mlocked:              64 kB
SwapTotal:       2097148 kB
SwapFree:            312 kB
Dirty:               224 kB
Writeback:           168 kB
AnonPages:       5091616 kB
Mapped:           211668 kB
Shmem:            240220 kB
KReclaimable:      89092 kB
Slab:             162420 kB
SReclaimable:      89092 kB
SUnreclaim:        73328 kB
KernelStack:       20768 kB
PageTables:       106092 kB
NFS_Unstable:          0 kB
Bounce:                0 kB
WritebackTmp:          0 kB
CommitLimit:     5087080 kB
Committed_AS:   17295656 kB
VmallocTotal:   34359738367 kB
VmallocUsed:           0 kB
VmallocChunk:          0 kB
Percpu:             2464 kB
HardwareCorrupted:     0 kB
AnonHugePages:         0 kB
ShmemHugePages:        0 kB
ShmemPmdMapped:        0 kB
CmaTotal:              0 kB
CmaFree:               0 kB
HugePages_Total:       0
HugePages_Free:        0
HugePages_Rsvd:        0
HugePages_Surp:        0
Hugepagesize:       2048 kB
Hugetlb:               0 kB
DirectMap4k:      342296 kB
DirectMap2M:     5828608 kB

container (cgroup) information:
container_type: cgroupv1
cpu_cpuset_cpus: 0-3
cpu_memory_nodes: 0
active_processor_count: 4
cpu_quota: -1
cpu_period: 100000
cpu_shares: -1
memory_limit_in_bytes: -1
memory_and_swap_limit_in_bytes: -2
memory_soft_limit_in_bytes: -1
memory_usage_in_bytes: 5586042880
memory_max_usage_in_bytes: 178384896


CPU:total 4 (initial active 4) (2 cores per cpu, 2 threads per core) family 6 model 58 stepping 9, cmov, cx8, fxsr, mmx, sse, sse2, sse3, ssse3, sse4.1, sse4.2, popcnt, avx, aes, clmul, erms, ht, tsc, tscinvbit, tscinv

/proc/cpuinfo:
processor	: 0
vendor_id	: GenuineIntel
cpu family	: 6
model		: 58
model name	: Intel(R) Core(TM) i5-3337U CPU @ 1.80GHz
stepping	: 9
microcode	: 0x21
cpu MHz		: 2467.932
cache size	: 3072 KB
physical id	: 0
siblings	: 4
core id		: 0
cpu cores	: 2
apicid		: 0
initial apicid	: 0
fpu		: yes
fpu_exception	: yes
cpuid level	: 13
wp		: yes
flags		: fpu vme de pse tsc msr pae mce cx8 apic sep mtrr pge mca cmov pat pse36 clflush dts acpi mmx fxsr sse sse2 ss ht tm pbe syscall nx rdtscp lm constant_tsc arch_perfmon pebs bts rep_good nopl xtopology nonstop_tsc cpuid aperfmperf pni pclmulqdq dtes64 monitor ds_cpl vmx est tm2 ssse3 cx16 xtpr pdcm pcid sse4_1 sse4_2 x2apic popcnt tsc_deadline_timer aes xsave avx f16c rdrand lahf_lm cpuid_fault epb pti ssbd ibrs ibpb stibp tpr_shadow vnmi flexpriority ept vpid fsgsbase smep erms xsaveopt dtherm ida arat pln pts md_clear flush_l1d
bugs		: cpu_meltdown spectre_v1 spectre_v2 spec_store_bypass l1tf mds swapgs itlb_multihit
bogomips	: 3591.82
clflush size	: 64
cache_alignment	: 64
address sizes	: 36 bits physical, 48 bits virtual
power management:

processor	: 1
vendor_id	: GenuineIntel
cpu family	: 6
model		: 58
model name	: Intel(R) Core(TM) i5-3337U CPU @ 1.80GHz
stepping	: 9
microcode	: 0x21
cpu MHz		: 2492.503
cache size	: 3072 KB
physical id	: 0
siblings	: 4
core id		: 0
cpu cores	: 2
apicid		: 1
initial apicid	: 1
fpu		: yes
fpu_exception	: yes
cpuid level	: 13
wp		: yes
flags		: fpu vme de pse tsc msr pae mce cx8 apic sep mtrr pge mca cmov pat pse36 clflush dts acpi mmx fxsr sse sse2 ss ht tm pbe syscall nx rdtscp lm constant_tsc arch_perfmon pebs bts rep_good nopl xtopology nonstop_tsc cpuid aperfmperf pni pclmulqdq dtes64 monitor ds_cpl vmx est tm2 ssse3 cx16 xtpr pdcm pcid sse4_1 sse4_2 x2apic popcnt tsc_deadline_timer aes xsave avx f16c rdrand lahf_lm cpuid_fault epb pti ssbd ibrs ibpb stibp tpr_shadow vnmi flexpriority ept vpid fsgsbase smep erms xsaveopt dtherm ida arat pln pts md_clear flush_l1d
bugs		: cpu_meltdown spectre_v1 spectre_v2 spec_store_bypass l1tf mds swapgs itlb_multihit
bogomips	: 3591.82
clflush size	: 64
cache_alignment	: 64
address sizes	: 36 bits physical, 48 bits virtual
power management:

processor	: 2
vendor_id	: GenuineIntel
cpu family	: 6
model		: 58
model name	: Intel(R) Core(TM) i5-3337U CPU @ 1.80GHz
stepping	: 9
microcode	: 0x21
cpu MHz		: 2494.318
cache size	: 3072 KB
physical id	: 0
siblings	: 4
core id		: 1
cpu cores	: 2
apicid		: 2
initial apicid	: 2
fpu		: yes
fpu_exception	: yes
cpuid level	: 13
wp		: yes
flags		: fpu vme de pse tsc msr pae mce cx8 apic sep mtrr pge mca cmov pat pse36 clflush dts acpi mmx fxsr sse sse2 ss ht tm pbe syscall nx rdtscp lm constant_tsc arch_perfmon pebs bts rep_good nopl xtopology nonstop_tsc cpuid aperfmperf pni pclmulqdq dtes64 monitor ds_cpl vmx est tm2 ssse3 cx16 xtpr pdcm pcid sse4_1 sse4_2 x2apic popcnt tsc_deadline_timer aes xsave avx f16c rdrand lahf_lm cpuid_fault epb pti ssbd ibrs ibpb stibp tpr_shadow vnmi flexpriority ept vpid fsgsbase smep erms xsaveopt dtherm ida arat pln pts md_clear flush_l1d
bugs		: cpu_meltdown spectre_v1 spectre_v2 spec_store_bypass l1tf mds swapgs itlb_multihit
bogomips	: 3591.82
clflush size	: 64
cache_alignment	: 64
address sizes	: 36 bits physical, 48 bits virtual
power management:

processor	: 3
vendor_id	: GenuineIntel
cpu family	: 6
model		: 58
model name	: Intel(R) Core(TM) i5-3337U CPU @ 1.80GHz
stepping	: 9
microcode	: 0x21
cpu MHz		: 2494.316
cache size	: 3072 KB
physical id	: 0
siblings	: 4
core id		: 1
cpu cores	: 2
apicid		: 3
initial apicid	: 3
fpu		: yes
fpu_exception	: yes
cpuid level	: 13
wp		: yes
flags		: fpu vme de pse tsc msr pae mce cx8 apic sep mtrr pge mca cmov pat pse36 clflush dts acpi mmx fxsr sse sse2 ss ht tm pbe syscall nx rdtscp lm constant_tsc arch_perfmon pebs bts rep_good nopl xtopology nonstop_tsc cpuid aperfmperf pni pclmulqdq dtes64 monitor ds_cpl vmx est tm2 ssse3 cx16 xtpr pdcm pcid sse4_1 sse4_2 x2apic popcnt tsc_deadline_timer aes xsave avx f16c rdrand lahf_lm cpuid_fault epb pti ssbd ibrs ibpb stibp tpr_shadow vnmi flexpriority ept vpid fsgsbase smep erms xsaveopt dtherm ida arat pln pts md_clear flush_l1d
bugs		: cpu_meltdown spectre_v1 spectre_v2 spec_store_bypass l1tf mds swapgs itlb_multihit
bogomips	: 3591.82
clflush size	: 64
cache_alignment	: 64
address sizes	: 36 bits physical, 48 bits virtual
power management:



Memory: 4k page, physical 5979864k(111444k free), swap 2097148k(0k free)

vm_info: OpenJDK 64-Bit Server VM (25.202-b49-5587405) for linux-amd64 JRE (1.8.0_202-release-1483-b49-5587405), built by "android-build" with gcc 4.8

time: Fri Jan 10 12:20:18 2020
timezone: IST
elapsed time: 23 seconds (0d 0h 0m 23s)

