#
# There is insufficient memory for the Java Runtime Environment to continue.
# Native memory allocation (mmap) failed to map 322437120 bytes for committing reserved memory.
# Possible reasons:
#   The system is out of physical RAM or swap space
#   The process is running with CompressedOops enabled, and the Java Heap may be blocking the growth of the native heap
# Possible solutions:
#   Reduce memory load on the system
#   Increase physical memory or swap space
#   Check if swap backing store is full
#   Decrease Java heap size (-Xmx/-Xms)
#   Decrease number of Java threads
#   Decrease Java thread stack sizes (-Xss)
#   Set larger code cache with -XX:ReservedCodeCacheSize=
#   JVM is running with Zero Based Compressed Oops mode in which the Java heap is
#     placed in the first 32GB address space. The Java Heap base address is the
#     maximum limit for the native heap growth. Please use -XX:HeapBaseMinAddress
#     to set the Java Heap base and to place the Java Heap above 32GB virtual address.
# This output file may be truncated or incomplete.
#
#  Out of Memory Error (os_linux.cpp:2753), pid=15545, tid=0x00007f464f01e700
#
# JRE version: OpenJDK Runtime Environment (8.0_202) (build 1.8.0_202-release-1483-b49-5587405)
# Java VM: OpenJDK 64-Bit Server VM (25.202-b49-5587405 mixed mode linux-amd64 compressed oops)
# Failed to write core dump. Core dumps have been disabled. To enable core dumping, try "ulimit -c unlimited" before starting Java again
#

---------------  T H R E A D  ---------------

Current thread (0x00007f466407c800):  VMThread [stack: 0x00007f464ef1f000,0x00007f464f01f000] [id=15556]

Stack: [0x00007f464ef1f000,0x00007f464f01f000],  sp=0x00007f464f01d530,  free space=1017k
Native frames: (J=compiled Java code, j=interpreted, Vv=VM code, C=native code)
V  [libjvm.so+0xa08b78]  VMError::report_and_die()+0x148
V  [libjvm.so+0x4d412a]  report_vm_out_of_memory(char const*, int, unsigned long, VMErrorType, char const*)+0x8a
V  [libjvm.so+0x870478]  os::pd_commit_memory(char*, unsigned long, unsigned long, bool)+0xd8
V  [libjvm.so+0x867f9f]  os::commit_memory(char*, unsigned long, unsigned long, bool)+0x1f
V  [libjvm.so+0x8e14eb]  PSVirtualSpace::expand_by(unsigned long)+0x5b
V  [libjvm.so+0x8d234b]  PSOldGen::expand_by(unsigned long) [clone .part.109]+0x1b
V  [libjvm.so+0x8d250b]  PSOldGen::expand(unsigned long) [clone .part.111]+0xdb
V  [libjvm.so+0x8d2de8]  PSOldGen::resize(unsigned long)+0x188
V  [libjvm.so+0x8d83cc]  PSParallelCompact::invoke_no_policy(bool)+0x94c
V  [libjvm.so+0x8df48d]  PSScavenge::invoke()+0x17d
V  [libjvm.so+0x893763]  ParallelScavengeHeap::failed_mem_allocate(unsigned long)+0x63
V  [libjvm.so+0xa0a644]  VM_ParallelGCFailedAllocation::doit()+0x84
V  [libjvm.so+0xa0ea17]  VM_Operation::evaluate()+0x47
V  [libjvm.so+0xa0d498]  VMThread::evaluate_operation(VM_Operation*)+0x218
V  [libjvm.so+0xa0d8d1]  VMThread::loop()+0x1f1
V  [libjvm.so+0xa0dd02]  VMThread::run()+0x72
V  [libjvm.so+0x86d652]  java_start(Thread*)+0xf2

VM_Operation (0x00007f464d941190): ParallelGCFailedAllocation, mode: safepoint, requested by thread 0x00007f46641b0800


---------------  P R O C E S S  ---------------

Java Threads: ( => current thread )
  0x00007f46641b0800 JavaThread "pool-2-thread-4" [_thread_blocked, id=15569, stack(0x00007f464d842000,0x00007f464d943000)]
  0x00007f46641af800 JavaThread "pool-2-thread-3" [_thread_blocked, id=15568, stack(0x00007f464d943000,0x00007f464da44000)]
  0x00007f46641ad800 JavaThread "pool-2-thread-2" [_thread_blocked, id=15567, stack(0x00007f464da44000,0x00007f464db45000)]
  0x00007f46641ab800 JavaThread "pool-3-thread-1" [_thread_blocked, id=15566, stack(0x00007f464db45000,0x00007f464dc46000)]
  0x00007f46641aa000 JavaThread "pool-2-thread-1" [_thread_blocked, id=15565, stack(0x00007f464dc46000,0x00007f464dd47000)]
  0x00007f46640cc800 JavaThread "Service Thread" daemon [_thread_blocked, id=15563, stack(0x00007f464de48000,0x00007f464df49000)]
  0x00007f46640c1800 JavaThread "C1 CompilerThread2" daemon [_thread_blocked, id=15562, stack(0x00007f464df4a000,0x00007f464e04a000)]
  0x00007f46640bf800 JavaThread "C2 CompilerThread1" daemon [_thread_blocked, id=15561, stack(0x00007f464e04b000,0x00007f464e14b000)]
  0x00007f46640bc800 JavaThread "C2 CompilerThread0" daemon [_thread_blocked, id=15560, stack(0x00007f464e14c000,0x00007f464e24c000)]
  0x00007f46640b8800 JavaThread "Signal Dispatcher" daemon [_thread_blocked, id=15559, stack(0x00007f464e24c000,0x00007f464e34d000)]
  0x00007f4664088800 JavaThread "Finalizer" daemon [_thread_blocked, id=15558, stack(0x00007f464ed1c000,0x00007f464ee1d000)]
  0x00007f4664086000 JavaThread "Reference Handler" daemon [_thread_blocked, id=15557, stack(0x00007f464ee1d000,0x00007f464ef1e000)]
  0x00007f466400e800 JavaThread "main" [_thread_blocked, id=15551, stack(0x00007f466bc1f000,0x00007f466bd1f000)]

Other Threads:
=>0x00007f466407c800 VMThread [stack: 0x00007f464ef1f000,0x00007f464f01f000] [id=15556]
  0x00007f46640cf000 WatcherThread [stack: 0x00007f464dd48000,0x00007f464de48000] [id=15564]

VM state:at safepoint (normal execution)

VM Mutex/Monitor currently owned by a thread:  ([mutex/lock_event])
[0x00007f466400a9e0] ExpandHeap_lock - owner thread: 0x00007f466407c800
[0x00007f466400b060] Threads_lock - owner thread: 0x00007f466407c800
[0x00007f466400b560] Heap_lock - owner thread: 0x00007f46641b0800

heap address: 0x00000006c0000000, size: 4096 MB, Compressed Oops mode: Zero based, Oop shift amount: 3
Narrow klass base: 0x0000000000000000, Narrow klass shift: 3
Compressed class space size: 1073741824 Address: 0x00000007c0000000

Heap:
 PSYoungGen      total 662528K, used 58483K [0x000000076ab00000, 0x00000007a1700000, 0x00000007c0000000)
  eden space 506880K, 0% used [0x000000076ab00000,0x000000076ab00000,0x0000000789a00000)
  from space 155648K, 37% used [0x0000000789a00000,0x000000078d31cec0,0x0000000793200000)
  to   space 148992K, 0% used [0x0000000798580000,0x0000000798580000,0x00000007a1700000)
 ParOldGen       total 737280K, used 736917K [0x00000006c0000000, 0x00000006ed000000, 0x000000076ab00000)
  object space 737280K, 99% used [0x00000006c0000000,0x00000006ecfa54b8,0x00000006ed000000)
 Metaspace       used 6686K, capacity 7344K, committed 7552K, reserved 1056768K
  class space    used 600K, capacity 616K, committed 640K, reserved 1048576K

Card table byte_map: [0x00007f4668c39000,0x00007f466943a000] byte_map_base: 0x00007f4665639000

Marking Bits: (ParMarkBitMap*) 0x00007f466b2ed920
 Begin Bits: [0x00007f4630000000, 0x00007f4634000000)
 End Bits:   [0x00007f4634000000, 0x00007f4638000000)

Polling page: 0x00007f466bd47000

CodeCache: size=245760Kb used=11714Kb max_used=11851Kb free=234045Kb
 bounds [0x00007f4655000000, 0x00007f4655c50000, 0x00007f4664000000]
 total_blobs=2667 nmethods=2393 adapters=187
 compilation: enabled

Compilation events (10 events):
Event: 34.164 Thread 0x00007f46640bc800 nmethod 3006 0x00007f465521bcd0 code [0x00007f465521be40, 0x00007f465521c198]
Event: 34.165 Thread 0x00007f46640bc800 3000       4       com.android.dx.ssa.SsaMethod::forEachInsn (36 bytes)
Event: 34.234 Thread 0x00007f46640c1800 3008       3       com.android.dx.ssa.SsaMethod::deleteInsns (239 bytes)
Event: 34.314 Thread 0x00007f46640c1800 nmethod 3008 0x00007f4655614f10 code [0x00007f4655615320, 0x00007f46556177d8]
Event: 34.314 Thread 0x00007f46640c1800 3012       3       java.util.TreeMap$EntrySet::iterator (19 bytes)
Event: 34.314 Thread 0x00007f46640c1800 nmethod 3012 0x00007f4655407110 code [0x00007f46554072a0, 0x00007f46554077b0]
Event: 34.318 Thread 0x00007f46640bc800 nmethod 3000 0x00007f46552dc150 code [0x00007f46552dc5e0, 0x00007f46552dfc60]
Event: 34.318 Thread 0x00007f46640bc800 3009       4       com.android.dx.ssa.back.FirstFitLocalCombiningAllocator::handleCheckCastResults (413 bytes)
Event: 34.489 Thread 0x00007f46640c1800 3014       3       com.android.dx.ssa.SsaMethod::forEachInsn (36 bytes)
Event: 34.490 Thread 0x00007f46640c1800 nmethod 3014 0x00007f46555c0e50 code [0x00007f46555c1020, 0x00007f46555c1678]

GC Heap History (10 events):
Event: 23.689 GC heap after
Heap after GC invocations=21 (full 5):
 PSYoungGen      total 532992K, used 61189K [0x000000076ab00000, 0x0000000796480000, 0x00000007c0000000)
  eden space 416256K, 0% used [0x000000076ab00000,0x000000076ab00000,0x0000000784180000)
  from space 116736K, 52% used [0x0000000784180000,0x0000000787d41660,0x000000078b380000)
  to   space 115200K, 0% used [0x000000078f400000,0x000000078f400000,0x0000000796480000)
 ParOldGen       total 696320K, used 484166K [0x00000006c0000000, 0x00000006ea800000, 0x000000076ab00000)
  object space 696320K, 69% used [0x00000006c0000000,0x00000006dd8d1bc0,0x00000006ea800000)
 Metaspace       used 6625K, capacity 7344K, committed 7552K, reserved 1056768K
  class space    used 598K, capacity 616K, committed 640K, reserved 1048576K
}
Event: 24.884 GC heap before
{Heap before GC invocations=22 (full 5):
 PSYoungGen      total 532992K, used 477445K [0x000000076ab00000, 0x0000000796480000, 0x00000007c0000000)
  eden space 416256K, 100% used [0x000000076ab00000,0x0000000784180000,0x0000000784180000)
  from space 116736K, 52% used [0x0000000784180000,0x0000000787d41660,0x000000078b380000)
  to   space 115200K, 0% used [0x000000078f400000,0x000000078f400000,0x0000000796480000)
 ParOldGen       total 696320K, used 484166K [0x00000006c0000000, 0x00000006ea800000, 0x000000076ab00000)
  object space 696320K, 69% used [0x00000006c0000000,0x00000006dd8d1bc0,0x00000006ea800000)
 Metaspace       used 6629K, capacity 7344K, committed 7552K, reserved 1056768K
  class space    used 599K, capacity 616K, committed 640K, reserved 1048576K
Event: 25.245 GC heap after
Heap after GC invocations=22 (full 5):
 PSYoungGen      total 579072K, used 115192K [0x000000076ab00000, 0x0000000797e00000, 0x00000007c0000000)
  eden space 463872K, 0% used [0x000000076ab00000,0x000000076ab00000,0x0000000787000000)
  from space 115200K, 99% used [0x000000078f400000,0x000000079647e0c8,0x0000000796480000)
  to   space 135168K, 0% used [0x0000000787000000,0x0000000787000000,0x000000078f400000)
 ParOldGen       total 696320K, used 487802K [0x00000006c0000000, 0x00000006ea800000, 0x000000076ab00000)
  object space 696320K, 70% used [0x00000006c0000000,0x00000006ddc5ea78,0x00000006ea800000)
 Metaspace       used 6629K, capacity 7344K, committed 7552K, reserved 1056768K
  class space    used 599K, capacity 616K, committed 640K, reserved 1048576K
}
Event: 26.647 GC heap before
{Heap before GC invocations=23 (full 5):
 PSYoungGen      total 579072K, used 579064K [0x000000076ab00000, 0x0000000797e00000, 0x00000007c0000000)
  eden space 463872K, 100% used [0x000000076ab00000,0x0000000787000000,0x0000000787000000)
  from space 115200K, 99% used [0x000000078f400000,0x000000079647e0c8,0x0000000796480000)
  to   space 135168K, 0% used [0x0000000787000000,0x0000000787000000,0x000000078f400000)
 ParOldGen       total 696320K, used 487802K [0x00000006c0000000, 0x00000006ea800000, 0x000000076ab00000)
  object space 696320K, 70% used [0x00000006c0000000,0x00000006ddc5ea78,0x00000006ea800000)
 Metaspace       used 6633K, capacity 7344K, committed 7552K, reserved 1056768K
  class space    used 599K, capacity 616K, committed 640K, reserved 1048576K
Event: 27.018 GC heap after
Heap after GC invocations=23 (full 5):
 PSYoungGen      total 599040K, used 73765K [0x000000076ab00000, 0x000000079b500000, 0x00000007c0000000)
  eden space 463872K, 0% used [0x000000076ab00000,0x000000076ab00000,0x0000000787000000)
  from space 135168K, 54% used [0x0000000787000000,0x000000078b809658,0x000000078f400000)
  to   space 134144K, 0% used [0x0000000793200000,0x0000000793200000,0x000000079b500000)
 ParOldGen       total 696320K, used 602823K [0x00000006c0000000, 0x00000006ea800000, 0x000000076ab00000)
  object space 696320K, 86% used [0x00000006c0000000,0x00000006e4cb1d88,0x00000006ea800000)
 Metaspace       used 6633K, capacity 7344K, committed 7552K, reserved 1056768K
  class space    used 599K, capacity 616K, committed 640K, reserved 1048576K
}
Event: 28.483 GC heap before
{Heap before GC invocations=24 (full 5):
 PSYoungGen      total 599040K, used 537637K [0x000000076ab00000, 0x000000079b500000, 0x00000007c0000000)
  eden space 463872K, 100% used [0x000000076ab00000,0x0000000787000000,0x0000000787000000)
  from space 135168K, 54% used [0x0000000787000000,0x000000078b809658,0x000000078f400000)
  to   space 134144K, 0% used [0x0000000793200000,0x0000000793200000,0x000000079b500000)
 ParOldGen       total 696320K, used 602823K [0x00000006c0000000, 0x00000006ea800000, 0x000000076ab00000)
  object space 696320K, 86% used [0x00000006c0000000,0x00000006e4cb1d88,0x00000006ea800000)
 Metaspace       used 6633K, capacity 7344K, committed 7552K, reserved 1056768K
  class space    used 599K, capacity 616K, committed 640K, reserved 1048576K
Event: 29.392 GC heap after
Heap after GC invocations=24 (full 5):
 PSYoungGen      total 641024K, used 134129K [0x000000076ab00000, 0x000000079ec00000, 0x00000007c0000000)
  eden space 506880K, 0% used [0x000000076ab00000,0x000000076ab00000,0x0000000789a00000)
  from space 134144K, 99% used [0x0000000793200000,0x000000079b4fc4b0,0x000000079b500000)
  to   space 155648K, 0% used [0x0000000789a00000,0x0000000789a00000,0x0000000793200000)
 ParOldGen       total 696320K, used 604051K [0x00000006c0000000, 0x00000006ea800000, 0x000000076ab00000)
  object space 696320K, 86% used [0x00000006c0000000,0x00000006e4de4e70,0x00000006ea800000)
 Metaspace       used 6633K, capacity 7344K, committed 7552K, reserved 1056768K
  class space    used 599K, capacity 616K, committed 640K, reserved 1048576K
}
Event: 34.879 GC heap before
{Heap before GC invocations=25 (full 5):
 PSYoungGen      total 641024K, used 641009K [0x000000076ab00000, 0x000000079ec00000, 0x00000007c0000000)
  eden space 506880K, 100% used [0x000000076ab00000,0x0000000789a00000,0x0000000789a00000)
  from space 134144K, 99% used [0x0000000793200000,0x000000079b4fc4b0,0x000000079b500000)
  to   space 155648K, 0% used [0x0000000789a00000,0x0000000789a00000,0x0000000793200000)
 ParOldGen       total 696320K, used 604051K [0x00000006c0000000, 0x00000006ea800000, 0x000000076ab00000)
  object space 696320K, 86% used [0x00000006c0000000,0x00000006e4de4e70,0x00000006ea800000)
 Metaspace       used 6686K, capacity 7344K, committed 7552K, reserved 1056768K
  class space    used 600K, capacity 616K, committed 640K, reserved 1048576K
Event: 37.870 GC heap after
Heap after GC invocations=25 (full 5):
 PSYoungGen      total 662528K, used 71721K [0x000000076ab00000, 0x00000007a1700000, 0x00000007c0000000)
  eden space 506880K, 0% used [0x000000076ab00000,0x000000076ab00000,0x0000000789a00000)
  from space 155648K, 46% used [0x0000000789a00000,0x000000078e00a520,0x0000000793200000)
  to   space 148992K, 0% used [0x0000000798580000,0x0000000798580000,0x00000007a1700000)
 ParOldGen       total 737280K, used 736918K [0x00000006c0000000, 0x00000006ed000000, 0x000000076ab00000)
  object space 737280K, 99% used [0x00000006c0000000,0x00000006ecfa5910,0x00000006ed000000)
 Metaspace       used 6686K, capacity 7344K, committed 7552K, reserved 1056768K
  class space    used 600K, capacity 616K, committed 640K, reserved 1048576K
}
Event: 37.908 GC heap before
{Heap before GC invocations=26 (full 6):
 PSYoungGen      total 662528K, used 71721K [0x000000076ab00000, 0x00000007a1700000, 0x00000007c0000000)
  eden space 506880K, 0% used [0x000000076ab00000,0x000000076ab00000,0x0000000789a00000)
  from space 155648K, 46% used [0x0000000789a00000,0x000000078e00a520,0x0000000793200000)
  to   space 148992K, 0% used [0x0000000798580000,0x0000000798580000,0x00000007a1700000)
 ParOldGen       total 737280K, used 736918K [0x00000006c0000000, 0x00000006ed000000, 0x000000076ab00000)
  object space 737280K, 99% used [0x00000006c0000000,0x00000006ecfa5910,0x00000006ed000000)
 Metaspace       used 6686K, capacity 7344K, committed 7552K, reserved 1056768K
  class space    used 600K, capacity 616K, committed 640K, reserved 1048576K

Deoptimization events (10 events):
Event: 30.176 Thread 0x00007f46641b0800 Uncommon trap: reason=class_check action=maybe_recompile pc=0x00007f46555237dc method=com.android.dx.ssa.LiteralOpUpgrader.isConstIntZeroOrKnownNull(Lcom/android/dx/rop/code/RegisterSpec;)Z @ 13
Event: 30.988 Thread 0x00007f46641ad800 Uncommon trap: reason=null_check action=make_not_entrant pc=0x00007f4655c0881c method=com.android.dx.dex.cf.AttributeTranslator.getSignature(Lcom/android/dx/cf/iface/AttributeList;)Lcom/android/dx/rop/annotation/Annotation; @ 8
Event: 30.988 Thread 0x00007f46641b0800 Uncommon trap: reason=null_check action=make_not_entrant pc=0x00007f4655c0881c method=com.android.dx.dex.cf.AttributeTranslator.getSignature(Lcom/android/dx/cf/iface/AttributeList;)Lcom/android/dx/rop/annotation/Annotation; @ 8
Event: 30.990 Thread 0x00007f46641aa000 Uncommon trap: reason=null_check action=make_not_entrant pc=0x00007f4655c0881c method=com.android.dx.dex.cf.AttributeTranslator.getSignature(Lcom/android/dx/cf/iface/AttributeList;)Lcom/android/dx/rop/annotation/Annotation; @ 8
Event: 30.990 Thread 0x00007f46641af800 Uncommon trap: reason=null_check action=make_not_entrant pc=0x00007f4655c0881c method=com.android.dx.dex.cf.AttributeTranslator.getSignature(Lcom/android/dx/cf/iface/AttributeList;)Lcom/android/dx/rop/annotation/Annotation; @ 8
Event: 31.611 Thread 0x00007f46641af800 Uncommon trap: reason=null_check action=make_not_entrant pc=0x00007f4655c1d59c method=com.android.dx.dex.file.FieldIdsSection.intern(Lcom/android/dx/rop/cst/CstFieldRef;)Lcom/android/dx/dex/file/FieldIdItem; @ 26
Event: 34.485 Thread 0x00007f46641b0800 Uncommon trap: reason=bimorphic action=maybe_recompile pc=0x00007f46552dea84 method=com.android.dx.ssa.NormalSsaInsn.accept(Lcom/android/dx/ssa/SsaInsn$Visitor;)V @ 9
Event: 34.486 Thread 0x00007f46641b0800 Uncommon trap: reason=bimorphic action=maybe_recompile pc=0x00007f46552dea84 method=com.android.dx.ssa.NormalSsaInsn.accept(Lcom/android/dx/ssa/SsaInsn$Visitor;)V @ 9
Event: 34.486 Thread 0x00007f46641b0800 Uncommon trap: reason=bimorphic action=maybe_recompile pc=0x00007f46552dea84 method=com.android.dx.ssa.NormalSsaInsn.accept(Lcom/android/dx/ssa/SsaInsn$Visitor;)V @ 9
Event: 34.487 Thread 0x00007f46641b0800 Uncommon trap: reason=bimorphic action=maybe_recompile pc=0x00007f46552dea84 method=com.android.dx.ssa.NormalSsaInsn.accept(Lcom/android/dx/ssa/SsaInsn$Visitor;)V @ 9

Classes redefined (0 events):
No events

Internal exceptions (10 events):
Event: 1.238 Thread 0x00007f46641ad800 Implicit null exception at 0x00007f46552cf58a to 0x00007f46552d1b41
Event: 1.567 Thread 0x00007f46641aa000 Exception <a 'java/lang/ArrayIndexOutOfBoundsException': 18> (0x000000076ca9fde0) thrown at [/usr/local/google/buildbot/src/googleplex-android/openjdk/out/hotspot/src/share/vm/interpreter/interpreterRuntime.cpp, line 368]
Event: 1.568 Thread 0x00007f46641aa000 Exception <a 'java/lang/ArrayIndexOutOfBoundsException': 145> (0x000000076caa1960) thrown at [/usr/local/google/buildbot/src/googleplex-android/openjdk/out/hotspot/src/share/vm/interpreter/interpreterRuntime.cpp, line 368]
Event: 1.569 Thread 0x00007f46641aa000 Exception <a 'java/lang/ArrayIndexOutOfBoundsException': 40> (0x000000076caa2c48) thrown at [/usr/local/google/buildbot/src/googleplex-android/openjdk/out/hotspot/src/share/vm/interpreter/interpreterRuntime.cpp, line 368]
Event: 20.924 Thread 0x00007f46641af800 Implicit null exception at 0x00007f4655959d1f to 0x00007f465595e3b1
Event: 20.925 Thread 0x00007f46641af800 Implicit null exception at 0x00007f46558bd162 to 0x00007f46558c0511
Event: 30.988 Thread 0x00007f46641ad800 Implicit null exception at 0x00007f4655c03d00 to 0x00007f4655c087b9
Event: 30.988 Thread 0x00007f46641b0800 Implicit null exception at 0x00007f4655c03d00 to 0x00007f4655c087b9
Event: 30.990 Thread 0x00007f46641aa000 Implicit null exception at 0x00007f4655c03d00 to 0x00007f4655c087b9
Event: 30.990 Thread 0x00007f46641af800 Implicit null exception at 0x00007f4655c03d00 to 0x00007f4655c087b9

Events (10 events):
Event: 34.520 Thread 0x00007f46641aa000 DEOPT UNPACKING pc=0x00007f46550474c4 sp=0x00007f464dd44f30 mode 0
Event: 34.581 Thread 0x00007f46641b0800 DEOPT PACKING pc=0x00007f46555c1584 sp=0x00007f464d941110
Event: 34.581 Thread 0x00007f46641b0800 DEOPT UNPACKING pc=0x00007f46550474c4 sp=0x00007f464d940e80 mode 0
Event: 34.704 Thread 0x00007f46641b0800 DEOPT PACKING pc=0x00007f46555c1584 sp=0x00007f464d941150
Event: 34.704 Thread 0x00007f46641b0800 DEOPT UNPACKING pc=0x00007f46550474c4 sp=0x00007f464d940ec0 mode 0
Event: 34.718 Thread 0x00007f46641ad800 DEOPT PACKING pc=0x00007f4655369234 sp=0x00007f464db43160
Event: 34.718 Thread 0x00007f46641ad800 DEOPT UNPACKING pc=0x00007f46550474c4 sp=0x00007f464db42ec8 mode 0
Event: 34.794 Thread 0x00007f46641b0800 DEOPT PACKING pc=0x00007f46555c1584 sp=0x00007f464d941150
Event: 34.794 Thread 0x00007f46641b0800 DEOPT UNPACKING pc=0x00007f46550474c4 sp=0x00007f464d940ec0 mode 0
Event: 34.870 Executing VM operation: ParallelGCFailedAllocation


Dynamic libraries:
00400000-00401000 r-xp 00000000 08:01 7352713                            /home/niroop/Documents/android-studio/jre/bin/java
00401000-00402000 rw-p 00000000 08:01 7352713                            /home/niroop/Documents/android-studio/jre/bin/java
01ab0000-01ad1000 rw-p 00000000 00:00 0                                  [heap]
6c0000000-6ed000000 rw-p 00000000 00:00 0 
700380000-76ab00000 ---p 00000000 00:00 0 
76ab00000-7a1700000 rw-p 00000000 00:00 0 
7a1700000-7c0000000 ---p 00000000 00:00 0 
7c0000000-7c00a0000 rw-p 00000000 00:00 0 
7c00a0000-800000000 ---p 00000000 00:00 0 
7f45f8000000-7f45f8050000 rw-p 00000000 00:00 0 
7f45f8050000-7f45fc000000 ---p 00000000 00:00 0 
7f4600000000-7f4600059000 rw-p 00000000 00:00 0 
7f4600059000-7f4604000000 ---p 00000000 00:00 0 
7f4604000000-7f4604035000 rw-p 00000000 00:00 0 
7f4604035000-7f4608000000 ---p 00000000 00:00 0 
7f4608000000-7f4608037000 rw-p 00000000 00:00 0 
7f4608037000-7f460c000000 ---p 00000000 00:00 0 
7f460c000000-7f460c021000 rw-p 00000000 00:00 0 
7f460c021000-7f4610000000 ---p 00000000 00:00 0 
7f4610000000-7f4610021000 rw-p 00000000 00:00 0 
7f4610021000-7f4614000000 ---p 00000000 00:00 0 
7f4614000000-7f4614021000 rw-p 00000000 00:00 0 
7f4614021000-7f4618000000 ---p 00000000 00:00 0 
7f4618000000-7f4619cdd000 rw-p 00000000 00:00 0 
7f4619cdd000-7f461c000000 ---p 00000000 00:00 0 
7f461c000000-7f461cc14000 rw-p 00000000 00:00 0 
7f461cc14000-7f4620000000 ---p 00000000 00:00 0 
7f4620000000-7f4620021000 rw-p 00000000 00:00 0 
7f4620021000-7f4624000000 ---p 00000000 00:00 0 
7f4624000000-7f46254cc000 rw-p 00000000 00:00 0 
7f46254cc000-7f4628000000 ---p 00000000 00:00 0 
7f4628000000-7f4628021000 rw-p 00000000 00:00 0 
7f4628021000-7f462c000000 ---p 00000000 00:00 0 
7f462c000000-7f462c021000 rw-p 00000000 00:00 0 
7f462c021000-7f4630000000 ---p 00000000 00:00 0 
7f4630000000-7f4638000000 rw-p 00000000 00:00 0 
7f4638000000-7f4638043000 rw-p 00000000 00:00 0 
7f4638043000-7f463c000000 ---p 00000000 00:00 0 
7f463c000000-7f463c2cc000 rw-p 00000000 00:00 0 
7f463c2cc000-7f4640000000 ---p 00000000 00:00 0 
7f4640000000-7f4640021000 rw-p 00000000 00:00 0 
7f4640021000-7f4644000000 ---p 00000000 00:00 0 
7f4648000000-7f4648021000 rw-p 00000000 00:00 0 
7f4648021000-7f464c000000 ---p 00000000 00:00 0 
7f464d842000-7f464d845000 ---p 00000000 00:00 0 
7f464d845000-7f464d943000 rw-p 00000000 00:00 0 
7f464d943000-7f464d946000 ---p 00000000 00:00 0 
7f464d946000-7f464da44000 rw-p 00000000 00:00 0 
7f464da44000-7f464da47000 ---p 00000000 00:00 0 
7f464da47000-7f464db45000 rw-p 00000000 00:00 0 
7f464db45000-7f464db48000 ---p 00000000 00:00 0 
7f464db48000-7f464dc46000 rw-p 00000000 00:00 0 
7f464dc46000-7f464dc49000 ---p 00000000 00:00 0 
7f464dc49000-7f464dd47000 rw-p 00000000 00:00 0 
7f464dd47000-7f464dd48000 ---p 00000000 00:00 0 
7f464dd48000-7f464de48000 rw-p 00000000 00:00 0 
7f464de48000-7f464de4b000 ---p 00000000 00:00 0 
7f464de4b000-7f464df49000 rw-p 00000000 00:00 0 
7f464df49000-7f464df4a000 ---p 00000000 00:00 0 
7f464df4a000-7f464df4d000 ---p 00000000 00:00 0 
7f464df4d000-7f464e04a000 rw-p 00000000 00:00 0 
7f464e04a000-7f464e04b000 ---p 00000000 00:00 0 
7f464e04b000-7f464e04e000 ---p 00000000 00:00 0 
7f464e04e000-7f464e14b000 rw-p 00000000 00:00 0 
7f464e14b000-7f464e14c000 ---p 00000000 00:00 0 
7f464e14c000-7f464e14f000 ---p 00000000 00:00 0 
7f464e14f000-7f464e24c000 rw-p 00000000 00:00 0 
7f464e24c000-7f464e24f000 ---p 00000000 00:00 0 
7f464e24f000-7f464e34d000 rw-p 00000000 00:00 0 
7f464e34d000-7f464ed1c000 r--p 00000000 08:01 6036074                    /usr/lib/locale/locale-archive
7f464ed1c000-7f464ed1f000 ---p 00000000 00:00 0 
7f464ed1f000-7f464ee1d000 rw-p 00000000 00:00 0 
7f464ee1d000-7f464ee20000 ---p 00000000 00:00 0 
7f464ee20000-7f464ef1e000 rw-p 00000000 00:00 0 
7f464ef1e000-7f464ef1f000 ---p 00000000 00:00 0 
7f464ef1f000-7f4650000000 rw-p 00000000 00:00 0 
7f4650000000-7f4650021000 rw-p 00000000 00:00 0 
7f4650021000-7f4654000000 ---p 00000000 00:00 0 
7f4654000000-7f46546c0000 rw-p 00000000 00:00 0 
7f46546c0000-7f4654800000 ---p 00000000 00:00 0 
7f4654800000-7f4655000000 rw-p 00000000 00:00 0 
7f4655000000-7f4655c50000 rwxp 00000000 00:00 0 
7f4655c50000-7f4664000000 ---p 00000000 00:00 0 
7f4664000000-7f466443a000 rw-p 00000000 00:00 0 
7f466443a000-7f4668000000 ---p 00000000 00:00 0 
7f466800c000-7f466801b000 r--s 000e4000 08:01 11851761                   /home/niroop/Android/Sdk/build-tools/26.0.0/lib/dx.jar
7f466801b000-7f466803c000 rw-p 00000000 00:00 0 
7f466803c000-7f466820e000 r--s 03cad000 08:01 7352843                    /home/niroop/Documents/android-studio/jre/jre/lib/rt.jar
7f466820e000-7f46682df000 rw-p 00000000 00:00 0 
7f46682df000-7f46682e0000 ---p 00000000 00:00 0 
7f46682e0000-7f46683e0000 rw-p 00000000 00:00 0 
7f46683e0000-7f46683e1000 ---p 00000000 00:00 0 
7f46683e1000-7f46684e1000 rw-p 00000000 00:00 0 
7f46684e1000-7f46684e2000 ---p 00000000 00:00 0 
7f46684e2000-7f46685e2000 rw-p 00000000 00:00 0 
7f46685e2000-7f46685e3000 ---p 00000000 00:00 0 
7f46685e3000-7f466884b000 rw-p 00000000 00:00 0 
7f466884b000-7f4668c39000 ---p 00000000 00:00 0 
7f4668c39000-7f4668da1000 rw-p 00000000 00:00 0 
7f4668da1000-7f466918e000 ---p 00000000 00:00 0 
7f466918e000-7f4669345000 rw-p 00000000 00:00 0 
7f4669345000-7f4669439000 ---p 00000000 00:00 0 
7f4669439000-7f466946c000 rw-p 00000000 00:00 0 
7f466946c000-7f46697fa000 ---p 00000000 00:00 0 
7f46697fa000-7f4669805000 r-xp 00000000 08:01 1840165                    /lib/x86_64-linux-gnu/libnss_files-2.27.so
7f4669805000-7f4669a04000 ---p 0000b000 08:01 1840165                    /lib/x86_64-linux-gnu/libnss_files-2.27.so
7f4669a04000-7f4669a05000 r--p 0000a000 08:01 1840165                    /lib/x86_64-linux-gnu/libnss_files-2.27.so
7f4669a05000-7f4669a06000 rw-p 0000b000 08:01 1840165                    /lib/x86_64-linux-gnu/libnss_files-2.27.so
7f4669a06000-7f4669a0c000 rw-p 00000000 00:00 0 
7f4669a0c000-7f4669a23000 r-xp 00000000 08:01 1840159                    /lib/x86_64-linux-gnu/libnsl-2.27.so
7f4669a23000-7f4669c22000 ---p 00017000 08:01 1840159                    /lib/x86_64-linux-gnu/libnsl-2.27.so
7f4669c22000-7f4669c23000 r--p 00016000 08:01 1840159                    /lib/x86_64-linux-gnu/libnsl-2.27.so
7f4669c23000-7f4669c24000 rw-p 00017000 08:01 1840159                    /lib/x86_64-linux-gnu/libnsl-2.27.so
7f4669c24000-7f4669c26000 rw-p 00000000 00:00 0 
7f4669c26000-7f4669c31000 r-xp 00000000 08:01 1840176                    /lib/x86_64-linux-gnu/libnss_nis-2.27.so
7f4669c31000-7f4669e30000 ---p 0000b000 08:01 1840176                    /lib/x86_64-linux-gnu/libnss_nis-2.27.so
7f4669e30000-7f4669e31000 r--p 0000a000 08:01 1840176                    /lib/x86_64-linux-gnu/libnss_nis-2.27.so
7f4669e31000-7f4669e32000 rw-p 0000b000 08:01 1840176                    /lib/x86_64-linux-gnu/libnss_nis-2.27.so
7f4669e32000-7f4669e3a000 r-xp 00000000 08:01 1840161                    /lib/x86_64-linux-gnu/libnss_compat-2.27.so
7f4669e3a000-7f466a03a000 ---p 00008000 08:01 1840161                    /lib/x86_64-linux-gnu/libnss_compat-2.27.so
7f466a03a000-7f466a03b000 r--p 00008000 08:01 1840161                    /lib/x86_64-linux-gnu/libnss_compat-2.27.so
7f466a03b000-7f466a03c000 rw-p 00009000 08:01 1840161                    /lib/x86_64-linux-gnu/libnss_compat-2.27.so
7f466a03c000-7f466a043000 r-xp 00000000 08:01 1840216                    /lib/x86_64-linux-gnu/librt-2.27.so
7f466a043000-7f466a242000 ---p 00007000 08:01 1840216                    /lib/x86_64-linux-gnu/librt-2.27.so
7f466a242000-7f466a243000 r--p 00006000 08:01 1840216                    /lib/x86_64-linux-gnu/librt-2.27.so
7f466a243000-7f466a244000 rw-p 00007000 08:01 1840216                    /lib/x86_64-linux-gnu/librt-2.27.so
7f466a244000-7f466a3e1000 r-xp 00000000 08:01 1840138                    /lib/x86_64-linux-gnu/libm-2.27.so
7f466a3e1000-7f466a5e0000 ---p 0019d000 08:01 1840138                    /lib/x86_64-linux-gnu/libm-2.27.so
7f466a5e0000-7f466a5e1000 r--p 0019c000 08:01 1840138                    /lib/x86_64-linux-gnu/libm-2.27.so
7f466a5e1000-7f466a5e2000 rw-p 0019d000 08:01 1840138                    /lib/x86_64-linux-gnu/libm-2.27.so
7f466a5e2000-7f466b208000 r-xp 00000000 08:01 7352820                    /home/niroop/Documents/android-studio/jre/jre/lib/amd64/server/libjvm.so
7f466b208000-7f466b2d8000 rw-p 00c26000 08:01 7352820                    /home/niroop/Documents/android-studio/jre/jre/lib/amd64/server/libjvm.so
7f466b2d8000-7f466b31c000 rw-p 00000000 00:00 0 
7f466b31c000-7f466b503000 r-xp 00000000 08:01 1840075                    /lib/x86_64-linux-gnu/libc-2.27.so
7f466b503000-7f466b703000 ---p 001e7000 08:01 1840075                    /lib/x86_64-linux-gnu/libc-2.27.so
7f466b703000-7f466b707000 r--p 001e7000 08:01 1840075                    /lib/x86_64-linux-gnu/libc-2.27.so
7f466b707000-7f466b709000 rw-p 001eb000 08:01 1840075                    /lib/x86_64-linux-gnu/libc-2.27.so
7f466b709000-7f466b70d000 rw-p 00000000 00:00 0 
7f466b70d000-7f466b710000 r-xp 00000000 08:01 1840098                    /lib/x86_64-linux-gnu/libdl-2.27.so
7f466b710000-7f466b90f000 ---p 00003000 08:01 1840098                    /lib/x86_64-linux-gnu/libdl-2.27.so
7f466b90f000-7f466b910000 r--p 00002000 08:01 1840098                    /lib/x86_64-linux-gnu/libdl-2.27.so
7f466b910000-7f466b911000 rw-p 00003000 08:01 1840098                    /lib/x86_64-linux-gnu/libdl-2.27.so
7f466b911000-7f466b92b000 r-xp 00000000 08:01 1840208                    /lib/x86_64-linux-gnu/libpthread-2.27.so
7f466b92b000-7f466bb2a000 ---p 0001a000 08:01 1840208                    /lib/x86_64-linux-gnu/libpthread-2.27.so
7f466bb2a000-7f466bb2b000 r--p 00019000 08:01 1840208                    /lib/x86_64-linux-gnu/libpthread-2.27.so
7f466bb2b000-7f466bb2c000 rw-p 0001a000 08:01 1840208                    /lib/x86_64-linux-gnu/libpthread-2.27.so
7f466bb2c000-7f466bb30000 rw-p 00000000 00:00 0 
7f466bb30000-7f466bb57000 r-xp 00000000 08:01 1840047                    /lib/x86_64-linux-gnu/ld-2.27.so
7f466bb5e000-7f466bbd6000 rw-p 00000000 00:00 0 
7f466bbd6000-7f466bbf1000 r-xp 00000000 08:01 7352802                    /home/niroop/Documents/android-studio/jre/jre/lib/amd64/libzip.so
7f466bbf1000-7f466bbf2000 rw-p 0001a000 08:01 7352802                    /home/niroop/Documents/android-studio/jre/jre/lib/amd64/libzip.so
7f466bbf2000-7f466bc1c000 r-xp 00000000 08:01 7352810                    /home/niroop/Documents/android-studio/jre/jre/lib/amd64/libjava.so
7f466bc1c000-7f466bc1e000 rw-p 0002a000 08:01 7352810                    /home/niroop/Documents/android-studio/jre/jre/lib/amd64/libjava.so
7f466bc1e000-7f466bc1f000 ---p 00000000 00:00 0 
7f466bc1f000-7f466bc22000 ---p 00000000 00:00 0 
7f466bc22000-7f466bd21000 rw-p 00000000 00:00 0 
7f466bd21000-7f466bd37000 r-xp 00000000 08:01 7352701                    /home/niroop/Documents/android-studio/jre/lib/amd64/jli/libjli.so
7f466bd37000-7f466bd38000 rw-p 00015000 08:01 7352701                    /home/niroop/Documents/android-studio/jre/lib/amd64/jli/libjli.so
7f466bd38000-7f466bd3a000 rw-p 00000000 00:00 0 
7f466bd3e000-7f466bd46000 rw-s 00000000 08:01 12583644                   /tmp/hsperfdata_niroop/15545
7f466bd46000-7f466bd47000 rw-p 00000000 00:00 0 
7f466bd47000-7f466bd48000 ---p 00000000 00:00 0 
7f466bd48000-7f466bd55000 r-xp 00000000 08:01 7352798                    /home/niroop/Documents/android-studio/jre/jre/lib/amd64/libverify.so
7f466bd55000-7f466bd57000 rw-p 0000c000 08:01 7352798                    /home/niroop/Documents/android-studio/jre/jre/lib/amd64/libverify.so
7f466bd57000-7f466bd58000 r--p 00027000 08:01 1840047                    /lib/x86_64-linux-gnu/ld-2.27.so
7f466bd58000-7f466bd59000 rw-p 00028000 08:01 1840047                    /lib/x86_64-linux-gnu/ld-2.27.so
7f466bd59000-7f466bd5a000 rw-p 00000000 00:00 0 
7ffe631d0000-7ffe631f2000 rw-p 00000000 00:00 0                          [stack]
7ffe631f9000-7ffe631fc000 r--p 00000000 00:00 0                          [vvar]
7ffe631fc000-7ffe631fd000 r-xp 00000000 00:00 0                          [vdso]
ffffffffff600000-ffffffffff601000 r-xp 00000000 00:00 0                  [vsyscall]

VM Arguments:
jvm_args: -Djava.awt.headless=true -Xmx4g -Dfile.encoding=UTF-8 -Duser.country=IN -Duser.language=en -Duser.variant 
java_command: com.android.dx.command.Main --dex --num-threads=4 --multi-dex --output /media/niroop/External HDD/AndroidStudioProjects/User App/app/build/intermediates/transforms/dex/debug/folders/1000/1f/main /home/niroop/.gradle/caches/modules-2/files-2.1/com.twitter/twitter-text/1.13.0/78415b95ae3184c5926d593feab64bfc0b73b2dd/twitter-text-1.13.0.jar /home/niroop/.android/build-cache/344e0ae5b96a066c340cbb65de62b9926cdefc58/output/jars/classes.jar /home/niroop/.android/build-cache/708519143cb1ca08075ced6ae13de74ca64bf15f/output/jars/classes.jar /home/niroop/.gradle/caches/modules-2/files-2.1/com.squareup.okhttp3/okhttp-ws/3.0.1/bd9b51a0188fc8f14bf840a0d326755545206116/okhttp-ws-3.0.1.jar /home/niroop/.android/build-cache/9b622f381cb7bb5838d987a04cc0137936991cc2/output/jars/classes.jar /home/niroop/.android/build-cache/5b51a3324933b67d5359e9286d32d4d1e7e614f2/output/jars/classes.jar /home/niroop/.android/build-cache/12d56c18a42d1f05b9ac1647b156441e2a4dbff5/output/jars/classes.jar /home/niroop/.android/build-cache/0add6791efe6dec7f33222700afd520c9a82813b/output/jars/classes.jar /media/niroop/External HDD/AndroidStudioProjects/User App/stripe/build/intermediates/bundles/default/classes.jar /home/niroop/.android/build-cache/26d5ae123ee9172a01bd32d1a79379bec37b7d2d/output/jars/classes.jar /home/niroop/.gradle/caches/modules-2/files-2.1/com.google.code.gson/gson/2.3/5fc52c41ef0239d1093a1eb7c3697036183677ce/gson-2.3.jar /home/niroop/.gradle/caches/modules-2/files-2.1/cz.msebera.android/httpclient/4.4.1.1/c8d96f6fd2bcc179c312da33ee670a71188cc60d/httpclient-4.4.1.1.jar /home/niroop/.android/build-cache/66327af80aa184671fc17553104e2db35ef7a9b3/output/jars/classes.jar /home/niroop/.android/build-cache/b257c5c0db47bbccb6143d3aada52dde313d9b0e/output/jars/classes.jar /home/niroop/.android/build-cache/3bccaacd42e5be60ac7fed01bcd491f7523ce2f1/output/jars/classes.jar /home/niroop/.android/build-cache/64700c7b9fdf25534d3d17e45870aa364dcf0d2b/output/jars/classes.jar /home/niroop/.
java_class_path (initial): /home/niroop/Android/Sdk/build-tools/26.0.0/lib/dx.jar
Launcher Type: SUN_STANDARD

Environment Variables:
PATH=/usr/local/sbin:/usr/local/bin:/usr/sbin:/usr/bin:/sbin:/bin:/usr/games:/usr/local/games:/snap/bin:/usr/lib/dart/bin
USERNAME=niroop
SHELL=/bin/bash
DISPLAY=:0

Signal Handlers:
SIGSEGV: [libjvm.so+0xa09650], sa_mask[0]=11111111011111111101111111111110, sa_flags=SA_RESTART|SA_SIGINFO
SIGBUS: [libjvm.so+0xa09650], sa_mask[0]=11111111011111111101111111111110, sa_flags=SA_RESTART|SA_SIGINFO
SIGFPE: [libjvm.so+0x86bc60], sa_mask[0]=11111111011111111101111111111110, sa_flags=SA_RESTART|SA_SIGINFO
SIGPIPE: [libjvm.so+0x86bc60], sa_mask[0]=11111111011111111101111111111110, sa_flags=SA_RESTART|SA_SIGINFO
SIGXFSZ: [libjvm.so+0x86bc60], sa_mask[0]=11111111011111111101111111111110, sa_flags=SA_RESTART|SA_SIGINFO
SIGILL: [libjvm.so+0x86bc60], sa_mask[0]=11111111011111111101111111111110, sa_flags=SA_RESTART|SA_SIGINFO
SIGUSR1: SIG_DFL, sa_mask[0]=00000000000000000000000000000000, sa_flags=none
SIGUSR2: [libjvm.so+0x86bb30], sa_mask[0]=00100000000000000000000000000000, sa_flags=SA_RESTART|SA_SIGINFO
SIGHUP: [libjvm.so+0x86bd20], sa_mask[0]=11111111011111111101111111111110, sa_flags=SA_RESTART|SA_SIGINFO
SIGINT: [libjvm.so+0x86bd20], sa_mask[0]=11111111011111111101111111111110, sa_flags=SA_RESTART|SA_SIGINFO
SIGTERM: [libjvm.so+0x86bd20], sa_mask[0]=11111111011111111101111111111110, sa_flags=SA_RESTART|SA_SIGINFO
SIGQUIT: [libjvm.so+0x86bd20], sa_mask[0]=11111111011111111101111111111110, sa_flags=SA_RESTART|SA_SIGINFO


---------------  S Y S T E M  ---------------

OS:DISTRIB_ID=Ubuntu
DISTRIB_RELEASE=18.04
DISTRIB_CODENAME=bionic
DISTRIB_DESCRIPTION="Ubuntu 18.04.3 LTS"

uname:Linux 5.0.0-37-generic #40~18.04.1-Ubuntu SMP Thu Nov 14 12:06:39 UTC 2019 x86_64
libc:glibc 2.27 NPTL 2.27 
rlimit: STACK 8192k, CORE 0k, NPROC 23162, NOFILE 1048576, AS infinity
load average:4.64 4.04 3.42

/proc/meminfo:
MemTotal:        5979864 kB
MemFree:          117248 kB
MemAvailable:      77732 kB
Buffers:           12868 kB
Cached:           185180 kB
SwapCached:        37632 kB
Active:          4769920 kB
Inactive:         738192 kB
Active(anon):    4727968 kB
Inactive(anon):   675436 kB
Active(file):      41952 kB
Inactive(file):    62756 kB
Unevictable:        1672 kB
Mlocked:              48 kB
SwapTotal:       2097148 kB
SwapFree:           5540 kB
Dirty:              2368 kB
Writeback:             0 kB
AnonPages:       5275196 kB
Mapped:            72680 kB
Shmem:             93260 kB
KReclaimable:      77792 kB
Slab:             147412 kB
SReclaimable:      77792 kB
SUnreclaim:        69620 kB
KernelStack:       18688 kB
PageTables:        83912 kB
NFS_Unstable:          0 kB
Bounce:                0 kB
WritebackTmp:          0 kB
CommitLimit:     5087080 kB
Committed_AS:   15694576 kB
VmallocTotal:   34359738367 kB
VmallocUsed:           0 kB
VmallocChunk:          0 kB
Percpu:             2528 kB
HardwareCorrupted:     0 kB
AnonHugePages:         0 kB
ShmemHugePages:        0 kB
ShmemPmdMapped:        0 kB
CmaTotal:              0 kB
CmaFree:               0 kB
HugePages_Total:       0
HugePages_Free:        0
HugePages_Rsvd:        0
HugePages_Surp:        0
Hugepagesize:       2048 kB
Hugetlb:               0 kB
DirectMap4k:      266520 kB
DirectMap2M:     5904384 kB

container (cgroup) information:
container_type: cgroupv1
cpu_cpuset_cpus: 0-3
cpu_memory_nodes: 0
active_processor_count: 4
cpu_quota: -1
cpu_period: 100000
cpu_shares: -1
memory_limit_in_bytes: -1
memory_and_swap_limit_in_bytes: -2
memory_soft_limit_in_bytes: -1
memory_usage_in_bytes: 5641482240
memory_max_usage_in_bytes: 51822592


CPU:total 4 (initial active 4) (2 cores per cpu, 2 threads per core) family 6 model 58 stepping 9, cmov, cx8, fxsr, mmx, sse, sse2, sse3, ssse3, sse4.1, sse4.2, popcnt, avx, aes, clmul, erms, ht, tsc, tscinvbit, tscinv

/proc/cpuinfo:
processor	: 0
vendor_id	: GenuineIntel
cpu family	: 6
model		: 58
model name	: Intel(R) Core(TM) i5-3337U CPU @ 1.80GHz
stepping	: 9
microcode	: 0x21
cpu MHz		: 883.517
cache size	: 3072 KB
physical id	: 0
siblings	: 4
core id		: 0
cpu cores	: 2
apicid		: 0
initial apicid	: 0
fpu		: yes
fpu_exception	: yes
cpuid level	: 13
wp		: yes
flags		: fpu vme de pse tsc msr pae mce cx8 apic sep mtrr pge mca cmov pat pse36 clflush dts acpi mmx fxsr sse sse2 ss ht tm pbe syscall nx rdtscp lm constant_tsc arch_perfmon pebs bts rep_good nopl xtopology nonstop_tsc cpuid aperfmperf pni pclmulqdq dtes64 monitor ds_cpl vmx est tm2 ssse3 cx16 xtpr pdcm pcid sse4_1 sse4_2 x2apic popcnt tsc_deadline_timer aes xsave avx f16c rdrand lahf_lm cpuid_fault epb pti ssbd ibrs ibpb stibp tpr_shadow vnmi flexpriority ept vpid fsgsbase smep erms xsaveopt dtherm ida arat pln pts md_clear flush_l1d
bugs		: cpu_meltdown spectre_v1 spectre_v2 spec_store_bypass l1tf mds swapgs itlb_multihit
bogomips	: 3591.77
clflush size	: 64
cache_alignment	: 64
address sizes	: 36 bits physical, 48 bits virtual
power management:

processor	: 1
vendor_id	: GenuineIntel
cpu family	: 6
model		: 58
model name	: Intel(R) Core(TM) i5-3337U CPU @ 1.80GHz
stepping	: 9
microcode	: 0x21
cpu MHz		: 1008.697
cache size	: 3072 KB
physical id	: 0
siblings	: 4
core id		: 0
cpu cores	: 2
apicid		: 1
initial apicid	: 1
fpu		: yes
fpu_exception	: yes
cpuid level	: 13
wp		: yes
flags		: fpu vme de pse tsc msr pae mce cx8 apic sep mtrr pge mca cmov pat pse36 clflush dts acpi mmx fxsr sse sse2 ss ht tm pbe syscall nx rdtscp lm constant_tsc arch_perfmon pebs bts rep_good nopl xtopology nonstop_tsc cpuid aperfmperf pni pclmulqdq dtes64 monitor ds_cpl vmx est tm2 ssse3 cx16 xtpr pdcm pcid sse4_1 sse4_2 x2apic popcnt tsc_deadline_timer aes xsave avx f16c rdrand lahf_lm cpuid_fault epb pti ssbd ibrs ibpb stibp tpr_shadow vnmi flexpriority ept vpid fsgsbase smep erms xsaveopt dtherm ida arat pln pts md_clear flush_l1d
bugs		: cpu_meltdown spectre_v1 spectre_v2 spec_store_bypass l1tf mds swapgs itlb_multihit
bogomips	: 3591.77
clflush size	: 64
cache_alignment	: 64
address sizes	: 36 bits physical, 48 bits virtual
power management:

processor	: 2
vendor_id	: GenuineIntel
cpu family	: 6
model		: 58
model name	: Intel(R) Core(TM) i5-3337U CPU @ 1.80GHz
stepping	: 9
microcode	: 0x21
cpu MHz		: 971.878
cache size	: 3072 KB
physical id	: 0
siblings	: 4
core id		: 1
cpu cores	: 2
apicid		: 2
initial apicid	: 2
fpu		: yes
fpu_exception	: yes
cpuid level	: 13
wp		: yes
flags		: fpu vme de pse tsc msr pae mce cx8 apic sep mtrr pge mca cmov pat pse36 clflush dts acpi mmx fxsr sse sse2 ss ht tm pbe syscall nx rdtscp lm constant_tsc arch_perfmon pebs bts rep_good nopl xtopology nonstop_tsc cpuid aperfmperf pni pclmulqdq dtes64 monitor ds_cpl vmx est tm2 ssse3 cx16 xtpr pdcm pcid sse4_1 sse4_2 x2apic popcnt tsc_deadline_timer aes xsave avx f16c rdrand lahf_lm cpuid_fault epb pti ssbd ibrs ibpb stibp tpr_shadow vnmi flexpriority ept vpid fsgsbase smep erms xsaveopt dtherm ida arat pln pts md_clear flush_l1d
bugs		: cpu_meltdown spectre_v1 spectre_v2 spec_store_bypass l1tf mds swapgs itlb_multihit
bogomips	: 3591.77
clflush size	: 64
cache_alignment	: 64
address sizes	: 36 bits physical, 48 bits virtual
power management:

processor	: 3
vendor_id	: GenuineIntel
cpu family	: 6
model		: 58
model name	: Intel(R) Core(TM) i5-3337U CPU @ 1.80GHz
stepping	: 9
microcode	: 0x21
cpu MHz		: 958.569
cache size	: 3072 KB
physical id	: 0
siblings	: 4
core id		: 1
cpu cores	: 2
apicid		: 3
initial apicid	: 3
fpu		: yes
fpu_exception	: yes
cpuid level	: 13
wp		: yes
flags		: fpu vme de pse tsc msr pae mce cx8 apic sep mtrr pge mca cmov pat pse36 clflush dts acpi mmx fxsr sse sse2 ss ht tm pbe syscall nx rdtscp lm constant_tsc arch_perfmon pebs bts rep_good nopl xtopology nonstop_tsc cpuid aperfmperf pni pclmulqdq dtes64 monitor ds_cpl vmx est tm2 ssse3 cx16 xtpr pdcm pcid sse4_1 sse4_2 x2apic popcnt tsc_deadline_timer aes xsave avx f16c rdrand lahf_lm cpuid_fault epb pti ssbd ibrs ibpb stibp tpr_shadow vnmi flexpriority ept vpid fsgsbase smep erms xsaveopt dtherm ida arat pln pts md_clear flush_l1d
bugs		: cpu_meltdown spectre_v1 spectre_v2 spec_store_bypass l1tf mds swapgs itlb_multihit
bogomips	: 3591.77
clflush size	: 64
cache_alignment	: 64
address sizes	: 36 bits physical, 48 bits virtual
power management:



Memory: 4k page, physical 5979864k(117776k free), swap 2097148k(5624k free)

vm_info: OpenJDK 64-Bit Server VM (25.202-b49-5587405) for linux-amd64 JRE (1.8.0_202-release-1483-b49-5587405), built by "android-build" with gcc 4.8

time: Fri Mar 13 17:46:01 2020
timezone: IST
elapsed time: 43 seconds (0d 0h 0m 43s)

