#
# There is insufficient memory for the Java Runtime Environment to continue.
# Native memory allocation (mmap) failed to map 266862592 bytes for committing reserved memory.
# Possible reasons:
#   The system is out of physical RAM or swap space
#   The process is running with CompressedOops enabled, and the Java Heap may be blocking the growth of the native heap
# Possible solutions:
#   Reduce memory load on the system
#   Increase physical memory or swap space
#   Check if swap backing store is full
#   Decrease Java heap size (-Xmx/-Xms)
#   Decrease number of Java threads
#   Decrease Java thread stack sizes (-Xss)
#   Set larger code cache with -XX:ReservedCodeCacheSize=
#   JVM is running with Zero Based Compressed Oops mode in which the Java heap is
#     placed in the first 32GB address space. The Java Heap base address is the
#     maximum limit for the native heap growth. Please use -XX:HeapBaseMinAddress
#     to set the Java Heap base and to place the Java Heap above 32GB virtual address.
# This output file may be truncated or incomplete.
#
#  Out of Memory Error (os_linux.cpp:2753), pid=7784, tid=0x00007f6fb7afa700
#
# JRE version: OpenJDK Runtime Environment (8.0_202) (build 1.8.0_202-release-1483-b49-5587405)
# Java VM: OpenJDK 64-Bit Server VM (25.202-b49-5587405 mixed mode linux-amd64 compressed oops)
# Failed to write core dump. Core dumps have been disabled. To enable core dumping, try "ulimit -c unlimited" before starting Java again
#

---------------  T H R E A D  ---------------

Current thread (0x00007f6fdc07c800):  VMThread [stack: 0x00007f6fb79fb000,0x00007f6fb7afb000] [id=7795]

Stack: [0x00007f6fb79fb000,0x00007f6fb7afb000],  sp=0x00007f6fb7af9530,  free space=1017k
Native frames: (J=compiled Java code, j=interpreted, Vv=VM code, C=native code)
V  [libjvm.so+0xa08b78]  VMError::report_and_die()+0x148
V  [libjvm.so+0x4d412a]  report_vm_out_of_memory(char const*, int, unsigned long, VMErrorType, char const*)+0x8a
V  [libjvm.so+0x870478]  os::pd_commit_memory(char*, unsigned long, unsigned long, bool)+0xd8
V  [libjvm.so+0x867f9f]  os::commit_memory(char*, unsigned long, unsigned long, bool)+0x1f
V  [libjvm.so+0x8e14eb]  PSVirtualSpace::expand_by(unsigned long)+0x5b
V  [libjvm.so+0x8d234b]  PSOldGen::expand_by(unsigned long) [clone .part.109]+0x1b
V  [libjvm.so+0x8d250b]  PSOldGen::expand(unsigned long) [clone .part.111]+0xdb
V  [libjvm.so+0x8d2de8]  PSOldGen::resize(unsigned long)+0x188
V  [libjvm.so+0x8d83cc]  PSParallelCompact::invoke_no_policy(bool)+0x94c
V  [libjvm.so+0x8df48d]  PSScavenge::invoke()+0x17d
V  [libjvm.so+0x893763]  ParallelScavengeHeap::failed_mem_allocate(unsigned long)+0x63
V  [libjvm.so+0xa0a644]  VM_ParallelGCFailedAllocation::doit()+0x84
V  [libjvm.so+0xa0ea17]  VM_Operation::evaluate()+0x47
V  [libjvm.so+0xa0d498]  VMThread::evaluate_operation(VM_Operation*)+0x218
V  [libjvm.so+0xa0d8d1]  VMThread::loop()+0x1f1
V  [libjvm.so+0xa0dd02]  VMThread::run()+0x72
V  [libjvm.so+0x86d652]  java_start(Thread*)+0xf2

VM_Operation (0x00007f6fb641cfd0): ParallelGCFailedAllocation, mode: safepoint, requested by thread 0x00007f6fdc14a800


---------------  P R O C E S S  ---------------

Java Threads: ( => current thread )
  0x00007f6fdc14a800 JavaThread "pool-2-thread-4" [_thread_blocked, id=7808, stack(0x00007f6fb631e000,0x00007f6fb641f000)]
  0x00007f6fdc149000 JavaThread "pool-2-thread-3" [_thread_blocked, id=7807, stack(0x00007f6fb641f000,0x00007f6fb6520000)]
  0x00007f6fdc146800 JavaThread "pool-2-thread-2" [_thread_blocked, id=7806, stack(0x00007f6fb6520000,0x00007f6fb6621000)]
  0x00007f6fdc13f800 JavaThread "pool-3-thread-1" [_thread_blocked, id=7805, stack(0x00007f6fb6621000,0x00007f6fb6722000)]
  0x00007f6fdc13e000 JavaThread "pool-2-thread-1" [_thread_blocked, id=7804, stack(0x00007f6fb6722000,0x00007f6fb6823000)]
  0x00007f6fdc0c4800 JavaThread "Service Thread" daemon [_thread_blocked, id=7802, stack(0x00007f6fb6924000,0x00007f6fb6a25000)]
  0x00007f6fdc0c1800 JavaThread "C1 CompilerThread2" daemon [_thread_blocked, id=7801, stack(0x00007f6fb6a26000,0x00007f6fb6b26000)]
  0x00007f6fdc0bf800 JavaThread "C2 CompilerThread1" daemon [_thread_blocked, id=7800, stack(0x00007f6fb6b27000,0x00007f6fb6c27000)]
  0x00007f6fdc0bc800 JavaThread "C2 CompilerThread0" daemon [_thread_blocked, id=7799, stack(0x00007f6fb6c28000,0x00007f6fb6d28000)]
  0x00007f6fdc0b8800 JavaThread "Signal Dispatcher" daemon [_thread_blocked, id=7798, stack(0x00007f6fb6d28000,0x00007f6fb6e29000)]
  0x00007f6fdc088800 JavaThread "Finalizer" daemon [_thread_blocked, id=7797, stack(0x00007f6fb77f8000,0x00007f6fb78f9000)]
  0x00007f6fdc086000 JavaThread "Reference Handler" daemon [_thread_blocked, id=7796, stack(0x00007f6fb78f9000,0x00007f6fb79fa000)]
  0x00007f6fdc00e800 JavaThread "main" [_thread_blocked, id=7788, stack(0x00007f6fe47f7000,0x00007f6fe48f7000)]

Other Threads:
=>0x00007f6fdc07c800 VMThread [stack: 0x00007f6fb79fb000,0x00007f6fb7afb000] [id=7795]
  0x00007f6fdc0c7000 WatcherThread [stack: 0x00007f6fb6824000,0x00007f6fb6924000] [id=7803]

VM state:at safepoint (normal execution)

VM Mutex/Monitor currently owned by a thread:  ([mutex/lock_event])
[0x00007f6fdc00a920] ExpandHeap_lock - owner thread: 0x00007f6fdc07c800
[0x00007f6fdc00afa0] Threads_lock - owner thread: 0x00007f6fdc07c800
[0x00007f6fdc00b4a0] Heap_lock - owner thread: 0x00007f6fdc14a800

heap address: 0x00000006c0000000, size: 4096 MB, Compressed Oops mode: Zero based, Oop shift amount: 3
Narrow klass base: 0x0000000000000000, Narrow klass shift: 3
Compressed class space size: 1073741824 Address: 0x00000007c0000000

Heap:
 PSYoungGen      total 747520K, used 0K [0x000000076ab00000, 0x00000007a2900000, 0x00000007c0000000)
  eden space 599552K, 0% used [0x000000076ab00000,0x000000076ab00000,0x000000078f480000)
  from space 147968K, 0% used [0x0000000798080000,0x0000000798080000,0x00000007a1100000)
  to   space 143360K, 0% used [0x000000078f480000,0x000000078f480000,0x0000000798080000)
 ParOldGen       total 752640K, used 748634K [0x00000006c0000000, 0x00000006edf00000, 0x000000076ab00000)
  object space 752640K, 99% used [0x00000006c0000000,0x00000006edb16bd8,0x00000006edf00000)
 Metaspace       used 6605K, capacity 7344K, committed 7552K, reserved 1056768K
  class space    used 599K, capacity 616K, committed 640K, reserved 1048576K

Card table byte_map: [0x00007f6fe180f000,0x00007f6fe2010000] byte_map_base: 0x00007f6fde20f000

Marking Bits: (ParMarkBitMap*) 0x00007f6fe3ec3920
 Begin Bits: [0x00007f6fc5000000, 0x00007f6fc9000000)
 End Bits:   [0x00007f6fc9000000, 0x00007f6fcd000000)

Polling page: 0x00007f6fe491d000

CodeCache: size=245760Kb used=11946Kb max_used=11992Kb free=233813Kb
 bounds [0x00007f6fcd000000, 0x00007f6fcdbf0000, 0x00007f6fdc000000]
 total_blobs=2736 nmethods=2463 adapters=187
 compilation: enabled

Compilation events (10 events):
Event: 36.352 Thread 0x00007f6fdc0bc800 nmethod 3112 0x00007f6fcdb135d0 code [0x00007f6fcdb139a0, 0x00007f6fcdb14900]
Event: 36.352 Thread 0x00007f6fdc0bc800 3116   !   4       com.android.dx.cf.direct.MemberListParser::parse (641 bytes)
Event: 36.596 Thread 0x00007f6fdc0c1800 3130       2       com.android.dx.dex.file.ClassDefItem::addFieldAnnotations (11 bytes)
Event: 36.596 Thread 0x00007f6fdc0c1800 nmethod 3130 0x00007f6fcdb13210 code [0x00007f6fcdb13380, 0x00007f6fcdb13508]
Event: 36.601 Thread 0x00007f6fdc0bc800 nmethod 3116 0x00007f6fcdb34110 code [0x00007f6fcdb34580, 0x00007f6fcdb385d0]
Event: 36.601 Thread 0x00007f6fdc0bc800 3117       4       com.android.dx.ssa.back.FirstFitLocalCombiningAllocator::handlePhiInsns (36 bytes)
Event: 36.607 Thread 0x00007f6fdc0bc800 nmethod 3117 0x00007f6fcd808f90 code [0x00007f6fcd809100, 0x00007f6fcd809388]
Event: 36.607 Thread 0x00007f6fdc0bc800 3114       4       com.android.dx.ssa.InterferenceRegisterMapper::areAnyPinned (81 bytes)
Event: 36.616 Thread 0x00007f6fdc0bc800 nmethod 3114 0x00007f6fcdb1d890 code [0x00007f6fcdb1da00, 0x00007f6fcdb1deb8]
Event: 36.616 Thread 0x00007f6fdc0bc800 3084       4       com.android.dx.ssa.SsaBasicBlock::replaceSuccessor (125 bytes)

GC Heap History (10 events):
Event: 29.428 GC heap after
Heap after GC invocations=20 (full 4):
 PSYoungGen      total 561664K, used 65264K [0x000000076ab00000, 0x000000079c480000, 0x00000007c0000000)
  eden space 436224K, 0% used [0x000000076ab00000,0x000000076ab00000,0x0000000785500000)
  from space 125440K, 52% used [0x0000000785500000,0x00000007894bc0b8,0x000000078cf80000)
  to   space 123392K, 0% used [0x0000000794c00000,0x0000000794c00000,0x000000079c480000)
 ParOldGen       total 536576K, used 485724K [0x00000006c0000000, 0x00000006e0c00000, 0x000000076ab00000)
  object space 536576K, 90% used [0x00000006c0000000,0x00000006dda57160,0x00000006e0c00000)
 Metaspace       used 6596K, capacity 7344K, committed 7552K, reserved 1056768K
  class space    used 598K, capacity 616K, committed 640K, reserved 1048576K
}
Event: 29.428 GC heap before
{Heap before GC invocations=21 (full 5):
 PSYoungGen      total 561664K, used 65264K [0x000000076ab00000, 0x000000079c480000, 0x00000007c0000000)
  eden space 436224K, 0% used [0x000000076ab00000,0x000000076ab00000,0x0000000785500000)
  from space 125440K, 52% used [0x0000000785500000,0x00000007894bc0b8,0x000000078cf80000)
  to   space 123392K, 0% used [0x0000000794c00000,0x0000000794c00000,0x000000079c480000)
 ParOldGen       total 536576K, used 485724K [0x00000006c0000000, 0x00000006e0c00000, 0x000000076ab00000)
  object space 536576K, 90% used [0x00000006c0000000,0x00000006dda57160,0x00000006e0c00000)
 Metaspace       used 6596K, capacity 7344K, committed 7552K, reserved 1056768K
  class space    used 598K, capacity 616K, committed 640K, reserved 1048576K
Event: 32.131 GC heap after
Heap after GC invocations=21 (full 5):
 PSYoungGen      total 561664K, used 8702K [0x000000076ab00000, 0x000000079c480000, 0x00000007c0000000)
  eden space 436224K, 0% used [0x000000076ab00000,0x000000076ab00000,0x0000000785500000)
  from space 125440K, 6% used [0x0000000785500000,0x0000000785d7f8b8,0x000000078cf80000)
  to   space 123392K, 0% used [0x0000000794c00000,0x0000000794c00000,0x000000079c480000)
 ParOldGen       total 752640K, used 536325K [0x00000006c0000000, 0x00000006edf00000, 0x000000076ab00000)
  object space 752640K, 71% used [0x00000006c0000000,0x00000006e0bc1598,0x00000006edf00000)
 Metaspace       used 6596K, capacity 7344K, committed 7552K, reserved 1056768K
  class space    used 598K, capacity 616K, committed 640K, reserved 1048576K
}
Event: 33.332 GC heap before
{Heap before GC invocations=22 (full 5):
 PSYoungGen      total 561664K, used 444926K [0x000000076ab00000, 0x000000079c480000, 0x00000007c0000000)
  eden space 436224K, 100% used [0x000000076ab00000,0x0000000785500000,0x0000000785500000)
  from space 125440K, 6% used [0x0000000785500000,0x0000000785d7f8b8,0x000000078cf80000)
  to   space 123392K, 0% used [0x0000000794c00000,0x0000000794c00000,0x000000079c480000)
 ParOldGen       total 752640K, used 536325K [0x00000006c0000000, 0x00000006edf00000, 0x000000076ab00000)
  object space 752640K, 71% used [0x00000006c0000000,0x00000006e0bc1598,0x00000006edf00000)
 Metaspace       used 6601K, capacity 7344K, committed 7552K, reserved 1056768K
  class space    used 599K, capacity 616K, committed 640K, reserved 1048576K
Event: 33.657 GC heap after
Heap after GC invocations=22 (full 5):
 PSYoungGen      total 577536K, used 64811K [0x000000076ab00000, 0x0000000798c00000, 0x00000007c0000000)
  eden space 512000K, 0% used [0x000000076ab00000,0x000000076ab00000,0x0000000789f00000)
  from space 65536K, 98% used [0x0000000794c00000,0x0000000798b4ac28,0x0000000798c00000)
  to   space 121344K, 0% used [0x0000000789f00000,0x0000000789f00000,0x0000000791580000)
 ParOldGen       total 752640K, used 542742K [0x00000006c0000000, 0x00000006edf00000, 0x000000076ab00000)
  object space 752640K, 72% used [0x00000006c0000000,0x00000006e1205ae0,0x00000006edf00000)
 Metaspace       used 6601K, capacity 7344K, committed 7552K, reserved 1056768K
  class space    used 599K, capacity 616K, committed 640K, reserved 1048576K
}
Event: 35.161 GC heap before
{Heap before GC invocations=23 (full 5):
 PSYoungGen      total 577536K, used 576811K [0x000000076ab00000, 0x0000000798c00000, 0x00000007c0000000)
  eden space 512000K, 100% used [0x000000076ab00000,0x0000000789f00000,0x0000000789f00000)
  from space 65536K, 98% used [0x0000000794c00000,0x0000000798b4ac28,0x0000000798c00000)
  to   space 121344K, 0% used [0x0000000789f00000,0x0000000789f00000,0x0000000791580000)
 ParOldGen       total 752640K, used 542742K [0x00000006c0000000, 0x00000006edf00000, 0x000000076ab00000)
  object space 752640K, 72% used [0x00000006c0000000,0x00000006e1205ae0,0x00000006edf00000)
 Metaspace       used 6605K, capacity 7344K, committed 7552K, reserved 1056768K
  class space    used 599K, capacity 616K, committed 640K, reserved 1048576K
Event: 35.343 GC heap after
Heap after GC invocations=23 (full 5):
 PSYoungGen      total 633344K, used 121312K [0x000000076ab00000, 0x00000007a1100000, 0x00000007c0000000)
  eden space 512000K, 0% used [0x000000076ab00000,0x000000076ab00000,0x0000000789f00000)
  from space 121344K, 99% used [0x0000000789f00000,0x0000000791578170,0x0000000791580000)
  to   space 147968K, 0% used [0x0000000798080000,0x0000000798080000,0x00000007a1100000)
 ParOldGen       total 752640K, used 564966K [0x00000006c0000000, 0x00000006edf00000, 0x000000076ab00000)
  object space 752640K, 75% used [0x00000006c0000000,0x00000006e27b9970,0x00000006edf00000)
 Metaspace       used 6605K, capacity 7344K, committed 7552K, reserved 1056768K
  class space    used 599K, capacity 616K, committed 640K, reserved 1048576K
}
Event: 36.657 GC heap before
{Heap before GC invocations=24 (full 5):
 PSYoungGen      total 633344K, used 633312K [0x000000076ab00000, 0x00000007a1100000, 0x00000007c0000000)
  eden space 512000K, 100% used [0x000000076ab00000,0x0000000789f00000,0x0000000789f00000)
  from space 121344K, 99% used [0x0000000789f00000,0x0000000791578170,0x0000000791580000)
  to   space 147968K, 0% used [0x0000000798080000,0x0000000798080000,0x00000007a1100000)
 ParOldGen       total 752640K, used 564966K [0x00000006c0000000, 0x00000006edf00000, 0x000000076ab00000)
  object space 752640K, 75% used [0x00000006c0000000,0x00000006e27b9970,0x00000006edf00000)
 Metaspace       used 6605K, capacity 7344K, committed 7552K, reserved 1056768K
  class space    used 599K, capacity 616K, committed 640K, reserved 1048576K
Event: 45.123 GC heap after
Heap after GC invocations=24 (full 5):
 PSYoungGen      total 747520K, used 71969K [0x000000076ab00000, 0x00000007a2900000, 0x00000007c0000000)
  eden space 599552K, 0% used [0x000000076ab00000,0x000000076ab00000,0x000000078f480000)
  from space 147968K, 48% used [0x0000000798080000,0x000000079c6c8590,0x00000007a1100000)
  to   space 143360K, 0% used [0x000000078f480000,0x000000078f480000,0x0000000798080000)
 ParOldGen       total 752640K, used 684415K [0x00000006c0000000, 0x00000006edf00000, 0x000000076ab00000)
  object space 752640K, 90% used [0x00000006c0000000,0x00000006e9c5fca8,0x00000006edf00000)
 Metaspace       used 6605K, capacity 7344K, committed 7552K, reserved 1056768K
  class space    used 599K, capacity 616K, committed 640K, reserved 1048576K
}
Event: 45.189 GC heap before
{Heap before GC invocations=25 (full 6):
 PSYoungGen      total 747520K, used 71969K [0x000000076ab00000, 0x00000007a2900000, 0x00000007c0000000)
  eden space 599552K, 0% used [0x000000076ab00000,0x000000076ab00000,0x000000078f480000)
  from space 147968K, 48% used [0x0000000798080000,0x000000079c6c8590,0x00000007a1100000)
  to   space 143360K, 0% used [0x000000078f480000,0x000000078f480000,0x0000000798080000)
 ParOldGen       total 752640K, used 684415K [0x00000006c0000000, 0x00000006edf00000, 0x000000076ab00000)
  object space 752640K, 90% used [0x00000006c0000000,0x00000006e9c5fca8,0x00000006edf00000)
 Metaspace       used 6605K, capacity 7344K, committed 7552K, reserved 1056768K
  class space    used 599K, capacity 616K, committed 640K, reserved 1048576K

Deoptimization events (10 events):
Event: 32.878 Thread 0x00007f6fdc14a800 Uncommon trap: reason=unstable_if action=reinterpret pc=0x00007f6fcd4eb7c0 method=java.util.BitSet.nextClearBit(I)I @ 70
Event: 33.323 Thread 0x00007f6fdc149000 Uncommon trap: reason=class_check action=maybe_recompile pc=0x00007f6fcd22e70c method=com.android.dx.ssa.SCCP.replaceConstants()V @ 182
Event: 34.368 Thread 0x00007f6fdc146800 Uncommon trap: reason=unstable_if action=reinterpret pc=0x00007f6fcda9e014 method=com.android.dx.ssa.SsaMethod.makeExitBlock()V @ 103
Event: 34.368 Thread 0x00007f6fdc146800 Uncommon trap: reason=unstable_if action=reinterpret pc=0x00007f6fcdac3e1c method=com.android.dx.ssa.back.SsaToRop.convertBasicBlocks()Lcom/android/dx/rop/code/BasicBlockList; @ 33
Event: 34.383 Thread 0x00007f6fdc149000 Uncommon trap: reason=null_check action=make_not_entrant pc=0x00007f6fcd2f257c method=com.android.dx.dex.file.FieldIdsSection.intern(Lcom/android/dx/rop/cst/CstFieldRef;)Lcom/android/dx/dex/file/FieldIdItem; @ 26
Event: 34.393 Thread 0x00007f6fdc00e800 Uncommon trap: reason=null_check action=make_not_entrant pc=0x00007f6fcd2f257c method=com.android.dx.dex.file.FieldIdsSection.intern(Lcom/android/dx/rop/cst/CstFieldRef;)Lcom/android/dx/dex/file/FieldIdItem; @ 26
Event: 34.727 Thread 0x00007f6fdc00e800 Uncommon trap: reason=null_check action=make_not_entrant pc=0x00007f6fcd20071c method=com.android.dx.dex.file.FieldIdsSection.intern(Lcom/android/dx/rop/cst/CstFieldRef;)Lcom/android/dx/dex/file/FieldIdItem; @ 26
Event: 35.745 Thread 0x00007f6fdc149000 Uncommon trap: reason=unstable_if action=reinterpret pc=0x00007f6fcd3d26a8 method=com.android.dx.dex.code.OutputFinisher.hasLocalInfo(Lcom/android/dx/dex/code/DalvInsn;)Z @ 35
Event: 35.848 Thread 0x00007f6fdc14a800 Uncommon trap: reason=unstable_if action=reinterpret pc=0x00007f6fcd7a8f98 method=com.android.dx.ssa.InterferenceRegisterMapper.interferes(III)Z @ 69
Event: 36.091 Thread 0x00007f6fdc14a800 Uncommon trap: reason=unstable_if action=reinterpret pc=0x00007f6fcd3d739c method=com.android.dx.cf.code.Merger.mergeType(Lcom/android/dx/rop/type/TypeBearer;Lcom/android/dx/rop/type/TypeBearer;)Lcom/android/dx/rop/type/TypeBearer; @ 77

Classes redefined (0 events):
No events

Internal exceptions (10 events):
Event: 0.122 Thread 0x00007f6fdc00e800 Exception <a 'java/lang/NoSuchMethodError': Method sun.misc.Unsafe.defineClass(Ljava/lang/String;[BII)Ljava/lang/Class; name or signature does not match> (0x000000076ab07cb0) thrown at [/usr/local/google/buildbot/src/googleplex-android/openjdk/out/hotspot
Event: 0.122 Thread 0x00007f6fdc00e800 Exception <a 'java/lang/NoSuchMethodError': Method sun.misc.Unsafe.prefetchRead(Ljava/lang/Object;J)V name or signature does not match> (0x000000076ab07f98) thrown at [/usr/local/google/buildbot/src/googleplex-android/openjdk/out/hotspot/src/share/vm/prim
Event: 2.265 Thread 0x00007f6fdc146800 Implicit null exception at 0x00007f6fcd2cd0b1 to 0x00007f6fcd2cf769
Event: 2.400 Thread 0x00007f6fdc00e800 Exception <a 'java/lang/ArrayIndexOutOfBoundsException': 18> (0x000000076bcc9810) thrown at [/usr/local/google/buildbot/src/googleplex-android/openjdk/out/hotspot/src/share/vm/interpreter/interpreterRuntime.cpp, line 368]
Event: 2.400 Thread 0x00007f6fdc00e800 Exception <a 'java/lang/ArrayIndexOutOfBoundsException': 145> (0x000000076bccb390) thrown at [/usr/local/google/buildbot/src/googleplex-android/openjdk/out/hotspot/src/share/vm/interpreter/interpreterRuntime.cpp, line 368]
Event: 2.401 Thread 0x00007f6fdc00e800 Exception <a 'java/lang/ArrayIndexOutOfBoundsException': 40> (0x000000076bccc678) thrown at [/usr/local/google/buildbot/src/googleplex-android/openjdk/out/hotspot/src/share/vm/interpreter/interpreterRuntime.cpp, line 368]
Event: 16.470 Thread 0x00007f6fdc13e000 Implicit null exception at 0x00007f6fcd5a8af2 to 0x00007f6fcd5aa9bd
Event: 32.655 Thread 0x00007f6fdc146800 Implicit null exception at 0x00007f6fcda698f9 to 0x00007f6fcda6b23d
Event: 34.368 Thread 0x00007f6fdc146800 Implicit null exception at 0x00007f6fcdac011a to 0x00007f6fcdac3dfd
Event: 35.745 Thread 0x00007f6fdc149000 Implicit null exception at 0x00007f6fcd3d1423 to 0x00007f6fcd3d2679

Events (10 events):
Event: 36.004 Thread 0x00007f6fdc146800 DEOPT UNPACKING pc=0x00007f6fcd0474c4 sp=0x00007f6fb661ef40 mode 0
Event: 36.006 Thread 0x00007f6fdc146800 DEOPT PACKING pc=0x00007f6fcd3ace38 sp=0x00007f6fb661f0f0
Event: 36.006 Thread 0x00007f6fdc146800 DEOPT UNPACKING pc=0x00007f6fcd0474c4 sp=0x00007f6fb661ef20 mode 0
Event: 36.091 Thread 0x00007f6fdc14a800 Uncommon trap: trap_request=0xffffff65 fr.pc=0x00007f6fcd3d739c
Event: 36.091 Thread 0x00007f6fdc14a800 DEOPT PACKING pc=0x00007f6fcd3d739c sp=0x00007f6fb641d110
Event: 36.091 Thread 0x00007f6fdc14a800 DEOPT UNPACKING pc=0x00007f6fcd04547a sp=0x00007f6fb641d070 mode 2
Event: 36.117 Thread 0x00007f6fdc149000 DEOPT PACKING pc=0x00007f6fcd3ace4f sp=0x00007f6fb651e040
Event: 36.117 Thread 0x00007f6fdc149000 DEOPT UNPACKING pc=0x00007f6fcd0474c4 sp=0x00007f6fb651de70 mode 0
Event: 36.616 Thread 0x00007f6fdc0bc800 flushing nmethod 0x00007f6fcd29c410
Event: 36.657 Executing VM operation: ParallelGCFailedAllocation


Dynamic libraries:
00400000-00401000 r-xp 00000000 08:01 7352713                            /home/niroop/Documents/android-studio/jre/bin/java
00401000-00402000 rw-p 00000000 08:01 7352713                            /home/niroop/Documents/android-studio/jre/bin/java
014f6000-01517000 rw-p 00000000 00:00 0                                  [heap]
6c0000000-6edf00000 rw-p 00000000 00:00 0 
6fdd80000-76ab00000 ---p 00000000 00:00 0 
76ab00000-7a2900000 rw-p 00000000 00:00 0 
7a2900000-7c0000000 ---p 00000000 00:00 0 
7c0000000-7c00a0000 rw-p 00000000 00:00 0 
7c00a0000-800000000 ---p 00000000 00:00 0 
7f6f74000000-7f6f74021000 rw-p 00000000 00:00 0 
7f6f74021000-7f6f78000000 ---p 00000000 00:00 0 
7f6f7c000000-7f6f7c049000 rw-p 00000000 00:00 0 
7f6f7c049000-7f6f80000000 ---p 00000000 00:00 0 
7f6f80000000-7f6f80058000 rw-p 00000000 00:00 0 
7f6f80058000-7f6f84000000 ---p 00000000 00:00 0 
7f6f84000000-7f6f8405c000 rw-p 00000000 00:00 0 
7f6f8405c000-7f6f88000000 ---p 00000000 00:00 0 
7f6f88000000-7f6f88021000 rw-p 00000000 00:00 0 
7f6f88021000-7f6f8c000000 ---p 00000000 00:00 0 
7f6f8c000000-7f6f8c021000 rw-p 00000000 00:00 0 
7f6f8c021000-7f6f90000000 ---p 00000000 00:00 0 
7f6f90000000-7f6f90021000 rw-p 00000000 00:00 0 
7f6f90021000-7f6f94000000 ---p 00000000 00:00 0 
7f6f94000000-7f6f9553c000 rw-p 00000000 00:00 0 
7f6f9553c000-7f6f98000000 ---p 00000000 00:00 0 
7f6f98000000-7f6f98c88000 rw-p 00000000 00:00 0 
7f6f98c88000-7f6f9c000000 ---p 00000000 00:00 0 
7f6f9c000000-7f6f9c021000 rw-p 00000000 00:00 0 
7f6f9c021000-7f6fa0000000 ---p 00000000 00:00 0 
7f6fa0000000-7f6fa15ef000 rw-p 00000000 00:00 0 
7f6fa15ef000-7f6fa4000000 ---p 00000000 00:00 0 
7f6fa4000000-7f6fa4021000 rw-p 00000000 00:00 0 
7f6fa4021000-7f6fa8000000 ---p 00000000 00:00 0 
7f6fa8000000-7f6fa8021000 rw-p 00000000 00:00 0 
7f6fa8021000-7f6fac000000 ---p 00000000 00:00 0 
7f6fac000000-7f6fac2dc000 rw-p 00000000 00:00 0 
7f6fac2dc000-7f6fb0000000 ---p 00000000 00:00 0 
7f6fb0000000-7f6fb0021000 rw-p 00000000 00:00 0 
7f6fb0021000-7f6fb4000000 ---p 00000000 00:00 0 
7f6fb631e000-7f6fb6321000 ---p 00000000 00:00 0 
7f6fb6321000-7f6fb641f000 rw-p 00000000 00:00 0 
7f6fb641f000-7f6fb6422000 ---p 00000000 00:00 0 
7f6fb6422000-7f6fb6520000 rw-p 00000000 00:00 0 
7f6fb6520000-7f6fb6523000 ---p 00000000 00:00 0 
7f6fb6523000-7f6fb6621000 rw-p 00000000 00:00 0 
7f6fb6621000-7f6fb6624000 ---p 00000000 00:00 0 
7f6fb6624000-7f6fb6722000 rw-p 00000000 00:00 0 
7f6fb6722000-7f6fb6725000 ---p 00000000 00:00 0 
7f6fb6725000-7f6fb6823000 rw-p 00000000 00:00 0 
7f6fb6823000-7f6fb6824000 ---p 00000000 00:00 0 
7f6fb6824000-7f6fb6924000 rw-p 00000000 00:00 0 
7f6fb6924000-7f6fb6927000 ---p 00000000 00:00 0 
7f6fb6927000-7f6fb6a25000 rw-p 00000000 00:00 0 
7f6fb6a25000-7f6fb6a26000 ---p 00000000 00:00 0 
7f6fb6a26000-7f6fb6a29000 ---p 00000000 00:00 0 
7f6fb6a29000-7f6fb6b26000 rw-p 00000000 00:00 0 
7f6fb6b26000-7f6fb6b27000 ---p 00000000 00:00 0 
7f6fb6b27000-7f6fb6b2a000 ---p 00000000 00:00 0 
7f6fb6b2a000-7f6fb6c27000 rw-p 00000000 00:00 0 
7f6fb6c27000-7f6fb6c28000 ---p 00000000 00:00 0 
7f6fb6c28000-7f6fb6c2b000 ---p 00000000 00:00 0 
7f6fb6c2b000-7f6fb6d28000 rw-p 00000000 00:00 0 
7f6fb6d28000-7f6fb6d2b000 ---p 00000000 00:00 0 
7f6fb6d2b000-7f6fb6e29000 rw-p 00000000 00:00 0 
7f6fb6e29000-7f6fb77f8000 r--p 00000000 08:01 6036074                    /usr/lib/locale/locale-archive
7f6fb77f8000-7f6fb77fb000 ---p 00000000 00:00 0 
7f6fb77fb000-7f6fb78f9000 rw-p 00000000 00:00 0 
7f6fb78f9000-7f6fb78fc000 ---p 00000000 00:00 0 
7f6fb78fc000-7f6fb79fa000 rw-p 00000000 00:00 0 
7f6fb79fa000-7f6fb79fb000 ---p 00000000 00:00 0 
7f6fb79fb000-7f6fb8000000 rw-p 00000000 00:00 0 
7f6fb8000000-7f6fb8021000 rw-p 00000000 00:00 0 
7f6fb8021000-7f6fbc000000 ---p 00000000 00:00 0 
7f6fbc000000-7f6fbc021000 rw-p 00000000 00:00 0 
7f6fbc021000-7f6fc0000000 ---p 00000000 00:00 0 
7f6fc0000000-7f6fc00ba000 rw-p 00000000 00:00 0 
7f6fc00ba000-7f6fc4000000 ---p 00000000 00:00 0 
7f6fc40e2000-7f6fc40f9000 r--s 00104000 08:01 12591024                   /home/niroop/.gradle/caches/modules-2/files-2.1/cz.msebera.android/httpclient/4.4.1.1/c8d96f6fd2bcc179c312da33ee670a71188cc60d/httpclient-4.4.1.1.jar
7f6fc40f9000-7f6fc4ec0000 rw-p 00000000 00:00 0 
7f6fc4ec0000-7f6fc5000000 ---p 00000000 00:00 0 
7f6fc5000000-7f6fcd000000 rw-p 00000000 00:00 0 
7f6fcd000000-7f6fcdbf0000 rwxp 00000000 00:00 0 
7f6fcdbf0000-7f6fdc000000 ---p 00000000 00:00 0 
7f6fdc000000-7f6fdc3d2000 rw-p 00000000 00:00 0 
7f6fdc3d2000-7f6fe0000000 ---p 00000000 00:00 0 
7f6fe000d000-7f6fe001c000 r--s 000e4000 08:01 11851761                   /home/niroop/Android/Sdk/build-tools/26.0.0/lib/dx.jar
7f6fe001c000-7f6fe0412000 rw-p 00000000 00:00 0 
7f6fe0412000-7f6fe05e4000 r--s 03cad000 08:01 7352843                    /home/niroop/Documents/android-studio/jre/jre/lib/rt.jar
7f6fe05e4000-7f6fe0eb5000 rw-p 00000000 00:00 0 
7f6fe0eb5000-7f6fe0eb6000 ---p 00000000 00:00 0 
7f6fe0eb6000-7f6fe0fb6000 rw-p 00000000 00:00 0 
7f6fe0fb6000-7f6fe0fb7000 ---p 00000000 00:00 0 
7f6fe0fb7000-7f6fe10b7000 rw-p 00000000 00:00 0 
7f6fe10b7000-7f6fe10b8000 ---p 00000000 00:00 0 
7f6fe10b8000-7f6fe11b8000 rw-p 00000000 00:00 0 
7f6fe11b8000-7f6fe11b9000 ---p 00000000 00:00 0 
7f6fe11b9000-7f6fe1429000 rw-p 00000000 00:00 0 
7f6fe1429000-7f6fe180f000 ---p 00000000 00:00 0 
7f6fe180f000-7f6fe197f000 rw-p 00000000 00:00 0 
7f6fe197f000-7f6fe1d64000 ---p 00000000 00:00 0 
7f6fe1d64000-7f6fe1f24000 rw-p 00000000 00:00 0 
7f6fe1f24000-7f6fe200f000 ---p 00000000 00:00 0 
7f6fe200f000-7f6fe2040000 rw-p 00000000 00:00 0 
7f6fe2040000-7f6fe23d0000 ---p 00000000 00:00 0 
7f6fe23d0000-7f6fe23db000 r-xp 00000000 08:01 1840165                    /lib/x86_64-linux-gnu/libnss_files-2.27.so
7f6fe23db000-7f6fe25da000 ---p 0000b000 08:01 1840165                    /lib/x86_64-linux-gnu/libnss_files-2.27.so
7f6fe25da000-7f6fe25db000 r--p 0000a000 08:01 1840165                    /lib/x86_64-linux-gnu/libnss_files-2.27.so
7f6fe25db000-7f6fe25dc000 rw-p 0000b000 08:01 1840165                    /lib/x86_64-linux-gnu/libnss_files-2.27.so
7f6fe25dc000-7f6fe25e2000 rw-p 00000000 00:00 0 
7f6fe25e2000-7f6fe25f9000 r-xp 00000000 08:01 1840159                    /lib/x86_64-linux-gnu/libnsl-2.27.so
7f6fe25f9000-7f6fe27f8000 ---p 00017000 08:01 1840159                    /lib/x86_64-linux-gnu/libnsl-2.27.so
7f6fe27f8000-7f6fe27f9000 r--p 00016000 08:01 1840159                    /lib/x86_64-linux-gnu/libnsl-2.27.so
7f6fe27f9000-7f6fe27fa000 rw-p 00017000 08:01 1840159                    /lib/x86_64-linux-gnu/libnsl-2.27.so
7f6fe27fa000-7f6fe27fc000 rw-p 00000000 00:00 0 
7f6fe27fc000-7f6fe2807000 r-xp 00000000 08:01 1840176                    /lib/x86_64-linux-gnu/libnss_nis-2.27.so
7f6fe2807000-7f6fe2a06000 ---p 0000b000 08:01 1840176                    /lib/x86_64-linux-gnu/libnss_nis-2.27.so
7f6fe2a06000-7f6fe2a07000 r--p 0000a000 08:01 1840176                    /lib/x86_64-linux-gnu/libnss_nis-2.27.so
7f6fe2a07000-7f6fe2a08000 rw-p 0000b000 08:01 1840176                    /lib/x86_64-linux-gnu/libnss_nis-2.27.so
7f6fe2a08000-7f6fe2a10000 r-xp 00000000 08:01 1840161                    /lib/x86_64-linux-gnu/libnss_compat-2.27.so
7f6fe2a10000-7f6fe2c10000 ---p 00008000 08:01 1840161                    /lib/x86_64-linux-gnu/libnss_compat-2.27.so
7f6fe2c10000-7f6fe2c11000 r--p 00008000 08:01 1840161                    /lib/x86_64-linux-gnu/libnss_compat-2.27.so
7f6fe2c11000-7f6fe2c12000 rw-p 00009000 08:01 1840161                    /lib/x86_64-linux-gnu/libnss_compat-2.27.so
7f6fe2c12000-7f6fe2c19000 r-xp 00000000 08:01 1840216                    /lib/x86_64-linux-gnu/librt-2.27.so
7f6fe2c19000-7f6fe2e18000 ---p 00007000 08:01 1840216                    /lib/x86_64-linux-gnu/librt-2.27.so
7f6fe2e18000-7f6fe2e19000 r--p 00006000 08:01 1840216                    /lib/x86_64-linux-gnu/librt-2.27.so
7f6fe2e19000-7f6fe2e1a000 rw-p 00007000 08:01 1840216                    /lib/x86_64-linux-gnu/librt-2.27.so
7f6fe2e1a000-7f6fe2fb7000 r-xp 00000000 08:01 1840138                    /lib/x86_64-linux-gnu/libm-2.27.so
7f6fe2fb7000-7f6fe31b6000 ---p 0019d000 08:01 1840138                    /lib/x86_64-linux-gnu/libm-2.27.so
7f6fe31b6000-7f6fe31b7000 r--p 0019c000 08:01 1840138                    /lib/x86_64-linux-gnu/libm-2.27.so
7f6fe31b7000-7f6fe31b8000 rw-p 0019d000 08:01 1840138                    /lib/x86_64-linux-gnu/libm-2.27.so
7f6fe31b8000-7f6fe3dde000 r-xp 00000000 08:01 7352820                    /home/niroop/Documents/android-studio/jre/jre/lib/amd64/server/libjvm.so
7f6fe3dde000-7f6fe3eae000 rw-p 00c26000 08:01 7352820                    /home/niroop/Documents/android-studio/jre/jre/lib/amd64/server/libjvm.so
7f6fe3eae000-7f6fe3ef2000 rw-p 00000000 00:00 0 
7f6fe3ef2000-7f6fe40d9000 r-xp 00000000 08:01 1840075                    /lib/x86_64-linux-gnu/libc-2.27.so
7f6fe40d9000-7f6fe42d9000 ---p 001e7000 08:01 1840075                    /lib/x86_64-linux-gnu/libc-2.27.so
7f6fe42d9000-7f6fe42dd000 r--p 001e7000 08:01 1840075                    /lib/x86_64-linux-gnu/libc-2.27.so
7f6fe42dd000-7f6fe42df000 rw-p 001eb000 08:01 1840075                    /lib/x86_64-linux-gnu/libc-2.27.so
7f6fe42df000-7f6fe42e3000 rw-p 00000000 00:00 0 
7f6fe42e3000-7f6fe42e6000 r-xp 00000000 08:01 1840098                    /lib/x86_64-linux-gnu/libdl-2.27.so
7f6fe42e6000-7f6fe44e5000 ---p 00003000 08:01 1840098                    /lib/x86_64-linux-gnu/libdl-2.27.so
7f6fe44e5000-7f6fe44e6000 r--p 00002000 08:01 1840098                    /lib/x86_64-linux-gnu/libdl-2.27.so
7f6fe44e6000-7f6fe44e7000 rw-p 00003000 08:01 1840098                    /lib/x86_64-linux-gnu/libdl-2.27.so
7f6fe44e7000-7f6fe4501000 r-xp 00000000 08:01 1840208                    /lib/x86_64-linux-gnu/libpthread-2.27.so
7f6fe4501000-7f6fe4700000 ---p 0001a000 08:01 1840208                    /lib/x86_64-linux-gnu/libpthread-2.27.so
7f6fe4700000-7f6fe4701000 r--p 00019000 08:01 1840208                    /lib/x86_64-linux-gnu/libpthread-2.27.so
7f6fe4701000-7f6fe4702000 rw-p 0001a000 08:01 1840208                    /lib/x86_64-linux-gnu/libpthread-2.27.so
7f6fe4702000-7f6fe4706000 rw-p 00000000 00:00 0 
7f6fe4706000-7f6fe472d000 r-xp 00000000 08:01 1840047                    /lib/x86_64-linux-gnu/ld-2.27.so
7f6fe4736000-7f6fe47ae000 rw-p 00000000 00:00 0 
7f6fe47ae000-7f6fe47c9000 r-xp 00000000 08:01 7352802                    /home/niroop/Documents/android-studio/jre/jre/lib/amd64/libzip.so
7f6fe47c9000-7f6fe47ca000 rw-p 0001a000 08:01 7352802                    /home/niroop/Documents/android-studio/jre/jre/lib/amd64/libzip.so
7f6fe47ca000-7f6fe47f4000 r-xp 00000000 08:01 7352810                    /home/niroop/Documents/android-studio/jre/jre/lib/amd64/libjava.so
7f6fe47f4000-7f6fe47f6000 rw-p 0002a000 08:01 7352810                    /home/niroop/Documents/android-studio/jre/jre/lib/amd64/libjava.so
7f6fe47f6000-7f6fe47f7000 ---p 00000000 00:00 0 
7f6fe47f7000-7f6fe47fa000 ---p 00000000 00:00 0 
7f6fe47fa000-7f6fe48f9000 rw-p 00000000 00:00 0 
7f6fe48f9000-7f6fe490f000 r-xp 00000000 08:01 7352701                    /home/niroop/Documents/android-studio/jre/lib/amd64/jli/libjli.so
7f6fe490f000-7f6fe4910000 rw-p 00015000 08:01 7352701                    /home/niroop/Documents/android-studio/jre/lib/amd64/jli/libjli.so
7f6fe4910000-7f6fe4912000 rw-p 00000000 00:00 0 
7f6fe4914000-7f6fe491c000 rw-s 00000000 08:01 12604129                   /tmp/hsperfdata_niroop/7784
7f6fe491c000-7f6fe491d000 rw-p 00000000 00:00 0 
7f6fe491d000-7f6fe491e000 ---p 00000000 00:00 0 
7f6fe491e000-7f6fe492b000 r-xp 00000000 08:01 7352798                    /home/niroop/Documents/android-studio/jre/jre/lib/amd64/libverify.so
7f6fe492b000-7f6fe492d000 rw-p 0000c000 08:01 7352798                    /home/niroop/Documents/android-studio/jre/jre/lib/amd64/libverify.so
7f6fe492d000-7f6fe492e000 r--p 00027000 08:01 1840047                    /lib/x86_64-linux-gnu/ld-2.27.so
7f6fe492e000-7f6fe492f000 rw-p 00028000 08:01 1840047                    /lib/x86_64-linux-gnu/ld-2.27.so
7f6fe492f000-7f6fe4930000 rw-p 00000000 00:00 0 
7ffdc1d00000-7ffdc1d22000 rw-p 00000000 00:00 0                          [stack]
7ffdc1d37000-7ffdc1d3a000 r--p 00000000 00:00 0                          [vvar]
7ffdc1d3a000-7ffdc1d3b000 r-xp 00000000 00:00 0                          [vdso]
ffffffffff600000-ffffffffff601000 r-xp 00000000 00:00 0                  [vsyscall]

VM Arguments:
jvm_args: -Djava.awt.headless=true -Xmx4g -Dfile.encoding=UTF-8 -Duser.country=IN -Duser.language=en -Duser.variant 
java_command: com.android.dx.command.Main --dex --num-threads=4 --multi-dex --output /media/niroop/External HDD/AndroidStudioProjects/User App/app/build/intermediates/transforms/dex/debug/folders/1000/1f/main /home/niroop/.gradle/caches/modules-2/files-2.1/com.twitter/twitter-text/1.13.0/78415b95ae3184c5926d593feab64bfc0b73b2dd/twitter-text-1.13.0.jar /home/niroop/.android/build-cache/a66cbf770edb2943cf7e878e8d81f83337be595c/output/jars/classes.jar /home/niroop/.android/build-cache/5fcb9a86500c46afa2241a78a670579788b0507a/output/jars/classes.jar /home/niroop/.gradle/caches/modules-2/files-2.1/com.squareup.okhttp3/okhttp-ws/3.0.1/bd9b51a0188fc8f14bf840a0d326755545206116/okhttp-ws-3.0.1.jar /home/niroop/.android/build-cache/75dde23ca9f72f0bbee564910b4ddfc64c464f51/output/jars/classes.jar /home/niroop/.android/build-cache/b14f3cdd91dd5a5853a9344f5b82d9a2f1580e7f/output/jars/classes.jar /home/niroop/.android/build-cache/378a40131b81df085943bf473ac8f1d4f3f45f38/output/jars/classes.jar /media/niroop/External HDD/AndroidStudioProjects/User App/stripe/build/intermediates/bundles/default/classes.jar /home/niroop/.gradle/caches/modules-2/files-2.1/com.google.code.gson/gson/2.3/5fc52c41ef0239d1093a1eb7c3697036183677ce/gson-2.3.jar /home/niroop/.android/build-cache/64b2c015a07189ebc0254052798b61846fdd4db5/output/jars/classes.jar /home/niroop/.gradle/caches/modules-2/files-2.1/cz.msebera.android/httpclient/4.4.1.1/c8d96f6fd2bcc179c312da33ee670a71188cc60d/httpclient-4.4.1.1.jar /home/niroop/.android/build-cache/9901f58dda3e7377f7716f1ad4d30c44fc3d4a02/output/jars/classes.jar /home/niroop/.android/build-cache/8d3d670e2e94e1045188e8efb94a9240a5f849f5/output/jars/classes.jar /home/niroop/.android/build-cache/a0e761b7ace098dc210b0a3947be7ea06d53b2e3/output/jars/classes.jar /home/niroop/.gradle/caches/modules-2/files-2.1/io.socket/engine.io-client/0.7.0/c1b1d30e2d2231b2eae1438a44943a409b976dac/engine.io-client-0.7.0.jar /home/niroop/.android/build-cache/a1db323b27e8bb18edcef9eea6a2f
java_class_path (initial): /home/niroop/Android/Sdk/build-tools/26.0.0/lib/dx.jar
Launcher Type: SUN_STANDARD

Environment Variables:
PATH=/usr/local/sbin:/usr/local/bin:/usr/sbin:/usr/bin:/sbin:/bin:/usr/games:/usr/local/games:/snap/bin
USERNAME=niroop
SHELL=/bin/bash
DISPLAY=:0

Signal Handlers:
SIGSEGV: [libjvm.so+0xa09650], sa_mask[0]=11111111011111111101111111111110, sa_flags=SA_RESTART|SA_SIGINFO
SIGBUS: [libjvm.so+0xa09650], sa_mask[0]=11111111011111111101111111111110, sa_flags=SA_RESTART|SA_SIGINFO
SIGFPE: [libjvm.so+0x86bc60], sa_mask[0]=11111111011111111101111111111110, sa_flags=SA_RESTART|SA_SIGINFO
SIGPIPE: [libjvm.so+0x86bc60], sa_mask[0]=11111111011111111101111111111110, sa_flags=SA_RESTART|SA_SIGINFO
SIGXFSZ: [libjvm.so+0x86bc60], sa_mask[0]=11111111011111111101111111111110, sa_flags=SA_RESTART|SA_SIGINFO
SIGILL: [libjvm.so+0x86bc60], sa_mask[0]=11111111011111111101111111111110, sa_flags=SA_RESTART|SA_SIGINFO
SIGUSR1: SIG_DFL, sa_mask[0]=00000000000000000000000000000000, sa_flags=none
SIGUSR2: [libjvm.so+0x86bb30], sa_mask[0]=00100000000000000000000000000000, sa_flags=SA_RESTART|SA_SIGINFO
SIGHUP: [libjvm.so+0x86bd20], sa_mask[0]=11111111011111111101111111111110, sa_flags=SA_RESTART|SA_SIGINFO
SIGINT: [libjvm.so+0x86bd20], sa_mask[0]=11111111011111111101111111111110, sa_flags=SA_RESTART|SA_SIGINFO
SIGTERM: [libjvm.so+0x86bd20], sa_mask[0]=11111111011111111101111111111110, sa_flags=SA_RESTART|SA_SIGINFO
SIGQUIT: [libjvm.so+0x86bd20], sa_mask[0]=11111111011111111101111111111110, sa_flags=SA_RESTART|SA_SIGINFO


---------------  S Y S T E M  ---------------

OS:DISTRIB_ID=Ubuntu
DISTRIB_RELEASE=18.04
DISTRIB_CODENAME=bionic
DISTRIB_DESCRIPTION="Ubuntu 18.04.3 LTS"

uname:Linux 5.0.0-37-generic #40~18.04.1-Ubuntu SMP Thu Nov 14 12:06:39 UTC 2019 x86_64
libc:glibc 2.27 NPTL 2.27 
rlimit: STACK 8192k, CORE 0k, NPROC 23162, NOFILE 1048576, AS infinity
load average:6.30 3.57 2.02

/proc/meminfo:
MemTotal:        5979864 kB
MemFree:          137288 kB
MemAvailable:      83884 kB
Buffers:            4172 kB
Cached:           285536 kB
SwapCached:        43020 kB
Active:          4779004 kB
Inactive:         719344 kB
Active(anon):    4737928 kB
Inactive(anon):   674052 kB
Active(file):      41076 kB
Inactive(file):    45292 kB
Unevictable:       25288 kB
Mlocked:              48 kB
SwapTotal:       2097148 kB
SwapFree:            228 kB
Dirty:               132 kB
Writeback:             0 kB
AnonPages:       5191136 kB
Mapped:           211520 kB
Shmem:            203180 kB
KReclaimable:      68612 kB
Slab:             129848 kB
SReclaimable:      68612 kB
SUnreclaim:        61236 kB
KernelStack:       15952 kB
PageTables:        73596 kB
NFS_Unstable:          0 kB
Bounce:                0 kB
WritebackTmp:          0 kB
CommitLimit:     5087080 kB
Committed_AS:   13691676 kB
VmallocTotal:   34359738367 kB
VmallocUsed:           0 kB
VmallocChunk:          0 kB
Percpu:             2432 kB
HardwareCorrupted:     0 kB
AnonHugePages:         0 kB
ShmemHugePages:        0 kB
ShmemPmdMapped:        0 kB
CmaTotal:              0 kB
CmaFree:               0 kB
HugePages_Total:       0
HugePages_Free:        0
HugePages_Rsvd:        0
HugePages_Surp:        0
Hugepagesize:       2048 kB
Hugetlb:               0 kB
DirectMap4k:      260376 kB
DirectMap2M:     5910528 kB

container (cgroup) information:
container_type: cgroupv1
cpu_cpuset_cpus: 0-3
cpu_memory_nodes: 0
active_processor_count: 4
cpu_quota: -1
cpu_period: 100000
cpu_shares: -1
memory_limit_in_bytes: -1
memory_and_swap_limit_in_bytes: -2
memory_soft_limit_in_bytes: -1
memory_usage_in_bytes: 5655773184
memory_max_usage_in_bytes: 37265408


CPU:total 4 (initial active 4) (2 cores per cpu, 2 threads per core) family 6 model 58 stepping 9, cmov, cx8, fxsr, mmx, sse, sse2, sse3, ssse3, sse4.1, sse4.2, popcnt, avx, aes, clmul, erms, ht, tsc, tscinvbit, tscinv

/proc/cpuinfo:
processor	: 0
vendor_id	: GenuineIntel
cpu family	: 6
model		: 58
model name	: Intel(R) Core(TM) i5-3337U CPU @ 1.80GHz
stepping	: 9
microcode	: 0x21
cpu MHz		: 1247.618
cache size	: 3072 KB
physical id	: 0
siblings	: 4
core id		: 0
cpu cores	: 2
apicid		: 0
initial apicid	: 0
fpu		: yes
fpu_exception	: yes
cpuid level	: 13
wp		: yes
flags		: fpu vme de pse tsc msr pae mce cx8 apic sep mtrr pge mca cmov pat pse36 clflush dts acpi mmx fxsr sse sse2 ss ht tm pbe syscall nx rdtscp lm constant_tsc arch_perfmon pebs bts rep_good nopl xtopology nonstop_tsc cpuid aperfmperf pni pclmulqdq dtes64 monitor ds_cpl vmx est tm2 ssse3 cx16 xtpr pdcm pcid sse4_1 sse4_2 x2apic popcnt tsc_deadline_timer aes xsave avx f16c rdrand lahf_lm cpuid_fault epb pti ssbd ibrs ibpb stibp tpr_shadow vnmi flexpriority ept vpid fsgsbase smep erms xsaveopt dtherm ida arat pln pts md_clear flush_l1d
bugs		: cpu_meltdown spectre_v1 spectre_v2 spec_store_bypass l1tf mds swapgs itlb_multihit
bogomips	: 3591.66
clflush size	: 64
cache_alignment	: 64
address sizes	: 36 bits physical, 48 bits virtual
power management:

processor	: 1
vendor_id	: GenuineIntel
cpu family	: 6
model		: 58
model name	: Intel(R) Core(TM) i5-3337U CPU @ 1.80GHz
stepping	: 9
microcode	: 0x21
cpu MHz		: 1148.822
cache size	: 3072 KB
physical id	: 0
siblings	: 4
core id		: 0
cpu cores	: 2
apicid		: 1
initial apicid	: 1
fpu		: yes
fpu_exception	: yes
cpuid level	: 13
wp		: yes
flags		: fpu vme de pse tsc msr pae mce cx8 apic sep mtrr pge mca cmov pat pse36 clflush dts acpi mmx fxsr sse sse2 ss ht tm pbe syscall nx rdtscp lm constant_tsc arch_perfmon pebs bts rep_good nopl xtopology nonstop_tsc cpuid aperfmperf pni pclmulqdq dtes64 monitor ds_cpl vmx est tm2 ssse3 cx16 xtpr pdcm pcid sse4_1 sse4_2 x2apic popcnt tsc_deadline_timer aes xsave avx f16c rdrand lahf_lm cpuid_fault epb pti ssbd ibrs ibpb stibp tpr_shadow vnmi flexpriority ept vpid fsgsbase smep erms xsaveopt dtherm ida arat pln pts md_clear flush_l1d
bugs		: cpu_meltdown spectre_v1 spectre_v2 spec_store_bypass l1tf mds swapgs itlb_multihit
bogomips	: 3591.66
clflush size	: 64
cache_alignment	: 64
address sizes	: 36 bits physical, 48 bits virtual
power management:

processor	: 2
vendor_id	: GenuineIntel
cpu family	: 6
model		: 58
model name	: Intel(R) Core(TM) i5-3337U CPU @ 1.80GHz
stepping	: 9
microcode	: 0x21
cpu MHz		: 1193.003
cache size	: 3072 KB
physical id	: 0
siblings	: 4
core id		: 1
cpu cores	: 2
apicid		: 2
initial apicid	: 2
fpu		: yes
fpu_exception	: yes
cpuid level	: 13
wp		: yes
flags		: fpu vme de pse tsc msr pae mce cx8 apic sep mtrr pge mca cmov pat pse36 clflush dts acpi mmx fxsr sse sse2 ss ht tm pbe syscall nx rdtscp lm constant_tsc arch_perfmon pebs bts rep_good nopl xtopology nonstop_tsc cpuid aperfmperf pni pclmulqdq dtes64 monitor ds_cpl vmx est tm2 ssse3 cx16 xtpr pdcm pcid sse4_1 sse4_2 x2apic popcnt tsc_deadline_timer aes xsave avx f16c rdrand lahf_lm cpuid_fault epb pti ssbd ibrs ibpb stibp tpr_shadow vnmi flexpriority ept vpid fsgsbase smep erms xsaveopt dtherm ida arat pln pts md_clear flush_l1d
bugs		: cpu_meltdown spectre_v1 spectre_v2 spec_store_bypass l1tf mds swapgs itlb_multihit
bogomips	: 3591.66
clflush size	: 64
cache_alignment	: 64
address sizes	: 36 bits physical, 48 bits virtual
power management:

processor	: 3
vendor_id	: GenuineIntel
cpu family	: 6
model		: 58
model name	: Intel(R) Core(TM) i5-3337U CPU @ 1.80GHz
stepping	: 9
microcode	: 0x21
cpu MHz		: 1071.541
cache size	: 3072 KB
physical id	: 0
siblings	: 4
core id		: 1
cpu cores	: 2
apicid		: 3
initial apicid	: 3
fpu		: yes
fpu_exception	: yes
cpuid level	: 13
wp		: yes
flags		: fpu vme de pse tsc msr pae mce cx8 apic sep mtrr pge mca cmov pat pse36 clflush dts acpi mmx fxsr sse sse2 ss ht tm pbe syscall nx rdtscp lm constant_tsc arch_perfmon pebs bts rep_good nopl xtopology nonstop_tsc cpuid aperfmperf pni pclmulqdq dtes64 monitor ds_cpl vmx est tm2 ssse3 cx16 xtpr pdcm pcid sse4_1 sse4_2 x2apic popcnt tsc_deadline_timer aes xsave avx f16c rdrand lahf_lm cpuid_fault epb pti ssbd ibrs ibpb stibp tpr_shadow vnmi flexpriority ept vpid fsgsbase smep erms xsaveopt dtherm ida arat pln pts md_clear flush_l1d
bugs		: cpu_meltdown spectre_v1 spectre_v2 spec_store_bypass l1tf mds swapgs itlb_multihit
bogomips	: 3591.66
clflush size	: 64
cache_alignment	: 64
address sizes	: 36 bits physical, 48 bits virtual
power management:



Memory: 4k page, physical 5979864k(137288k free), swap 2097148k(228k free)

vm_info: OpenJDK 64-Bit Server VM (25.202-b49-5587405) for linux-amd64 JRE (1.8.0_202-release-1483-b49-5587405), built by "android-build" with gcc 4.8

time: Mon Feb  3 12:47:15 2020
timezone: IST
elapsed time: 48 seconds (0d 0h 0m 48s)

