#
# There is insufficient memory for the Java Runtime Environment to continue.
# Native memory allocation (mmap) failed to map 264241152 bytes for committing reserved memory.
# Possible reasons:
#   The system is out of physical RAM or swap space
#   The process is running with CompressedOops enabled, and the Java Heap may be blocking the growth of the native heap
# Possible solutions:
#   Reduce memory load on the system
#   Increase physical memory or swap space
#   Check if swap backing store is full
#   Decrease Java heap size (-Xmx/-Xms)
#   Decrease number of Java threads
#   Decrease Java thread stack sizes (-Xss)
#   Set larger code cache with -XX:ReservedCodeCacheSize=
#   JVM is running with Zero Based Compressed Oops mode in which the Java heap is
#     placed in the first 32GB address space. The Java Heap base address is the
#     maximum limit for the native heap growth. Please use -XX:HeapBaseMinAddress
#     to set the Java Heap base and to place the Java Heap above 32GB virtual address.
# This output file may be truncated or incomplete.
#
#  Out of Memory Error (os_linux.cpp:2753), pid=2178, tid=0x00007ff958ef6700
#
# JRE version: OpenJDK Runtime Environment (8.0_202) (build 1.8.0_202-release-1483-b49-5587405)
# Java VM: OpenJDK 64-Bit Server VM (25.202-b49-5587405 mixed mode linux-amd64 compressed oops)
# Failed to write core dump. Core dumps have been disabled. To enable core dumping, try "ulimit -c unlimited" before starting Java again
#

---------------  T H R E A D  ---------------

Current thread (0x00007ff96c07c800):  VMThread [stack: 0x00007ff958df7000,0x00007ff958ef7000] [id=2189]

Stack: [0x00007ff958df7000,0x00007ff958ef7000],  sp=0x00007ff958ef5530,  free space=1017k
Native frames: (J=compiled Java code, j=interpreted, Vv=VM code, C=native code)
V  [libjvm.so+0xa08b78]  VMError::report_and_die()+0x148
V  [libjvm.so+0x4d412a]  report_vm_out_of_memory(char const*, int, unsigned long, VMErrorType, char const*)+0x8a
V  [libjvm.so+0x870478]  os::pd_commit_memory(char*, unsigned long, unsigned long, bool)+0xd8
V  [libjvm.so+0x867f9f]  os::commit_memory(char*, unsigned long, unsigned long, bool)+0x1f
V  [libjvm.so+0x8e14eb]  PSVirtualSpace::expand_by(unsigned long)+0x5b
V  [libjvm.so+0x8d234b]  PSOldGen::expand_by(unsigned long) [clone .part.109]+0x1b
V  [libjvm.so+0x8d250b]  PSOldGen::expand(unsigned long) [clone .part.111]+0xdb
V  [libjvm.so+0x8d2de8]  PSOldGen::resize(unsigned long)+0x188
V  [libjvm.so+0x8d83cc]  PSParallelCompact::invoke_no_policy(bool)+0x94c
V  [libjvm.so+0x8df48d]  PSScavenge::invoke()+0x17d
V  [libjvm.so+0x893763]  ParallelScavengeHeap::failed_mem_allocate(unsigned long)+0x63
V  [libjvm.so+0xa0a644]  VM_ParallelGCFailedAllocation::doit()+0x84
V  [libjvm.so+0xa0ea17]  VM_Operation::evaluate()+0x47
V  [libjvm.so+0xa0d498]  VMThread::evaluate_operation(VM_Operation*)+0x218
V  [libjvm.so+0xa0d8d1]  VMThread::loop()+0x1f1
V  [libjvm.so+0xa0dd02]  VMThread::run()+0x72
V  [libjvm.so+0x86d652]  java_start(Thread*)+0xf2

VM_Operation (0x00007ff9537f5fd0): ParallelGCFailedAllocation, mode: safepoint, requested by thread 0x00007ff96c189000


---------------  P R O C E S S  ---------------

Java Threads: ( => current thread )
  0x00007ff96c189000 JavaThread "pool-2-thread-4" [_thread_blocked, id=2203, stack(0x00007ff9536f7000,0x00007ff9537f8000)]
  0x00007ff96c188000 JavaThread "pool-2-thread-3" [_thread_blocked, id=2202, stack(0x00007ff9537f8000,0x00007ff9538f9000)]
  0x00007ff96c185800 JavaThread "pool-2-thread-2" [_thread_blocked, id=2201, stack(0x00007ff9538f9000,0x00007ff9539fa000)]
  0x00007ff96c183800 JavaThread "pool-3-thread-1" [_thread_blocked, id=2200, stack(0x00007ff9539fa000,0x00007ff953afb000)]
  0x00007ff96c182000 JavaThread "pool-2-thread-1" [_thread_blocked, id=2199, stack(0x00007ff953afb000,0x00007ff953bfc000)]
  0x00007ff96c0c4800 JavaThread "Service Thread" daemon [_thread_blocked, id=2197, stack(0x00007ff953cfd000,0x00007ff953dfe000)]
  0x00007ff96c0c1800 JavaThread "C1 CompilerThread2" daemon [_thread_blocked, id=2196, stack(0x00007ff953dff000,0x00007ff953eff000)]
  0x00007ff96c0bf800 JavaThread "C2 CompilerThread1" daemon [_thread_blocked, id=2194, stack(0x00007ff953f00000,0x00007ff954000000)]
  0x00007ff96c0bc800 JavaThread "C2 CompilerThread0" daemon [_thread_blocked, id=2193, stack(0x00007ff958024000,0x00007ff958124000)]
  0x00007ff96c0b8800 JavaThread "Signal Dispatcher" daemon [_thread_blocked, id=2192, stack(0x00007ff958124000,0x00007ff958225000)]
  0x00007ff96c088800 JavaThread "Finalizer" daemon [_thread_blocked, id=2191, stack(0x00007ff958bf4000,0x00007ff958cf5000)]
  0x00007ff96c086000 JavaThread "Reference Handler" daemon [_thread_blocked, id=2190, stack(0x00007ff958cf5000,0x00007ff958df6000)]
  0x00007ff96c00e800 JavaThread "main" [_thread_blocked, id=2184, stack(0x00007ff971ae4000,0x00007ff971be4000)]

Other Threads:
=>0x00007ff96c07c800 VMThread [stack: 0x00007ff958df7000,0x00007ff958ef7000] [id=2189]
  0x00007ff96c0c7000 WatcherThread [stack: 0x00007ff953bfd000,0x00007ff953cfd000] [id=2198]

VM state:at safepoint (normal execution)

VM Mutex/Monitor currently owned by a thread:  ([mutex/lock_event])
[0x00007ff96c00a9e0] ExpandHeap_lock - owner thread: 0x00007ff96c07c800
[0x00007ff96c00b060] Threads_lock - owner thread: 0x00007ff96c07c800
[0x00007ff96c00b560] Heap_lock - owner thread: 0x00007ff96c189000

heap address: 0x00000006c0000000, size: 4096 MB, Compressed Oops mode: Zero based, Oop shift amount: 3
Narrow klass base: 0x0000000000000000, Narrow klass shift: 3
Compressed class space size: 1073741824 Address: 0x00000007c0000000

Heap:
 PSYoungGen      total 781312K, used 127408K [0x000000076ab00000, 0x00000007b3780000, 0x00000007c0000000)
  eden space 504320K, 0% used [0x000000076ab00000,0x000000076ab00000,0x0000000789780000)
  from space 276992K, 45% used [0x0000000789780000,0x00000007913ec2e0,0x000000079a600000)
  to   space 295424K, 0% used [0x00000007a1700000,0x00000007a1700000,0x00000007b3780000)
 ParOldGen       total 578560K, used 578373K [0x00000006c0000000, 0x00000006e3500000, 0x000000076ab00000)
  object space 578560K, 99% used [0x00000006c0000000,0x00000006e34d1598,0x00000006e3500000)
 Metaspace       used 6653K, capacity 7344K, committed 7552K, reserved 1056768K
  class space    used 599K, capacity 616K, committed 640K, reserved 1048576K

Card table byte_map: [0x00007ff95b9f5000,0x00007ff95c1f6000] byte_map_base: 0x00007ff9583f5000

Marking Bits: (ParMarkBitMap*) 0x00007ff9711b2920
 Begin Bits: [0x00007ff934000000, 0x00007ff938000000)
 End Bits:   [0x00007ff938000000, 0x00007ff93c000000)

Polling page: 0x00007ff971c0c000

CodeCache: size=245760Kb used=11725Kb max_used=11866Kb free=234034Kb
 bounds [0x00007ff95c5b6000, 0x00007ff95d246000, 0x00007ff96b5b6000]
 total_blobs=2629 nmethods=2356 adapters=187
 compilation: enabled

Compilation events (10 events):
Event: 26.587 Thread 0x00007ff96c0c1800 3029   !   3       java.util.concurrent.ConcurrentHashMap::putVal (362 bytes)
Event: 26.590 Thread 0x00007ff96c0c1800 nmethod 3029 0x00007ff95d132190 code [0x00007ff95d132440, 0x00007ff95d133d78]
Event: 26.625 Thread 0x00007ff96c0c1800 3031       1       com.android.dx.rop.cst.CstLiteral32::fitsInInt (2 bytes)
Event: 26.625 Thread 0x00007ff96c0c1800 nmethod 3031 0x00007ff95c8646d0 code [0x00007ff95c864820, 0x00007ff95c864930]
Event: 26.629 Thread 0x00007ff96c0bc800 nmethod 3028 0x00007ff95c9e0750 code [0x00007ff95c9e0960, 0x00007ff95c9e18d8]
Event: 26.629 Thread 0x00007ff96c0bc800 3026       4       com.android.dx.rop.code.RegisterSpec::withReg (23 bytes)
Event: 26.683 Thread 0x00007ff96c0c1800 3033       3       com.android.dx.rop.type.Prototype::fromDescriptor (200 bytes)
Event: 26.687 Thread 0x00007ff96c0c1800 nmethod 3033 0x00007ff95c7b2610 code [0x00007ff95c7b2960, 0x00007ff95c7b4388]
Event: 26.701 Thread 0x00007ff96c0bc800 nmethod 3026 0x00007ff95cba4cd0 code [0x00007ff95cba4ee0, 0x00007ff95cba5e58]
Event: 26.701 Thread 0x00007ff96c0bc800 3024       4       com.android.dx.dex.file.ValueEncoder::addContents (75 bytes)

GC Heap History (10 events):
Event: 17.689 GC heap after
Heap after GC invocations=19 (full 3):
 PSYoungGen      total 678912K, used 129682K [0x000000076ab00000, 0x00000007a1e00000, 0x00000007c0000000)
  eden space 494080K, 0% used [0x000000076ab00000,0x000000076ab00000,0x0000000788d80000)
  from space 184832K, 70% used [0x0000000794d00000,0x000000079cba4bc8,0x00000007a0180000)
  to   space 196096K, 0% used [0x0000000788d80000,0x0000000788d80000,0x0000000794d00000)
 ParOldGen       total 375296K, used 374903K [0x00000006c0000000, 0x00000006d6e80000, 0x000000076ab00000)
  object space 375296K, 99% used [0x00000006c0000000,0x00000006d6e1dcf8,0x00000006d6e80000)
 Metaspace       used 6643K, capacity 7344K, committed 7552K, reserved 1056768K
  class space    used 598K, capacity 616K, committed 640K, reserved 1048576K
}
Event: 17.689 GC heap before
{Heap before GC invocations=20 (full 4):
 PSYoungGen      total 678912K, used 129682K [0x000000076ab00000, 0x00000007a1e00000, 0x00000007c0000000)
  eden space 494080K, 0% used [0x000000076ab00000,0x000000076ab00000,0x0000000788d80000)
  from space 184832K, 70% used [0x0000000794d00000,0x000000079cba4bc8,0x00000007a0180000)
  to   space 196096K, 0% used [0x0000000788d80000,0x0000000788d80000,0x0000000794d00000)
 ParOldGen       total 375296K, used 374903K [0x00000006c0000000, 0x00000006d6e80000, 0x000000076ab00000)
  object space 375296K, 99% used [0x00000006c0000000,0x00000006d6e1dcf8,0x00000006d6e80000)
 Metaspace       used 6643K, capacity 7344K, committed 7552K, reserved 1056768K
  class space    used 598K, capacity 616K, committed 640K, reserved 1048576K
Event: 21.375 GC heap after
Heap after GC invocations=20 (full 4):
 PSYoungGen      total 678912K, used 120485K [0x000000076ab00000, 0x00000007a1e00000, 0x00000007c0000000)
  eden space 494080K, 0% used [0x000000076ab00000,0x000000076ab00000,0x0000000788d80000)
  from space 184832K, 65% used [0x0000000794d00000,0x000000079c2a95a0,0x00000007a0180000)
  to   space 196096K, 0% used [0x0000000788d80000,0x0000000788d80000,0x0000000794d00000)
 ParOldGen       total 578560K, used 375147K [0x00000006c0000000, 0x00000006e3500000, 0x000000076ab00000)
  object space 578560K, 64% used [0x00000006c0000000,0x00000006d6e5af40,0x00000006e3500000)
 Metaspace       used 6643K, capacity 7344K, committed 7552K, reserved 1056768K
  class space    used 598K, capacity 616K, committed 640K, reserved 1048576K
}
Event: 22.807 GC heap before
{Heap before GC invocations=21 (full 4):
 PSYoungGen      total 678912K, used 614565K [0x000000076ab00000, 0x00000007a1e00000, 0x00000007c0000000)
  eden space 494080K, 100% used [0x000000076ab00000,0x0000000788d80000,0x0000000788d80000)
  from space 184832K, 65% used [0x0000000794d00000,0x000000079c2a95a0,0x00000007a0180000)
  to   space 196096K, 0% used [0x0000000788d80000,0x0000000788d80000,0x0000000794d00000)
 ParOldGen       total 578560K, used 375147K [0x00000006c0000000, 0x00000006e3500000, 0x000000076ab00000)
  object space 578560K, 64% used [0x00000006c0000000,0x00000006d6e5af40,0x00000006e3500000)
 Metaspace       used 6646K, capacity 7344K, committed 7552K, reserved 1056768K
  class space    used 598K, capacity 616K, committed 640K, reserved 1048576K
Event: 23.076 GC heap after
Heap after GC invocations=21 (full 4):
 PSYoungGen      total 690176K, used 186830K [0x000000076ab00000, 0x00000007a8280000, 0x00000007c0000000)
  eden space 494080K, 0% used [0x000000076ab00000,0x000000076ab00000,0x0000000788d80000)
  from space 196096K, 95% used [0x0000000788d80000,0x00000007943f38c8,0x0000000794d00000)
  to   space 225792K, 0% used [0x000000079a600000,0x000000079a600000,0x00000007a8280000)
 ParOldGen       total 578560K, used 375147K [0x00000006c0000000, 0x00000006e3500000, 0x000000076ab00000)
  object space 578560K, 64% used [0x00000006c0000000,0x00000006d6e5af40,0x00000006e3500000)
 Metaspace       used 6646K, capacity 7344K, committed 7552K, reserved 1056768K
  class space    used 598K, capacity 616K, committed 640K, reserved 1048576K
}
Event: 24.493 GC heap before
{Heap before GC invocations=22 (full 4):
 PSYoungGen      total 690176K, used 680910K [0x000000076ab00000, 0x00000007a8280000, 0x00000007c0000000)
  eden space 494080K, 100% used [0x000000076ab00000,0x0000000788d80000,0x0000000788d80000)
  from space 196096K, 95% used [0x0000000788d80000,0x00000007943f38c8,0x0000000794d00000)
  to   space 225792K, 0% used [0x000000079a600000,0x000000079a600000,0x00000007a8280000)
 ParOldGen       total 578560K, used 375147K [0x00000006c0000000, 0x00000006e3500000, 0x000000076ab00000)
  object space 578560K, 64% used [0x00000006c0000000,0x00000006d6e5af40,0x00000006e3500000)
 Metaspace       used 6651K, capacity 7344K, committed 7552K, reserved 1056768K
  class space    used 599K, capacity 616K, committed 640K, reserved 1048576K
Event: 25.075 GC heap after
Heap after GC invocations=22 (full 4):
 PSYoungGen      total 730112K, used 225773K [0x000000076ab00000, 0x00000007af580000, 0x00000007c0000000)
  eden space 504320K, 0% used [0x000000076ab00000,0x000000076ab00000,0x0000000789780000)
  from space 225792K, 99% used [0x000000079a600000,0x00000007a827b5f0,0x00000007a8280000)
  to   space 276992K, 0% used [0x0000000789780000,0x0000000789780000,0x000000079a600000)
 ParOldGen       total 578560K, used 411212K [0x00000006c0000000, 0x00000006e3500000, 0x000000076ab00000)
  object space 578560K, 71% used [0x00000006c0000000,0x00000006d9193260,0x00000006e3500000)
 Metaspace       used 6651K, capacity 7344K, committed 7552K, reserved 1056768K
  class space    used 599K, capacity 616K, committed 640K, reserved 1048576K
}
Event: 26.720 GC heap before
{Heap before GC invocations=23 (full 4):
 PSYoungGen      total 730112K, used 730093K [0x000000076ab00000, 0x00000007af580000, 0x00000007c0000000)
  eden space 504320K, 100% used [0x000000076ab00000,0x0000000789780000,0x0000000789780000)
  from space 225792K, 99% used [0x000000079a600000,0x00000007a827b5f0,0x00000007a8280000)
  to   space 276992K, 0% used [0x0000000789780000,0x0000000789780000,0x000000079a600000)
 ParOldGen       total 578560K, used 411212K [0x00000006c0000000, 0x00000006e3500000, 0x000000076ab00000)
  object space 578560K, 71% used [0x00000006c0000000,0x00000006d9193260,0x00000006e3500000)
 Metaspace       used 6653K, capacity 7344K, committed 7552K, reserved 1056768K
  class space    used 599K, capacity 616K, committed 640K, reserved 1048576K
Event: 28.067 GC heap after
Heap after GC invocations=23 (full 4):
 PSYoungGen      total 781312K, used 199343K [0x000000076ab00000, 0x00000007b3780000, 0x00000007c0000000)
  eden space 504320K, 0% used [0x000000076ab00000,0x000000076ab00000,0x0000000789780000)
  from space 276992K, 71% used [0x0000000789780000,0x0000000795a2be70,0x000000079a600000)
  to   space 295424K, 0% used [0x00000007a1700000,0x00000007a1700000,0x00000007b3780000)
 ParOldGen       total 578560K, used 514572K [0x00000006c0000000, 0x00000006e3500000, 0x000000076ab00000)
  object space 578560K, 88% used [0x00000006c0000000,0x00000006df683320,0x00000006e3500000)
 Metaspace       used 6653K, capacity 7344K, committed 7552K, reserved 1056768K
  class space    used 599K, capacity 616K, committed 640K, reserved 1048576K
}
Event: 28.096 GC heap before
{Heap before GC invocations=24 (full 5):
 PSYoungGen      total 781312K, used 199343K [0x000000076ab00000, 0x00000007b3780000, 0x00000007c0000000)
  eden space 504320K, 0% used [0x000000076ab00000,0x000000076ab00000,0x0000000789780000)
  from space 276992K, 71% used [0x0000000789780000,0x0000000795a2be70,0x000000079a600000)
  to   space 295424K, 0% used [0x00000007a1700000,0x00000007a1700000,0x00000007b3780000)
 ParOldGen       total 578560K, used 514572K [0x00000006c0000000, 0x00000006e3500000, 0x000000076ab00000)
  object space 578560K, 88% used [0x00000006c0000000,0x00000006df683320,0x00000006e3500000)
 Metaspace       used 6653K, capacity 7344K, committed 7552K, reserved 1056768K
  class space    used 599K, capacity 616K, committed 640K, reserved 1048576K

Deoptimization events (10 events):
Event: 24.024 Thread 0x00007ff96c189000 Uncommon trap: reason=unstable_if action=reinterpret pc=0x00007ff95c816338 method=java.util.HashMap.resize()[Ljava/util/HashMap$Node; @ 206
Event: 24.024 Thread 0x00007ff96c189000 Uncommon trap: reason=unstable_if action=reinterpret pc=0x00007ff95c85da00 method=java.util.HashMap.resize()[Ljava/util/HashMap$Node; @ 206
Event: 24.309 Thread 0x00007ff96c00e800 Uncommon trap: reason=unstable_if action=reinterpret pc=0x00007ff95cf2672c method=com.android.dx.cf.code.Merger.isPossiblyAssignableFrom(Lcom/android/dx/rop/type/TypeBearer;Lcom/android/dx/rop/type/TypeBearer;)Z @ 131
Event: 24.309 Thread 0x00007ff96c00e800 Uncommon trap: reason=unstable_if action=reinterpret pc=0x00007ff95d121608 method=com.android.dx.cf.code.Merger.isPossiblyAssignableFrom(Lcom/android/dx/rop/type/TypeBearer;Lcom/android/dx/rop/type/TypeBearer;)Z @ 131
Event: 24.337 Thread 0x00007ff96c00e800 Uncommon trap: reason=null_check action=make_not_entrant pc=0x00007ff95cf8c940 method=com.android.dx.dex.file.FieldIdsSection.intern(Lcom/android/dx/rop/cst/CstFieldRef;)Lcom/android/dx/dex/file/FieldIdItem; @ 26
Event: 25.292 Thread 0x00007ff96c188000 Uncommon trap: reason=unstable_if action=reinterpret pc=0x00007ff95cdc5b24 method=com.android.dx.ssa.back.SsaToRop.convertBasicBlock(Lcom/android/dx/ssa/SsaBasicBlock;)Lcom/android/dx/rop/code/BasicBlock; @ 21
Event: 25.668 Thread 0x00007ff96c188000 Uncommon trap: reason=null_check action=make_not_entrant pc=0x00007ff95c924f4c method=com.android.dx.dex.file.FieldIdsSection.intern(Lcom/android/dx/rop/cst/CstFieldRef;)Lcom/android/dx/dex/file/FieldIdItem; @ 26
Event: 26.132 Thread 0x00007ff96c188000 Uncommon trap: reason=class_check action=maybe_recompile pc=0x00007ff95ca52fc4 method=com.android.dx.ssa.SsaConverter.placePhiFunctions(Lcom/android/dx/ssa/SsaMethod;Lcom/android/dx/ssa/LocalVariableInfo;I)V @ 257
Event: 26.508 Thread 0x00007ff96c189000 Uncommon trap: reason=unstable_if action=reinterpret pc=0x00007ff95d138ab8 method=java.util.concurrent.ConcurrentHashMap.addCount(JI)V @ 97
Event: 26.712 Thread 0x00007ff96c182000 Uncommon trap: reason=unstable_if action=reinterpret pc=0x00007ff95d226cf4 method=com.android.dx.rop.code.DexTranslationAdvice.hasConstantOperation(Lcom/android/dx/rop/code/Rop;Lcom/android/dx/rop/code/RegisterSpec;Lcom/android/dx/rop/code/RegisterSpec;)Z

Classes redefined (0 events):
No events

Internal exceptions (9 events):
Event: 0.105 Thread 0x00007ff96c00e800 Exception <a 'java/lang/NoSuchMethodError': Method sun.misc.Unsafe.defineClass(Ljava/lang/String;[BII)Ljava/lang/Class; name or signature does not match> (0x000000076ab07cb0) thrown at [/usr/local/google/buildbot/src/googleplex-android/openjdk/out/hotspot
Event: 0.105 Thread 0x00007ff96c00e800 Exception <a 'java/lang/NoSuchMethodError': Method sun.misc.Unsafe.prefetchRead(Ljava/lang/Object;J)V name or signature does not match> (0x000000076ab07f98) thrown at [/usr/local/google/buildbot/src/googleplex-android/openjdk/out/hotspot/src/share/vm/prim
Event: 0.886 Thread 0x00007ff96c188000 Implicit null exception at 0x00007ff95c84be89 to 0x00007ff95c84e40d
Event: 0.886 Thread 0x00007ff96c188000 Implicit null exception at 0x00007ff95c83abf3 to 0x00007ff95c83d70d
Event: 1.202 Thread 0x00007ff96c182000 Exception <a 'java/lang/ArrayIndexOutOfBoundsException': 18> (0x000000076af4e520) thrown at [/usr/local/google/buildbot/src/googleplex-android/openjdk/out/hotspot/src/share/vm/interpreter/interpreterRuntime.cpp, line 368]
Event: 1.203 Thread 0x00007ff96c182000 Exception <a 'java/lang/ArrayIndexOutOfBoundsException': 145> (0x000000076af500a0) thrown at [/usr/local/google/buildbot/src/googleplex-android/openjdk/out/hotspot/src/share/vm/interpreter/interpreterRuntime.cpp, line 368]
Event: 1.204 Thread 0x00007ff96c182000 Exception <a 'java/lang/ArrayIndexOutOfBoundsException': 40> (0x000000076af51388) thrown at [/usr/local/google/buildbot/src/googleplex-android/openjdk/out/hotspot/src/share/vm/interpreter/interpreterRuntime.cpp, line 368]
Event: 16.983 Thread 0x00007ff96c185800 Implicit null exception at 0x00007ff95cf2f44c to 0x00007ff95cf365b5
Event: 16.984 Thread 0x00007ff96c185800 Implicit null exception at 0x00007ff95ce62ec9 to 0x00007ff95ce68e7d

Events (10 events):
Event: 26.673 Thread 0x00007ff96c189000 DEOPT PACKING pc=0x00007ff95cf9d902 sp=0x00007ff9537f6110
Event: 26.673 Thread 0x00007ff96c189000 DEOPT UNPACKING pc=0x00007ff95c5fd4c4 sp=0x00007ff9537f5f60 mode 0
Event: 26.694 Thread 0x00007ff96c00e800 DEOPT PACKING pc=0x00007ff95cf9d902 sp=0x00007ff971be17e0
Event: 26.694 Thread 0x00007ff96c00e800 DEOPT UNPACKING pc=0x00007ff95c5fd4c4 sp=0x00007ff971be1630 mode 0
Event: 26.709 Thread 0x00007ff96c185800 DEOPT PACKING pc=0x00007ff95cf9dc47 sp=0x00007ff9539f8110
Event: 26.709 Thread 0x00007ff96c185800 DEOPT UNPACKING pc=0x00007ff95c5fd4c4 sp=0x00007ff9539f7f60 mode 0
Event: 26.712 Thread 0x00007ff96c182000 Uncommon trap: trap_request=0xffffff65 fr.pc=0x00007ff95d226cf4
Event: 26.712 Thread 0x00007ff96c182000 DEOPT PACKING pc=0x00007ff95d226cf4 sp=0x00007ff953bf9b50
Event: 26.712 Thread 0x00007ff96c182000 DEOPT UNPACKING pc=0x00007ff95c5fb47a sp=0x00007ff953bf9a80 mode 2
Event: 26.719 Executing VM operation: ParallelGCFailedAllocation


Dynamic libraries:
00400000-00401000 r-xp 00000000 08:01 7352713                            /home/niroop/Documents/android-studio/jre/bin/java
00401000-00402000 rw-p 00000000 08:01 7352713                            /home/niroop/Documents/android-studio/jre/bin/java
01e1e000-01e3f000 rw-p 00000000 00:00 0                                  [heap]
6c0000000-6e3500000 rw-p 00000000 00:00 0 
6f3100000-76ab00000 ---p 00000000 00:00 0 
76ab00000-7b3780000 rw-p 00000000 00:00 0 
7b3780000-7c0000000 ---p 00000000 00:00 0 
7c0000000-7c00a0000 rw-p 00000000 00:00 0 
7c00a0000-800000000 ---p 00000000 00:00 0 
7ff8fc000000-7ff8fc06a000 rw-p 00000000 00:00 0 
7ff8fc06a000-7ff900000000 ---p 00000000 00:00 0 
7ff904000000-7ff904068000 rw-p 00000000 00:00 0 
7ff904068000-7ff908000000 ---p 00000000 00:00 0 
7ff908000000-7ff908058000 rw-p 00000000 00:00 0 
7ff908058000-7ff90c000000 ---p 00000000 00:00 0 
7ff90c000000-7ff90c078000 rw-p 00000000 00:00 0 
7ff90c078000-7ff910000000 ---p 00000000 00:00 0 
7ff910000000-7ff910021000 rw-p 00000000 00:00 0 
7ff910021000-7ff914000000 ---p 00000000 00:00 0 
7ff914000000-7ff914021000 rw-p 00000000 00:00 0 
7ff914021000-7ff918000000 ---p 00000000 00:00 0 
7ff918000000-7ff918021000 rw-p 00000000 00:00 0 
7ff918021000-7ff91c000000 ---p 00000000 00:00 0 
7ff91c000000-7ff91d5c2000 rw-p 00000000 00:00 0 
7ff91d5c2000-7ff920000000 ---p 00000000 00:00 0 
7ff920000000-7ff920ae2000 rw-p 00000000 00:00 0 
7ff920ae2000-7ff924000000 ---p 00000000 00:00 0 
7ff924000000-7ff924021000 rw-p 00000000 00:00 0 
7ff924021000-7ff928000000 ---p 00000000 00:00 0 
7ff928000000-7ff9297c3000 rw-p 00000000 00:00 0 
7ff9297c3000-7ff92c000000 ---p 00000000 00:00 0 
7ff92c000000-7ff92c021000 rw-p 00000000 00:00 0 
7ff92c021000-7ff930000000 ---p 00000000 00:00 0 
7ff930000000-7ff930021000 rw-p 00000000 00:00 0 
7ff930021000-7ff934000000 ---p 00000000 00:00 0 
7ff934000000-7ff93c000000 rw-p 00000000 00:00 0 
7ff93c000000-7ff93c021000 rw-p 00000000 00:00 0 
7ff93c021000-7ff940000000 ---p 00000000 00:00 0 
7ff940000000-7ff9402dd000 rw-p 00000000 00:00 0 
7ff9402dd000-7ff944000000 ---p 00000000 00:00 0 
7ff944000000-7ff944021000 rw-p 00000000 00:00 0 
7ff944021000-7ff948000000 ---p 00000000 00:00 0 
7ff94c000000-7ff94c021000 rw-p 00000000 00:00 0 
7ff94c021000-7ff950000000 ---p 00000000 00:00 0 
7ff9536e0000-7ff9536f7000 r--s 00104000 08:01 12611209                   /home/niroop/.gradle/caches/modules-2/files-2.1/cz.msebera.android/httpclient/4.4.1.1/c8d96f6fd2bcc179c312da33ee670a71188cc60d/httpclient-4.4.1.1.jar
7ff9536f7000-7ff9536fa000 ---p 00000000 00:00 0 
7ff9536fa000-7ff9537f8000 rw-p 00000000 00:00 0 
7ff9537f8000-7ff9537fb000 ---p 00000000 00:00 0 
7ff9537fb000-7ff9538f9000 rw-p 00000000 00:00 0 
7ff9538f9000-7ff9538fc000 ---p 00000000 00:00 0 
7ff9538fc000-7ff9539fa000 rw-p 00000000 00:00 0 
7ff9539fa000-7ff9539fd000 ---p 00000000 00:00 0 
7ff9539fd000-7ff953afb000 rw-p 00000000 00:00 0 
7ff953afb000-7ff953afe000 ---p 00000000 00:00 0 
7ff953afe000-7ff953bfc000 rw-p 00000000 00:00 0 
7ff953bfc000-7ff953bfd000 ---p 00000000 00:00 0 
7ff953bfd000-7ff953cfd000 rw-p 00000000 00:00 0 
7ff953cfd000-7ff953d00000 ---p 00000000 00:00 0 
7ff953d00000-7ff953dfe000 rw-p 00000000 00:00 0 
7ff953dfe000-7ff953dff000 ---p 00000000 00:00 0 
7ff953dff000-7ff953e02000 ---p 00000000 00:00 0 
7ff953e02000-7ff953eff000 rw-p 00000000 00:00 0 
7ff953eff000-7ff953f00000 ---p 00000000 00:00 0 
7ff953f00000-7ff953f03000 ---p 00000000 00:00 0 
7ff953f03000-7ff954000000 rw-p 00000000 00:00 0 
7ff954000000-7ff954021000 rw-p 00000000 00:00 0 
7ff954021000-7ff958000000 ---p 00000000 00:00 0 
7ff958014000-7ff958023000 r--s 000e4000 08:01 11851761                   /home/niroop/Android/Sdk/build-tools/26.0.0/lib/dx.jar
7ff958023000-7ff958024000 ---p 00000000 00:00 0 
7ff958024000-7ff958027000 ---p 00000000 00:00 0 
7ff958027000-7ff958124000 rw-p 00000000 00:00 0 
7ff958124000-7ff958127000 ---p 00000000 00:00 0 
7ff958127000-7ff958225000 rw-p 00000000 00:00 0 
7ff958225000-7ff958bf4000 r--p 00000000 08:01 6036074                    /usr/lib/locale/locale-archive
7ff958bf4000-7ff958bf7000 ---p 00000000 00:00 0 
7ff958bf7000-7ff958cf5000 rw-p 00000000 00:00 0 
7ff958cf5000-7ff958cf8000 ---p 00000000 00:00 0 
7ff958cf8000-7ff958df6000 rw-p 00000000 00:00 0 
7ff958df6000-7ff958df7000 ---p 00000000 00:00 0 
7ff958df7000-7ff959ef9000 rw-p 00000000 00:00 0 
7ff959ef9000-7ff95a0cb000 r--s 03cad000 08:01 7352843                    /home/niroop/Documents/android-studio/jre/jre/lib/rt.jar
7ff95a0cb000-7ff95a85c000 rw-p 00000000 00:00 0 
7ff95a85c000-7ff95a99c000 ---p 00000000 00:00 0 
7ff95a99c000-7ff95b19c000 rw-p 00000000 00:00 0 
7ff95b19c000-7ff95b19d000 ---p 00000000 00:00 0 
7ff95b19d000-7ff95b29d000 rw-p 00000000 00:00 0 
7ff95b29d000-7ff95b29e000 ---p 00000000 00:00 0 
7ff95b29e000-7ff95b39e000 rw-p 00000000 00:00 0 
7ff95b39e000-7ff95b39f000 ---p 00000000 00:00 0 
7ff95b39f000-7ff95b5ba000 rw-p 00000000 00:00 0 
7ff95b5ba000-7ff95b9f5000 ---p 00000000 00:00 0 
7ff95b9f5000-7ff95bb10000 rw-p 00000000 00:00 0 
7ff95bb10000-7ff95bf4a000 ---p 00000000 00:00 0 
7ff95bf4a000-7ff95c191000 rw-p 00000000 00:00 0 
7ff95c191000-7ff95c1f5000 ---p 00000000 00:00 0 
7ff95c1f5000-7ff95c229000 rw-p 00000000 00:00 0 
7ff95c229000-7ff95c5b6000 ---p 00000000 00:00 0 
7ff95c5b6000-7ff95d246000 rwxp 00000000 00:00 0 
7ff95d246000-7ff96b5b6000 ---p 00000000 00:00 0 
7ff96b5b6000-7ff96b5c1000 r-xp 00000000 08:01 1840165                    /lib/x86_64-linux-gnu/libnss_files-2.27.so
7ff96b5c1000-7ff96b7c0000 ---p 0000b000 08:01 1840165                    /lib/x86_64-linux-gnu/libnss_files-2.27.so
7ff96b7c0000-7ff96b7c1000 r--p 0000a000 08:01 1840165                    /lib/x86_64-linux-gnu/libnss_files-2.27.so
7ff96b7c1000-7ff96b7c2000 rw-p 0000b000 08:01 1840165                    /lib/x86_64-linux-gnu/libnss_files-2.27.so
7ff96b7c2000-7ff96b7c8000 rw-p 00000000 00:00 0 
7ff96b7c8000-7ff96b7df000 r-xp 00000000 08:01 1840159                    /lib/x86_64-linux-gnu/libnsl-2.27.so
7ff96b7df000-7ff96b9de000 ---p 00017000 08:01 1840159                    /lib/x86_64-linux-gnu/libnsl-2.27.so
7ff96b9de000-7ff96b9df000 r--p 00016000 08:01 1840159                    /lib/x86_64-linux-gnu/libnsl-2.27.so
7ff96b9df000-7ff96b9e0000 rw-p 00017000 08:01 1840159                    /lib/x86_64-linux-gnu/libnsl-2.27.so
7ff96b9e0000-7ff96b9e2000 rw-p 00000000 00:00 0 
7ff96b9e2000-7ff96b9ed000 r-xp 00000000 08:01 1840176                    /lib/x86_64-linux-gnu/libnss_nis-2.27.so
7ff96b9ed000-7ff96bbec000 ---p 0000b000 08:01 1840176                    /lib/x86_64-linux-gnu/libnss_nis-2.27.so
7ff96bbec000-7ff96bbed000 r--p 0000a000 08:01 1840176                    /lib/x86_64-linux-gnu/libnss_nis-2.27.so
7ff96bbed000-7ff96bbee000 rw-p 0000b000 08:01 1840176                    /lib/x86_64-linux-gnu/libnss_nis-2.27.so
7ff96bbee000-7ff96bbf6000 r-xp 00000000 08:01 1840161                    /lib/x86_64-linux-gnu/libnss_compat-2.27.so
7ff96bbf6000-7ff96bdf6000 ---p 00008000 08:01 1840161                    /lib/x86_64-linux-gnu/libnss_compat-2.27.so
7ff96bdf6000-7ff96bdf7000 r--p 00008000 08:01 1840161                    /lib/x86_64-linux-gnu/libnss_compat-2.27.so
7ff96bdf7000-7ff96bdf8000 rw-p 00009000 08:01 1840161                    /lib/x86_64-linux-gnu/libnss_compat-2.27.so
7ff96bdf8000-7ff96bdff000 r-xp 00000000 08:01 1840216                    /lib/x86_64-linux-gnu/librt-2.27.so
7ff96bdff000-7ff96bffe000 ---p 00007000 08:01 1840216                    /lib/x86_64-linux-gnu/librt-2.27.so
7ff96bffe000-7ff96bfff000 r--p 00006000 08:01 1840216                    /lib/x86_64-linux-gnu/librt-2.27.so
7ff96bfff000-7ff96c000000 rw-p 00007000 08:01 1840216                    /lib/x86_64-linux-gnu/librt-2.27.so
7ff96c000000-7ff96c40a000 rw-p 00000000 00:00 0 
7ff96c40a000-7ff970000000 ---p 00000000 00:00 0 
7ff970008000-7ff970009000 ---p 00000000 00:00 0 
7ff970009000-7ff970109000 rw-p 00000000 00:00 0 
7ff970109000-7ff9702a6000 r-xp 00000000 08:01 1840138                    /lib/x86_64-linux-gnu/libm-2.27.so
7ff9702a6000-7ff9704a5000 ---p 0019d000 08:01 1840138                    /lib/x86_64-linux-gnu/libm-2.27.so
7ff9704a5000-7ff9704a6000 r--p 0019c000 08:01 1840138                    /lib/x86_64-linux-gnu/libm-2.27.so
7ff9704a6000-7ff9704a7000 rw-p 0019d000 08:01 1840138                    /lib/x86_64-linux-gnu/libm-2.27.so
7ff9704a7000-7ff9710cd000 r-xp 00000000 08:01 7352820                    /home/niroop/Documents/android-studio/jre/jre/lib/amd64/server/libjvm.so
7ff9710cd000-7ff97119d000 rw-p 00c26000 08:01 7352820                    /home/niroop/Documents/android-studio/jre/jre/lib/amd64/server/libjvm.so
7ff97119d000-7ff9711e1000 rw-p 00000000 00:00 0 
7ff9711e1000-7ff9713c8000 r-xp 00000000 08:01 1840075                    /lib/x86_64-linux-gnu/libc-2.27.so
7ff9713c8000-7ff9715c8000 ---p 001e7000 08:01 1840075                    /lib/x86_64-linux-gnu/libc-2.27.so
7ff9715c8000-7ff9715cc000 r--p 001e7000 08:01 1840075                    /lib/x86_64-linux-gnu/libc-2.27.so
7ff9715cc000-7ff9715ce000 rw-p 001eb000 08:01 1840075                    /lib/x86_64-linux-gnu/libc-2.27.so
7ff9715ce000-7ff9715d2000 rw-p 00000000 00:00 0 
7ff9715d2000-7ff9715d5000 r-xp 00000000 08:01 1840098                    /lib/x86_64-linux-gnu/libdl-2.27.so
7ff9715d5000-7ff9717d4000 ---p 00003000 08:01 1840098                    /lib/x86_64-linux-gnu/libdl-2.27.so
7ff9717d4000-7ff9717d5000 r--p 00002000 08:01 1840098                    /lib/x86_64-linux-gnu/libdl-2.27.so
7ff9717d5000-7ff9717d6000 rw-p 00003000 08:01 1840098                    /lib/x86_64-linux-gnu/libdl-2.27.so
7ff9717d6000-7ff9717f0000 r-xp 00000000 08:01 1840208                    /lib/x86_64-linux-gnu/libpthread-2.27.so
7ff9717f0000-7ff9719ef000 ---p 0001a000 08:01 1840208                    /lib/x86_64-linux-gnu/libpthread-2.27.so
7ff9719ef000-7ff9719f0000 r--p 00019000 08:01 1840208                    /lib/x86_64-linux-gnu/libpthread-2.27.so
7ff9719f0000-7ff9719f1000 rw-p 0001a000 08:01 1840208                    /lib/x86_64-linux-gnu/libpthread-2.27.so
7ff9719f1000-7ff9719f5000 rw-p 00000000 00:00 0 
7ff9719f5000-7ff971a1c000 r-xp 00000000 08:01 1840047                    /lib/x86_64-linux-gnu/ld-2.27.so
7ff971a23000-7ff971a9b000 rw-p 00000000 00:00 0 
7ff971a9b000-7ff971ab6000 r-xp 00000000 08:01 7352802                    /home/niroop/Documents/android-studio/jre/jre/lib/amd64/libzip.so
7ff971ab6000-7ff971ab7000 rw-p 0001a000 08:01 7352802                    /home/niroop/Documents/android-studio/jre/jre/lib/amd64/libzip.so
7ff971ab7000-7ff971ae1000 r-xp 00000000 08:01 7352810                    /home/niroop/Documents/android-studio/jre/jre/lib/amd64/libjava.so
7ff971ae1000-7ff971ae3000 rw-p 0002a000 08:01 7352810                    /home/niroop/Documents/android-studio/jre/jre/lib/amd64/libjava.so
7ff971ae3000-7ff971ae4000 ---p 00000000 00:00 0 
7ff971ae4000-7ff971ae7000 ---p 00000000 00:00 0 
7ff971ae7000-7ff971be6000 rw-p 00000000 00:00 0 
7ff971be6000-7ff971bfc000 r-xp 00000000 08:01 7352701                    /home/niroop/Documents/android-studio/jre/lib/amd64/jli/libjli.so
7ff971bfc000-7ff971bfd000 rw-p 00015000 08:01 7352701                    /home/niroop/Documents/android-studio/jre/lib/amd64/jli/libjli.so
7ff971bfd000-7ff971bff000 rw-p 00000000 00:00 0 
7ff971c03000-7ff971c0b000 rw-s 00000000 08:01 12583440                   /tmp/hsperfdata_niroop/2178
7ff971c0b000-7ff971c0c000 rw-p 00000000 00:00 0 
7ff971c0c000-7ff971c0d000 ---p 00000000 00:00 0 
7ff971c0d000-7ff971c1a000 r-xp 00000000 08:01 7352798                    /home/niroop/Documents/android-studio/jre/jre/lib/amd64/libverify.so
7ff971c1a000-7ff971c1c000 rw-p 0000c000 08:01 7352798                    /home/niroop/Documents/android-studio/jre/jre/lib/amd64/libverify.so
7ff971c1c000-7ff971c1d000 r--p 00027000 08:01 1840047                    /lib/x86_64-linux-gnu/ld-2.27.so
7ff971c1d000-7ff971c1e000 rw-p 00028000 08:01 1840047                    /lib/x86_64-linux-gnu/ld-2.27.so
7ff971c1e000-7ff971c1f000 rw-p 00000000 00:00 0 
7fff384d2000-7fff384f4000 rw-p 00000000 00:00 0                          [stack]
7fff384f9000-7fff384fc000 r--p 00000000 00:00 0                          [vvar]
7fff384fc000-7fff384fd000 r-xp 00000000 00:00 0                          [vdso]
ffffffffff600000-ffffffffff601000 r-xp 00000000 00:00 0                  [vsyscall]

VM Arguments:
jvm_args: -Djava.awt.headless=true -Xmx4g -Dfile.encoding=UTF-8 -Duser.country=IN -Duser.language=en -Duser.variant 
java_command: com.android.dx.command.Main --dex --num-threads=4 --multi-dex --output /media/niroop/External HDD/AndroidStudioProjects/User App/app/build/intermediates/transforms/dex/debug/folders/1000/1f/main /home/niroop/.gradle/caches/modules-2/files-2.1/com.twitter/twitter-text/1.13.0/78415b95ae3184c5926d593feab64bfc0b73b2dd/twitter-text-1.13.0.jar /home/niroop/.android/build-cache/344e0ae5b96a066c340cbb65de62b9926cdefc58/output/jars/classes.jar /home/niroop/.android/build-cache/708519143cb1ca08075ced6ae13de74ca64bf15f/output/jars/classes.jar /home/niroop/.gradle/caches/modules-2/files-2.1/com.squareup.okhttp3/okhttp-ws/3.0.1/bd9b51a0188fc8f14bf840a0d326755545206116/okhttp-ws-3.0.1.jar /home/niroop/.android/build-cache/9b622f381cb7bb5838d987a04cc0137936991cc2/output/jars/classes.jar /home/niroop/.android/build-cache/5b51a3324933b67d5359e9286d32d4d1e7e614f2/output/jars/classes.jar /home/niroop/.android/build-cache/12d56c18a42d1f05b9ac1647b156441e2a4dbff5/output/jars/classes.jar /home/niroop/.android/build-cache/0add6791efe6dec7f33222700afd520c9a82813b/output/jars/classes.jar /media/niroop/External HDD/AndroidStudioProjects/User App/stripe/build/intermediates/bundles/default/classes.jar /home/niroop/.android/build-cache/26d5ae123ee9172a01bd32d1a79379bec37b7d2d/output/jars/classes.jar /home/niroop/.gradle/caches/modules-2/files-2.1/com.google.code.gson/gson/2.3/5fc52c41ef0239d1093a1eb7c3697036183677ce/gson-2.3.jar /home/niroop/.gradle/caches/modules-2/files-2.1/cz.msebera.android/httpclient/4.4.1.1/c8d96f6fd2bcc179c312da33ee670a71188cc60d/httpclient-4.4.1.1.jar /home/niroop/.android/build-cache/66327af80aa184671fc17553104e2db35ef7a9b3/output/jars/classes.jar /home/niroop/.android/build-cache/b257c5c0db47bbccb6143d3aada52dde313d9b0e/output/jars/classes.jar /home/niroop/.android/build-cache/3bccaacd42e5be60ac7fed01bcd491f7523ce2f1/output/jars/classes.jar /home/niroop/.android/build-cache/64700c7b9fdf25534d3d17e45870aa364dcf0d2b/output/jars/classes.jar /home/niroop/.
java_class_path (initial): /home/niroop/Android/Sdk/build-tools/26.0.0/lib/dx.jar
Launcher Type: SUN_STANDARD

Environment Variables:
PATH=/usr/local/sbin:/usr/local/bin:/usr/sbin:/usr/bin:/sbin:/bin:/usr/games:/usr/local/games:/snap/bin:/usr/lib/dart/bin
USERNAME=niroop
SHELL=/bin/bash
DISPLAY=:0

Signal Handlers:
SIGSEGV: [libjvm.so+0xa09650], sa_mask[0]=11111111011111111101111111111110, sa_flags=SA_RESTART|SA_SIGINFO
SIGBUS: [libjvm.so+0xa09650], sa_mask[0]=11111111011111111101111111111110, sa_flags=SA_RESTART|SA_SIGINFO
SIGFPE: [libjvm.so+0x86bc60], sa_mask[0]=11111111011111111101111111111110, sa_flags=SA_RESTART|SA_SIGINFO
SIGPIPE: [libjvm.so+0x86bc60], sa_mask[0]=11111111011111111101111111111110, sa_flags=SA_RESTART|SA_SIGINFO
SIGXFSZ: [libjvm.so+0x86bc60], sa_mask[0]=11111111011111111101111111111110, sa_flags=SA_RESTART|SA_SIGINFO
SIGILL: [libjvm.so+0x86bc60], sa_mask[0]=11111111011111111101111111111110, sa_flags=SA_RESTART|SA_SIGINFO
SIGUSR1: SIG_DFL, sa_mask[0]=00000000000000000000000000000000, sa_flags=none
SIGUSR2: [libjvm.so+0x86bb30], sa_mask[0]=00100000000000000000000000000000, sa_flags=SA_RESTART|SA_SIGINFO
SIGHUP: [libjvm.so+0x86bd20], sa_mask[0]=11111111011111111101111111111110, sa_flags=SA_RESTART|SA_SIGINFO
SIGINT: [libjvm.so+0x86bd20], sa_mask[0]=11111111011111111101111111111110, sa_flags=SA_RESTART|SA_SIGINFO
SIGTERM: [libjvm.so+0x86bd20], sa_mask[0]=11111111011111111101111111111110, sa_flags=SA_RESTART|SA_SIGINFO
SIGQUIT: [libjvm.so+0x86bd20], sa_mask[0]=11111111011111111101111111111110, sa_flags=SA_RESTART|SA_SIGINFO


---------------  S Y S T E M  ---------------

OS:DISTRIB_ID=Ubuntu
DISTRIB_RELEASE=18.04
DISTRIB_CODENAME=bionic
DISTRIB_DESCRIPTION="Ubuntu 18.04.3 LTS"

uname:Linux 5.0.0-37-generic #40~18.04.1-Ubuntu SMP Thu Nov 14 12:06:39 UTC 2019 x86_64
libc:glibc 2.27 NPTL 2.27 
rlimit: STACK 8192k, CORE 0k, NPROC 23162, NOFILE 1048576, AS infinity
load average:3.24 3.61 3.57

/proc/meminfo:
MemTotal:        5979864 kB
MemFree:          100636 kB
MemAvailable:      45888 kB
Buffers:            8748 kB
Cached:           143936 kB
SwapCached:        93852 kB
Active:          4803388 kB
Inactive:         719492 kB
Active(anon):    4765260 kB
Inactive(anon):   680948 kB
Active(file):      38128 kB
Inactive(file):    38544 kB
Unevictable:         496 kB
Mlocked:              48 kB
SwapTotal:       2097148 kB
SwapFree:          45556 kB
Dirty:               104 kB
Writeback:             0 kB
AnonPages:       5278548 kB
Mapped:            64812 kB
Shmem:             75764 kB
KReclaimable:      75364 kB
Slab:             156732 kB
SReclaimable:      75364 kB
SUnreclaim:        81368 kB
KernelStack:       18032 kB
PageTables:        82144 kB
NFS_Unstable:          0 kB
Bounce:                0 kB
WritebackTmp:          0 kB
CommitLimit:     5087080 kB
Committed_AS:   15254768 kB
VmallocTotal:   34359738367 kB
VmallocUsed:           0 kB
VmallocChunk:          0 kB
Percpu:             2528 kB
HardwareCorrupted:     0 kB
AnonHugePages:         0 kB
ShmemHugePages:        0 kB
ShmemPmdMapped:        0 kB
CmaTotal:              0 kB
CmaFree:               0 kB
HugePages_Total:       0
HugePages_Free:        0
HugePages_Rsvd:        0
HugePages_Surp:        0
Hugepagesize:       2048 kB
Hugetlb:               0 kB
DirectMap4k:      336152 kB
DirectMap2M:     5834752 kB

container (cgroup) information:
container_type: cgroupv1
cpu_cpuset_cpus: 0-3
cpu_memory_nodes: 0
active_processor_count: 4
cpu_quota: -1
cpu_period: 100000
cpu_shares: -1
memory_limit_in_bytes: -1
memory_and_swap_limit_in_bytes: -2
memory_soft_limit_in_bytes: -1
memory_usage_in_bytes: 5656068096
memory_max_usage_in_bytes: 291729408


CPU:total 4 (initial active 4) (2 cores per cpu, 2 threads per core) family 6 model 58 stepping 9, cmov, cx8, fxsr, mmx, sse, sse2, sse3, ssse3, sse4.1, sse4.2, popcnt, avx, aes, clmul, erms, ht, tsc, tscinvbit, tscinv

/proc/cpuinfo:
processor	: 0
vendor_id	: GenuineIntel
cpu family	: 6
model		: 58
model name	: Intel(R) Core(TM) i5-3337U CPU @ 1.80GHz
stepping	: 9
microcode	: 0x21
cpu MHz		: 993.358
cache size	: 3072 KB
physical id	: 0
siblings	: 4
core id		: 0
cpu cores	: 2
apicid		: 0
initial apicid	: 0
fpu		: yes
fpu_exception	: yes
cpuid level	: 13
wp		: yes
flags		: fpu vme de pse tsc msr pae mce cx8 apic sep mtrr pge mca cmov pat pse36 clflush dts acpi mmx fxsr sse sse2 ss ht tm pbe syscall nx rdtscp lm constant_tsc arch_perfmon pebs bts rep_good nopl xtopology nonstop_tsc cpuid aperfmperf pni pclmulqdq dtes64 monitor ds_cpl vmx est tm2 ssse3 cx16 xtpr pdcm pcid sse4_1 sse4_2 x2apic popcnt tsc_deadline_timer aes xsave avx f16c rdrand lahf_lm cpuid_fault epb pti ssbd ibrs ibpb stibp tpr_shadow vnmi flexpriority ept vpid fsgsbase smep erms xsaveopt dtherm ida arat pln pts md_clear flush_l1d
bugs		: cpu_meltdown spectre_v1 spectre_v2 spec_store_bypass l1tf mds swapgs itlb_multihit
bogomips	: 3591.47
clflush size	: 64
cache_alignment	: 64
address sizes	: 36 bits physical, 48 bits virtual
power management:

processor	: 1
vendor_id	: GenuineIntel
cpu family	: 6
model		: 58
model name	: Intel(R) Core(TM) i5-3337U CPU @ 1.80GHz
stepping	: 9
microcode	: 0x21
cpu MHz		: 1225.451
cache size	: 3072 KB
physical id	: 0
siblings	: 4
core id		: 0
cpu cores	: 2
apicid		: 1
initial apicid	: 1
fpu		: yes
fpu_exception	: yes
cpuid level	: 13
wp		: yes
flags		: fpu vme de pse tsc msr pae mce cx8 apic sep mtrr pge mca cmov pat pse36 clflush dts acpi mmx fxsr sse sse2 ss ht tm pbe syscall nx rdtscp lm constant_tsc arch_perfmon pebs bts rep_good nopl xtopology nonstop_tsc cpuid aperfmperf pni pclmulqdq dtes64 monitor ds_cpl vmx est tm2 ssse3 cx16 xtpr pdcm pcid sse4_1 sse4_2 x2apic popcnt tsc_deadline_timer aes xsave avx f16c rdrand lahf_lm cpuid_fault epb pti ssbd ibrs ibpb stibp tpr_shadow vnmi flexpriority ept vpid fsgsbase smep erms xsaveopt dtherm ida arat pln pts md_clear flush_l1d
bugs		: cpu_meltdown spectre_v1 spectre_v2 spec_store_bypass l1tf mds swapgs itlb_multihit
bogomips	: 3591.47
clflush size	: 64
cache_alignment	: 64
address sizes	: 36 bits physical, 48 bits virtual
power management:

processor	: 2
vendor_id	: GenuineIntel
cpu family	: 6
model		: 58
model name	: Intel(R) Core(TM) i5-3337U CPU @ 1.80GHz
stepping	: 9
microcode	: 0x21
cpu MHz		: 2011.948
cache size	: 3072 KB
physical id	: 0
siblings	: 4
core id		: 1
cpu cores	: 2
apicid		: 2
initial apicid	: 2
fpu		: yes
fpu_exception	: yes
cpuid level	: 13
wp		: yes
flags		: fpu vme de pse tsc msr pae mce cx8 apic sep mtrr pge mca cmov pat pse36 clflush dts acpi mmx fxsr sse sse2 ss ht tm pbe syscall nx rdtscp lm constant_tsc arch_perfmon pebs bts rep_good nopl xtopology nonstop_tsc cpuid aperfmperf pni pclmulqdq dtes64 monitor ds_cpl vmx est tm2 ssse3 cx16 xtpr pdcm pcid sse4_1 sse4_2 x2apic popcnt tsc_deadline_timer aes xsave avx f16c rdrand lahf_lm cpuid_fault epb pti ssbd ibrs ibpb stibp tpr_shadow vnmi flexpriority ept vpid fsgsbase smep erms xsaveopt dtherm ida arat pln pts md_clear flush_l1d
bugs		: cpu_meltdown spectre_v1 spectre_v2 spec_store_bypass l1tf mds swapgs itlb_multihit
bogomips	: 3591.47
clflush size	: 64
cache_alignment	: 64
address sizes	: 36 bits physical, 48 bits virtual
power management:

processor	: 3
vendor_id	: GenuineIntel
cpu family	: 6
model		: 58
model name	: Intel(R) Core(TM) i5-3337U CPU @ 1.80GHz
stepping	: 9
microcode	: 0x21
cpu MHz		: 1663.761
cache size	: 3072 KB
physical id	: 0
siblings	: 4
core id		: 1
cpu cores	: 2
apicid		: 3
initial apicid	: 3
fpu		: yes
fpu_exception	: yes
cpuid level	: 13
wp		: yes
flags		: fpu vme de pse tsc msr pae mce cx8 apic sep mtrr pge mca cmov pat pse36 clflush dts acpi mmx fxsr sse sse2 ss ht tm pbe syscall nx rdtscp lm constant_tsc arch_perfmon pebs bts rep_good nopl xtopology nonstop_tsc cpuid aperfmperf pni pclmulqdq dtes64 monitor ds_cpl vmx est tm2 ssse3 cx16 xtpr pdcm pcid sse4_1 sse4_2 x2apic popcnt tsc_deadline_timer aes xsave avx f16c rdrand lahf_lm cpuid_fault epb pti ssbd ibrs ibpb stibp tpr_shadow vnmi flexpriority ept vpid fsgsbase smep erms xsaveopt dtherm ida arat pln pts md_clear flush_l1d
bugs		: cpu_meltdown spectre_v1 spectre_v2 spec_store_bypass l1tf mds swapgs itlb_multihit
bogomips	: 3591.47
clflush size	: 64
cache_alignment	: 64
address sizes	: 36 bits physical, 48 bits virtual
power management:



Memory: 4k page, physical 5979864k(101744k free), swap 2097148k(31848k free)

vm_info: OpenJDK 64-Bit Server VM (25.202-b49-5587405) for linux-amd64 JRE (1.8.0_202-release-1483-b49-5587405), built by "android-build" with gcc 4.8

time: Thu Mar  5 18:28:10 2020
timezone: IST
elapsed time: 35 seconds (0d 0h 0m 35s)

