#
# There is insufficient memory for the Java Runtime Environment to continue.
# Native memory allocation (mmap) failed to map 265814016 bytes for committing reserved memory.
# Possible reasons:
#   The system is out of physical RAM or swap space
#   The process is running with CompressedOops enabled, and the Java Heap may be blocking the growth of the native heap
# Possible solutions:
#   Reduce memory load on the system
#   Increase physical memory or swap space
#   Check if swap backing store is full
#   Decrease Java heap size (-Xmx/-Xms)
#   Decrease number of Java threads
#   Decrease Java thread stack sizes (-Xss)
#   Set larger code cache with -XX:ReservedCodeCacheSize=
#   JVM is running with Zero Based Compressed Oops mode in which the Java heap is
#     placed in the first 32GB address space. The Java Heap base address is the
#     maximum limit for the native heap growth. Please use -XX:HeapBaseMinAddress
#     to set the Java Heap base and to place the Java Heap above 32GB virtual address.
# This output file may be truncated or incomplete.
#
#  Out of Memory Error (os_linux.cpp:2753), pid=14684, tid=0x00007ff5f98e8700
#
# JRE version: OpenJDK Runtime Environment (8.0_202) (build 1.8.0_202-release-1483-b49-5587405)
# Java VM: OpenJDK 64-Bit Server VM (25.202-b49-5587405 mixed mode linux-amd64 compressed oops)
# Failed to write core dump. Core dumps have been disabled. To enable core dumping, try "ulimit -c unlimited" before starting Java again
#

---------------  T H R E A D  ---------------

Current thread (0x00007ff60c07c800):  VMThread [stack: 0x00007ff5f97e9000,0x00007ff5f98e9000] [id=14694]

Stack: [0x00007ff5f97e9000,0x00007ff5f98e9000],  sp=0x00007ff5f98e7530,  free space=1017k
Native frames: (J=compiled Java code, j=interpreted, Vv=VM code, C=native code)
V  [libjvm.so+0xa08b78]  VMError::report_and_die()+0x148
V  [libjvm.so+0x4d412a]  report_vm_out_of_memory(char const*, int, unsigned long, VMErrorType, char const*)+0x8a
V  [libjvm.so+0x870478]  os::pd_commit_memory(char*, unsigned long, unsigned long, bool)+0xd8
V  [libjvm.so+0x867f9f]  os::commit_memory(char*, unsigned long, unsigned long, bool)+0x1f
V  [libjvm.so+0x8e14eb]  PSVirtualSpace::expand_by(unsigned long)+0x5b
V  [libjvm.so+0x8d234b]  PSOldGen::expand_by(unsigned long) [clone .part.109]+0x1b
V  [libjvm.so+0x8d250b]  PSOldGen::expand(unsigned long) [clone .part.111]+0xdb
V  [libjvm.so+0x8d2de8]  PSOldGen::resize(unsigned long)+0x188
V  [libjvm.so+0x8d83cc]  PSParallelCompact::invoke_no_policy(bool)+0x94c
V  [libjvm.so+0x8df48d]  PSScavenge::invoke()+0x17d
V  [libjvm.so+0x893763]  ParallelScavengeHeap::failed_mem_allocate(unsigned long)+0x63
V  [libjvm.so+0xa0a644]  VM_ParallelGCFailedAllocation::doit()+0x84
V  [libjvm.so+0xa0ea17]  VM_Operation::evaluate()+0x47
V  [libjvm.so+0xa0d498]  VMThread::evaluate_operation(VM_Operation*)+0x218
V  [libjvm.so+0xa0d8d1]  VMThread::loop()+0x1f1
V  [libjvm.so+0xa0dd02]  VMThread::run()+0x72
V  [libjvm.so+0x86d652]  java_start(Thread*)+0xf2

VM_Operation (0x00007ff5f85ffee0): ParallelGCFailedAllocation, mode: safepoint, requested by thread 0x00007ff60c18a000


---------------  P R O C E S S  ---------------

Java Threads: ( => current thread )
  0x00007ff60c190800 JavaThread "pool-2-thread-4" [_thread_blocked, id=14707, stack(0x00007ff5f80fd000,0x00007ff5f81fe000)]
  0x00007ff60c18f800 JavaThread "pool-2-thread-3" [_thread_blocked, id=14706, stack(0x00007ff5f81fe000,0x00007ff5f82ff000)]
  0x00007ff60c18d800 JavaThread "pool-2-thread-2" [_thread_blocked, id=14705, stack(0x00007ff5f82ff000,0x00007ff5f8400000)]
  0x00007ff60c18b800 JavaThread "pool-3-thread-1" [_thread_blocked, id=14704, stack(0x00007ff5f8400000,0x00007ff5f8501000)]
  0x00007ff60c18a000 JavaThread "pool-2-thread-1" [_thread_blocked, id=14703, stack(0x00007ff5f8501000,0x00007ff5f8602000)]
  0x00007ff60c0cc800 JavaThread "Service Thread" daemon [_thread_blocked, id=14701, stack(0x00007ff5f8712000,0x00007ff5f8813000)]
  0x00007ff60c0c1800 JavaThread "C1 CompilerThread2" daemon [_thread_blocked, id=14700, stack(0x00007ff5f8814000,0x00007ff5f8914000)]
  0x00007ff60c0bf800 JavaThread "C2 CompilerThread1" daemon [_thread_blocked, id=14699, stack(0x00007ff5f8915000,0x00007ff5f8a15000)]
  0x00007ff60c0bc800 JavaThread "C2 CompilerThread0" daemon [_thread_blocked, id=14698, stack(0x00007ff5f8a16000,0x00007ff5f8b16000)]
  0x00007ff60c0b8800 JavaThread "Signal Dispatcher" daemon [_thread_blocked, id=14697, stack(0x00007ff5f8b16000,0x00007ff5f8c17000)]
  0x00007ff60c088800 JavaThread "Finalizer" daemon [_thread_blocked, id=14696, stack(0x00007ff5f95e6000,0x00007ff5f96e7000)]
  0x00007ff60c086000 JavaThread "Reference Handler" daemon [_thread_blocked, id=14695, stack(0x00007ff5f96e7000,0x00007ff5f97e8000)]
  0x00007ff60c00e800 JavaThread "main" [_thread_blocked, id=14689, stack(0x00007ff6124db000,0x00007ff6125db000)]

Other Threads:
=>0x00007ff60c07c800 VMThread [stack: 0x00007ff5f97e9000,0x00007ff5f98e9000] [id=14694]
  0x00007ff60c0cf000 WatcherThread [stack: 0x00007ff5f8612000,0x00007ff5f8712000] [id=14702]

VM state:at safepoint (normal execution)

VM Mutex/Monitor currently owned by a thread:  ([mutex/lock_event])
[0x00007ff60c00a9e0] ExpandHeap_lock - owner thread: 0x00007ff60c07c800
[0x00007ff60c00b060] Threads_lock - owner thread: 0x00007ff60c07c800
[0x00007ff60c00b560] Heap_lock - owner thread: 0x00007ff60c18a000

heap address: 0x00000006c0000000, size: 4096 MB, Compressed Oops mode: Zero based, Oop shift amount: 3
Narrow klass base: 0x0000000000000000, Narrow klass shift: 3
Compressed class space size: 1073741824 Address: 0x00000007c0000000

Heap:
 PSYoungGen      total 847360K, used 226937K [0x000000076ab00000, 0x00000007b8200000, 0x00000007c0000000)
  eden space 503296K, 0% used [0x000000076ab00000,0x000000076ab00000,0x0000000789680000)
  from space 344064K, 65% used [0x000000079f880000,0x00000007ad61e658,0x00000007b4880000)
  to   space 362496K, 0% used [0x0000000789680000,0x0000000789680000,0x000000079f880000)
 ParOldGen       total 572416K, used 572364K [0x00000006c0000000, 0x00000006e2f00000, 0x000000076ab00000)
  object space 572416K, 99% used [0x00000006c0000000,0x00000006e2ef33f8,0x00000006e2f00000)
 Metaspace       used 6695K, capacity 7344K, committed 7552K, reserved 1056768K
  class space    used 600K, capacity 616K, committed 640K, reserved 1048576K

Card table byte_map: [0x00007ff5fc43f000,0x00007ff5fcc40000] byte_map_base: 0x00007ff5f8e3f000

Marking Bits: (ParMarkBitMap*) 0x00007ff611ba9920
 Begin Bits: [0x00007ff5e0000000, 0x00007ff5e4000000)
 End Bits:   [0x00007ff5e4000000, 0x00007ff5e8000000)

Polling page: 0x00007ff612603000

CodeCache: size=245760Kb used=13198Kb max_used=13527Kb free=232562Kb
 bounds [0x00007ff5fd000000, 0x00007ff5fdd50000, 0x00007ff60c000000]
 total_blobs=2894 nmethods=2619 adapters=187
 compilation: enabled

Compilation events (10 events):
Event: 30.373 Thread 0x00007ff60c0c1800 nmethod 3303 0x00007ff5fd9781d0 code [0x00007ff5fd978400, 0x00007ff5fd979018]
Event: 30.375 Thread 0x00007ff60c0bf800 nmethod 3298 0x00007ff5fdac9b10 code [0x00007ff5fdac9ce0, 0x00007ff5fdaca718]
Event: 30.375 Thread 0x00007ff60c0c1800 3304       3       com.android.dx.rop.code.RegisterSpec::getFrameType (10 bytes)
Event: 30.375 Thread 0x00007ff60c0c1800 nmethod 3304 0x00007ff5fd977d90 code [0x00007ff5fd977f00, 0x00007ff5fd978128]
Event: 30.376 Thread 0x00007ff60c0bc800 3305       4       com.android.dx.ssa.DeadCodeRemover$NoSideEffectVisitor::visitPhiInsn (22 bytes)
Event: 30.383 Thread 0x00007ff60c0bc800 nmethod 3305 0x00007ff5fd61f150 code [0x00007ff5fd61f2c0, 0x00007ff5fd61f698]
Event: 30.383 Thread 0x00007ff60c0c1800 3306       3       com.android.dx.ssa.SCCP::simulateMath (424 bytes)
Event: 30.385 Thread 0x00007ff60c0c1800 nmethod 3306 0x00007ff5fdac7450 code [0x00007ff5fdac7700, 0x00007ff5fdac9048]
Event: 30.388 Thread 0x00007ff60c0bc800 3307       4       com.android.dx.ssa.SsaBasicBlock::addMoveToEnd (172 bytes)
Event: 30.390 Thread 0x00007ff60c0bf800 3308       4       com.android.dx.rop.code.LocalItem::hashCode (41 bytes)

GC Heap History (10 events):
Event: 23.876 GC heap after
Heap after GC invocations=24 (full 4):
 PSYoungGen      total 609280K, used 197109K [0x000000076ab00000, 0x00000007a3400000, 0x00000007c0000000)
  eden space 412160K, 0% used [0x000000076ab00000,0x000000076ab00000,0x0000000783d80000)
  from space 197120K, 99% used [0x0000000792400000,0x000000079e47d500,0x000000079e480000)
  to   space 236032K, 0% used [0x0000000783d80000,0x0000000783d80000,0x0000000792400000)
 ParOldGen       total 541184K, used 364367K [0x00000006c0000000, 0x00000006e1080000, 0x000000076ab00000)
  object space 541184K, 67% used [0x00000006c0000000,0x00000006d63d3d30,0x00000006e1080000)
 Metaspace       used 6638K, capacity 7344K, committed 7552K, reserved 1056768K
  class space    used 598K, capacity 616K, committed 640K, reserved 1048576K
}
Event: 25.042 GC heap before
{Heap before GC invocations=25 (full 4):
 PSYoungGen      total 609280K, used 609269K [0x000000076ab00000, 0x00000007a3400000, 0x00000007c0000000)
  eden space 412160K, 100% used [0x000000076ab00000,0x0000000783d80000,0x0000000783d80000)
  from space 197120K, 99% used [0x0000000792400000,0x000000079e47d500,0x000000079e480000)
  to   space 236032K, 0% used [0x0000000783d80000,0x0000000783d80000,0x0000000792400000)
 ParOldGen       total 541184K, used 364367K [0x00000006c0000000, 0x00000006e1080000, 0x000000076ab00000)
  object space 541184K, 67% used [0x00000006c0000000,0x00000006d63d3d30,0x00000006e1080000)
 Metaspace       used 6645K, capacity 7344K, committed 7552K, reserved 1056768K
  class space    used 598K, capacity 616K, committed 640K, reserved 1048576K
Event: 25.634 GC heap after
Heap after GC invocations=25 (full 4):
 PSYoungGen      total 648192K, used 181938K [0x000000076ab00000, 0x00000007a7480000, 0x00000007c0000000)
  eden space 412160K, 0% used [0x000000076ab00000,0x000000076ab00000,0x0000000783d80000)
  from space 236032K, 77% used [0x0000000783d80000,0x000000078ef2ca30,0x0000000792400000)
  to   space 256000K, 0% used [0x0000000797a80000,0x0000000797a80000,0x00000007a7480000)
 ParOldGen       total 541184K, used 446068K [0x00000006c0000000, 0x00000006e1080000, 0x000000076ab00000)
  object space 541184K, 82% used [0x00000006c0000000,0x00000006db39d158,0x00000006e1080000)
 Metaspace       used 6645K, capacity 7344K, committed 7552K, reserved 1056768K
  class space    used 598K, capacity 616K, committed 640K, reserved 1048576K
}
Event: 26.857 GC heap before
{Heap before GC invocations=26 (full 4):
 PSYoungGen      total 648192K, used 594098K [0x000000076ab00000, 0x00000007a7480000, 0x00000007c0000000)
  eden space 412160K, 100% used [0x000000076ab00000,0x0000000783d80000,0x0000000783d80000)
  from space 236032K, 77% used [0x0000000783d80000,0x000000078ef2ca30,0x0000000792400000)
  to   space 256000K, 0% used [0x0000000797a80000,0x0000000797a80000,0x00000007a7480000)
 ParOldGen       total 541184K, used 446068K [0x00000006c0000000, 0x00000006e1080000, 0x000000076ab00000)
  object space 541184K, 82% used [0x00000006c0000000,0x00000006db39d158,0x00000006e1080000)
 Metaspace       used 6647K, capacity 7344K, committed 7552K, reserved 1056768K
  class space    used 599K, capacity 616K, committed 640K, reserved 1048576K
Event: 27.145 GC heap after
Heap after GC invocations=26 (full 4):
 PSYoungGen      total 700928K, used 238403K [0x000000076ab00000, 0x00000007abb80000, 0x00000007c0000000)
  eden space 444928K, 0% used [0x000000076ab00000,0x000000076ab00000,0x0000000785d80000)
  from space 256000K, 93% used [0x0000000797a80000,0x00000007a6350c60,0x00000007a7480000)
  to   space 291840K, 0% used [0x0000000785d80000,0x0000000785d80000,0x0000000797a80000)
 ParOldGen       total 541184K, used 446068K [0x00000006c0000000, 0x00000006e1080000, 0x000000076ab00000)
  object space 541184K, 82% used [0x00000006c0000000,0x00000006db39d158,0x00000006e1080000)
 Metaspace       used 6647K, capacity 7344K, committed 7552K, reserved 1056768K
  class space    used 599K, capacity 616K, committed 640K, reserved 1048576K
}
Event: 28.288 GC heap before
{Heap before GC invocations=27 (full 4):
 PSYoungGen      total 700928K, used 683331K [0x000000076ab00000, 0x00000007abb80000, 0x00000007c0000000)
  eden space 444928K, 100% used [0x000000076ab00000,0x0000000785d80000,0x0000000785d80000)
  from space 256000K, 93% used [0x0000000797a80000,0x00000007a6350c60,0x00000007a7480000)
  to   space 291840K, 0% used [0x0000000785d80000,0x0000000785d80000,0x0000000797a80000)
 ParOldGen       total 541184K, used 446068K [0x00000006c0000000, 0x00000006e1080000, 0x000000076ab00000)
  object space 541184K, 82% used [0x00000006c0000000,0x00000006db39d158,0x00000006e1080000)
 Metaspace       used 6647K, capacity 7344K, committed 7552K, reserved 1056768K
  class space    used 599K, capacity 616K, committed 640K, reserved 1048576K
Event: 28.599 GC heap after
Heap after GC invocations=27 (full 4):
 PSYoungGen      total 736768K, used 291828K [0x000000076ab00000, 0x00000007b4880000, 0x00000007c0000000)
  eden space 444928K, 0% used [0x000000076ab00000,0x000000076ab00000,0x0000000785d80000)
  from space 291840K, 99% used [0x0000000785d80000,0x0000000797a7d0e8,0x0000000797a80000)
  to   space 344064K, 0% used [0x000000079f880000,0x000000079f880000,0x00000007b4880000)
 ParOldGen       total 541184K, used 456469K [0x00000006c0000000, 0x00000006e1080000, 0x000000076ab00000)
  object space 541184K, 84% used [0x00000006c0000000,0x00000006dbdc5580,0x00000006e1080000)
 Metaspace       used 6647K, capacity 7344K, committed 7552K, reserved 1056768K
  class space    used 599K, capacity 616K, committed 640K, reserved 1048576K
}
Event: 30.397 GC heap before
{Heap before GC invocations=28 (full 4):
 PSYoungGen      total 736768K, used 736756K [0x000000076ab00000, 0x00000007b4880000, 0x00000007c0000000)
  eden space 444928K, 100% used [0x000000076ab00000,0x0000000785d80000,0x0000000785d80000)
  from space 291840K, 99% used [0x0000000785d80000,0x0000000797a7d0e8,0x0000000797a80000)
  to   space 344064K, 0% used [0x000000079f880000,0x000000079f880000,0x00000007b4880000)
 ParOldGen       total 541184K, used 456469K [0x00000006c0000000, 0x00000006e1080000, 0x000000076ab00000)
  object space 541184K, 84% used [0x00000006c0000000,0x00000006dbdc5580,0x00000006e1080000)
 Metaspace       used 6695K, capacity 7344K, committed 7552K, reserved 1056768K
  class space    used 600K, capacity 616K, committed 640K, reserved 1048576K
Event: 34.365 GC heap after
Heap after GC invocations=28 (full 4):
 PSYoungGen      total 847360K, used 238293K [0x000000076ab00000, 0x00000007b8200000, 0x00000007c0000000)
  eden space 503296K, 0% used [0x000000076ab00000,0x000000076ab00000,0x0000000789680000)
  from space 344064K, 69% used [0x000000079f880000,0x00000007ae135628,0x00000007b4880000)
  to   space 362496K, 0% used [0x0000000789680000,0x0000000789680000,0x000000079f880000)
 ParOldGen       total 572416K, used 572390K [0x00000006c0000000, 0x00000006e2f00000, 0x000000076ab00000)
  object space 572416K, 99% used [0x00000006c0000000,0x00000006e2ef9a70,0x00000006e2f00000)
 Metaspace       used 6695K, capacity 7344K, committed 7552K, reserved 1056768K
  class space    used 600K, capacity 616K, committed 640K, reserved 1048576K
}
Event: 34.382 GC heap before
{Heap before GC invocations=29 (full 5):
 PSYoungGen      total 847360K, used 238293K [0x000000076ab00000, 0x00000007b8200000, 0x00000007c0000000)
  eden space 503296K, 0% used [0x000000076ab00000,0x000000076ab00000,0x0000000789680000)
  from space 344064K, 69% used [0x000000079f880000,0x00000007ae135628,0x00000007b4880000)
  to   space 362496K, 0% used [0x0000000789680000,0x0000000789680000,0x000000079f880000)
 ParOldGen       total 572416K, used 572390K [0x00000006c0000000, 0x00000006e2f00000, 0x000000076ab00000)
  object space 572416K, 99% used [0x00000006c0000000,0x00000006e2ef9a70,0x00000006e2f00000)
 Metaspace       used 6695K, capacity 7344K, committed 7552K, reserved 1056768K
  class space    used 600K, capacity 616K, committed 640K, reserved 1048576K

Deoptimization events (10 events):
Event: 24.521 Thread 0x00007ff60c18a000 Uncommon trap: reason=unstable_if action=reinterpret pc=0x00007ff5fdaaeb84 method=java.util.BitSet.nextClearBit(I)I @ 70
Event: 25.715 Thread 0x00007ff60c18a000 Uncommon trap: reason=unstable_if action=reinterpret pc=0x00007ff5fd968010 method=com.android.dx.cf.code.Merger.isPossiblyAssignableFrom(Lcom/android/dx/rop/type/TypeBearer;Lcom/android/dx/rop/type/TypeBearer;)Z @ 131
Event: 25.932 Thread 0x00007ff60c00e800 Uncommon trap: reason=unstable_if action=reinterpret pc=0x00007ff5fdbbe93c method=java.util.concurrent.ConcurrentHashMap.get(Ljava/lang/Object;)Ljava/lang/Object; @ 99
Event: 25.932 Thread 0x00007ff60c00e800 Uncommon trap: reason=unstable_if action=reinterpret pc=0x00007ff5fd84f3a8 method=java.util.concurrent.ConcurrentHashMap.get(Ljava/lang/Object;)Ljava/lang/Object; @ 99
Event: 25.996 Thread 0x00007ff60c18a000 Uncommon trap: reason=unstable_if action=reinterpret pc=0x00007ff5fdbf2a00 method=com.android.dx.ssa.back.SsaToRop.convertBasicBlock(Lcom/android/dx/ssa/SsaBasicBlock;)Lcom/android/dx/rop/code/BasicBlock; @ 21
Event: 26.097 Thread 0x00007ff60c18f800 Uncommon trap: reason=bimorphic action=maybe_recompile pc=0x00007ff5fd2dc71c method=com.android.dx.cf.code.BytecodeArray.parseInstruction(ILcom/android/dx/cf/code/BytecodeArray$Visitor;)I @ 1612
Event: 26.097 Thread 0x00007ff60c18f800 Uncommon trap: reason=bimorphic action=maybe_recompile pc=0x00007ff5fd2dc71c method=com.android.dx.cf.code.BytecodeArray.parseInstruction(ILcom/android/dx/cf/code/BytecodeArray$Visitor;)I @ 1612
Event: 27.937 Thread 0x00007ff60c190800 Uncommon trap: reason=unstable_if action=reinterpret pc=0x00007ff5fd490c78 method=com.android.dx.cf.code.Merger.mergeType(Lcom/android/dx/rop/type/TypeBearer;Lcom/android/dx/rop/type/TypeBearer;)Lcom/android/dx/rop/type/TypeBearer; @ 77
Event: 28.091 Thread 0x00007ff60c18a000 Uncommon trap: reason=null_check action=make_not_entrant pc=0x00007ff5fd4e4d04 method=com.android.dx.dex.file.StringIdsSection.intern(Lcom/android/dx/dex/file/StringIdItem;)Lcom/android/dx/dex/file/StringIdItem; @ 31
Event: 29.092 Thread 0x00007ff60c00e800 Uncommon trap: reason=unstable_if action=reinterpret pc=0x00007ff5fd4a192c method=java.lang.String.lastIndexOf([CII[CIII)I @ 135

Classes redefined (0 events):
No events

Internal exceptions (10 events):
Event: 0.171 Thread 0x00007ff60c00e800 Exception <a 'java/lang/NoSuchMethodError': Method sun.misc.Unsafe.prefetchRead(Ljava/lang/Object;J)V name or signature does not match> (0x000000076ab07f98) thrown at [/usr/local/google/buildbot/src/googleplex-android/openjdk/out/hotspot/src/share/vm/prim
Event: 1.424 Thread 0x00007ff60c18a000 Implicit null exception at 0x00007ff5fd28fbca to 0x00007ff5fd29217d
Event: 1.425 Thread 0x00007ff60c18a000 Implicit null exception at 0x00007ff5fd2516fc to 0x00007ff5fd25342d
Event: 1.816 Thread 0x00007ff60c190800 Exception <a 'java/lang/ArrayIndexOutOfBoundsException': 18> (0x000000076b0bfe18) thrown at [/usr/local/google/buildbot/src/googleplex-android/openjdk/out/hotspot/src/share/vm/interpreter/interpreterRuntime.cpp, line 368]
Event: 1.817 Thread 0x00007ff60c190800 Exception <a 'java/lang/ArrayIndexOutOfBoundsException': 145> (0x000000076b0c1998) thrown at [/usr/local/google/buildbot/src/googleplex-android/openjdk/out/hotspot/src/share/vm/interpreter/interpreterRuntime.cpp, line 368]
Event: 1.819 Thread 0x00007ff60c190800 Exception <a 'java/lang/ArrayIndexOutOfBoundsException': 40> (0x000000076b0c2c80) thrown at [/usr/local/google/buildbot/src/googleplex-android/openjdk/out/hotspot/src/share/vm/interpreter/interpreterRuntime.cpp, line 368]
Event: 21.295 Thread 0x00007ff60c00e800 Implicit null exception at 0x00007ff5fd7b1e52 to 0x00007ff5fd7b48a9
Event: 21.296 Thread 0x00007ff60c00e800 Implicit null exception at 0x00007ff5fd87e0da to 0x00007ff5fd880519
Event: 25.932 Thread 0x00007ff60c00e800 Implicit null exception at 0x00007ff5fdbba1f4 to 0x00007ff5fdbbe8f9
Event: 25.932 Thread 0x00007ff60c00e800 Implicit null exception at 0x00007ff5fd84f290 to 0x00007ff5fd84f39a

Events (10 events):
Event: 29.771 Thread 0x00007ff60c0bc800 flushing nmethod 0x00007ff5fd30a450
Event: 29.779 Thread 0x00007ff60c0bc800 flushing nmethod 0x00007ff5fd411a10
Event: 29.796 Thread 0x00007ff60c0bc800 flushing nmethod 0x00007ff5fd6a6e90
Event: 29.796 Thread 0x00007ff60c0bc800 flushing nmethod 0x00007ff5fd6b2b10
Event: 29.814 Thread 0x00007ff60c0bc800 flushing nmethod 0x00007ff5fd851210
Event: 29.815 Thread 0x00007ff60c0bc800 flushing nmethod 0x00007ff5fd9d4fd0
Event: 29.815 Thread 0x00007ff60c0bc800 flushing nmethod 0x00007ff5fda9c2d0
Event: 29.815 Thread 0x00007ff60c0bc800 flushing nmethod 0x00007ff5fdb0c6d0
Event: 29.815 Thread 0x00007ff60c0bc800 flushing nmethod 0x00007ff5fdb6e390
Event: 30.397 Executing VM operation: ParallelGCFailedAllocation


Dynamic libraries:
00400000-00401000 r-xp 00000000 08:01 7352713                            /home/niroop/Documents/android-studio/jre/bin/java
00401000-00402000 rw-p 00000000 08:01 7352713                            /home/niroop/Documents/android-studio/jre/bin/java
0116a000-0118b000 rw-p 00000000 00:00 0                                  [heap]
6c0000000-6e2f00000 rw-p 00000000 00:00 0 
6f2c80000-76ab00000 ---p 00000000 00:00 0 
76ab00000-7b8200000 rw-p 00000000 00:00 0 
7b8200000-7c0000000 ---p 00000000 00:00 0 
7c0000000-7c00a0000 rw-p 00000000 00:00 0 
7c00a0000-800000000 ---p 00000000 00:00 0 
7ff5a8000000-7ff5a806f000 rw-p 00000000 00:00 0 
7ff5a806f000-7ff5ac000000 ---p 00000000 00:00 0 
7ff5ac000000-7ff5ac136000 rw-p 00000000 00:00 0 
7ff5ac136000-7ff5b0000000 ---p 00000000 00:00 0 
7ff5b0000000-7ff5b0021000 rw-p 00000000 00:00 0 
7ff5b0021000-7ff5b4000000 ---p 00000000 00:00 0 
7ff5b4000000-7ff5b4103000 rw-p 00000000 00:00 0 
7ff5b4103000-7ff5b8000000 ---p 00000000 00:00 0 
7ff5b8000000-7ff5b8021000 rw-p 00000000 00:00 0 
7ff5b8021000-7ff5bc000000 ---p 00000000 00:00 0 
7ff5bc000000-7ff5bc083000 rw-p 00000000 00:00 0 
7ff5bc083000-7ff5c0000000 ---p 00000000 00:00 0 
7ff5c0000000-7ff5c0c13000 rw-p 00000000 00:00 0 
7ff5c0c13000-7ff5c4000000 ---p 00000000 00:00 0 
7ff5c4000000-7ff5c4021000 rw-p 00000000 00:00 0 
7ff5c4021000-7ff5c8000000 ---p 00000000 00:00 0 
7ff5c8000000-7ff5c95af000 rw-p 00000000 00:00 0 
7ff5c95af000-7ff5cc000000 ---p 00000000 00:00 0 
7ff5cc000000-7ff5cd734000 rw-p 00000000 00:00 0 
7ff5cd734000-7ff5d0000000 ---p 00000000 00:00 0 
7ff5d0000000-7ff5d0021000 rw-p 00000000 00:00 0 
7ff5d0021000-7ff5d4000000 ---p 00000000 00:00 0 
7ff5d4000000-7ff5d4021000 rw-p 00000000 00:00 0 
7ff5d4021000-7ff5d8000000 ---p 00000000 00:00 0 
7ff5d8000000-7ff5d82d4000 rw-p 00000000 00:00 0 
7ff5d82d4000-7ff5dc000000 ---p 00000000 00:00 0 
7ff5dc000000-7ff5dc021000 rw-p 00000000 00:00 0 
7ff5dc021000-7ff5e0000000 ---p 00000000 00:00 0 
7ff5e0000000-7ff5e8000000 rw-p 00000000 00:00 0 
7ff5e8000000-7ff5e8021000 rw-p 00000000 00:00 0 
7ff5e8021000-7ff5ec000000 ---p 00000000 00:00 0 
7ff5ec000000-7ff5ec021000 rw-p 00000000 00:00 0 
7ff5ec021000-7ff5f0000000 ---p 00000000 00:00 0 
7ff5f0000000-7ff5f0021000 rw-p 00000000 00:00 0 
7ff5f0021000-7ff5f4000000 ---p 00000000 00:00 0 
7ff5f4000000-7ff5f4021000 rw-p 00000000 00:00 0 
7ff5f4021000-7ff5f8000000 ---p 00000000 00:00 0 
7ff5f80fd000-7ff5f8100000 ---p 00000000 00:00 0 
7ff5f8100000-7ff5f81fe000 rw-p 00000000 00:00 0 
7ff5f81fe000-7ff5f8201000 ---p 00000000 00:00 0 
7ff5f8201000-7ff5f82ff000 rw-p 00000000 00:00 0 
7ff5f82ff000-7ff5f8302000 ---p 00000000 00:00 0 
7ff5f8302000-7ff5f8400000 rw-p 00000000 00:00 0 
7ff5f8400000-7ff5f8403000 ---p 00000000 00:00 0 
7ff5f8403000-7ff5f8501000 rw-p 00000000 00:00 0 
7ff5f8501000-7ff5f8504000 ---p 00000000 00:00 0 
7ff5f8504000-7ff5f8602000 rw-p 00000000 00:00 0 
7ff5f8602000-7ff5f8611000 r--s 000e4000 08:01 11851761                   /home/niroop/Android/Sdk/build-tools/26.0.0/lib/dx.jar
7ff5f8611000-7ff5f8612000 ---p 00000000 00:00 0 
7ff5f8612000-7ff5f8712000 rw-p 00000000 00:00 0 
7ff5f8712000-7ff5f8715000 ---p 00000000 00:00 0 
7ff5f8715000-7ff5f8813000 rw-p 00000000 00:00 0 
7ff5f8813000-7ff5f8814000 ---p 00000000 00:00 0 
7ff5f8814000-7ff5f8817000 ---p 00000000 00:00 0 
7ff5f8817000-7ff5f8914000 rw-p 00000000 00:00 0 
7ff5f8914000-7ff5f8915000 ---p 00000000 00:00 0 
7ff5f8915000-7ff5f8918000 ---p 00000000 00:00 0 
7ff5f8918000-7ff5f8a15000 rw-p 00000000 00:00 0 
7ff5f8a15000-7ff5f8a16000 ---p 00000000 00:00 0 
7ff5f8a16000-7ff5f8a19000 ---p 00000000 00:00 0 
7ff5f8a19000-7ff5f8b16000 rw-p 00000000 00:00 0 
7ff5f8b16000-7ff5f8b19000 ---p 00000000 00:00 0 
7ff5f8b19000-7ff5f8c17000 rw-p 00000000 00:00 0 
7ff5f8c17000-7ff5f95e6000 r--p 00000000 08:01 6036074                    /usr/lib/locale/locale-archive
7ff5f95e6000-7ff5f95e9000 ---p 00000000 00:00 0 
7ff5f95e9000-7ff5f96e7000 rw-p 00000000 00:00 0 
7ff5f96e7000-7ff5f96ea000 ---p 00000000 00:00 0 
7ff5f96ea000-7ff5f97e8000 rw-p 00000000 00:00 0 
7ff5f97e8000-7ff5f97e9000 ---p 00000000 00:00 0 
7ff5f97e9000-7ff5fa89d000 rw-p 00000000 00:00 0 
7ff5fa89d000-7ff5faa6f000 r--s 03cad000 08:01 7352843                    /home/niroop/Documents/android-studio/jre/jre/lib/rt.jar
7ff5faa6f000-7ff5fb1a5000 rw-p 00000000 00:00 0 
7ff5fb1a5000-7ff5fb2e5000 ---p 00000000 00:00 0 
7ff5fb2e5000-7ff5fbae5000 rw-p 00000000 00:00 0 
7ff5fbae5000-7ff5fbae6000 ---p 00000000 00:00 0 
7ff5fbae6000-7ff5fbbe6000 rw-p 00000000 00:00 0 
7ff5fbbe6000-7ff5fbbe7000 ---p 00000000 00:00 0 
7ff5fbbe7000-7ff5fbce7000 rw-p 00000000 00:00 0 
7ff5fbce7000-7ff5fbce8000 ---p 00000000 00:00 0 
7ff5fbce8000-7ff5fbde8000 rw-p 00000000 00:00 0 
7ff5fbde8000-7ff5fbde9000 ---p 00000000 00:00 0 
7ff5fbde9000-7ff5fc001000 rw-p 00000000 00:00 0 
7ff5fc001000-7ff5fc43f000 ---p 00000000 00:00 0 
7ff5fc43f000-7ff5fc557000 rw-p 00000000 00:00 0 
7ff5fc557000-7ff5fc994000 ---p 00000000 00:00 0 
7ff5fc994000-7ff5fcc00000 rw-p 00000000 00:00 0 
7ff5fcc00000-7ff5fcc3f000 ---p 00000000 00:00 0 
7ff5fcc3f000-7ff5fcc76000 rw-p 00000000 00:00 0 
7ff5fcc76000-7ff5fd000000 ---p 00000000 00:00 0 
7ff5fd000000-7ff5fdd50000 rwxp 00000000 00:00 0 
7ff5fdd50000-7ff60c000000 ---p 00000000 00:00 0 
7ff60c000000-7ff60c41a000 rw-p 00000000 00:00 0 
7ff60c41a000-7ff610000000 ---p 00000000 00:00 0 
7ff61000d000-7ff6100b6000 rw-p 00000000 00:00 0 
7ff6100b6000-7ff6100c1000 r-xp 00000000 08:01 1840165                    /lib/x86_64-linux-gnu/libnss_files-2.27.so
7ff6100c1000-7ff6102c0000 ---p 0000b000 08:01 1840165                    /lib/x86_64-linux-gnu/libnss_files-2.27.so
7ff6102c0000-7ff6102c1000 r--p 0000a000 08:01 1840165                    /lib/x86_64-linux-gnu/libnss_files-2.27.so
7ff6102c1000-7ff6102c2000 rw-p 0000b000 08:01 1840165                    /lib/x86_64-linux-gnu/libnss_files-2.27.so
7ff6102c2000-7ff6102c8000 rw-p 00000000 00:00 0 
7ff6102c8000-7ff6102df000 r-xp 00000000 08:01 1840159                    /lib/x86_64-linux-gnu/libnsl-2.27.so
7ff6102df000-7ff6104de000 ---p 00017000 08:01 1840159                    /lib/x86_64-linux-gnu/libnsl-2.27.so
7ff6104de000-7ff6104df000 r--p 00016000 08:01 1840159                    /lib/x86_64-linux-gnu/libnsl-2.27.so
7ff6104df000-7ff6104e0000 rw-p 00017000 08:01 1840159                    /lib/x86_64-linux-gnu/libnsl-2.27.so
7ff6104e0000-7ff6104e2000 rw-p 00000000 00:00 0 
7ff6104e2000-7ff6104ed000 r-xp 00000000 08:01 1840176                    /lib/x86_64-linux-gnu/libnss_nis-2.27.so
7ff6104ed000-7ff6106ec000 ---p 0000b000 08:01 1840176                    /lib/x86_64-linux-gnu/libnss_nis-2.27.so
7ff6106ec000-7ff6106ed000 r--p 0000a000 08:01 1840176                    /lib/x86_64-linux-gnu/libnss_nis-2.27.so
7ff6106ed000-7ff6106ee000 rw-p 0000b000 08:01 1840176                    /lib/x86_64-linux-gnu/libnss_nis-2.27.so
7ff6106ee000-7ff6106f6000 r-xp 00000000 08:01 1840161                    /lib/x86_64-linux-gnu/libnss_compat-2.27.so
7ff6106f6000-7ff6108f6000 ---p 00008000 08:01 1840161                    /lib/x86_64-linux-gnu/libnss_compat-2.27.so
7ff6108f6000-7ff6108f7000 r--p 00008000 08:01 1840161                    /lib/x86_64-linux-gnu/libnss_compat-2.27.so
7ff6108f7000-7ff6108f8000 rw-p 00009000 08:01 1840161                    /lib/x86_64-linux-gnu/libnss_compat-2.27.so
7ff6108f8000-7ff6108ff000 r-xp 00000000 08:01 1840216                    /lib/x86_64-linux-gnu/librt-2.27.so
7ff6108ff000-7ff610afe000 ---p 00007000 08:01 1840216                    /lib/x86_64-linux-gnu/librt-2.27.so
7ff610afe000-7ff610aff000 r--p 00006000 08:01 1840216                    /lib/x86_64-linux-gnu/librt-2.27.so
7ff610aff000-7ff610b00000 rw-p 00007000 08:01 1840216                    /lib/x86_64-linux-gnu/librt-2.27.so
7ff610b00000-7ff610c9d000 r-xp 00000000 08:01 1840138                    /lib/x86_64-linux-gnu/libm-2.27.so
7ff610c9d000-7ff610e9c000 ---p 0019d000 08:01 1840138                    /lib/x86_64-linux-gnu/libm-2.27.so
7ff610e9c000-7ff610e9d000 r--p 0019c000 08:01 1840138                    /lib/x86_64-linux-gnu/libm-2.27.so
7ff610e9d000-7ff610e9e000 rw-p 0019d000 08:01 1840138                    /lib/x86_64-linux-gnu/libm-2.27.so
7ff610e9e000-7ff611ac4000 r-xp 00000000 08:01 7352820                    /home/niroop/Documents/android-studio/jre/jre/lib/amd64/server/libjvm.so
7ff611ac4000-7ff611b94000 rw-p 00c26000 08:01 7352820                    /home/niroop/Documents/android-studio/jre/jre/lib/amd64/server/libjvm.so
7ff611b94000-7ff611bd8000 rw-p 00000000 00:00 0 
7ff611bd8000-7ff611dbf000 r-xp 00000000 08:01 1840075                    /lib/x86_64-linux-gnu/libc-2.27.so
7ff611dbf000-7ff611fbf000 ---p 001e7000 08:01 1840075                    /lib/x86_64-linux-gnu/libc-2.27.so
7ff611fbf000-7ff611fc3000 r--p 001e7000 08:01 1840075                    /lib/x86_64-linux-gnu/libc-2.27.so
7ff611fc3000-7ff611fc5000 rw-p 001eb000 08:01 1840075                    /lib/x86_64-linux-gnu/libc-2.27.so
7ff611fc5000-7ff611fc9000 rw-p 00000000 00:00 0 
7ff611fc9000-7ff611fcc000 r-xp 00000000 08:01 1840098                    /lib/x86_64-linux-gnu/libdl-2.27.so
7ff611fcc000-7ff6121cb000 ---p 00003000 08:01 1840098                    /lib/x86_64-linux-gnu/libdl-2.27.so
7ff6121cb000-7ff6121cc000 r--p 00002000 08:01 1840098                    /lib/x86_64-linux-gnu/libdl-2.27.so
7ff6121cc000-7ff6121cd000 rw-p 00003000 08:01 1840098                    /lib/x86_64-linux-gnu/libdl-2.27.so
7ff6121cd000-7ff6121e7000 r-xp 00000000 08:01 1840208                    /lib/x86_64-linux-gnu/libpthread-2.27.so
7ff6121e7000-7ff6123e6000 ---p 0001a000 08:01 1840208                    /lib/x86_64-linux-gnu/libpthread-2.27.so
7ff6123e6000-7ff6123e7000 r--p 00019000 08:01 1840208                    /lib/x86_64-linux-gnu/libpthread-2.27.so
7ff6123e7000-7ff6123e8000 rw-p 0001a000 08:01 1840208                    /lib/x86_64-linux-gnu/libpthread-2.27.so
7ff6123e8000-7ff6123ec000 rw-p 00000000 00:00 0 
7ff6123ec000-7ff612413000 r-xp 00000000 08:01 1840047                    /lib/x86_64-linux-gnu/ld-2.27.so
7ff61241a000-7ff612492000 rw-p 00000000 00:00 0 
7ff612492000-7ff6124ad000 r-xp 00000000 08:01 7352802                    /home/niroop/Documents/android-studio/jre/jre/lib/amd64/libzip.so
7ff6124ad000-7ff6124ae000 rw-p 0001a000 08:01 7352802                    /home/niroop/Documents/android-studio/jre/jre/lib/amd64/libzip.so
7ff6124ae000-7ff6124d8000 r-xp 00000000 08:01 7352810                    /home/niroop/Documents/android-studio/jre/jre/lib/amd64/libjava.so
7ff6124d8000-7ff6124da000 rw-p 0002a000 08:01 7352810                    /home/niroop/Documents/android-studio/jre/jre/lib/amd64/libjava.so
7ff6124da000-7ff6124db000 ---p 00000000 00:00 0 
7ff6124db000-7ff6124de000 ---p 00000000 00:00 0 
7ff6124de000-7ff6125dd000 rw-p 00000000 00:00 0 
7ff6125dd000-7ff6125f3000 r-xp 00000000 08:01 7352701                    /home/niroop/Documents/android-studio/jre/lib/amd64/jli/libjli.so
7ff6125f3000-7ff6125f4000 rw-p 00015000 08:01 7352701                    /home/niroop/Documents/android-studio/jre/lib/amd64/jli/libjli.so
7ff6125f4000-7ff6125f6000 rw-p 00000000 00:00 0 
7ff6125fa000-7ff612602000 rw-s 00000000 08:01 12583644                   /tmp/hsperfdata_niroop/14684
7ff612602000-7ff612603000 rw-p 00000000 00:00 0 
7ff612603000-7ff612604000 ---p 00000000 00:00 0 
7ff612604000-7ff612611000 r-xp 00000000 08:01 7352798                    /home/niroop/Documents/android-studio/jre/jre/lib/amd64/libverify.so
7ff612611000-7ff612613000 rw-p 0000c000 08:01 7352798                    /home/niroop/Documents/android-studio/jre/jre/lib/amd64/libverify.so
7ff612613000-7ff612614000 r--p 00027000 08:01 1840047                    /lib/x86_64-linux-gnu/ld-2.27.so
7ff612614000-7ff612615000 rw-p 00028000 08:01 1840047                    /lib/x86_64-linux-gnu/ld-2.27.so
7ff612615000-7ff612616000 rw-p 00000000 00:00 0 
7ffd2521d000-7ffd2523f000 rw-p 00000000 00:00 0                          [stack]
7ffd252fc000-7ffd252ff000 r--p 00000000 00:00 0                          [vvar]
7ffd252ff000-7ffd25300000 r-xp 00000000 00:00 0                          [vdso]
ffffffffff600000-ffffffffff601000 r-xp 00000000 00:00 0                  [vsyscall]

VM Arguments:
jvm_args: -Djava.awt.headless=true -Xmx4g -Dfile.encoding=UTF-8 -Duser.country=IN -Duser.language=en -Duser.variant 
java_command: com.android.dx.command.Main --dex --num-threads=4 --multi-dex --output /media/niroop/External HDD/AndroidStudioProjects/User App/app/build/intermediates/transforms/dex/debug/folders/1000/1f/main /home/niroop/.gradle/caches/modules-2/files-2.1/com.twitter/twitter-text/1.13.0/78415b95ae3184c5926d593feab64bfc0b73b2dd/twitter-text-1.13.0.jar /home/niroop/.android/build-cache/344e0ae5b96a066c340cbb65de62b9926cdefc58/output/jars/classes.jar /home/niroop/.android/build-cache/708519143cb1ca08075ced6ae13de74ca64bf15f/output/jars/classes.jar /home/niroop/.gradle/caches/modules-2/files-2.1/com.squareup.okhttp3/okhttp-ws/3.0.1/bd9b51a0188fc8f14bf840a0d326755545206116/okhttp-ws-3.0.1.jar /home/niroop/.android/build-cache/9b622f381cb7bb5838d987a04cc0137936991cc2/output/jars/classes.jar /home/niroop/.android/build-cache/5b51a3324933b67d5359e9286d32d4d1e7e614f2/output/jars/classes.jar /home/niroop/.android/build-cache/12d56c18a42d1f05b9ac1647b156441e2a4dbff5/output/jars/classes.jar /home/niroop/.android/build-cache/0add6791efe6dec7f33222700afd520c9a82813b/output/jars/classes.jar /media/niroop/External HDD/AndroidStudioProjects/User App/stripe/build/intermediates/bundles/default/classes.jar /home/niroop/.android/build-cache/26d5ae123ee9172a01bd32d1a79379bec37b7d2d/output/jars/classes.jar /home/niroop/.gradle/caches/modules-2/files-2.1/com.google.code.gson/gson/2.3/5fc52c41ef0239d1093a1eb7c3697036183677ce/gson-2.3.jar /home/niroop/.gradle/caches/modules-2/files-2.1/cz.msebera.android/httpclient/4.4.1.1/c8d96f6fd2bcc179c312da33ee670a71188cc60d/httpclient-4.4.1.1.jar /home/niroop/.android/build-cache/66327af80aa184671fc17553104e2db35ef7a9b3/output/jars/classes.jar /home/niroop/.android/build-cache/b257c5c0db47bbccb6143d3aada52dde313d9b0e/output/jars/classes.jar /home/niroop/.android/build-cache/3bccaacd42e5be60ac7fed01bcd491f7523ce2f1/output/jars/classes.jar /home/niroop/.android/build-cache/64700c7b9fdf25534d3d17e45870aa364dcf0d2b/output/jars/classes.jar /home/niroop/.
java_class_path (initial): /home/niroop/Android/Sdk/build-tools/26.0.0/lib/dx.jar
Launcher Type: SUN_STANDARD

Environment Variables:
PATH=/usr/local/sbin:/usr/local/bin:/usr/sbin:/usr/bin:/sbin:/bin:/usr/games:/usr/local/games:/snap/bin:/usr/lib/dart/bin
USERNAME=niroop
SHELL=/bin/bash
DISPLAY=:0

Signal Handlers:
SIGSEGV: [libjvm.so+0xa09650], sa_mask[0]=11111111011111111101111111111110, sa_flags=SA_RESTART|SA_SIGINFO
SIGBUS: [libjvm.so+0xa09650], sa_mask[0]=11111111011111111101111111111110, sa_flags=SA_RESTART|SA_SIGINFO
SIGFPE: [libjvm.so+0x86bc60], sa_mask[0]=11111111011111111101111111111110, sa_flags=SA_RESTART|SA_SIGINFO
SIGPIPE: [libjvm.so+0x86bc60], sa_mask[0]=11111111011111111101111111111110, sa_flags=SA_RESTART|SA_SIGINFO
SIGXFSZ: [libjvm.so+0x86bc60], sa_mask[0]=11111111011111111101111111111110, sa_flags=SA_RESTART|SA_SIGINFO
SIGILL: [libjvm.so+0x86bc60], sa_mask[0]=11111111011111111101111111111110, sa_flags=SA_RESTART|SA_SIGINFO
SIGUSR1: SIG_DFL, sa_mask[0]=00000000000000000000000000000000, sa_flags=none
SIGUSR2: [libjvm.so+0x86bb30], sa_mask[0]=00100000000000000000000000000000, sa_flags=SA_RESTART|SA_SIGINFO
SIGHUP: [libjvm.so+0x86bd20], sa_mask[0]=11111111011111111101111111111110, sa_flags=SA_RESTART|SA_SIGINFO
SIGINT: [libjvm.so+0x86bd20], sa_mask[0]=11111111011111111101111111111110, sa_flags=SA_RESTART|SA_SIGINFO
SIGTERM: [libjvm.so+0x86bd20], sa_mask[0]=11111111011111111101111111111110, sa_flags=SA_RESTART|SA_SIGINFO
SIGQUIT: [libjvm.so+0x86bd20], sa_mask[0]=11111111011111111101111111111110, sa_flags=SA_RESTART|SA_SIGINFO


---------------  S Y S T E M  ---------------

OS:DISTRIB_ID=Ubuntu
DISTRIB_RELEASE=18.04
DISTRIB_CODENAME=bionic
DISTRIB_DESCRIPTION="Ubuntu 18.04.3 LTS"

uname:Linux 5.0.0-37-generic #40~18.04.1-Ubuntu SMP Thu Nov 14 12:06:39 UTC 2019 x86_64
libc:glibc 2.27 NPTL 2.27 
rlimit: STACK 8192k, CORE 0k, NPROC 23162, NOFILE 1048576, AS infinity
load average:8.12 5.54 3.37

/proc/meminfo:
MemTotal:        5979864 kB
MemFree:          123068 kB
MemAvailable:      71168 kB
Buffers:           12240 kB
Cached:           149492 kB
SwapCached:         3180 kB
Active:          4765844 kB
Inactive:         735464 kB
Active(anon):    4732232 kB
Inactive(anon):   689032 kB
Active(file):      33612 kB
Inactive(file):    46432 kB
Unevictable:         252 kB
Mlocked:              48 kB
SwapTotal:       2097148 kB
SwapFree:              8 kB
Dirty:                60 kB
Writeback:             0 kB
AnonPages:       5337672 kB
Mapped:            47216 kB
Shmem:             81620 kB
KReclaimable:      77688 kB
Slab:             147460 kB
SReclaimable:      77688 kB
SUnreclaim:        69772 kB
KernelStack:       19056 kB
PageTables:        86096 kB
NFS_Unstable:          0 kB
Bounce:                0 kB
WritebackTmp:          0 kB
CommitLimit:     5087080 kB
Committed_AS:   16216904 kB
VmallocTotal:   34359738367 kB
VmallocUsed:           0 kB
VmallocChunk:          0 kB
Percpu:             2528 kB
HardwareCorrupted:     0 kB
AnonHugePages:         0 kB
ShmemHugePages:        0 kB
ShmemPmdMapped:        0 kB
CmaTotal:              0 kB
CmaFree:               0 kB
HugePages_Total:       0
HugePages_Free:        0
HugePages_Rsvd:        0
HugePages_Surp:        0
Hugepagesize:       2048 kB
Hugetlb:               0 kB
DirectMap4k:      262424 kB
DirectMap2M:     5908480 kB

container (cgroup) information:
container_type: cgroupv1
cpu_cpuset_cpus: 0-3
cpu_memory_nodes: 0
active_processor_count: 4
cpu_quota: -1
cpu_period: 100000
cpu_shares: -1
memory_limit_in_bytes: -1
memory_and_swap_limit_in_bytes: -2
memory_soft_limit_in_bytes: -1
memory_usage_in_bytes: 5633417216
memory_max_usage_in_bytes: 50053120


CPU:total 4 (initial active 4) (2 cores per cpu, 2 threads per core) family 6 model 58 stepping 9, cmov, cx8, fxsr, mmx, sse, sse2, sse3, ssse3, sse4.1, sse4.2, popcnt, avx, aes, clmul, erms, ht, tsc, tscinvbit, tscinv

/proc/cpuinfo:
processor	: 0
vendor_id	: GenuineIntel
cpu family	: 6
model		: 58
model name	: Intel(R) Core(TM) i5-3337U CPU @ 1.80GHz
stepping	: 9
microcode	: 0x21
cpu MHz		: 2603.869
cache size	: 3072 KB
physical id	: 0
siblings	: 4
core id		: 0
cpu cores	: 2
apicid		: 0
initial apicid	: 0
fpu		: yes
fpu_exception	: yes
cpuid level	: 13
wp		: yes
flags		: fpu vme de pse tsc msr pae mce cx8 apic sep mtrr pge mca cmov pat pse36 clflush dts acpi mmx fxsr sse sse2 ss ht tm pbe syscall nx rdtscp lm constant_tsc arch_perfmon pebs bts rep_good nopl xtopology nonstop_tsc cpuid aperfmperf pni pclmulqdq dtes64 monitor ds_cpl vmx est tm2 ssse3 cx16 xtpr pdcm pcid sse4_1 sse4_2 x2apic popcnt tsc_deadline_timer aes xsave avx f16c rdrand lahf_lm cpuid_fault epb pti ssbd ibrs ibpb stibp tpr_shadow vnmi flexpriority ept vpid fsgsbase smep erms xsaveopt dtherm ida arat pln pts md_clear flush_l1d
bugs		: cpu_meltdown spectre_v1 spectre_v2 spec_store_bypass l1tf mds swapgs itlb_multihit
bogomips	: 3591.77
clflush size	: 64
cache_alignment	: 64
address sizes	: 36 bits physical, 48 bits virtual
power management:

processor	: 1
vendor_id	: GenuineIntel
cpu family	: 6
model		: 58
model name	: Intel(R) Core(TM) i5-3337U CPU @ 1.80GHz
stepping	: 9
microcode	: 0x21
cpu MHz		: 2600.590
cache size	: 3072 KB
physical id	: 0
siblings	: 4
core id		: 0
cpu cores	: 2
apicid		: 1
initial apicid	: 1
fpu		: yes
fpu_exception	: yes
cpuid level	: 13
wp		: yes
flags		: fpu vme de pse tsc msr pae mce cx8 apic sep mtrr pge mca cmov pat pse36 clflush dts acpi mmx fxsr sse sse2 ss ht tm pbe syscall nx rdtscp lm constant_tsc arch_perfmon pebs bts rep_good nopl xtopology nonstop_tsc cpuid aperfmperf pni pclmulqdq dtes64 monitor ds_cpl vmx est tm2 ssse3 cx16 xtpr pdcm pcid sse4_1 sse4_2 x2apic popcnt tsc_deadline_timer aes xsave avx f16c rdrand lahf_lm cpuid_fault epb pti ssbd ibrs ibpb stibp tpr_shadow vnmi flexpriority ept vpid fsgsbase smep erms xsaveopt dtherm ida arat pln pts md_clear flush_l1d
bugs		: cpu_meltdown spectre_v1 spectre_v2 spec_store_bypass l1tf mds swapgs itlb_multihit
bogomips	: 3591.77
clflush size	: 64
cache_alignment	: 64
address sizes	: 36 bits physical, 48 bits virtual
power management:

processor	: 2
vendor_id	: GenuineIntel
cpu family	: 6
model		: 58
model name	: Intel(R) Core(TM) i5-3337U CPU @ 1.80GHz
stepping	: 9
microcode	: 0x21
cpu MHz		: 2485.368
cache size	: 3072 KB
physical id	: 0
siblings	: 4
core id		: 1
cpu cores	: 2
apicid		: 2
initial apicid	: 2
fpu		: yes
fpu_exception	: yes
cpuid level	: 13
wp		: yes
flags		: fpu vme de pse tsc msr pae mce cx8 apic sep mtrr pge mca cmov pat pse36 clflush dts acpi mmx fxsr sse sse2 ss ht tm pbe syscall nx rdtscp lm constant_tsc arch_perfmon pebs bts rep_good nopl xtopology nonstop_tsc cpuid aperfmperf pni pclmulqdq dtes64 monitor ds_cpl vmx est tm2 ssse3 cx16 xtpr pdcm pcid sse4_1 sse4_2 x2apic popcnt tsc_deadline_timer aes xsave avx f16c rdrand lahf_lm cpuid_fault epb pti ssbd ibrs ibpb stibp tpr_shadow vnmi flexpriority ept vpid fsgsbase smep erms xsaveopt dtherm ida arat pln pts md_clear flush_l1d
bugs		: cpu_meltdown spectre_v1 spectre_v2 spec_store_bypass l1tf mds swapgs itlb_multihit
bogomips	: 3591.77
clflush size	: 64
cache_alignment	: 64
address sizes	: 36 bits physical, 48 bits virtual
power management:

processor	: 3
vendor_id	: GenuineIntel
cpu family	: 6
model		: 58
model name	: Intel(R) Core(TM) i5-3337U CPU @ 1.80GHz
stepping	: 9
microcode	: 0x21
cpu MHz		: 2235.860
cache size	: 3072 KB
physical id	: 0
siblings	: 4
core id		: 1
cpu cores	: 2
apicid		: 3
initial apicid	: 3
fpu		: yes
fpu_exception	: yes
cpuid level	: 13
wp		: yes
flags		: fpu vme de pse tsc msr pae mce cx8 apic sep mtrr pge mca cmov pat pse36 clflush dts acpi mmx fxsr sse sse2 ss ht tm pbe syscall nx rdtscp lm constant_tsc arch_perfmon pebs bts rep_good nopl xtopology nonstop_tsc cpuid aperfmperf pni pclmulqdq dtes64 monitor ds_cpl vmx est tm2 ssse3 cx16 xtpr pdcm pcid sse4_1 sse4_2 x2apic popcnt tsc_deadline_timer aes xsave avx f16c rdrand lahf_lm cpuid_fault epb pti ssbd ibrs ibpb stibp tpr_shadow vnmi flexpriority ept vpid fsgsbase smep erms xsaveopt dtherm ida arat pln pts md_clear flush_l1d
bugs		: cpu_meltdown spectre_v1 spectre_v2 spec_store_bypass l1tf mds swapgs itlb_multihit
bogomips	: 3591.77
clflush size	: 64
cache_alignment	: 64
address sizes	: 36 bits physical, 48 bits virtual
power management:



Memory: 4k page, physical 5979864k(131132k free), swap 2097148k(0k free)

vm_info: OpenJDK 64-Bit Server VM (25.202-b49-5587405) for linux-amd64 JRE (1.8.0_202-release-1483-b49-5587405), built by "android-build" with gcc 4.8

time: Fri Mar 13 17:39:35 2020
timezone: IST
elapsed time: 41 seconds (0d 0h 0m 41s)

